Not searching for unused variables given on the command line.
-- The C compiler identification is GNU 9.4.0
-- The CXX compiler identification is GNU 9.4.0
-- Check for working C compiler: /usr/bin/arm-linux-gnueabihf-gcc
-- Check for working C compiler: /usr/bin/arm-linux-gnueabihf-gcc -- works
-- Detecting C compiler ABI info
-- Detecting C compiler ABI info - done
-- Detecting C compile features
-- Detecting C compile features - done
-- Check for working CXX compiler: /usr/bin/arm-linux-gnueabihf-g++
-- Check for working CXX compiler: /usr/bin/arm-linux-gnueabihf-g++ -- works
-- Detecting CXX compiler ABI info
-- Detecting CXX compiler ABI info - done
-- Detecting CXX compile features
-- Detecting CXX compile features - done
-- Found ament_cmake_ros: 0.9.2 (/home/ubuntu/ROS2/microros_ws/firmware/dev_ws/install/ament_cmake_ros/share/ament_cmake_ros/cmake)
-- Found PythonInterp: /usr/bin/python3 (found suitable version "3.8.10", minimum required is "3") 
-- Using PYTHON_EXECUTABLE: /usr/bin/python3
-- Found lifecycle_msgs: 1.0.0 (/home/ubuntu/ROS2/microros_ws/firmware/mcu_ws/install/share/lifecycle_msgs/cmake)
-- Using single rosidl_typesupport_c: rosidl_typesupport_microxrcedds_c
-- Found rosidl_adapter: 1.3.1 (/home/ubuntu/ROS2/microros_ws/firmware/mcu_ws/install/share/rosidl_adapter/cmake)
-- Found rcl: 1.1.14 (/home/ubuntu/ROS2/microros_ws/firmware/mcu_ws/install/share/rcl/cmake)
-- Found rmw_implementation_cmake: 1.0.4 (/home/ubuntu/ROS2/microros_ws/firmware/mcu_ws/install/share/rmw_implementation_cmake/cmake)
-- Using RMW implementation 'rmw_microxrcedds'
-- Found rmw_microxrcedds: 1.1.0 (/home/ubuntu/ROS2/microros_ws/firmware/mcu_ws/install/share/rmw_microxrcedds/cmake)
-- Looking for pthread.h
-- Looking for pthread.h - found
-- Performing Test CMAKE_HAVE_LIBC_PTHREAD
-- Performing Test CMAKE_HAVE_LIBC_PTHREAD - Success
-- Found Threads: TRUE  
-- Configuring done
-- Generating done
-- Build files have been written to: /home/ubuntu/ROS2/microros_ws/firmware/mcu_ws/build/rcl_lifecycle
/usr/bin/cmake -S/home/ubuntu/ROS2/microros_ws/firmware/mcu_ws/uros/rcl/rcl_lifecycle -B/home/ubuntu/ROS2/microros_ws/firmware/mcu_ws/build/rcl_lifecycle --check-build-system CMakeFiles/Makefile.cmake 0
/usr/bin/cmake -E cmake_progress_start /home/ubuntu/ROS2/microros_ws/firmware/mcu_ws/build/rcl_lifecycle/CMakeFiles /home/ubuntu/ROS2/microros_ws/firmware/mcu_ws/build/rcl_lifecycle/CMakeFiles/progress.marks
/usr/bin/make -f CMakeFiles/Makefile2 all
make[1]: Entering directory '/home/ubuntu/ROS2/microros_ws/firmware/mcu_ws/build/rcl_lifecycle'
/usr/bin/make -f CMakeFiles/rcl_lifecycle.dir/build.make CMakeFiles/rcl_lifecycle.dir/depend
make[2]: Entering directory '/home/ubuntu/ROS2/microros_ws/firmware/mcu_ws/build/rcl_lifecycle'
cd /home/ubuntu/ROS2/microros_ws/firmware/mcu_ws/build/rcl_lifecycle && /usr/bin/cmake -E cmake_depends "Unix Makefiles" /home/ubuntu/ROS2/microros_ws/firmware/mcu_ws/uros/rcl/rcl_lifecycle /home/ubuntu/ROS2/microros_ws/firmware/mcu_ws/uros/rcl/rcl_lifecycle /home/ubuntu/ROS2/microros_ws/firmware/mcu_ws/build/rcl_lifecycle /home/ubuntu/ROS2/microros_ws/firmware/mcu_ws/build/rcl_lifecycle /home/ubuntu/ROS2/microros_ws/firmware/mcu_ws/build/rcl_lifecycle/CMakeFiles/rcl_lifecycle.dir/DependInfo.cmake --color=
Dependee "/home/ubuntu/ROS2/microros_ws/firmware/mcu_ws/build/rcl_lifecycle/CMakeFiles/rcl_lifecycle.dir/DependInfo.cmake" is newer than depender "/home/ubuntu/ROS2/microros_ws/firmware/mcu_ws/build/rcl_lifecycle/CMakeFiles/rcl_lifecycle.dir/depend.internal".
Dependee "/home/ubuntu/ROS2/microros_ws/firmware/mcu_ws/build/rcl_lifecycle/CMakeFiles/CMakeDirectoryInformation.cmake" is newer than depender "/home/ubuntu/ROS2/microros_ws/firmware/mcu_ws/build/rcl_lifecycle/CMakeFiles/rcl_lifecycle.dir/depend.internal".
[35m[1mScanning dependencies of target rcl_lifecycle[0m
make[2]: Leaving directory '/home/ubuntu/ROS2/microros_ws/firmware/mcu_ws/build/rcl_lifecycle'
/usr/bin/make -f CMakeFiles/rcl_lifecycle.dir/build.make CMakeFiles/rcl_lifecycle.dir/build
make[2]: Entering directory '/home/ubuntu/ROS2/microros_ws/firmware/mcu_ws/build/rcl_lifecycle'
[ 20%] [32mBuilding C object CMakeFiles/rcl_lifecycle.dir/src/com_interface.c.o[0m
/usr/bin/arm-linux-gnueabihf-gcc -DRCL_LIFECYCLE_BUILDING_DLL -DROS_PACKAGE_NAME=\"rcl_lifecycle\" -I/home/ubuntu/ROS2/microros_ws/firmware/mcu_ws/uros/rcl/rcl_lifecycle/include -isystem /home/ubuntu/ROS2/microros_ws/firmware/mcu_ws/install/include -isystem /home/ubuntu/ROS2/microros_ws/firmware/mcu_ws/install/share/tinydir_vendor/cmake/../../../include  -march=armv8-a -mfpu=neon-fp-armv8 -mfloat-abi=hard -O3 -DNDEBUG   -fvisibility=hidden -Wall -Wextra -Wpedantic -std=gnu11 -o CMakeFiles/rcl_lifecycle.dir/src/com_interface.c.o   -c /home/ubuntu/ROS2/microros_ws/firmware/mcu_ws/uros/rcl/rcl_lifecycle/src/com_interface.c
[ 40%] [32mBuilding C object CMakeFiles/rcl_lifecycle.dir/src/transition_map.c.o[0m
/usr/bin/arm-linux-gnueabihf-gcc -DRCL_LIFECYCLE_BUILDING_DLL -DROS_PACKAGE_NAME=\"rcl_lifecycle\" -I/home/ubuntu/ROS2/microros_ws/firmware/mcu_ws/uros/rcl/rcl_lifecycle/include -isystem /home/ubuntu/ROS2/microros_ws/firmware/mcu_ws/install/include -isystem /home/ubuntu/ROS2/microros_ws/firmware/mcu_ws/install/share/tinydir_vendor/cmake/../../../include  -march=armv8-a -mfpu=neon-fp-armv8 -mfloat-abi=hard -O3 -DNDEBUG   -fvisibility=hidden -Wall -Wextra -Wpedantic -std=gnu11 -o CMakeFiles/rcl_lifecycle.dir/src/transition_map.c.o   -c /home/ubuntu/ROS2/microros_ws/firmware/mcu_ws/uros/rcl/rcl_lifecycle/src/transition_map.c
[ 60%] [32mBuilding C object CMakeFiles/rcl_lifecycle.dir/src/rcl_lifecycle.c.o[0m
/usr/bin/arm-linux-gnueabihf-gcc -DRCL_LIFECYCLE_BUILDING_DLL -DROS_PACKAGE_NAME=\"rcl_lifecycle\" -I/home/ubuntu/ROS2/microros_ws/firmware/mcu_ws/uros/rcl/rcl_lifecycle/include -isystem /home/ubuntu/ROS2/microros_ws/firmware/mcu_ws/install/include -isystem /home/ubuntu/ROS2/microros_ws/firmware/mcu_ws/install/share/tinydir_vendor/cmake/../../../include  -march=armv8-a -mfpu=neon-fp-armv8 -mfloat-abi=hard -O3 -DNDEBUG   -fvisibility=hidden -Wall -Wextra -Wpedantic -std=gnu11 -o CMakeFiles/rcl_lifecycle.dir/src/rcl_lifecycle.c.o   -c /home/ubuntu/ROS2/microros_ws/firmware/mcu_ws/uros/rcl/rcl_lifecycle/src/rcl_lifecycle.c
[01m[K/home/ubuntu/ROS2/microros_ws/firmware/mcu_ws/uros/rcl/rcl_lifecycle/src/rcl_lifecycle.c:[m[K In function ‘[01m[Krcl_lifecycle_state_machine_fini[m[K’:
[01m[K/home/ubuntu/ROS2/microros_ws/firmware/mcu_ws/uros/rcl/rcl_lifecycle/src/rcl_lifecycle.c:262:24:[m[K [01;35m[Kwarning: [m[Kunused variable ‘[01m[Kerror_string[m[K’ [[01;35m[K-Wunused-variable[m[K]
  262 |     rcl_error_string_t [01;35m[Kerror_string[m[K = rcl_get_error_string();
      |                        [01;35m[K^~~~~~~~~~~~[m[K
[01m[K/home/ubuntu/ROS2/microros_ws/firmware/mcu_ws/uros/rcl/rcl_lifecycle/src/rcl_lifecycle.c:272:24:[m[K [01;35m[Kwarning: [m[Kunused variable ‘[01m[Kerror_string[m[K’ [[01;35m[K-Wunused-variable[m[K]
  272 |     rcl_error_string_t [01;35m[Kerror_string[m[K = rcl_get_error_string();
      |                        [01;35m[K^~~~~~~~~~~~[m[K
[01m[K/home/ubuntu/ROS2/microros_ws/firmware/mcu_ws/uros/rcl/rcl_lifecycle/src/rcl_lifecycle.c:[m[K In function ‘[01m[K_trigger_transition[m[K’:
[01m[K/home/ubuntu/ROS2/microros_ws/firmware/mcu_ws/uros/rcl/rcl_lifecycle/src/rcl_lifecycle.c:365:26:[m[K [01;35m[Kwarning: [m[Kunused variable ‘[01m[Kerror_string[m[K’ [[01;35m[K-Wunused-variable[m[K]
  365 |       rcl_error_string_t [01;35m[Kerror_string[m[K = rcl_get_error_string();
      |                          [01;35m[K^~~~~~~~~~~~[m[K
[ 80%] [32mBuilding C object CMakeFiles/rcl_lifecycle.dir/src/default_state_machine.c.o[0m
/usr/bin/arm-linux-gnueabihf-gcc -DRCL_LIFECYCLE_BUILDING_DLL -DROS_PACKAGE_NAME=\"rcl_lifecycle\" -I/home/ubuntu/ROS2/microros_ws/firmware/mcu_ws/uros/rcl/rcl_lifecycle/include -isystem /home/ubuntu/ROS2/microros_ws/firmware/mcu_ws/install/include -isystem /home/ubuntu/ROS2/microros_ws/firmware/mcu_ws/install/share/tinydir_vendor/cmake/../../../include  -march=armv8-a -mfpu=neon-fp-armv8 -mfloat-abi=hard -O3 -DNDEBUG   -fvisibility=hidden -Wall -Wextra -Wpedantic -std=gnu11 -o CMakeFiles/rcl_lifecycle.dir/src/default_state_machine.c.o   -c /home/ubuntu/ROS2/microros_ws/firmware/mcu_ws/uros/rcl/rcl_lifecycle/src/default_state_machine.c
[100%] [32m[1mLinking CXX static library librcl_lifecycle.a[0m
/usr/bin/cmake -P CMakeFiles/rcl_lifecycle.dir/cmake_clean_target.cmake
/usr/bin/cmake -E cmake_link_script CMakeFiles/rcl_lifecycle.dir/link.txt --verbose=1
/usr/bin/arm-linux-gnueabihf-ar qc librcl_lifecycle.a  CMakeFiles/rcl_lifecycle.dir/src/com_interface.c.o CMakeFiles/rcl_lifecycle.dir/src/default_state_machine.c.o CMakeFiles/rcl_lifecycle.dir/src/rcl_lifecycle.c.o CMakeFiles/rcl_lifecycle.dir/src/transition_map.c.o
/usr/bin/arm-linux-gnueabihf-ranlib librcl_lifecycle.a
make[2]: Leaving directory '/home/ubuntu/ROS2/microros_ws/firmware/mcu_ws/build/rcl_lifecycle'
[100%] Built target rcl_lifecycle
make[1]: Leaving directory '/home/ubuntu/ROS2/microros_ws/firmware/mcu_ws/build/rcl_lifecycle'
/usr/bin/cmake -E cmake_progress_start /home/ubuntu/ROS2/microros_ws/firmware/mcu_ws/build/rcl_lifecycle/CMakeFiles 0
-- Install configuration: "Release"
-- Installing: /home/ubuntu/ROS2/microros_ws/firmware/mcu_ws/install/lib/librcl_lifecycle.a
-- Installing: /home/ubuntu/ROS2/microros_ws/firmware/mcu_ws/install/share/rcl_lifecycle/environment/library_path.sh
-- Installing: /home/ubuntu/ROS2/microros_ws/firmware/mcu_ws/install/share/rcl_lifecycle/environment/library_path.dsv
-- Installing: /home/ubuntu/ROS2/microros_ws/firmware/mcu_ws/install/share/ament_index/resource_index/package_run_dependencies/rcl_lifecycle
-- Installing: /home/ubuntu/ROS2/microros_ws/firmware/mcu_ws/install/share/ament_index/resource_index/parent_prefix_path/rcl_lifecycle
-- Installing: /home/ubuntu/ROS2/microros_ws/firmware/mcu_ws/install/share/rcl_lifecycle/environment/ament_prefix_path.sh
-- Installing: /home/ubuntu/ROS2/microros_ws/firmware/mcu_ws/install/share/rcl_lifecycle/environment/ament_prefix_path.dsv
-- Installing: /home/ubuntu/ROS2/microros_ws/firmware/mcu_ws/install/share/rcl_lifecycle/environment/path.sh
-- Installing: /home/ubuntu/ROS2/microros_ws/firmware/mcu_ws/install/share/rcl_lifecycle/environment/path.dsv
-- Installing: /home/ubuntu/ROS2/microros_ws/firmware/mcu_ws/install/share/rcl_lifecycle/local_setup.bash
-- Installing: /home/ubuntu/ROS2/microros_ws/firmware/mcu_ws/install/share/rcl_lifecycle/local_setup.sh
-- Installing: /home/ubuntu/ROS2/microros_ws/firmware/mcu_ws/install/share/rcl_lifecycle/local_setup.zsh
-- Installing: /home/ubuntu/ROS2/microros_ws/firmware/mcu_ws/install/share/rcl_lifecycle/local_setup.dsv
-- Installing: /home/ubuntu/ROS2/microros_ws/firmware/mcu_ws/install/share/rcl_lifecycle/package.dsv
-- Installing: /home/ubuntu/ROS2/microros_ws/firmware/mcu_ws/install/share/ament_index/resource_index/packages/rcl_lifecycle
-- Installing: /home/ubuntu/ROS2/microros_ws/firmware/mcu_ws/install/share/rcl_lifecycle/cmake/rcl_lifecycleExport.cmake
-- Installing: /home/ubuntu/ROS2/microros_ws/firmware/mcu_ws/install/share/rcl_lifecycle/cmake/rcl_lifecycleExport-release.cmake
-- Installing: /home/ubuntu/ROS2/microros_ws/firmware/mcu_ws/install/share/rcl_lifecycle/cmake/ament_cmake_export_include_directories-extras.cmake
-- Installing: /home/ubuntu/ROS2/microros_ws/firmware/mcu_ws/install/share/rcl_lifecycle/cmake/ament_cmake_export_libraries-extras.cmake
-- Installing: /home/ubuntu/ROS2/microros_ws/firmware/mcu_ws/install/share/rcl_lifecycle/cmake/ament_cmake_export_targets-extras.cmake
-- Installing: /home/ubuntu/ROS2/microros_ws/firmware/mcu_ws/install/share/rcl_lifecycle/cmake/ament_cmake_export_dependencies-extras.cmake
-- Installing: /home/ubuntu/ROS2/microros_ws/firmware/mcu_ws/install/share/rcl_lifecycle/cmake/rcl_lifecycleConfig.cmake
-- Installing: /home/ubuntu/ROS2/microros_ws/firmware/mcu_ws/install/share/rcl_lifecycle/cmake/rcl_lifecycleConfig-version.cmake
-- Installing: /home/ubuntu/ROS2/microros_ws/firmware/mcu_ws/install/share/rcl_lifecycle/package.xml
-- Up-to-date: /home/ubuntu/ROS2/microros_ws/firmware/mcu_ws/install/include
-- Installing: /home/ubuntu/ROS2/microros_ws/firmware/mcu_ws/install/include/rcl_lifecycle
-- Installing: /home/ubuntu/ROS2/microros_ws/firmware/mcu_ws/install/include/rcl_lifecycle/visibility_control.h
-- Installing: /home/ubuntu/ROS2/microros_ws/firmware/mcu_ws/install/include/rcl_lifecycle/transition_map.h
-- Installing: /home/ubuntu/ROS2/microros_ws/firmware/mcu_ws/install/include/rcl_lifecycle/default_state_machine.h
-- Installing: /home/ubuntu/ROS2/microros_ws/firmware/mcu_ws/install/include/rcl_lifecycle/data_types.h
-- Installing: /home/ubuntu/ROS2/microros_ws/firmware/mcu_ws/install/include/rcl_lifecycle/rcl_lifecycle.h
