[0.204s] Invoking command in '/home/ubuntu/ROS2/microros_ws/build/unique_identifier_msgs': CMAKE_PREFIX_PATH=${CMAKE_PREFIX_PATH}:/opt/ros/foxy /usr/bin/cmake /home/ubuntu/ROS2/microros_ws/src/ros2/unique_identifier_msgs -DBUILD_TESTING=OFF -DBUILD_SHARED_LIBS=ON -DCMAKE_INSTALL_PREFIX=/home/ubuntu/ROS2/microros_ws/install/unique_identifier_msgs
[0.707s] -- The C compiler identification is GNU 9.4.0
[1.186s] -- The CXX compiler identification is GNU 9.4.0
[1.214s] -- Check for working C compiler: /usr/bin/cc
[1.933s] -- Check for working C compiler: /usr/bin/cc -- works
[1.937s] -- Detecting C compiler ABI info
[2.495s] -- Detecting C compiler ABI info - done
[2.545s] -- Detecting C compile features
[2.546s] -- Detecting C compile features - done
[2.556s] -- Check for working CXX compiler: /usr/bin/c++
[3.202s] -- Check for working CXX compiler: /usr/bin/c++ -- works
[3.212s] -- Detecting CXX compiler ABI info
[3.947s] -- Detecting CXX compiler ABI info - done
[4.001s] -- Detecting CXX compile features
[4.006s] -- Detecting CXX compile features - done
[4.049s] -- Found ament_cmake: 0.9.12 (/opt/ros/foxy/share/ament_cmake/cmake)
[4.365s] -- Found PythonInterp: /usr/bin/python3 (found suitable version "3.8.10", minimum required is "3") 
[4.367s] -- Using PYTHON_EXECUTABLE: /usr/bin/python3
[6.185s] -- Found rosidl_default_generators: 1.0.1 (/opt/ros/foxy/share/rosidl_default_generators/cmake)
[6.226s] -- Using all available rosidl_typesupport_c: rosidl_typesupport_microxrcedds_c;rosidl_typesupport_fastrtps_c;rosidl_typesupport_introspection_c
[6.319s] -- Found rosidl_adapter: 1.3.1 (/opt/ros/foxy/share/rosidl_adapter/cmake)
[8.008s] -- Found OpenSSL: /usr/lib/aarch64-linux-gnu/libcrypto.so (found version "1.1.1f")  
[8.508s] -- Found FastRTPS: /opt/ros/foxy/include  
[9.518s] -- Using all available rosidl_typesupport_cpp: rosidl_typesupport_microxrcedds_cpp;rosidl_typesupport_fastrtps_cpp;rosidl_typesupport_introspection_cpp
[10.715s] -- Found PythonInterp: /usr/bin/python3 (found version "3.8.10") 
[12.787s] -- Found ament_cmake_ros: 0.9.2 (/opt/ros/foxy/share/ament_cmake_ros/cmake)
[16.230s] -- Using all available rosidl_typesupport_c: rosidl_typesupport_microxrcedds_c;rosidl_typesupport_fastrtps_c;rosidl_typesupport_introspection_c
[16.508s] -- Using all available rosidl_typesupport_cpp: rosidl_typesupport_microxrcedds_cpp;rosidl_typesupport_fastrtps_cpp;rosidl_typesupport_introspection_cpp
[17.040s] -- Found PythonInterp: /usr/bin/python3 (found suitable version "3.8.10", minimum required is "3.5") 
[17.127s] -- Found python_cmake_module: 0.8.1 (/opt/ros/foxy/share/python_cmake_module/cmake)
[17.852s] -- Found PythonLibs: /usr/lib/aarch64-linux-gnu/libpython3.8.so (found suitable version "3.8.10", minimum required is "3.5") 
[17.854s] -- Using PYTHON_EXECUTABLE: /usr/bin/python3
[17.855s] -- Using PYTHON_INCLUDE_DIRS: /usr/include/python3.8
[17.856s] -- Using PYTHON_LIBRARIES: /usr/lib/aarch64-linux-gnu/libpython3.8.so
[18.396s] -- Found PythonExtra: .so  
[19.428s] -- Configuring done
[20.137s] -- Generating done
[20.226s] -- Build files have been written to: /home/ubuntu/ROS2/microros_ws/build/unique_identifier_msgs
[20.317s] Invoked command in '/home/ubuntu/ROS2/microros_ws/build/unique_identifier_msgs' returned '0': CMAKE_PREFIX_PATH=${CMAKE_PREFIX_PATH}:/opt/ros/foxy /usr/bin/cmake /home/ubuntu/ROS2/microros_ws/src/ros2/unique_identifier_msgs -DBUILD_TESTING=OFF -DBUILD_SHARED_LIBS=ON -DCMAKE_INSTALL_PREFIX=/home/ubuntu/ROS2/microros_ws/install/unique_identifier_msgs
[20.319s] Invoking command in '/home/ubuntu/ROS2/microros_ws/build/unique_identifier_msgs': CMAKE_PREFIX_PATH=${CMAKE_PREFIX_PATH}:/opt/ros/foxy /usr/bin/cmake --build /home/ubuntu/ROS2/microros_ws/build/unique_identifier_msgs -- -j4 -l4
[21.354s] [35m[1mScanning dependencies of target unique_identifier_msgs__cpp[0m
[21.602s] [  2%] [34m[1mGenerating C++ code for ROS interfaces[0m
[24.586s] [  2%] Built target unique_identifier_msgs__cpp
[24.704s] [  5%] [34m[1mGenerating C code for ROS interfaces[0m
[26.489s] [35m[1mScanning dependencies of target unique_identifier_msgs__rosidl_generator_c[0m
[26.698s] [  7%] [32mBuilding C object CMakeFiles/unique_identifier_msgs__rosidl_generator_c.dir/rosidl_generator_c/unique_identifier_msgs/msg/detail/uuid__functions.c.o[0m
[27.264s] [ 10%] [32m[1mLinking C shared library libunique_identifier_msgs__rosidl_generator_c.so[0m
[27.653s] [ 10%] Built target unique_identifier_msgs__rosidl_generator_c
[27.814s] [ 12%] [34m[1mGenerating C++ type support for eProsima Fast-RTPS[0m
[29.771s] [35m[1mScanning dependencies of target unique_identifier_msgs__rosidl_typesupport_fastrtps_cpp[0m
[29.886s] [ 15%] [32mBuilding CXX object CMakeFiles/unique_identifier_msgs__rosidl_typesupport_fastrtps_cpp.dir/rosidl_typesupport_fastrtps_cpp/unique_identifier_msgs/msg/detail/dds_fastrtps/uuid__type_support.cpp.o[0m
[33.658s] [ 17%] [32m[1mLinking CXX shared library libunique_identifier_msgs__rosidl_typesupport_fastrtps_cpp.so[0m
[34.546s] [ 17%] Built target unique_identifier_msgs__rosidl_typesupport_fastrtps_cpp
[34.700s] [ 20%] [34m[1mGenerating C++ type support for eProsima Micro XRCE-DDS[0m
[36.581s] [35m[1mScanning dependencies of target unique_identifier_msgs__rosidl_typesupport_microxrcedds_cpp[0m
[36.731s] [ 23%] [32mBuilding CXX object CMakeFiles/unique_identifier_msgs__rosidl_typesupport_microxrcedds_cpp.dir/rosidl_typesupport_microxrcedds_cpp/unique_identifier_msgs/msg/detail/microxrcedds/uuid__type_support_cpp.cpp.o[0m
[39.669s] [ 25%] [32m[1mLinking CXX shared library libunique_identifier_msgs__rosidl_typesupport_microxrcedds_cpp.so[0m
[40.152s] [ 25%] Built target unique_identifier_msgs__rosidl_typesupport_microxrcedds_cpp
[40.278s] [ 28%] [34m[1mGenerating C type support dispatch for ROS interfaces[0m
[41.776s] [35m[1mScanning dependencies of target unique_identifier_msgs__rosidl_typesupport_c[0m
[41.881s] [ 30%] [32mBuilding CXX object CMakeFiles/unique_identifier_msgs__rosidl_typesupport_c.dir/rosidl_typesupport_c/unique_identifier_msgs/msg/uuid__type_support.cpp.o[0m
[42.154s] [ 33%] [32m[1mLinking CXX shared library libunique_identifier_msgs__rosidl_typesupport_c.so[0m
[42.467s] [ 33%] Built target unique_identifier_msgs__rosidl_typesupport_c
[42.596s] [ 35%] [34m[1mGenerating C type support for eProsima Micro XRCE-DDS[0m
[44.493s] [35m[1mScanning dependencies of target unique_identifier_msgs__rosidl_typesupport_microxrcedds_c[0m
[44.720s] [ 38%] [32mBuilding C object CMakeFiles/unique_identifier_msgs__rosidl_typesupport_microxrcedds_c.dir/rosidl_typesupport_microxrcedds_c/unique_identifier_msgs/msg/detail/microxrcedds/uuid__type_support_c.c.o[0m
[45.258s] [ 41%] [32m[1mLinking C shared library libunique_identifier_msgs__rosidl_typesupport_microxrcedds_c.so[0m
[45.626s] [ 41%] Built target unique_identifier_msgs__rosidl_typesupport_microxrcedds_c
[45.752s] [ 43%] [34m[1mGenerating C introspection for ROS interfaces[0m
[47.526s] [35m[1mScanning dependencies of target unique_identifier_msgs__rosidl_typesupport_introspection_c[0m
[47.736s] [ 46%] [32mBuilding C object CMakeFiles/unique_identifier_msgs__rosidl_typesupport_introspection_c.dir/rosidl_typesupport_introspection_c/unique_identifier_msgs/msg/detail/uuid__type_support.c.o[0m
[48.058s] [ 48%] [32m[1mLinking C shared library libunique_identifier_msgs__rosidl_typesupport_introspection_c.so[0m
[48.378s] [ 48%] Built target unique_identifier_msgs__rosidl_typesupport_introspection_c
[48.474s] [ 51%] [34m[1mGenerating C type support for eProsima Fast-RTPS[0m
[50.531s] [35m[1mScanning dependencies of target unique_identifier_msgs__rosidl_typesupport_fastrtps_c[0m
[50.743s] [ 53%] [32mBuilding CXX object CMakeFiles/unique_identifier_msgs__rosidl_typesupport_fastrtps_c.dir/rosidl_typesupport_fastrtps_c/unique_identifier_msgs/msg/detail/uuid__type_support_c.cpp.o[0m
[55.274s] [ 56%] [32m[1mLinking CXX shared library libunique_identifier_msgs__rosidl_typesupport_fastrtps_c.so[0m
[56.261s] [ 56%] Built target unique_identifier_msgs__rosidl_typesupport_fastrtps_c
[56.425s] [ 58%] [34m[1mGenerating C++ introspection for ROS interfaces[0m
[58.571s] [35m[1mScanning dependencies of target unique_identifier_msgs__rosidl_typesupport_introspection_cpp[0m
[58.745s] [ 61%] [32mBuilding CXX object CMakeFiles/unique_identifier_msgs__rosidl_typesupport_introspection_cpp.dir/rosidl_typesupport_introspection_cpp/unique_identifier_msgs/msg/detail/uuid__type_support.cpp.o[0m
[61.121s] [ 64%] [32m[1mLinking CXX shared library libunique_identifier_msgs__rosidl_typesupport_introspection_cpp.so[0m
[61.794s] [ 64%] Built target unique_identifier_msgs__rosidl_typesupport_introspection_cpp
[61.926s] [ 66%] [34m[1mGenerating C++ type support dispatch for ROS interfaces[0m
[63.545s] [35m[1mScanning dependencies of target unique_identifier_msgs__rosidl_typesupport_cpp[0m
[63.706s] [ 69%] [32mBuilding CXX object CMakeFiles/unique_identifier_msgs__rosidl_typesupport_cpp.dir/rosidl_typesupport_cpp/unique_identifier_msgs/msg/uuid__type_support.cpp.o[0m
[66.702s] [ 71%] [32m[1mLinking CXX shared library libunique_identifier_msgs__rosidl_typesupport_cpp.so[0m
[67.312s] [ 71%] Built target unique_identifier_msgs__rosidl_typesupport_cpp
[67.504s] [35m[1mScanning dependencies of target unique_identifier_msgs[0m
[67.685s] [ 71%] Built target unique_identifier_msgs
[67.893s] [35m[1mScanning dependencies of target unique_identifier_msgs__py[0m
[68.014s] [ 74%] [34m[1mGenerating Python code for ROS interfaces[0m
[71.878s] [ 74%] Built target unique_identifier_msgs__py
[72.012s] [35m[1mScanning dependencies of target unique_identifier_msgs__python[0m
[72.278s] [ 76%] [32mBuilding C object CMakeFiles/unique_identifier_msgs__python.dir/rosidl_generator_py/unique_identifier_msgs/msg/_uuid_s.c.o[0m
[73.083s] [ 79%] [32m[1mLinking C shared library rosidl_generator_py/unique_identifier_msgs/libunique_identifier_msgs__python.so[0m
[73.732s] [ 79%] Built target unique_identifier_msgs__python
[73.876s] [35m[1mScanning dependencies of target unique_identifier_msgs__rosidl_typesupport_c__pyext[0m
[74.118s] [ 82%] [32mBuilding C object CMakeFiles/unique_identifier_msgs__rosidl_typesupport_c__pyext.dir/rosidl_generator_py/unique_identifier_msgs/_unique_identifier_msgs_s.ep.rosidl_typesupport_c.c.o[0m
[75.042s] [ 84%] [32m[1mLinking C shared library rosidl_generator_py/unique_identifier_msgs/unique_identifier_msgs_s__rosidl_typesupport_c.cpython-38-aarch64-linux-gnu.so[0m
[75.619s] [ 84%] Built target unique_identifier_msgs__rosidl_typesupport_c__pyext
[75.826s] [35m[1mScanning dependencies of target unique_identifier_msgs__rosidl_typesupport_microxrcedds_c__pyext[0m
[76.127s] [ 87%] [32mBuilding C object CMakeFiles/unique_identifier_msgs__rosidl_typesupport_microxrcedds_c__pyext.dir/rosidl_generator_py/unique_identifier_msgs/_unique_identifier_msgs_s.ep.rosidl_typesupport_microxrcedds_c.c.o[0m
[76.935s] [ 89%] [32m[1mLinking C shared library rosidl_generator_py/unique_identifier_msgs/unique_identifier_msgs_s__rosidl_typesupport_microxrcedds_c.cpython-38-aarch64-linux-gnu.so[0m
[77.402s] [ 89%] Built target unique_identifier_msgs__rosidl_typesupport_microxrcedds_c__pyext
[77.549s] [35m[1mScanning dependencies of target unique_identifier_msgs__rosidl_typesupport_fastrtps_c__pyext[0m
[77.802s] [ 92%] [32mBuilding C object CMakeFiles/unique_identifier_msgs__rosidl_typesupport_fastrtps_c__pyext.dir/rosidl_generator_py/unique_identifier_msgs/_unique_identifier_msgs_s.ep.rosidl_typesupport_fastrtps_c.c.o[0m
[78.688s] [ 94%] [32m[1mLinking CXX shared library rosidl_generator_py/unique_identifier_msgs/unique_identifier_msgs_s__rosidl_typesupport_fastrtps_c.cpython-38-aarch64-linux-gnu.so[0m
[79.487s] [ 94%] Built target unique_identifier_msgs__rosidl_typesupport_fastrtps_c__pyext
[79.750s] [35m[1mScanning dependencies of target unique_identifier_msgs__rosidl_typesupport_introspection_c__pyext[0m
[80.037s] [ 97%] [32mBuilding C object CMakeFiles/unique_identifier_msgs__rosidl_typesupport_introspection_c__pyext.dir/rosidl_generator_py/unique_identifier_msgs/_unique_identifier_msgs_s.ep.rosidl_typesupport_introspection_c.c.o[0m
[80.842s] [100%] [32m[1mLinking C shared library rosidl_generator_py/unique_identifier_msgs/unique_identifier_msgs_s__rosidl_typesupport_introspection_c.cpython-38-aarch64-linux-gnu.so[0m
[81.236s] [100%] Built target unique_identifier_msgs__rosidl_typesupport_introspection_c__pyext
[81.324s] Invoked command in '/home/ubuntu/ROS2/microros_ws/build/unique_identifier_msgs' returned '0': CMAKE_PREFIX_PATH=${CMAKE_PREFIX_PATH}:/opt/ros/foxy /usr/bin/cmake --build /home/ubuntu/ROS2/microros_ws/build/unique_identifier_msgs -- -j4 -l4
[83.215s] Invoking command in '/home/ubuntu/ROS2/microros_ws/build/unique_identifier_msgs': CMAKE_PREFIX_PATH=${CMAKE_PREFIX_PATH}:/opt/ros/foxy /usr/bin/cmake --install /home/ubuntu/ROS2/microros_ws/build/unique_identifier_msgs
[83.348s] -- Install configuration: ""
[83.350s] -- Installing: /home/ubuntu/ROS2/microros_ws/install/unique_identifier_msgs/share/ament_index/resource_index/rosidl_interfaces/unique_identifier_msgs
[83.366s] -- Installing: /home/ubuntu/ROS2/microros_ws/install/unique_identifier_msgs/include/unique_identifier_msgs
[83.367s] -- Installing: /home/ubuntu/ROS2/microros_ws/install/unique_identifier_msgs/include/unique_identifier_msgs/msg
[83.368s] -- Installing: /home/ubuntu/ROS2/microros_ws/install/unique_identifier_msgs/include/unique_identifier_msgs/msg/detail
[83.369s] -- Installing: /home/ubuntu/ROS2/microros_ws/install/unique_identifier_msgs/include/unique_identifier_msgs/msg/detail/uuid__struct.h
[83.370s] -- Installing: /home/ubuntu/ROS2/microros_ws/install/unique_identifier_msgs/include/unique_identifier_msgs/msg/detail/uuid__functions.c
[83.371s] -- Installing: /home/ubuntu/ROS2/microros_ws/install/unique_identifier_msgs/include/unique_identifier_msgs/msg/detail/uuid__functions.h
[83.372s] -- Installing: /home/ubuntu/ROS2/microros_ws/install/unique_identifier_msgs/include/unique_identifier_msgs/msg/detail/uuid__type_support.h
[83.373s] -- Installing: /home/ubuntu/ROS2/microros_ws/install/unique_identifier_msgs/include/unique_identifier_msgs/msg/rosidl_generator_c__visibility_control.h
[83.375s] -- Installing: /home/ubuntu/ROS2/microros_ws/install/unique_identifier_msgs/include/unique_identifier_msgs/msg/uuid.h
[83.376s] -- Installing: /home/ubuntu/ROS2/microros_ws/install/unique_identifier_msgs/share/unique_identifier_msgs/environment/library_path.sh
[83.378s] -- Installing: /home/ubuntu/ROS2/microros_ws/install/unique_identifier_msgs/share/unique_identifier_msgs/environment/library_path.dsv
[83.391s] -- Installing: /home/ubuntu/ROS2/microros_ws/install/unique_identifier_msgs/lib/libunique_identifier_msgs__rosidl_generator_c.so
[83.393s] -- Set runtime path of "/home/ubuntu/ROS2/microros_ws/install/unique_identifier_msgs/lib/libunique_identifier_msgs__rosidl_generator_c.so" to ""
[83.394s] -- Up-to-date: /home/ubuntu/ROS2/microros_ws/install/unique_identifier_msgs/include/unique_identifier_msgs
[83.395s] -- Up-to-date: /home/ubuntu/ROS2/microros_ws/install/unique_identifier_msgs/include/unique_identifier_msgs/msg
[83.396s] -- Installing: /home/ubuntu/ROS2/microros_ws/install/unique_identifier_msgs/include/unique_identifier_msgs/msg/rosidl_typesupport_microxrcedds_c__visibility_control.h
[83.396s] -- Up-to-date: /home/ubuntu/ROS2/microros_ws/install/unique_identifier_msgs/include/unique_identifier_msgs/msg/detail
[83.397s] -- Installing: /home/ubuntu/ROS2/microros_ws/install/unique_identifier_msgs/include/unique_identifier_msgs/msg/detail/uuid__rosidl_typesupport_microxrcedds_c.h
[83.398s] -- Installing: /home/ubuntu/ROS2/microros_ws/install/unique_identifier_msgs/include/unique_identifier_msgs/msg/detail/microxrcedds
[83.400s] -- Installing: /home/ubuntu/ROS2/microros_ws/install/unique_identifier_msgs/lib/libunique_identifier_msgs__rosidl_typesupport_microxrcedds_c.so
[83.404s] -- Set runtime path of "/home/ubuntu/ROS2/microros_ws/install/unique_identifier_msgs/lib/libunique_identifier_msgs__rosidl_typesupport_microxrcedds_c.so" to ""
[83.412s] -- Up-to-date: /home/ubuntu/ROS2/microros_ws/install/unique_identifier_msgs/include/unique_identifier_msgs
[83.413s] -- Up-to-date: /home/ubuntu/ROS2/microros_ws/install/unique_identifier_msgs/include/unique_identifier_msgs/msg
[83.413s] -- Installing: /home/ubuntu/ROS2/microros_ws/install/unique_identifier_msgs/include/unique_identifier_msgs/msg/rosidl_typesupport_fastrtps_c__visibility_control.h
[83.414s] -- Up-to-date: /home/ubuntu/ROS2/microros_ws/install/unique_identifier_msgs/include/unique_identifier_msgs/msg/detail
[83.415s] -- Installing: /home/ubuntu/ROS2/microros_ws/install/unique_identifier_msgs/include/unique_identifier_msgs/msg/detail/uuid__rosidl_typesupport_fastrtps_c.h
[83.416s] -- Installing: /home/ubuntu/ROS2/microros_ws/install/unique_identifier_msgs/lib/libunique_identifier_msgs__rosidl_typesupport_fastrtps_c.so
[83.428s] -- Set runtime path of "/home/ubuntu/ROS2/microros_ws/install/unique_identifier_msgs/lib/libunique_identifier_msgs__rosidl_typesupport_fastrtps_c.so" to ""
[83.430s] -- Up-to-date: /home/ubuntu/ROS2/microros_ws/install/unique_identifier_msgs/include/unique_identifier_msgs
[83.430s] -- Up-to-date: /home/ubuntu/ROS2/microros_ws/install/unique_identifier_msgs/include/unique_identifier_msgs/msg
[83.443s] -- Installing: /home/ubuntu/ROS2/microros_ws/install/unique_identifier_msgs/include/unique_identifier_msgs/msg/rosidl_typesupport_fastrtps_cpp__visibility_control.h
[83.444s] -- Up-to-date: /home/ubuntu/ROS2/microros_ws/install/unique_identifier_msgs/include/unique_identifier_msgs/msg/detail
[83.445s] -- Installing: /home/ubuntu/ROS2/microros_ws/install/unique_identifier_msgs/include/unique_identifier_msgs/msg/detail/dds_fastrtps
[83.446s] -- Installing: /home/ubuntu/ROS2/microros_ws/install/unique_identifier_msgs/include/unique_identifier_msgs/msg/detail/uuid__rosidl_typesupport_fastrtps_cpp.hpp
[83.448s] -- Installing: /home/ubuntu/ROS2/microros_ws/install/unique_identifier_msgs/lib/libunique_identifier_msgs__rosidl_typesupport_fastrtps_cpp.so
[83.452s] -- Set runtime path of "/home/ubuntu/ROS2/microros_ws/install/unique_identifier_msgs/lib/libunique_identifier_msgs__rosidl_typesupport_fastrtps_cpp.so" to ""
[83.453s] -- Up-to-date: /home/ubuntu/ROS2/microros_ws/install/unique_identifier_msgs/include/unique_identifier_msgs
[83.454s] -- Up-to-date: /home/ubuntu/ROS2/microros_ws/install/unique_identifier_msgs/include/unique_identifier_msgs/msg
[83.455s] -- Up-to-date: /home/ubuntu/ROS2/microros_ws/install/unique_identifier_msgs/include/unique_identifier_msgs/msg/detail
[83.457s] -- Installing: /home/ubuntu/ROS2/microros_ws/install/unique_identifier_msgs/include/unique_identifier_msgs/msg/detail/uuid__type_support.c
[83.458s] -- Installing: /home/ubuntu/ROS2/microros_ws/install/unique_identifier_msgs/include/unique_identifier_msgs/msg/detail/uuid__rosidl_typesupport_introspection_c.h
[83.472s] -- Installing: /home/ubuntu/ROS2/microros_ws/install/unique_identifier_msgs/include/unique_identifier_msgs/msg/rosidl_typesupport_introspection_c__visibility_control.h
[83.474s] -- Installing: /home/ubuntu/ROS2/microros_ws/install/unique_identifier_msgs/lib/libunique_identifier_msgs__rosidl_typesupport_introspection_c.so
[83.477s] -- Set runtime path of "/home/ubuntu/ROS2/microros_ws/install/unique_identifier_msgs/lib/libunique_identifier_msgs__rosidl_typesupport_introspection_c.so" to ""
[83.478s] -- Installing: /home/ubuntu/ROS2/microros_ws/install/unique_identifier_msgs/lib/libunique_identifier_msgs__rosidl_typesupport_c.so
[83.480s] -- Set runtime path of "/home/ubuntu/ROS2/microros_ws/install/unique_identifier_msgs/lib/libunique_identifier_msgs__rosidl_typesupport_c.so" to ""
[83.481s] -- Up-to-date: /home/ubuntu/ROS2/microros_ws/install/unique_identifier_msgs/include/unique_identifier_msgs
[83.482s] -- Up-to-date: /home/ubuntu/ROS2/microros_ws/install/unique_identifier_msgs/include/unique_identifier_msgs/msg
[83.491s] -- Up-to-date: /home/ubuntu/ROS2/microros_ws/install/unique_identifier_msgs/include/unique_identifier_msgs/msg/detail
[83.492s] -- Installing: /home/ubuntu/ROS2/microros_ws/install/unique_identifier_msgs/include/unique_identifier_msgs/msg/detail/uuid__struct.hpp
[83.492s] -- Installing: /home/ubuntu/ROS2/microros_ws/install/unique_identifier_msgs/include/unique_identifier_msgs/msg/detail/uuid__traits.hpp
[83.494s] -- Installing: /home/ubuntu/ROS2/microros_ws/install/unique_identifier_msgs/include/unique_identifier_msgs/msg/detail/uuid__builder.hpp
[83.495s] -- Installing: /home/ubuntu/ROS2/microros_ws/install/unique_identifier_msgs/include/unique_identifier_msgs/msg/detail/uuid__type_support.hpp
[83.496s] -- Installing: /home/ubuntu/ROS2/microros_ws/install/unique_identifier_msgs/include/unique_identifier_msgs/msg/uuid.hpp
[83.498s] -- Installing: /home/ubuntu/ROS2/microros_ws/install/unique_identifier_msgs/include/unique_identifier_msgs/msg/rosidl_generator_cpp__visibility_control.hpp
[83.499s] -- Up-to-date: /home/ubuntu/ROS2/microros_ws/install/unique_identifier_msgs/include/unique_identifier_msgs
[83.500s] -- Up-to-date: /home/ubuntu/ROS2/microros_ws/install/unique_identifier_msgs/include/unique_identifier_msgs/msg
[83.501s] -- Up-to-date: /home/ubuntu/ROS2/microros_ws/install/unique_identifier_msgs/include/unique_identifier_msgs/msg/detail
[83.513s] -- Up-to-date: /home/ubuntu/ROS2/microros_ws/install/unique_identifier_msgs/include/unique_identifier_msgs/msg/detail/microxrcedds
[83.516s] -- Installing: /home/ubuntu/ROS2/microros_ws/install/unique_identifier_msgs/include/unique_identifier_msgs/msg/detail/microxrcedds/uuid__type_support_cpp.cpp
[83.517s] -- Installing: /home/ubuntu/ROS2/microros_ws/install/unique_identifier_msgs/include/unique_identifier_msgs/msg/detail/uuid__rosidl_typesupport_microxrcedds_cpp.hpp
[83.518s] -- Installing: /home/ubuntu/ROS2/microros_ws/install/unique_identifier_msgs/include/unique_identifier_msgs/msg/rosidl_typesupport_microxrcedds_cpp__visibility_control.h
[83.520s] -- Installing: /home/ubuntu/ROS2/microros_ws/install/unique_identifier_msgs/lib/libunique_identifier_msgs__rosidl_typesupport_microxrcedds_cpp.so
[83.524s] -- Set runtime path of "/home/ubuntu/ROS2/microros_ws/install/unique_identifier_msgs/lib/libunique_identifier_msgs__rosidl_typesupport_microxrcedds_cpp.so" to ""
[83.525s] -- Up-to-date: /home/ubuntu/ROS2/microros_ws/install/unique_identifier_msgs/include/unique_identifier_msgs
[83.525s] -- Up-to-date: /home/ubuntu/ROS2/microros_ws/install/unique_identifier_msgs/include/unique_identifier_msgs/msg
[83.535s] -- Up-to-date: /home/ubuntu/ROS2/microros_ws/install/unique_identifier_msgs/include/unique_identifier_msgs/msg/detail
[83.536s] -- Installing: /home/ubuntu/ROS2/microros_ws/install/unique_identifier_msgs/include/unique_identifier_msgs/msg/detail/uuid__type_support.cpp
[83.537s] -- Installing: /home/ubuntu/ROS2/microros_ws/install/unique_identifier_msgs/include/unique_identifier_msgs/msg/detail/uuid__rosidl_typesupport_introspection_cpp.hpp
[83.543s] -- Installing: /home/ubuntu/ROS2/microros_ws/install/unique_identifier_msgs/lib/libunique_identifier_msgs__rosidl_typesupport_introspection_cpp.so
[83.546s] -- Set runtime path of "/home/ubuntu/ROS2/microros_ws/install/unique_identifier_msgs/lib/libunique_identifier_msgs__rosidl_typesupport_introspection_cpp.so" to ""
[83.552s] -- Installing: /home/ubuntu/ROS2/microros_ws/install/unique_identifier_msgs/lib/libunique_identifier_msgs__rosidl_typesupport_cpp.so
[83.557s] -- Set runtime path of "/home/ubuntu/ROS2/microros_ws/install/unique_identifier_msgs/lib/libunique_identifier_msgs__rosidl_typesupport_cpp.so" to ""
[83.562s] -- Installing: /home/ubuntu/ROS2/microros_ws/install/unique_identifier_msgs/share/unique_identifier_msgs/environment/pythonpath.sh
[83.564s] -- Installing: /home/ubuntu/ROS2/microros_ws/install/unique_identifier_msgs/share/unique_identifier_msgs/environment/pythonpath.dsv
[83.566s] -- Installing: /home/ubuntu/ROS2/microros_ws/install/unique_identifier_msgs/lib/python3.8/site-packages/unique_identifier_msgs/__init__.py
[83.869s] Compiling '/home/ubuntu/ROS2/microros_ws/install/unique_identifier_msgs/lib/python3.8/site-packages/unique_identifier_msgs/__init__.py'...
[83.904s] -- Installing: /home/ubuntu/ROS2/microros_ws/install/unique_identifier_msgs/lib/python3.8/site-packages/unique_identifier_msgs/msg
[83.905s] -- Installing: /home/ubuntu/ROS2/microros_ws/install/unique_identifier_msgs/lib/python3.8/site-packages/unique_identifier_msgs/msg/_uuid_s.c
[83.907s] -- Installing: /home/ubuntu/ROS2/microros_ws/install/unique_identifier_msgs/lib/python3.8/site-packages/unique_identifier_msgs/msg/_uuid.py
[83.908s] -- Installing: /home/ubuntu/ROS2/microros_ws/install/unique_identifier_msgs/lib/python3.8/site-packages/unique_identifier_msgs/msg/__init__.py
[83.911s] -- Installing: /home/ubuntu/ROS2/microros_ws/install/unique_identifier_msgs/lib/python3.8/site-packages/unique_identifier_msgs/unique_identifier_msgs_s__rosidl_typesupport_microxrcedds_c.cpython-38-aarch64-linux-gnu.so
[83.915s] -- Set runtime path of "/home/ubuntu/ROS2/microros_ws/install/unique_identifier_msgs/lib/python3.8/site-packages/unique_identifier_msgs/unique_identifier_msgs_s__rosidl_typesupport_microxrcedds_c.cpython-38-aarch64-linux-gnu.so" to ""
[83.917s] -- Installing: /home/ubuntu/ROS2/microros_ws/install/unique_identifier_msgs/lib/python3.8/site-packages/unique_identifier_msgs/unique_identifier_msgs_s__rosidl_typesupport_fastrtps_c.cpython-38-aarch64-linux-gnu.so
[83.922s] -- Set runtime path of "/home/ubuntu/ROS2/microros_ws/install/unique_identifier_msgs/lib/python3.8/site-packages/unique_identifier_msgs/unique_identifier_msgs_s__rosidl_typesupport_fastrtps_c.cpython-38-aarch64-linux-gnu.so" to ""
[83.925s] -- Installing: /home/ubuntu/ROS2/microros_ws/install/unique_identifier_msgs/lib/python3.8/site-packages/unique_identifier_msgs/unique_identifier_msgs_s__rosidl_typesupport_introspection_c.cpython-38-aarch64-linux-gnu.so
[83.932s] -- Set runtime path of "/home/ubuntu/ROS2/microros_ws/install/unique_identifier_msgs/lib/python3.8/site-packages/unique_identifier_msgs/unique_identifier_msgs_s__rosidl_typesupport_introspection_c.cpython-38-aarch64-linux-gnu.so" to ""
[83.936s] -- Installing: /home/ubuntu/ROS2/microros_ws/install/unique_identifier_msgs/lib/python3.8/site-packages/unique_identifier_msgs/unique_identifier_msgs_s__rosidl_typesupport_c.cpython-38-aarch64-linux-gnu.so
[83.942s] -- Set runtime path of "/home/ubuntu/ROS2/microros_ws/install/unique_identifier_msgs/lib/python3.8/site-packages/unique_identifier_msgs/unique_identifier_msgs_s__rosidl_typesupport_c.cpython-38-aarch64-linux-gnu.so" to ""
[83.944s] -- Installing: /home/ubuntu/ROS2/microros_ws/install/unique_identifier_msgs/lib/libunique_identifier_msgs__python.so
[83.948s] -- Set runtime path of "/home/ubuntu/ROS2/microros_ws/install/unique_identifier_msgs/lib/libunique_identifier_msgs__python.so" to ""
[83.950s] -- Installing: /home/ubuntu/ROS2/microros_ws/install/unique_identifier_msgs/share/unique_identifier_msgs/msg/UUID.idl
[83.955s] -- Installing: /home/ubuntu/ROS2/microros_ws/install/unique_identifier_msgs/share/unique_identifier_msgs/msg/UUID.msg
[83.961s] -- Installing: /home/ubuntu/ROS2/microros_ws/install/unique_identifier_msgs/share/ament_index/resource_index/package_run_dependencies/unique_identifier_msgs
[83.964s] -- Installing: /home/ubuntu/ROS2/microros_ws/install/unique_identifier_msgs/share/ament_index/resource_index/parent_prefix_path/unique_identifier_msgs
[83.967s] -- Installing: /home/ubuntu/ROS2/microros_ws/install/unique_identifier_msgs/share/unique_identifier_msgs/environment/ament_prefix_path.sh
[83.970s] -- Installing: /home/ubuntu/ROS2/microros_ws/install/unique_identifier_msgs/share/unique_identifier_msgs/environment/ament_prefix_path.dsv
[83.973s] -- Installing: /home/ubuntu/ROS2/microros_ws/install/unique_identifier_msgs/share/unique_identifier_msgs/environment/path.sh
[83.977s] -- Installing: /home/ubuntu/ROS2/microros_ws/install/unique_identifier_msgs/share/unique_identifier_msgs/environment/path.dsv
[83.981s] -- Installing: /home/ubuntu/ROS2/microros_ws/install/unique_identifier_msgs/share/unique_identifier_msgs/local_setup.bash
[83.986s] -- Installing: /home/ubuntu/ROS2/microros_ws/install/unique_identifier_msgs/share/unique_identifier_msgs/local_setup.sh
[83.989s] -- Installing: /home/ubuntu/ROS2/microros_ws/install/unique_identifier_msgs/share/unique_identifier_msgs/local_setup.zsh
[83.996s] -- Installing: /home/ubuntu/ROS2/microros_ws/install/unique_identifier_msgs/share/unique_identifier_msgs/local_setup.dsv
[84.000s] -- Installing: /home/ubuntu/ROS2/microros_ws/install/unique_identifier_msgs/share/unique_identifier_msgs/package.dsv
[84.004s] -- Installing: /home/ubuntu/ROS2/microros_ws/install/unique_identifier_msgs/share/ament_index/resource_index/packages/unique_identifier_msgs
[84.007s] -- Installing: /home/ubuntu/ROS2/microros_ws/install/unique_identifier_msgs/share/unique_identifier_msgs/cmake/unique_identifier_msgs__rosidl_generator_cExport.cmake
[84.011s] -- Installing: /home/ubuntu/ROS2/microros_ws/install/unique_identifier_msgs/share/unique_identifier_msgs/cmake/unique_identifier_msgs__rosidl_generator_cExport-noconfig.cmake
[84.014s] -- Installing: /home/ubuntu/ROS2/microros_ws/install/unique_identifier_msgs/share/unique_identifier_msgs/cmake/unique_identifier_msgs__rosidl_typesupport_introspection_cExport.cmake
[84.017s] -- Installing: /home/ubuntu/ROS2/microros_ws/install/unique_identifier_msgs/share/unique_identifier_msgs/cmake/unique_identifier_msgs__rosidl_typesupport_introspection_cExport-noconfig.cmake
[84.021s] -- Installing: /home/ubuntu/ROS2/microros_ws/install/unique_identifier_msgs/share/unique_identifier_msgs/cmake/unique_identifier_msgs__rosidl_typesupport_cExport.cmake
[84.024s] -- Installing: /home/ubuntu/ROS2/microros_ws/install/unique_identifier_msgs/share/unique_identifier_msgs/cmake/unique_identifier_msgs__rosidl_typesupport_cExport-noconfig.cmake
[84.028s] -- Installing: /home/ubuntu/ROS2/microros_ws/install/unique_identifier_msgs/share/unique_identifier_msgs/cmake/unique_identifier_msgs__rosidl_generator_cppExport.cmake
[84.031s] -- Installing: /home/ubuntu/ROS2/microros_ws/install/unique_identifier_msgs/share/unique_identifier_msgs/cmake/unique_identifier_msgs__rosidl_typesupport_introspection_cppExport.cmake
[84.035s] -- Installing: /home/ubuntu/ROS2/microros_ws/install/unique_identifier_msgs/share/unique_identifier_msgs/cmake/unique_identifier_msgs__rosidl_typesupport_introspection_cppExport-noconfig.cmake
[84.038s] -- Installing: /home/ubuntu/ROS2/microros_ws/install/unique_identifier_msgs/share/unique_identifier_msgs/cmake/unique_identifier_msgs__rosidl_typesupport_cppExport.cmake
[84.041s] -- Installing: /home/ubuntu/ROS2/microros_ws/install/unique_identifier_msgs/share/unique_identifier_msgs/cmake/unique_identifier_msgs__rosidl_typesupport_cppExport-noconfig.cmake
[84.044s] -- Installing: /home/ubuntu/ROS2/microros_ws/install/unique_identifier_msgs/share/unique_identifier_msgs/cmake/rosidl_cmake-extras.cmake
[84.048s] -- Installing: /home/ubuntu/ROS2/microros_ws/install/unique_identifier_msgs/share/unique_identifier_msgs/cmake/ament_cmake_export_dependencies-extras.cmake
[84.053s] -- Installing: /home/ubuntu/ROS2/microros_ws/install/unique_identifier_msgs/share/unique_identifier_msgs/cmake/ament_cmake_export_libraries-extras.cmake
[84.054s] -- Installing: /home/ubuntu/ROS2/microros_ws/install/unique_identifier_msgs/share/unique_identifier_msgs/cmake/ament_cmake_export_targets-extras.cmake
[84.059s] -- Installing: /home/ubuntu/ROS2/microros_ws/install/unique_identifier_msgs/share/unique_identifier_msgs/cmake/ament_cmake_export_include_directories-extras.cmake
[84.064s] -- Installing: /home/ubuntu/ROS2/microros_ws/install/unique_identifier_msgs/share/unique_identifier_msgs/cmake/rosidl_cmake_export_typesupport_libraries-extras.cmake
[84.066s] -- Installing: /home/ubuntu/ROS2/microros_ws/install/unique_identifier_msgs/share/unique_identifier_msgs/cmake/rosidl_cmake_export_typesupport_targets-extras.cmake
[84.070s] -- Installing: /home/ubuntu/ROS2/microros_ws/install/unique_identifier_msgs/share/unique_identifier_msgs/cmake/unique_identifier_msgsConfig.cmake
[84.072s] -- Installing: /home/ubuntu/ROS2/microros_ws/install/unique_identifier_msgs/share/unique_identifier_msgs/cmake/unique_identifier_msgsConfig-version.cmake
[84.075s] -- Installing: /home/ubuntu/ROS2/microros_ws/install/unique_identifier_msgs/share/unique_identifier_msgs/package.xml
[84.082s] -- Installing: /home/ubuntu/ROS2/microros_ws/install/unique_identifier_msgs/share/unique_identifier_msgs/mapping_rules.yaml
[84.094s] Invoked command in '/home/ubuntu/ROS2/microros_ws/build/unique_identifier_msgs' returned '0': CMAKE_PREFIX_PATH=${CMAKE_PREFIX_PATH}:/opt/ros/foxy /usr/bin/cmake --install /home/ubuntu/ROS2/microros_ws/build/unique_identifier_msgs
