[0.313s] Invoking command in '/home/ubuntu/ROS2/microros_ws/firmware/mcu_ws/build/rosidl_adapter': CMAKE_PREFIX_PATH=${CMAKE_PREFIX_PATH}:/home/ubuntu/ROS2/microros_ws/firmware/dev_ws/install/ament_uncrustify:/home/ubuntu/ROS2/microros_ws/firmware/dev_ws/install/domain_coordinator:/home/ubuntu/ROS2/microros_ws/firmware/dev_ws/install/ament_xmllint:/home/ubuntu/ROS2/microros_ws/firmware/dev_ws/install/ament_pyflakes:/home/ubuntu/ROS2/microros_ws/firmware/dev_ws/install/ament_pycodestyle:/home/ubuntu/ROS2/microros_ws/firmware/dev_ws/install/ament_pep257:/home/ubuntu/ROS2/microros_ws/firmware/dev_ws/install/ament_pclint:/home/ubuntu/ROS2/microros_ws/firmware/dev_ws/install/ament_package:/home/ubuntu/ROS2/microros_ws/firmware/dev_ws/install/ament_mypy:/home/ubuntu/ROS2/microros_ws/firmware/dev_ws/install/ament_lint_cmake:/home/ubuntu/ROS2/microros_ws/firmware/dev_ws/install/ament_flake8:/home/ubuntu/ROS2/microros_ws/firmware/dev_ws/install/ament_copyright:/home/ubuntu/ROS2/microros_ws/firmware/dev_ws/install/ament_lint:/home/ubuntu/ROS2/microros_ws/firmware/dev_ws/install/ament_index_python:/home/ubuntu/ROS2/microros_ws/firmware/dev_ws/install/ament_cpplint:/home/ubuntu/ROS2/microros_ws/firmware/dev_ws/install/ament_cppcheck:/home/ubuntu/ROS2/microros_ws/firmware/dev_ws/install/ament_clang_tidy:/home/ubuntu/ROS2/microros_ws/firmware/dev_ws/install/ament_clang_format /usr/bin/cmake /home/ubuntu/ROS2/microros_ws/firmware/mcu_ws/ros2/rosidl/rosidl_adapter --no-warn-unused-cli -DCMAKE_POSITION_INDEPENDENT_CODE:BOOL=OFF -DTHIRDPARTY=ON -DBUILD_SHARED_LIBS=OFF -DBUILD_TESTING=OFF -DCMAKE_BUILD_TYPE=Release -DCMAKE_TOOLCHAIN_FILE=/home/ubuntu/ROS2/microros_ws/my_custom_toolchain.cmake -DCMAKE_VERBOSE_MAKEFILE=ON -DCMAKE_INSTALL_PREFIX=/home/ubuntu/ROS2/microros_ws/firmware/mcu_ws/install
[3.661s] Not searching for unused variables given on the command line.
[4.030s] -- Found ament_cmake: 0.9.12 (/home/ubuntu/ROS2/microros_ws/firmware/dev_ws/install/ament_cmake/share/ament_cmake/cmake)
[4.623s] -- Found PythonInterp: /usr/bin/python3 (found suitable version "3.8.10", minimum required is "3") 
[4.625s] -- Using PYTHON_EXECUTABLE: /usr/bin/python3
[10.995s] -- Configuring done
[11.024s] -- Generating done
[11.047s] -- Build files have been written to: /home/ubuntu/ROS2/microros_ws/firmware/mcu_ws/build/rosidl_adapter
[11.081s] Invoked command in '/home/ubuntu/ROS2/microros_ws/firmware/mcu_ws/build/rosidl_adapter' returned '0': CMAKE_PREFIX_PATH=${CMAKE_PREFIX_PATH}:/home/ubuntu/ROS2/microros_ws/firmware/dev_ws/install/ament_uncrustify:/home/ubuntu/ROS2/microros_ws/firmware/dev_ws/install/domain_coordinator:/home/ubuntu/ROS2/microros_ws/firmware/dev_ws/install/ament_xmllint:/home/ubuntu/ROS2/microros_ws/firmware/dev_ws/install/ament_pyflakes:/home/ubuntu/ROS2/microros_ws/firmware/dev_ws/install/ament_pycodestyle:/home/ubuntu/ROS2/microros_ws/firmware/dev_ws/install/ament_pep257:/home/ubuntu/ROS2/microros_ws/firmware/dev_ws/install/ament_pclint:/home/ubuntu/ROS2/microros_ws/firmware/dev_ws/install/ament_package:/home/ubuntu/ROS2/microros_ws/firmware/dev_ws/install/ament_mypy:/home/ubuntu/ROS2/microros_ws/firmware/dev_ws/install/ament_lint_cmake:/home/ubuntu/ROS2/microros_ws/firmware/dev_ws/install/ament_flake8:/home/ubuntu/ROS2/microros_ws/firmware/dev_ws/install/ament_copyright:/home/ubuntu/ROS2/microros_ws/firmware/dev_ws/install/ament_lint:/home/ubuntu/ROS2/microros_ws/firmware/dev_ws/install/ament_index_python:/home/ubuntu/ROS2/microros_ws/firmware/dev_ws/install/ament_cpplint:/home/ubuntu/ROS2/microros_ws/firmware/dev_ws/install/ament_cppcheck:/home/ubuntu/ROS2/microros_ws/firmware/dev_ws/install/ament_clang_tidy:/home/ubuntu/ROS2/microros_ws/firmware/dev_ws/install/ament_clang_format /usr/bin/cmake /home/ubuntu/ROS2/microros_ws/firmware/mcu_ws/ros2/rosidl/rosidl_adapter --no-warn-unused-cli -DCMAKE_POSITION_INDEPENDENT_CODE:BOOL=OFF -DTHIRDPARTY=ON -DBUILD_SHARED_LIBS=OFF -DBUILD_TESTING=OFF -DCMAKE_BUILD_TYPE=Release -DCMAKE_TOOLCHAIN_FILE=/home/ubuntu/ROS2/microros_ws/my_custom_toolchain.cmake -DCMAKE_VERBOSE_MAKEFILE=ON -DCMAKE_INSTALL_PREFIX=/home/ubuntu/ROS2/microros_ws/firmware/mcu_ws/install
[11.087s] Invoking command in '/home/ubuntu/ROS2/microros_ws/firmware/mcu_ws/build/rosidl_adapter': CMAKE_PREFIX_PATH=${CMAKE_PREFIX_PATH}:/home/ubuntu/ROS2/microros_ws/firmware/dev_ws/install/ament_uncrustify:/home/ubuntu/ROS2/microros_ws/firmware/dev_ws/install/domain_coordinator:/home/ubuntu/ROS2/microros_ws/firmware/dev_ws/install/ament_xmllint:/home/ubuntu/ROS2/microros_ws/firmware/dev_ws/install/ament_pyflakes:/home/ubuntu/ROS2/microros_ws/firmware/dev_ws/install/ament_pycodestyle:/home/ubuntu/ROS2/microros_ws/firmware/dev_ws/install/ament_pep257:/home/ubuntu/ROS2/microros_ws/firmware/dev_ws/install/ament_pclint:/home/ubuntu/ROS2/microros_ws/firmware/dev_ws/install/ament_package:/home/ubuntu/ROS2/microros_ws/firmware/dev_ws/install/ament_mypy:/home/ubuntu/ROS2/microros_ws/firmware/dev_ws/install/ament_lint_cmake:/home/ubuntu/ROS2/microros_ws/firmware/dev_ws/install/ament_flake8:/home/ubuntu/ROS2/microros_ws/firmware/dev_ws/install/ament_copyright:/home/ubuntu/ROS2/microros_ws/firmware/dev_ws/install/ament_lint:/home/ubuntu/ROS2/microros_ws/firmware/dev_ws/install/ament_index_python:/home/ubuntu/ROS2/microros_ws/firmware/dev_ws/install/ament_cpplint:/home/ubuntu/ROS2/microros_ws/firmware/dev_ws/install/ament_cppcheck:/home/ubuntu/ROS2/microros_ws/firmware/dev_ws/install/ament_clang_tidy:/home/ubuntu/ROS2/microros_ws/firmware/dev_ws/install/ament_clang_format /usr/bin/cmake --build /home/ubuntu/ROS2/microros_ws/firmware/mcu_ws/build/rosidl_adapter -- -j4 -l4
[11.300s] /usr/bin/cmake -S/home/ubuntu/ROS2/microros_ws/firmware/mcu_ws/ros2/rosidl/rosidl_adapter -B/home/ubuntu/ROS2/microros_ws/firmware/mcu_ws/build/rosidl_adapter --check-build-system CMakeFiles/Makefile.cmake 0
[11.394s] /usr/bin/cmake -E cmake_progress_start /home/ubuntu/ROS2/microros_ws/firmware/mcu_ws/build/rosidl_adapter/CMakeFiles /home/ubuntu/ROS2/microros_ws/firmware/mcu_ws/build/rosidl_adapter/CMakeFiles/progress.marks
[11.514s] /usr/bin/make -f CMakeFiles/Makefile2 all
[11.541s] make[1]: Entering directory '/home/ubuntu/ROS2/microros_ws/firmware/mcu_ws/build/rosidl_adapter'
[11.541s] make[1]: Nothing to be done for 'all'.
[11.542s] make[1]: Leaving directory '/home/ubuntu/ROS2/microros_ws/firmware/mcu_ws/build/rosidl_adapter'
[11.543s] /usr/bin/cmake -E cmake_progress_start /home/ubuntu/ROS2/microros_ws/firmware/mcu_ws/build/rosidl_adapter/CMakeFiles 0
[11.661s] Invoked command in '/home/ubuntu/ROS2/microros_ws/firmware/mcu_ws/build/rosidl_adapter' returned '0': CMAKE_PREFIX_PATH=${CMAKE_PREFIX_PATH}:/home/ubuntu/ROS2/microros_ws/firmware/dev_ws/install/ament_uncrustify:/home/ubuntu/ROS2/microros_ws/firmware/dev_ws/install/domain_coordinator:/home/ubuntu/ROS2/microros_ws/firmware/dev_ws/install/ament_xmllint:/home/ubuntu/ROS2/microros_ws/firmware/dev_ws/install/ament_pyflakes:/home/ubuntu/ROS2/microros_ws/firmware/dev_ws/install/ament_pycodestyle:/home/ubuntu/ROS2/microros_ws/firmware/dev_ws/install/ament_pep257:/home/ubuntu/ROS2/microros_ws/firmware/dev_ws/install/ament_pclint:/home/ubuntu/ROS2/microros_ws/firmware/dev_ws/install/ament_package:/home/ubuntu/ROS2/microros_ws/firmware/dev_ws/install/ament_mypy:/home/ubuntu/ROS2/microros_ws/firmware/dev_ws/install/ament_lint_cmake:/home/ubuntu/ROS2/microros_ws/firmware/dev_ws/install/ament_flake8:/home/ubuntu/ROS2/microros_ws/firmware/dev_ws/install/ament_copyright:/home/ubuntu/ROS2/microros_ws/firmware/dev_ws/install/ament_lint:/home/ubuntu/ROS2/microros_ws/firmware/dev_ws/install/ament_index_python:/home/ubuntu/ROS2/microros_ws/firmware/dev_ws/install/ament_cpplint:/home/ubuntu/ROS2/microros_ws/firmware/dev_ws/install/ament_cppcheck:/home/ubuntu/ROS2/microros_ws/firmware/dev_ws/install/ament_clang_tidy:/home/ubuntu/ROS2/microros_ws/firmware/dev_ws/install/ament_clang_format /usr/bin/cmake --build /home/ubuntu/ROS2/microros_ws/firmware/mcu_ws/build/rosidl_adapter -- -j4 -l4
[12.242s] Invoking command in '/home/ubuntu/ROS2/microros_ws/firmware/mcu_ws/build/rosidl_adapter': CMAKE_PREFIX_PATH=${CMAKE_PREFIX_PATH}:/home/ubuntu/ROS2/microros_ws/firmware/dev_ws/install/ament_uncrustify:/home/ubuntu/ROS2/microros_ws/firmware/dev_ws/install/domain_coordinator:/home/ubuntu/ROS2/microros_ws/firmware/dev_ws/install/ament_xmllint:/home/ubuntu/ROS2/microros_ws/firmware/dev_ws/install/ament_pyflakes:/home/ubuntu/ROS2/microros_ws/firmware/dev_ws/install/ament_pycodestyle:/home/ubuntu/ROS2/microros_ws/firmware/dev_ws/install/ament_pep257:/home/ubuntu/ROS2/microros_ws/firmware/dev_ws/install/ament_pclint:/home/ubuntu/ROS2/microros_ws/firmware/dev_ws/install/ament_package:/home/ubuntu/ROS2/microros_ws/firmware/dev_ws/install/ament_mypy:/home/ubuntu/ROS2/microros_ws/firmware/dev_ws/install/ament_lint_cmake:/home/ubuntu/ROS2/microros_ws/firmware/dev_ws/install/ament_flake8:/home/ubuntu/ROS2/microros_ws/firmware/dev_ws/install/ament_copyright:/home/ubuntu/ROS2/microros_ws/firmware/dev_ws/install/ament_lint:/home/ubuntu/ROS2/microros_ws/firmware/dev_ws/install/ament_index_python:/home/ubuntu/ROS2/microros_ws/firmware/dev_ws/install/ament_cpplint:/home/ubuntu/ROS2/microros_ws/firmware/dev_ws/install/ament_cppcheck:/home/ubuntu/ROS2/microros_ws/firmware/dev_ws/install/ament_clang_tidy:/home/ubuntu/ROS2/microros_ws/firmware/dev_ws/install/ament_clang_format /usr/bin/cmake --install /home/ubuntu/ROS2/microros_ws/firmware/mcu_ws/build/rosidl_adapter
[12.317s] -- Install configuration: "Release"
[12.321s] -- Installing: /home/ubuntu/ROS2/microros_ws/firmware/mcu_ws/install/share/rosidl_adapter/environment/pythonpath.sh
[12.327s] -- Installing: /home/ubuntu/ROS2/microros_ws/firmware/mcu_ws/install/share/rosidl_adapter/environment/pythonpath.dsv
[12.335s] -- Installing: /home/ubuntu/ROS2/microros_ws/firmware/mcu_ws/install/lib/python3.8/site-packages/rosidl_adapter
[12.342s] -- Installing: /home/ubuntu/ROS2/microros_ws/firmware/mcu_ws/install/lib/python3.8/site-packages/rosidl_adapter/msg
[12.347s] -- Installing: /home/ubuntu/ROS2/microros_ws/firmware/mcu_ws/install/lib/python3.8/site-packages/rosidl_adapter/msg/__init__.py
[12.363s] -- Installing: /home/ubuntu/ROS2/microros_ws/firmware/mcu_ws/install/lib/python3.8/site-packages/rosidl_adapter/srv
[12.376s] -- Installing: /home/ubuntu/ROS2/microros_ws/firmware/mcu_ws/install/lib/python3.8/site-packages/rosidl_adapter/srv/__init__.py
[12.380s] -- Installing: /home/ubuntu/ROS2/microros_ws/firmware/mcu_ws/install/lib/python3.8/site-packages/rosidl_adapter/parser.py
[12.387s] -- Installing: /home/ubuntu/ROS2/microros_ws/firmware/mcu_ws/install/lib/python3.8/site-packages/rosidl_adapter/main.py
[12.393s] -- Installing: /home/ubuntu/ROS2/microros_ws/firmware/mcu_ws/install/lib/python3.8/site-packages/rosidl_adapter/resource
[12.396s] -- Installing: /home/ubuntu/ROS2/microros_ws/firmware/mcu_ws/install/lib/python3.8/site-packages/rosidl_adapter/resource/srv.idl.em
[12.400s] -- Installing: /home/ubuntu/ROS2/microros_ws/firmware/mcu_ws/install/lib/python3.8/site-packages/rosidl_adapter/resource/struct.idl.em
[12.404s] -- Installing: /home/ubuntu/ROS2/microros_ws/firmware/mcu_ws/install/lib/python3.8/site-packages/rosidl_adapter/resource/action.idl.em
[12.415s] -- Installing: /home/ubuntu/ROS2/microros_ws/firmware/mcu_ws/install/lib/python3.8/site-packages/rosidl_adapter/resource/__init__.py
[12.418s] -- Installing: /home/ubuntu/ROS2/microros_ws/firmware/mcu_ws/install/lib/python3.8/site-packages/rosidl_adapter/resource/msg.idl.em
[12.422s] -- Installing: /home/ubuntu/ROS2/microros_ws/firmware/mcu_ws/install/lib/python3.8/site-packages/rosidl_adapter/__init__.py
[12.428s] -- Installing: /home/ubuntu/ROS2/microros_ws/firmware/mcu_ws/install/lib/python3.8/site-packages/rosidl_adapter/cli.py
[12.434s] -- Installing: /home/ubuntu/ROS2/microros_ws/firmware/mcu_ws/install/lib/python3.8/site-packages/rosidl_adapter/__main__.py
[12.436s] -- Installing: /home/ubuntu/ROS2/microros_ws/firmware/mcu_ws/install/lib/python3.8/site-packages/rosidl_adapter/action
[12.438s] -- Installing: /home/ubuntu/ROS2/microros_ws/firmware/mcu_ws/install/lib/python3.8/site-packages/rosidl_adapter/action/__init__.py
[13.042s] Listing '/home/ubuntu/ROS2/microros_ws/firmware/mcu_ws/install/lib/python3.8/site-packages/rosidl_adapter'...
[13.043s] Compiling '/home/ubuntu/ROS2/microros_ws/firmware/mcu_ws/install/lib/python3.8/site-packages/rosidl_adapter/__init__.py'...
[13.045s] Compiling '/home/ubuntu/ROS2/microros_ws/firmware/mcu_ws/install/lib/python3.8/site-packages/rosidl_adapter/__main__.py'...
[13.046s] Listing '/home/ubuntu/ROS2/microros_ws/firmware/mcu_ws/install/lib/python3.8/site-packages/rosidl_adapter/action'...
[13.047s] Compiling '/home/ubuntu/ROS2/microros_ws/firmware/mcu_ws/install/lib/python3.8/site-packages/rosidl_adapter/action/__init__.py'...
[13.048s] Compiling '/home/ubuntu/ROS2/microros_ws/firmware/mcu_ws/install/lib/python3.8/site-packages/rosidl_adapter/cli.py'...
[13.049s] Compiling '/home/ubuntu/ROS2/microros_ws/firmware/mcu_ws/install/lib/python3.8/site-packages/rosidl_adapter/main.py'...
[13.050s] Listing '/home/ubuntu/ROS2/microros_ws/firmware/mcu_ws/install/lib/python3.8/site-packages/rosidl_adapter/msg'...
[13.050s] Compiling '/home/ubuntu/ROS2/microros_ws/firmware/mcu_ws/install/lib/python3.8/site-packages/rosidl_adapter/msg/__init__.py'...
[13.051s] Compiling '/home/ubuntu/ROS2/microros_ws/firmware/mcu_ws/install/lib/python3.8/site-packages/rosidl_adapter/parser.py'...
[13.056s] Listing '/home/ubuntu/ROS2/microros_ws/firmware/mcu_ws/install/lib/python3.8/site-packages/rosidl_adapter/resource'...
[13.057s] Compiling '/home/ubuntu/ROS2/microros_ws/firmware/mcu_ws/install/lib/python3.8/site-packages/rosidl_adapter/resource/__init__.py'...
[13.057s] Listing '/home/ubuntu/ROS2/microros_ws/firmware/mcu_ws/install/lib/python3.8/site-packages/rosidl_adapter/srv'...
[13.058s] Compiling '/home/ubuntu/ROS2/microros_ws/firmware/mcu_ws/install/lib/python3.8/site-packages/rosidl_adapter/srv/__init__.py'...
[13.089s] -- Installing: /home/ubuntu/ROS2/microros_ws/firmware/mcu_ws/install/share/ament_index/resource_index/package_run_dependencies/rosidl_adapter
[13.093s] -- Installing: /home/ubuntu/ROS2/microros_ws/firmware/mcu_ws/install/share/ament_index/resource_index/parent_prefix_path/rosidl_adapter
[13.098s] -- Installing: /home/ubuntu/ROS2/microros_ws/firmware/mcu_ws/install/share/rosidl_adapter/environment/ament_prefix_path.sh
[13.103s] -- Installing: /home/ubuntu/ROS2/microros_ws/firmware/mcu_ws/install/share/rosidl_adapter/environment/ament_prefix_path.dsv
[13.108s] -- Installing: /home/ubuntu/ROS2/microros_ws/firmware/mcu_ws/install/share/rosidl_adapter/environment/path.sh
[13.114s] -- Installing: /home/ubuntu/ROS2/microros_ws/firmware/mcu_ws/install/share/rosidl_adapter/environment/path.dsv
[13.118s] -- Installing: /home/ubuntu/ROS2/microros_ws/firmware/mcu_ws/install/share/rosidl_adapter/local_setup.bash
[13.122s] -- Installing: /home/ubuntu/ROS2/microros_ws/firmware/mcu_ws/install/share/rosidl_adapter/local_setup.sh
[13.129s] -- Installing: /home/ubuntu/ROS2/microros_ws/firmware/mcu_ws/install/share/rosidl_adapter/local_setup.zsh
[13.134s] -- Installing: /home/ubuntu/ROS2/microros_ws/firmware/mcu_ws/install/share/rosidl_adapter/local_setup.dsv
[13.137s] -- Installing: /home/ubuntu/ROS2/microros_ws/firmware/mcu_ws/install/share/rosidl_adapter/package.dsv
[13.142s] -- Installing: /home/ubuntu/ROS2/microros_ws/firmware/mcu_ws/install/share/ament_index/resource_index/packages/rosidl_adapter
[13.151s] -- Installing: /home/ubuntu/ROS2/microros_ws/firmware/mcu_ws/install/share/rosidl_adapter/cmake/rosidl_adapter-extras.cmake
[13.154s] -- Installing: /home/ubuntu/ROS2/microros_ws/firmware/mcu_ws/install/share/rosidl_adapter/cmake/rosidl_adapterConfig.cmake
[13.158s] -- Installing: /home/ubuntu/ROS2/microros_ws/firmware/mcu_ws/install/share/rosidl_adapter/cmake/rosidl_adapterConfig-version.cmake
[13.166s] -- Installing: /home/ubuntu/ROS2/microros_ws/firmware/mcu_ws/install/share/rosidl_adapter/package.xml
[13.172s] -- Up-to-date: /home/ubuntu/ROS2/microros_ws/firmware/mcu_ws/install/share/rosidl_adapter/cmake
[13.175s] -- Installing: /home/ubuntu/ROS2/microros_ws/firmware/mcu_ws/install/share/rosidl_adapter/cmake/rosidl_adapt_interfaces.cmake
[13.181s] -- Installing: /home/ubuntu/ROS2/microros_ws/firmware/mcu_ws/install/lib/rosidl_adapter/msg2idl.py
[13.188s] -- Installing: /home/ubuntu/ROS2/microros_ws/firmware/mcu_ws/install/lib/rosidl_adapter/srv2idl.py
[13.217s] Invoked command in '/home/ubuntu/ROS2/microros_ws/firmware/mcu_ws/build/rosidl_adapter' returned '0': CMAKE_PREFIX_PATH=${CMAKE_PREFIX_PATH}:/home/ubuntu/ROS2/microros_ws/firmware/dev_ws/install/ament_uncrustify:/home/ubuntu/ROS2/microros_ws/firmware/dev_ws/install/domain_coordinator:/home/ubuntu/ROS2/microros_ws/firmware/dev_ws/install/ament_xmllint:/home/ubuntu/ROS2/microros_ws/firmware/dev_ws/install/ament_pyflakes:/home/ubuntu/ROS2/microros_ws/firmware/dev_ws/install/ament_pycodestyle:/home/ubuntu/ROS2/microros_ws/firmware/dev_ws/install/ament_pep257:/home/ubuntu/ROS2/microros_ws/firmware/dev_ws/install/ament_pclint:/home/ubuntu/ROS2/microros_ws/firmware/dev_ws/install/ament_package:/home/ubuntu/ROS2/microros_ws/firmware/dev_ws/install/ament_mypy:/home/ubuntu/ROS2/microros_ws/firmware/dev_ws/install/ament_lint_cmake:/home/ubuntu/ROS2/microros_ws/firmware/dev_ws/install/ament_flake8:/home/ubuntu/ROS2/microros_ws/firmware/dev_ws/install/ament_copyright:/home/ubuntu/ROS2/microros_ws/firmware/dev_ws/install/ament_lint:/home/ubuntu/ROS2/microros_ws/firmware/dev_ws/install/ament_index_python:/home/ubuntu/ROS2/microros_ws/firmware/dev_ws/install/ament_cpplint:/home/ubuntu/ROS2/microros_ws/firmware/dev_ws/install/ament_cppcheck:/home/ubuntu/ROS2/microros_ws/firmware/dev_ws/install/ament_clang_tidy:/home/ubuntu/ROS2/microros_ws/firmware/dev_ws/install/ament_clang_format /usr/bin/cmake --install /home/ubuntu/ROS2/microros_ws/firmware/mcu_ws/build/rosidl_adapter
