[0.260s] Invoking command in '/home/ubuntu/ROS2/microros_ws/build/rosidl_typesupport_microxrcedds_cpp': CMAKE_PREFIX_PATH=/home/ubuntu/ROS2/microros_ws/install/rosidl_typesupport_microxrcedds_c:/home/ubuntu/ROS2/microros_ws/install/microcdr:/home/ubuntu/ROS2/microros_ws/install/rosidl_typesupport_microxrcedds_cpp:/home/ubuntu/ROS2/microros_ws/install/micro_ros_setup:/home/ubuntu/ROS2/microros_ws/install/micro_ros_agent:/home/ubuntu/ROS2/microros_ws/install/micro_ros_msgs:/home/ubuntu/ROS2/microros_ws/install/drive_base_msgs:/home/ubuntu/ROS2/dev_ws/install/learning_node:/home/ubuntu/ROS2/dev_ws/install/msg_pkg:/opt/ros/foxy LD_LIBRARY_PATH=/home/ubuntu/ROS2/microros_ws/install/rosidl_typesupport_microxrcedds_c/lib:/home/ubuntu/ROS2/microros_ws/install/microcdr/lib:/home/ubuntu/ROS2/microros_ws/install/rosidl_typesupport_microxrcedds_cpp/lib:/home/ubuntu/ROS2/microros_ws/install/micro_ros_agent/lib:/home/ubuntu/ROS2/microros_ws/install/micro_ros_msgs/lib:/home/ubuntu/ROS2/microros_ws/install/drive_base_msgs/lib:/home/ubuntu/ROS2/dev_ws/install/msg_pkg/lib:/opt/ros/foxy/opt/yaml_cpp_vendor/lib:/opt/ros/foxy/opt/rviz_ogre_vendor/lib:/opt/ros/foxy/lib/aarch64-linux-gnu:/opt/ros/foxy/lib PYTHONPATH=/home/ubuntu/ROS2/microros_ws/install/rosidl_typesupport_microxrcedds_c/lib/python3.8/site-packages:/home/ubuntu/ROS2/microros_ws/install/rosidl_typesupport_microxrcedds_cpp/lib/python3.8/site-packages:/home/ubuntu/ROS2/microros_ws/install/micro_ros_msgs/lib/python3.8/site-packages:/home/ubuntu/ROS2/microros_ws/install/drive_base_msgs/lib/python3.8/site-packages:/home/ubuntu/ROS2/dev_ws/install/msg_pkg/lib/python3.8/site-packages:/opt/ros/foxy/lib/python3.8/site-packages /usr/bin/cmake --build /home/ubuntu/ROS2/microros_ws/build/rosidl_typesupport_microxrcedds_cpp -- -j4 -l4
[1.137s] [100%] Built target rosidl_typesupport_microxrcedds_cpp
[1.274s] Invoked command in '/home/ubuntu/ROS2/microros_ws/build/rosidl_typesupport_microxrcedds_cpp' returned '0': CMAKE_PREFIX_PATH=/home/ubuntu/ROS2/microros_ws/install/rosidl_typesupport_microxrcedds_c:/home/ubuntu/ROS2/microros_ws/install/microcdr:/home/ubuntu/ROS2/microros_ws/install/rosidl_typesupport_microxrcedds_cpp:/home/ubuntu/ROS2/microros_ws/install/micro_ros_setup:/home/ubuntu/ROS2/microros_ws/install/micro_ros_agent:/home/ubuntu/ROS2/microros_ws/install/micro_ros_msgs:/home/ubuntu/ROS2/microros_ws/install/drive_base_msgs:/home/ubuntu/ROS2/dev_ws/install/learning_node:/home/ubuntu/ROS2/dev_ws/install/msg_pkg:/opt/ros/foxy LD_LIBRARY_PATH=/home/ubuntu/ROS2/microros_ws/install/rosidl_typesupport_microxrcedds_c/lib:/home/ubuntu/ROS2/microros_ws/install/microcdr/lib:/home/ubuntu/ROS2/microros_ws/install/rosidl_typesupport_microxrcedds_cpp/lib:/home/ubuntu/ROS2/microros_ws/install/micro_ros_agent/lib:/home/ubuntu/ROS2/microros_ws/install/micro_ros_msgs/lib:/home/ubuntu/ROS2/microros_ws/install/drive_base_msgs/lib:/home/ubuntu/ROS2/dev_ws/install/msg_pkg/lib:/opt/ros/foxy/opt/yaml_cpp_vendor/lib:/opt/ros/foxy/opt/rviz_ogre_vendor/lib:/opt/ros/foxy/lib/aarch64-linux-gnu:/opt/ros/foxy/lib PYTHONPATH=/home/ubuntu/ROS2/microros_ws/install/rosidl_typesupport_microxrcedds_c/lib/python3.8/site-packages:/home/ubuntu/ROS2/microros_ws/install/rosidl_typesupport_microxrcedds_cpp/lib/python3.8/site-packages:/home/ubuntu/ROS2/microros_ws/install/micro_ros_msgs/lib/python3.8/site-packages:/home/ubuntu/ROS2/microros_ws/install/drive_base_msgs/lib/python3.8/site-packages:/home/ubuntu/ROS2/dev_ws/install/msg_pkg/lib/python3.8/site-packages:/opt/ros/foxy/lib/python3.8/site-packages /usr/bin/cmake --build /home/ubuntu/ROS2/microros_ws/build/rosidl_typesupport_microxrcedds_cpp -- -j4 -l4
[1.771s] Invoking command in '/home/ubuntu/ROS2/microros_ws/build/rosidl_typesupport_microxrcedds_cpp': CMAKE_PREFIX_PATH=/home/ubuntu/ROS2/microros_ws/install/rosidl_typesupport_microxrcedds_c:/home/ubuntu/ROS2/microros_ws/install/microcdr:/home/ubuntu/ROS2/microros_ws/install/rosidl_typesupport_microxrcedds_cpp:/home/ubuntu/ROS2/microros_ws/install/micro_ros_setup:/home/ubuntu/ROS2/microros_ws/install/micro_ros_agent:/home/ubuntu/ROS2/microros_ws/install/micro_ros_msgs:/home/ubuntu/ROS2/microros_ws/install/drive_base_msgs:/home/ubuntu/ROS2/dev_ws/install/learning_node:/home/ubuntu/ROS2/dev_ws/install/msg_pkg:/opt/ros/foxy LD_LIBRARY_PATH=/home/ubuntu/ROS2/microros_ws/install/rosidl_typesupport_microxrcedds_c/lib:/home/ubuntu/ROS2/microros_ws/install/microcdr/lib:/home/ubuntu/ROS2/microros_ws/install/rosidl_typesupport_microxrcedds_cpp/lib:/home/ubuntu/ROS2/microros_ws/install/micro_ros_agent/lib:/home/ubuntu/ROS2/microros_ws/install/micro_ros_msgs/lib:/home/ubuntu/ROS2/microros_ws/install/drive_base_msgs/lib:/home/ubuntu/ROS2/dev_ws/install/msg_pkg/lib:/opt/ros/foxy/opt/yaml_cpp_vendor/lib:/opt/ros/foxy/opt/rviz_ogre_vendor/lib:/opt/ros/foxy/lib/aarch64-linux-gnu:/opt/ros/foxy/lib PYTHONPATH=/home/ubuntu/ROS2/microros_ws/install/rosidl_typesupport_microxrcedds_c/lib/python3.8/site-packages:/home/ubuntu/ROS2/microros_ws/install/rosidl_typesupport_microxrcedds_cpp/lib/python3.8/site-packages:/home/ubuntu/ROS2/microros_ws/install/micro_ros_msgs/lib/python3.8/site-packages:/home/ubuntu/ROS2/microros_ws/install/drive_base_msgs/lib/python3.8/site-packages:/home/ubuntu/ROS2/dev_ws/install/msg_pkg/lib/python3.8/site-packages:/opt/ros/foxy/lib/python3.8/site-packages /usr/bin/cmake --install /home/ubuntu/ROS2/microros_ws/build/rosidl_typesupport_microxrcedds_cpp
[1.847s] -- Install configuration: ""
[1.850s] -- Up-to-date: /home/ubuntu/ROS2/microros_ws/install/rosidl_typesupport_microxrcedds_cpp/share/rosidl_typesupport_microxrcedds_cpp/environment/pythonpath.sh
[1.852s] -- Up-to-date: /home/ubuntu/ROS2/microros_ws/install/rosidl_typesupport_microxrcedds_cpp/share/rosidl_typesupport_microxrcedds_cpp/environment/pythonpath.dsv
[1.854s] -- Up-to-date: /home/ubuntu/ROS2/microros_ws/install/rosidl_typesupport_microxrcedds_cpp/lib/python3.8/site-packages/rosidl_typesupport_microxrcedds_cpp
[1.856s] -- Up-to-date: /home/ubuntu/ROS2/microros_ws/install/rosidl_typesupport_microxrcedds_cpp/lib/python3.8/site-packages/rosidl_typesupport_microxrcedds_cpp/__init__.py
[2.160s] Listing '/home/ubuntu/ROS2/microros_ws/install/rosidl_typesupport_microxrcedds_cpp/lib/python3.8/site-packages/rosidl_typesupport_microxrcedds_cpp'...
[2.195s] -- Up-to-date: /home/ubuntu/ROS2/microros_ws/install/rosidl_typesupport_microxrcedds_cpp/share/rosidl_typesupport_microxrcedds_cpp/environment/library_path.sh
[2.197s] -- Up-to-date: /home/ubuntu/ROS2/microros_ws/install/rosidl_typesupport_microxrcedds_cpp/share/rosidl_typesupport_microxrcedds_cpp/environment/library_path.dsv
[2.199s] -- Up-to-date: /home/ubuntu/ROS2/microros_ws/install/rosidl_typesupport_microxrcedds_cpp/share/ament_index/resource_index/rosidl_typesupport_cpp/rosidl_typesupport_microxrcedds_cpp
[2.202s] -- Up-to-date: /home/ubuntu/ROS2/microros_ws/install/rosidl_typesupport_microxrcedds_cpp/share/ament_index/resource_index/package_run_dependencies/rosidl_typesupport_microxrcedds_cpp
[2.205s] -- Up-to-date: /home/ubuntu/ROS2/microros_ws/install/rosidl_typesupport_microxrcedds_cpp/share/ament_index/resource_index/parent_prefix_path/rosidl_typesupport_microxrcedds_cpp
[2.210s] -- Up-to-date: /home/ubuntu/ROS2/microros_ws/install/rosidl_typesupport_microxrcedds_cpp/share/rosidl_typesupport_microxrcedds_cpp/environment/ament_prefix_path.sh
[2.211s] -- Up-to-date: /home/ubuntu/ROS2/microros_ws/install/rosidl_typesupport_microxrcedds_cpp/share/rosidl_typesupport_microxrcedds_cpp/environment/ament_prefix_path.dsv
[2.219s] -- Up-to-date: /home/ubuntu/ROS2/microros_ws/install/rosidl_typesupport_microxrcedds_cpp/share/rosidl_typesupport_microxrcedds_cpp/environment/path.sh
[2.226s] -- Up-to-date: /home/ubuntu/ROS2/microros_ws/install/rosidl_typesupport_microxrcedds_cpp/share/rosidl_typesupport_microxrcedds_cpp/environment/path.dsv
[2.227s] -- Up-to-date: /home/ubuntu/ROS2/microros_ws/install/rosidl_typesupport_microxrcedds_cpp/share/rosidl_typesupport_microxrcedds_cpp/local_setup.bash
[2.227s] -- Up-to-date: /home/ubuntu/ROS2/microros_ws/install/rosidl_typesupport_microxrcedds_cpp/share/rosidl_typesupport_microxrcedds_cpp/local_setup.sh
[2.250s] -- Up-to-date: /home/ubuntu/ROS2/microros_ws/install/rosidl_typesupport_microxrcedds_cpp/share/rosidl_typesupport_microxrcedds_cpp/local_setup.zsh
[2.251s] -- Up-to-date: /home/ubuntu/ROS2/microros_ws/install/rosidl_typesupport_microxrcedds_cpp/share/rosidl_typesupport_microxrcedds_cpp/local_setup.dsv
[2.251s] -- Installing: /home/ubuntu/ROS2/microros_ws/install/rosidl_typesupport_microxrcedds_cpp/share/rosidl_typesupport_microxrcedds_cpp/package.dsv
[2.252s] -- Up-to-date: /home/ubuntu/ROS2/microros_ws/install/rosidl_typesupport_microxrcedds_cpp/share/ament_index/resource_index/packages/rosidl_typesupport_microxrcedds_cpp
[2.253s] -- Up-to-date: /home/ubuntu/ROS2/microros_ws/install/rosidl_typesupport_microxrcedds_cpp/share/rosidl_typesupport_microxrcedds_cpp/cmake/rosidl_typesupport_microxrcedds_cppExport.cmake
[2.253s] -- Up-to-date: /home/ubuntu/ROS2/microros_ws/install/rosidl_typesupport_microxrcedds_cpp/share/rosidl_typesupport_microxrcedds_cpp/cmake/rosidl_typesupport_microxrcedds_cppExport-noconfig.cmake
[2.254s] -- Up-to-date: /home/ubuntu/ROS2/microros_ws/install/rosidl_typesupport_microxrcedds_cpp/share/rosidl_typesupport_microxrcedds_cpp/cmake/rosidl_typesupport_microxrcedds_cpp-extras.cmake
[2.255s] -- Up-to-date: /home/ubuntu/ROS2/microros_ws/install/rosidl_typesupport_microxrcedds_cpp/share/rosidl_typesupport_microxrcedds_cpp/cmake/ament_cmake_export_dependencies-extras.cmake
[2.255s] -- Up-to-date: /home/ubuntu/ROS2/microros_ws/install/rosidl_typesupport_microxrcedds_cpp/share/rosidl_typesupport_microxrcedds_cpp/cmake/ament_cmake_export_include_directories-extras.cmake
[2.259s] -- Up-to-date: /home/ubuntu/ROS2/microros_ws/install/rosidl_typesupport_microxrcedds_cpp/share/rosidl_typesupport_microxrcedds_cpp/cmake/ament_cmake_export_libraries-extras.cmake
[2.260s] -- Up-to-date: /home/ubuntu/ROS2/microros_ws/install/rosidl_typesupport_microxrcedds_cpp/share/rosidl_typesupport_microxrcedds_cpp/cmake/ament_cmake_export_targets-extras.cmake
[2.261s] -- Up-to-date: /home/ubuntu/ROS2/microros_ws/install/rosidl_typesupport_microxrcedds_cpp/share/rosidl_typesupport_microxrcedds_cpp/cmake/rosidl_typesupport_microxrcedds_cppConfig.cmake
[2.262s] -- Up-to-date: /home/ubuntu/ROS2/microros_ws/install/rosidl_typesupport_microxrcedds_cpp/share/rosidl_typesupport_microxrcedds_cpp/cmake/rosidl_typesupport_microxrcedds_cppConfig-version.cmake
[2.264s] -- Up-to-date: /home/ubuntu/ROS2/microros_ws/install/rosidl_typesupport_microxrcedds_cpp/share/rosidl_typesupport_microxrcedds_cpp/package.xml
[2.265s] -- Up-to-date: /home/ubuntu/ROS2/microros_ws/install/rosidl_typesupport_microxrcedds_cpp/lib/rosidl_typesupport_microxrcedds_cpp/rosidl_typesupport_microxrcedds_cpp
[2.266s] -- Up-to-date: /home/ubuntu/ROS2/microros_ws/install/rosidl_typesupport_microxrcedds_cpp/share/rosidl_typesupport_microxrcedds_cpp/cmake
[2.266s] -- Up-to-date: /home/ubuntu/ROS2/microros_ws/install/rosidl_typesupport_microxrcedds_cpp/share/rosidl_typesupport_microxrcedds_cpp/cmake/rosidl_typesupport_microxrcedds_cpp_generate_interfaces.cmake
[2.267s] -- Up-to-date: /home/ubuntu/ROS2/microros_ws/install/rosidl_typesupport_microxrcedds_cpp/share/rosidl_typesupport_microxrcedds_cpp/resource
[2.268s] -- Up-to-date: /home/ubuntu/ROS2/microros_ws/install/rosidl_typesupport_microxrcedds_cpp/share/rosidl_typesupport_microxrcedds_cpp/resource/idl__rosidl_typesupport_microxrcedds_cpp.hpp.em
[2.268s] -- Up-to-date: /home/ubuntu/ROS2/microros_ws/install/rosidl_typesupport_microxrcedds_cpp/share/rosidl_typesupport_microxrcedds_cpp/resource/msg__rosidl_typesupport_microxrcedds_cpp.hpp.em
[2.269s] -- Up-to-date: /home/ubuntu/ROS2/microros_ws/install/rosidl_typesupport_microxrcedds_cpp/share/rosidl_typesupport_microxrcedds_cpp/resource/msg__type_support_cpp.cpp.em
[2.269s] -- Up-to-date: /home/ubuntu/ROS2/microros_ws/install/rosidl_typesupport_microxrcedds_cpp/share/rosidl_typesupport_microxrcedds_cpp/resource/rosidl_typesupport_microxrcedds_cpp__visibility_control.h.in
[2.270s] -- Up-to-date: /home/ubuntu/ROS2/microros_ws/install/rosidl_typesupport_microxrcedds_cpp/share/rosidl_typesupport_microxrcedds_cpp/resource/srv__type_support_cpp.cpp.em
[2.271s] -- Up-to-date: /home/ubuntu/ROS2/microros_ws/install/rosidl_typesupport_microxrcedds_cpp/share/rosidl_typesupport_microxrcedds_cpp/resource/srv__rosidl_typesupport_microxrcedds_cpp.hpp.em
[2.271s] -- Up-to-date: /home/ubuntu/ROS2/microros_ws/install/rosidl_typesupport_microxrcedds_cpp/share/rosidl_typesupport_microxrcedds_cpp/resource/idl__type_support_cpp.cpp.em
[2.285s] -- Up-to-date: /home/ubuntu/ROS2/microros_ws/install/rosidl_typesupport_microxrcedds_cpp/include
[2.286s] -- Up-to-date: /home/ubuntu/ROS2/microros_ws/install/rosidl_typesupport_microxrcedds_cpp/include/rosidl_typesupport_microxrcedds_cpp
[2.287s] -- Up-to-date: /home/ubuntu/ROS2/microros_ws/install/rosidl_typesupport_microxrcedds_cpp/include/rosidl_typesupport_microxrcedds_cpp/service_type_support_decl.hpp
[2.287s] -- Up-to-date: /home/ubuntu/ROS2/microros_ws/install/rosidl_typesupport_microxrcedds_cpp/include/rosidl_typesupport_microxrcedds_cpp/visibility_control.h
[2.288s] -- Up-to-date: /home/ubuntu/ROS2/microros_ws/install/rosidl_typesupport_microxrcedds_cpp/include/rosidl_typesupport_microxrcedds_cpp/identifier.hpp
[2.289s] -- Up-to-date: /home/ubuntu/ROS2/microros_ws/install/rosidl_typesupport_microxrcedds_cpp/include/rosidl_typesupport_microxrcedds_cpp/message_type_support_decl.hpp
[2.290s] -- Up-to-date: /home/ubuntu/ROS2/microros_ws/install/rosidl_typesupport_microxrcedds_cpp/include/rosidl_typesupport_microxrcedds_cpp/identifier.h
[2.290s] -- Up-to-date: /home/ubuntu/ROS2/microros_ws/install/rosidl_typesupport_microxrcedds_cpp/lib/librosidl_typesupport_microxrcedds_cpp.so
[2.324s] Invoked command in '/home/ubuntu/ROS2/microros_ws/build/rosidl_typesupport_microxrcedds_cpp' returned '0': CMAKE_PREFIX_PATH=/home/ubuntu/ROS2/microros_ws/install/rosidl_typesupport_microxrcedds_c:/home/ubuntu/ROS2/microros_ws/install/microcdr:/home/ubuntu/ROS2/microros_ws/install/rosidl_typesupport_microxrcedds_cpp:/home/ubuntu/ROS2/microros_ws/install/micro_ros_setup:/home/ubuntu/ROS2/microros_ws/install/micro_ros_agent:/home/ubuntu/ROS2/microros_ws/install/micro_ros_msgs:/home/ubuntu/ROS2/microros_ws/install/drive_base_msgs:/home/ubuntu/ROS2/dev_ws/install/learning_node:/home/ubuntu/ROS2/dev_ws/install/msg_pkg:/opt/ros/foxy LD_LIBRARY_PATH=/home/ubuntu/ROS2/microros_ws/install/rosidl_typesupport_microxrcedds_c/lib:/home/ubuntu/ROS2/microros_ws/install/microcdr/lib:/home/ubuntu/ROS2/microros_ws/install/rosidl_typesupport_microxrcedds_cpp/lib:/home/ubuntu/ROS2/microros_ws/install/micro_ros_agent/lib:/home/ubuntu/ROS2/microros_ws/install/micro_ros_msgs/lib:/home/ubuntu/ROS2/microros_ws/install/drive_base_msgs/lib:/home/ubuntu/ROS2/dev_ws/install/msg_pkg/lib:/opt/ros/foxy/opt/yaml_cpp_vendor/lib:/opt/ros/foxy/opt/rviz_ogre_vendor/lib:/opt/ros/foxy/lib/aarch64-linux-gnu:/opt/ros/foxy/lib PYTHONPATH=/home/ubuntu/ROS2/microros_ws/install/rosidl_typesupport_microxrcedds_c/lib/python3.8/site-packages:/home/ubuntu/ROS2/microros_ws/install/rosidl_typesupport_microxrcedds_cpp/lib/python3.8/site-packages:/home/ubuntu/ROS2/microros_ws/install/micro_ros_msgs/lib/python3.8/site-packages:/home/ubuntu/ROS2/microros_ws/install/drive_base_msgs/lib/python3.8/site-packages:/home/ubuntu/ROS2/dev_ws/install/msg_pkg/lib/python3.8/site-packages:/opt/ros/foxy/lib/python3.8/site-packages /usr/bin/cmake --install /home/ubuntu/ROS2/microros_ws/build/rosidl_typesupport_microxrcedds_cpp
