Not searching for unused variables given on the command line.
-- The C compiler identification is GNU 9.4.0
-- The CXX compiler identification is GNU 9.4.0
-- Check for working C compiler: /usr/bin/arm-linux-gnueabihf-gcc
-- Check for working C compiler: /usr/bin/arm-linux-gnueabihf-gcc -- works
-- Detecting C compiler ABI info
-- Detecting C compiler ABI info - done
-- Detecting C compile features
-- Detecting C compile features - done
-- Check for working CXX compiler: /usr/bin/arm-linux-gnueabihf-g++
-- Check for working CXX compiler: /usr/bin/arm-linux-gnueabihf-g++ -- works
-- Detecting CXX compiler ABI info
-- Detecting CXX compiler ABI info - done
-- Detecting CXX compile features
-- Detecting CXX compile features - done
-- Found ament_cmake: 0.9.12 (/home/ubuntu/ROS2/microros_ws/firmware/dev_ws/install/ament_cmake/share/ament_cmake/cmake)
-- Found PythonInterp: /usr/bin/python3 (found suitable version "3.8.10", minimum required is "3") 
-- Using PYTHON_EXECUTABLE: /usr/bin/python3
-- Found rosidl_default_generators: 1.0.1 (/home/ubuntu/ROS2/microros_ws/firmware/mcu_ws/install/share/rosidl_default_generators/cmake)
-- Using single rosidl_typesupport_c: rosidl_typesupport_microxrcedds_c
-- Found rosidl_adapter: 1.3.1 (/home/ubuntu/ROS2/microros_ws/firmware/mcu_ws/install/share/rosidl_adapter/cmake)
-- Found std_msgs: 2.0.5 (/home/ubuntu/ROS2/microros_ws/firmware/mcu_ws/install/share/std_msgs/cmake)
-- Found PythonInterp: /usr/bin/python3 (found version "3.8.10") 
-- Found ament_cmake_ros: 0.9.2 (/home/ubuntu/ROS2/microros_ws/firmware/dev_ws/install/ament_cmake_ros/share/ament_cmake_ros/cmake)
-- Using single rosidl_typesupport_c: rosidl_typesupport_microxrcedds_c
-- Configuring done
-- Generating done
-- Build files have been written to: /home/ubuntu/ROS2/microros_ws/firmware/mcu_ws/build/diagnostic_msgs
/usr/bin/cmake -S/home/ubuntu/ROS2/microros_ws/firmware/mcu_ws/ros2/common_interfaces/diagnostic_msgs -B/home/ubuntu/ROS2/microros_ws/firmware/mcu_ws/build/diagnostic_msgs --check-build-system CMakeFiles/Makefile.cmake 0
/usr/bin/cmake -E cmake_progress_start /home/ubuntu/ROS2/microros_ws/firmware/mcu_ws/build/diagnostic_msgs/CMakeFiles /home/ubuntu/ROS2/microros_ws/firmware/mcu_ws/build/diagnostic_msgs/CMakeFiles/progress.marks
/usr/bin/make -f CMakeFiles/Makefile2 all
make[1]: Entering directory '/home/ubuntu/ROS2/microros_ws/firmware/mcu_ws/build/diagnostic_msgs'
/usr/bin/make -f CMakeFiles/diagnostic_msgs__rosidl_generator_c.dir/build.make CMakeFiles/diagnostic_msgs__rosidl_generator_c.dir/depend
make[2]: Entering directory '/home/ubuntu/ROS2/microros_ws/firmware/mcu_ws/build/diagnostic_msgs'
[  4%] [34m[1mGenerating C code for ROS interfaces[0m
/usr/bin/python3 /home/ubuntu/ROS2/microros_ws/firmware/mcu_ws/install/share/rosidl_generator_c/cmake/../../../lib/rosidl_generator_c/rosidl_generator_c --generator-arguments-file /home/ubuntu/ROS2/microros_ws/firmware/mcu_ws/build/diagnostic_msgs/rosidl_generator_c__arguments.json
cd /home/ubuntu/ROS2/microros_ws/firmware/mcu_ws/build/diagnostic_msgs && /usr/bin/cmake -E cmake_depends "Unix Makefiles" /home/ubuntu/ROS2/microros_ws/firmware/mcu_ws/ros2/common_interfaces/diagnostic_msgs /home/ubuntu/ROS2/microros_ws/firmware/mcu_ws/ros2/common_interfaces/diagnostic_msgs /home/ubuntu/ROS2/microros_ws/firmware/mcu_ws/build/diagnostic_msgs /home/ubuntu/ROS2/microros_ws/firmware/mcu_ws/build/diagnostic_msgs /home/ubuntu/ROS2/microros_ws/firmware/mcu_ws/build/diagnostic_msgs/CMakeFiles/diagnostic_msgs__rosidl_generator_c.dir/DependInfo.cmake --color=
Dependee "/home/ubuntu/ROS2/microros_ws/firmware/mcu_ws/build/diagnostic_msgs/CMakeFiles/diagnostic_msgs__rosidl_generator_c.dir/DependInfo.cmake" is newer than depender "/home/ubuntu/ROS2/microros_ws/firmware/mcu_ws/build/diagnostic_msgs/CMakeFiles/diagnostic_msgs__rosidl_generator_c.dir/depend.internal".
Dependee "/home/ubuntu/ROS2/microros_ws/firmware/mcu_ws/build/diagnostic_msgs/CMakeFiles/CMakeDirectoryInformation.cmake" is newer than depender "/home/ubuntu/ROS2/microros_ws/firmware/mcu_ws/build/diagnostic_msgs/CMakeFiles/diagnostic_msgs__rosidl_generator_c.dir/depend.internal".
[35m[1mScanning dependencies of target diagnostic_msgs__rosidl_generator_c[0m
make[2]: Leaving directory '/home/ubuntu/ROS2/microros_ws/firmware/mcu_ws/build/diagnostic_msgs'
/usr/bin/make -f CMakeFiles/diagnostic_msgs__rosidl_generator_c.dir/build.make CMakeFiles/diagnostic_msgs__rosidl_generator_c.dir/build
make[2]: Entering directory '/home/ubuntu/ROS2/microros_ws/firmware/mcu_ws/build/diagnostic_msgs'
[  9%] [32mBuilding C object CMakeFiles/diagnostic_msgs__rosidl_generator_c.dir/rosidl_generator_c/diagnostic_msgs/msg/detail/diagnostic_array__functions.c.o[0m
/usr/bin/arm-linux-gnueabihf-gcc -DROS_PACKAGE_NAME=\"diagnostic_msgs\" -I/home/ubuntu/ROS2/microros_ws/firmware/mcu_ws/build/diagnostic_msgs/rosidl_generator_c -isystem /home/ubuntu/ROS2/microros_ws/firmware/mcu_ws/install/include -isystem /home/ubuntu/ROS2/microros_ws/firmware/mcu_ws/install/share/tinydir_vendor/cmake/../../../include  -march=armv8-a -mfpu=neon-fp-armv8 -mfloat-abi=hard -O3 -DNDEBUG   -Wall -std=gnu11 -o CMakeFiles/diagnostic_msgs__rosidl_generator_c.dir/rosidl_generator_c/diagnostic_msgs/msg/detail/diagnostic_array__functions.c.o   -c /home/ubuntu/ROS2/microros_ws/firmware/mcu_ws/build/diagnostic_msgs/rosidl_generator_c/diagnostic_msgs/msg/detail/diagnostic_array__functions.c
[ 14%] [32mBuilding C object CMakeFiles/diagnostic_msgs__rosidl_generator_c.dir/rosidl_generator_c/diagnostic_msgs/srv/detail/add_diagnostics__functions.c.o[0m
/usr/bin/arm-linux-gnueabihf-gcc -DROS_PACKAGE_NAME=\"diagnostic_msgs\" -I/home/ubuntu/ROS2/microros_ws/firmware/mcu_ws/build/diagnostic_msgs/rosidl_generator_c -isystem /home/ubuntu/ROS2/microros_ws/firmware/mcu_ws/install/include -isystem /home/ubuntu/ROS2/microros_ws/firmware/mcu_ws/install/share/tinydir_vendor/cmake/../../../include  -march=armv8-a -mfpu=neon-fp-armv8 -mfloat-abi=hard -O3 -DNDEBUG   -Wall -std=gnu11 -o CMakeFiles/diagnostic_msgs__rosidl_generator_c.dir/rosidl_generator_c/diagnostic_msgs/srv/detail/add_diagnostics__functions.c.o   -c /home/ubuntu/ROS2/microros_ws/firmware/mcu_ws/build/diagnostic_msgs/rosidl_generator_c/diagnostic_msgs/srv/detail/add_diagnostics__functions.c
[ 19%] [32mBuilding C object CMakeFiles/diagnostic_msgs__rosidl_generator_c.dir/rosidl_generator_c/diagnostic_msgs/srv/detail/self_test__functions.c.o[0m
/usr/bin/arm-linux-gnueabihf-gcc -DROS_PACKAGE_NAME=\"diagnostic_msgs\" -I/home/ubuntu/ROS2/microros_ws/firmware/mcu_ws/build/diagnostic_msgs/rosidl_generator_c -isystem /home/ubuntu/ROS2/microros_ws/firmware/mcu_ws/install/include -isystem /home/ubuntu/ROS2/microros_ws/firmware/mcu_ws/install/share/tinydir_vendor/cmake/../../../include  -march=armv8-a -mfpu=neon-fp-armv8 -mfloat-abi=hard -O3 -DNDEBUG   -Wall -std=gnu11 -o CMakeFiles/diagnostic_msgs__rosidl_generator_c.dir/rosidl_generator_c/diagnostic_msgs/srv/detail/self_test__functions.c.o   -c /home/ubuntu/ROS2/microros_ws/firmware/mcu_ws/build/diagnostic_msgs/rosidl_generator_c/diagnostic_msgs/srv/detail/self_test__functions.c
[ 23%] [32mBuilding C object CMakeFiles/diagnostic_msgs__rosidl_generator_c.dir/rosidl_generator_c/diagnostic_msgs/msg/detail/key_value__functions.c.o[0m
/usr/bin/arm-linux-gnueabihf-gcc -DROS_PACKAGE_NAME=\"diagnostic_msgs\" -I/home/ubuntu/ROS2/microros_ws/firmware/mcu_ws/build/diagnostic_msgs/rosidl_generator_c -isystem /home/ubuntu/ROS2/microros_ws/firmware/mcu_ws/install/include -isystem /home/ubuntu/ROS2/microros_ws/firmware/mcu_ws/install/share/tinydir_vendor/cmake/../../../include  -march=armv8-a -mfpu=neon-fp-armv8 -mfloat-abi=hard -O3 -DNDEBUG   -Wall -std=gnu11 -o CMakeFiles/diagnostic_msgs__rosidl_generator_c.dir/rosidl_generator_c/diagnostic_msgs/msg/detail/key_value__functions.c.o   -c /home/ubuntu/ROS2/microros_ws/firmware/mcu_ws/build/diagnostic_msgs/rosidl_generator_c/diagnostic_msgs/msg/detail/key_value__functions.c
[ 28%] [32mBuilding C object CMakeFiles/diagnostic_msgs__rosidl_generator_c.dir/rosidl_generator_c/diagnostic_msgs/msg/detail/diagnostic_status__functions.c.o[0m
/usr/bin/arm-linux-gnueabihf-gcc -DROS_PACKAGE_NAME=\"diagnostic_msgs\" -I/home/ubuntu/ROS2/microros_ws/firmware/mcu_ws/build/diagnostic_msgs/rosidl_generator_c -isystem /home/ubuntu/ROS2/microros_ws/firmware/mcu_ws/install/include -isystem /home/ubuntu/ROS2/microros_ws/firmware/mcu_ws/install/share/tinydir_vendor/cmake/../../../include  -march=armv8-a -mfpu=neon-fp-armv8 -mfloat-abi=hard -O3 -DNDEBUG   -Wall -std=gnu11 -o CMakeFiles/diagnostic_msgs__rosidl_generator_c.dir/rosidl_generator_c/diagnostic_msgs/msg/detail/diagnostic_status__functions.c.o   -c /home/ubuntu/ROS2/microros_ws/firmware/mcu_ws/build/diagnostic_msgs/rosidl_generator_c/diagnostic_msgs/msg/detail/diagnostic_status__functions.c
[ 33%] [32m[1mLinking CXX static library libdiagnostic_msgs__rosidl_generator_c.a[0m
/usr/bin/cmake -P CMakeFiles/diagnostic_msgs__rosidl_generator_c.dir/cmake_clean_target.cmake
/usr/bin/cmake -E cmake_link_script CMakeFiles/diagnostic_msgs__rosidl_generator_c.dir/link.txt --verbose=1
/usr/bin/arm-linux-gnueabihf-ar qc libdiagnostic_msgs__rosidl_generator_c.a  CMakeFiles/diagnostic_msgs__rosidl_generator_c.dir/rosidl_generator_c/diagnostic_msgs/msg/detail/diagnostic_array__functions.c.o CMakeFiles/diagnostic_msgs__rosidl_generator_c.dir/rosidl_generator_c/diagnostic_msgs/msg/detail/diagnostic_status__functions.c.o CMakeFiles/diagnostic_msgs__rosidl_generator_c.dir/rosidl_generator_c/diagnostic_msgs/msg/detail/key_value__functions.c.o CMakeFiles/diagnostic_msgs__rosidl_generator_c.dir/rosidl_generator_c/diagnostic_msgs/srv/detail/add_diagnostics__functions.c.o CMakeFiles/diagnostic_msgs__rosidl_generator_c.dir/rosidl_generator_c/diagnostic_msgs/srv/detail/self_test__functions.c.o
/usr/bin/arm-linux-gnueabihf-ranlib libdiagnostic_msgs__rosidl_generator_c.a
make[2]: Leaving directory '/home/ubuntu/ROS2/microros_ws/firmware/mcu_ws/build/diagnostic_msgs'
[ 33%] Built target diagnostic_msgs__rosidl_generator_c
/usr/bin/make -f CMakeFiles/diagnostic_msgs__rosidl_typesupport_microxrcedds_c.dir/build.make CMakeFiles/diagnostic_msgs__rosidl_typesupport_microxrcedds_c.dir/depend
make[2]: Entering directory '/home/ubuntu/ROS2/microros_ws/firmware/mcu_ws/build/diagnostic_msgs'
[ 38%] [34m[1mGenerating C type support for eProsima Micro XRCE-DDS[0m
/usr/bin/python3 /home/ubuntu/ROS2/microros_ws/firmware/mcu_ws/install/lib/rosidl_typesupport_microxrcedds_c/rosidl_typesupport_microxrcedds_c --generator-arguments-file /home/ubuntu/ROS2/microros_ws/firmware/mcu_ws/build/diagnostic_msgs/rosidl_typesupport_microxrcedds_c__arguments.json
cd /home/ubuntu/ROS2/microros_ws/firmware/mcu_ws/build/diagnostic_msgs && /usr/bin/cmake -E cmake_depends "Unix Makefiles" /home/ubuntu/ROS2/microros_ws/firmware/mcu_ws/ros2/common_interfaces/diagnostic_msgs /home/ubuntu/ROS2/microros_ws/firmware/mcu_ws/ros2/common_interfaces/diagnostic_msgs /home/ubuntu/ROS2/microros_ws/firmware/mcu_ws/build/diagnostic_msgs /home/ubuntu/ROS2/microros_ws/firmware/mcu_ws/build/diagnostic_msgs /home/ubuntu/ROS2/microros_ws/firmware/mcu_ws/build/diagnostic_msgs/CMakeFiles/diagnostic_msgs__rosidl_typesupport_microxrcedds_c.dir/DependInfo.cmake --color=
Dependee "/home/ubuntu/ROS2/microros_ws/firmware/mcu_ws/build/diagnostic_msgs/CMakeFiles/diagnostic_msgs__rosidl_typesupport_microxrcedds_c.dir/DependInfo.cmake" is newer than depender "/home/ubuntu/ROS2/microros_ws/firmware/mcu_ws/build/diagnostic_msgs/CMakeFiles/diagnostic_msgs__rosidl_typesupport_microxrcedds_c.dir/depend.internal".
Dependee "/home/ubuntu/ROS2/microros_ws/firmware/mcu_ws/build/diagnostic_msgs/CMakeFiles/CMakeDirectoryInformation.cmake" is newer than depender "/home/ubuntu/ROS2/microros_ws/firmware/mcu_ws/build/diagnostic_msgs/CMakeFiles/diagnostic_msgs__rosidl_typesupport_microxrcedds_c.dir/depend.internal".
[35m[1mScanning dependencies of target diagnostic_msgs__rosidl_typesupport_microxrcedds_c[0m
make[2]: Leaving directory '/home/ubuntu/ROS2/microros_ws/firmware/mcu_ws/build/diagnostic_msgs'
/usr/bin/make -f CMakeFiles/diagnostic_msgs__rosidl_typesupport_microxrcedds_c.dir/build.make CMakeFiles/diagnostic_msgs__rosidl_typesupport_microxrcedds_c.dir/build
make[2]: Entering directory '/home/ubuntu/ROS2/microros_ws/firmware/mcu_ws/build/diagnostic_msgs'
[ 42%] [32mBuilding C object CMakeFiles/diagnostic_msgs__rosidl_typesupport_microxrcedds_c.dir/rosidl_typesupport_microxrcedds_c/diagnostic_msgs/msg/detail/microxrcedds/diagnostic_array__type_support_c.c.o[0m
/usr/bin/arm-linux-gnueabihf-gcc -DROS_PACKAGE_NAME=\"diagnostic_msgs\" -I/home/ubuntu/ROS2/microros_ws/firmware/mcu_ws/build/diagnostic_msgs/rosidl_generator_c -I/home/ubuntu/ROS2/microros_ws/firmware/mcu_ws/build/diagnostic_msgs/rosidl_typesupport_microxrcedds_c -isystem /home/ubuntu/ROS2/microros_ws/firmware/mcu_ws/install/include -isystem /home/ubuntu/ROS2/microros_ws/firmware/mcu_ws/install/share/tinydir_vendor/cmake/../../../include  -march=armv8-a -mfpu=neon-fp-armv8 -mfloat-abi=hard -O3 -DNDEBUG   -Wall -Wextra -Wpedantic -std=gnu99 -o CMakeFiles/diagnostic_msgs__rosidl_typesupport_microxrcedds_c.dir/rosidl_typesupport_microxrcedds_c/diagnostic_msgs/msg/detail/microxrcedds/diagnostic_array__type_support_c.c.o   -c /home/ubuntu/ROS2/microros_ws/firmware/mcu_ws/build/diagnostic_msgs/rosidl_typesupport_microxrcedds_c/diagnostic_msgs/msg/detail/microxrcedds/diagnostic_array__type_support_c.c
[ 47%] [32mBuilding C object CMakeFiles/diagnostic_msgs__rosidl_typesupport_microxrcedds_c.dir/rosidl_typesupport_microxrcedds_c/diagnostic_msgs/srv/detail/microxrcedds/add_diagnostics__type_support_c.c.o[0m
/usr/bin/arm-linux-gnueabihf-gcc -DROS_PACKAGE_NAME=\"diagnostic_msgs\" -I/home/ubuntu/ROS2/microros_ws/firmware/mcu_ws/build/diagnostic_msgs/rosidl_generator_c -I/home/ubuntu/ROS2/microros_ws/firmware/mcu_ws/build/diagnostic_msgs/rosidl_typesupport_microxrcedds_c -isystem /home/ubuntu/ROS2/microros_ws/firmware/mcu_ws/install/include -isystem /home/ubuntu/ROS2/microros_ws/firmware/mcu_ws/install/share/tinydir_vendor/cmake/../../../include  -march=armv8-a -mfpu=neon-fp-armv8 -mfloat-abi=hard -O3 -DNDEBUG   -Wall -Wextra -Wpedantic -std=gnu99 -o CMakeFiles/diagnostic_msgs__rosidl_typesupport_microxrcedds_c.dir/rosidl_typesupport_microxrcedds_c/diagnostic_msgs/srv/detail/microxrcedds/add_diagnostics__type_support_c.c.o   -c /home/ubuntu/ROS2/microros_ws/firmware/mcu_ws/build/diagnostic_msgs/rosidl_typesupport_microxrcedds_c/diagnostic_msgs/srv/detail/microxrcedds/add_diagnostics__type_support_c.c
[ 52%] [32mBuilding C object CMakeFiles/diagnostic_msgs__rosidl_typesupport_microxrcedds_c.dir/rosidl_typesupport_microxrcedds_c/diagnostic_msgs/srv/detail/microxrcedds/self_test__type_support_c.c.o[0m
/usr/bin/arm-linux-gnueabihf-gcc -DROS_PACKAGE_NAME=\"diagnostic_msgs\" -I/home/ubuntu/ROS2/microros_ws/firmware/mcu_ws/build/diagnostic_msgs/rosidl_generator_c -I/home/ubuntu/ROS2/microros_ws/firmware/mcu_ws/build/diagnostic_msgs/rosidl_typesupport_microxrcedds_c -isystem /home/ubuntu/ROS2/microros_ws/firmware/mcu_ws/install/include -isystem /home/ubuntu/ROS2/microros_ws/firmware/mcu_ws/install/share/tinydir_vendor/cmake/../../../include  -march=armv8-a -mfpu=neon-fp-armv8 -mfloat-abi=hard -O3 -DNDEBUG   -Wall -Wextra -Wpedantic -std=gnu99 -o CMakeFiles/diagnostic_msgs__rosidl_typesupport_microxrcedds_c.dir/rosidl_typesupport_microxrcedds_c/diagnostic_msgs/srv/detail/microxrcedds/self_test__type_support_c.c.o   -c /home/ubuntu/ROS2/microros_ws/firmware/mcu_ws/build/diagnostic_msgs/rosidl_typesupport_microxrcedds_c/diagnostic_msgs/srv/detail/microxrcedds/self_test__type_support_c.c
[ 57%] [32mBuilding C object CMakeFiles/diagnostic_msgs__rosidl_typesupport_microxrcedds_c.dir/rosidl_typesupport_microxrcedds_c/diagnostic_msgs/msg/detail/microxrcedds/key_value__type_support_c.c.o[0m
/usr/bin/arm-linux-gnueabihf-gcc -DROS_PACKAGE_NAME=\"diagnostic_msgs\" -I/home/ubuntu/ROS2/microros_ws/firmware/mcu_ws/build/diagnostic_msgs/rosidl_generator_c -I/home/ubuntu/ROS2/microros_ws/firmware/mcu_ws/build/diagnostic_msgs/rosidl_typesupport_microxrcedds_c -isystem /home/ubuntu/ROS2/microros_ws/firmware/mcu_ws/install/include -isystem /home/ubuntu/ROS2/microros_ws/firmware/mcu_ws/install/share/tinydir_vendor/cmake/../../../include  -march=armv8-a -mfpu=neon-fp-armv8 -mfloat-abi=hard -O3 -DNDEBUG   -Wall -Wextra -Wpedantic -std=gnu99 -o CMakeFiles/diagnostic_msgs__rosidl_typesupport_microxrcedds_c.dir/rosidl_typesupport_microxrcedds_c/diagnostic_msgs/msg/detail/microxrcedds/key_value__type_support_c.c.o   -c /home/ubuntu/ROS2/microros_ws/firmware/mcu_ws/build/diagnostic_msgs/rosidl_typesupport_microxrcedds_c/diagnostic_msgs/msg/detail/microxrcedds/key_value__type_support_c.c
[ 61%] [32mBuilding C object CMakeFiles/diagnostic_msgs__rosidl_typesupport_microxrcedds_c.dir/rosidl_typesupport_microxrcedds_c/diagnostic_msgs/msg/detail/microxrcedds/diagnostic_status__type_support_c.c.o[0m
/usr/bin/arm-linux-gnueabihf-gcc -DROS_PACKAGE_NAME=\"diagnostic_msgs\" -I/home/ubuntu/ROS2/microros_ws/firmware/mcu_ws/build/diagnostic_msgs/rosidl_generator_c -I/home/ubuntu/ROS2/microros_ws/firmware/mcu_ws/build/diagnostic_msgs/rosidl_typesupport_microxrcedds_c -isystem /home/ubuntu/ROS2/microros_ws/firmware/mcu_ws/install/include -isystem /home/ubuntu/ROS2/microros_ws/firmware/mcu_ws/install/share/tinydir_vendor/cmake/../../../include  -march=armv8-a -mfpu=neon-fp-armv8 -mfloat-abi=hard -O3 -DNDEBUG   -Wall -Wextra -Wpedantic -std=gnu99 -o CMakeFiles/diagnostic_msgs__rosidl_typesupport_microxrcedds_c.dir/rosidl_typesupport_microxrcedds_c/diagnostic_msgs/msg/detail/microxrcedds/diagnostic_status__type_support_c.c.o   -c /home/ubuntu/ROS2/microros_ws/firmware/mcu_ws/build/diagnostic_msgs/rosidl_typesupport_microxrcedds_c/diagnostic_msgs/msg/detail/microxrcedds/diagnostic_status__type_support_c.c
[ 66%] [32m[1mLinking CXX static library libdiagnostic_msgs__rosidl_typesupport_microxrcedds_c.a[0m
/usr/bin/cmake -P CMakeFiles/diagnostic_msgs__rosidl_typesupport_microxrcedds_c.dir/cmake_clean_target.cmake
/usr/bin/cmake -E cmake_link_script CMakeFiles/diagnostic_msgs__rosidl_typesupport_microxrcedds_c.dir/link.txt --verbose=1
/usr/bin/arm-linux-gnueabihf-ar qc libdiagnostic_msgs__rosidl_typesupport_microxrcedds_c.a  CMakeFiles/diagnostic_msgs__rosidl_typesupport_microxrcedds_c.dir/rosidl_typesupport_microxrcedds_c/diagnostic_msgs/msg/detail/microxrcedds/diagnostic_array__type_support_c.c.o CMakeFiles/diagnostic_msgs__rosidl_typesupport_microxrcedds_c.dir/rosidl_typesupport_microxrcedds_c/diagnostic_msgs/msg/detail/microxrcedds/diagnostic_status__type_support_c.c.o CMakeFiles/diagnostic_msgs__rosidl_typesupport_microxrcedds_c.dir/rosidl_typesupport_microxrcedds_c/diagnostic_msgs/msg/detail/microxrcedds/key_value__type_support_c.c.o CMakeFiles/diagnostic_msgs__rosidl_typesupport_microxrcedds_c.dir/rosidl_typesupport_microxrcedds_c/diagnostic_msgs/srv/detail/microxrcedds/add_diagnostics__type_support_c.c.o CMakeFiles/diagnostic_msgs__rosidl_typesupport_microxrcedds_c.dir/rosidl_typesupport_microxrcedds_c/diagnostic_msgs/srv/detail/microxrcedds/self_test__type_support_c.c.o
/usr/bin/arm-linux-gnueabihf-ranlib libdiagnostic_msgs__rosidl_typesupport_microxrcedds_c.a
make[2]: Leaving directory '/home/ubuntu/ROS2/microros_ws/firmware/mcu_ws/build/diagnostic_msgs'
[ 66%] Built target diagnostic_msgs__rosidl_typesupport_microxrcedds_c
/usr/bin/make -f CMakeFiles/diagnostic_msgs__rosidl_typesupport_c.dir/build.make CMakeFiles/diagnostic_msgs__rosidl_typesupport_c.dir/depend
make[2]: Entering directory '/home/ubuntu/ROS2/microros_ws/firmware/mcu_ws/build/diagnostic_msgs'
[ 71%] [34m[1mGenerating C type support dispatch for ROS interfaces[0m
/usr/bin/python3 /home/ubuntu/ROS2/microros_ws/firmware/mcu_ws/install/lib/rosidl_typesupport_c/rosidl_typesupport_c --generator-arguments-file /home/ubuntu/ROS2/microros_ws/firmware/mcu_ws/build/diagnostic_msgs/rosidl_typesupport_c__arguments.json --typesupports rosidl_typesupport_microxrcedds_c
cd /home/ubuntu/ROS2/microros_ws/firmware/mcu_ws/build/diagnostic_msgs && /usr/bin/cmake -E cmake_depends "Unix Makefiles" /home/ubuntu/ROS2/microros_ws/firmware/mcu_ws/ros2/common_interfaces/diagnostic_msgs /home/ubuntu/ROS2/microros_ws/firmware/mcu_ws/ros2/common_interfaces/diagnostic_msgs /home/ubuntu/ROS2/microros_ws/firmware/mcu_ws/build/diagnostic_msgs /home/ubuntu/ROS2/microros_ws/firmware/mcu_ws/build/diagnostic_msgs /home/ubuntu/ROS2/microros_ws/firmware/mcu_ws/build/diagnostic_msgs/CMakeFiles/diagnostic_msgs__rosidl_typesupport_c.dir/DependInfo.cmake --color=
Dependee "/home/ubuntu/ROS2/microros_ws/firmware/mcu_ws/build/diagnostic_msgs/CMakeFiles/diagnostic_msgs__rosidl_typesupport_c.dir/DependInfo.cmake" is newer than depender "/home/ubuntu/ROS2/microros_ws/firmware/mcu_ws/build/diagnostic_msgs/CMakeFiles/diagnostic_msgs__rosidl_typesupport_c.dir/depend.internal".
Dependee "/home/ubuntu/ROS2/microros_ws/firmware/mcu_ws/build/diagnostic_msgs/CMakeFiles/CMakeDirectoryInformation.cmake" is newer than depender "/home/ubuntu/ROS2/microros_ws/firmware/mcu_ws/build/diagnostic_msgs/CMakeFiles/diagnostic_msgs__rosidl_typesupport_c.dir/depend.internal".
[35m[1mScanning dependencies of target diagnostic_msgs__rosidl_typesupport_c[0m
make[2]: Leaving directory '/home/ubuntu/ROS2/microros_ws/firmware/mcu_ws/build/diagnostic_msgs'
/usr/bin/make -f CMakeFiles/diagnostic_msgs__rosidl_typesupport_c.dir/build.make CMakeFiles/diagnostic_msgs__rosidl_typesupport_c.dir/build
make[2]: Entering directory '/home/ubuntu/ROS2/microros_ws/firmware/mcu_ws/build/diagnostic_msgs'
[ 76%] [32mBuilding CXX object CMakeFiles/diagnostic_msgs__rosidl_typesupport_c.dir/rosidl_typesupport_c/diagnostic_msgs/msg/diagnostic_array__type_support.cpp.o[0m
/usr/bin/arm-linux-gnueabihf-g++  -DROS_PACKAGE_NAME=\"diagnostic_msgs\" -I/home/ubuntu/ROS2/microros_ws/firmware/mcu_ws/build/diagnostic_msgs/rosidl_generator_c -I/home/ubuntu/ROS2/microros_ws/firmware/mcu_ws/build/diagnostic_msgs/rosidl_typesupport_c -I/home/ubuntu/ROS2/microros_ws/firmware/mcu_ws/build/diagnostic_msgs/rosidl_typesupport_microxrcedds_c -isystem /home/ubuntu/ROS2/microros_ws/firmware/mcu_ws/install/include -isystem /home/ubuntu/ROS2/microros_ws/firmware/mcu_ws/install/share/tinydir_vendor/cmake/../../../include  -march=armv8-a -mfpu=neon-fp-armv8 -mfloat-abi=hard -O3 -DNDEBUG   -Wall -std=gnu++14 -o CMakeFiles/diagnostic_msgs__rosidl_typesupport_c.dir/rosidl_typesupport_c/diagnostic_msgs/msg/diagnostic_array__type_support.cpp.o -c /home/ubuntu/ROS2/microros_ws/firmware/mcu_ws/build/diagnostic_msgs/rosidl_typesupport_c/diagnostic_msgs/msg/diagnostic_array__type_support.cpp
[ 80%] [32mBuilding CXX object CMakeFiles/diagnostic_msgs__rosidl_typesupport_c.dir/rosidl_typesupport_c/diagnostic_msgs/srv/add_diagnostics__type_support.cpp.o[0m
/usr/bin/arm-linux-gnueabihf-g++  -DROS_PACKAGE_NAME=\"diagnostic_msgs\" -I/home/ubuntu/ROS2/microros_ws/firmware/mcu_ws/build/diagnostic_msgs/rosidl_generator_c -I/home/ubuntu/ROS2/microros_ws/firmware/mcu_ws/build/diagnostic_msgs/rosidl_typesupport_c -I/home/ubuntu/ROS2/microros_ws/firmware/mcu_ws/build/diagnostic_msgs/rosidl_typesupport_microxrcedds_c -isystem /home/ubuntu/ROS2/microros_ws/firmware/mcu_ws/install/include -isystem /home/ubuntu/ROS2/microros_ws/firmware/mcu_ws/install/share/tinydir_vendor/cmake/../../../include  -march=armv8-a -mfpu=neon-fp-armv8 -mfloat-abi=hard -O3 -DNDEBUG   -Wall -std=gnu++14 -o CMakeFiles/diagnostic_msgs__rosidl_typesupport_c.dir/rosidl_typesupport_c/diagnostic_msgs/srv/add_diagnostics__type_support.cpp.o -c /home/ubuntu/ROS2/microros_ws/firmware/mcu_ws/build/diagnostic_msgs/rosidl_typesupport_c/diagnostic_msgs/srv/add_diagnostics__type_support.cpp
[ 85%] [32mBuilding CXX object CMakeFiles/diagnostic_msgs__rosidl_typesupport_c.dir/rosidl_typesupport_c/diagnostic_msgs/srv/self_test__type_support.cpp.o[0m
/usr/bin/arm-linux-gnueabihf-g++  -DROS_PACKAGE_NAME=\"diagnostic_msgs\" -I/home/ubuntu/ROS2/microros_ws/firmware/mcu_ws/build/diagnostic_msgs/rosidl_generator_c -I/home/ubuntu/ROS2/microros_ws/firmware/mcu_ws/build/diagnostic_msgs/rosidl_typesupport_c -I/home/ubuntu/ROS2/microros_ws/firmware/mcu_ws/build/diagnostic_msgs/rosidl_typesupport_microxrcedds_c -isystem /home/ubuntu/ROS2/microros_ws/firmware/mcu_ws/install/include -isystem /home/ubuntu/ROS2/microros_ws/firmware/mcu_ws/install/share/tinydir_vendor/cmake/../../../include  -march=armv8-a -mfpu=neon-fp-armv8 -mfloat-abi=hard -O3 -DNDEBUG   -Wall -std=gnu++14 -o CMakeFiles/diagnostic_msgs__rosidl_typesupport_c.dir/rosidl_typesupport_c/diagnostic_msgs/srv/self_test__type_support.cpp.o -c /home/ubuntu/ROS2/microros_ws/firmware/mcu_ws/build/diagnostic_msgs/rosidl_typesupport_c/diagnostic_msgs/srv/self_test__type_support.cpp
[ 90%] [32mBuilding CXX object CMakeFiles/diagnostic_msgs__rosidl_typesupport_c.dir/rosidl_typesupport_c/diagnostic_msgs/msg/key_value__type_support.cpp.o[0m
/usr/bin/arm-linux-gnueabihf-g++  -DROS_PACKAGE_NAME=\"diagnostic_msgs\" -I/home/ubuntu/ROS2/microros_ws/firmware/mcu_ws/build/diagnostic_msgs/rosidl_generator_c -I/home/ubuntu/ROS2/microros_ws/firmware/mcu_ws/build/diagnostic_msgs/rosidl_typesupport_c -I/home/ubuntu/ROS2/microros_ws/firmware/mcu_ws/build/diagnostic_msgs/rosidl_typesupport_microxrcedds_c -isystem /home/ubuntu/ROS2/microros_ws/firmware/mcu_ws/install/include -isystem /home/ubuntu/ROS2/microros_ws/firmware/mcu_ws/install/share/tinydir_vendor/cmake/../../../include  -march=armv8-a -mfpu=neon-fp-armv8 -mfloat-abi=hard -O3 -DNDEBUG   -Wall -std=gnu++14 -o CMakeFiles/diagnostic_msgs__rosidl_typesupport_c.dir/rosidl_typesupport_c/diagnostic_msgs/msg/key_value__type_support.cpp.o -c /home/ubuntu/ROS2/microros_ws/firmware/mcu_ws/build/diagnostic_msgs/rosidl_typesupport_c/diagnostic_msgs/msg/key_value__type_support.cpp
[ 95%] [32mBuilding CXX object CMakeFiles/diagnostic_msgs__rosidl_typesupport_c.dir/rosidl_typesupport_c/diagnostic_msgs/msg/diagnostic_status__type_support.cpp.o[0m
/usr/bin/arm-linux-gnueabihf-g++  -DROS_PACKAGE_NAME=\"diagnostic_msgs\" -I/home/ubuntu/ROS2/microros_ws/firmware/mcu_ws/build/diagnostic_msgs/rosidl_generator_c -I/home/ubuntu/ROS2/microros_ws/firmware/mcu_ws/build/diagnostic_msgs/rosidl_typesupport_c -I/home/ubuntu/ROS2/microros_ws/firmware/mcu_ws/build/diagnostic_msgs/rosidl_typesupport_microxrcedds_c -isystem /home/ubuntu/ROS2/microros_ws/firmware/mcu_ws/install/include -isystem /home/ubuntu/ROS2/microros_ws/firmware/mcu_ws/install/share/tinydir_vendor/cmake/../../../include  -march=armv8-a -mfpu=neon-fp-armv8 -mfloat-abi=hard -O3 -DNDEBUG   -Wall -std=gnu++14 -o CMakeFiles/diagnostic_msgs__rosidl_typesupport_c.dir/rosidl_typesupport_c/diagnostic_msgs/msg/diagnostic_status__type_support.cpp.o -c /home/ubuntu/ROS2/microros_ws/firmware/mcu_ws/build/diagnostic_msgs/rosidl_typesupport_c/diagnostic_msgs/msg/diagnostic_status__type_support.cpp
[100%] [32m[1mLinking CXX static library libdiagnostic_msgs__rosidl_typesupport_c.a[0m
/usr/bin/cmake -P CMakeFiles/diagnostic_msgs__rosidl_typesupport_c.dir/cmake_clean_target.cmake
/usr/bin/cmake -E cmake_link_script CMakeFiles/diagnostic_msgs__rosidl_typesupport_c.dir/link.txt --verbose=1
/usr/bin/arm-linux-gnueabihf-ar qc libdiagnostic_msgs__rosidl_typesupport_c.a  CMakeFiles/diagnostic_msgs__rosidl_typesupport_c.dir/rosidl_typesupport_c/diagnostic_msgs/msg/diagnostic_array__type_support.cpp.o CMakeFiles/diagnostic_msgs__rosidl_typesupport_c.dir/rosidl_typesupport_c/diagnostic_msgs/msg/diagnostic_status__type_support.cpp.o CMakeFiles/diagnostic_msgs__rosidl_typesupport_c.dir/rosidl_typesupport_c/diagnostic_msgs/msg/key_value__type_support.cpp.o CMakeFiles/diagnostic_msgs__rosidl_typesupport_c.dir/rosidl_typesupport_c/diagnostic_msgs/srv/add_diagnostics__type_support.cpp.o CMakeFiles/diagnostic_msgs__rosidl_typesupport_c.dir/rosidl_typesupport_c/diagnostic_msgs/srv/self_test__type_support.cpp.o
/usr/bin/arm-linux-gnueabihf-ranlib libdiagnostic_msgs__rosidl_typesupport_c.a
make[2]: Leaving directory '/home/ubuntu/ROS2/microros_ws/firmware/mcu_ws/build/diagnostic_msgs'
[100%] Built target diagnostic_msgs__rosidl_typesupport_c
/usr/bin/make -f CMakeFiles/diagnostic_msgs.dir/build.make CMakeFiles/diagnostic_msgs.dir/depend
make[2]: Entering directory '/home/ubuntu/ROS2/microros_ws/firmware/mcu_ws/build/diagnostic_msgs'
cd /home/ubuntu/ROS2/microros_ws/firmware/mcu_ws/build/diagnostic_msgs && /usr/bin/cmake -E cmake_depends "Unix Makefiles" /home/ubuntu/ROS2/microros_ws/firmware/mcu_ws/ros2/common_interfaces/diagnostic_msgs /home/ubuntu/ROS2/microros_ws/firmware/mcu_ws/ros2/common_interfaces/diagnostic_msgs /home/ubuntu/ROS2/microros_ws/firmware/mcu_ws/build/diagnostic_msgs /home/ubuntu/ROS2/microros_ws/firmware/mcu_ws/build/diagnostic_msgs /home/ubuntu/ROS2/microros_ws/firmware/mcu_ws/build/diagnostic_msgs/CMakeFiles/diagnostic_msgs.dir/DependInfo.cmake --color=
Dependee "/home/ubuntu/ROS2/microros_ws/firmware/mcu_ws/build/diagnostic_msgs/CMakeFiles/diagnostic_msgs.dir/DependInfo.cmake" is newer than depender "/home/ubuntu/ROS2/microros_ws/firmware/mcu_ws/build/diagnostic_msgs/CMakeFiles/diagnostic_msgs.dir/depend.internal".
Dependee "/home/ubuntu/ROS2/microros_ws/firmware/mcu_ws/build/diagnostic_msgs/CMakeFiles/CMakeDirectoryInformation.cmake" is newer than depender "/home/ubuntu/ROS2/microros_ws/firmware/mcu_ws/build/diagnostic_msgs/CMakeFiles/diagnostic_msgs.dir/depend.internal".
[35m[1mScanning dependencies of target diagnostic_msgs[0m
make[2]: Leaving directory '/home/ubuntu/ROS2/microros_ws/firmware/mcu_ws/build/diagnostic_msgs'
/usr/bin/make -f CMakeFiles/diagnostic_msgs.dir/build.make CMakeFiles/diagnostic_msgs.dir/build
make[2]: Entering directory '/home/ubuntu/ROS2/microros_ws/firmware/mcu_ws/build/diagnostic_msgs'
make[2]: Nothing to be done for 'CMakeFiles/diagnostic_msgs.dir/build'.
make[2]: Leaving directory '/home/ubuntu/ROS2/microros_ws/firmware/mcu_ws/build/diagnostic_msgs'
[100%] Built target diagnostic_msgs
make[1]: Leaving directory '/home/ubuntu/ROS2/microros_ws/firmware/mcu_ws/build/diagnostic_msgs'
/usr/bin/cmake -E cmake_progress_start /home/ubuntu/ROS2/microros_ws/firmware/mcu_ws/build/diagnostic_msgs/CMakeFiles 0
-- Install configuration: "Release"
-- Installing: /home/ubuntu/ROS2/microros_ws/firmware/mcu_ws/install/share/ament_index/resource_index/rosidl_interfaces/diagnostic_msgs
-- Installing: /home/ubuntu/ROS2/microros_ws/firmware/mcu_ws/install/include/diagnostic_msgs
-- Installing: /home/ubuntu/ROS2/microros_ws/firmware/mcu_ws/install/include/diagnostic_msgs/msg
-- Installing: /home/ubuntu/ROS2/microros_ws/firmware/mcu_ws/install/include/diagnostic_msgs/msg/key_value.h
-- Installing: /home/ubuntu/ROS2/microros_ws/firmware/mcu_ws/install/include/diagnostic_msgs/msg/diagnostic_status.h
-- Installing: /home/ubuntu/ROS2/microros_ws/firmware/mcu_ws/install/include/diagnostic_msgs/msg/detail
-- Installing: /home/ubuntu/ROS2/microros_ws/firmware/mcu_ws/install/include/diagnostic_msgs/msg/detail/key_value__struct.h
-- Installing: /home/ubuntu/ROS2/microros_ws/firmware/mcu_ws/install/include/diagnostic_msgs/msg/detail/diagnostic_array__functions.c
-- Installing: /home/ubuntu/ROS2/microros_ws/firmware/mcu_ws/install/include/diagnostic_msgs/msg/detail/diagnostic_status__functions.c
-- Installing: /home/ubuntu/ROS2/microros_ws/firmware/mcu_ws/install/include/diagnostic_msgs/msg/detail/key_value__functions.h
-- Installing: /home/ubuntu/ROS2/microros_ws/firmware/mcu_ws/install/include/diagnostic_msgs/msg/detail/diagnostic_status__functions.h
-- Installing: /home/ubuntu/ROS2/microros_ws/firmware/mcu_ws/install/include/diagnostic_msgs/msg/detail/diagnostic_array__type_support.h
-- Installing: /home/ubuntu/ROS2/microros_ws/firmware/mcu_ws/install/include/diagnostic_msgs/msg/detail/key_value__type_support.h
-- Installing: /home/ubuntu/ROS2/microros_ws/firmware/mcu_ws/install/include/diagnostic_msgs/msg/detail/diagnostic_status__struct.h
-- Installing: /home/ubuntu/ROS2/microros_ws/firmware/mcu_ws/install/include/diagnostic_msgs/msg/detail/diagnostic_array__functions.h
-- Installing: /home/ubuntu/ROS2/microros_ws/firmware/mcu_ws/install/include/diagnostic_msgs/msg/detail/key_value__functions.c
-- Installing: /home/ubuntu/ROS2/microros_ws/firmware/mcu_ws/install/include/diagnostic_msgs/msg/detail/diagnostic_array__struct.h
-- Installing: /home/ubuntu/ROS2/microros_ws/firmware/mcu_ws/install/include/diagnostic_msgs/msg/detail/diagnostic_status__type_support.h
-- Installing: /home/ubuntu/ROS2/microros_ws/firmware/mcu_ws/install/include/diagnostic_msgs/msg/rosidl_generator_c__visibility_control.h
-- Installing: /home/ubuntu/ROS2/microros_ws/firmware/mcu_ws/install/include/diagnostic_msgs/msg/diagnostic_array.h
-- Installing: /home/ubuntu/ROS2/microros_ws/firmware/mcu_ws/install/include/diagnostic_msgs/srv
-- Installing: /home/ubuntu/ROS2/microros_ws/firmware/mcu_ws/install/include/diagnostic_msgs/srv/add_diagnostics.h
-- Installing: /home/ubuntu/ROS2/microros_ws/firmware/mcu_ws/install/include/diagnostic_msgs/srv/detail
-- Installing: /home/ubuntu/ROS2/microros_ws/firmware/mcu_ws/install/include/diagnostic_msgs/srv/detail/add_diagnostics__functions.h
-- Installing: /home/ubuntu/ROS2/microros_ws/firmware/mcu_ws/install/include/diagnostic_msgs/srv/detail/add_diagnostics__struct.h
-- Installing: /home/ubuntu/ROS2/microros_ws/firmware/mcu_ws/install/include/diagnostic_msgs/srv/detail/add_diagnostics__functions.c
-- Installing: /home/ubuntu/ROS2/microros_ws/firmware/mcu_ws/install/include/diagnostic_msgs/srv/detail/self_test__struct.h
-- Installing: /home/ubuntu/ROS2/microros_ws/firmware/mcu_ws/install/include/diagnostic_msgs/srv/detail/self_test__functions.c
-- Installing: /home/ubuntu/ROS2/microros_ws/firmware/mcu_ws/install/include/diagnostic_msgs/srv/detail/add_diagnostics__type_support.h
-- Installing: /home/ubuntu/ROS2/microros_ws/firmware/mcu_ws/install/include/diagnostic_msgs/srv/detail/self_test__type_support.h
-- Installing: /home/ubuntu/ROS2/microros_ws/firmware/mcu_ws/install/include/diagnostic_msgs/srv/detail/self_test__functions.h
-- Installing: /home/ubuntu/ROS2/microros_ws/firmware/mcu_ws/install/include/diagnostic_msgs/srv/self_test.h
-- Installing: /home/ubuntu/ROS2/microros_ws/firmware/mcu_ws/install/share/diagnostic_msgs/environment/library_path.sh
-- Installing: /home/ubuntu/ROS2/microros_ws/firmware/mcu_ws/install/share/diagnostic_msgs/environment/library_path.dsv
-- Installing: /home/ubuntu/ROS2/microros_ws/firmware/mcu_ws/install/lib/libdiagnostic_msgs__rosidl_generator_c.a
-- Up-to-date: /home/ubuntu/ROS2/microros_ws/firmware/mcu_ws/install/include/diagnostic_msgs
-- Up-to-date: /home/ubuntu/ROS2/microros_ws/firmware/mcu_ws/install/include/diagnostic_msgs/msg
-- Installing: /home/ubuntu/ROS2/microros_ws/firmware/mcu_ws/install/include/diagnostic_msgs/msg/rosidl_typesupport_microxrcedds_c__visibility_control.h
-- Up-to-date: /home/ubuntu/ROS2/microros_ws/firmware/mcu_ws/install/include/diagnostic_msgs/msg/detail
-- Installing: /home/ubuntu/ROS2/microros_ws/firmware/mcu_ws/install/include/diagnostic_msgs/msg/detail/diagnostic_status__rosidl_typesupport_microxrcedds_c.h
-- Installing: /home/ubuntu/ROS2/microros_ws/firmware/mcu_ws/install/include/diagnostic_msgs/msg/detail/microxrcedds
-- Installing: /home/ubuntu/ROS2/microros_ws/firmware/mcu_ws/install/include/diagnostic_msgs/msg/detail/key_value__rosidl_typesupport_microxrcedds_c.h
-- Installing: /home/ubuntu/ROS2/microros_ws/firmware/mcu_ws/install/include/diagnostic_msgs/msg/detail/diagnostic_array__rosidl_typesupport_microxrcedds_c.h
-- Up-to-date: /home/ubuntu/ROS2/microros_ws/firmware/mcu_ws/install/include/diagnostic_msgs/srv
-- Up-to-date: /home/ubuntu/ROS2/microros_ws/firmware/mcu_ws/install/include/diagnostic_msgs/srv/detail
-- Installing: /home/ubuntu/ROS2/microros_ws/firmware/mcu_ws/install/include/diagnostic_msgs/srv/detail/add_diagnostics__rosidl_typesupport_microxrcedds_c.h
-- Installing: /home/ubuntu/ROS2/microros_ws/firmware/mcu_ws/install/include/diagnostic_msgs/srv/detail/microxrcedds
-- Installing: /home/ubuntu/ROS2/microros_ws/firmware/mcu_ws/install/include/diagnostic_msgs/srv/detail/self_test__rosidl_typesupport_microxrcedds_c.h
-- Installing: /home/ubuntu/ROS2/microros_ws/firmware/mcu_ws/install/lib/libdiagnostic_msgs__rosidl_typesupport_microxrcedds_c.a
-- Installing: /home/ubuntu/ROS2/microros_ws/firmware/mcu_ws/install/lib/libdiagnostic_msgs__rosidl_typesupport_c.a
-- Up-to-date: /home/ubuntu/ROS2/microros_ws/firmware/mcu_ws/install/lib/libdiagnostic_msgs__rosidl_typesupport_microxrcedds_c.a
-- Installing: /home/ubuntu/ROS2/microros_ws/firmware/mcu_ws/install/share/diagnostic_msgs/msg/DiagnosticArray.idl
-- Installing: /home/ubuntu/ROS2/microros_ws/firmware/mcu_ws/install/share/diagnostic_msgs/msg/DiagnosticStatus.idl
-- Installing: /home/ubuntu/ROS2/microros_ws/firmware/mcu_ws/install/share/diagnostic_msgs/msg/KeyValue.idl
-- Installing: /home/ubuntu/ROS2/microros_ws/firmware/mcu_ws/install/share/diagnostic_msgs/srv/AddDiagnostics.idl
-- Installing: /home/ubuntu/ROS2/microros_ws/firmware/mcu_ws/install/share/diagnostic_msgs/srv/SelfTest.idl
-- Installing: /home/ubuntu/ROS2/microros_ws/firmware/mcu_ws/install/share/diagnostic_msgs/msg/DiagnosticArray.msg
-- Installing: /home/ubuntu/ROS2/microros_ws/firmware/mcu_ws/install/share/diagnostic_msgs/msg/DiagnosticStatus.msg
-- Installing: /home/ubuntu/ROS2/microros_ws/firmware/mcu_ws/install/share/diagnostic_msgs/msg/KeyValue.msg
-- Installing: /home/ubuntu/ROS2/microros_ws/firmware/mcu_ws/install/share/diagnostic_msgs/srv/AddDiagnostics.srv
-- Installing: /home/ubuntu/ROS2/microros_ws/firmware/mcu_ws/install/share/diagnostic_msgs/srv/AddDiagnostics_Request.msg
-- Installing: /home/ubuntu/ROS2/microros_ws/firmware/mcu_ws/install/share/diagnostic_msgs/srv/AddDiagnostics_Response.msg
-- Installing: /home/ubuntu/ROS2/microros_ws/firmware/mcu_ws/install/share/diagnostic_msgs/srv/SelfTest.srv
-- Installing: /home/ubuntu/ROS2/microros_ws/firmware/mcu_ws/install/share/diagnostic_msgs/srv/SelfTest_Request.msg
-- Installing: /home/ubuntu/ROS2/microros_ws/firmware/mcu_ws/install/share/diagnostic_msgs/srv/SelfTest_Response.msg
-- Installing: /home/ubuntu/ROS2/microros_ws/firmware/mcu_ws/install/share/ament_index/resource_index/package_run_dependencies/diagnostic_msgs
-- Installing: /home/ubuntu/ROS2/microros_ws/firmware/mcu_ws/install/share/ament_index/resource_index/parent_prefix_path/diagnostic_msgs
-- Installing: /home/ubuntu/ROS2/microros_ws/firmware/mcu_ws/install/share/diagnostic_msgs/environment/ament_prefix_path.sh
-- Installing: /home/ubuntu/ROS2/microros_ws/firmware/mcu_ws/install/share/diagnostic_msgs/environment/ament_prefix_path.dsv
-- Installing: /home/ubuntu/ROS2/microros_ws/firmware/mcu_ws/install/share/diagnostic_msgs/environment/path.sh
-- Installing: /home/ubuntu/ROS2/microros_ws/firmware/mcu_ws/install/share/diagnostic_msgs/environment/path.dsv
-- Installing: /home/ubuntu/ROS2/microros_ws/firmware/mcu_ws/install/share/diagnostic_msgs/local_setup.bash
-- Installing: /home/ubuntu/ROS2/microros_ws/firmware/mcu_ws/install/share/diagnostic_msgs/local_setup.sh
-- Installing: /home/ubuntu/ROS2/microros_ws/firmware/mcu_ws/install/share/diagnostic_msgs/local_setup.zsh
-- Installing: /home/ubuntu/ROS2/microros_ws/firmware/mcu_ws/install/share/diagnostic_msgs/local_setup.dsv
-- Installing: /home/ubuntu/ROS2/microros_ws/firmware/mcu_ws/install/share/diagnostic_msgs/package.dsv
-- Installing: /home/ubuntu/ROS2/microros_ws/firmware/mcu_ws/install/share/ament_index/resource_index/packages/diagnostic_msgs
-- Installing: /home/ubuntu/ROS2/microros_ws/firmware/mcu_ws/install/share/diagnostic_msgs/cmake/diagnostic_msgs__rosidl_generator_cExport.cmake
-- Installing: /home/ubuntu/ROS2/microros_ws/firmware/mcu_ws/install/share/diagnostic_msgs/cmake/diagnostic_msgs__rosidl_generator_cExport-release.cmake
-- Installing: /home/ubuntu/ROS2/microros_ws/firmware/mcu_ws/install/share/diagnostic_msgs/cmake/diagnostic_msgs__rosidl_typesupport_cExport.cmake
-- Installing: /home/ubuntu/ROS2/microros_ws/firmware/mcu_ws/install/share/diagnostic_msgs/cmake/diagnostic_msgs__rosidl_typesupport_cExport-release.cmake
-- Installing: /home/ubuntu/ROS2/microros_ws/firmware/mcu_ws/install/share/diagnostic_msgs/cmake/rosidl_cmake-extras.cmake
-- Installing: /home/ubuntu/ROS2/microros_ws/firmware/mcu_ws/install/share/diagnostic_msgs/cmake/ament_cmake_export_dependencies-extras.cmake
-- Installing: /home/ubuntu/ROS2/microros_ws/firmware/mcu_ws/install/share/diagnostic_msgs/cmake/ament_cmake_export_libraries-extras.cmake
-- Installing: /home/ubuntu/ROS2/microros_ws/firmware/mcu_ws/install/share/diagnostic_msgs/cmake/ament_cmake_export_targets-extras.cmake
-- Installing: /home/ubuntu/ROS2/microros_ws/firmware/mcu_ws/install/share/diagnostic_msgs/cmake/ament_cmake_export_include_directories-extras.cmake
-- Installing: /home/ubuntu/ROS2/microros_ws/firmware/mcu_ws/install/share/diagnostic_msgs/cmake/rosidl_cmake_export_typesupport_libraries-extras.cmake
-- Installing: /home/ubuntu/ROS2/microros_ws/firmware/mcu_ws/install/share/diagnostic_msgs/cmake/diagnostic_msgsConfig.cmake
-- Installing: /home/ubuntu/ROS2/microros_ws/firmware/mcu_ws/install/share/diagnostic_msgs/cmake/diagnostic_msgsConfig-version.cmake
-- Installing: /home/ubuntu/ROS2/microros_ws/firmware/mcu_ws/install/share/diagnostic_msgs/package.xml
