[0.742s] DEBUG:colcon:Command line arguments: ['/usr/bin/colcon', 'build']
[0.742s] DEBUG:colcon:Parsed command line arguments: Namespace(ament_cmake_args=None, base_paths=['.'], build_base='build', catkin_cmake_args=None, catkin_skip_building_tests=False, cmake_args=None, cmake_clean_cache=False, cmake_clean_first=False, cmake_force_configure=False, cmake_target=None, cmake_target_skip_unavailable=False, continue_on_error=False, event_handlers=None, executor='sequential', install_base='install', log_base=None, log_level=None, main=<bound method BuildVerb.main of <colcon_core.verb.build.BuildVerb object at 0xffffb2ad0670>>, merge_install=False, paths=None, symlink_install=False, test_result_base=None, verb_extension=<colcon_core.verb.build.BuildVerb object at 0xffffb2ad0670>, verb_name='build', verb_parser=CustomArgumentParser(prog='colcon build', usage=None, description='Build a set of packages.', formatter_class=<class 'colcon_core.command.CustomFormatter'>, conflict_handler='error', add_help=True))
[1.456s] Level 1:colcon.colcon_core.package_discovery:discover_packages(recursive) check parameters
[1.456s] Level 1:colcon.colcon_core.package_discovery:discover_packages(path) check parameters
[1.457s] Level 1:colcon.colcon_core.package_discovery:discover_packages(recursive) discover
[1.457s] INFO:colcon.colcon_core.package_discovery:Crawling recursively for packages in '/home/ubuntu/ROS2/microros_ws'
[1.457s] Level 1:colcon.colcon_core.package_identification:_identify(.) by extensions ['ignore', 'ignore_ament_install']
[1.458s] Level 1:colcon.colcon_core.package_identification:_identify(.) by extension 'ignore'
[1.458s] Level 1:colcon.colcon_core.package_identification:_identify(.) by extension 'ignore_ament_install'
[1.458s] Level 1:colcon.colcon_core.package_identification:_identify(.) by extensions ['ros']
[1.459s] Level 1:colcon.colcon_core.package_identification:_identify(.) by extension 'ros'
[1.499s] Level 1:colcon.colcon_core.package_identification:_identify(.) by extensions ['cmake', 'python']
[1.500s] Level 1:colcon.colcon_core.package_identification:_identify(.) by extension 'cmake'
[1.500s] Level 1:colcon.colcon_core.package_identification:_identify(.) by extension 'python'
[1.500s] Level 1:colcon.colcon_core.package_identification:_identify(.) by extensions ['python_setup_py']
[1.500s] Level 1:colcon.colcon_core.package_identification:_identify(.) by extension 'python_setup_py'
[1.501s] Level 1:colcon.colcon_core.package_identification:_identify(build) by extensions ['ignore', 'ignore_ament_install']
[1.501s] Level 1:colcon.colcon_core.package_identification:_identify(build) by extension 'ignore'
[1.501s] Level 1:colcon.colcon_core.package_identification:_identify(build) ignored
[1.502s] Level 1:colcon.colcon_core.package_identification:_identify(install) by extensions ['ignore', 'ignore_ament_install']
[1.502s] Level 1:colcon.colcon_core.package_identification:_identify(install) by extension 'ignore'
[1.502s] Level 1:colcon.colcon_core.package_identification:_identify(install) ignored
[1.503s] Level 1:colcon.colcon_core.package_identification:_identify(log) by extensions ['ignore', 'ignore_ament_install']
[1.503s] Level 1:colcon.colcon_core.package_identification:_identify(log) by extension 'ignore'
[1.503s] Level 1:colcon.colcon_core.package_identification:_identify(log) ignored
[1.503s] Level 1:colcon.colcon_core.package_identification:_identify(src) by extensions ['ignore', 'ignore_ament_install']
[1.503s] Level 1:colcon.colcon_core.package_identification:_identify(src) by extension 'ignore'
[1.504s] Level 1:colcon.colcon_core.package_identification:_identify(src) by extension 'ignore_ament_install'
[1.504s] Level 1:colcon.colcon_core.package_identification:_identify(src) by extensions ['ros']
[1.504s] Level 1:colcon.colcon_core.package_identification:_identify(src) by extension 'ros'
[1.504s] Level 1:colcon.colcon_core.package_identification:_identify(src) by extensions ['cmake', 'python']
[1.505s] Level 1:colcon.colcon_core.package_identification:_identify(src) by extension 'cmake'
[1.505s] Level 1:colcon.colcon_core.package_identification:_identify(src) by extension 'python'
[1.505s] Level 1:colcon.colcon_core.package_identification:_identify(src) by extensions ['python_setup_py']
[1.505s] Level 1:colcon.colcon_core.package_identification:_identify(src) by extension 'python_setup_py'
[1.505s] Level 1:colcon.colcon_core.package_identification:_identify(src/micro_ros_setup) by extensions ['ignore', 'ignore_ament_install']
[1.506s] Level 1:colcon.colcon_core.package_identification:_identify(src/micro_ros_setup) by extension 'ignore'
[1.506s] Level 1:colcon.colcon_core.package_identification:_identify(src/micro_ros_setup) by extension 'ignore_ament_install'
[1.506s] Level 1:colcon.colcon_core.package_identification:_identify(src/micro_ros_setup) by extensions ['ros']
[1.506s] Level 1:colcon.colcon_core.package_identification:_identify(src/micro_ros_setup) by extension 'ros'
[1.516s] DEBUG:colcon.colcon_core.package_identification:Package 'src/micro_ros_setup' with type 'ros.ament_cmake' and name 'micro_ros_setup'
[1.516s] Level 1:colcon.colcon_core.package_discovery:discover_packages(recursive) using defaults
[1.516s] Level 1:colcon.colcon_core.package_discovery:discover_packages(path) discover
[1.517s] Level 1:colcon.colcon_core.package_discovery:discover_packages(path) using defaults
[1.604s] Level 5:colcon.colcon_core.verb:set package 'micro_ros_setup' build argument 'cmake_args' from command line to 'None'
[1.604s] Level 5:colcon.colcon_core.verb:set package 'micro_ros_setup' build argument 'cmake_target' from command line to 'None'
[1.604s] Level 5:colcon.colcon_core.verb:set package 'micro_ros_setup' build argument 'cmake_target_skip_unavailable' from command line to 'False'
[1.604s] Level 5:colcon.colcon_core.verb:set package 'micro_ros_setup' build argument 'cmake_clean_cache' from command line to 'False'
[1.605s] Level 5:colcon.colcon_core.verb:set package 'micro_ros_setup' build argument 'cmake_clean_first' from command line to 'False'
[1.605s] Level 5:colcon.colcon_core.verb:set package 'micro_ros_setup' build argument 'cmake_force_configure' from command line to 'False'
[1.605s] Level 5:colcon.colcon_core.verb:set package 'micro_ros_setup' build argument 'ament_cmake_args' from command line to 'None'
[1.605s] Level 5:colcon.colcon_core.verb:set package 'micro_ros_setup' build argument 'catkin_cmake_args' from command line to 'None'
[1.605s] Level 5:colcon.colcon_core.verb:set package 'micro_ros_setup' build argument 'catkin_skip_building_tests' from command line to 'False'
[1.605s] DEBUG:colcon.colcon_core.verb:Building package 'micro_ros_setup' with the following arguments: {'ament_cmake_args': None, 'build_base': '/home/ubuntu/ROS2/microros_ws/build/micro_ros_setup', 'catkin_cmake_args': None, 'catkin_skip_building_tests': False, 'cmake_args': None, 'cmake_clean_cache': False, 'cmake_clean_first': False, 'cmake_force_configure': False, 'cmake_target': None, 'cmake_target_skip_unavailable': False, 'install_base': '/home/ubuntu/ROS2/microros_ws/install/micro_ros_setup', 'merge_install': False, 'path': '/home/ubuntu/ROS2/microros_ws/src/micro_ros_setup', 'symlink_install': False, 'test_result_base': None}
[1.606s] INFO:colcon.colcon_core.executor:Executing jobs using 'sequential' executor
[1.608s] DEBUG:colcon.colcon_core.executor.sequential:run_until_complete 'micro_ros_setup'
[1.609s] INFO:colcon.colcon_ros.task.ament_cmake.build:Building ROS package in '/home/ubuntu/ROS2/microros_ws/src/micro_ros_setup' with build type 'ament_cmake'
[1.609s] INFO:colcon.colcon_cmake.task.cmake.build:Building CMake package in '/home/ubuntu/ROS2/microros_ws/src/micro_ros_setup'
[1.614s] INFO:colcon.colcon_core.plugin_system:Skipping extension 'colcon_core.shell.bat': Not used on non-Windows systems
[1.615s] DEBUG:colcon.colcon_core.shell:Skip shell extension 'dsv' for command environment
[1.624s] WARNING:colcon.colcon_ros.prefix_path.ament:The path '/home/ubuntu/ROS2/microros_ws/install/micro_ros_setup' in the environment variable AMENT_PREFIX_PATH doesn't exist
[1.625s] WARNING:colcon.colcon_ros.prefix_path.catkin:The path '/home/ubuntu/ROS2/microros_ws/install/micro_ros_setup' in the environment variable CMAKE_PREFIX_PATH doesn't exist
[1.680s] DEBUG:colcon.colcon_core.event_handler.log_command:Invoking command in '/home/ubuntu/ROS2/microros_ws/build/micro_ros_setup': CMAKE_PREFIX_PATH=${CMAKE_PREFIX_PATH}:/opt/ros/foxy /usr/bin/cmake /home/ubuntu/ROS2/microros_ws/src/micro_ros_setup -DCMAKE_INSTALL_PREFIX=/home/ubuntu/ROS2/microros_ws/install/micro_ros_setup
[6.986s] DEBUG:colcon.colcon_core.event_handler.log_command:Invoked command in '/home/ubuntu/ROS2/microros_ws/build/micro_ros_setup' returned '0': CMAKE_PREFIX_PATH=${CMAKE_PREFIX_PATH}:/opt/ros/foxy /usr/bin/cmake /home/ubuntu/ROS2/microros_ws/src/micro_ros_setup -DCMAKE_INSTALL_PREFIX=/home/ubuntu/ROS2/microros_ws/install/micro_ros_setup
[6.987s] DEBUG:colcon.colcon_core.event_handler.log_command:Invoking command in '/home/ubuntu/ROS2/microros_ws/build/micro_ros_setup': CMAKE_PREFIX_PATH=${CMAKE_PREFIX_PATH}:/opt/ros/foxy /usr/bin/cmake --build /home/ubuntu/ROS2/microros_ws/build/micro_ros_setup -- -j4 -l4
[7.162s] DEBUG:colcon.colcon_core.event_handler.log_command:Invoked command in '/home/ubuntu/ROS2/microros_ws/build/micro_ros_setup' returned '0': CMAKE_PREFIX_PATH=${CMAKE_PREFIX_PATH}:/opt/ros/foxy /usr/bin/cmake --build /home/ubuntu/ROS2/microros_ws/build/micro_ros_setup -- -j4 -l4
[7.307s] DEBUG:colcon.colcon_core.event_handler.log_command:Invoking command in '/home/ubuntu/ROS2/microros_ws/build/micro_ros_setup': CMAKE_PREFIX_PATH=${CMAKE_PREFIX_PATH}:/opt/ros/foxy /usr/bin/cmake --install /home/ubuntu/ROS2/microros_ws/build/micro_ros_setup
[7.505s] Level 1:colcon.colcon_core.environment:create_environment_scripts_only(micro_ros_setup)
[7.506s] DEBUG:colcon.colcon_core.event_handler.log_command:Invoked command in '/home/ubuntu/ROS2/microros_ws/build/micro_ros_setup' returned '0': CMAKE_PREFIX_PATH=${CMAKE_PREFIX_PATH}:/opt/ros/foxy /usr/bin/cmake --install /home/ubuntu/ROS2/microros_ws/build/micro_ros_setup
[7.533s] Level 1:colcon.colcon_core.environment:checking '/home/ubuntu/ROS2/microros_ws/install/micro_ros_setup' for CMake module files
[7.536s] Level 1:colcon.colcon_core.environment:checking '/home/ubuntu/ROS2/microros_ws/install/micro_ros_setup' for CMake config files
[7.543s] Level 1:colcon.colcon_core.shell:create_environment_hook('micro_ros_setup', 'cmake_prefix_path')
[7.543s] INFO:colcon.colcon_core.shell:Creating environment descriptor '/home/ubuntu/ROS2/microros_ws/install/micro_ros_setup/share/micro_ros_setup/hook/cmake_prefix_path.dsv'
[7.548s] INFO:colcon.colcon_core.shell:Creating environment hook '/home/ubuntu/ROS2/microros_ws/install/micro_ros_setup/share/micro_ros_setup/hook/cmake_prefix_path.sh'
[7.553s] Level 1:colcon.colcon_core.environment:checking '/home/ubuntu/ROS2/microros_ws/install/micro_ros_setup/lib'
[7.554s] Level 1:colcon.colcon_core.environment:checking '/home/ubuntu/ROS2/microros_ws/install/micro_ros_setup/bin'
[7.555s] Level 1:colcon.colcon_core.environment:checking '/home/ubuntu/ROS2/microros_ws/install/micro_ros_setup/lib/pkgconfig/micro_ros_setup.pc'
[7.558s] Level 1:colcon.colcon_core.environment:checking '/home/ubuntu/ROS2/microros_ws/install/micro_ros_setup/lib/python3.8/site-packages'
[7.559s] Level 1:colcon.colcon_core.environment:checking '/home/ubuntu/ROS2/microros_ws/install/micro_ros_setup/bin'
[7.560s] INFO:colcon.colcon_core.shell:Creating package descriptor '/home/ubuntu/ROS2/microros_ws/install/micro_ros_setup/share/micro_ros_setup/package.dsv'
[7.563s] INFO:colcon.colcon_core.shell:Creating package script '/home/ubuntu/ROS2/microros_ws/install/micro_ros_setup/share/micro_ros_setup/package.sh'
[7.567s] Level 1:colcon.colcon_core.environment:create_file_with_runtime_dependencies(/home/ubuntu/ROS2/microros_ws/install/micro_ros_setup/share/colcon-core/packages/micro_ros_setup)
[7.674s] Level 1:colcon.colcon_core.environment:create_environment_scripts_only(micro_ros_setup)
[7.676s] Level 1:colcon.colcon_core.environment:checking '/home/ubuntu/ROS2/microros_ws/install/micro_ros_setup' for CMake module files
[7.679s] Level 1:colcon.colcon_core.environment:checking '/home/ubuntu/ROS2/microros_ws/install/micro_ros_setup' for CMake config files
[7.687s] Level 1:colcon.colcon_core.shell:create_environment_hook('micro_ros_setup', 'cmake_prefix_path')
[7.688s] INFO:colcon.colcon_core.shell:Creating environment descriptor '/home/ubuntu/ROS2/microros_ws/install/micro_ros_setup/share/micro_ros_setup/hook/cmake_prefix_path.dsv'
[7.690s] INFO:colcon.colcon_core.shell:Creating environment hook '/home/ubuntu/ROS2/microros_ws/install/micro_ros_setup/share/micro_ros_setup/hook/cmake_prefix_path.sh'
[7.692s] Level 1:colcon.colcon_core.environment:checking '/home/ubuntu/ROS2/microros_ws/install/micro_ros_setup/lib'
[7.693s] Level 1:colcon.colcon_core.environment:checking '/home/ubuntu/ROS2/microros_ws/install/micro_ros_setup/bin'
[7.693s] Level 1:colcon.colcon_core.environment:checking '/home/ubuntu/ROS2/microros_ws/install/micro_ros_setup/lib/pkgconfig/micro_ros_setup.pc'
[7.694s] Level 1:colcon.colcon_core.environment:checking '/home/ubuntu/ROS2/microros_ws/install/micro_ros_setup/lib/python3.8/site-packages'
[7.694s] Level 1:colcon.colcon_core.environment:checking '/home/ubuntu/ROS2/microros_ws/install/micro_ros_setup/bin'
[7.695s] INFO:colcon.colcon_core.shell:Creating package descriptor '/home/ubuntu/ROS2/microros_ws/install/micro_ros_setup/share/micro_ros_setup/package.dsv'
[7.697s] INFO:colcon.colcon_core.shell:Creating package script '/home/ubuntu/ROS2/microros_ws/install/micro_ros_setup/share/micro_ros_setup/package.sh'
[7.699s] Level 1:colcon.colcon_core.environment:create_file_with_runtime_dependencies(/home/ubuntu/ROS2/microros_ws/install/micro_ros_setup/share/colcon-core/packages/micro_ros_setup)
[7.700s] DEBUG:colcon.colcon_core.executor.sequential:run_until_complete 'micro_ros_setup' finished with '0'
[7.701s] DEBUG:colcon.colcon_core.executor.sequential:closing loop
[7.701s] DEBUG:colcon.colcon_core.executor.sequential:loop closed
[7.701s] DEBUG:colcon.colcon_core.event_reactor:joining thread
[7.702s] DEBUG:colcon.colcon_core.event_reactor:joined thread
[7.703s] INFO:colcon.colcon_core.shell:Creating prefix script '/home/ubuntu/ROS2/microros_ws/install/local_setup.sh'
[7.706s] INFO:colcon.colcon_core.shell:Creating prefix util module '/home/ubuntu/ROS2/microros_ws/install/_local_setup_util_sh.py'
[7.711s] INFO:colcon.colcon_core.shell:Creating prefix chain script '/home/ubuntu/ROS2/microros_ws/install/setup.sh'
