[0.198s] Invoking command in '/home/ubuntu/ROS2/microros_ws/build/rosidl_typesupport_microxrcedds_c': CMAKE_PREFIX_PATH=/home/ubuntu/ROS2/microros_ws/install/microcdr:/home/ubuntu/ROS2/microros_ws/install/rosidl_typesupport_microxrcedds_cpp:/home/ubuntu/ROS2/microros_ws/install/rosidl_typesupport_microxrcedds_c:/home/ubuntu/ROS2/microros_ws/install/micro_ros_setup:/home/ubuntu/ROS2/microros_ws/install/micro_ros_agent:/home/ubuntu/ROS2/microros_ws/install/micro_ros_msgs:/home/ubuntu/ROS2/microros_ws/install/drive_base_msgs:/home/ubuntu/ROS2/dev_ws/install/learning_node:/home/ubuntu/ROS2/dev_ws/install/msg_pkg:/opt/ros/foxy LD_LIBRARY_PATH=/home/ubuntu/ROS2/microros_ws/install/microcdr/lib:/home/ubuntu/ROS2/microros_ws/install/rosidl_typesupport_microxrcedds_cpp/lib:/home/ubuntu/ROS2/microros_ws/install/rosidl_typesupport_microxrcedds_c/lib:/home/ubuntu/ROS2/microros_ws/install/micro_ros_agent/lib:/home/ubuntu/ROS2/microros_ws/install/micro_ros_msgs/lib:/home/ubuntu/ROS2/microros_ws/install/drive_base_msgs/lib:/home/ubuntu/ROS2/dev_ws/install/msg_pkg/lib:/opt/ros/foxy/opt/yaml_cpp_vendor/lib:/opt/ros/foxy/opt/rviz_ogre_vendor/lib:/opt/ros/foxy/lib/aarch64-linux-gnu:/opt/ros/foxy/lib /usr/bin/cmake --build /home/ubuntu/ROS2/microros_ws/build/rosidl_typesupport_microxrcedds_c -- -j4 -l4
[0.645s] [100%] Built target rosidl_typesupport_microxrcedds_c
[0.746s] Invoked command in '/home/ubuntu/ROS2/microros_ws/build/rosidl_typesupport_microxrcedds_c' returned '0': CMAKE_PREFIX_PATH=/home/ubuntu/ROS2/microros_ws/install/microcdr:/home/ubuntu/ROS2/microros_ws/install/rosidl_typesupport_microxrcedds_cpp:/home/ubuntu/ROS2/microros_ws/install/rosidl_typesupport_microxrcedds_c:/home/ubuntu/ROS2/microros_ws/install/micro_ros_setup:/home/ubuntu/ROS2/microros_ws/install/micro_ros_agent:/home/ubuntu/ROS2/microros_ws/install/micro_ros_msgs:/home/ubuntu/ROS2/microros_ws/install/drive_base_msgs:/home/ubuntu/ROS2/dev_ws/install/learning_node:/home/ubuntu/ROS2/dev_ws/install/msg_pkg:/opt/ros/foxy LD_LIBRARY_PATH=/home/ubuntu/ROS2/microros_ws/install/microcdr/lib:/home/ubuntu/ROS2/microros_ws/install/rosidl_typesupport_microxrcedds_cpp/lib:/home/ubuntu/ROS2/microros_ws/install/rosidl_typesupport_microxrcedds_c/lib:/home/ubuntu/ROS2/microros_ws/install/micro_ros_agent/lib:/home/ubuntu/ROS2/microros_ws/install/micro_ros_msgs/lib:/home/ubuntu/ROS2/microros_ws/install/drive_base_msgs/lib:/home/ubuntu/ROS2/dev_ws/install/msg_pkg/lib:/opt/ros/foxy/opt/yaml_cpp_vendor/lib:/opt/ros/foxy/opt/rviz_ogre_vendor/lib:/opt/ros/foxy/lib/aarch64-linux-gnu:/opt/ros/foxy/lib /usr/bin/cmake --build /home/ubuntu/ROS2/microros_ws/build/rosidl_typesupport_microxrcedds_c -- -j4 -l4
[1.094s] Invoking command in '/home/ubuntu/ROS2/microros_ws/build/rosidl_typesupport_microxrcedds_c': CMAKE_PREFIX_PATH=/home/ubuntu/ROS2/microros_ws/install/microcdr:/home/ubuntu/ROS2/microros_ws/install/rosidl_typesupport_microxrcedds_cpp:/home/ubuntu/ROS2/microros_ws/install/rosidl_typesupport_microxrcedds_c:/home/ubuntu/ROS2/microros_ws/install/micro_ros_setup:/home/ubuntu/ROS2/microros_ws/install/micro_ros_agent:/home/ubuntu/ROS2/microros_ws/install/micro_ros_msgs:/home/ubuntu/ROS2/microros_ws/install/drive_base_msgs:/home/ubuntu/ROS2/dev_ws/install/learning_node:/home/ubuntu/ROS2/dev_ws/install/msg_pkg:/opt/ros/foxy LD_LIBRARY_PATH=/home/ubuntu/ROS2/microros_ws/install/microcdr/lib:/home/ubuntu/ROS2/microros_ws/install/rosidl_typesupport_microxrcedds_cpp/lib:/home/ubuntu/ROS2/microros_ws/install/rosidl_typesupport_microxrcedds_c/lib:/home/ubuntu/ROS2/microros_ws/install/micro_ros_agent/lib:/home/ubuntu/ROS2/microros_ws/install/micro_ros_msgs/lib:/home/ubuntu/ROS2/microros_ws/install/drive_base_msgs/lib:/home/ubuntu/ROS2/dev_ws/install/msg_pkg/lib:/opt/ros/foxy/opt/yaml_cpp_vendor/lib:/opt/ros/foxy/opt/rviz_ogre_vendor/lib:/opt/ros/foxy/lib/aarch64-linux-gnu:/opt/ros/foxy/lib /usr/bin/cmake --install /home/ubuntu/ROS2/microros_ws/build/rosidl_typesupport_microxrcedds_c
[1.187s] -- Install configuration: ""
[1.190s] -- Up-to-date: /home/ubuntu/ROS2/microros_ws/install/rosidl_typesupport_microxrcedds_c/share/rosidl_typesupport_microxrcedds_c/environment/pythonpath.sh
[1.193s] -- Up-to-date: /home/ubuntu/ROS2/microros_ws/install/rosidl_typesupport_microxrcedds_c/share/rosidl_typesupport_microxrcedds_c/environment/pythonpath.dsv
[1.197s] -- Up-to-date: /home/ubuntu/ROS2/microros_ws/install/rosidl_typesupport_microxrcedds_c/lib/python3.8/site-packages/rosidl_typesupport_microxrcedds_c
[1.200s] -- Up-to-date: /home/ubuntu/ROS2/microros_ws/install/rosidl_typesupport_microxrcedds_c/lib/python3.8/site-packages/rosidl_typesupport_microxrcedds_c/__init__.py
[1.453s] Listing '/home/ubuntu/ROS2/microros_ws/install/rosidl_typesupport_microxrcedds_c/lib/python3.8/site-packages/rosidl_typesupport_microxrcedds_c'...
[1.493s] -- Up-to-date: /home/ubuntu/ROS2/microros_ws/install/rosidl_typesupport_microxrcedds_c/share/rosidl_typesupport_microxrcedds_c/environment/library_path.sh
[1.498s] -- Up-to-date: /home/ubuntu/ROS2/microros_ws/install/rosidl_typesupport_microxrcedds_c/share/rosidl_typesupport_microxrcedds_c/environment/library_path.dsv
[1.502s] -- Up-to-date: /home/ubuntu/ROS2/microros_ws/install/rosidl_typesupport_microxrcedds_c/share/ament_index/resource_index/rosidl_typesupport_c/rosidl_typesupport_microxrcedds_c
[1.506s] -- Up-to-date: /home/ubuntu/ROS2/microros_ws/install/rosidl_typesupport_microxrcedds_c/share/ament_index/resource_index/package_run_dependencies/rosidl_typesupport_microxrcedds_c
[1.511s] -- Up-to-date: /home/ubuntu/ROS2/microros_ws/install/rosidl_typesupport_microxrcedds_c/share/ament_index/resource_index/parent_prefix_path/rosidl_typesupport_microxrcedds_c
[1.514s] -- Up-to-date: /home/ubuntu/ROS2/microros_ws/install/rosidl_typesupport_microxrcedds_c/share/rosidl_typesupport_microxrcedds_c/environment/ament_prefix_path.sh
[1.514s] -- Up-to-date: /home/ubuntu/ROS2/microros_ws/install/rosidl_typesupport_microxrcedds_c/share/rosidl_typesupport_microxrcedds_c/environment/ament_prefix_path.dsv
[1.515s] -- Up-to-date: /home/ubuntu/ROS2/microros_ws/install/rosidl_typesupport_microxrcedds_c/share/rosidl_typesupport_microxrcedds_c/environment/path.sh
[1.516s] -- Up-to-date: /home/ubuntu/ROS2/microros_ws/install/rosidl_typesupport_microxrcedds_c/share/rosidl_typesupport_microxrcedds_c/environment/path.dsv
[1.516s] -- Up-to-date: /home/ubuntu/ROS2/microros_ws/install/rosidl_typesupport_microxrcedds_c/share/rosidl_typesupport_microxrcedds_c/local_setup.bash
[1.517s] -- Up-to-date: /home/ubuntu/ROS2/microros_ws/install/rosidl_typesupport_microxrcedds_c/share/rosidl_typesupport_microxrcedds_c/local_setup.sh
[1.517s] -- Up-to-date: /home/ubuntu/ROS2/microros_ws/install/rosidl_typesupport_microxrcedds_c/share/rosidl_typesupport_microxrcedds_c/local_setup.zsh
[1.522s] -- Up-to-date: /home/ubuntu/ROS2/microros_ws/install/rosidl_typesupport_microxrcedds_c/share/rosidl_typesupport_microxrcedds_c/local_setup.dsv
[1.523s] -- Installing: /home/ubuntu/ROS2/microros_ws/install/rosidl_typesupport_microxrcedds_c/share/rosidl_typesupport_microxrcedds_c/package.dsv
[1.523s] -- Up-to-date: /home/ubuntu/ROS2/microros_ws/install/rosidl_typesupport_microxrcedds_c/share/ament_index/resource_index/packages/rosidl_typesupport_microxrcedds_c
[1.528s] -- Up-to-date: /home/ubuntu/ROS2/microros_ws/install/rosidl_typesupport_microxrcedds_c/share/rosidl_typesupport_microxrcedds_c/cmake/rosidl_typesupport_microxrcedds_cExport.cmake
[1.529s] -- Up-to-date: /home/ubuntu/ROS2/microros_ws/install/rosidl_typesupport_microxrcedds_c/share/rosidl_typesupport_microxrcedds_c/cmake/rosidl_typesupport_microxrcedds_cExport-noconfig.cmake
[1.530s] -- Up-to-date: /home/ubuntu/ROS2/microros_ws/install/rosidl_typesupport_microxrcedds_c/share/rosidl_typesupport_microxrcedds_c/cmake/rosidl_typesupport_microxrcedds_c-extras.cmake
[1.534s] -- Up-to-date: /home/ubuntu/ROS2/microros_ws/install/rosidl_typesupport_microxrcedds_c/share/rosidl_typesupport_microxrcedds_c/cmake/ament_cmake_export_dependencies-extras.cmake
[1.535s] -- Up-to-date: /home/ubuntu/ROS2/microros_ws/install/rosidl_typesupport_microxrcedds_c/share/rosidl_typesupport_microxrcedds_c/cmake/ament_cmake_export_include_directories-extras.cmake
[1.536s] -- Up-to-date: /home/ubuntu/ROS2/microros_ws/install/rosidl_typesupport_microxrcedds_c/share/rosidl_typesupport_microxrcedds_c/cmake/ament_cmake_export_libraries-extras.cmake
[1.543s] -- Up-to-date: /home/ubuntu/ROS2/microros_ws/install/rosidl_typesupport_microxrcedds_c/share/rosidl_typesupport_microxrcedds_c/cmake/ament_cmake_export_targets-extras.cmake
[1.549s] -- Up-to-date: /home/ubuntu/ROS2/microros_ws/install/rosidl_typesupport_microxrcedds_c/share/rosidl_typesupport_microxrcedds_c/cmake/rosidl_typesupport_microxrcedds_cConfig.cmake
[1.552s] -- Up-to-date: /home/ubuntu/ROS2/microros_ws/install/rosidl_typesupport_microxrcedds_c/share/rosidl_typesupport_microxrcedds_c/cmake/rosidl_typesupport_microxrcedds_cConfig-version.cmake
[1.553s] -- Up-to-date: /home/ubuntu/ROS2/microros_ws/install/rosidl_typesupport_microxrcedds_c/share/rosidl_typesupport_microxrcedds_c/package.xml
[1.554s] -- Up-to-date: /home/ubuntu/ROS2/microros_ws/install/rosidl_typesupport_microxrcedds_c/lib/rosidl_typesupport_microxrcedds_c/rosidl_typesupport_microxrcedds_c
[1.554s] -- Up-to-date: /home/ubuntu/ROS2/microros_ws/install/rosidl_typesupport_microxrcedds_c/share/rosidl_typesupport_microxrcedds_c/cmake
[1.555s] -- Up-to-date: /home/ubuntu/ROS2/microros_ws/install/rosidl_typesupport_microxrcedds_c/share/rosidl_typesupport_microxrcedds_c/cmake/rosidl_typesupport_microxrcedds_c_generate_interfaces.cmake
[1.556s] -- Up-to-date: /home/ubuntu/ROS2/microros_ws/install/rosidl_typesupport_microxrcedds_c/share/rosidl_typesupport_microxrcedds_c/resource
[1.557s] -- Up-to-date: /home/ubuntu/ROS2/microros_ws/install/rosidl_typesupport_microxrcedds_c/share/rosidl_typesupport_microxrcedds_c/resource/idl__rosidl_typesupport_microxrcedds_c.h.em
[1.557s] -- Up-to-date: /home/ubuntu/ROS2/microros_ws/install/rosidl_typesupport_microxrcedds_c/share/rosidl_typesupport_microxrcedds_c/resource/msg__type_support_c.c.em
[1.558s] -- Up-to-date: /home/ubuntu/ROS2/microros_ws/install/rosidl_typesupport_microxrcedds_c/share/rosidl_typesupport_microxrcedds_c/resource/msg__rosidl_typesupport_microxrcedds_c.h.em
[1.561s] -- Up-to-date: /home/ubuntu/ROS2/microros_ws/install/rosidl_typesupport_microxrcedds_c/share/rosidl_typesupport_microxrcedds_c/resource/idl__type_support_c.c.em
[1.562s] -- Up-to-date: /home/ubuntu/ROS2/microros_ws/install/rosidl_typesupport_microxrcedds_c/share/rosidl_typesupport_microxrcedds_c/resource/rosidl_typesupport_microxrcedds_c__visibility_control.h.in
[1.562s] -- Up-to-date: /home/ubuntu/ROS2/microros_ws/install/rosidl_typesupport_microxrcedds_c/share/rosidl_typesupport_microxrcedds_c/resource/srv__type_support_c.c.em
[1.567s] -- Up-to-date: /home/ubuntu/ROS2/microros_ws/install/rosidl_typesupport_microxrcedds_c/share/rosidl_typesupport_microxrcedds_c/resource/srv__rosidl_typesupport_microxrcedds_c.h.em
[1.567s] -- Up-to-date: /home/ubuntu/ROS2/microros_ws/install/rosidl_typesupport_microxrcedds_c/include
[1.570s] -- Up-to-date: /home/ubuntu/ROS2/microros_ws/install/rosidl_typesupport_microxrcedds_c/include/rosidl_typesupport_microxrcedds_c
[1.571s] -- Up-to-date: /home/ubuntu/ROS2/microros_ws/install/rosidl_typesupport_microxrcedds_c/include/rosidl_typesupport_microxrcedds_c/message_type_support.h
[1.571s] -- Up-to-date: /home/ubuntu/ROS2/microros_ws/install/rosidl_typesupport_microxrcedds_c/include/rosidl_typesupport_microxrcedds_c/visibility_control.h
[1.572s] -- Up-to-date: /home/ubuntu/ROS2/microros_ws/install/rosidl_typesupport_microxrcedds_c/include/rosidl_typesupport_microxrcedds_c/service_type_support.h
[1.572s] -- Up-to-date: /home/ubuntu/ROS2/microros_ws/install/rosidl_typesupport_microxrcedds_c/include/rosidl_typesupport_microxrcedds_c/identifier.h
[1.573s] -- Up-to-date: /home/ubuntu/ROS2/microros_ws/install/rosidl_typesupport_microxrcedds_c/lib/librosidl_typesupport_microxrcedds_c.so
[1.608s] Invoked command in '/home/ubuntu/ROS2/microros_ws/build/rosidl_typesupport_microxrcedds_c' returned '0': CMAKE_PREFIX_PATH=/home/ubuntu/ROS2/microros_ws/install/microcdr:/home/ubuntu/ROS2/microros_ws/install/rosidl_typesupport_microxrcedds_cpp:/home/ubuntu/ROS2/microros_ws/install/rosidl_typesupport_microxrcedds_c:/home/ubuntu/ROS2/microros_ws/install/micro_ros_setup:/home/ubuntu/ROS2/microros_ws/install/micro_ros_agent:/home/ubuntu/ROS2/microros_ws/install/micro_ros_msgs:/home/ubuntu/ROS2/microros_ws/install/drive_base_msgs:/home/ubuntu/ROS2/dev_ws/install/learning_node:/home/ubuntu/ROS2/dev_ws/install/msg_pkg:/opt/ros/foxy LD_LIBRARY_PATH=/home/ubuntu/ROS2/microros_ws/install/microcdr/lib:/home/ubuntu/ROS2/microros_ws/install/rosidl_typesupport_microxrcedds_cpp/lib:/home/ubuntu/ROS2/microros_ws/install/rosidl_typesupport_microxrcedds_c/lib:/home/ubuntu/ROS2/microros_ws/install/micro_ros_agent/lib:/home/ubuntu/ROS2/microros_ws/install/micro_ros_msgs/lib:/home/ubuntu/ROS2/microros_ws/install/drive_base_msgs/lib:/home/ubuntu/ROS2/dev_ws/install/msg_pkg/lib:/opt/ros/foxy/opt/yaml_cpp_vendor/lib:/opt/ros/foxy/opt/rviz_ogre_vendor/lib:/opt/ros/foxy/lib/aarch64-linux-gnu:/opt/ros/foxy/lib /usr/bin/cmake --install /home/ubuntu/ROS2/microros_ws/build/rosidl_typesupport_microxrcedds_c
