[0.267s] Invoking command in '/home/ubuntu/ROS2/microros_ws/build/rcl_interfaces': AMENT_PREFIX_PATH=/home/ubuntu/ROS2/microros_ws/install/builtin_interfaces:${AMENT_PREFIX_PATH} CMAKE_PREFIX_PATH=/home/ubuntu/ROS2/microros_ws/install/builtin_interfaces:/home/ubuntu/ROS2/microros_ws/install/rosidl_typesupport_microxrcedds_cpp:/home/ubuntu/ROS2/microros_ws/install/rosidl_typesupport_microxrcedds_c:/home/ubuntu/ROS2/microros_ws/install/microcdr:/home/ubuntu/ROS2/microros_ws/install/micro_ros_setup:/home/ubuntu/ROS2/microros_ws/install/micro_ros_agent:/home/ubuntu/ROS2/microros_ws/install/micro_ros_msgs:/home/ubuntu/ROS2/microros_ws/install/drive_base_msgs:/home/ubuntu/ROS2/dev_ws/install/learning_node:/home/ubuntu/ROS2/dev_ws/install/msg_pkg:/opt/ros/foxy LD_LIBRARY_PATH=/home/ubuntu/ROS2/microros_ws/install/builtin_interfaces/lib:${LD_LIBRARY_PATH} PYTHONPATH=/home/ubuntu/ROS2/microros_ws/install/builtin_interfaces/lib/python3.8/site-packages:${PYTHONPATH} /usr/bin/cmake /home/ubuntu/ROS2/microros_ws/src/ros2/rcl_interfaces/rcl_interfaces -DBUILD_TESTING=OFF -DBUILD_SHARED_LIBS=ON -DCMAKE_INSTALL_PREFIX=/home/ubuntu/ROS2/microros_ws/install/rcl_interfaces
[0.937s] -- The C compiler identification is GNU 9.4.0
[1.580s] -- The CXX compiler identification is GNU 9.4.0
[1.650s] -- Check for working C compiler: /usr/bin/cc
[2.577s] -- Check for working C compiler: /usr/bin/cc -- works
[2.581s] -- Detecting C compiler ABI info
[3.477s] -- Detecting C compiler ABI info - done
[3.574s] -- Detecting C compile features
[3.577s] -- Detecting C compile features - done
[3.611s] -- Check for working CXX compiler: /usr/bin/c++
[4.574s] -- Check for working CXX compiler: /usr/bin/c++ -- works
[4.589s] -- Detecting CXX compiler ABI info
[5.500s] -- Detecting CXX compiler ABI info - done
[5.570s] -- Detecting CXX compile features
[5.576s] -- Detecting CXX compile features - done
[5.609s] -- Found ament_cmake: 0.9.12 (/opt/ros/foxy/share/ament_cmake/cmake)
[6.083s] -- Found PythonInterp: /usr/bin/python3 (found suitable version "3.8.10", minimum required is "3") 
[6.086s] -- Using PYTHON_EXECUTABLE: /usr/bin/python3
[8.580s] -- Found rosidl_default_generators: 1.0.1 (/opt/ros/foxy/share/rosidl_default_generators/cmake)
[8.637s] -- Using all available rosidl_typesupport_c: rosidl_typesupport_microxrcedds_c;rosidl_typesupport_fastrtps_c;rosidl_typesupport_introspection_c
[8.765s] -- Found rosidl_adapter: 1.3.1 (/opt/ros/foxy/share/rosidl_adapter/cmake)
[10.649s] -- Found OpenSSL: /usr/lib/aarch64-linux-gnu/libcrypto.so (found version "1.1.1f")  
[11.182s] -- Found FastRTPS: /opt/ros/foxy/include  
[12.403s] -- Using all available rosidl_typesupport_cpp: rosidl_typesupport_microxrcedds_cpp;rosidl_typesupport_fastrtps_cpp;rosidl_typesupport_introspection_cpp
[12.639s] -- Found builtin_interfaces: 1.0.0 (/home/ubuntu/ROS2/microros_ws/install/builtin_interfaces/share/builtin_interfaces/cmake)
[13.013s] -- Found PythonInterp: /usr/bin/python3 (found version "3.8.10") 
[14.899s] -- Found ament_cmake_ros: 0.9.2 (/opt/ros/foxy/share/ament_cmake_ros/cmake)
[17.059s] -- Using all available rosidl_typesupport_c: rosidl_typesupport_microxrcedds_c;rosidl_typesupport_fastrtps_c;rosidl_typesupport_introspection_c
[17.394s] -- Using all available rosidl_typesupport_cpp: rosidl_typesupport_microxrcedds_cpp;rosidl_typesupport_fastrtps_cpp;rosidl_typesupport_introspection_cpp
[17.696s] -- Found PythonInterp: /usr/bin/python3 (found suitable version "3.8.10", minimum required is "3.5") 
[17.742s] -- Found python_cmake_module: 0.8.1 (/opt/ros/foxy/share/python_cmake_module/cmake)
[18.054s] -- Found PythonLibs: /usr/lib/aarch64-linux-gnu/libpython3.8.so (found suitable version "3.8.10", minimum required is "3.5") 
[18.056s] -- Using PYTHON_EXECUTABLE: /usr/bin/python3
[18.057s] -- Using PYTHON_INCLUDE_DIRS: /usr/include/python3.8
[18.057s] -- Using PYTHON_LIBRARIES: /usr/lib/aarch64-linux-gnu/libpython3.8.so
[18.348s] -- Found PythonExtra: .so  
[19.035s] -- Configuring done
[19.901s] -- Generating done
[19.949s] -- Build files have been written to: /home/ubuntu/ROS2/microros_ws/build/rcl_interfaces
[19.998s] Invoked command in '/home/ubuntu/ROS2/microros_ws/build/rcl_interfaces' returned '0': AMENT_PREFIX_PATH=/home/ubuntu/ROS2/microros_ws/install/builtin_interfaces:${AMENT_PREFIX_PATH} CMAKE_PREFIX_PATH=/home/ubuntu/ROS2/microros_ws/install/builtin_interfaces:/home/ubuntu/ROS2/microros_ws/install/rosidl_typesupport_microxrcedds_cpp:/home/ubuntu/ROS2/microros_ws/install/rosidl_typesupport_microxrcedds_c:/home/ubuntu/ROS2/microros_ws/install/microcdr:/home/ubuntu/ROS2/microros_ws/install/micro_ros_setup:/home/ubuntu/ROS2/microros_ws/install/micro_ros_agent:/home/ubuntu/ROS2/microros_ws/install/micro_ros_msgs:/home/ubuntu/ROS2/microros_ws/install/drive_base_msgs:/home/ubuntu/ROS2/dev_ws/install/learning_node:/home/ubuntu/ROS2/dev_ws/install/msg_pkg:/opt/ros/foxy LD_LIBRARY_PATH=/home/ubuntu/ROS2/microros_ws/install/builtin_interfaces/lib:${LD_LIBRARY_PATH} PYTHONPATH=/home/ubuntu/ROS2/microros_ws/install/builtin_interfaces/lib/python3.8/site-packages:${PYTHONPATH} /usr/bin/cmake /home/ubuntu/ROS2/microros_ws/src/ros2/rcl_interfaces/rcl_interfaces -DBUILD_TESTING=OFF -DBUILD_SHARED_LIBS=ON -DCMAKE_INSTALL_PREFIX=/home/ubuntu/ROS2/microros_ws/install/rcl_interfaces
[20.007s] Invoking command in '/home/ubuntu/ROS2/microros_ws/build/rcl_interfaces': AMENT_PREFIX_PATH=/home/ubuntu/ROS2/microros_ws/install/builtin_interfaces:${AMENT_PREFIX_PATH} CMAKE_PREFIX_PATH=/home/ubuntu/ROS2/microros_ws/install/builtin_interfaces:/home/ubuntu/ROS2/microros_ws/install/rosidl_typesupport_microxrcedds_cpp:/home/ubuntu/ROS2/microros_ws/install/rosidl_typesupport_microxrcedds_c:/home/ubuntu/ROS2/microros_ws/install/microcdr:/home/ubuntu/ROS2/microros_ws/install/micro_ros_setup:/home/ubuntu/ROS2/microros_ws/install/micro_ros_agent:/home/ubuntu/ROS2/microros_ws/install/micro_ros_msgs:/home/ubuntu/ROS2/microros_ws/install/drive_base_msgs:/home/ubuntu/ROS2/dev_ws/install/learning_node:/home/ubuntu/ROS2/dev_ws/install/msg_pkg:/opt/ros/foxy LD_LIBRARY_PATH=/home/ubuntu/ROS2/microros_ws/install/builtin_interfaces/lib:${LD_LIBRARY_PATH} PYTHONPATH=/home/ubuntu/ROS2/microros_ws/install/builtin_interfaces/lib/python3.8/site-packages:${PYTHONPATH} /usr/bin/cmake --build /home/ubuntu/ROS2/microros_ws/build/rcl_interfaces -- -j4 -l4
[20.537s] [35m[1mScanning dependencies of target rcl_interfaces__cpp[0m
[20.671s] [  0%] [34m[1mGenerating C++ code for ROS interfaces[0m
[40.566s] [  0%] Built target rcl_interfaces__cpp
[40.733s] [  0%] [34m[1mGenerating C code for ROS interfaces[0m
[60.621s] [35m[1mScanning dependencies of target rcl_interfaces__rosidl_generator_c[0m
[60.877s] [  1%] [32mBuilding C object CMakeFiles/rcl_interfaces__rosidl_generator_c.dir/rosidl_generator_c/rcl_interfaces/msg/detail/floating_point_range__functions.c.o[0m
[61.524s] [  1%] [32mBuilding C object CMakeFiles/rcl_interfaces__rosidl_generator_c.dir/rosidl_generator_c/rcl_interfaces/msg/detail/integer_range__functions.c.o[0m
[62.087s] [  2%] [32mBuilding C object CMakeFiles/rcl_interfaces__rosidl_generator_c.dir/rosidl_generator_c/rcl_interfaces/msg/detail/list_parameters_result__functions.c.o[0m
[62.585s] [  2%] [32mBuilding C object CMakeFiles/rcl_interfaces__rosidl_generator_c.dir/rosidl_generator_c/rcl_interfaces/msg/detail/log__functions.c.o[0m
[63.080s] [  3%] [32mBuilding C object CMakeFiles/rcl_interfaces__rosidl_generator_c.dir/rosidl_generator_c/rcl_interfaces/msg/detail/parameter_descriptor__functions.c.o[0m
[63.735s] [  3%] [32mBuilding C object CMakeFiles/rcl_interfaces__rosidl_generator_c.dir/rosidl_generator_c/rcl_interfaces/msg/detail/parameter_event_descriptors__functions.c.o[0m
[64.321s] [  4%] [32mBuilding C object CMakeFiles/rcl_interfaces__rosidl_generator_c.dir/rosidl_generator_c/rcl_interfaces/msg/detail/parameter_event__functions.c.o[0m
[64.778s] [  4%] [32mBuilding C object CMakeFiles/rcl_interfaces__rosidl_generator_c.dir/rosidl_generator_c/rcl_interfaces/msg/detail/parameter__functions.c.o[0m
[65.293s] [  5%] [32mBuilding C object CMakeFiles/rcl_interfaces__rosidl_generator_c.dir/rosidl_generator_c/rcl_interfaces/msg/detail/parameter_type__functions.c.o[0m
[65.789s] [  5%] [32mBuilding C object CMakeFiles/rcl_interfaces__rosidl_generator_c.dir/rosidl_generator_c/rcl_interfaces/msg/detail/parameter_value__functions.c.o[0m
[66.368s] [  6%] [32mBuilding C object CMakeFiles/rcl_interfaces__rosidl_generator_c.dir/rosidl_generator_c/rcl_interfaces/msg/detail/set_parameters_result__functions.c.o[0m
[66.927s] [  6%] [32mBuilding C object CMakeFiles/rcl_interfaces__rosidl_generator_c.dir/rosidl_generator_c/rcl_interfaces/srv/detail/describe_parameters__functions.c.o[0m
[67.468s] [  7%] [32mBuilding C object CMakeFiles/rcl_interfaces__rosidl_generator_c.dir/rosidl_generator_c/rcl_interfaces/srv/detail/get_parameters__functions.c.o[0m
[68.181s] [  7%] [32mBuilding C object CMakeFiles/rcl_interfaces__rosidl_generator_c.dir/rosidl_generator_c/rcl_interfaces/srv/detail/get_parameter_types__functions.c.o[0m
[68.857s] [  8%] [32mBuilding C object CMakeFiles/rcl_interfaces__rosidl_generator_c.dir/rosidl_generator_c/rcl_interfaces/srv/detail/list_parameters__functions.c.o[0m
[69.670s] [  8%] [32mBuilding C object CMakeFiles/rcl_interfaces__rosidl_generator_c.dir/rosidl_generator_c/rcl_interfaces/srv/detail/set_parameters_atomically__functions.c.o[0m
[70.354s] [  9%] [32mBuilding C object CMakeFiles/rcl_interfaces__rosidl_generator_c.dir/rosidl_generator_c/rcl_interfaces/srv/detail/set_parameters__functions.c.o[0m
[70.992s] [  9%] [32m[1mLinking C shared library librcl_interfaces__rosidl_generator_c.so[0m
[71.453s] [  9%] Built target rcl_interfaces__rosidl_generator_c
[71.617s] [  9%] [34m[1mGenerating C++ type support for eProsima Fast-RTPS[0m
[87.082s] [35m[1mScanning dependencies of target rcl_interfaces__rosidl_typesupport_fastrtps_cpp[0m
[87.500s] [ 10%] [32mBuilding CXX object CMakeFiles/rcl_interfaces__rosidl_typesupport_fastrtps_cpp.dir/rosidl_typesupport_fastrtps_cpp/rcl_interfaces/msg/detail/dds_fastrtps/floating_point_range__type_support.cpp.o[0m
[91.348s] [ 10%] [32mBuilding CXX object CMakeFiles/rcl_interfaces__rosidl_typesupport_fastrtps_cpp.dir/rosidl_typesupport_fastrtps_cpp/rcl_interfaces/msg/detail/dds_fastrtps/integer_range__type_support.cpp.o[0m
[95.314s] [ 11%] [32mBuilding CXX object CMakeFiles/rcl_interfaces__rosidl_typesupport_fastrtps_cpp.dir/rosidl_typesupport_fastrtps_cpp/rcl_interfaces/msg/detail/dds_fastrtps/list_parameters_result__type_support.cpp.o[0m
[99.071s] [ 11%] [32mBuilding CXX object CMakeFiles/rcl_interfaces__rosidl_typesupport_fastrtps_cpp.dir/rosidl_typesupport_fastrtps_cpp/rcl_interfaces/msg/detail/dds_fastrtps/log__type_support.cpp.o[0m
[102.324s] [ 12%] [32mBuilding CXX object CMakeFiles/rcl_interfaces__rosidl_typesupport_fastrtps_cpp.dir/rosidl_typesupport_fastrtps_cpp/rcl_interfaces/msg/detail/dds_fastrtps/parameter_descriptor__type_support.cpp.o[0m
[106.522s] [ 12%] [32mBuilding CXX object CMakeFiles/rcl_interfaces__rosidl_typesupport_fastrtps_cpp.dir/rosidl_typesupport_fastrtps_cpp/rcl_interfaces/msg/detail/dds_fastrtps/parameter_event_descriptors__type_support.cpp.o[0m
[110.555s] [ 13%] [32mBuilding CXX object CMakeFiles/rcl_interfaces__rosidl_typesupport_fastrtps_cpp.dir/rosidl_typesupport_fastrtps_cpp/rcl_interfaces/msg/detail/dds_fastrtps/parameter_event__type_support.cpp.o[0m
[114.951s] [ 13%] [32mBuilding CXX object CMakeFiles/rcl_interfaces__rosidl_typesupport_fastrtps_cpp.dir/rosidl_typesupport_fastrtps_cpp/rcl_interfaces/msg/detail/dds_fastrtps/parameter__type_support.cpp.o[0m
[118.687s] [ 14%] [32mBuilding CXX object CMakeFiles/rcl_interfaces__rosidl_typesupport_fastrtps_cpp.dir/rosidl_typesupport_fastrtps_cpp/rcl_interfaces/msg/detail/dds_fastrtps/parameter_type__type_support.cpp.o[0m
[122.033s] [ 14%] [32mBuilding CXX object CMakeFiles/rcl_interfaces__rosidl_typesupport_fastrtps_cpp.dir/rosidl_typesupport_fastrtps_cpp/rcl_interfaces/msg/detail/dds_fastrtps/parameter_value__type_support.cpp.o[0m
[126.836s] [ 15%] [32mBuilding CXX object CMakeFiles/rcl_interfaces__rosidl_typesupport_fastrtps_cpp.dir/rosidl_typesupport_fastrtps_cpp/rcl_interfaces/msg/detail/dds_fastrtps/set_parameters_result__type_support.cpp.o[0m
[130.429s] [ 15%] [32mBuilding CXX object CMakeFiles/rcl_interfaces__rosidl_typesupport_fastrtps_cpp.dir/rosidl_typesupport_fastrtps_cpp/rcl_interfaces/srv/detail/dds_fastrtps/describe_parameters__type_support.cpp.o[0m
[135.964s] [ 16%] [32mBuilding CXX object CMakeFiles/rcl_interfaces__rosidl_typesupport_fastrtps_cpp.dir/rosidl_typesupport_fastrtps_cpp/rcl_interfaces/srv/detail/dds_fastrtps/get_parameters__type_support.cpp.o[0m
[141.679s] [ 16%] [32mBuilding CXX object CMakeFiles/rcl_interfaces__rosidl_typesupport_fastrtps_cpp.dir/rosidl_typesupport_fastrtps_cpp/rcl_interfaces/srv/detail/dds_fastrtps/get_parameter_types__type_support.cpp.o[0m
[145.832s] [ 17%] [32mBuilding CXX object CMakeFiles/rcl_interfaces__rosidl_typesupport_fastrtps_cpp.dir/rosidl_typesupport_fastrtps_cpp/rcl_interfaces/srv/detail/dds_fastrtps/list_parameters__type_support.cpp.o[0m
[149.748s] [ 17%] [32mBuilding CXX object CMakeFiles/rcl_interfaces__rosidl_typesupport_fastrtps_cpp.dir/rosidl_typesupport_fastrtps_cpp/rcl_interfaces/srv/detail/dds_fastrtps/set_parameters_atomically__type_support.cpp.o[0m
[156.075s] [ 18%] [32mBuilding CXX object CMakeFiles/rcl_interfaces__rosidl_typesupport_fastrtps_cpp.dir/rosidl_typesupport_fastrtps_cpp/rcl_interfaces/srv/detail/dds_fastrtps/set_parameters__type_support.cpp.o[0m
[162.289s] [ 18%] [32m[1mLinking CXX shared library librcl_interfaces__rosidl_typesupport_fastrtps_cpp.so[0m
[163.453s] [ 18%] Built target rcl_interfaces__rosidl_typesupport_fastrtps_cpp
[163.616s] [ 18%] [34m[1mGenerating C++ type support for eProsima Micro XRCE-DDS[0m
[178.534s] [35m[1mScanning dependencies of target rcl_interfaces__rosidl_typesupport_microxrcedds_cpp[0m
[178.803s] [ 19%] [32mBuilding CXX object CMakeFiles/rcl_interfaces__rosidl_typesupport_microxrcedds_cpp.dir/rosidl_typesupport_microxrcedds_cpp/rcl_interfaces/msg/detail/microxrcedds/floating_point_range__type_support_cpp.cpp.o[0m
[181.027s] [ 19%] [32mBuilding CXX object CMakeFiles/rcl_interfaces__rosidl_typesupport_microxrcedds_cpp.dir/rosidl_typesupport_microxrcedds_cpp/rcl_interfaces/msg/detail/microxrcedds/integer_range__type_support_cpp.cpp.o[0m
[183.535s] [ 20%] [32mBuilding CXX object CMakeFiles/rcl_interfaces__rosidl_typesupport_microxrcedds_cpp.dir/rosidl_typesupport_microxrcedds_cpp/rcl_interfaces/msg/detail/microxrcedds/list_parameters_result__type_support_cpp.cpp.o[0m
[186.855s] [ 20%] [32mBuilding CXX object CMakeFiles/rcl_interfaces__rosidl_typesupport_microxrcedds_cpp.dir/rosidl_typesupport_microxrcedds_cpp/rcl_interfaces/msg/detail/microxrcedds/log__type_support_cpp.cpp.o[0m
[188.981s] [ 21%] [32mBuilding CXX object CMakeFiles/rcl_interfaces__rosidl_typesupport_microxrcedds_cpp.dir/rosidl_typesupport_microxrcedds_cpp/rcl_interfaces/msg/detail/microxrcedds/parameter_descriptor__type_support_cpp.cpp.o[0m
[192.172s] [ 21%] [32mBuilding CXX object CMakeFiles/rcl_interfaces__rosidl_typesupport_microxrcedds_cpp.dir/rosidl_typesupport_microxrcedds_cpp/rcl_interfaces/msg/detail/microxrcedds/parameter_event_descriptors__type_support_cpp.cpp.o[0m
[194.734s] [ 22%] [32mBuilding CXX object CMakeFiles/rcl_interfaces__rosidl_typesupport_microxrcedds_cpp.dir/rosidl_typesupport_microxrcedds_cpp/rcl_interfaces/msg/detail/microxrcedds/parameter_event__type_support_cpp.cpp.o[0m
[197.887s] [ 22%] [32mBuilding CXX object CMakeFiles/rcl_interfaces__rosidl_typesupport_microxrcedds_cpp.dir/rosidl_typesupport_microxrcedds_cpp/rcl_interfaces/msg/detail/microxrcedds/parameter__type_support_cpp.cpp.o[0m
[200.268s] [ 23%] [32mBuilding CXX object CMakeFiles/rcl_interfaces__rosidl_typesupport_microxrcedds_cpp.dir/rosidl_typesupport_microxrcedds_cpp/rcl_interfaces/msg/detail/microxrcedds/parameter_type__type_support_cpp.cpp.o[0m
[202.820s] [ 23%] [32mBuilding CXX object CMakeFiles/rcl_interfaces__rosidl_typesupport_microxrcedds_cpp.dir/rosidl_typesupport_microxrcedds_cpp/rcl_interfaces/msg/detail/microxrcedds/parameter_value__type_support_cpp.cpp.o[0m
[206.452s] [ 24%] [32mBuilding CXX object CMakeFiles/rcl_interfaces__rosidl_typesupport_microxrcedds_cpp.dir/rosidl_typesupport_microxrcedds_cpp/rcl_interfaces/msg/detail/microxrcedds/set_parameters_result__type_support_cpp.cpp.o[0m
[208.877s] [ 24%] [32mBuilding CXX object CMakeFiles/rcl_interfaces__rosidl_typesupport_microxrcedds_cpp.dir/rosidl_typesupport_microxrcedds_cpp/rcl_interfaces/srv/detail/microxrcedds/describe_parameters__type_support_cpp.cpp.o[0m
[212.408s] [ 25%] [32mBuilding CXX object CMakeFiles/rcl_interfaces__rosidl_typesupport_microxrcedds_cpp.dir/rosidl_typesupport_microxrcedds_cpp/rcl_interfaces/srv/detail/microxrcedds/get_parameters__type_support_cpp.cpp.o[0m
[215.719s] [ 25%] [32mBuilding CXX object CMakeFiles/rcl_interfaces__rosidl_typesupport_microxrcedds_cpp.dir/rosidl_typesupport_microxrcedds_cpp/rcl_interfaces/srv/detail/microxrcedds/get_parameter_types__type_support_cpp.cpp.o[0m
[218.289s] [ 26%] [32mBuilding CXX object CMakeFiles/rcl_interfaces__rosidl_typesupport_microxrcedds_cpp.dir/rosidl_typesupport_microxrcedds_cpp/rcl_interfaces/srv/detail/microxrcedds/list_parameters__type_support_cpp.cpp.o[0m
[220.615s] [ 26%] [32mBuilding CXX object CMakeFiles/rcl_interfaces__rosidl_typesupport_microxrcedds_cpp.dir/rosidl_typesupport_microxrcedds_cpp/rcl_interfaces/srv/detail/microxrcedds/set_parameters_atomically__type_support_cpp.cpp.o[0m
[223.801s] [ 27%] [32mBuilding CXX object CMakeFiles/rcl_interfaces__rosidl_typesupport_microxrcedds_cpp.dir/rosidl_typesupport_microxrcedds_cpp/rcl_interfaces/srv/detail/microxrcedds/set_parameters__type_support_cpp.cpp.o[0m
[226.822s] [ 28%] [32m[1mLinking CXX shared library librcl_interfaces__rosidl_typesupport_microxrcedds_cpp.so[0m
[227.504s] [ 28%] Built target rcl_interfaces__rosidl_typesupport_microxrcedds_cpp
[227.586s] [ 29%] [34m[1mGenerating C type support for eProsima Micro XRCE-DDS[0m
[239.069s] [35m[1mScanning dependencies of target rcl_interfaces__rosidl_typesupport_microxrcedds_c[0m
[239.382s] [ 29%] [32mBuilding C object CMakeFiles/rcl_interfaces__rosidl_typesupport_microxrcedds_c.dir/rosidl_typesupport_microxrcedds_c/rcl_interfaces/msg/detail/microxrcedds/floating_point_range__type_support_c.c.o[0m
[239.830s] [ 30%] [32mBuilding C object CMakeFiles/rcl_interfaces__rosidl_typesupport_microxrcedds_c.dir/rosidl_typesupport_microxrcedds_c/rcl_interfaces/msg/detail/microxrcedds/integer_range__type_support_c.c.o[0m
[240.133s] [ 30%] [32mBuilding C object CMakeFiles/rcl_interfaces__rosidl_typesupport_microxrcedds_c.dir/rosidl_typesupport_microxrcedds_c/rcl_interfaces/msg/detail/microxrcedds/list_parameters_result__type_support_c.c.o[0m
[240.468s] [ 31%] [32mBuilding C object CMakeFiles/rcl_interfaces__rosidl_typesupport_microxrcedds_c.dir/rosidl_typesupport_microxrcedds_c/rcl_interfaces/msg/detail/microxrcedds/log__type_support_c.c.o[0m
[240.824s] [ 31%] [32mBuilding C object CMakeFiles/rcl_interfaces__rosidl_typesupport_microxrcedds_c.dir/rosidl_typesupport_microxrcedds_c/rcl_interfaces/msg/detail/microxrcedds/parameter_descriptor__type_support_c.c.o[0m
[241.146s] [ 32%] [32mBuilding C object CMakeFiles/rcl_interfaces__rosidl_typesupport_microxrcedds_c.dir/rosidl_typesupport_microxrcedds_c/rcl_interfaces/msg/detail/microxrcedds/parameter_event_descriptors__type_support_c.c.o[0m
[241.474s] [ 32%] [32mBuilding C object CMakeFiles/rcl_interfaces__rosidl_typesupport_microxrcedds_c.dir/rosidl_typesupport_microxrcedds_c/rcl_interfaces/msg/detail/microxrcedds/parameter_event__type_support_c.c.o[0m
[241.899s] [ 33%] [32mBuilding C object CMakeFiles/rcl_interfaces__rosidl_typesupport_microxrcedds_c.dir/rosidl_typesupport_microxrcedds_c/rcl_interfaces/msg/detail/microxrcedds/parameter__type_support_c.c.o[0m
[242.241s] [ 33%] [32mBuilding C object CMakeFiles/rcl_interfaces__rosidl_typesupport_microxrcedds_c.dir/rosidl_typesupport_microxrcedds_c/rcl_interfaces/msg/detail/microxrcedds/parameter_type__type_support_c.c.o[0m
[242.594s] [ 34%] [32mBuilding C object CMakeFiles/rcl_interfaces__rosidl_typesupport_microxrcedds_c.dir/rosidl_typesupport_microxrcedds_c/rcl_interfaces/msg/detail/microxrcedds/parameter_value__type_support_c.c.o[0m
[243.042s] [ 34%] [32mBuilding C object CMakeFiles/rcl_interfaces__rosidl_typesupport_microxrcedds_c.dir/rosidl_typesupport_microxrcedds_c/rcl_interfaces/msg/detail/microxrcedds/set_parameters_result__type_support_c.c.o[0m
[243.327s] [ 35%] [32mBuilding C object CMakeFiles/rcl_interfaces__rosidl_typesupport_microxrcedds_c.dir/rosidl_typesupport_microxrcedds_c/rcl_interfaces/srv/detail/microxrcedds/describe_parameters__type_support_c.c.o[0m
[243.688s] [ 35%] [32mBuilding C object CMakeFiles/rcl_interfaces__rosidl_typesupport_microxrcedds_c.dir/rosidl_typesupport_microxrcedds_c/rcl_interfaces/srv/detail/microxrcedds/get_parameters__type_support_c.c.o[0m
[244.076s] [ 36%] [32mBuilding C object CMakeFiles/rcl_interfaces__rosidl_typesupport_microxrcedds_c.dir/rosidl_typesupport_microxrcedds_c/rcl_interfaces/srv/detail/microxrcedds/get_parameter_types__type_support_c.c.o[0m
[244.467s] [ 36%] [32mBuilding C object CMakeFiles/rcl_interfaces__rosidl_typesupport_microxrcedds_c.dir/rosidl_typesupport_microxrcedds_c/rcl_interfaces/srv/detail/microxrcedds/list_parameters__type_support_c.c.o[0m
[244.804s] [ 37%] [32mBuilding C object CMakeFiles/rcl_interfaces__rosidl_typesupport_microxrcedds_c.dir/rosidl_typesupport_microxrcedds_c/rcl_interfaces/srv/detail/microxrcedds/set_parameters_atomically__type_support_c.c.o[0m
[245.164s] [ 37%] [32mBuilding C object CMakeFiles/rcl_interfaces__rosidl_typesupport_microxrcedds_c.dir/rosidl_typesupport_microxrcedds_c/rcl_interfaces/srv/detail/microxrcedds/set_parameters__type_support_c.c.o[0m
[245.543s] [ 38%] [32m[1mLinking C shared library librcl_interfaces__rosidl_typesupport_microxrcedds_c.so[0m
[245.910s] [ 38%] Built target rcl_interfaces__rosidl_typesupport_microxrcedds_c
[245.993s] [ 39%] [34m[1mGenerating C type support for eProsima Fast-RTPS[0m
[257.727s] [35m[1mScanning dependencies of target rcl_interfaces__rosidl_typesupport_fastrtps_c[0m
[258.149s] [ 39%] [32mBuilding CXX object CMakeFiles/rcl_interfaces__rosidl_typesupport_fastrtps_c.dir/rosidl_typesupport_fastrtps_c/rcl_interfaces/msg/detail/floating_point_range__type_support_c.cpp.o[0m
[260.596s] [ 40%] [32mBuilding CXX object CMakeFiles/rcl_interfaces__rosidl_typesupport_fastrtps_c.dir/rosidl_typesupport_fastrtps_c/rcl_interfaces/msg/detail/integer_range__type_support_c.cpp.o[0m
[263.059s] [ 40%] [32mBuilding CXX object CMakeFiles/rcl_interfaces__rosidl_typesupport_fastrtps_c.dir/rosidl_typesupport_fastrtps_c/rcl_interfaces/msg/detail/list_parameters_result__type_support_c.cpp.o[0m
[265.543s] [ 41%] [32mBuilding CXX object CMakeFiles/rcl_interfaces__rosidl_typesupport_fastrtps_c.dir/rosidl_typesupport_fastrtps_c/rcl_interfaces/msg/detail/log__type_support_c.cpp.o[0m
[268.126s] [ 41%] [32mBuilding CXX object CMakeFiles/rcl_interfaces__rosidl_typesupport_fastrtps_c.dir/rosidl_typesupport_fastrtps_c/rcl_interfaces/msg/detail/parameter_descriptor__type_support_c.cpp.o[0m
[270.717s] [ 42%] [32mBuilding CXX object CMakeFiles/rcl_interfaces__rosidl_typesupport_fastrtps_c.dir/rosidl_typesupport_fastrtps_c/rcl_interfaces/msg/detail/parameter_event_descriptors__type_support_c.cpp.o[0m
[273.210s] [ 42%] [32mBuilding CXX object CMakeFiles/rcl_interfaces__rosidl_typesupport_fastrtps_c.dir/rosidl_typesupport_fastrtps_c/rcl_interfaces/msg/detail/parameter_event__type_support_c.cpp.o[0m
[276.059s] [ 43%] [32mBuilding CXX object CMakeFiles/rcl_interfaces__rosidl_typesupport_fastrtps_c.dir/rosidl_typesupport_fastrtps_c/rcl_interfaces/msg/detail/parameter__type_support_c.cpp.o[0m
[278.669s] [ 43%] [32mBuilding CXX object CMakeFiles/rcl_interfaces__rosidl_typesupport_fastrtps_c.dir/rosidl_typesupport_fastrtps_c/rcl_interfaces/msg/detail/parameter_type__type_support_c.cpp.o[0m
[280.887s] [ 44%] [32mBuilding CXX object CMakeFiles/rcl_interfaces__rosidl_typesupport_fastrtps_c.dir/rosidl_typesupport_fastrtps_c/rcl_interfaces/msg/detail/parameter_value__type_support_c.cpp.o[0m
[283.318s] [ 44%] [32mBuilding CXX object CMakeFiles/rcl_interfaces__rosidl_typesupport_fastrtps_c.dir/rosidl_typesupport_fastrtps_c/rcl_interfaces/msg/detail/set_parameters_result__type_support_c.cpp.o[0m
[285.840s] [ 45%] [32mBuilding CXX object CMakeFiles/rcl_interfaces__rosidl_typesupport_fastrtps_c.dir/rosidl_typesupport_fastrtps_c/rcl_interfaces/srv/detail/describe_parameters__type_support_c.cpp.o[0m
[288.597s] [ 45%] [32mBuilding CXX object CMakeFiles/rcl_interfaces__rosidl_typesupport_fastrtps_c.dir/rosidl_typesupport_fastrtps_c/rcl_interfaces/srv/detail/get_parameters__type_support_c.cpp.o[0m
[291.236s] [ 46%] [32mBuilding CXX object CMakeFiles/rcl_interfaces__rosidl_typesupport_fastrtps_c.dir/rosidl_typesupport_fastrtps_c/rcl_interfaces/srv/detail/get_parameter_types__type_support_c.cpp.o[0m
[293.641s] [ 46%] [32mBuilding CXX object CMakeFiles/rcl_interfaces__rosidl_typesupport_fastrtps_c.dir/rosidl_typesupport_fastrtps_c/rcl_interfaces/srv/detail/list_parameters__type_support_c.cpp.o[0m
[296.037s] [ 47%] [32mBuilding CXX object CMakeFiles/rcl_interfaces__rosidl_typesupport_fastrtps_c.dir/rosidl_typesupport_fastrtps_c/rcl_interfaces/srv/detail/set_parameters_atomically__type_support_c.cpp.o[0m
[298.654s] [ 47%] [32mBuilding CXX object CMakeFiles/rcl_interfaces__rosidl_typesupport_fastrtps_c.dir/rosidl_typesupport_fastrtps_c/rcl_interfaces/srv/detail/set_parameters__type_support_c.cpp.o[0m
[300.967s] [ 48%] [32m[1mLinking CXX shared library librcl_interfaces__rosidl_typesupport_fastrtps_c.so[0m
[301.591s] [ 48%] Built target rcl_interfaces__rosidl_typesupport_fastrtps_c
[301.688s] [ 49%] [34m[1mGenerating C type support dispatch for ROS interfaces[0m
[310.522s] [35m[1mScanning dependencies of target rcl_interfaces__rosidl_typesupport_c[0m
[310.723s] [ 49%] [32mBuilding CXX object CMakeFiles/rcl_interfaces__rosidl_typesupport_c.dir/rosidl_typesupport_c/rcl_interfaces/msg/floating_point_range__type_support.cpp.o[0m
[311.001s] [ 50%] [32mBuilding CXX object CMakeFiles/rcl_interfaces__rosidl_typesupport_c.dir/rosidl_typesupport_c/rcl_interfaces/msg/integer_range__type_support.cpp.o[0m
[311.372s] [ 50%] [32mBuilding CXX object CMakeFiles/rcl_interfaces__rosidl_typesupport_c.dir/rosidl_typesupport_c/rcl_interfaces/msg/list_parameters_result__type_support.cpp.o[0m
[311.767s] [ 51%] [32mBuilding CXX object CMakeFiles/rcl_interfaces__rosidl_typesupport_c.dir/rosidl_typesupport_c/rcl_interfaces/msg/log__type_support.cpp.o[0m
[312.139s] [ 51%] [32mBuilding CXX object CMakeFiles/rcl_interfaces__rosidl_typesupport_c.dir/rosidl_typesupport_c/rcl_interfaces/msg/parameter_descriptor__type_support.cpp.o[0m
[312.472s] [ 52%] [32mBuilding CXX object CMakeFiles/rcl_interfaces__rosidl_typesupport_c.dir/rosidl_typesupport_c/rcl_interfaces/msg/parameter_event_descriptors__type_support.cpp.o[0m
[312.706s] [ 52%] [32mBuilding CXX object CMakeFiles/rcl_interfaces__rosidl_typesupport_c.dir/rosidl_typesupport_c/rcl_interfaces/msg/parameter_event__type_support.cpp.o[0m
[312.930s] [ 53%] [32mBuilding CXX object CMakeFiles/rcl_interfaces__rosidl_typesupport_c.dir/rosidl_typesupport_c/rcl_interfaces/msg/parameter__type_support.cpp.o[0m
[313.151s] [ 53%] [32mBuilding CXX object CMakeFiles/rcl_interfaces__rosidl_typesupport_c.dir/rosidl_typesupport_c/rcl_interfaces/msg/parameter_type__type_support.cpp.o[0m
[313.371s] [ 54%] [32mBuilding CXX object CMakeFiles/rcl_interfaces__rosidl_typesupport_c.dir/rosidl_typesupport_c/rcl_interfaces/msg/parameter_value__type_support.cpp.o[0m
[313.648s] [ 54%] [32mBuilding CXX object CMakeFiles/rcl_interfaces__rosidl_typesupport_c.dir/rosidl_typesupport_c/rcl_interfaces/msg/set_parameters_result__type_support.cpp.o[0m
[313.869s] [ 55%] [32mBuilding CXX object CMakeFiles/rcl_interfaces__rosidl_typesupport_c.dir/rosidl_typesupport_c/rcl_interfaces/srv/describe_parameters__type_support.cpp.o[0m
[314.102s] [ 55%] [32mBuilding CXX object CMakeFiles/rcl_interfaces__rosidl_typesupport_c.dir/rosidl_typesupport_c/rcl_interfaces/srv/get_parameters__type_support.cpp.o[0m
[314.360s] [ 56%] [32mBuilding CXX object CMakeFiles/rcl_interfaces__rosidl_typesupport_c.dir/rosidl_typesupport_c/rcl_interfaces/srv/get_parameter_types__type_support.cpp.o[0m
[314.598s] [ 56%] [32mBuilding CXX object CMakeFiles/rcl_interfaces__rosidl_typesupport_c.dir/rosidl_typesupport_c/rcl_interfaces/srv/list_parameters__type_support.cpp.o[0m
[314.877s] [ 57%] [32mBuilding CXX object CMakeFiles/rcl_interfaces__rosidl_typesupport_c.dir/rosidl_typesupport_c/rcl_interfaces/srv/set_parameters_atomically__type_support.cpp.o[0m
[315.125s] [ 57%] [32mBuilding CXX object CMakeFiles/rcl_interfaces__rosidl_typesupport_c.dir/rosidl_typesupport_c/rcl_interfaces/srv/set_parameters__type_support.cpp.o[0m
[315.359s] [ 58%] [32m[1mLinking CXX shared library librcl_interfaces__rosidl_typesupport_c.so[0m
[315.671s] [ 58%] Built target rcl_interfaces__rosidl_typesupport_c
[315.765s] [ 59%] [34m[1mGenerating C introspection for ROS interfaces[0m
[326.402s] [35m[1mScanning dependencies of target rcl_interfaces__rosidl_typesupport_introspection_c[0m
[326.709s] [ 59%] [32mBuilding C object CMakeFiles/rcl_interfaces__rosidl_typesupport_introspection_c.dir/rosidl_typesupport_introspection_c/rcl_interfaces/msg/detail/floating_point_range__type_support.c.o[0m
[327.122s] [ 60%] [32mBuilding C object CMakeFiles/rcl_interfaces__rosidl_typesupport_introspection_c.dir/rosidl_typesupport_introspection_c/rcl_interfaces/msg/detail/integer_range__type_support.c.o[0m
[327.380s] [ 60%] [32mBuilding C object CMakeFiles/rcl_interfaces__rosidl_typesupport_introspection_c.dir/rosidl_typesupport_introspection_c/rcl_interfaces/msg/detail/list_parameters_result__type_support.c.o[0m
[327.647s] [ 61%] [32mBuilding C object CMakeFiles/rcl_interfaces__rosidl_typesupport_introspection_c.dir/rosidl_typesupport_introspection_c/rcl_interfaces/msg/detail/log__type_support.c.o[0m
[327.902s] [ 61%] [32mBuilding C object CMakeFiles/rcl_interfaces__rosidl_typesupport_introspection_c.dir/rosidl_typesupport_introspection_c/rcl_interfaces/msg/detail/parameter_descriptor__type_support.c.o[0m
[328.207s] [ 62%] [32mBuilding C object CMakeFiles/rcl_interfaces__rosidl_typesupport_introspection_c.dir/rosidl_typesupport_introspection_c/rcl_interfaces/msg/detail/parameter_event_descriptors__type_support.c.o[0m
[328.491s] [ 62%] [32mBuilding C object CMakeFiles/rcl_interfaces__rosidl_typesupport_introspection_c.dir/rosidl_typesupport_introspection_c/rcl_interfaces/msg/detail/parameter_event__type_support.c.o[0m
[328.801s] [ 63%] [32mBuilding C object CMakeFiles/rcl_interfaces__rosidl_typesupport_introspection_c.dir/rosidl_typesupport_introspection_c/rcl_interfaces/msg/detail/parameter__type_support.c.o[0m
[329.055s] [ 63%] [32mBuilding C object CMakeFiles/rcl_interfaces__rosidl_typesupport_introspection_c.dir/rosidl_typesupport_introspection_c/rcl_interfaces/msg/detail/parameter_type__type_support.c.o[0m
[329.344s] [ 64%] [32mBuilding C object CMakeFiles/rcl_interfaces__rosidl_typesupport_introspection_c.dir/rosidl_typesupport_introspection_c/rcl_interfaces/msg/detail/parameter_value__type_support.c.o[0m
[329.647s] [ 64%] [32mBuilding C object CMakeFiles/rcl_interfaces__rosidl_typesupport_introspection_c.dir/rosidl_typesupport_introspection_c/rcl_interfaces/msg/detail/set_parameters_result__type_support.c.o[0m
[329.913s] [ 65%] [32mBuilding C object CMakeFiles/rcl_interfaces__rosidl_typesupport_introspection_c.dir/rosidl_typesupport_introspection_c/rcl_interfaces/srv/detail/describe_parameters__type_support.c.o[0m
[330.258s] [ 65%] [32mBuilding C object CMakeFiles/rcl_interfaces__rosidl_typesupport_introspection_c.dir/rosidl_typesupport_introspection_c/rcl_interfaces/srv/detail/get_parameters__type_support.c.o[0m
[330.554s] [ 66%] [32mBuilding C object CMakeFiles/rcl_interfaces__rosidl_typesupport_introspection_c.dir/rosidl_typesupport_introspection_c/rcl_interfaces/srv/detail/get_parameter_types__type_support.c.o[0m
[330.847s] [ 66%] [32mBuilding C object CMakeFiles/rcl_interfaces__rosidl_typesupport_introspection_c.dir/rosidl_typesupport_introspection_c/rcl_interfaces/srv/detail/list_parameters__type_support.c.o[0m
[331.269s] [ 67%] [32mBuilding C object CMakeFiles/rcl_interfaces__rosidl_typesupport_introspection_c.dir/rosidl_typesupport_introspection_c/rcl_interfaces/srv/detail/set_parameters_atomically__type_support.c.o[0m
[331.740s] [ 67%] [32mBuilding C object CMakeFiles/rcl_interfaces__rosidl_typesupport_introspection_c.dir/rosidl_typesupport_introspection_c/rcl_interfaces/srv/detail/set_parameters__type_support.c.o[0m
[332.005s] [ 68%] [32m[1mLinking C shared library librcl_interfaces__rosidl_typesupport_introspection_c.so[0m
[332.355s] [ 68%] Built target rcl_interfaces__rosidl_typesupport_introspection_c
[332.447s] [ 68%] [34m[1mGenerating C++ type support dispatch for ROS interfaces[0m
[341.465s] [35m[1mScanning dependencies of target rcl_interfaces__rosidl_typesupport_cpp[0m
[341.726s] [ 69%] [32mBuilding CXX object CMakeFiles/rcl_interfaces__rosidl_typesupport_cpp.dir/rosidl_typesupport_cpp/rcl_interfaces/msg/floating_point_range__type_support.cpp.o[0m
[343.829s] [ 70%] [32mBuilding CXX object CMakeFiles/rcl_interfaces__rosidl_typesupport_cpp.dir/rosidl_typesupport_cpp/rcl_interfaces/msg/list_parameters_result__type_support.cpp.o[0m
[346.077s] [ 70%] [32mBuilding CXX object CMakeFiles/rcl_interfaces__rosidl_typesupport_cpp.dir/rosidl_typesupport_cpp/rcl_interfaces/msg/log__type_support.cpp.o[0m
[348.365s] [ 71%] [32mBuilding CXX object CMakeFiles/rcl_interfaces__rosidl_typesupport_cpp.dir/rosidl_typesupport_cpp/rcl_interfaces/msg/parameter_descriptor__type_support.cpp.o[0m
[350.560s] [ 71%] [32mBuilding CXX object CMakeFiles/rcl_interfaces__rosidl_typesupport_cpp.dir/rosidl_typesupport_cpp/rcl_interfaces/msg/parameter_event_descriptors__type_support.cpp.o[0m
[352.892s] [ 72%] [32mBuilding CXX object CMakeFiles/rcl_interfaces__rosidl_typesupport_cpp.dir/rosidl_typesupport_cpp/rcl_interfaces/msg/parameter_event__type_support.cpp.o[0m
[355.008s] [ 72%] [32mBuilding CXX object CMakeFiles/rcl_interfaces__rosidl_typesupport_cpp.dir/rosidl_typesupport_cpp/rcl_interfaces/msg/parameter__type_support.cpp.o[0m
[357.077s] [ 73%] [32mBuilding CXX object CMakeFiles/rcl_interfaces__rosidl_typesupport_cpp.dir/rosidl_typesupport_cpp/rcl_interfaces/msg/parameter_type__type_support.cpp.o[0m
[359.034s] [ 73%] [32mBuilding CXX object CMakeFiles/rcl_interfaces__rosidl_typesupport_cpp.dir/rosidl_typesupport_cpp/rcl_interfaces/msg/parameter_value__type_support.cpp.o[0m
[360.959s] [ 74%] [32mBuilding CXX object CMakeFiles/rcl_interfaces__rosidl_typesupport_cpp.dir/rosidl_typesupport_cpp/rcl_interfaces/msg/set_parameters_result__type_support.cpp.o[0m
[363.082s] [ 74%] [32mBuilding CXX object CMakeFiles/rcl_interfaces__rosidl_typesupport_cpp.dir/rosidl_typesupport_cpp/rcl_interfaces/srv/describe_parameters__type_support.cpp.o[0m
[365.091s] [ 75%] [32mBuilding CXX object CMakeFiles/rcl_interfaces__rosidl_typesupport_cpp.dir/rosidl_typesupport_cpp/rcl_interfaces/srv/get_parameters__type_support.cpp.o[0m
[367.108s] [ 75%] [32mBuilding CXX object CMakeFiles/rcl_interfaces__rosidl_typesupport_cpp.dir/rosidl_typesupport_cpp/rcl_interfaces/srv/get_parameter_types__type_support.cpp.o[0m
[369.116s] [ 76%] [32mBuilding CXX object CMakeFiles/rcl_interfaces__rosidl_typesupport_cpp.dir/rosidl_typesupport_cpp/rcl_interfaces/srv/list_parameters__type_support.cpp.o[0m
[371.053s] [ 76%] [32mBuilding CXX object CMakeFiles/rcl_interfaces__rosidl_typesupport_cpp.dir/rosidl_typesupport_cpp/rcl_interfaces/srv/set_parameters_atomically__type_support.cpp.o[0m
[373.237s] [ 77%] [32mBuilding CXX object CMakeFiles/rcl_interfaces__rosidl_typesupport_cpp.dir/rosidl_typesupport_cpp/rcl_interfaces/srv/set_parameters__type_support.cpp.o[0m
[375.113s] [ 77%] [32mBuilding CXX object CMakeFiles/rcl_interfaces__rosidl_typesupport_cpp.dir/rosidl_typesupport_cpp/rcl_interfaces/msg/integer_range__type_support.cpp.o[0m
[377.099s] [ 77%] [32m[1mLinking CXX shared library librcl_interfaces__rosidl_typesupport_cpp.so[0m
[377.388s] [ 77%] Built target rcl_interfaces__rosidl_typesupport_cpp
[377.475s] [ 77%] [34m[1mGenerating C++ introspection for ROS interfaces[0m
[387.645s] [35m[1mScanning dependencies of target rcl_interfaces__rosidl_typesupport_introspection_cpp[0m
[387.959s] [ 78%] [32mBuilding CXX object CMakeFiles/rcl_interfaces__rosidl_typesupport_introspection_cpp.dir/rosidl_typesupport_introspection_cpp/rcl_interfaces/msg/detail/floating_point_range__type_support.cpp.o[0m
[390.293s] [ 78%] [32mBuilding CXX object CMakeFiles/rcl_interfaces__rosidl_typesupport_introspection_cpp.dir/rosidl_typesupport_introspection_cpp/rcl_interfaces/msg/detail/log__type_support.cpp.o[0m
[392.303s] [ 79%] [32mBuilding CXX object CMakeFiles/rcl_interfaces__rosidl_typesupport_introspection_cpp.dir/rosidl_typesupport_introspection_cpp/rcl_interfaces/msg/detail/parameter_descriptor__type_support.cpp.o[0m
[394.942s] [ 79%] [32mBuilding CXX object CMakeFiles/rcl_interfaces__rosidl_typesupport_introspection_cpp.dir/rosidl_typesupport_introspection_cpp/rcl_interfaces/msg/detail/parameter_event_descriptors__type_support.cpp.o[0m
[397.395s] [ 80%] [32mBuilding CXX object CMakeFiles/rcl_interfaces__rosidl_typesupport_introspection_cpp.dir/rosidl_typesupport_introspection_cpp/rcl_interfaces/msg/detail/parameter_event__type_support.cpp.o[0m
[400.093s] [ 80%] [32mBuilding CXX object CMakeFiles/rcl_interfaces__rosidl_typesupport_introspection_cpp.dir/rosidl_typesupport_introspection_cpp/rcl_interfaces/msg/detail/parameter__type_support.cpp.o[0m
[402.459s] [ 81%] [32mBuilding CXX object CMakeFiles/rcl_interfaces__rosidl_typesupport_introspection_cpp.dir/rosidl_typesupport_introspection_cpp/rcl_interfaces/msg/detail/parameter_type__type_support.cpp.o[0m
[404.402s] [ 81%] [32mBuilding CXX object CMakeFiles/rcl_interfaces__rosidl_typesupport_introspection_cpp.dir/rosidl_typesupport_introspection_cpp/rcl_interfaces/msg/detail/parameter_value__type_support.cpp.o[0m
[407.426s] [ 82%] [32mBuilding CXX object CMakeFiles/rcl_interfaces__rosidl_typesupport_introspection_cpp.dir/rosidl_typesupport_introspection_cpp/rcl_interfaces/msg/detail/set_parameters_result__type_support.cpp.o[0m
[409.375s] [ 82%] [32mBuilding CXX object CMakeFiles/rcl_interfaces__rosidl_typesupport_introspection_cpp.dir/rosidl_typesupport_introspection_cpp/rcl_interfaces/srv/detail/describe_parameters__type_support.cpp.o[0m
[412.156s] [ 83%] [32mBuilding CXX object CMakeFiles/rcl_interfaces__rosidl_typesupport_introspection_cpp.dir/rosidl_typesupport_introspection_cpp/rcl_interfaces/srv/detail/get_parameters__type_support.cpp.o[0m
[415.232s] [ 83%] [32mBuilding CXX object CMakeFiles/rcl_interfaces__rosidl_typesupport_introspection_cpp.dir/rosidl_typesupport_introspection_cpp/rcl_interfaces/srv/detail/get_parameter_types__type_support.cpp.o[0m
[417.588s] [ 84%] [32mBuilding CXX object CMakeFiles/rcl_interfaces__rosidl_typesupport_introspection_cpp.dir/rosidl_typesupport_introspection_cpp/rcl_interfaces/srv/detail/list_parameters__type_support.cpp.o[0m
[419.778s] [ 84%] [32mBuilding CXX object CMakeFiles/rcl_interfaces__rosidl_typesupport_introspection_cpp.dir/rosidl_typesupport_introspection_cpp/rcl_interfaces/srv/detail/set_parameters_atomically__type_support.cpp.o[0m
[422.852s] [ 85%] [32mBuilding CXX object CMakeFiles/rcl_interfaces__rosidl_typesupport_introspection_cpp.dir/rosidl_typesupport_introspection_cpp/rcl_interfaces/srv/detail/set_parameters__type_support.cpp.o[0m
[425.794s] [ 86%] [32mBuilding CXX object CMakeFiles/rcl_interfaces__rosidl_typesupport_introspection_cpp.dir/rosidl_typesupport_introspection_cpp/rcl_interfaces/msg/detail/list_parameters_result__type_support.cpp.o[0m
[428.242s] [ 86%] [32mBuilding CXX object CMakeFiles/rcl_interfaces__rosidl_typesupport_introspection_cpp.dir/rosidl_typesupport_introspection_cpp/rcl_interfaces/msg/detail/integer_range__type_support.cpp.o[0m
[430.213s] [ 86%] [32m[1mLinking CXX shared library librcl_interfaces__rosidl_typesupport_introspection_cpp.so[0m
[430.964s] [ 86%] Built target rcl_interfaces__rosidl_typesupport_introspection_cpp
[431.050s] [35m[1mScanning dependencies of target rcl_interfaces[0m
[431.144s] [ 86%] Built target rcl_interfaces
[431.244s] [35m[1mScanning dependencies of target rcl_interfaces__py[0m
[431.335s] [ 87%] [34m[1mGenerating Python code for ROS interfaces[0m
[453.511s] [ 87%] Built target rcl_interfaces__py
[453.593s] [35m[1mScanning dependencies of target rcl_interfaces__python[0m
[454.149s] [ 87%] [32mBuilding C object CMakeFiles/rcl_interfaces__python.dir/rosidl_generator_py/rcl_interfaces/msg/_floating_point_range_s.c.o[0m
[454.971s] [ 88%] [32mBuilding C object CMakeFiles/rcl_interfaces__python.dir/rosidl_generator_py/rcl_interfaces/msg/_log_s.c.o[0m
[455.662s] [ 88%] [32mBuilding C object CMakeFiles/rcl_interfaces__python.dir/rosidl_generator_py/rcl_interfaces/msg/_parameter_descriptor_s.c.o[0m
[456.427s] [ 89%] [32mBuilding C object CMakeFiles/rcl_interfaces__python.dir/rosidl_generator_py/rcl_interfaces/msg/_parameter_event_descriptors_s.c.o[0m
[457.133s] [ 89%] [32mBuilding C object CMakeFiles/rcl_interfaces__python.dir/rosidl_generator_py/rcl_interfaces/msg/_parameter_event_s.c.o[0m
[458.024s] [ 90%] [32mBuilding C object CMakeFiles/rcl_interfaces__python.dir/rosidl_generator_py/rcl_interfaces/msg/_parameter_s.c.o[0m
[458.612s] [ 90%] [32mBuilding C object CMakeFiles/rcl_interfaces__python.dir/rosidl_generator_py/rcl_interfaces/msg/_parameter_type_s.c.o[0m
[459.213s] [ 91%] [32mBuilding C object CMakeFiles/rcl_interfaces__python.dir/rosidl_generator_py/rcl_interfaces/msg/_parameter_value_s.c.o[0m
[459.912s] [ 91%] [32mBuilding C object CMakeFiles/rcl_interfaces__python.dir/rosidl_generator_py/rcl_interfaces/msg/_set_parameters_result_s.c.o[0m
[460.467s] [ 92%] [32mBuilding C object CMakeFiles/rcl_interfaces__python.dir/rosidl_generator_py/rcl_interfaces/srv/_describe_parameters_s.c.o[0m
[461.126s] [ 92%] [32mBuilding C object CMakeFiles/rcl_interfaces__python.dir/rosidl_generator_py/rcl_interfaces/srv/_get_parameters_s.c.o[0m
[461.788s] [ 93%] [32mBuilding C object CMakeFiles/rcl_interfaces__python.dir/rosidl_generator_py/rcl_interfaces/srv/_get_parameter_types_s.c.o[0m
[462.463s] [ 93%] [32mBuilding C object CMakeFiles/rcl_interfaces__python.dir/rosidl_generator_py/rcl_interfaces/srv/_list_parameters_s.c.o[0m
[463.185s] [ 94%] [32mBuilding C object CMakeFiles/rcl_interfaces__python.dir/rosidl_generator_py/rcl_interfaces/srv/_set_parameters_atomically_s.c.o[0m
[463.852s] [ 94%] [32mBuilding C object CMakeFiles/rcl_interfaces__python.dir/rosidl_generator_py/rcl_interfaces/srv/_set_parameters_s.c.o[0m
[464.488s] [ 94%] [32mBuilding C object CMakeFiles/rcl_interfaces__python.dir/rosidl_generator_py/rcl_interfaces/msg/_list_parameters_result_s.c.o[0m
[465.120s] [ 95%] [32mBuilding C object CMakeFiles/rcl_interfaces__python.dir/rosidl_generator_py/rcl_interfaces/msg/_integer_range_s.c.o[0m
[465.673s] [ 96%] [32m[1mLinking C shared library rosidl_generator_py/rcl_interfaces/librcl_interfaces__python.so[0m
[466.029s] [ 96%] Built target rcl_interfaces__python
[466.119s] [35m[1mScanning dependencies of target rcl_interfaces__rosidl_typesupport_c__pyext[0m
[466.366s] [ 96%] [32mBuilding C object CMakeFiles/rcl_interfaces__rosidl_typesupport_c__pyext.dir/rosidl_generator_py/rcl_interfaces/_rcl_interfaces_s.ep.rosidl_typesupport_c.c.o[0m
[467.321s] [ 97%] [32m[1mLinking C shared library rosidl_generator_py/rcl_interfaces/rcl_interfaces_s__rosidl_typesupport_c.cpython-38-aarch64-linux-gnu.so[0m
[467.618s] [ 97%] Built target rcl_interfaces__rosidl_typesupport_c__pyext
[467.758s] [35m[1mScanning dependencies of target rcl_interfaces__rosidl_typesupport_introspection_c__pyext[0m
[468.014s] [ 97%] [32mBuilding C object CMakeFiles/rcl_interfaces__rosidl_typesupport_introspection_c__pyext.dir/rosidl_generator_py/rcl_interfaces/_rcl_interfaces_s.ep.rosidl_typesupport_introspection_c.c.o[0m
[469.157s] [ 98%] [32m[1mLinking C shared library rosidl_generator_py/rcl_interfaces/rcl_interfaces_s__rosidl_typesupport_introspection_c.cpython-38-aarch64-linux-gnu.so[0m
[469.467s] [ 98%] Built target rcl_interfaces__rosidl_typesupport_introspection_c__pyext
[469.540s] [35m[1mScanning dependencies of target rcl_interfaces__rosidl_typesupport_microxrcedds_c__pyext[0m
[469.822s] [ 98%] [32mBuilding C object CMakeFiles/rcl_interfaces__rosidl_typesupport_microxrcedds_c__pyext.dir/rosidl_generator_py/rcl_interfaces/_rcl_interfaces_s.ep.rosidl_typesupport_microxrcedds_c.c.o[0m
[470.857s] [ 99%] [32m[1mLinking C shared library rosidl_generator_py/rcl_interfaces/rcl_interfaces_s__rosidl_typesupport_microxrcedds_c.cpython-38-aarch64-linux-gnu.so[0m
[471.143s] [ 99%] Built target rcl_interfaces__rosidl_typesupport_microxrcedds_c__pyext
[471.226s] [35m[1mScanning dependencies of target rcl_interfaces__rosidl_typesupport_fastrtps_c__pyext[0m
[471.545s] [ 99%] [32mBuilding C object CMakeFiles/rcl_interfaces__rosidl_typesupport_fastrtps_c__pyext.dir/rosidl_generator_py/rcl_interfaces/_rcl_interfaces_s.ep.rosidl_typesupport_fastrtps_c.c.o[0m
[472.859s] [100%] [32m[1mLinking CXX shared library rosidl_generator_py/rcl_interfaces/rcl_interfaces_s__rosidl_typesupport_fastrtps_c.cpython-38-aarch64-linux-gnu.so[0m
[473.300s] [100%] Built target rcl_interfaces__rosidl_typesupport_fastrtps_c__pyext
