Not searching for unused variables given on the command line.
-- The C compiler identification is GNU 9.4.0
-- The CXX compiler identification is GNU 9.4.0
-- Check for working C compiler: /usr/bin/arm-linux-gnueabihf-gcc
-- Check for working C compiler: /usr/bin/arm-linux-gnueabihf-gcc -- works
-- Detecting C compiler ABI info
-- Detecting C compiler ABI info - done
-- Detecting C compile features
-- Detecting C compile features - done
-- Check for working CXX compiler: /usr/bin/arm-linux-gnueabihf-g++
-- Check for working CXX compiler: /usr/bin/arm-linux-gnueabihf-g++ -- works
-- Detecting CXX compiler ABI info
-- Detecting CXX compiler ABI info - done
-- Detecting CXX compile features
-- Detecting CXX compile features - done
-- Found ament_cmake_ros: 0.9.2 (/home/ubuntu/ROS2/microros_ws/firmware/dev_ws/install/ament_cmake_ros/share/ament_cmake_ros/cmake)
-- Found PythonInterp: /usr/bin/python3 (found suitable version "3.8.10", minimum required is "3") 
-- Using PYTHON_EXECUTABLE: /usr/bin/python3
-- Configuring done
-- Generating done
-- Build files have been written to: /home/ubuntu/ROS2/microros_ws/firmware/mcu_ws/build/tracetools
/usr/bin/cmake -S/home/ubuntu/ROS2/microros_ws/firmware/mcu_ws/uros/tracetools/tracetools -B/home/ubuntu/ROS2/microros_ws/firmware/mcu_ws/build/tracetools --check-build-system CMakeFiles/Makefile.cmake 0
/usr/bin/cmake -E cmake_progress_start /home/ubuntu/ROS2/microros_ws/firmware/mcu_ws/build/tracetools/CMakeFiles /home/ubuntu/ROS2/microros_ws/firmware/mcu_ws/build/tracetools/CMakeFiles/progress.marks
/usr/bin/make -f CMakeFiles/Makefile2 all
make[1]: Entering directory '/home/ubuntu/ROS2/microros_ws/firmware/mcu_ws/build/tracetools'
/usr/bin/make -f CMakeFiles/tracetools.dir/build.make CMakeFiles/tracetools.dir/depend
make[2]: Entering directory '/home/ubuntu/ROS2/microros_ws/firmware/mcu_ws/build/tracetools'
cd /home/ubuntu/ROS2/microros_ws/firmware/mcu_ws/build/tracetools && /usr/bin/cmake -E cmake_depends "Unix Makefiles" /home/ubuntu/ROS2/microros_ws/firmware/mcu_ws/uros/tracetools/tracetools /home/ubuntu/ROS2/microros_ws/firmware/mcu_ws/uros/tracetools/tracetools /home/ubuntu/ROS2/microros_ws/firmware/mcu_ws/build/tracetools /home/ubuntu/ROS2/microros_ws/firmware/mcu_ws/build/tracetools /home/ubuntu/ROS2/microros_ws/firmware/mcu_ws/build/tracetools/CMakeFiles/tracetools.dir/DependInfo.cmake --color=
Dependee "/home/ubuntu/ROS2/microros_ws/firmware/mcu_ws/build/tracetools/CMakeFiles/tracetools.dir/DependInfo.cmake" is newer than depender "/home/ubuntu/ROS2/microros_ws/firmware/mcu_ws/build/tracetools/CMakeFiles/tracetools.dir/depend.internal".
Dependee "/home/ubuntu/ROS2/microros_ws/firmware/mcu_ws/build/tracetools/CMakeFiles/CMakeDirectoryInformation.cmake" is newer than depender "/home/ubuntu/ROS2/microros_ws/firmware/mcu_ws/build/tracetools/CMakeFiles/tracetools.dir/depend.internal".
[35m[1mScanning dependencies of target tracetools[0m
make[2]: Leaving directory '/home/ubuntu/ROS2/microros_ws/firmware/mcu_ws/build/tracetools'
/usr/bin/make -f CMakeFiles/tracetools.dir/build.make CMakeFiles/tracetools.dir/build
make[2]: Entering directory '/home/ubuntu/ROS2/microros_ws/firmware/mcu_ws/build/tracetools'
[ 33%] [32mBuilding C object CMakeFiles/tracetools.dir/src/tracetools.c.o[0m
/usr/bin/arm-linux-gnueabihf-gcc -DROS_PACKAGE_NAME=\"tracetools\" -Dtracetools_VERSION=\"1.0.2\" -I/home/ubuntu/ROS2/microros_ws/firmware/mcu_ws/build/tracetools/include  -march=armv8-a -mfpu=neon-fp-armv8 -mfloat-abi=hard -O3 -DNDEBUG   -Wall -Wextra -Wpedantic -o CMakeFiles/tracetools.dir/src/tracetools.c.o   -c /home/ubuntu/ROS2/microros_ws/firmware/mcu_ws/uros/tracetools/tracetools/src/tracetools.c
[ 66%] [32mBuilding CXX object CMakeFiles/tracetools.dir/src/utils.cpp.o[0m
/usr/bin/arm-linux-gnueabihf-g++  -DROS_PACKAGE_NAME=\"tracetools\" -Dtracetools_VERSION=\"1.0.2\" -I/home/ubuntu/ROS2/microros_ws/firmware/mcu_ws/build/tracetools/include  -march=armv8-a -mfpu=neon-fp-armv8 -mfloat-abi=hard -O3 -DNDEBUG   -Wall -Wextra -Wpedantic -std=gnu++14 -o CMakeFiles/tracetools.dir/src/utils.cpp.o -c /home/ubuntu/ROS2/microros_ws/firmware/mcu_ws/uros/tracetools/tracetools/src/utils.cpp
[100%] [32m[1mLinking CXX static library libtracetools.a[0m
/usr/bin/cmake -P CMakeFiles/tracetools.dir/cmake_clean_target.cmake
/usr/bin/cmake -E cmake_link_script CMakeFiles/tracetools.dir/link.txt --verbose=1
/usr/bin/arm-linux-gnueabihf-ar qc libtracetools.a  CMakeFiles/tracetools.dir/src/tracetools.c.o CMakeFiles/tracetools.dir/src/utils.cpp.o
/usr/bin/arm-linux-gnueabihf-ranlib libtracetools.a
make[2]: Leaving directory '/home/ubuntu/ROS2/microros_ws/firmware/mcu_ws/build/tracetools'
[100%] Built target tracetools
make[1]: Leaving directory '/home/ubuntu/ROS2/microros_ws/firmware/mcu_ws/build/tracetools'
/usr/bin/cmake -E cmake_progress_start /home/ubuntu/ROS2/microros_ws/firmware/mcu_ws/build/tracetools/CMakeFiles 0
-- Install configuration: "Release"
-- Up-to-date: /home/ubuntu/ROS2/microros_ws/firmware/mcu_ws/install/include
-- Installing: /home/ubuntu/ROS2/microros_ws/firmware/mcu_ws/install/include/tracetools
-- Installing: /home/ubuntu/ROS2/microros_ws/firmware/mcu_ws/install/include/tracetools/tracetools.h
-- Installing: /home/ubuntu/ROS2/microros_ws/firmware/mcu_ws/install/include/tracetools/visibility_control.hpp
-- Installing: /home/ubuntu/ROS2/microros_ws/firmware/mcu_ws/install/include/tracetools/config.h
-- Installing: /home/ubuntu/ROS2/microros_ws/firmware/mcu_ws/install/include/tracetools/utils.hpp
-- Installing: /home/ubuntu/ROS2/microros_ws/firmware/mcu_ws/install/lib/libtracetools.a
-- Installing: /home/ubuntu/ROS2/microros_ws/firmware/mcu_ws/install/share/ament_index/resource_index/package_run_dependencies/tracetools
-- Installing: /home/ubuntu/ROS2/microros_ws/firmware/mcu_ws/install/share/ament_index/resource_index/parent_prefix_path/tracetools
-- Installing: /home/ubuntu/ROS2/microros_ws/firmware/mcu_ws/install/share/tracetools/environment/ament_prefix_path.sh
-- Installing: /home/ubuntu/ROS2/microros_ws/firmware/mcu_ws/install/share/tracetools/environment/ament_prefix_path.dsv
-- Installing: /home/ubuntu/ROS2/microros_ws/firmware/mcu_ws/install/share/tracetools/environment/path.sh
-- Installing: /home/ubuntu/ROS2/microros_ws/firmware/mcu_ws/install/share/tracetools/environment/path.dsv
-- Installing: /home/ubuntu/ROS2/microros_ws/firmware/mcu_ws/install/share/tracetools/local_setup.bash
-- Installing: /home/ubuntu/ROS2/microros_ws/firmware/mcu_ws/install/share/tracetools/local_setup.sh
-- Installing: /home/ubuntu/ROS2/microros_ws/firmware/mcu_ws/install/share/tracetools/local_setup.zsh
-- Installing: /home/ubuntu/ROS2/microros_ws/firmware/mcu_ws/install/share/tracetools/local_setup.dsv
-- Installing: /home/ubuntu/ROS2/microros_ws/firmware/mcu_ws/install/share/tracetools/package.dsv
-- Installing: /home/ubuntu/ROS2/microros_ws/firmware/mcu_ws/install/share/ament_index/resource_index/packages/tracetools
-- Installing: /home/ubuntu/ROS2/microros_ws/firmware/mcu_ws/install/share/tracetools/cmake/ament_cmake_export_include_directories-extras.cmake
-- Installing: /home/ubuntu/ROS2/microros_ws/firmware/mcu_ws/install/share/tracetools/cmake/tracetoolsConfig.cmake
-- Installing: /home/ubuntu/ROS2/microros_ws/firmware/mcu_ws/install/share/tracetools/cmake/tracetoolsConfig-version.cmake
-- Installing: /home/ubuntu/ROS2/microros_ws/firmware/mcu_ws/install/share/tracetools/package.xml
