[0.261s] Invoking command in '/home/ubuntu/ROS2/microros_ws/firmware/mcu_ws/build/tracetools': CMAKE_PREFIX_PATH=${CMAKE_PREFIX_PATH}:/home/ubuntu/ROS2/microros_ws/firmware/dev_ws/install/ament_uncrustify:/home/ubuntu/ROS2/microros_ws/firmware/dev_ws/install/domain_coordinator:/home/ubuntu/ROS2/microros_ws/firmware/dev_ws/install/ament_xmllint:/home/ubuntu/ROS2/microros_ws/firmware/dev_ws/install/ament_pyflakes:/home/ubuntu/ROS2/microros_ws/firmware/dev_ws/install/ament_pycodestyle:/home/ubuntu/ROS2/microros_ws/firmware/dev_ws/install/ament_pep257:/home/ubuntu/ROS2/microros_ws/firmware/dev_ws/install/ament_pclint:/home/ubuntu/ROS2/microros_ws/firmware/dev_ws/install/ament_package:/home/ubuntu/ROS2/microros_ws/firmware/dev_ws/install/ament_mypy:/home/ubuntu/ROS2/microros_ws/firmware/dev_ws/install/ament_lint_cmake:/home/ubuntu/ROS2/microros_ws/firmware/dev_ws/install/ament_flake8:/home/ubuntu/ROS2/microros_ws/firmware/dev_ws/install/ament_copyright:/home/ubuntu/ROS2/microros_ws/firmware/dev_ws/install/ament_lint:/home/ubuntu/ROS2/microros_ws/firmware/dev_ws/install/ament_index_python:/home/ubuntu/ROS2/microros_ws/firmware/dev_ws/install/ament_cpplint:/home/ubuntu/ROS2/microros_ws/firmware/dev_ws/install/ament_cppcheck:/home/ubuntu/ROS2/microros_ws/firmware/dev_ws/install/ament_clang_tidy:/home/ubuntu/ROS2/microros_ws/firmware/dev_ws/install/ament_clang_format /usr/bin/cmake /home/ubuntu/ROS2/microros_ws/firmware/mcu_ws/uros/tracetools/tracetools --no-warn-unused-cli -DCMAKE_POSITION_INDEPENDENT_CODE:BOOL=OFF -DTHIRDPARTY=ON -DBUILD_SHARED_LIBS=OFF -DBUILD_TESTING=OFF -DCMAKE_BUILD_TYPE=Release -DCMAKE_TOOLCHAIN_FILE=/home/ubuntu/ROS2/microros_ws/my_custom_toolchain.cmake -DCMAKE_VERBOSE_MAKEFILE=ON -DTRACETOOLS_DISABLED=ON -DTRACETOOLS_STATUS_CHECKING_TOOL=OFF -DCMAKE_INSTALL_PREFIX=/home/ubuntu/ROS2/microros_ws/firmware/mcu_ws/install
[0.329s] Not searching for unused variables given on the command line.
[1.072s] -- The C compiler identification is GNU 9.4.0
[1.870s] -- The CXX compiler identification is GNU 9.4.0
[1.935s] -- Check for working C compiler: /usr/bin/arm-linux-gnueabihf-gcc
[2.577s] -- Check for working C compiler: /usr/bin/arm-linux-gnueabihf-gcc -- works
[2.582s] -- Detecting C compiler ABI info
[3.388s] -- Detecting C compiler ABI info - done
[3.460s] -- Detecting C compile features
[3.462s] -- Detecting C compile features - done
[3.476s] -- Check for working CXX compiler: /usr/bin/arm-linux-gnueabihf-g++
[4.485s] -- Check for working CXX compiler: /usr/bin/arm-linux-gnueabihf-g++ -- works
[4.583s] -- Detecting CXX compiler ABI info
[5.939s] -- Detecting CXX compiler ABI info - done
[5.998s] -- Detecting CXX compile features
[6.000s] -- Detecting CXX compile features - done
[6.031s] -- Found ament_cmake_ros: 0.9.2 (/home/ubuntu/ROS2/microros_ws/firmware/dev_ws/install/ament_cmake_ros/share/ament_cmake_ros/cmake)
[6.394s] -- Found PythonInterp: /usr/bin/python3 (found suitable version "3.8.10", minimum required is "3") 
[6.396s] -- Using PYTHON_EXECUTABLE: /usr/bin/python3
[9.507s] -- Configuring done
[9.554s] -- Generating done
[9.560s] -- Build files have been written to: /home/ubuntu/ROS2/microros_ws/firmware/mcu_ws/build/tracetools
[9.588s] Invoked command in '/home/ubuntu/ROS2/microros_ws/firmware/mcu_ws/build/tracetools' returned '0': CMAKE_PREFIX_PATH=${CMAKE_PREFIX_PATH}:/home/ubuntu/ROS2/microros_ws/firmware/dev_ws/install/ament_uncrustify:/home/ubuntu/ROS2/microros_ws/firmware/dev_ws/install/domain_coordinator:/home/ubuntu/ROS2/microros_ws/firmware/dev_ws/install/ament_xmllint:/home/ubuntu/ROS2/microros_ws/firmware/dev_ws/install/ament_pyflakes:/home/ubuntu/ROS2/microros_ws/firmware/dev_ws/install/ament_pycodestyle:/home/ubuntu/ROS2/microros_ws/firmware/dev_ws/install/ament_pep257:/home/ubuntu/ROS2/microros_ws/firmware/dev_ws/install/ament_pclint:/home/ubuntu/ROS2/microros_ws/firmware/dev_ws/install/ament_package:/home/ubuntu/ROS2/microros_ws/firmware/dev_ws/install/ament_mypy:/home/ubuntu/ROS2/microros_ws/firmware/dev_ws/install/ament_lint_cmake:/home/ubuntu/ROS2/microros_ws/firmware/dev_ws/install/ament_flake8:/home/ubuntu/ROS2/microros_ws/firmware/dev_ws/install/ament_copyright:/home/ubuntu/ROS2/microros_ws/firmware/dev_ws/install/ament_lint:/home/ubuntu/ROS2/microros_ws/firmware/dev_ws/install/ament_index_python:/home/ubuntu/ROS2/microros_ws/firmware/dev_ws/install/ament_cpplint:/home/ubuntu/ROS2/microros_ws/firmware/dev_ws/install/ament_cppcheck:/home/ubuntu/ROS2/microros_ws/firmware/dev_ws/install/ament_clang_tidy:/home/ubuntu/ROS2/microros_ws/firmware/dev_ws/install/ament_clang_format /usr/bin/cmake /home/ubuntu/ROS2/microros_ws/firmware/mcu_ws/uros/tracetools/tracetools --no-warn-unused-cli -DCMAKE_POSITION_INDEPENDENT_CODE:BOOL=OFF -DTHIRDPARTY=ON -DBUILD_SHARED_LIBS=OFF -DBUILD_TESTING=OFF -DCMAKE_BUILD_TYPE=Release -DCMAKE_TOOLCHAIN_FILE=/home/ubuntu/ROS2/microros_ws/my_custom_toolchain.cmake -DCMAKE_VERBOSE_MAKEFILE=ON -DTRACETOOLS_DISABLED=ON -DTRACETOOLS_STATUS_CHECKING_TOOL=OFF -DCMAKE_INSTALL_PREFIX=/home/ubuntu/ROS2/microros_ws/firmware/mcu_ws/install
[9.591s] Invoking command in '/home/ubuntu/ROS2/microros_ws/firmware/mcu_ws/build/tracetools': CMAKE_PREFIX_PATH=${CMAKE_PREFIX_PATH}:/home/ubuntu/ROS2/microros_ws/firmware/dev_ws/install/ament_uncrustify:/home/ubuntu/ROS2/microros_ws/firmware/dev_ws/install/domain_coordinator:/home/ubuntu/ROS2/microros_ws/firmware/dev_ws/install/ament_xmllint:/home/ubuntu/ROS2/microros_ws/firmware/dev_ws/install/ament_pyflakes:/home/ubuntu/ROS2/microros_ws/firmware/dev_ws/install/ament_pycodestyle:/home/ubuntu/ROS2/microros_ws/firmware/dev_ws/install/ament_pep257:/home/ubuntu/ROS2/microros_ws/firmware/dev_ws/install/ament_pclint:/home/ubuntu/ROS2/microros_ws/firmware/dev_ws/install/ament_package:/home/ubuntu/ROS2/microros_ws/firmware/dev_ws/install/ament_mypy:/home/ubuntu/ROS2/microros_ws/firmware/dev_ws/install/ament_lint_cmake:/home/ubuntu/ROS2/microros_ws/firmware/dev_ws/install/ament_flake8:/home/ubuntu/ROS2/microros_ws/firmware/dev_ws/install/ament_copyright:/home/ubuntu/ROS2/microros_ws/firmware/dev_ws/install/ament_lint:/home/ubuntu/ROS2/microros_ws/firmware/dev_ws/install/ament_index_python:/home/ubuntu/ROS2/microros_ws/firmware/dev_ws/install/ament_cpplint:/home/ubuntu/ROS2/microros_ws/firmware/dev_ws/install/ament_cppcheck:/home/ubuntu/ROS2/microros_ws/firmware/dev_ws/install/ament_clang_tidy:/home/ubuntu/ROS2/microros_ws/firmware/dev_ws/install/ament_clang_format /usr/bin/cmake --build /home/ubuntu/ROS2/microros_ws/firmware/mcu_ws/build/tracetools -- -j4 -l4
[9.744s] /usr/bin/cmake -S/home/ubuntu/ROS2/microros_ws/firmware/mcu_ws/uros/tracetools/tracetools -B/home/ubuntu/ROS2/microros_ws/firmware/mcu_ws/build/tracetools --check-build-system CMakeFiles/Makefile.cmake 0
[9.882s] /usr/bin/cmake -E cmake_progress_start /home/ubuntu/ROS2/microros_ws/firmware/mcu_ws/build/tracetools/CMakeFiles /home/ubuntu/ROS2/microros_ws/firmware/mcu_ws/build/tracetools/CMakeFiles/progress.marks
[10.050s] /usr/bin/make -f CMakeFiles/Makefile2 all
[10.074s] make[1]: Entering directory '/home/ubuntu/ROS2/microros_ws/firmware/mcu_ws/build/tracetools'
[10.074s] /usr/bin/make -f CMakeFiles/tracetools.dir/build.make CMakeFiles/tracetools.dir/depend
[10.106s] make[2]: Entering directory '/home/ubuntu/ROS2/microros_ws/firmware/mcu_ws/build/tracetools'
[10.114s] cd /home/ubuntu/ROS2/microros_ws/firmware/mcu_ws/build/tracetools && /usr/bin/cmake -E cmake_depends "Unix Makefiles" /home/ubuntu/ROS2/microros_ws/firmware/mcu_ws/uros/tracetools/tracetools /home/ubuntu/ROS2/microros_ws/firmware/mcu_ws/uros/tracetools/tracetools /home/ubuntu/ROS2/microros_ws/firmware/mcu_ws/build/tracetools /home/ubuntu/ROS2/microros_ws/firmware/mcu_ws/build/tracetools /home/ubuntu/ROS2/microros_ws/firmware/mcu_ws/build/tracetools/CMakeFiles/tracetools.dir/DependInfo.cmake --color=
[10.237s] Dependee "/home/ubuntu/ROS2/microros_ws/firmware/mcu_ws/build/tracetools/CMakeFiles/tracetools.dir/DependInfo.cmake" is newer than depender "/home/ubuntu/ROS2/microros_ws/firmware/mcu_ws/build/tracetools/CMakeFiles/tracetools.dir/depend.internal".
[10.238s] Dependee "/home/ubuntu/ROS2/microros_ws/firmware/mcu_ws/build/tracetools/CMakeFiles/CMakeDirectoryInformation.cmake" is newer than depender "/home/ubuntu/ROS2/microros_ws/firmware/mcu_ws/build/tracetools/CMakeFiles/tracetools.dir/depend.internal".
[10.239s] [35m[1mScanning dependencies of target tracetools[0m
[10.323s] make[2]: Leaving directory '/home/ubuntu/ROS2/microros_ws/firmware/mcu_ws/build/tracetools'
[10.324s] /usr/bin/make -f CMakeFiles/tracetools.dir/build.make CMakeFiles/tracetools.dir/build
[10.384s] make[2]: Entering directory '/home/ubuntu/ROS2/microros_ws/firmware/mcu_ws/build/tracetools'
[10.700s] [ 33%] [32mBuilding C object CMakeFiles/tracetools.dir/src/tracetools.c.o[0m
[10.713s] /usr/bin/arm-linux-gnueabihf-gcc -DROS_PACKAGE_NAME=\"tracetools\" -Dtracetools_VERSION=\"1.0.2\" -I/home/ubuntu/ROS2/microros_ws/firmware/mcu_ws/build/tracetools/include  -march=armv8-a -mfpu=neon-fp-armv8 -mfloat-abi=hard -O3 -DNDEBUG   -Wall -Wextra -Wpedantic -o CMakeFiles/tracetools.dir/src/tracetools.c.o   -c /home/ubuntu/ROS2/microros_ws/firmware/mcu_ws/uros/tracetools/tracetools/src/tracetools.c
[11.057s] [ 66%] [32mBuilding CXX object CMakeFiles/tracetools.dir/src/utils.cpp.o[0m
[11.071s] /usr/bin/arm-linux-gnueabihf-g++  -DROS_PACKAGE_NAME=\"tracetools\" -Dtracetools_VERSION=\"1.0.2\" -I/home/ubuntu/ROS2/microros_ws/firmware/mcu_ws/build/tracetools/include  -march=armv8-a -mfpu=neon-fp-armv8 -mfloat-abi=hard -O3 -DNDEBUG   -Wall -Wextra -Wpedantic -std=gnu++14 -o CMakeFiles/tracetools.dir/src/utils.cpp.o -c /home/ubuntu/ROS2/microros_ws/firmware/mcu_ws/uros/tracetools/tracetools/src/utils.cpp
[11.289s] [100%] [32m[1mLinking CXX static library libtracetools.a[0m
[11.298s] /usr/bin/cmake -P CMakeFiles/tracetools.dir/cmake_clean_target.cmake
[11.433s] /usr/bin/cmake -E cmake_link_script CMakeFiles/tracetools.dir/link.txt --verbose=1
[11.484s] /usr/bin/arm-linux-gnueabihf-ar qc libtracetools.a  CMakeFiles/tracetools.dir/src/tracetools.c.o CMakeFiles/tracetools.dir/src/utils.cpp.o
[11.526s] /usr/bin/arm-linux-gnueabihf-ranlib libtracetools.a
[11.548s] make[2]: Leaving directory '/home/ubuntu/ROS2/microros_ws/firmware/mcu_ws/build/tracetools'
[11.633s] [100%] Built target tracetools
[11.638s] make[1]: Leaving directory '/home/ubuntu/ROS2/microros_ws/firmware/mcu_ws/build/tracetools'
[11.639s] /usr/bin/cmake -E cmake_progress_start /home/ubuntu/ROS2/microros_ws/firmware/mcu_ws/build/tracetools/CMakeFiles 0
[11.755s] Invoked command in '/home/ubuntu/ROS2/microros_ws/firmware/mcu_ws/build/tracetools' returned '0': CMAKE_PREFIX_PATH=${CMAKE_PREFIX_PATH}:/home/ubuntu/ROS2/microros_ws/firmware/dev_ws/install/ament_uncrustify:/home/ubuntu/ROS2/microros_ws/firmware/dev_ws/install/domain_coordinator:/home/ubuntu/ROS2/microros_ws/firmware/dev_ws/install/ament_xmllint:/home/ubuntu/ROS2/microros_ws/firmware/dev_ws/install/ament_pyflakes:/home/ubuntu/ROS2/microros_ws/firmware/dev_ws/install/ament_pycodestyle:/home/ubuntu/ROS2/microros_ws/firmware/dev_ws/install/ament_pep257:/home/ubuntu/ROS2/microros_ws/firmware/dev_ws/install/ament_pclint:/home/ubuntu/ROS2/microros_ws/firmware/dev_ws/install/ament_package:/home/ubuntu/ROS2/microros_ws/firmware/dev_ws/install/ament_mypy:/home/ubuntu/ROS2/microros_ws/firmware/dev_ws/install/ament_lint_cmake:/home/ubuntu/ROS2/microros_ws/firmware/dev_ws/install/ament_flake8:/home/ubuntu/ROS2/microros_ws/firmware/dev_ws/install/ament_copyright:/home/ubuntu/ROS2/microros_ws/firmware/dev_ws/install/ament_lint:/home/ubuntu/ROS2/microros_ws/firmware/dev_ws/install/ament_index_python:/home/ubuntu/ROS2/microros_ws/firmware/dev_ws/install/ament_cpplint:/home/ubuntu/ROS2/microros_ws/firmware/dev_ws/install/ament_cppcheck:/home/ubuntu/ROS2/microros_ws/firmware/dev_ws/install/ament_clang_tidy:/home/ubuntu/ROS2/microros_ws/firmware/dev_ws/install/ament_clang_format /usr/bin/cmake --build /home/ubuntu/ROS2/microros_ws/firmware/mcu_ws/build/tracetools -- -j4 -l4
[12.516s] Invoking command in '/home/ubuntu/ROS2/microros_ws/firmware/mcu_ws/build/tracetools': CMAKE_PREFIX_PATH=${CMAKE_PREFIX_PATH}:/home/ubuntu/ROS2/microros_ws/firmware/dev_ws/install/ament_uncrustify:/home/ubuntu/ROS2/microros_ws/firmware/dev_ws/install/domain_coordinator:/home/ubuntu/ROS2/microros_ws/firmware/dev_ws/install/ament_xmllint:/home/ubuntu/ROS2/microros_ws/firmware/dev_ws/install/ament_pyflakes:/home/ubuntu/ROS2/microros_ws/firmware/dev_ws/install/ament_pycodestyle:/home/ubuntu/ROS2/microros_ws/firmware/dev_ws/install/ament_pep257:/home/ubuntu/ROS2/microros_ws/firmware/dev_ws/install/ament_pclint:/home/ubuntu/ROS2/microros_ws/firmware/dev_ws/install/ament_package:/home/ubuntu/ROS2/microros_ws/firmware/dev_ws/install/ament_mypy:/home/ubuntu/ROS2/microros_ws/firmware/dev_ws/install/ament_lint_cmake:/home/ubuntu/ROS2/microros_ws/firmware/dev_ws/install/ament_flake8:/home/ubuntu/ROS2/microros_ws/firmware/dev_ws/install/ament_copyright:/home/ubuntu/ROS2/microros_ws/firmware/dev_ws/install/ament_lint:/home/ubuntu/ROS2/microros_ws/firmware/dev_ws/install/ament_index_python:/home/ubuntu/ROS2/microros_ws/firmware/dev_ws/install/ament_cpplint:/home/ubuntu/ROS2/microros_ws/firmware/dev_ws/install/ament_cppcheck:/home/ubuntu/ROS2/microros_ws/firmware/dev_ws/install/ament_clang_tidy:/home/ubuntu/ROS2/microros_ws/firmware/dev_ws/install/ament_clang_format /usr/bin/cmake --install /home/ubuntu/ROS2/microros_ws/firmware/mcu_ws/build/tracetools
[12.609s] -- Install configuration: "Release"
[12.612s] -- Up-to-date: /home/ubuntu/ROS2/microros_ws/firmware/mcu_ws/install/include
[12.614s] -- Installing: /home/ubuntu/ROS2/microros_ws/firmware/mcu_ws/install/include/tracetools
[12.616s] -- Installing: /home/ubuntu/ROS2/microros_ws/firmware/mcu_ws/install/include/tracetools/tracetools.h
[12.619s] -- Installing: /home/ubuntu/ROS2/microros_ws/firmware/mcu_ws/install/include/tracetools/visibility_control.hpp
[12.621s] -- Installing: /home/ubuntu/ROS2/microros_ws/firmware/mcu_ws/install/include/tracetools/config.h
[12.622s] -- Installing: /home/ubuntu/ROS2/microros_ws/firmware/mcu_ws/install/include/tracetools/utils.hpp
[12.625s] -- Installing: /home/ubuntu/ROS2/microros_ws/firmware/mcu_ws/install/lib/libtracetools.a
[12.629s] -- Installing: /home/ubuntu/ROS2/microros_ws/firmware/mcu_ws/install/share/ament_index/resource_index/package_run_dependencies/tracetools
[12.634s] -- Installing: /home/ubuntu/ROS2/microros_ws/firmware/mcu_ws/install/share/ament_index/resource_index/parent_prefix_path/tracetools
[12.646s] -- Installing: /home/ubuntu/ROS2/microros_ws/firmware/mcu_ws/install/share/tracetools/environment/ament_prefix_path.sh
[12.653s] -- Installing: /home/ubuntu/ROS2/microros_ws/firmware/mcu_ws/install/share/tracetools/environment/ament_prefix_path.dsv
[12.657s] -- Installing: /home/ubuntu/ROS2/microros_ws/firmware/mcu_ws/install/share/tracetools/environment/path.sh
[12.661s] -- Installing: /home/ubuntu/ROS2/microros_ws/firmware/mcu_ws/install/share/tracetools/environment/path.dsv
[12.663s] -- Installing: /home/ubuntu/ROS2/microros_ws/firmware/mcu_ws/install/share/tracetools/local_setup.bash
[12.664s] -- Installing: /home/ubuntu/ROS2/microros_ws/firmware/mcu_ws/install/share/tracetools/local_setup.sh
[12.665s] -- Installing: /home/ubuntu/ROS2/microros_ws/firmware/mcu_ws/install/share/tracetools/local_setup.zsh
[12.666s] -- Installing: /home/ubuntu/ROS2/microros_ws/firmware/mcu_ws/install/share/tracetools/local_setup.dsv
[12.667s] -- Installing: /home/ubuntu/ROS2/microros_ws/firmware/mcu_ws/install/share/tracetools/package.dsv
[12.670s] -- Installing: /home/ubuntu/ROS2/microros_ws/firmware/mcu_ws/install/share/ament_index/resource_index/packages/tracetools
[12.675s] -- Installing: /home/ubuntu/ROS2/microros_ws/firmware/mcu_ws/install/share/tracetools/cmake/ament_cmake_export_include_directories-extras.cmake
[12.679s] -- Installing: /home/ubuntu/ROS2/microros_ws/firmware/mcu_ws/install/share/tracetools/cmake/tracetoolsConfig.cmake
[12.680s] -- Installing: /home/ubuntu/ROS2/microros_ws/firmware/mcu_ws/install/share/tracetools/cmake/tracetoolsConfig-version.cmake
[12.680s] -- Installing: /home/ubuntu/ROS2/microros_ws/firmware/mcu_ws/install/share/tracetools/package.xml
[12.695s] Invoked command in '/home/ubuntu/ROS2/microros_ws/firmware/mcu_ws/build/tracetools' returned '0': CMAKE_PREFIX_PATH=${CMAKE_PREFIX_PATH}:/home/ubuntu/ROS2/microros_ws/firmware/dev_ws/install/ament_uncrustify:/home/ubuntu/ROS2/microros_ws/firmware/dev_ws/install/domain_coordinator:/home/ubuntu/ROS2/microros_ws/firmware/dev_ws/install/ament_xmllint:/home/ubuntu/ROS2/microros_ws/firmware/dev_ws/install/ament_pyflakes:/home/ubuntu/ROS2/microros_ws/firmware/dev_ws/install/ament_pycodestyle:/home/ubuntu/ROS2/microros_ws/firmware/dev_ws/install/ament_pep257:/home/ubuntu/ROS2/microros_ws/firmware/dev_ws/install/ament_pclint:/home/ubuntu/ROS2/microros_ws/firmware/dev_ws/install/ament_package:/home/ubuntu/ROS2/microros_ws/firmware/dev_ws/install/ament_mypy:/home/ubuntu/ROS2/microros_ws/firmware/dev_ws/install/ament_lint_cmake:/home/ubuntu/ROS2/microros_ws/firmware/dev_ws/install/ament_flake8:/home/ubuntu/ROS2/microros_ws/firmware/dev_ws/install/ament_copyright:/home/ubuntu/ROS2/microros_ws/firmware/dev_ws/install/ament_lint:/home/ubuntu/ROS2/microros_ws/firmware/dev_ws/install/ament_index_python:/home/ubuntu/ROS2/microros_ws/firmware/dev_ws/install/ament_cpplint:/home/ubuntu/ROS2/microros_ws/firmware/dev_ws/install/ament_cppcheck:/home/ubuntu/ROS2/microros_ws/firmware/dev_ws/install/ament_clang_tidy:/home/ubuntu/ROS2/microros_ws/firmware/dev_ws/install/ament_clang_format /usr/bin/cmake --install /home/ubuntu/ROS2/microros_ws/firmware/mcu_ws/build/tracetools
