Not searching for unused variables given on the command line.
-- The C compiler identification is GNU 9.4.0
-- The CXX compiler identification is GNU 9.4.0
-- Check for working C compiler: /usr/bin/arm-linux-gnueabihf-gcc
-- Check for working C compiler: /usr/bin/arm-linux-gnueabihf-gcc -- works
-- Detecting C compiler ABI info
-- Detecting C compiler ABI info - done
-- Detecting C compile features
-- Detecting C compile features - done
-- Check for working CXX compiler: /usr/bin/arm-linux-gnueabihf-g++
-- Check for working CXX compiler: /usr/bin/arm-linux-gnueabihf-g++ -- works
-- Detecting CXX compiler ABI info
-- Detecting CXX compiler ABI info - done
-- Detecting CXX compile features
-- Detecting CXX compile features - done
-- Found ament_cmake_ros: 0.9.2 (/home/ubuntu/ROS2/microros_ws/firmware/dev_ws/install/ament_cmake_ros/share/ament_cmake_ros/cmake)
-- Found PythonInterp: /usr/bin/python3 (found suitable version "3.8.10", minimum required is "3") 
-- Using PYTHON_EXECUTABLE: /usr/bin/python3
-- Found action_msgs: 1.0.0 (/home/ubuntu/ROS2/microros_ws/firmware/mcu_ws/install/share/action_msgs/cmake)
-- Using single rosidl_typesupport_c: rosidl_typesupport_microxrcedds_c
-- Found rosidl_adapter: 1.3.1 (/home/ubuntu/ROS2/microros_ws/firmware/mcu_ws/install/share/rosidl_adapter/cmake)
-- Found rcl: 1.1.14 (/home/ubuntu/ROS2/microros_ws/firmware/mcu_ws/install/share/rcl/cmake)
-- Found rmw_implementation_cmake: 1.0.4 (/home/ubuntu/ROS2/microros_ws/firmware/mcu_ws/install/share/rmw_implementation_cmake/cmake)
-- Using RMW implementation 'rmw_microxrcedds'
-- Found rmw_microxrcedds: 1.1.0 (/home/ubuntu/ROS2/microros_ws/firmware/mcu_ws/install/share/rmw_microxrcedds/cmake)
-- Looking for pthread.h
-- Looking for pthread.h - found
-- Performing Test CMAKE_HAVE_LIBC_PTHREAD
-- Performing Test CMAKE_HAVE_LIBC_PTHREAD - Success
-- Found Threads: TRUE  
-- Configuring done
-- Generating done
-- Build files have been written to: /home/ubuntu/ROS2/microros_ws/firmware/mcu_ws/build/rcl_action
