[3.064s] Invoking command in '/home/ubuntu/ROS2/microros_ws/firmware/mcu_ws/build/rcl_action': AMENT_PREFIX_PATH=/home/ubuntu/ROS2/microros_ws/firmware/mcu_ws/install:${AMENT_PREFIX_PATH} CMAKE_PREFIX_PATH=/home/ubuntu/ROS2/microros_ws/firmware/mcu_ws/install:/home/ubuntu/ROS2/microros_ws/firmware/dev_ws/install/ament_lint_common:/home/ubuntu/ROS2/microros_ws/firmware/dev_ws/install/ament_cmake_uncrustify:/home/ubuntu/ROS2/microros_ws/firmware/dev_ws/install/uncrustify_vendor:/home/ubuntu/ROS2/microros_ws/firmware/dev_ws/install/ament_cmake_ros:/home/ubuntu/ROS2/microros_ws/firmware/dev_ws/install/ament_cmake_gmock:/home/ubuntu/ROS2/microros_ws/firmware/dev_ws/install/gmock_vendor:/home/ubuntu/ROS2/microros_ws/firmware/dev_ws/install/ament_cmake_gtest:/home/ubuntu/ROS2/microros_ws/firmware/dev_ws/install/gtest_vendor:/home/ubuntu/ROS2/microros_ws/firmware/dev_ws/install/ament_cmake_xmllint:/home/ubuntu/ROS2/microros_ws/firmware/dev_ws/install/ament_cmake_pyflakes:/home/ubuntu/ROS2/microros_ws/firmware/dev_ws/install/ament_cmake_pycodestyle:/home/ubuntu/ROS2/microros_ws/firmware/dev_ws/install/ament_cmake_pep257:/home/ubuntu/ROS2/microros_ws/firmware/dev_ws/install/ament_cmake_pclint:/home/ubuntu/ROS2/microros_ws/firmware/dev_ws/install/ament_lint_auto:/home/ubuntu/ROS2/microros_ws/firmware/dev_ws/install/ament_cmake_auto:/home/ubuntu/ROS2/microros_ws/firmware/dev_ws/install/ament_cmake:/home/ubuntu/ROS2/microros_ws/firmware/dev_ws/install/ament_cmake_version:/home/ubuntu/ROS2/microros_ws/firmware/dev_ws/install/ament_cmake_pytest:/home/ubuntu/ROS2/microros_ws/firmware/dev_ws/install/ament_cmake_nose:/home/ubuntu/ROS2/microros_ws/firmware/dev_ws/install/ament_cmake_mypy:/home/ubuntu/ROS2/microros_ws/firmware/dev_ws/install/ament_cmake_lint_cmake:/home/ubuntu/ROS2/microros_ws/firmware/dev_ws/install/ament_cmake_google_benchmark:/home/ubuntu/ROS2/microros_ws/firmware/dev_ws/install/ament_cmake_flake8:/home/ubuntu/ROS2/microros_ws/firmware/dev_ws/install/ament_cmake_cpplint:/home/ubuntu/ROS2/microros_ws/firmware/dev_ws/install/ament_cmake_cppcheck:/home/ubuntu/ROS2/microros_ws/firmware/dev_ws/install/ament_cmake_copyright:/home/ubuntu/ROS2/microros_ws/firmware/dev_ws/install/ament_cmake_clang_tidy:/home/ubuntu/ROS2/microros_ws/firmware/dev_ws/install/ament_cmake_clang_format:/home/ubuntu/ROS2/microros_ws/firmware/dev_ws/install/ament_cmake_test:/home/ubuntu/ROS2/microros_ws/firmware/dev_ws/install/ament_cmake_target_dependencies:/home/ubuntu/ROS2/microros_ws/firmware/dev_ws/install/ament_cmake_python:/home/ubuntu/ROS2/microros_ws/firmware/dev_ws/install/ament_cmake_export_dependencies:/home/ubuntu/ROS2/microros_ws/firmware/dev_ws/install/ament_cmake_libraries:/home/ubuntu/ROS2/microros_ws/firmware/dev_ws/install/ament_cmake_include_directories:/home/ubuntu/ROS2/microros_ws/firmware/dev_ws/install/ament_cmake_export_targets:/home/ubuntu/ROS2/microros_ws/firmware/dev_ws/install/ament_cmake_export_link_flags:/home/ubuntu/ROS2/microros_ws/firmware/dev_ws/install/ament_cmake_export_interfaces:/home/ubuntu/ROS2/microros_ws/firmware/dev_ws/install/ament_cmake_export_libraries:/home/ubuntu/ROS2/microros_ws/firmware/dev_ws/install/ament_cmake_export_include_directories:/home/ubuntu/ROS2/microros_ws/firmware/dev_ws/install/ament_cmake_export_definitions:/home/ubuntu/ROS2/microros_ws/firmware/dev_ws/install/ament_cmake_core:/home/ubuntu/ROS2/microros_ws/firmware/dev_ws/install/ament_index_cpp:/home/ubuntu/ROS2/microros_ws/install/microxrcedds_client:/home/ubuntu/ROS2/microros_ws/install/microcdr:/home/ubuntu/ROS2/microros_ws/firmware/dev_ws/install/ament_uncrustify:/home/ubuntu/ROS2/microros_ws/firmware/dev_ws/install/domain_coordinator:/home/ubuntu/ROS2/microros_ws/firmware/dev_ws/install/ament_xmllint:/home/ubuntu/ROS2/microros_ws/firmware/dev_ws/install/ament_pyflakes:/home/ubuntu/ROS2/microros_ws/firmware/dev_ws/install/ament_pycodestyle:/home/ubuntu/ROS2/microros_ws/firmware/dev_ws/install/ament_pep257:/home/ubuntu/ROS2/microros_ws/firmware/dev_ws/install/ament_pclint:/home/ubuntu/ROS2/microros_ws/firmware/dev_ws/install/ament_package:/home/ubuntu/ROS2/microros_ws/firmware/dev_ws/install/ament_mypy:/home/ubuntu/ROS2/microros_ws/firmware/dev_ws/install/ament_lint_cmake:/home/ubuntu/ROS2/microros_ws/firmware/dev_ws/install/ament_flake8:/home/ubuntu/ROS2/microros_ws/firmware/dev_ws/install/ament_copyright:/home/ubuntu/ROS2/microros_ws/firmware/dev_ws/install/ament_lint:/home/ubuntu/ROS2/microros_ws/firmware/dev_ws/install/ament_index_python:/home/ubuntu/ROS2/microros_ws/firmware/dev_ws/install/ament_cpplint:/home/ubuntu/ROS2/microros_ws/firmware/dev_ws/install/ament_cppcheck:/home/ubuntu/ROS2/microros_ws/firmware/dev_ws/install/ament_clang_tidy:/home/ubuntu/ROS2/microros_ws/firmware/dev_ws/install/ament_clang_format LD_LIBRARY_PATH=/home/ubuntu/ROS2/microros_ws/firmware/mcu_ws/install/lib:${LD_LIBRARY_PATH} PKG_CONFIG_PATH=/home/ubuntu/ROS2/microros_ws/firmware/mcu_ws/install/lib/aarch64-linux-gnu/pkgconfig:/home/ubuntu/ROS2/microros_ws/firmware/mcu_ws/install/lib/pkgconfig:${PKG_CONFIG_PATH} PYTHONPATH=/home/ubuntu/ROS2/microros_ws/firmware/mcu_ws/install/lib/python3.8/site-packages:${PYTHONPATH} /usr/bin/cmake /home/ubuntu/ROS2/microros_ws/firmware/mcu_ws/uros/rcl/rcl_action --no-warn-unused-cli -DCMAKE_POSITION_INDEPENDENT_CODE:BOOL=OFF -DTHIRDPARTY=ON -DBUILD_SHARED_LIBS=OFF -DBUILD_TESTING=OFF -DCMAKE_BUILD_TYPE=Release -DCMAKE_TOOLCHAIN_FILE=/home/ubuntu/ROS2/microros_ws/my_custom_toolchain.cmake -DCMAKE_VERBOSE_MAKEFILE=ON -DCMAKE_INSTALL_PREFIX=/home/ubuntu/ROS2/microros_ws/firmware/mcu_ws/install
[3.196s] Not searching for unused variables given on the command line.
[4.240s] -- The C compiler identification is GNU 9.4.0
[5.020s] -- The CXX compiler identification is GNU 9.4.0
[5.133s] -- Check for working C compiler: /usr/bin/arm-linux-gnueabihf-gcc
[6.046s] -- Check for working C compiler: /usr/bin/arm-linux-gnueabihf-gcc -- works
[6.062s] -- Detecting C compiler ABI info
[7.020s] -- Detecting C compiler ABI info - done
[7.129s] -- Detecting C compile features
[7.143s] -- Detecting C compile features - done
[7.165s] -- Check for working CXX compiler: /usr/bin/arm-linux-gnueabihf-g++
[8.027s] -- Check for working CXX compiler: /usr/bin/arm-linux-gnueabihf-g++ -- works
[8.040s] -- Detecting CXX compiler ABI info
[8.991s] -- Detecting CXX compiler ABI info - done
[9.052s] -- Detecting CXX compile features
[9.056s] -- Detecting CXX compile features - done
[9.091s] -- Found ament_cmake_ros: 0.9.2 (/home/ubuntu/ROS2/microros_ws/firmware/dev_ws/install/ament_cmake_ros/share/ament_cmake_ros/cmake)
[9.964s] -- Found PythonInterp: /usr/bin/python3 (found suitable version "3.8.10", minimum required is "3") 
[9.965s] -- Using PYTHON_EXECUTABLE: /usr/bin/python3
[13.741s] -- Found action_msgs: 1.0.0 (/home/ubuntu/ROS2/microros_ws/firmware/mcu_ws/install/share/action_msgs/cmake)
[14.650s] -- Using single rosidl_typesupport_c: rosidl_typesupport_microxrcedds_c
[14.741s] -- Found rosidl_adapter: 1.3.1 (/home/ubuntu/ROS2/microros_ws/firmware/mcu_ws/install/share/rosidl_adapter/cmake)
[15.281s] -- Found rcl: 1.1.14 (/home/ubuntu/ROS2/microros_ws/firmware/mcu_ws/install/share/rcl/cmake)
[15.423s] -- Found rmw_implementation_cmake: 1.0.4 (/home/ubuntu/ROS2/microros_ws/firmware/mcu_ws/install/share/rmw_implementation_cmake/cmake)
[15.432s] -- Using RMW implementation 'rmw_microxrcedds'
[15.461s] -- Found rmw_microxrcedds: 1.1.0 (/home/ubuntu/ROS2/microros_ws/firmware/mcu_ws/install/share/rmw_microxrcedds/cmake)
[15.545s] -- Looking for pthread.h
[16.372s] -- Looking for pthread.h - found
[16.375s] -- Performing Test CMAKE_HAVE_LIBC_PTHREAD
[17.381s] -- Performing Test CMAKE_HAVE_LIBC_PTHREAD - Success
[17.429s] -- Found Threads: TRUE  
[18.368s] -- Configuring done
[18.425s] -- Generating done
[18.433s] -- Build files have been written to: /home/ubuntu/ROS2/microros_ws/firmware/mcu_ws/build/rcl_action
