[0.080s] Invoking command in '/home/ubuntu/ROS2/microros_ws/build/rosidl_typesupport_microxrcedds_cpp': AMENT_PREFIX_PATH=/home/ubuntu/ROS2/microros_ws/install/rosidl_typesupport_microxrcedds_c:${AMENT_PREFIX_PATH} CMAKE_PREFIX_PATH=/home/ubuntu/ROS2/microros_ws/install/rosidl_typesupport_microxrcedds_c:/home/ubuntu/ROS2/microros_ws/install/microcdr:/home/ubuntu/ROS2/microros_ws/install/micro_ros_setup:/home/ubuntu/ROS2/microros_ws/install/micro_ros_agent:/home/ubuntu/ROS2/microros_ws/install/micro_ros_msgs:/home/ubuntu/ROS2/microros_ws/install/drive_base_msgs:/home/ubuntu/ROS2/dev_ws/install/learning_node:/home/ubuntu/ROS2/dev_ws/install/msg_pkg:/opt/ros/foxy LD_LIBRARY_PATH=/home/ubuntu/ROS2/microros_ws/install/rosidl_typesupport_microxrcedds_c/lib:/home/ubuntu/ROS2/microros_ws/install/microcdr/lib:${LD_LIBRARY_PATH} PYTHONPATH=/home/ubuntu/ROS2/microros_ws/install/rosidl_typesupport_microxrcedds_c/lib/python3.8/site-packages:${PYTHONPATH} /usr/bin/cmake /home/ubuntu/ROS2/microros_ws/src/uros/rosidl_typesupport_microxrcedds/rosidl_typesupport_microxrcedds_cpp -DBUILD_TESTING=OFF -DBUILD_SHARED_LIBS=ON -DBUILD_SHARED_LIBS=ON -DCMAKE_INSTALL_PREFIX=/home/ubuntu/ROS2/microros_ws/install/rosidl_typesupport_microxrcedds_cpp
[0.390s] -- The CXX compiler identification is GNU 9.4.0
[0.416s] -- Check for working CXX compiler: /usr/bin/c++
[0.794s] -- Check for working CXX compiler: /usr/bin/c++ -- works
[0.798s] -- Detecting CXX compiler ABI info
[1.221s] -- Detecting CXX compiler ABI info - done
[1.259s] -- Detecting CXX compile features
[1.261s] -- Detecting CXX compile features - done
[1.284s] -- Found ament_cmake_python: 0.9.12 (/opt/ros/foxy/share/ament_cmake_python/cmake)
[1.304s] -- Found rosidl_runtime_c: 1.3.1 (/opt/ros/foxy/share/rosidl_runtime_c/cmake)
[1.443s] -- Found PythonInterp: /usr/bin/python3 (found suitable version "3.8.10", minimum required is "3") 
[1.444s] -- Using PYTHON_EXECUTABLE: /usr/bin/python3
[2.695s] -- Found rosidl_typesupport_microxrcedds_c: 1.1.0 (/home/ubuntu/ROS2/microros_ws/install/rosidl_typesupport_microxrcedds_c/share/rosidl_typesupport_microxrcedds_c/cmake)
[2.781s] -- Found rosidl_adapter: 1.3.1 (/opt/ros/foxy/share/rosidl_adapter/cmake)
[3.235s] -- Configuring done
[3.254s] -- Generating done
[3.260s] -- Build files have been written to: /home/ubuntu/ROS2/microros_ws/build/rosidl_typesupport_microxrcedds_cpp
[3.279s] Invoked command in '/home/ubuntu/ROS2/microros_ws/build/rosidl_typesupport_microxrcedds_cpp' returned '0': AMENT_PREFIX_PATH=/home/ubuntu/ROS2/microros_ws/install/rosidl_typesupport_microxrcedds_c:${AMENT_PREFIX_PATH} CMAKE_PREFIX_PATH=/home/ubuntu/ROS2/microros_ws/install/rosidl_typesupport_microxrcedds_c:/home/ubuntu/ROS2/microros_ws/install/microcdr:/home/ubuntu/ROS2/microros_ws/install/micro_ros_setup:/home/ubuntu/ROS2/microros_ws/install/micro_ros_agent:/home/ubuntu/ROS2/microros_ws/install/micro_ros_msgs:/home/ubuntu/ROS2/microros_ws/install/drive_base_msgs:/home/ubuntu/ROS2/dev_ws/install/learning_node:/home/ubuntu/ROS2/dev_ws/install/msg_pkg:/opt/ros/foxy LD_LIBRARY_PATH=/home/ubuntu/ROS2/microros_ws/install/rosidl_typesupport_microxrcedds_c/lib:/home/ubuntu/ROS2/microros_ws/install/microcdr/lib:${LD_LIBRARY_PATH} PYTHONPATH=/home/ubuntu/ROS2/microros_ws/install/rosidl_typesupport_microxrcedds_c/lib/python3.8/site-packages:${PYTHONPATH} /usr/bin/cmake /home/ubuntu/ROS2/microros_ws/src/uros/rosidl_typesupport_microxrcedds/rosidl_typesupport_microxrcedds_cpp -DBUILD_TESTING=OFF -DBUILD_SHARED_LIBS=ON -DBUILD_SHARED_LIBS=ON -DCMAKE_INSTALL_PREFIX=/home/ubuntu/ROS2/microros_ws/install/rosidl_typesupport_microxrcedds_cpp
[3.288s] Invoking command in '/home/ubuntu/ROS2/microros_ws/build/rosidl_typesupport_microxrcedds_cpp': AMENT_PREFIX_PATH=/home/ubuntu/ROS2/microros_ws/install/rosidl_typesupport_microxrcedds_c:${AMENT_PREFIX_PATH} CMAKE_PREFIX_PATH=/home/ubuntu/ROS2/microros_ws/install/rosidl_typesupport_microxrcedds_c:/home/ubuntu/ROS2/microros_ws/install/microcdr:/home/ubuntu/ROS2/microros_ws/install/micro_ros_setup:/home/ubuntu/ROS2/microros_ws/install/micro_ros_agent:/home/ubuntu/ROS2/microros_ws/install/micro_ros_msgs:/home/ubuntu/ROS2/microros_ws/install/drive_base_msgs:/home/ubuntu/ROS2/dev_ws/install/learning_node:/home/ubuntu/ROS2/dev_ws/install/msg_pkg:/opt/ros/foxy LD_LIBRARY_PATH=/home/ubuntu/ROS2/microros_ws/install/rosidl_typesupport_microxrcedds_c/lib:/home/ubuntu/ROS2/microros_ws/install/microcdr/lib:${LD_LIBRARY_PATH} PYTHONPATH=/home/ubuntu/ROS2/microros_ws/install/rosidl_typesupport_microxrcedds_c/lib/python3.8/site-packages:${PYTHONPATH} /usr/bin/cmake --build /home/ubuntu/ROS2/microros_ws/build/rosidl_typesupport_microxrcedds_cpp -- -j4 -l4
[3.486s] [35m[1mScanning dependencies of target rosidl_typesupport_microxrcedds_cpp[0m
[3.558s] [ 50%] [32mBuilding CXX object CMakeFiles/rosidl_typesupport_microxrcedds_cpp.dir/src/identifier.cpp.o[0m
[3.674s] [100%] [32m[1mLinking CXX shared library librosidl_typesupport_microxrcedds_cpp.so[0m
[3.842s] [100%] Built target rosidl_typesupport_microxrcedds_cpp
[3.891s] Invoked command in '/home/ubuntu/ROS2/microros_ws/build/rosidl_typesupport_microxrcedds_cpp' returned '0': AMENT_PREFIX_PATH=/home/ubuntu/ROS2/microros_ws/install/rosidl_typesupport_microxrcedds_c:${AMENT_PREFIX_PATH} CMAKE_PREFIX_PATH=/home/ubuntu/ROS2/microros_ws/install/rosidl_typesupport_microxrcedds_c:/home/ubuntu/ROS2/microros_ws/install/microcdr:/home/ubuntu/ROS2/microros_ws/install/micro_ros_setup:/home/ubuntu/ROS2/microros_ws/install/micro_ros_agent:/home/ubuntu/ROS2/microros_ws/install/micro_ros_msgs:/home/ubuntu/ROS2/microros_ws/install/drive_base_msgs:/home/ubuntu/ROS2/dev_ws/install/learning_node:/home/ubuntu/ROS2/dev_ws/install/msg_pkg:/opt/ros/foxy LD_LIBRARY_PATH=/home/ubuntu/ROS2/microros_ws/install/rosidl_typesupport_microxrcedds_c/lib:/home/ubuntu/ROS2/microros_ws/install/microcdr/lib:${LD_LIBRARY_PATH} PYTHONPATH=/home/ubuntu/ROS2/microros_ws/install/rosidl_typesupport_microxrcedds_c/lib/python3.8/site-packages:${PYTHONPATH} /usr/bin/cmake --build /home/ubuntu/ROS2/microros_ws/build/rosidl_typesupport_microxrcedds_cpp -- -j4 -l4
[4.047s] Invoking command in '/home/ubuntu/ROS2/microros_ws/build/rosidl_typesupport_microxrcedds_cpp': AMENT_PREFIX_PATH=/home/ubuntu/ROS2/microros_ws/install/rosidl_typesupport_microxrcedds_c:${AMENT_PREFIX_PATH} CMAKE_PREFIX_PATH=/home/ubuntu/ROS2/microros_ws/install/rosidl_typesupport_microxrcedds_c:/home/ubuntu/ROS2/microros_ws/install/microcdr:/home/ubuntu/ROS2/microros_ws/install/micro_ros_setup:/home/ubuntu/ROS2/microros_ws/install/micro_ros_agent:/home/ubuntu/ROS2/microros_ws/install/micro_ros_msgs:/home/ubuntu/ROS2/microros_ws/install/drive_base_msgs:/home/ubuntu/ROS2/dev_ws/install/learning_node:/home/ubuntu/ROS2/dev_ws/install/msg_pkg:/opt/ros/foxy LD_LIBRARY_PATH=/home/ubuntu/ROS2/microros_ws/install/rosidl_typesupport_microxrcedds_c/lib:/home/ubuntu/ROS2/microros_ws/install/microcdr/lib:${LD_LIBRARY_PATH} PYTHONPATH=/home/ubuntu/ROS2/microros_ws/install/rosidl_typesupport_microxrcedds_c/lib/python3.8/site-packages:${PYTHONPATH} /usr/bin/cmake --install /home/ubuntu/ROS2/microros_ws/build/rosidl_typesupport_microxrcedds_cpp
[4.097s] -- Install configuration: ""
[4.099s] -- Installing: /home/ubuntu/ROS2/microros_ws/install/rosidl_typesupport_microxrcedds_cpp/share/rosidl_typesupport_microxrcedds_cpp/environment/pythonpath.sh
[4.101s] -- Installing: /home/ubuntu/ROS2/microros_ws/install/rosidl_typesupport_microxrcedds_cpp/share/rosidl_typesupport_microxrcedds_cpp/environment/pythonpath.dsv
[4.102s] -- Installing: /home/ubuntu/ROS2/microros_ws/install/rosidl_typesupport_microxrcedds_cpp/lib/python3.8/site-packages/rosidl_typesupport_microxrcedds_cpp
[4.103s] -- Installing: /home/ubuntu/ROS2/microros_ws/install/rosidl_typesupport_microxrcedds_cpp/lib/python3.8/site-packages/rosidl_typesupport_microxrcedds_cpp/__init__.py
[4.242s] Listing '/home/ubuntu/ROS2/microros_ws/install/rosidl_typesupport_microxrcedds_cpp/lib/python3.8/site-packages/rosidl_typesupport_microxrcedds_cpp'...
[4.243s] Compiling '/home/ubuntu/ROS2/microros_ws/install/rosidl_typesupport_microxrcedds_cpp/lib/python3.8/site-packages/rosidl_typesupport_microxrcedds_cpp/__init__.py'...
[4.263s] -- Installing: /home/ubuntu/ROS2/microros_ws/install/rosidl_typesupport_microxrcedds_cpp/share/rosidl_typesupport_microxrcedds_cpp/environment/library_path.sh
[4.264s] -- Installing: /home/ubuntu/ROS2/microros_ws/install/rosidl_typesupport_microxrcedds_cpp/share/rosidl_typesupport_microxrcedds_cpp/environment/library_path.dsv
[4.266s] -- Installing: /home/ubuntu/ROS2/microros_ws/install/rosidl_typesupport_microxrcedds_cpp/share/ament_index/resource_index/rosidl_typesupport_cpp/rosidl_typesupport_microxrcedds_cpp
[4.268s] -- Installing: /home/ubuntu/ROS2/microros_ws/install/rosidl_typesupport_microxrcedds_cpp/share/ament_index/resource_index/package_run_dependencies/rosidl_typesupport_microxrcedds_cpp
[4.269s] -- Installing: /home/ubuntu/ROS2/microros_ws/install/rosidl_typesupport_microxrcedds_cpp/share/ament_index/resource_index/parent_prefix_path/rosidl_typesupport_microxrcedds_cpp
[4.271s] -- Installing: /home/ubuntu/ROS2/microros_ws/install/rosidl_typesupport_microxrcedds_cpp/share/rosidl_typesupport_microxrcedds_cpp/environment/ament_prefix_path.sh
[4.272s] -- Installing: /home/ubuntu/ROS2/microros_ws/install/rosidl_typesupport_microxrcedds_cpp/share/rosidl_typesupport_microxrcedds_cpp/environment/ament_prefix_path.dsv
[4.273s] -- Installing: /home/ubuntu/ROS2/microros_ws/install/rosidl_typesupport_microxrcedds_cpp/share/rosidl_typesupport_microxrcedds_cpp/environment/path.sh
[4.274s] -- Installing: /home/ubuntu/ROS2/microros_ws/install/rosidl_typesupport_microxrcedds_cpp/share/rosidl_typesupport_microxrcedds_cpp/environment/path.dsv
[4.276s] -- Installing: /home/ubuntu/ROS2/microros_ws/install/rosidl_typesupport_microxrcedds_cpp/share/rosidl_typesupport_microxrcedds_cpp/local_setup.bash
[4.277s] -- Installing: /home/ubuntu/ROS2/microros_ws/install/rosidl_typesupport_microxrcedds_cpp/share/rosidl_typesupport_microxrcedds_cpp/local_setup.sh
[4.281s] -- Installing: /home/ubuntu/ROS2/microros_ws/install/rosidl_typesupport_microxrcedds_cpp/share/rosidl_typesupport_microxrcedds_cpp/local_setup.zsh
[4.285s] -- Installing: /home/ubuntu/ROS2/microros_ws/install/rosidl_typesupport_microxrcedds_cpp/share/rosidl_typesupport_microxrcedds_cpp/local_setup.dsv
[4.288s] -- Installing: /home/ubuntu/ROS2/microros_ws/install/rosidl_typesupport_microxrcedds_cpp/share/rosidl_typesupport_microxrcedds_cpp/package.dsv
[4.288s] -- Installing: /home/ubuntu/ROS2/microros_ws/install/rosidl_typesupport_microxrcedds_cpp/share/ament_index/resource_index/packages/rosidl_typesupport_microxrcedds_cpp
[4.290s] -- Installing: /home/ubuntu/ROS2/microros_ws/install/rosidl_typesupport_microxrcedds_cpp/share/rosidl_typesupport_microxrcedds_cpp/cmake/rosidl_typesupport_microxrcedds_cppExport.cmake
[4.292s] -- Installing: /home/ubuntu/ROS2/microros_ws/install/rosidl_typesupport_microxrcedds_cpp/share/rosidl_typesupport_microxrcedds_cpp/cmake/rosidl_typesupport_microxrcedds_cppExport-noconfig.cmake
[4.293s] -- Installing: /home/ubuntu/ROS2/microros_ws/install/rosidl_typesupport_microxrcedds_cpp/share/rosidl_typesupport_microxrcedds_cpp/cmake/rosidl_typesupport_microxrcedds_cpp-extras.cmake
[4.294s] -- Installing: /home/ubuntu/ROS2/microros_ws/install/rosidl_typesupport_microxrcedds_cpp/share/rosidl_typesupport_microxrcedds_cpp/cmake/ament_cmake_export_dependencies-extras.cmake
[4.296s] -- Installing: /home/ubuntu/ROS2/microros_ws/install/rosidl_typesupport_microxrcedds_cpp/share/rosidl_typesupport_microxrcedds_cpp/cmake/ament_cmake_export_include_directories-extras.cmake
[4.297s] -- Installing: /home/ubuntu/ROS2/microros_ws/install/rosidl_typesupport_microxrcedds_cpp/share/rosidl_typesupport_microxrcedds_cpp/cmake/ament_cmake_export_libraries-extras.cmake
[4.298s] -- Installing: /home/ubuntu/ROS2/microros_ws/install/rosidl_typesupport_microxrcedds_cpp/share/rosidl_typesupport_microxrcedds_cpp/cmake/ament_cmake_export_targets-extras.cmake
[4.300s] -- Installing: /home/ubuntu/ROS2/microros_ws/install/rosidl_typesupport_microxrcedds_cpp/share/rosidl_typesupport_microxrcedds_cpp/cmake/rosidl_typesupport_microxrcedds_cppConfig.cmake
[4.301s] -- Installing: /home/ubuntu/ROS2/microros_ws/install/rosidl_typesupport_microxrcedds_cpp/share/rosidl_typesupport_microxrcedds_cpp/cmake/rosidl_typesupport_microxrcedds_cppConfig-version.cmake
[4.302s] -- Installing: /home/ubuntu/ROS2/microros_ws/install/rosidl_typesupport_microxrcedds_cpp/share/rosidl_typesupport_microxrcedds_cpp/package.xml
[4.304s] -- Installing: /home/ubuntu/ROS2/microros_ws/install/rosidl_typesupport_microxrcedds_cpp/lib/rosidl_typesupport_microxrcedds_cpp/rosidl_typesupport_microxrcedds_cpp
[4.305s] -- Up-to-date: /home/ubuntu/ROS2/microros_ws/install/rosidl_typesupport_microxrcedds_cpp/share/rosidl_typesupport_microxrcedds_cpp/cmake
[4.305s] -- Installing: /home/ubuntu/ROS2/microros_ws/install/rosidl_typesupport_microxrcedds_cpp/share/rosidl_typesupport_microxrcedds_cpp/cmake/rosidl_typesupport_microxrcedds_cpp_generate_interfaces.cmake
[4.307s] -- Installing: /home/ubuntu/ROS2/microros_ws/install/rosidl_typesupport_microxrcedds_cpp/share/rosidl_typesupport_microxrcedds_cpp/resource
[4.307s] -- Installing: /home/ubuntu/ROS2/microros_ws/install/rosidl_typesupport_microxrcedds_cpp/share/rosidl_typesupport_microxrcedds_cpp/resource/idl__rosidl_typesupport_microxrcedds_cpp.hpp.em
[4.309s] -- Installing: /home/ubuntu/ROS2/microros_ws/install/rosidl_typesupport_microxrcedds_cpp/share/rosidl_typesupport_microxrcedds_cpp/resource/msg__rosidl_typesupport_microxrcedds_cpp.hpp.em
[4.310s] -- Installing: /home/ubuntu/ROS2/microros_ws/install/rosidl_typesupport_microxrcedds_cpp/share/rosidl_typesupport_microxrcedds_cpp/resource/msg__type_support_cpp.cpp.em
[4.311s] -- Installing: /home/ubuntu/ROS2/microros_ws/install/rosidl_typesupport_microxrcedds_cpp/share/rosidl_typesupport_microxrcedds_cpp/resource/rosidl_typesupport_microxrcedds_cpp__visibility_control.h.in
[4.312s] -- Installing: /home/ubuntu/ROS2/microros_ws/install/rosidl_typesupport_microxrcedds_cpp/share/rosidl_typesupport_microxrcedds_cpp/resource/srv__type_support_cpp.cpp.em
[4.313s] -- Installing: /home/ubuntu/ROS2/microros_ws/install/rosidl_typesupport_microxrcedds_cpp/share/rosidl_typesupport_microxrcedds_cpp/resource/srv__rosidl_typesupport_microxrcedds_cpp.hpp.em
[4.314s] -- Installing: /home/ubuntu/ROS2/microros_ws/install/rosidl_typesupport_microxrcedds_cpp/share/rosidl_typesupport_microxrcedds_cpp/resource/idl__type_support_cpp.cpp.em
[4.317s] -- Installing: /home/ubuntu/ROS2/microros_ws/install/rosidl_typesupport_microxrcedds_cpp/include
[4.320s] -- Installing: /home/ubuntu/ROS2/microros_ws/install/rosidl_typesupport_microxrcedds_cpp/include/rosidl_typesupport_microxrcedds_cpp
[4.320s] -- Installing: /home/ubuntu/ROS2/microros_ws/install/rosidl_typesupport_microxrcedds_cpp/include/rosidl_typesupport_microxrcedds_cpp/service_type_support_decl.hpp
[4.321s] -- Installing: /home/ubuntu/ROS2/microros_ws/install/rosidl_typesupport_microxrcedds_cpp/include/rosidl_typesupport_microxrcedds_cpp/visibility_control.h
[4.321s] -- Installing: /home/ubuntu/ROS2/microros_ws/install/rosidl_typesupport_microxrcedds_cpp/include/rosidl_typesupport_microxrcedds_cpp/identifier.hpp
[4.322s] -- Installing: /home/ubuntu/ROS2/microros_ws/install/rosidl_typesupport_microxrcedds_cpp/include/rosidl_typesupport_microxrcedds_cpp/message_type_support_decl.hpp
[4.323s] -- Installing: /home/ubuntu/ROS2/microros_ws/install/rosidl_typesupport_microxrcedds_cpp/include/rosidl_typesupport_microxrcedds_cpp/identifier.h
[4.324s] -- Installing: /home/ubuntu/ROS2/microros_ws/install/rosidl_typesupport_microxrcedds_cpp/lib/librosidl_typesupport_microxrcedds_cpp.so
[4.326s] -- Set runtime path of "/home/ubuntu/ROS2/microros_ws/install/rosidl_typesupport_microxrcedds_cpp/lib/librosidl_typesupport_microxrcedds_cpp.so" to ""
[4.335s] Invoked command in '/home/ubuntu/ROS2/microros_ws/build/rosidl_typesupport_microxrcedds_cpp' returned '0': AMENT_PREFIX_PATH=/home/ubuntu/ROS2/microros_ws/install/rosidl_typesupport_microxrcedds_c:${AMENT_PREFIX_PATH} CMAKE_PREFIX_PATH=/home/ubuntu/ROS2/microros_ws/install/rosidl_typesupport_microxrcedds_c:/home/ubuntu/ROS2/microros_ws/install/microcdr:/home/ubuntu/ROS2/microros_ws/install/micro_ros_setup:/home/ubuntu/ROS2/microros_ws/install/micro_ros_agent:/home/ubuntu/ROS2/microros_ws/install/micro_ros_msgs:/home/ubuntu/ROS2/microros_ws/install/drive_base_msgs:/home/ubuntu/ROS2/dev_ws/install/learning_node:/home/ubuntu/ROS2/dev_ws/install/msg_pkg:/opt/ros/foxy LD_LIBRARY_PATH=/home/ubuntu/ROS2/microros_ws/install/rosidl_typesupport_microxrcedds_c/lib:/home/ubuntu/ROS2/microros_ws/install/microcdr/lib:${LD_LIBRARY_PATH} PYTHONPATH=/home/ubuntu/ROS2/microros_ws/install/rosidl_typesupport_microxrcedds_c/lib/python3.8/site-packages:${PYTHONPATH} /usr/bin/cmake --install /home/ubuntu/ROS2/microros_ws/build/rosidl_typesupport_microxrcedds_cpp
