Not searching for unused variables given on the command line.
-- The C compiler identification is GNU 9.4.0
-- Check for working C compiler: /usr/bin/arm-linux-gnueabihf-gcc
-- Check for working C compiler: /usr/bin/arm-linux-gnueabihf-gcc -- works
-- Detecting C compiler ABI info
-- Detecting C compiler ABI info - done
-- Detecting C compile features
-- Detecting C compile features - done
-- Looking for pthread.h
-- Looking for pthread.h - found
-- Performing Test CMAKE_HAVE_LIBC_PTHREAD
-- Performing Test CMAKE_HAVE_LIBC_PTHREAD - Success
-- Found Threads: TRUE  
-- Configuring done
-- Generating done
-- Build files have been written to: /home/ubuntu/ROS2/microros_ws/firmware/mcu_ws/build/microxrcedds_client
/usr/bin/cmake -S/home/ubuntu/ROS2/microros_ws/firmware/mcu_ws/eProsima/Micro-XRCE-DDS-Client -B/home/ubuntu/ROS2/microros_ws/firmware/mcu_ws/build/microxrcedds_client --check-build-system CMakeFiles/Makefile.cmake 0
/usr/bin/cmake -E cmake_progress_start /home/ubuntu/ROS2/microros_ws/firmware/mcu_ws/build/microxrcedds_client/CMakeFiles /home/ubuntu/ROS2/microros_ws/firmware/mcu_ws/build/microxrcedds_client/CMakeFiles/progress.marks
/usr/bin/make -f CMakeFiles/Makefile2 all
make[1]: Entering directory '/home/ubuntu/ROS2/microros_ws/firmware/mcu_ws/build/microxrcedds_client'
/usr/bin/make -f CMakeFiles/microxrcedds_client.dir/build.make CMakeFiles/microxrcedds_client.dir/depend
make[2]: Entering directory '/home/ubuntu/ROS2/microros_ws/firmware/mcu_ws/build/microxrcedds_client'
cd /home/ubuntu/ROS2/microros_ws/firmware/mcu_ws/build/microxrcedds_client && /usr/bin/cmake -E cmake_depends "Unix Makefiles" /home/ubuntu/ROS2/microros_ws/firmware/mcu_ws/eProsima/Micro-XRCE-DDS-Client /home/ubuntu/ROS2/microros_ws/firmware/mcu_ws/eProsima/Micro-XRCE-DDS-Client /home/ubuntu/ROS2/microros_ws/firmware/mcu_ws/build/microxrcedds_client /home/ubuntu/ROS2/microros_ws/firmware/mcu_ws/build/microxrcedds_client /home/ubuntu/ROS2/microros_ws/firmware/mcu_ws/build/microxrcedds_client/CMakeFiles/microxrcedds_client.dir/DependInfo.cmake --color=
Dependee "/home/ubuntu/ROS2/microros_ws/firmware/mcu_ws/build/microxrcedds_client/CMakeFiles/microxrcedds_client.dir/DependInfo.cmake" is newer than depender "/home/ubuntu/ROS2/microros_ws/firmware/mcu_ws/build/microxrcedds_client/CMakeFiles/microxrcedds_client.dir/depend.internal".
Dependee "/home/ubuntu/ROS2/microros_ws/firmware/mcu_ws/build/microxrcedds_client/CMakeFiles/CMakeDirectoryInformation.cmake" is newer than depender "/home/ubuntu/ROS2/microros_ws/firmware/mcu_ws/build/microxrcedds_client/CMakeFiles/microxrcedds_client.dir/depend.internal".
[35m[1mScanning dependencies of target microxrcedds_client[0m
make[2]: Leaving directory '/home/ubuntu/ROS2/microros_ws/firmware/mcu_ws/build/microxrcedds_client'
/usr/bin/make -f CMakeFiles/microxrcedds_client.dir/build.make CMakeFiles/microxrcedds_client.dir/build
make[2]: Entering directory '/home/ubuntu/ROS2/microros_ws/firmware/mcu_ws/build/microxrcedds_client'
[  4%] [32mBuilding C object CMakeFiles/microxrcedds_client.dir/src/c/core/session/stream/input_best_effort_stream.c.o[0m
/usr/bin/arm-linux-gnueabihf-gcc  -I/home/ubuntu/ROS2/microros_ws/firmware/mcu_ws/eProsima/Micro-XRCE-DDS-Client/include -I/home/ubuntu/ROS2/microros_ws/firmware/mcu_ws/build/microxrcedds_client/include -I/home/ubuntu/ROS2/microros_ws/firmware/mcu_ws/eProsima/Micro-XRCE-DDS-Client/src/c -isystem /home/ubuntu/ROS2/microros_ws/firmware/mcu_ws/install/include  -march=armv8-a -mfpu=neon-fp-armv8 -mfloat-abi=hard -O3 -DNDEBUG   -Wall -Wextra -Wshadow -pedantic -Wcast-align -Wunused -Wconversion -Wnull-dereference -Wduplicated-branches -Wduplicated-cond -Wrestrict -Wdouble-promotion -Wsign-conversion -fdata-sections -ffunction-sections -std=gnu99 -o CMakeFiles/microxrcedds_client.dir/src/c/core/session/stream/input_best_effort_stream.c.o   -c /home/ubuntu/ROS2/microros_ws/firmware/mcu_ws/eProsima/Micro-XRCE-DDS-Client/src/c/core/session/stream/input_best_effort_stream.c
[  8%] [32mBuilding C object CMakeFiles/microxrcedds_client.dir/src/c/core/session/stream/output_reliable_stream.c.o[0m
/usr/bin/arm-linux-gnueabihf-gcc  -I/home/ubuntu/ROS2/microros_ws/firmware/mcu_ws/eProsima/Micro-XRCE-DDS-Client/include -I/home/ubuntu/ROS2/microros_ws/firmware/mcu_ws/build/microxrcedds_client/include -I/home/ubuntu/ROS2/microros_ws/firmware/mcu_ws/eProsima/Micro-XRCE-DDS-Client/src/c -isystem /home/ubuntu/ROS2/microros_ws/firmware/mcu_ws/install/include  -march=armv8-a -mfpu=neon-fp-armv8 -mfloat-abi=hard -O3 -DNDEBUG   -Wall -Wextra -Wshadow -pedantic -Wcast-align -Wunused -Wconversion -Wnull-dereference -Wduplicated-branches -Wduplicated-cond -Wrestrict -Wdouble-promotion -Wsign-conversion -fdata-sections -ffunction-sections -std=gnu99 -o CMakeFiles/microxrcedds_client.dir/src/c/core/session/stream/output_reliable_stream.c.o   -c /home/ubuntu/ROS2/microros_ws/firmware/mcu_ws/eProsima/Micro-XRCE-DDS-Client/src/c/core/session/stream/output_reliable_stream.c
[ 12%] [32mBuilding C object CMakeFiles/microxrcedds_client.dir/src/c/core/session/stream/stream_storage.c.o[0m
/usr/bin/arm-linux-gnueabihf-gcc  -I/home/ubuntu/ROS2/microros_ws/firmware/mcu_ws/eProsima/Micro-XRCE-DDS-Client/include -I/home/ubuntu/ROS2/microros_ws/firmware/mcu_ws/build/microxrcedds_client/include -I/home/ubuntu/ROS2/microros_ws/firmware/mcu_ws/eProsima/Micro-XRCE-DDS-Client/src/c -isystem /home/ubuntu/ROS2/microros_ws/firmware/mcu_ws/install/include  -march=armv8-a -mfpu=neon-fp-armv8 -mfloat-abi=hard -O3 -DNDEBUG   -Wall -Wextra -Wshadow -pedantic -Wcast-align -Wunused -Wconversion -Wnull-dereference -Wduplicated-branches -Wduplicated-cond -Wrestrict -Wdouble-promotion -Wsign-conversion -fdata-sections -ffunction-sections -std=gnu99 -o CMakeFiles/microxrcedds_client.dir/src/c/core/session/stream/stream_storage.c.o   -c /home/ubuntu/ROS2/microros_ws/firmware/mcu_ws/eProsima/Micro-XRCE-DDS-Client/src/c/core/session/stream/stream_storage.c
[ 16%] [32mBuilding C object CMakeFiles/microxrcedds_client.dir/src/c/core/session/stream/stream_id.c.o[0m
/usr/bin/arm-linux-gnueabihf-gcc  -I/home/ubuntu/ROS2/microros_ws/firmware/mcu_ws/eProsima/Micro-XRCE-DDS-Client/include -I/home/ubuntu/ROS2/microros_ws/firmware/mcu_ws/build/microxrcedds_client/include -I/home/ubuntu/ROS2/microros_ws/firmware/mcu_ws/eProsima/Micro-XRCE-DDS-Client/src/c -isystem /home/ubuntu/ROS2/microros_ws/firmware/mcu_ws/install/include  -march=armv8-a -mfpu=neon-fp-armv8 -mfloat-abi=hard -O3 -DNDEBUG   -Wall -Wextra -Wshadow -pedantic -Wcast-align -Wunused -Wconversion -Wnull-dereference -Wduplicated-branches -Wduplicated-cond -Wrestrict -Wdouble-promotion -Wsign-conversion -fdata-sections -ffunction-sections -std=gnu99 -o CMakeFiles/microxrcedds_client.dir/src/c/core/session/stream/stream_id.c.o   -c /home/ubuntu/ROS2/microros_ws/firmware/mcu_ws/eProsima/Micro-XRCE-DDS-Client/src/c/core/session/stream/stream_id.c
[ 20%] [32mBuilding C object CMakeFiles/microxrcedds_client.dir/src/c/core/session/stream/seq_num.c.o[0m
/usr/bin/arm-linux-gnueabihf-gcc  -I/home/ubuntu/ROS2/microros_ws/firmware/mcu_ws/eProsima/Micro-XRCE-DDS-Client/include -I/home/ubuntu/ROS2/microros_ws/firmware/mcu_ws/build/microxrcedds_client/include -I/home/ubuntu/ROS2/microros_ws/firmware/mcu_ws/eProsima/Micro-XRCE-DDS-Client/src/c -isystem /home/ubuntu/ROS2/microros_ws/firmware/mcu_ws/install/include  -march=armv8-a -mfpu=neon-fp-armv8 -mfloat-abi=hard -O3 -DNDEBUG   -Wall -Wextra -Wshadow -pedantic -Wcast-align -Wunused -Wconversion -Wnull-dereference -Wduplicated-branches -Wduplicated-cond -Wrestrict -Wdouble-promotion -Wsign-conversion -fdata-sections -ffunction-sections -std=gnu99 -o CMakeFiles/microxrcedds_client.dir/src/c/core/session/stream/seq_num.c.o   -c /home/ubuntu/ROS2/microros_ws/firmware/mcu_ws/eProsima/Micro-XRCE-DDS-Client/src/c/core/session/stream/seq_num.c
[ 24%] [32mBuilding C object CMakeFiles/microxrcedds_client.dir/src/c/core/session/session.c.o[0m
/usr/bin/arm-linux-gnueabihf-gcc  -I/home/ubuntu/ROS2/microros_ws/firmware/mcu_ws/eProsima/Micro-XRCE-DDS-Client/include -I/home/ubuntu/ROS2/microros_ws/firmware/mcu_ws/build/microxrcedds_client/include -I/home/ubuntu/ROS2/microros_ws/firmware/mcu_ws/eProsima/Micro-XRCE-DDS-Client/src/c -isystem /home/ubuntu/ROS2/microros_ws/firmware/mcu_ws/install/include  -march=armv8-a -mfpu=neon-fp-armv8 -mfloat-abi=hard -O3 -DNDEBUG   -Wall -Wextra -Wshadow -pedantic -Wcast-align -Wunused -Wconversion -Wnull-dereference -Wduplicated-branches -Wduplicated-cond -Wrestrict -Wdouble-promotion -Wsign-conversion -fdata-sections -ffunction-sections -std=gnu99 -o CMakeFiles/microxrcedds_client.dir/src/c/core/session/session.c.o   -c /home/ubuntu/ROS2/microros_ws/firmware/mcu_ws/eProsima/Micro-XRCE-DDS-Client/src/c/core/session/session.c
[ 28%] [32mBuilding C object CMakeFiles/microxrcedds_client.dir/src/c/core/session/session_info.c.o[0m
/usr/bin/arm-linux-gnueabihf-gcc  -I/home/ubuntu/ROS2/microros_ws/firmware/mcu_ws/eProsima/Micro-XRCE-DDS-Client/include -I/home/ubuntu/ROS2/microros_ws/firmware/mcu_ws/build/microxrcedds_client/include -I/home/ubuntu/ROS2/microros_ws/firmware/mcu_ws/eProsima/Micro-XRCE-DDS-Client/src/c -isystem /home/ubuntu/ROS2/microros_ws/firmware/mcu_ws/install/include  -march=armv8-a -mfpu=neon-fp-armv8 -mfloat-abi=hard -O3 -DNDEBUG   -Wall -Wextra -Wshadow -pedantic -Wcast-align -Wunused -Wconversion -Wnull-dereference -Wduplicated-branches -Wduplicated-cond -Wrestrict -Wdouble-promotion -Wsign-conversion -fdata-sections -ffunction-sections -std=gnu99 -o CMakeFiles/microxrcedds_client.dir/src/c/core/session/session_info.c.o   -c /home/ubuntu/ROS2/microros_ws/firmware/mcu_ws/eProsima/Micro-XRCE-DDS-Client/src/c/core/session/session_info.c
[ 32%] [32mBuilding C object CMakeFiles/microxrcedds_client.dir/src/c/core/session/submessage.c.o[0m
/usr/bin/arm-linux-gnueabihf-gcc  -I/home/ubuntu/ROS2/microros_ws/firmware/mcu_ws/eProsima/Micro-XRCE-DDS-Client/include -I/home/ubuntu/ROS2/microros_ws/firmware/mcu_ws/build/microxrcedds_client/include -I/home/ubuntu/ROS2/microros_ws/firmware/mcu_ws/eProsima/Micro-XRCE-DDS-Client/src/c -isystem /home/ubuntu/ROS2/microros_ws/firmware/mcu_ws/install/include  -march=armv8-a -mfpu=neon-fp-armv8 -mfloat-abi=hard -O3 -DNDEBUG   -Wall -Wextra -Wshadow -pedantic -Wcast-align -Wunused -Wconversion -Wnull-dereference -Wduplicated-branches -Wduplicated-cond -Wrestrict -Wdouble-promotion -Wsign-conversion -fdata-sections -ffunction-sections -std=gnu99 -o CMakeFiles/microxrcedds_client.dir/src/c/core/session/submessage.c.o   -c /home/ubuntu/ROS2/microros_ws/firmware/mcu_ws/eProsima/Micro-XRCE-DDS-Client/src/c/core/session/submessage.c
[ 36%] [32mBuilding C object CMakeFiles/microxrcedds_client.dir/src/c/core/session/object_id.c.o[0m
/usr/bin/arm-linux-gnueabihf-gcc  -I/home/ubuntu/ROS2/microros_ws/firmware/mcu_ws/eProsima/Micro-XRCE-DDS-Client/include -I/home/ubuntu/ROS2/microros_ws/firmware/mcu_ws/build/microxrcedds_client/include -I/home/ubuntu/ROS2/microros_ws/firmware/mcu_ws/eProsima/Micro-XRCE-DDS-Client/src/c -isystem /home/ubuntu/ROS2/microros_ws/firmware/mcu_ws/install/include  -march=armv8-a -mfpu=neon-fp-armv8 -mfloat-abi=hard -O3 -DNDEBUG   -Wall -Wextra -Wshadow -pedantic -Wcast-align -Wunused -Wconversion -Wnull-dereference -Wduplicated-branches -Wduplicated-cond -Wrestrict -Wdouble-promotion -Wsign-conversion -fdata-sections -ffunction-sections -std=gnu99 -o CMakeFiles/microxrcedds_client.dir/src/c/core/session/object_id.c.o   -c /home/ubuntu/ROS2/microros_ws/firmware/mcu_ws/eProsima/Micro-XRCE-DDS-Client/src/c/core/session/object_id.c
[ 40%] [32mBuilding C object CMakeFiles/microxrcedds_client.dir/src/c/core/serialization/xrce_types.c.o[0m
/usr/bin/arm-linux-gnueabihf-gcc  -I/home/ubuntu/ROS2/microros_ws/firmware/mcu_ws/eProsima/Micro-XRCE-DDS-Client/include -I/home/ubuntu/ROS2/microros_ws/firmware/mcu_ws/build/microxrcedds_client/include -I/home/ubuntu/ROS2/microros_ws/firmware/mcu_ws/eProsima/Micro-XRCE-DDS-Client/src/c -isystem /home/ubuntu/ROS2/microros_ws/firmware/mcu_ws/install/include  -march=armv8-a -mfpu=neon-fp-armv8 -mfloat-abi=hard -O3 -DNDEBUG   -Wall -Wextra -Wshadow -pedantic -Wcast-align -Wunused -Wconversion -Wnull-dereference -Wduplicated-branches -Wduplicated-cond -Wrestrict -Wdouble-promotion -Wsign-conversion -fdata-sections -ffunction-sections -std=gnu99 -o CMakeFiles/microxrcedds_client.dir/src/c/core/serialization/xrce_types.c.o   -c /home/ubuntu/ROS2/microros_ws/firmware/mcu_ws/eProsima/Micro-XRCE-DDS-Client/src/c/core/serialization/xrce_types.c
[ 44%] [32mBuilding C object CMakeFiles/microxrcedds_client.dir/src/c/core/serialization/xrce_header.c.o[0m
/usr/bin/arm-linux-gnueabihf-gcc  -I/home/ubuntu/ROS2/microros_ws/firmware/mcu_ws/eProsima/Micro-XRCE-DDS-Client/include -I/home/ubuntu/ROS2/microros_ws/firmware/mcu_ws/build/microxrcedds_client/include -I/home/ubuntu/ROS2/microros_ws/firmware/mcu_ws/eProsima/Micro-XRCE-DDS-Client/src/c -isystem /home/ubuntu/ROS2/microros_ws/firmware/mcu_ws/install/include  -march=armv8-a -mfpu=neon-fp-armv8 -mfloat-abi=hard -O3 -DNDEBUG   -Wall -Wextra -Wshadow -pedantic -Wcast-align -Wunused -Wconversion -Wnull-dereference -Wduplicated-branches -Wduplicated-cond -Wrestrict -Wdouble-promotion -Wsign-conversion -fdata-sections -ffunction-sections -std=gnu99 -o CMakeFiles/microxrcedds_client.dir/src/c/core/serialization/xrce_header.c.o   -c /home/ubuntu/ROS2/microros_ws/firmware/mcu_ws/eProsima/Micro-XRCE-DDS-Client/src/c/core/serialization/xrce_header.c
[ 48%] [32mBuilding C object CMakeFiles/microxrcedds_client.dir/src/c/core/serialization/xrce_subheader.c.o[0m
/usr/bin/arm-linux-gnueabihf-gcc  -I/home/ubuntu/ROS2/microros_ws/firmware/mcu_ws/eProsima/Micro-XRCE-DDS-Client/include -I/home/ubuntu/ROS2/microros_ws/firmware/mcu_ws/build/microxrcedds_client/include -I/home/ubuntu/ROS2/microros_ws/firmware/mcu_ws/eProsima/Micro-XRCE-DDS-Client/src/c -isystem /home/ubuntu/ROS2/microros_ws/firmware/mcu_ws/install/include  -march=armv8-a -mfpu=neon-fp-armv8 -mfloat-abi=hard -O3 -DNDEBUG   -Wall -Wextra -Wshadow -pedantic -Wcast-align -Wunused -Wconversion -Wnull-dereference -Wduplicated-branches -Wduplicated-cond -Wrestrict -Wdouble-promotion -Wsign-conversion -fdata-sections -ffunction-sections -std=gnu99 -o CMakeFiles/microxrcedds_client.dir/src/c/core/serialization/xrce_subheader.c.o   -c /home/ubuntu/ROS2/microros_ws/firmware/mcu_ws/eProsima/Micro-XRCE-DDS-Client/src/c/core/serialization/xrce_subheader.c
[ 52%] [32mBuilding C object CMakeFiles/microxrcedds_client.dir/src/c/util/time.c.o[0m
/usr/bin/arm-linux-gnueabihf-gcc  -I/home/ubuntu/ROS2/microros_ws/firmware/mcu_ws/eProsima/Micro-XRCE-DDS-Client/include -I/home/ubuntu/ROS2/microros_ws/firmware/mcu_ws/build/microxrcedds_client/include -I/home/ubuntu/ROS2/microros_ws/firmware/mcu_ws/eProsima/Micro-XRCE-DDS-Client/src/c -isystem /home/ubuntu/ROS2/microros_ws/firmware/mcu_ws/install/include  -march=armv8-a -mfpu=neon-fp-armv8 -mfloat-abi=hard -O3 -DNDEBUG   -Wall -Wextra -Wshadow -pedantic -Wcast-align -Wunused -Wconversion -Wnull-dereference -Wduplicated-branches -Wduplicated-cond -Wrestrict -Wdouble-promotion -Wsign-conversion -fdata-sections -ffunction-sections -std=gnu99 -o CMakeFiles/microxrcedds_client.dir/src/c/util/time.c.o   -c /home/ubuntu/ROS2/microros_ws/firmware/mcu_ws/eProsima/Micro-XRCE-DDS-Client/src/c/util/time.c
[ 56%] [32mBuilding C object CMakeFiles/microxrcedds_client.dir/src/c/util/ping.c.o[0m
/usr/bin/arm-linux-gnueabihf-gcc  -I/home/ubuntu/ROS2/microros_ws/firmware/mcu_ws/eProsima/Micro-XRCE-DDS-Client/include -I/home/ubuntu/ROS2/microros_ws/firmware/mcu_ws/build/microxrcedds_client/include -I/home/ubuntu/ROS2/microros_ws/firmware/mcu_ws/eProsima/Micro-XRCE-DDS-Client/src/c -isystem /home/ubuntu/ROS2/microros_ws/firmware/mcu_ws/install/include  -march=armv8-a -mfpu=neon-fp-armv8 -mfloat-abi=hard -O3 -DNDEBUG   -Wall -Wextra -Wshadow -pedantic -Wcast-align -Wunused -Wconversion -Wnull-dereference -Wduplicated-branches -Wduplicated-cond -Wrestrict -Wdouble-promotion -Wsign-conversion -fdata-sections -ffunction-sections -std=gnu99 -o CMakeFiles/microxrcedds_client.dir/src/c/util/ping.c.o   -c /home/ubuntu/ROS2/microros_ws/firmware/mcu_ws/eProsima/Micro-XRCE-DDS-Client/src/c/util/ping.c
[ 60%] [32mBuilding C object CMakeFiles/microxrcedds_client.dir/src/c/core/session/common_create_entities.c.o[0m
/usr/bin/arm-linux-gnueabihf-gcc  -I/home/ubuntu/ROS2/microros_ws/firmware/mcu_ws/eProsima/Micro-XRCE-DDS-Client/include -I/home/ubuntu/ROS2/microros_ws/firmware/mcu_ws/build/microxrcedds_client/include -I/home/ubuntu/ROS2/microros_ws/firmware/mcu_ws/eProsima/Micro-XRCE-DDS-Client/src/c -isystem /home/ubuntu/ROS2/microros_ws/firmware/mcu_ws/install/include  -march=armv8-a -mfpu=neon-fp-armv8 -mfloat-abi=hard -O3 -DNDEBUG   -Wall -Wextra -Wshadow -pedantic -Wcast-align -Wunused -Wconversion -Wnull-dereference -Wduplicated-branches -Wduplicated-cond -Wrestrict -Wdouble-promotion -Wsign-conversion -fdata-sections -ffunction-sections -std=gnu99 -o CMakeFiles/microxrcedds_client.dir/src/c/core/session/common_create_entities.c.o   -c /home/ubuntu/ROS2/microros_ws/firmware/mcu_ws/eProsima/Micro-XRCE-DDS-Client/src/c/core/session/common_create_entities.c
[ 64%] [32mBuilding C object CMakeFiles/microxrcedds_client.dir/src/c/core/session/create_entities_ref.c.o[0m
/usr/bin/arm-linux-gnueabihf-gcc  -I/home/ubuntu/ROS2/microros_ws/firmware/mcu_ws/eProsima/Micro-XRCE-DDS-Client/include -I/home/ubuntu/ROS2/microros_ws/firmware/mcu_ws/build/microxrcedds_client/include -I/home/ubuntu/ROS2/microros_ws/firmware/mcu_ws/eProsima/Micro-XRCE-DDS-Client/src/c -isystem /home/ubuntu/ROS2/microros_ws/firmware/mcu_ws/install/include  -march=armv8-a -mfpu=neon-fp-armv8 -mfloat-abi=hard -O3 -DNDEBUG   -Wall -Wextra -Wshadow -pedantic -Wcast-align -Wunused -Wconversion -Wnull-dereference -Wduplicated-branches -Wduplicated-cond -Wrestrict -Wdouble-promotion -Wsign-conversion -fdata-sections -ffunction-sections -std=gnu99 -o CMakeFiles/microxrcedds_client.dir/src/c/core/session/create_entities_ref.c.o   -c /home/ubuntu/ROS2/microros_ws/firmware/mcu_ws/eProsima/Micro-XRCE-DDS-Client/src/c/core/session/create_entities_ref.c
[ 68%] [32mBuilding C object CMakeFiles/microxrcedds_client.dir/src/c/core/session/create_entities_xml.c.o[0m
/usr/bin/arm-linux-gnueabihf-gcc  -I/home/ubuntu/ROS2/microros_ws/firmware/mcu_ws/eProsima/Micro-XRCE-DDS-Client/include -I/home/ubuntu/ROS2/microros_ws/firmware/mcu_ws/build/microxrcedds_client/include -I/home/ubuntu/ROS2/microros_ws/firmware/mcu_ws/eProsima/Micro-XRCE-DDS-Client/src/c -isystem /home/ubuntu/ROS2/microros_ws/firmware/mcu_ws/install/include  -march=armv8-a -mfpu=neon-fp-armv8 -mfloat-abi=hard -O3 -DNDEBUG   -Wall -Wextra -Wshadow -pedantic -Wcast-align -Wunused -Wconversion -Wnull-dereference -Wduplicated-branches -Wduplicated-cond -Wrestrict -Wdouble-promotion -Wsign-conversion -fdata-sections -ffunction-sections -std=gnu99 -o CMakeFiles/microxrcedds_client.dir/src/c/core/session/create_entities_xml.c.o   -c /home/ubuntu/ROS2/microros_ws/firmware/mcu_ws/eProsima/Micro-XRCE-DDS-Client/src/c/core/session/create_entities_xml.c
[ 72%] [32mBuilding C object CMakeFiles/microxrcedds_client.dir/src/c/core/session/create_entities_bin.c.o[0m
/usr/bin/arm-linux-gnueabihf-gcc  -I/home/ubuntu/ROS2/microros_ws/firmware/mcu_ws/eProsima/Micro-XRCE-DDS-Client/include -I/home/ubuntu/ROS2/microros_ws/firmware/mcu_ws/build/microxrcedds_client/include -I/home/ubuntu/ROS2/microros_ws/firmware/mcu_ws/eProsima/Micro-XRCE-DDS-Client/src/c -isystem /home/ubuntu/ROS2/microros_ws/firmware/mcu_ws/install/include  -march=armv8-a -mfpu=neon-fp-armv8 -mfloat-abi=hard -O3 -DNDEBUG   -Wall -Wextra -Wshadow -pedantic -Wcast-align -Wunused -Wconversion -Wnull-dereference -Wduplicated-branches -Wduplicated-cond -Wrestrict -Wdouble-promotion -Wsign-conversion -fdata-sections -ffunction-sections -std=gnu99 -o CMakeFiles/microxrcedds_client.dir/src/c/core/session/create_entities_bin.c.o   -c /home/ubuntu/ROS2/microros_ws/firmware/mcu_ws/eProsima/Micro-XRCE-DDS-Client/src/c/core/session/create_entities_bin.c
[ 76%] [32mBuilding C object CMakeFiles/microxrcedds_client.dir/src/c/core/session/read_access.c.o[0m
/usr/bin/arm-linux-gnueabihf-gcc  -I/home/ubuntu/ROS2/microros_ws/firmware/mcu_ws/eProsima/Micro-XRCE-DDS-Client/include -I/home/ubuntu/ROS2/microros_ws/firmware/mcu_ws/build/microxrcedds_client/include -I/home/ubuntu/ROS2/microros_ws/firmware/mcu_ws/eProsima/Micro-XRCE-DDS-Client/src/c -isystem /home/ubuntu/ROS2/microros_ws/firmware/mcu_ws/install/include  -march=armv8-a -mfpu=neon-fp-armv8 -mfloat-abi=hard -O3 -DNDEBUG   -Wall -Wextra -Wshadow -pedantic -Wcast-align -Wunused -Wconversion -Wnull-dereference -Wduplicated-branches -Wduplicated-cond -Wrestrict -Wdouble-promotion -Wsign-conversion -fdata-sections -ffunction-sections -std=gnu99 -o CMakeFiles/microxrcedds_client.dir/src/c/core/session/read_access.c.o   -c /home/ubuntu/ROS2/microros_ws/firmware/mcu_ws/eProsima/Micro-XRCE-DDS-Client/src/c/core/session/read_access.c
[ 80%] [32mBuilding C object CMakeFiles/microxrcedds_client.dir/src/c/core/session/write_access.c.o[0m
/usr/bin/arm-linux-gnueabihf-gcc  -I/home/ubuntu/ROS2/microros_ws/firmware/mcu_ws/eProsima/Micro-XRCE-DDS-Client/include -I/home/ubuntu/ROS2/microros_ws/firmware/mcu_ws/build/microxrcedds_client/include -I/home/ubuntu/ROS2/microros_ws/firmware/mcu_ws/eProsima/Micro-XRCE-DDS-Client/src/c -isystem /home/ubuntu/ROS2/microros_ws/firmware/mcu_ws/install/include  -march=armv8-a -mfpu=neon-fp-armv8 -mfloat-abi=hard -O3 -DNDEBUG   -Wall -Wextra -Wshadow -pedantic -Wcast-align -Wunused -Wconversion -Wnull-dereference -Wduplicated-branches -Wduplicated-cond -Wrestrict -Wdouble-promotion -Wsign-conversion -fdata-sections -ffunction-sections -std=gnu99 -o CMakeFiles/microxrcedds_client.dir/src/c/core/session/write_access.c.o   -c /home/ubuntu/ROS2/microros_ws/firmware/mcu_ws/eProsima/Micro-XRCE-DDS-Client/src/c/core/session/write_access.c
[ 84%] [32mBuilding C object CMakeFiles/microxrcedds_client.dir/src/c/profile/transport/stream_framing/stream_framing_protocol.c.o[0m
/usr/bin/arm-linux-gnueabihf-gcc  -I/home/ubuntu/ROS2/microros_ws/firmware/mcu_ws/eProsima/Micro-XRCE-DDS-Client/include -I/home/ubuntu/ROS2/microros_ws/firmware/mcu_ws/build/microxrcedds_client/include -I/home/ubuntu/ROS2/microros_ws/firmware/mcu_ws/eProsima/Micro-XRCE-DDS-Client/src/c -isystem /home/ubuntu/ROS2/microros_ws/firmware/mcu_ws/install/include  -march=armv8-a -mfpu=neon-fp-armv8 -mfloat-abi=hard -O3 -DNDEBUG   -Wall -Wextra -Wshadow -pedantic -Wcast-align -Wunused -Wconversion -Wnull-dereference -Wduplicated-branches -Wduplicated-cond -Wrestrict -Wdouble-promotion -Wsign-conversion -fdata-sections -ffunction-sections -std=gnu99 -o CMakeFiles/microxrcedds_client.dir/src/c/profile/transport/stream_framing/stream_framing_protocol.c.o   -c /home/ubuntu/ROS2/microros_ws/firmware/mcu_ws/eProsima/Micro-XRCE-DDS-Client/src/c/profile/transport/stream_framing/stream_framing_protocol.c
[ 88%] [32mBuilding C object CMakeFiles/microxrcedds_client.dir/src/c/profile/transport/custom/custom_transport.c.o[0m
/usr/bin/arm-linux-gnueabihf-gcc  -I/home/ubuntu/ROS2/microros_ws/firmware/mcu_ws/eProsima/Micro-XRCE-DDS-Client/include -I/home/ubuntu/ROS2/microros_ws/firmware/mcu_ws/build/microxrcedds_client/include -I/home/ubuntu/ROS2/microros_ws/firmware/mcu_ws/eProsima/Micro-XRCE-DDS-Client/src/c -isystem /home/ubuntu/ROS2/microros_ws/firmware/mcu_ws/install/include  -march=armv8-a -mfpu=neon-fp-armv8 -mfloat-abi=hard -O3 -DNDEBUG   -Wall -Wextra -Wshadow -pedantic -Wcast-align -Wunused -Wconversion -Wnull-dereference -Wduplicated-branches -Wduplicated-cond -Wrestrict -Wdouble-promotion -Wsign-conversion -fdata-sections -ffunction-sections -std=gnu99 -o CMakeFiles/microxrcedds_client.dir/src/c/profile/transport/custom/custom_transport.c.o   -c /home/ubuntu/ROS2/microros_ws/firmware/mcu_ws/eProsima/Micro-XRCE-DDS-Client/src/c/profile/transport/custom/custom_transport.c
[ 92%] [32mBuilding C object CMakeFiles/microxrcedds_client.dir/src/c/core/session/stream/output_best_effort_stream.c.o[0m
/usr/bin/arm-linux-gnueabihf-gcc  -I/home/ubuntu/ROS2/microros_ws/firmware/mcu_ws/eProsima/Micro-XRCE-DDS-Client/include -I/home/ubuntu/ROS2/microros_ws/firmware/mcu_ws/build/microxrcedds_client/include -I/home/ubuntu/ROS2/microros_ws/firmware/mcu_ws/eProsima/Micro-XRCE-DDS-Client/src/c -isystem /home/ubuntu/ROS2/microros_ws/firmware/mcu_ws/install/include  -march=armv8-a -mfpu=neon-fp-armv8 -mfloat-abi=hard -O3 -DNDEBUG   -Wall -Wextra -Wshadow -pedantic -Wcast-align -Wunused -Wconversion -Wnull-dereference -Wduplicated-branches -Wduplicated-cond -Wrestrict -Wdouble-promotion -Wsign-conversion -fdata-sections -ffunction-sections -std=gnu99 -o CMakeFiles/microxrcedds_client.dir/src/c/core/session/stream/output_best_effort_stream.c.o   -c /home/ubuntu/ROS2/microros_ws/firmware/mcu_ws/eProsima/Micro-XRCE-DDS-Client/src/c/core/session/stream/output_best_effort_stream.c
[ 96%] [32mBuilding C object CMakeFiles/microxrcedds_client.dir/src/c/core/session/stream/input_reliable_stream.c.o[0m
/usr/bin/arm-linux-gnueabihf-gcc  -I/home/ubuntu/ROS2/microros_ws/firmware/mcu_ws/eProsima/Micro-XRCE-DDS-Client/include -I/home/ubuntu/ROS2/microros_ws/firmware/mcu_ws/build/microxrcedds_client/include -I/home/ubuntu/ROS2/microros_ws/firmware/mcu_ws/eProsima/Micro-XRCE-DDS-Client/src/c -isystem /home/ubuntu/ROS2/microros_ws/firmware/mcu_ws/install/include  -march=armv8-a -mfpu=neon-fp-armv8 -mfloat-abi=hard -O3 -DNDEBUG   -Wall -Wextra -Wshadow -pedantic -Wcast-align -Wunused -Wconversion -Wnull-dereference -Wduplicated-branches -Wduplicated-cond -Wrestrict -Wdouble-promotion -Wsign-conversion -fdata-sections -ffunction-sections -std=gnu99 -o CMakeFiles/microxrcedds_client.dir/src/c/core/session/stream/input_reliable_stream.c.o   -c /home/ubuntu/ROS2/microros_ws/firmware/mcu_ws/eProsima/Micro-XRCE-DDS-Client/src/c/core/session/stream/input_reliable_stream.c
[100%] [32m[1mLinking C static library libmicroxrcedds_client.a[0m
/usr/bin/cmake -P CMakeFiles/microxrcedds_client.dir/cmake_clean_target.cmake
/usr/bin/cmake -E cmake_link_script CMakeFiles/microxrcedds_client.dir/link.txt --verbose=1
/usr/bin/arm-linux-gnueabihf-ar qc libmicroxrcedds_client.a  CMakeFiles/microxrcedds_client.dir/src/c/core/session/stream/input_best_effort_stream.c.o CMakeFiles/microxrcedds_client.dir/src/c/core/session/stream/input_reliable_stream.c.o CMakeFiles/microxrcedds_client.dir/src/c/core/session/stream/output_best_effort_stream.c.o CMakeFiles/microxrcedds_client.dir/src/c/core/session/stream/output_reliable_stream.c.o CMakeFiles/microxrcedds_client.dir/src/c/core/session/stream/stream_storage.c.o CMakeFiles/microxrcedds_client.dir/src/c/core/session/stream/stream_id.c.o CMakeFiles/microxrcedds_client.dir/src/c/core/session/stream/seq_num.c.o CMakeFiles/microxrcedds_client.dir/src/c/core/session/session.c.o CMakeFiles/microxrcedds_client.dir/src/c/core/session/session_info.c.o CMakeFiles/microxrcedds_client.dir/src/c/core/session/submessage.c.o CMakeFiles/microxrcedds_client.dir/src/c/core/session/object_id.c.o CMakeFiles/microxrcedds_client.dir/src/c/core/serialization/xrce_types.c.o CMakeFiles/microxrcedds_client.dir/src/c/core/serialization/xrce_header.c.o CMakeFiles/microxrcedds_client.dir/src/c/core/serialization/xrce_subheader.c.o CMakeFiles/microxrcedds_client.dir/src/c/util/time.c.o CMakeFiles/microxrcedds_client.dir/src/c/util/ping.c.o CMakeFiles/microxrcedds_client.dir/src/c/core/session/common_create_entities.c.o CMakeFiles/microxrcedds_client.dir/src/c/core/session/create_entities_ref.c.o CMakeFiles/microxrcedds_client.dir/src/c/core/session/create_entities_xml.c.o CMakeFiles/microxrcedds_client.dir/src/c/core/session/create_entities_bin.c.o CMakeFiles/microxrcedds_client.dir/src/c/core/session/read_access.c.o CMakeFiles/microxrcedds_client.dir/src/c/core/session/write_access.c.o CMakeFiles/microxrcedds_client.dir/src/c/profile/transport/stream_framing/stream_framing_protocol.c.o CMakeFiles/microxrcedds_client.dir/src/c/profile/transport/custom/custom_transport.c.o
/usr/bin/arm-linux-gnueabihf-ranlib libmicroxrcedds_client.a
make[2]: Leaving directory '/home/ubuntu/ROS2/microros_ws/firmware/mcu_ws/build/microxrcedds_client'
[100%] Built target microxrcedds_client
make[1]: Leaving directory '/home/ubuntu/ROS2/microros_ws/firmware/mcu_ws/build/microxrcedds_client'
/usr/bin/cmake -E cmake_progress_start /home/ubuntu/ROS2/microros_ws/firmware/mcu_ws/build/microxrcedds_client/CMakeFiles 0
-- Install configuration: "Release"
-- Installing: /home/ubuntu/ROS2/microros_ws/firmware/mcu_ws/install/lib/libmicroxrcedds_client.a
-- Installing: /home/ubuntu/ROS2/microros_ws/firmware/mcu_ws/install/include/uxr/client
-- Installing: /home/ubuntu/ROS2/microros_ws/firmware/mcu_ws/install/include/uxr/client/util
-- Installing: /home/ubuntu/ROS2/microros_ws/firmware/mcu_ws/install/include/uxr/client/util/time.h
-- Installing: /home/ubuntu/ROS2/microros_ws/firmware/mcu_ws/install/include/uxr/client/util/ping.h
-- Installing: /home/ubuntu/ROS2/microros_ws/firmware/mcu_ws/install/include/uxr/client/defines.h
-- Installing: /home/ubuntu/ROS2/microros_ws/firmware/mcu_ws/install/include/uxr/client/core
-- Installing: /home/ubuntu/ROS2/microros_ws/firmware/mcu_ws/install/include/uxr/client/core/type
-- Installing: /home/ubuntu/ROS2/microros_ws/firmware/mcu_ws/install/include/uxr/client/core/type/xrce_types.h
-- Installing: /home/ubuntu/ROS2/microros_ws/firmware/mcu_ws/install/include/uxr/client/core/session
-- Installing: /home/ubuntu/ROS2/microros_ws/firmware/mcu_ws/install/include/uxr/client/core/session/session_info.h
-- Installing: /home/ubuntu/ROS2/microros_ws/firmware/mcu_ws/install/include/uxr/client/core/session/session.h
-- Installing: /home/ubuntu/ROS2/microros_ws/firmware/mcu_ws/install/include/uxr/client/core/session/create_entities_ref.h
-- Installing: /home/ubuntu/ROS2/microros_ws/firmware/mcu_ws/install/include/uxr/client/core/session/create_entities_bin.h
-- Installing: /home/ubuntu/ROS2/microros_ws/firmware/mcu_ws/install/include/uxr/client/core/session/time_sync.h
-- Installing: /home/ubuntu/ROS2/microros_ws/firmware/mcu_ws/install/include/uxr/client/core/session/stream
-- Installing: /home/ubuntu/ROS2/microros_ws/firmware/mcu_ws/install/include/uxr/client/core/session/stream/stream_id.h
-- Installing: /home/ubuntu/ROS2/microros_ws/firmware/mcu_ws/install/include/uxr/client/core/session/stream/seq_num.h
-- Installing: /home/ubuntu/ROS2/microros_ws/firmware/mcu_ws/install/include/uxr/client/core/session/stream/output_reliable_stream.h
-- Installing: /home/ubuntu/ROS2/microros_ws/firmware/mcu_ws/install/include/uxr/client/core/session/stream/input_reliable_stream.h
-- Installing: /home/ubuntu/ROS2/microros_ws/firmware/mcu_ws/install/include/uxr/client/core/session/stream/input_best_effort_stream.h
-- Installing: /home/ubuntu/ROS2/microros_ws/firmware/mcu_ws/install/include/uxr/client/core/session/stream/output_best_effort_stream.h
-- Installing: /home/ubuntu/ROS2/microros_ws/firmware/mcu_ws/install/include/uxr/client/core/session/stream/reliable_stream.h
-- Installing: /home/ubuntu/ROS2/microros_ws/firmware/mcu_ws/install/include/uxr/client/core/session/stream/stream_storage.h
-- Installing: /home/ubuntu/ROS2/microros_ws/firmware/mcu_ws/install/include/uxr/client/core/session/read_access.h
-- Installing: /home/ubuntu/ROS2/microros_ws/firmware/mcu_ws/install/include/uxr/client/core/session/object_id.h
-- Installing: /home/ubuntu/ROS2/microros_ws/firmware/mcu_ws/install/include/uxr/client/core/session/common_create_entities.h
-- Installing: /home/ubuntu/ROS2/microros_ws/firmware/mcu_ws/install/include/uxr/client/core/session/write_access.h
-- Installing: /home/ubuntu/ROS2/microros_ws/firmware/mcu_ws/install/include/uxr/client/core/session/create_entities_xml.h
-- Installing: /home/ubuntu/ROS2/microros_ws/firmware/mcu_ws/install/include/uxr/client/core/communication
-- Installing: /home/ubuntu/ROS2/microros_ws/firmware/mcu_ws/install/include/uxr/client/core/communication/communication.h
-- Installing: /home/ubuntu/ROS2/microros_ws/firmware/mcu_ws/install/include/uxr/client/transport.h
-- Installing: /home/ubuntu/ROS2/microros_ws/firmware/mcu_ws/install/include/uxr/client/profile
-- Installing: /home/ubuntu/ROS2/microros_ws/firmware/mcu_ws/install/include/uxr/client/profile/multithread
-- Installing: /home/ubuntu/ROS2/microros_ws/firmware/mcu_ws/install/include/uxr/client/profile/multithread/multithread.h
-- Installing: /home/ubuntu/ROS2/microros_ws/firmware/mcu_ws/install/include/uxr/client/profile/transport
-- Installing: /home/ubuntu/ROS2/microros_ws/firmware/mcu_ws/install/include/uxr/client/profile/transport/serial
-- Installing: /home/ubuntu/ROS2/microros_ws/firmware/mcu_ws/install/include/uxr/client/profile/transport/serial/serial_transport_platform.h
-- Installing: /home/ubuntu/ROS2/microros_ws/firmware/mcu_ws/install/include/uxr/client/profile/transport/serial/serial_transport_rtems_bsd_net.h
-- Installing: /home/ubuntu/ROS2/microros_ws/firmware/mcu_ws/install/include/uxr/client/profile/transport/serial/serial_transport_posix.h
-- Installing: /home/ubuntu/ROS2/microros_ws/firmware/mcu_ws/install/include/uxr/client/profile/transport/serial/serial_transport.h
-- Installing: /home/ubuntu/ROS2/microros_ws/firmware/mcu_ws/install/include/uxr/client/profile/transport/custom
-- Installing: /home/ubuntu/ROS2/microros_ws/firmware/mcu_ws/install/include/uxr/client/profile/transport/custom/custom_transport.h
-- Installing: /home/ubuntu/ROS2/microros_ws/firmware/mcu_ws/install/include/uxr/client/profile/transport/stream_framing
-- Installing: /home/ubuntu/ROS2/microros_ws/firmware/mcu_ws/install/include/uxr/client/profile/transport/stream_framing/stream_framing_protocol.h
-- Installing: /home/ubuntu/ROS2/microros_ws/firmware/mcu_ws/install/include/uxr/client/profile/transport/ip
-- Installing: /home/ubuntu/ROS2/microros_ws/firmware/mcu_ws/install/include/uxr/client/profile/transport/ip/tcp
-- Installing: /home/ubuntu/ROS2/microros_ws/firmware/mcu_ws/install/include/uxr/client/profile/transport/ip/tcp/tcp_transport.h
-- Installing: /home/ubuntu/ROS2/microros_ws/firmware/mcu_ws/install/include/uxr/client/profile/transport/ip/tcp/tcp_transport_freertos_plus_tcp.h
-- Installing: /home/ubuntu/ROS2/microros_ws/firmware/mcu_ws/install/include/uxr/client/profile/transport/ip/tcp/tcp_transport_rtems_bsd_net.h
-- Installing: /home/ubuntu/ROS2/microros_ws/firmware/mcu_ws/install/include/uxr/client/profile/transport/ip/tcp/tcp_transport_windows.h
-- Installing: /home/ubuntu/ROS2/microros_ws/firmware/mcu_ws/install/include/uxr/client/profile/transport/ip/tcp/tcp_transport_posix.h
-- Installing: /home/ubuntu/ROS2/microros_ws/firmware/mcu_ws/install/include/uxr/client/profile/transport/ip/tcp/tcp_transport_posix_nopoll.h
-- Installing: /home/ubuntu/ROS2/microros_ws/firmware/mcu_ws/install/include/uxr/client/profile/transport/ip/udp
-- Installing: /home/ubuntu/ROS2/microros_ws/firmware/mcu_ws/install/include/uxr/client/profile/transport/ip/udp/udp_transport_freertos_plus_tcp.h
-- Installing: /home/ubuntu/ROS2/microros_ws/firmware/mcu_ws/install/include/uxr/client/profile/transport/ip/udp/udp_transport_windows.h
-- Installing: /home/ubuntu/ROS2/microros_ws/firmware/mcu_ws/install/include/uxr/client/profile/transport/ip/udp/udp_transport.h
-- Installing: /home/ubuntu/ROS2/microros_ws/firmware/mcu_ws/install/include/uxr/client/profile/transport/ip/udp/udp_transport_posix_nopoll.h
-- Installing: /home/ubuntu/ROS2/microros_ws/firmware/mcu_ws/install/include/uxr/client/profile/transport/ip/udp/udp_transport_rtems_bsd_net.h
-- Installing: /home/ubuntu/ROS2/microros_ws/firmware/mcu_ws/install/include/uxr/client/profile/transport/ip/udp/udp_transport_posix.h
-- Installing: /home/ubuntu/ROS2/microros_ws/firmware/mcu_ws/install/include/uxr/client/profile/transport/ip/ip.h
-- Installing: /home/ubuntu/ROS2/microros_ws/firmware/mcu_ws/install/include/uxr/client/profile/transport/can
-- Installing: /home/ubuntu/ROS2/microros_ws/firmware/mcu_ws/install/include/uxr/client/profile/transport/can/can_transport.h
-- Installing: /home/ubuntu/ROS2/microros_ws/firmware/mcu_ws/install/include/uxr/client/profile/transport/can/can_transport_posix.h
-- Installing: /home/ubuntu/ROS2/microros_ws/firmware/mcu_ws/install/include/uxr/client/profile/discovery
-- Installing: /home/ubuntu/ROS2/microros_ws/firmware/mcu_ws/install/include/uxr/client/profile/discovery/discovery.h
-- Installing: /home/ubuntu/ROS2/microros_ws/firmware/mcu_ws/install/include/uxr/client/client.h
-- Installing: /home/ubuntu/ROS2/microros_ws/firmware/mcu_ws/install/include/uxr/client/visibility.h
-- Installing: /home/ubuntu/ROS2/microros_ws/firmware/mcu_ws/install/include/uxr/client/config.h
-- Installing: /home/ubuntu/ROS2/microros_ws/firmware/mcu_ws/install/share/microxrcedds_client/cmake/microxrcedds_clientTargets.cmake
-- Installing: /home/ubuntu/ROS2/microros_ws/firmware/mcu_ws/install/share/microxrcedds_client/cmake/microxrcedds_clientTargets-release.cmake
-- Installing: /home/ubuntu/ROS2/microros_ws/firmware/mcu_ws/install/share/microxrcedds_client/cmake/microxrcedds_clientConfig.cmake
-- Installing: /home/ubuntu/ROS2/microros_ws/firmware/mcu_ws/install/share/microxrcedds_client/cmake/microxrcedds_clientConfigVersion.cmake
