[0.081s] Invoking command in '/home/ubuntu/ROS2/microros_ws/firmware/mcu_ws/build/microxrcedds_client': CMAKE_PREFIX_PATH=/home/ubuntu/ROS2/microros_ws/firmware/mcu_ws/install:${CMAKE_PREFIX_PATH} PYTHONPATH=/home/ubuntu/ROS2/microros_ws/firmware/mcu_ws/install/lib/python3.8/site-packages:${PYTHONPATH} /usr/bin/cmake /home/ubuntu/ROS2/microros_ws/firmware/mcu_ws/eProsima/Micro-XRCE-DDS-Client --no-warn-unused-cli -DCMAKE_POSITION_INDEPENDENT_CODE:BOOL=OFF -DTHIRDPARTY=ON -DBUILD_SHARED_LIBS=OFF -DBUILD_TESTING=OFF -DCMAKE_BUILD_TYPE=Release -DCMAKE_TOOLCHAIN_FILE=/home/ubuntu/ROS2/microros_ws/my_custom_toolchain.cmake -DCMAKE_VERBOSE_MAKEFILE=ON -DUCLIENT_ISOLATED_INSTALL=OFF -DUCLIENT_SUPERBUILD=OFF -DUCLIENT_PIC=OFF -DUCLIENT_PROFILE_UDP=OFF -DUCLIENT_PROFILE_TCP=OFF -DUCLIENT_PROFILE_DISCOVERY=OFF -DUCLIENT_PROFILE_SERIAL=OFF -DUCLIENT_PROFILE_STREAM_FRAMING=ON -DUCLIENT_PROFILE_CUSTOM_TRANSPORT=ON -DCMAKE_INSTALL_PREFIX=/home/ubuntu/ROS2/microros_ws/firmware/mcu_ws/install
[0.354s] Not searching for unused variables given on the command line.
[1.774s] -- The C compiler identification is GNU 9.4.0
[2.491s] -- Check for working C compiler: /usr/bin/arm-linux-gnueabihf-gcc
[3.552s] -- Check for working C compiler: /usr/bin/arm-linux-gnueabihf-gcc -- works
[3.562s] -- Detecting C compiler ABI info
[4.280s] -- Detecting C compiler ABI info - done
[4.393s] -- Detecting C compile features
[4.396s] -- Detecting C compile features - done
[4.497s] -- Looking for pthread.h
[5.294s] -- Looking for pthread.h - found
[5.297s] -- Performing Test CMAKE_HAVE_LIBC_PTHREAD
[6.089s] -- Performing Test CMAKE_HAVE_LIBC_PTHREAD - Success
[6.093s] -- Found Threads: TRUE  
[6.322s] -- Configuring done
[6.655s] -- Generating done
[6.674s] -- Build files have been written to: /home/ubuntu/ROS2/microros_ws/firmware/mcu_ws/build/microxrcedds_client
[6.830s] Invoked command in '/home/ubuntu/ROS2/microros_ws/firmware/mcu_ws/build/microxrcedds_client' returned '0': CMAKE_PREFIX_PATH=/home/ubuntu/ROS2/microros_ws/firmware/mcu_ws/install:${CMAKE_PREFIX_PATH} PYTHONPATH=/home/ubuntu/ROS2/microros_ws/firmware/mcu_ws/install/lib/python3.8/site-packages:${PYTHONPATH} /usr/bin/cmake /home/ubuntu/ROS2/microros_ws/firmware/mcu_ws/eProsima/Micro-XRCE-DDS-Client --no-warn-unused-cli -DCMAKE_POSITION_INDEPENDENT_CODE:BOOL=OFF -DTHIRDPARTY=ON -DBUILD_SHARED_LIBS=OFF -DBUILD_TESTING=OFF -DCMAKE_BUILD_TYPE=Release -DCMAKE_TOOLCHAIN_FILE=/home/ubuntu/ROS2/microros_ws/my_custom_toolchain.cmake -DCMAKE_VERBOSE_MAKEFILE=ON -DUCLIENT_ISOLATED_INSTALL=OFF -DUCLIENT_SUPERBUILD=OFF -DUCLIENT_PIC=OFF -DUCLIENT_PROFILE_UDP=OFF -DUCLIENT_PROFILE_TCP=OFF -DUCLIENT_PROFILE_DISCOVERY=OFF -DUCLIENT_PROFILE_SERIAL=OFF -DUCLIENT_PROFILE_STREAM_FRAMING=ON -DUCLIENT_PROFILE_CUSTOM_TRANSPORT=ON -DCMAKE_INSTALL_PREFIX=/home/ubuntu/ROS2/microros_ws/firmware/mcu_ws/install
[6.844s] Invoking command in '/home/ubuntu/ROS2/microros_ws/firmware/mcu_ws/build/microxrcedds_client': CMAKE_PREFIX_PATH=/home/ubuntu/ROS2/microros_ws/firmware/mcu_ws/install:${CMAKE_PREFIX_PATH} PYTHONPATH=/home/ubuntu/ROS2/microros_ws/firmware/mcu_ws/install/lib/python3.8/site-packages:${PYTHONPATH} /usr/bin/cmake --build /home/ubuntu/ROS2/microros_ws/firmware/mcu_ws/build/microxrcedds_client -- -j4 -l4
[7.099s] /usr/bin/cmake -S/home/ubuntu/ROS2/microros_ws/firmware/mcu_ws/eProsima/Micro-XRCE-DDS-Client -B/home/ubuntu/ROS2/microros_ws/firmware/mcu_ws/build/microxrcedds_client --check-build-system CMakeFiles/Makefile.cmake 0
[7.185s] /usr/bin/cmake -E cmake_progress_start /home/ubuntu/ROS2/microros_ws/firmware/mcu_ws/build/microxrcedds_client/CMakeFiles /home/ubuntu/ROS2/microros_ws/firmware/mcu_ws/build/microxrcedds_client/CMakeFiles/progress.marks
[7.308s] /usr/bin/make -f CMakeFiles/Makefile2 all
[7.360s] make[1]: Entering directory '/home/ubuntu/ROS2/microros_ws/firmware/mcu_ws/build/microxrcedds_client'
[7.361s] /usr/bin/make -f CMakeFiles/microxrcedds_client.dir/build.make CMakeFiles/microxrcedds_client.dir/depend
[7.379s] make[2]: Entering directory '/home/ubuntu/ROS2/microros_ws/firmware/mcu_ws/build/microxrcedds_client'
[7.380s] cd /home/ubuntu/ROS2/microros_ws/firmware/mcu_ws/build/microxrcedds_client && /usr/bin/cmake -E cmake_depends "Unix Makefiles" /home/ubuntu/ROS2/microros_ws/firmware/mcu_ws/eProsima/Micro-XRCE-DDS-Client /home/ubuntu/ROS2/microros_ws/firmware/mcu_ws/eProsima/Micro-XRCE-DDS-Client /home/ubuntu/ROS2/microros_ws/firmware/mcu_ws/build/microxrcedds_client /home/ubuntu/ROS2/microros_ws/firmware/mcu_ws/build/microxrcedds_client /home/ubuntu/ROS2/microros_ws/firmware/mcu_ws/build/microxrcedds_client/CMakeFiles/microxrcedds_client.dir/DependInfo.cmake --color=
[7.491s] Dependee "/home/ubuntu/ROS2/microros_ws/firmware/mcu_ws/build/microxrcedds_client/CMakeFiles/microxrcedds_client.dir/DependInfo.cmake" is newer than depender "/home/ubuntu/ROS2/microros_ws/firmware/mcu_ws/build/microxrcedds_client/CMakeFiles/microxrcedds_client.dir/depend.internal".
[7.494s] Dependee "/home/ubuntu/ROS2/microros_ws/firmware/mcu_ws/build/microxrcedds_client/CMakeFiles/CMakeDirectoryInformation.cmake" is newer than depender "/home/ubuntu/ROS2/microros_ws/firmware/mcu_ws/build/microxrcedds_client/CMakeFiles/microxrcedds_client.dir/depend.internal".
[7.495s] [35m[1mScanning dependencies of target microxrcedds_client[0m
[7.943s] make[2]: Leaving directory '/home/ubuntu/ROS2/microros_ws/firmware/mcu_ws/build/microxrcedds_client'
[7.945s] /usr/bin/make -f CMakeFiles/microxrcedds_client.dir/build.make CMakeFiles/microxrcedds_client.dir/build
[7.963s] make[2]: Entering directory '/home/ubuntu/ROS2/microros_ws/firmware/mcu_ws/build/microxrcedds_client'
[8.033s] [  4%] [32mBuilding C object CMakeFiles/microxrcedds_client.dir/src/c/core/session/stream/input_best_effort_stream.c.o[0m
[8.038s] /usr/bin/arm-linux-gnueabihf-gcc  -I/home/ubuntu/ROS2/microros_ws/firmware/mcu_ws/eProsima/Micro-XRCE-DDS-Client/include -I/home/ubuntu/ROS2/microros_ws/firmware/mcu_ws/build/microxrcedds_client/include -I/home/ubuntu/ROS2/microros_ws/firmware/mcu_ws/eProsima/Micro-XRCE-DDS-Client/src/c -isystem /home/ubuntu/ROS2/microros_ws/firmware/mcu_ws/install/include  -march=armv8-a -mfpu=neon-fp-armv8 -mfloat-abi=hard -O3 -DNDEBUG   -Wall -Wextra -Wshadow -pedantic -Wcast-align -Wunused -Wconversion -Wnull-dereference -Wduplicated-branches -Wduplicated-cond -Wrestrict -Wdouble-promotion -Wsign-conversion -fdata-sections -ffunction-sections -std=gnu99 -o CMakeFiles/microxrcedds_client.dir/src/c/core/session/stream/input_best_effort_stream.c.o   -c /home/ubuntu/ROS2/microros_ws/firmware/mcu_ws/eProsima/Micro-XRCE-DDS-Client/src/c/core/session/stream/input_best_effort_stream.c
[8.376s] [  8%] [32mBuilding C object CMakeFiles/microxrcedds_client.dir/src/c/core/session/stream/output_reliable_stream.c.o[0m
[8.381s] /usr/bin/arm-linux-gnueabihf-gcc  -I/home/ubuntu/ROS2/microros_ws/firmware/mcu_ws/eProsima/Micro-XRCE-DDS-Client/include -I/home/ubuntu/ROS2/microros_ws/firmware/mcu_ws/build/microxrcedds_client/include -I/home/ubuntu/ROS2/microros_ws/firmware/mcu_ws/eProsima/Micro-XRCE-DDS-Client/src/c -isystem /home/ubuntu/ROS2/microros_ws/firmware/mcu_ws/install/include  -march=armv8-a -mfpu=neon-fp-armv8 -mfloat-abi=hard -O3 -DNDEBUG   -Wall -Wextra -Wshadow -pedantic -Wcast-align -Wunused -Wconversion -Wnull-dereference -Wduplicated-branches -Wduplicated-cond -Wrestrict -Wdouble-promotion -Wsign-conversion -fdata-sections -ffunction-sections -std=gnu99 -o CMakeFiles/microxrcedds_client.dir/src/c/core/session/stream/output_reliable_stream.c.o   -c /home/ubuntu/ROS2/microros_ws/firmware/mcu_ws/eProsima/Micro-XRCE-DDS-Client/src/c/core/session/stream/output_reliable_stream.c
[9.482s] [ 12%] [32mBuilding C object CMakeFiles/microxrcedds_client.dir/src/c/core/session/stream/stream_storage.c.o[0m
[9.499s] /usr/bin/arm-linux-gnueabihf-gcc  -I/home/ubuntu/ROS2/microros_ws/firmware/mcu_ws/eProsima/Micro-XRCE-DDS-Client/include -I/home/ubuntu/ROS2/microros_ws/firmware/mcu_ws/build/microxrcedds_client/include -I/home/ubuntu/ROS2/microros_ws/firmware/mcu_ws/eProsima/Micro-XRCE-DDS-Client/src/c -isystem /home/ubuntu/ROS2/microros_ws/firmware/mcu_ws/install/include  -march=armv8-a -mfpu=neon-fp-armv8 -mfloat-abi=hard -O3 -DNDEBUG   -Wall -Wextra -Wshadow -pedantic -Wcast-align -Wunused -Wconversion -Wnull-dereference -Wduplicated-branches -Wduplicated-cond -Wrestrict -Wdouble-promotion -Wsign-conversion -fdata-sections -ffunction-sections -std=gnu99 -o CMakeFiles/microxrcedds_client.dir/src/c/core/session/stream/stream_storage.c.o   -c /home/ubuntu/ROS2/microros_ws/firmware/mcu_ws/eProsima/Micro-XRCE-DDS-Client/src/c/core/session/stream/stream_storage.c
[10.209s] [ 16%] [32mBuilding C object CMakeFiles/microxrcedds_client.dir/src/c/core/session/stream/stream_id.c.o[0m
[10.214s] /usr/bin/arm-linux-gnueabihf-gcc  -I/home/ubuntu/ROS2/microros_ws/firmware/mcu_ws/eProsima/Micro-XRCE-DDS-Client/include -I/home/ubuntu/ROS2/microros_ws/firmware/mcu_ws/build/microxrcedds_client/include -I/home/ubuntu/ROS2/microros_ws/firmware/mcu_ws/eProsima/Micro-XRCE-DDS-Client/src/c -isystem /home/ubuntu/ROS2/microros_ws/firmware/mcu_ws/install/include  -march=armv8-a -mfpu=neon-fp-armv8 -mfloat-abi=hard -O3 -DNDEBUG   -Wall -Wextra -Wshadow -pedantic -Wcast-align -Wunused -Wconversion -Wnull-dereference -Wduplicated-branches -Wduplicated-cond -Wrestrict -Wdouble-promotion -Wsign-conversion -fdata-sections -ffunction-sections -std=gnu99 -o CMakeFiles/microxrcedds_client.dir/src/c/core/session/stream/stream_id.c.o   -c /home/ubuntu/ROS2/microros_ws/firmware/mcu_ws/eProsima/Micro-XRCE-DDS-Client/src/c/core/session/stream/stream_id.c
[10.522s] [ 20%] [32mBuilding C object CMakeFiles/microxrcedds_client.dir/src/c/core/session/stream/seq_num.c.o[0m
[10.528s] /usr/bin/arm-linux-gnueabihf-gcc  -I/home/ubuntu/ROS2/microros_ws/firmware/mcu_ws/eProsima/Micro-XRCE-DDS-Client/include -I/home/ubuntu/ROS2/microros_ws/firmware/mcu_ws/build/microxrcedds_client/include -I/home/ubuntu/ROS2/microros_ws/firmware/mcu_ws/eProsima/Micro-XRCE-DDS-Client/src/c -isystem /home/ubuntu/ROS2/microros_ws/firmware/mcu_ws/install/include  -march=armv8-a -mfpu=neon-fp-armv8 -mfloat-abi=hard -O3 -DNDEBUG   -Wall -Wextra -Wshadow -pedantic -Wcast-align -Wunused -Wconversion -Wnull-dereference -Wduplicated-branches -Wduplicated-cond -Wrestrict -Wdouble-promotion -Wsign-conversion -fdata-sections -ffunction-sections -std=gnu99 -o CMakeFiles/microxrcedds_client.dir/src/c/core/session/stream/seq_num.c.o   -c /home/ubuntu/ROS2/microros_ws/firmware/mcu_ws/eProsima/Micro-XRCE-DDS-Client/src/c/core/session/stream/seq_num.c
[10.735s] [ 24%] [32mBuilding C object CMakeFiles/microxrcedds_client.dir/src/c/core/session/session.c.o[0m
[10.745s] /usr/bin/arm-linux-gnueabihf-gcc  -I/home/ubuntu/ROS2/microros_ws/firmware/mcu_ws/eProsima/Micro-XRCE-DDS-Client/include -I/home/ubuntu/ROS2/microros_ws/firmware/mcu_ws/build/microxrcedds_client/include -I/home/ubuntu/ROS2/microros_ws/firmware/mcu_ws/eProsima/Micro-XRCE-DDS-Client/src/c -isystem /home/ubuntu/ROS2/microros_ws/firmware/mcu_ws/install/include  -march=armv8-a -mfpu=neon-fp-armv8 -mfloat-abi=hard -O3 -DNDEBUG   -Wall -Wextra -Wshadow -pedantic -Wcast-align -Wunused -Wconversion -Wnull-dereference -Wduplicated-branches -Wduplicated-cond -Wrestrict -Wdouble-promotion -Wsign-conversion -fdata-sections -ffunction-sections -std=gnu99 -o CMakeFiles/microxrcedds_client.dir/src/c/core/session/session.c.o   -c /home/ubuntu/ROS2/microros_ws/firmware/mcu_ws/eProsima/Micro-XRCE-DDS-Client/src/c/core/session/session.c
[12.711s] [ 28%] [32mBuilding C object CMakeFiles/microxrcedds_client.dir/src/c/core/session/session_info.c.o[0m
[12.716s] /usr/bin/arm-linux-gnueabihf-gcc  -I/home/ubuntu/ROS2/microros_ws/firmware/mcu_ws/eProsima/Micro-XRCE-DDS-Client/include -I/home/ubuntu/ROS2/microros_ws/firmware/mcu_ws/build/microxrcedds_client/include -I/home/ubuntu/ROS2/microros_ws/firmware/mcu_ws/eProsima/Micro-XRCE-DDS-Client/src/c -isystem /home/ubuntu/ROS2/microros_ws/firmware/mcu_ws/install/include  -march=armv8-a -mfpu=neon-fp-armv8 -mfloat-abi=hard -O3 -DNDEBUG   -Wall -Wextra -Wshadow -pedantic -Wcast-align -Wunused -Wconversion -Wnull-dereference -Wduplicated-branches -Wduplicated-cond -Wrestrict -Wdouble-promotion -Wsign-conversion -fdata-sections -ffunction-sections -std=gnu99 -o CMakeFiles/microxrcedds_client.dir/src/c/core/session/session_info.c.o   -c /home/ubuntu/ROS2/microros_ws/firmware/mcu_ws/eProsima/Micro-XRCE-DDS-Client/src/c/core/session/session_info.c
[13.604s] [ 32%] [32mBuilding C object CMakeFiles/microxrcedds_client.dir/src/c/core/session/submessage.c.o[0m
[13.607s] /usr/bin/arm-linux-gnueabihf-gcc  -I/home/ubuntu/ROS2/microros_ws/firmware/mcu_ws/eProsima/Micro-XRCE-DDS-Client/include -I/home/ubuntu/ROS2/microros_ws/firmware/mcu_ws/build/microxrcedds_client/include -I/home/ubuntu/ROS2/microros_ws/firmware/mcu_ws/eProsima/Micro-XRCE-DDS-Client/src/c -isystem /home/ubuntu/ROS2/microros_ws/firmware/mcu_ws/install/include  -march=armv8-a -mfpu=neon-fp-armv8 -mfloat-abi=hard -O3 -DNDEBUG   -Wall -Wextra -Wshadow -pedantic -Wcast-align -Wunused -Wconversion -Wnull-dereference -Wduplicated-branches -Wduplicated-cond -Wrestrict -Wdouble-promotion -Wsign-conversion -fdata-sections -ffunction-sections -std=gnu99 -o CMakeFiles/microxrcedds_client.dir/src/c/core/session/submessage.c.o   -c /home/ubuntu/ROS2/microros_ws/firmware/mcu_ws/eProsima/Micro-XRCE-DDS-Client/src/c/core/session/submessage.c
[13.948s] [ 36%] [32mBuilding C object CMakeFiles/microxrcedds_client.dir/src/c/core/session/object_id.c.o[0m
[13.953s] /usr/bin/arm-linux-gnueabihf-gcc  -I/home/ubuntu/ROS2/microros_ws/firmware/mcu_ws/eProsima/Micro-XRCE-DDS-Client/include -I/home/ubuntu/ROS2/microros_ws/firmware/mcu_ws/build/microxrcedds_client/include -I/home/ubuntu/ROS2/microros_ws/firmware/mcu_ws/eProsima/Micro-XRCE-DDS-Client/src/c -isystem /home/ubuntu/ROS2/microros_ws/firmware/mcu_ws/install/include  -march=armv8-a -mfpu=neon-fp-armv8 -mfloat-abi=hard -O3 -DNDEBUG   -Wall -Wextra -Wshadow -pedantic -Wcast-align -Wunused -Wconversion -Wnull-dereference -Wduplicated-branches -Wduplicated-cond -Wrestrict -Wdouble-promotion -Wsign-conversion -fdata-sections -ffunction-sections -std=gnu99 -o CMakeFiles/microxrcedds_client.dir/src/c/core/session/object_id.c.o   -c /home/ubuntu/ROS2/microros_ws/firmware/mcu_ws/eProsima/Micro-XRCE-DDS-Client/src/c/core/session/object_id.c
[14.467s] [ 40%] [32mBuilding C object CMakeFiles/microxrcedds_client.dir/src/c/core/serialization/xrce_types.c.o[0m
[14.474s] /usr/bin/arm-linux-gnueabihf-gcc  -I/home/ubuntu/ROS2/microros_ws/firmware/mcu_ws/eProsima/Micro-XRCE-DDS-Client/include -I/home/ubuntu/ROS2/microros_ws/firmware/mcu_ws/build/microxrcedds_client/include -I/home/ubuntu/ROS2/microros_ws/firmware/mcu_ws/eProsima/Micro-XRCE-DDS-Client/src/c -isystem /home/ubuntu/ROS2/microros_ws/firmware/mcu_ws/install/include  -march=armv8-a -mfpu=neon-fp-armv8 -mfloat-abi=hard -O3 -DNDEBUG   -Wall -Wextra -Wshadow -pedantic -Wcast-align -Wunused -Wconversion -Wnull-dereference -Wduplicated-branches -Wduplicated-cond -Wrestrict -Wdouble-promotion -Wsign-conversion -fdata-sections -ffunction-sections -std=gnu99 -o CMakeFiles/microxrcedds_client.dir/src/c/core/serialization/xrce_types.c.o   -c /home/ubuntu/ROS2/microros_ws/firmware/mcu_ws/eProsima/Micro-XRCE-DDS-Client/src/c/core/serialization/xrce_types.c
[22.325s] [ 44%] [32mBuilding C object CMakeFiles/microxrcedds_client.dir/src/c/core/serialization/xrce_header.c.o[0m
[22.330s] /usr/bin/arm-linux-gnueabihf-gcc  -I/home/ubuntu/ROS2/microros_ws/firmware/mcu_ws/eProsima/Micro-XRCE-DDS-Client/include -I/home/ubuntu/ROS2/microros_ws/firmware/mcu_ws/build/microxrcedds_client/include -I/home/ubuntu/ROS2/microros_ws/firmware/mcu_ws/eProsima/Micro-XRCE-DDS-Client/src/c -isystem /home/ubuntu/ROS2/microros_ws/firmware/mcu_ws/install/include  -march=armv8-a -mfpu=neon-fp-armv8 -mfloat-abi=hard -O3 -DNDEBUG   -Wall -Wextra -Wshadow -pedantic -Wcast-align -Wunused -Wconversion -Wnull-dereference -Wduplicated-branches -Wduplicated-cond -Wrestrict -Wdouble-promotion -Wsign-conversion -fdata-sections -ffunction-sections -std=gnu99 -o CMakeFiles/microxrcedds_client.dir/src/c/core/serialization/xrce_header.c.o   -c /home/ubuntu/ROS2/microros_ws/firmware/mcu_ws/eProsima/Micro-XRCE-DDS-Client/src/c/core/serialization/xrce_header.c
[22.865s] [ 48%] [32mBuilding C object CMakeFiles/microxrcedds_client.dir/src/c/core/serialization/xrce_subheader.c.o[0m
[22.887s] /usr/bin/arm-linux-gnueabihf-gcc  -I/home/ubuntu/ROS2/microros_ws/firmware/mcu_ws/eProsima/Micro-XRCE-DDS-Client/include -I/home/ubuntu/ROS2/microros_ws/firmware/mcu_ws/build/microxrcedds_client/include -I/home/ubuntu/ROS2/microros_ws/firmware/mcu_ws/eProsima/Micro-XRCE-DDS-Client/src/c -isystem /home/ubuntu/ROS2/microros_ws/firmware/mcu_ws/install/include  -march=armv8-a -mfpu=neon-fp-armv8 -mfloat-abi=hard -O3 -DNDEBUG   -Wall -Wextra -Wshadow -pedantic -Wcast-align -Wunused -Wconversion -Wnull-dereference -Wduplicated-branches -Wduplicated-cond -Wrestrict -Wdouble-promotion -Wsign-conversion -fdata-sections -ffunction-sections -std=gnu99 -o CMakeFiles/microxrcedds_client.dir/src/c/core/serialization/xrce_subheader.c.o   -c /home/ubuntu/ROS2/microros_ws/firmware/mcu_ws/eProsima/Micro-XRCE-DDS-Client/src/c/core/serialization/xrce_subheader.c
[23.467s] [ 52%] [32mBuilding C object CMakeFiles/microxrcedds_client.dir/src/c/util/time.c.o[0m
[23.476s] /usr/bin/arm-linux-gnueabihf-gcc  -I/home/ubuntu/ROS2/microros_ws/firmware/mcu_ws/eProsima/Micro-XRCE-DDS-Client/include -I/home/ubuntu/ROS2/microros_ws/firmware/mcu_ws/build/microxrcedds_client/include -I/home/ubuntu/ROS2/microros_ws/firmware/mcu_ws/eProsima/Micro-XRCE-DDS-Client/src/c -isystem /home/ubuntu/ROS2/microros_ws/firmware/mcu_ws/install/include  -march=armv8-a -mfpu=neon-fp-armv8 -mfloat-abi=hard -O3 -DNDEBUG   -Wall -Wextra -Wshadow -pedantic -Wcast-align -Wunused -Wconversion -Wnull-dereference -Wduplicated-branches -Wduplicated-cond -Wrestrict -Wdouble-promotion -Wsign-conversion -fdata-sections -ffunction-sections -std=gnu99 -o CMakeFiles/microxrcedds_client.dir/src/c/util/time.c.o   -c /home/ubuntu/ROS2/microros_ws/firmware/mcu_ws/eProsima/Micro-XRCE-DDS-Client/src/c/util/time.c
[24.336s] [ 56%] [32mBuilding C object CMakeFiles/microxrcedds_client.dir/src/c/util/ping.c.o[0m
[24.348s] /usr/bin/arm-linux-gnueabihf-gcc  -I/home/ubuntu/ROS2/microros_ws/firmware/mcu_ws/eProsima/Micro-XRCE-DDS-Client/include -I/home/ubuntu/ROS2/microros_ws/firmware/mcu_ws/build/microxrcedds_client/include -I/home/ubuntu/ROS2/microros_ws/firmware/mcu_ws/eProsima/Micro-XRCE-DDS-Client/src/c -isystem /home/ubuntu/ROS2/microros_ws/firmware/mcu_ws/install/include  -march=armv8-a -mfpu=neon-fp-armv8 -mfloat-abi=hard -O3 -DNDEBUG   -Wall -Wextra -Wshadow -pedantic -Wcast-align -Wunused -Wconversion -Wnull-dereference -Wduplicated-branches -Wduplicated-cond -Wrestrict -Wdouble-promotion -Wsign-conversion -fdata-sections -ffunction-sections -std=gnu99 -o CMakeFiles/microxrcedds_client.dir/src/c/util/ping.c.o   -c /home/ubuntu/ROS2/microros_ws/firmware/mcu_ws/eProsima/Micro-XRCE-DDS-Client/src/c/util/ping.c
[25.244s] [ 60%] [32mBuilding C object CMakeFiles/microxrcedds_client.dir/src/c/core/session/common_create_entities.c.o[0m
[25.259s] /usr/bin/arm-linux-gnueabihf-gcc  -I/home/ubuntu/ROS2/microros_ws/firmware/mcu_ws/eProsima/Micro-XRCE-DDS-Client/include -I/home/ubuntu/ROS2/microros_ws/firmware/mcu_ws/build/microxrcedds_client/include -I/home/ubuntu/ROS2/microros_ws/firmware/mcu_ws/eProsima/Micro-XRCE-DDS-Client/src/c -isystem /home/ubuntu/ROS2/microros_ws/firmware/mcu_ws/install/include  -march=armv8-a -mfpu=neon-fp-armv8 -mfloat-abi=hard -O3 -DNDEBUG   -Wall -Wextra -Wshadow -pedantic -Wcast-align -Wunused -Wconversion -Wnull-dereference -Wduplicated-branches -Wduplicated-cond -Wrestrict -Wdouble-promotion -Wsign-conversion -fdata-sections -ffunction-sections -std=gnu99 -o CMakeFiles/microxrcedds_client.dir/src/c/core/session/common_create_entities.c.o   -c /home/ubuntu/ROS2/microros_ws/firmware/mcu_ws/eProsima/Micro-XRCE-DDS-Client/src/c/core/session/common_create_entities.c
[25.939s] [ 64%] [32mBuilding C object CMakeFiles/microxrcedds_client.dir/src/c/core/session/create_entities_ref.c.o[0m
[25.947s] /usr/bin/arm-linux-gnueabihf-gcc  -I/home/ubuntu/ROS2/microros_ws/firmware/mcu_ws/eProsima/Micro-XRCE-DDS-Client/include -I/home/ubuntu/ROS2/microros_ws/firmware/mcu_ws/build/microxrcedds_client/include -I/home/ubuntu/ROS2/microros_ws/firmware/mcu_ws/eProsima/Micro-XRCE-DDS-Client/src/c -isystem /home/ubuntu/ROS2/microros_ws/firmware/mcu_ws/install/include  -march=armv8-a -mfpu=neon-fp-armv8 -mfloat-abi=hard -O3 -DNDEBUG   -Wall -Wextra -Wshadow -pedantic -Wcast-align -Wunused -Wconversion -Wnull-dereference -Wduplicated-branches -Wduplicated-cond -Wrestrict -Wdouble-promotion -Wsign-conversion -fdata-sections -ffunction-sections -std=gnu99 -o CMakeFiles/microxrcedds_client.dir/src/c/core/session/create_entities_ref.c.o   -c /home/ubuntu/ROS2/microros_ws/firmware/mcu_ws/eProsima/Micro-XRCE-DDS-Client/src/c/core/session/create_entities_ref.c
[26.575s] [ 68%] [32mBuilding C object CMakeFiles/microxrcedds_client.dir/src/c/core/session/create_entities_xml.c.o[0m
[26.584s] /usr/bin/arm-linux-gnueabihf-gcc  -I/home/ubuntu/ROS2/microros_ws/firmware/mcu_ws/eProsima/Micro-XRCE-DDS-Client/include -I/home/ubuntu/ROS2/microros_ws/firmware/mcu_ws/build/microxrcedds_client/include -I/home/ubuntu/ROS2/microros_ws/firmware/mcu_ws/eProsima/Micro-XRCE-DDS-Client/src/c -isystem /home/ubuntu/ROS2/microros_ws/firmware/mcu_ws/install/include  -march=armv8-a -mfpu=neon-fp-armv8 -mfloat-abi=hard -O3 -DNDEBUG   -Wall -Wextra -Wshadow -pedantic -Wcast-align -Wunused -Wconversion -Wnull-dereference -Wduplicated-branches -Wduplicated-cond -Wrestrict -Wdouble-promotion -Wsign-conversion -fdata-sections -ffunction-sections -std=gnu99 -o CMakeFiles/microxrcedds_client.dir/src/c/core/session/create_entities_xml.c.o   -c /home/ubuntu/ROS2/microros_ws/firmware/mcu_ws/eProsima/Micro-XRCE-DDS-Client/src/c/core/session/create_entities_xml.c
[27.282s] [ 72%] [32mBuilding C object CMakeFiles/microxrcedds_client.dir/src/c/core/session/create_entities_bin.c.o[0m
[27.296s] /usr/bin/arm-linux-gnueabihf-gcc  -I/home/ubuntu/ROS2/microros_ws/firmware/mcu_ws/eProsima/Micro-XRCE-DDS-Client/include -I/home/ubuntu/ROS2/microros_ws/firmware/mcu_ws/build/microxrcedds_client/include -I/home/ubuntu/ROS2/microros_ws/firmware/mcu_ws/eProsima/Micro-XRCE-DDS-Client/src/c -isystem /home/ubuntu/ROS2/microros_ws/firmware/mcu_ws/install/include  -march=armv8-a -mfpu=neon-fp-armv8 -mfloat-abi=hard -O3 -DNDEBUG   -Wall -Wextra -Wshadow -pedantic -Wcast-align -Wunused -Wconversion -Wnull-dereference -Wduplicated-branches -Wduplicated-cond -Wrestrict -Wdouble-promotion -Wsign-conversion -fdata-sections -ffunction-sections -std=gnu99 -o CMakeFiles/microxrcedds_client.dir/src/c/core/session/create_entities_bin.c.o   -c /home/ubuntu/ROS2/microros_ws/firmware/mcu_ws/eProsima/Micro-XRCE-DDS-Client/src/c/core/session/create_entities_bin.c
[28.801s] [ 76%] [32mBuilding C object CMakeFiles/microxrcedds_client.dir/src/c/core/session/read_access.c.o[0m
[28.810s] /usr/bin/arm-linux-gnueabihf-gcc  -I/home/ubuntu/ROS2/microros_ws/firmware/mcu_ws/eProsima/Micro-XRCE-DDS-Client/include -I/home/ubuntu/ROS2/microros_ws/firmware/mcu_ws/build/microxrcedds_client/include -I/home/ubuntu/ROS2/microros_ws/firmware/mcu_ws/eProsima/Micro-XRCE-DDS-Client/src/c -isystem /home/ubuntu/ROS2/microros_ws/firmware/mcu_ws/install/include  -march=armv8-a -mfpu=neon-fp-armv8 -mfloat-abi=hard -O3 -DNDEBUG   -Wall -Wextra -Wshadow -pedantic -Wcast-align -Wunused -Wconversion -Wnull-dereference -Wduplicated-branches -Wduplicated-cond -Wrestrict -Wdouble-promotion -Wsign-conversion -fdata-sections -ffunction-sections -std=gnu99 -o CMakeFiles/microxrcedds_client.dir/src/c/core/session/read_access.c.o   -c /home/ubuntu/ROS2/microros_ws/firmware/mcu_ws/eProsima/Micro-XRCE-DDS-Client/src/c/core/session/read_access.c
[29.733s] [ 80%] [32mBuilding C object CMakeFiles/microxrcedds_client.dir/src/c/core/session/write_access.c.o[0m
[29.751s] /usr/bin/arm-linux-gnueabihf-gcc  -I/home/ubuntu/ROS2/microros_ws/firmware/mcu_ws/eProsima/Micro-XRCE-DDS-Client/include -I/home/ubuntu/ROS2/microros_ws/firmware/mcu_ws/build/microxrcedds_client/include -I/home/ubuntu/ROS2/microros_ws/firmware/mcu_ws/eProsima/Micro-XRCE-DDS-Client/src/c -isystem /home/ubuntu/ROS2/microros_ws/firmware/mcu_ws/install/include  -march=armv8-a -mfpu=neon-fp-armv8 -mfloat-abi=hard -O3 -DNDEBUG   -Wall -Wextra -Wshadow -pedantic -Wcast-align -Wunused -Wconversion -Wnull-dereference -Wduplicated-branches -Wduplicated-cond -Wrestrict -Wdouble-promotion -Wsign-conversion -fdata-sections -ffunction-sections -std=gnu99 -o CMakeFiles/microxrcedds_client.dir/src/c/core/session/write_access.c.o   -c /home/ubuntu/ROS2/microros_ws/firmware/mcu_ws/eProsima/Micro-XRCE-DDS-Client/src/c/core/session/write_access.c
[31.114s] [ 84%] [32mBuilding C object CMakeFiles/microxrcedds_client.dir/src/c/profile/transport/stream_framing/stream_framing_protocol.c.o[0m
[31.119s] /usr/bin/arm-linux-gnueabihf-gcc  -I/home/ubuntu/ROS2/microros_ws/firmware/mcu_ws/eProsima/Micro-XRCE-DDS-Client/include -I/home/ubuntu/ROS2/microros_ws/firmware/mcu_ws/build/microxrcedds_client/include -I/home/ubuntu/ROS2/microros_ws/firmware/mcu_ws/eProsima/Micro-XRCE-DDS-Client/src/c -isystem /home/ubuntu/ROS2/microros_ws/firmware/mcu_ws/install/include  -march=armv8-a -mfpu=neon-fp-armv8 -mfloat-abi=hard -O3 -DNDEBUG   -Wall -Wextra -Wshadow -pedantic -Wcast-align -Wunused -Wconversion -Wnull-dereference -Wduplicated-branches -Wduplicated-cond -Wrestrict -Wdouble-promotion -Wsign-conversion -fdata-sections -ffunction-sections -std=gnu99 -o CMakeFiles/microxrcedds_client.dir/src/c/profile/transport/stream_framing/stream_framing_protocol.c.o   -c /home/ubuntu/ROS2/microros_ws/firmware/mcu_ws/eProsima/Micro-XRCE-DDS-Client/src/c/profile/transport/stream_framing/stream_framing_protocol.c
[32.823s] [ 88%] [32mBuilding C object CMakeFiles/microxrcedds_client.dir/src/c/profile/transport/custom/custom_transport.c.o[0m
[32.827s] /usr/bin/arm-linux-gnueabihf-gcc  -I/home/ubuntu/ROS2/microros_ws/firmware/mcu_ws/eProsima/Micro-XRCE-DDS-Client/include -I/home/ubuntu/ROS2/microros_ws/firmware/mcu_ws/build/microxrcedds_client/include -I/home/ubuntu/ROS2/microros_ws/firmware/mcu_ws/eProsima/Micro-XRCE-DDS-Client/src/c -isystem /home/ubuntu/ROS2/microros_ws/firmware/mcu_ws/install/include  -march=armv8-a -mfpu=neon-fp-armv8 -mfloat-abi=hard -O3 -DNDEBUG   -Wall -Wextra -Wshadow -pedantic -Wcast-align -Wunused -Wconversion -Wnull-dereference -Wduplicated-branches -Wduplicated-cond -Wrestrict -Wdouble-promotion -Wsign-conversion -fdata-sections -ffunction-sections -std=gnu99 -o CMakeFiles/microxrcedds_client.dir/src/c/profile/transport/custom/custom_transport.c.o   -c /home/ubuntu/ROS2/microros_ws/firmware/mcu_ws/eProsima/Micro-XRCE-DDS-Client/src/c/profile/transport/custom/custom_transport.c
[33.645s] [ 92%] [32mBuilding C object CMakeFiles/microxrcedds_client.dir/src/c/core/session/stream/output_best_effort_stream.c.o[0m
[33.656s] /usr/bin/arm-linux-gnueabihf-gcc  -I/home/ubuntu/ROS2/microros_ws/firmware/mcu_ws/eProsima/Micro-XRCE-DDS-Client/include -I/home/ubuntu/ROS2/microros_ws/firmware/mcu_ws/build/microxrcedds_client/include -I/home/ubuntu/ROS2/microros_ws/firmware/mcu_ws/eProsima/Micro-XRCE-DDS-Client/src/c -isystem /home/ubuntu/ROS2/microros_ws/firmware/mcu_ws/install/include  -march=armv8-a -mfpu=neon-fp-armv8 -mfloat-abi=hard -O3 -DNDEBUG   -Wall -Wextra -Wshadow -pedantic -Wcast-align -Wunused -Wconversion -Wnull-dereference -Wduplicated-branches -Wduplicated-cond -Wrestrict -Wdouble-promotion -Wsign-conversion -fdata-sections -ffunction-sections -std=gnu99 -o CMakeFiles/microxrcedds_client.dir/src/c/core/session/stream/output_best_effort_stream.c.o   -c /home/ubuntu/ROS2/microros_ws/firmware/mcu_ws/eProsima/Micro-XRCE-DDS-Client/src/c/core/session/stream/output_best_effort_stream.c
[34.120s] [ 96%] [32mBuilding C object CMakeFiles/microxrcedds_client.dir/src/c/core/session/stream/input_reliable_stream.c.o[0m
[34.126s] /usr/bin/arm-linux-gnueabihf-gcc  -I/home/ubuntu/ROS2/microros_ws/firmware/mcu_ws/eProsima/Micro-XRCE-DDS-Client/include -I/home/ubuntu/ROS2/microros_ws/firmware/mcu_ws/build/microxrcedds_client/include -I/home/ubuntu/ROS2/microros_ws/firmware/mcu_ws/eProsima/Micro-XRCE-DDS-Client/src/c -isystem /home/ubuntu/ROS2/microros_ws/firmware/mcu_ws/install/include  -march=armv8-a -mfpu=neon-fp-armv8 -mfloat-abi=hard -O3 -DNDEBUG   -Wall -Wextra -Wshadow -pedantic -Wcast-align -Wunused -Wconversion -Wnull-dereference -Wduplicated-branches -Wduplicated-cond -Wrestrict -Wdouble-promotion -Wsign-conversion -fdata-sections -ffunction-sections -std=gnu99 -o CMakeFiles/microxrcedds_client.dir/src/c/core/session/stream/input_reliable_stream.c.o   -c /home/ubuntu/ROS2/microros_ws/firmware/mcu_ws/eProsima/Micro-XRCE-DDS-Client/src/c/core/session/stream/input_reliable_stream.c
[35.055s] [100%] [32m[1mLinking C static library libmicroxrcedds_client.a[0m
[35.059s] /usr/bin/cmake -P CMakeFiles/microxrcedds_client.dir/cmake_clean_target.cmake
[35.154s] /usr/bin/cmake -E cmake_link_script CMakeFiles/microxrcedds_client.dir/link.txt --verbose=1
[35.204s] /usr/bin/arm-linux-gnueabihf-ar qc libmicroxrcedds_client.a  CMakeFiles/microxrcedds_client.dir/src/c/core/session/stream/input_best_effort_stream.c.o CMakeFiles/microxrcedds_client.dir/src/c/core/session/stream/input_reliable_stream.c.o CMakeFiles/microxrcedds_client.dir/src/c/core/session/stream/output_best_effort_stream.c.o CMakeFiles/microxrcedds_client.dir/src/c/core/session/stream/output_reliable_stream.c.o CMakeFiles/microxrcedds_client.dir/src/c/core/session/stream/stream_storage.c.o CMakeFiles/microxrcedds_client.dir/src/c/core/session/stream/stream_id.c.o CMakeFiles/microxrcedds_client.dir/src/c/core/session/stream/seq_num.c.o CMakeFiles/microxrcedds_client.dir/src/c/core/session/session.c.o CMakeFiles/microxrcedds_client.dir/src/c/core/session/session_info.c.o CMakeFiles/microxrcedds_client.dir/src/c/core/session/submessage.c.o CMakeFiles/microxrcedds_client.dir/src/c/core/session/object_id.c.o CMakeFiles/microxrcedds_client.dir/src/c/core/serialization/xrce_types.c.o CMakeFiles/microxrcedds_client.dir/src/c/core/serialization/xrce_header.c.o CMakeFiles/microxrcedds_client.dir/src/c/core/serialization/xrce_subheader.c.o CMakeFiles/microxrcedds_client.dir/src/c/util/time.c.o CMakeFiles/microxrcedds_client.dir/src/c/util/ping.c.o CMakeFiles/microxrcedds_client.dir/src/c/core/session/common_create_entities.c.o CMakeFiles/microxrcedds_client.dir/src/c/core/session/create_entities_ref.c.o CMakeFiles/microxrcedds_client.dir/src/c/core/session/create_entities_xml.c.o CMakeFiles/microxrcedds_client.dir/src/c/core/session/create_entities_bin.c.o CMakeFiles/microxrcedds_client.dir/src/c/core/session/read_access.c.o CMakeFiles/microxrcedds_client.dir/src/c/core/session/write_access.c.o CMakeFiles/microxrcedds_client.dir/src/c/profile/transport/stream_framing/stream_framing_protocol.c.o CMakeFiles/microxrcedds_client.dir/src/c/profile/transport/custom/custom_transport.c.o
[35.477s] /usr/bin/arm-linux-gnueabihf-ranlib libmicroxrcedds_client.a
[35.578s] make[2]: Leaving directory '/home/ubuntu/ROS2/microros_ws/firmware/mcu_ws/build/microxrcedds_client'
[35.695s] [100%] Built target microxrcedds_client
[35.701s] make[1]: Leaving directory '/home/ubuntu/ROS2/microros_ws/firmware/mcu_ws/build/microxrcedds_client'
[35.703s] /usr/bin/cmake -E cmake_progress_start /home/ubuntu/ROS2/microros_ws/firmware/mcu_ws/build/microxrcedds_client/CMakeFiles 0
[35.972s] Invoked command in '/home/ubuntu/ROS2/microros_ws/firmware/mcu_ws/build/microxrcedds_client' returned '0': CMAKE_PREFIX_PATH=/home/ubuntu/ROS2/microros_ws/firmware/mcu_ws/install:${CMAKE_PREFIX_PATH} PYTHONPATH=/home/ubuntu/ROS2/microros_ws/firmware/mcu_ws/install/lib/python3.8/site-packages:${PYTHONPATH} /usr/bin/cmake --build /home/ubuntu/ROS2/microros_ws/firmware/mcu_ws/build/microxrcedds_client -- -j4 -l4
[37.587s] Invoking command in '/home/ubuntu/ROS2/microros_ws/firmware/mcu_ws/build/microxrcedds_client': CMAKE_PREFIX_PATH=/home/ubuntu/ROS2/microros_ws/firmware/mcu_ws/install:${CMAKE_PREFIX_PATH} PYTHONPATH=/home/ubuntu/ROS2/microros_ws/firmware/mcu_ws/install/lib/python3.8/site-packages:${PYTHONPATH} /usr/bin/cmake --install /home/ubuntu/ROS2/microros_ws/firmware/mcu_ws/build/microxrcedds_client
[37.681s] -- Install configuration: "Release"
[37.684s] -- Installing: /home/ubuntu/ROS2/microros_ws/firmware/mcu_ws/install/lib/libmicroxrcedds_client.a
[37.690s] -- Installing: /home/ubuntu/ROS2/microros_ws/firmware/mcu_ws/install/include/uxr/client
[37.692s] -- Installing: /home/ubuntu/ROS2/microros_ws/firmware/mcu_ws/install/include/uxr/client/util
[37.697s] -- Installing: /home/ubuntu/ROS2/microros_ws/firmware/mcu_ws/install/include/uxr/client/util/time.h
[37.699s] -- Installing: /home/ubuntu/ROS2/microros_ws/firmware/mcu_ws/install/include/uxr/client/util/ping.h
[37.707s] -- Installing: /home/ubuntu/ROS2/microros_ws/firmware/mcu_ws/install/include/uxr/client/defines.h
[37.708s] -- Installing: /home/ubuntu/ROS2/microros_ws/firmware/mcu_ws/install/include/uxr/client/core
[37.714s] -- Installing: /home/ubuntu/ROS2/microros_ws/firmware/mcu_ws/install/include/uxr/client/core/type
[37.715s] -- Installing: /home/ubuntu/ROS2/microros_ws/firmware/mcu_ws/install/include/uxr/client/core/type/xrce_types.h
[37.716s] -- Installing: /home/ubuntu/ROS2/microros_ws/firmware/mcu_ws/install/include/uxr/client/core/session
[37.721s] -- Installing: /home/ubuntu/ROS2/microros_ws/firmware/mcu_ws/install/include/uxr/client/core/session/session_info.h
[37.721s] -- Installing: /home/ubuntu/ROS2/microros_ws/firmware/mcu_ws/install/include/uxr/client/core/session/session.h
[37.722s] -- Installing: /home/ubuntu/ROS2/microros_ws/firmware/mcu_ws/install/include/uxr/client/core/session/create_entities_ref.h
[37.724s] -- Installing: /home/ubuntu/ROS2/microros_ws/firmware/mcu_ws/install/include/uxr/client/core/session/create_entities_bin.h
[37.727s] -- Installing: /home/ubuntu/ROS2/microros_ws/firmware/mcu_ws/install/include/uxr/client/core/session/time_sync.h
[37.729s] -- Installing: /home/ubuntu/ROS2/microros_ws/firmware/mcu_ws/install/include/uxr/client/core/session/stream
[37.729s] -- Installing: /home/ubuntu/ROS2/microros_ws/firmware/mcu_ws/install/include/uxr/client/core/session/stream/stream_id.h
[37.731s] -- Installing: /home/ubuntu/ROS2/microros_ws/firmware/mcu_ws/install/include/uxr/client/core/session/stream/seq_num.h
[37.733s] -- Installing: /home/ubuntu/ROS2/microros_ws/firmware/mcu_ws/install/include/uxr/client/core/session/stream/output_reliable_stream.h
[37.749s] -- Installing: /home/ubuntu/ROS2/microros_ws/firmware/mcu_ws/install/include/uxr/client/core/session/stream/input_reliable_stream.h
[37.751s] -- Installing: /home/ubuntu/ROS2/microros_ws/firmware/mcu_ws/install/include/uxr/client/core/session/stream/input_best_effort_stream.h
[37.752s] -- Installing: /home/ubuntu/ROS2/microros_ws/firmware/mcu_ws/install/include/uxr/client/core/session/stream/output_best_effort_stream.h
[37.753s] -- Installing: /home/ubuntu/ROS2/microros_ws/firmware/mcu_ws/install/include/uxr/client/core/session/stream/reliable_stream.h
[37.754s] -- Installing: /home/ubuntu/ROS2/microros_ws/firmware/mcu_ws/install/include/uxr/client/core/session/stream/stream_storage.h
[37.754s] -- Installing: /home/ubuntu/ROS2/microros_ws/firmware/mcu_ws/install/include/uxr/client/core/session/read_access.h
[37.760s] -- Installing: /home/ubuntu/ROS2/microros_ws/firmware/mcu_ws/install/include/uxr/client/core/session/object_id.h
[37.761s] -- Installing: /home/ubuntu/ROS2/microros_ws/firmware/mcu_ws/install/include/uxr/client/core/session/common_create_entities.h
[37.763s] -- Installing: /home/ubuntu/ROS2/microros_ws/firmware/mcu_ws/install/include/uxr/client/core/session/write_access.h
[37.765s] -- Installing: /home/ubuntu/ROS2/microros_ws/firmware/mcu_ws/install/include/uxr/client/core/session/create_entities_xml.h
[37.766s] -- Installing: /home/ubuntu/ROS2/microros_ws/firmware/mcu_ws/install/include/uxr/client/core/communication
[37.768s] -- Installing: /home/ubuntu/ROS2/microros_ws/firmware/mcu_ws/install/include/uxr/client/core/communication/communication.h
[37.769s] -- Installing: /home/ubuntu/ROS2/microros_ws/firmware/mcu_ws/install/include/uxr/client/transport.h
[37.772s] -- Installing: /home/ubuntu/ROS2/microros_ws/firmware/mcu_ws/install/include/uxr/client/profile
[37.773s] -- Installing: /home/ubuntu/ROS2/microros_ws/firmware/mcu_ws/install/include/uxr/client/profile/multithread
[37.774s] -- Installing: /home/ubuntu/ROS2/microros_ws/firmware/mcu_ws/install/include/uxr/client/profile/multithread/multithread.h
[37.777s] -- Installing: /home/ubuntu/ROS2/microros_ws/firmware/mcu_ws/install/include/uxr/client/profile/transport
[37.778s] -- Installing: /home/ubuntu/ROS2/microros_ws/firmware/mcu_ws/install/include/uxr/client/profile/transport/serial
[37.785s] -- Installing: /home/ubuntu/ROS2/microros_ws/firmware/mcu_ws/install/include/uxr/client/profile/transport/serial/serial_transport_platform.h
[37.788s] -- Installing: /home/ubuntu/ROS2/microros_ws/firmware/mcu_ws/install/include/uxr/client/profile/transport/serial/serial_transport_rtems_bsd_net.h
[37.797s] -- Installing: /home/ubuntu/ROS2/microros_ws/firmware/mcu_ws/install/include/uxr/client/profile/transport/serial/serial_transport_posix.h
[37.799s] -- Installing: /home/ubuntu/ROS2/microros_ws/firmware/mcu_ws/install/include/uxr/client/profile/transport/serial/serial_transport.h
[37.801s] -- Installing: /home/ubuntu/ROS2/microros_ws/firmware/mcu_ws/install/include/uxr/client/profile/transport/custom
[37.802s] -- Installing: /home/ubuntu/ROS2/microros_ws/firmware/mcu_ws/install/include/uxr/client/profile/transport/custom/custom_transport.h
[37.803s] -- Installing: /home/ubuntu/ROS2/microros_ws/firmware/mcu_ws/install/include/uxr/client/profile/transport/stream_framing
[37.804s] -- Installing: /home/ubuntu/ROS2/microros_ws/firmware/mcu_ws/install/include/uxr/client/profile/transport/stream_framing/stream_framing_protocol.h
[37.805s] -- Installing: /home/ubuntu/ROS2/microros_ws/firmware/mcu_ws/install/include/uxr/client/profile/transport/ip
[37.806s] -- Installing: /home/ubuntu/ROS2/microros_ws/firmware/mcu_ws/install/include/uxr/client/profile/transport/ip/tcp
[37.807s] -- Installing: /home/ubuntu/ROS2/microros_ws/firmware/mcu_ws/install/include/uxr/client/profile/transport/ip/tcp/tcp_transport.h
[37.810s] -- Installing: /home/ubuntu/ROS2/microros_ws/firmware/mcu_ws/install/include/uxr/client/profile/transport/ip/tcp/tcp_transport_freertos_plus_tcp.h
[37.814s] -- Installing: /home/ubuntu/ROS2/microros_ws/firmware/mcu_ws/install/include/uxr/client/profile/transport/ip/tcp/tcp_transport_rtems_bsd_net.h
[37.819s] -- Installing: /home/ubuntu/ROS2/microros_ws/firmware/mcu_ws/install/include/uxr/client/profile/transport/ip/tcp/tcp_transport_windows.h
[37.822s] -- Installing: /home/ubuntu/ROS2/microros_ws/firmware/mcu_ws/install/include/uxr/client/profile/transport/ip/tcp/tcp_transport_posix.h
[37.824s] -- Installing: /home/ubuntu/ROS2/microros_ws/firmware/mcu_ws/install/include/uxr/client/profile/transport/ip/tcp/tcp_transport_posix_nopoll.h
[37.826s] -- Installing: /home/ubuntu/ROS2/microros_ws/firmware/mcu_ws/install/include/uxr/client/profile/transport/ip/udp
[37.828s] -- Installing: /home/ubuntu/ROS2/microros_ws/firmware/mcu_ws/install/include/uxr/client/profile/transport/ip/udp/udp_transport_freertos_plus_tcp.h
[37.830s] -- Installing: /home/ubuntu/ROS2/microros_ws/firmware/mcu_ws/install/include/uxr/client/profile/transport/ip/udp/udp_transport_windows.h
[37.838s] -- Installing: /home/ubuntu/ROS2/microros_ws/firmware/mcu_ws/install/include/uxr/client/profile/transport/ip/udp/udp_transport.h
[37.842s] -- Installing: /home/ubuntu/ROS2/microros_ws/firmware/mcu_ws/install/include/uxr/client/profile/transport/ip/udp/udp_transport_posix_nopoll.h
[37.846s] -- Installing: /home/ubuntu/ROS2/microros_ws/firmware/mcu_ws/install/include/uxr/client/profile/transport/ip/udp/udp_transport_rtems_bsd_net.h
[37.855s] -- Installing: /home/ubuntu/ROS2/microros_ws/firmware/mcu_ws/install/include/uxr/client/profile/transport/ip/udp/udp_transport_posix.h
[37.855s] -- Installing: /home/ubuntu/ROS2/microros_ws/firmware/mcu_ws/install/include/uxr/client/profile/transport/ip/ip.h
[37.860s] -- Installing: /home/ubuntu/ROS2/microros_ws/firmware/mcu_ws/install/include/uxr/client/profile/transport/can
[37.861s] -- Installing: /home/ubuntu/ROS2/microros_ws/firmware/mcu_ws/install/include/uxr/client/profile/transport/can/can_transport.h
[37.863s] -- Installing: /home/ubuntu/ROS2/microros_ws/firmware/mcu_ws/install/include/uxr/client/profile/transport/can/can_transport_posix.h
[37.870s] -- Installing: /home/ubuntu/ROS2/microros_ws/firmware/mcu_ws/install/include/uxr/client/profile/discovery
[37.872s] -- Installing: /home/ubuntu/ROS2/microros_ws/firmware/mcu_ws/install/include/uxr/client/profile/discovery/discovery.h
[37.873s] -- Installing: /home/ubuntu/ROS2/microros_ws/firmware/mcu_ws/install/include/uxr/client/client.h
[37.876s] -- Installing: /home/ubuntu/ROS2/microros_ws/firmware/mcu_ws/install/include/uxr/client/visibility.h
[37.888s] -- Installing: /home/ubuntu/ROS2/microros_ws/firmware/mcu_ws/install/include/uxr/client/config.h
[37.899s] -- Installing: /home/ubuntu/ROS2/microros_ws/firmware/mcu_ws/install/share/microxrcedds_client/cmake/microxrcedds_clientTargets.cmake
[37.903s] -- Installing: /home/ubuntu/ROS2/microros_ws/firmware/mcu_ws/install/share/microxrcedds_client/cmake/microxrcedds_clientTargets-release.cmake
[37.915s] -- Installing: /home/ubuntu/ROS2/microros_ws/firmware/mcu_ws/install/share/microxrcedds_client/cmake/microxrcedds_clientConfig.cmake
[37.922s] -- Installing: /home/ubuntu/ROS2/microros_ws/firmware/mcu_ws/install/share/microxrcedds_client/cmake/microxrcedds_clientConfigVersion.cmake
[37.960s] Invoked command in '/home/ubuntu/ROS2/microros_ws/firmware/mcu_ws/build/microxrcedds_client' returned '0': CMAKE_PREFIX_PATH=/home/ubuntu/ROS2/microros_ws/firmware/mcu_ws/install:${CMAKE_PREFIX_PATH} PYTHONPATH=/home/ubuntu/ROS2/microros_ws/firmware/mcu_ws/install/lib/python3.8/site-packages:${PYTHONPATH} /usr/bin/cmake --install /home/ubuntu/ROS2/microros_ws/firmware/mcu_ws/build/microxrcedds_client
