[0.159s] Invoking command in '/home/ubuntu/ROS2/microros_ws/firmware/mcu_ws/build/libyaml_vendor': CMAKE_PREFIX_PATH=${CMAKE_PREFIX_PATH}:/home/ubuntu/ROS2/microros_ws/firmware/dev_ws/install/ament_uncrustify:/home/ubuntu/ROS2/microros_ws/firmware/dev_ws/install/domain_coordinator:/home/ubuntu/ROS2/microros_ws/firmware/dev_ws/install/ament_xmllint:/home/ubuntu/ROS2/microros_ws/firmware/dev_ws/install/ament_pyflakes:/home/ubuntu/ROS2/microros_ws/firmware/dev_ws/install/ament_pycodestyle:/home/ubuntu/ROS2/microros_ws/firmware/dev_ws/install/ament_pep257:/home/ubuntu/ROS2/microros_ws/firmware/dev_ws/install/ament_pclint:/home/ubuntu/ROS2/microros_ws/firmware/dev_ws/install/ament_package:/home/ubuntu/ROS2/microros_ws/firmware/dev_ws/install/ament_mypy:/home/ubuntu/ROS2/microros_ws/firmware/dev_ws/install/ament_lint_cmake:/home/ubuntu/ROS2/microros_ws/firmware/dev_ws/install/ament_flake8:/home/ubuntu/ROS2/microros_ws/firmware/dev_ws/install/ament_copyright:/home/ubuntu/ROS2/microros_ws/firmware/dev_ws/install/ament_lint:/home/ubuntu/ROS2/microros_ws/firmware/dev_ws/install/ament_index_python:/home/ubuntu/ROS2/microros_ws/firmware/dev_ws/install/ament_cpplint:/home/ubuntu/ROS2/microros_ws/firmware/dev_ws/install/ament_cppcheck:/home/ubuntu/ROS2/microros_ws/firmware/dev_ws/install/ament_clang_tidy:/home/ubuntu/ROS2/microros_ws/firmware/dev_ws/install/ament_clang_format /usr/bin/cmake /home/ubuntu/ROS2/microros_ws/firmware/mcu_ws/ros2/libyaml_vendor --no-warn-unused-cli -DCMAKE_POSITION_INDEPENDENT_CODE:BOOL=OFF -DTHIRDPARTY=ON -DBUILD_SHARED_LIBS=OFF -DBUILD_TESTING=OFF -DCMAKE_BUILD_TYPE=Release -DCMAKE_TOOLCHAIN_FILE=/home/ubuntu/ROS2/microros_ws/my_custom_toolchain.cmake -DCMAKE_VERBOSE_MAKEFILE=ON -DCMAKE_INSTALL_PREFIX=/home/ubuntu/ROS2/microros_ws/firmware/mcu_ws/install
[0.271s] Not searching for unused variables given on the command line.
[1.312s] -- The C compiler identification is GNU 9.4.0
[2.593s] -- The CXX compiler identification is GNU 9.4.0
[2.796s] -- Check for working C compiler: /usr/bin/arm-linux-gnueabihf-gcc
[3.608s] -- Check for working C compiler: /usr/bin/arm-linux-gnueabihf-gcc -- works
[3.634s] -- Detecting C compiler ABI info
[4.575s] -- Detecting C compiler ABI info - done
[4.630s] -- Detecting C compile features
[4.635s] -- Detecting C compile features - done
[4.675s] -- Check for working CXX compiler: /usr/bin/arm-linux-gnueabihf-g++
[5.649s] -- Check for working CXX compiler: /usr/bin/arm-linux-gnueabihf-g++ -- works
[5.658s] -- Detecting CXX compiler ABI info
[6.988s] -- Detecting CXX compiler ABI info - done
[7.030s] -- Detecting CXX compile features
[7.033s] -- Detecting CXX compile features - done
[7.162s] -- Found ament_cmake: 0.9.12 (/home/ubuntu/ROS2/microros_ws/firmware/dev_ws/install/ament_cmake/share/ament_cmake/cmake)
[7.703s] -- Found PythonInterp: /usr/bin/python3 (found suitable version "3.8.10", minimum required is "3") 
[7.711s] -- Using PYTHON_EXECUTABLE: /usr/bin/python3
[12.511s] -- Configuring done
[12.549s] -- Generating done
[12.556s] -- Build files have been written to: /home/ubuntu/ROS2/microros_ws/firmware/mcu_ws/build/libyaml_vendor
[12.592s] Invoked command in '/home/ubuntu/ROS2/microros_ws/firmware/mcu_ws/build/libyaml_vendor' returned '0': CMAKE_PREFIX_PATH=${CMAKE_PREFIX_PATH}:/home/ubuntu/ROS2/microros_ws/firmware/dev_ws/install/ament_uncrustify:/home/ubuntu/ROS2/microros_ws/firmware/dev_ws/install/domain_coordinator:/home/ubuntu/ROS2/microros_ws/firmware/dev_ws/install/ament_xmllint:/home/ubuntu/ROS2/microros_ws/firmware/dev_ws/install/ament_pyflakes:/home/ubuntu/ROS2/microros_ws/firmware/dev_ws/install/ament_pycodestyle:/home/ubuntu/ROS2/microros_ws/firmware/dev_ws/install/ament_pep257:/home/ubuntu/ROS2/microros_ws/firmware/dev_ws/install/ament_pclint:/home/ubuntu/ROS2/microros_ws/firmware/dev_ws/install/ament_package:/home/ubuntu/ROS2/microros_ws/firmware/dev_ws/install/ament_mypy:/home/ubuntu/ROS2/microros_ws/firmware/dev_ws/install/ament_lint_cmake:/home/ubuntu/ROS2/microros_ws/firmware/dev_ws/install/ament_flake8:/home/ubuntu/ROS2/microros_ws/firmware/dev_ws/install/ament_copyright:/home/ubuntu/ROS2/microros_ws/firmware/dev_ws/install/ament_lint:/home/ubuntu/ROS2/microros_ws/firmware/dev_ws/install/ament_index_python:/home/ubuntu/ROS2/microros_ws/firmware/dev_ws/install/ament_cpplint:/home/ubuntu/ROS2/microros_ws/firmware/dev_ws/install/ament_cppcheck:/home/ubuntu/ROS2/microros_ws/firmware/dev_ws/install/ament_clang_tidy:/home/ubuntu/ROS2/microros_ws/firmware/dev_ws/install/ament_clang_format /usr/bin/cmake /home/ubuntu/ROS2/microros_ws/firmware/mcu_ws/ros2/libyaml_vendor --no-warn-unused-cli -DCMAKE_POSITION_INDEPENDENT_CODE:BOOL=OFF -DTHIRDPARTY=ON -DBUILD_SHARED_LIBS=OFF -DBUILD_TESTING=OFF -DCMAKE_BUILD_TYPE=Release -DCMAKE_TOOLCHAIN_FILE=/home/ubuntu/ROS2/microros_ws/my_custom_toolchain.cmake -DCMAKE_VERBOSE_MAKEFILE=ON -DCMAKE_INSTALL_PREFIX=/home/ubuntu/ROS2/microros_ws/firmware/mcu_ws/install
[12.603s] Invoking command in '/home/ubuntu/ROS2/microros_ws/firmware/mcu_ws/build/libyaml_vendor': CMAKE_PREFIX_PATH=${CMAKE_PREFIX_PATH}:/home/ubuntu/ROS2/microros_ws/firmware/dev_ws/install/ament_uncrustify:/home/ubuntu/ROS2/microros_ws/firmware/dev_ws/install/domain_coordinator:/home/ubuntu/ROS2/microros_ws/firmware/dev_ws/install/ament_xmllint:/home/ubuntu/ROS2/microros_ws/firmware/dev_ws/install/ament_pyflakes:/home/ubuntu/ROS2/microros_ws/firmware/dev_ws/install/ament_pycodestyle:/home/ubuntu/ROS2/microros_ws/firmware/dev_ws/install/ament_pep257:/home/ubuntu/ROS2/microros_ws/firmware/dev_ws/install/ament_pclint:/home/ubuntu/ROS2/microros_ws/firmware/dev_ws/install/ament_package:/home/ubuntu/ROS2/microros_ws/firmware/dev_ws/install/ament_mypy:/home/ubuntu/ROS2/microros_ws/firmware/dev_ws/install/ament_lint_cmake:/home/ubuntu/ROS2/microros_ws/firmware/dev_ws/install/ament_flake8:/home/ubuntu/ROS2/microros_ws/firmware/dev_ws/install/ament_copyright:/home/ubuntu/ROS2/microros_ws/firmware/dev_ws/install/ament_lint:/home/ubuntu/ROS2/microros_ws/firmware/dev_ws/install/ament_index_python:/home/ubuntu/ROS2/microros_ws/firmware/dev_ws/install/ament_cpplint:/home/ubuntu/ROS2/microros_ws/firmware/dev_ws/install/ament_cppcheck:/home/ubuntu/ROS2/microros_ws/firmware/dev_ws/install/ament_clang_tidy:/home/ubuntu/ROS2/microros_ws/firmware/dev_ws/install/ament_clang_format /usr/bin/cmake --build /home/ubuntu/ROS2/microros_ws/firmware/mcu_ws/build/libyaml_vendor -- -j4 -l4
[12.767s] /usr/bin/cmake -S/home/ubuntu/ROS2/microros_ws/firmware/mcu_ws/ros2/libyaml_vendor -B/home/ubuntu/ROS2/microros_ws/firmware/mcu_ws/build/libyaml_vendor --check-build-system CMakeFiles/Makefile.cmake 0
[12.849s] /usr/bin/cmake -E cmake_progress_start /home/ubuntu/ROS2/microros_ws/firmware/mcu_ws/build/libyaml_vendor/CMakeFiles /home/ubuntu/ROS2/microros_ws/firmware/mcu_ws/build/libyaml_vendor/CMakeFiles/progress.marks
[12.914s] /usr/bin/make -f CMakeFiles/Makefile2 all
[12.925s] make[1]: Entering directory '/home/ubuntu/ROS2/microros_ws/firmware/mcu_ws/build/libyaml_vendor'
[12.925s] /usr/bin/make -f CMakeFiles/libyaml-10c9078.dir/build.make CMakeFiles/libyaml-10c9078.dir/depend
[12.938s] make[2]: Entering directory '/home/ubuntu/ROS2/microros_ws/firmware/mcu_ws/build/libyaml_vendor'
[12.940s] cd /home/ubuntu/ROS2/microros_ws/firmware/mcu_ws/build/libyaml_vendor && /usr/bin/cmake -E cmake_depends "Unix Makefiles" /home/ubuntu/ROS2/microros_ws/firmware/mcu_ws/ros2/libyaml_vendor /home/ubuntu/ROS2/microros_ws/firmware/mcu_ws/ros2/libyaml_vendor /home/ubuntu/ROS2/microros_ws/firmware/mcu_ws/build/libyaml_vendor /home/ubuntu/ROS2/microros_ws/firmware/mcu_ws/build/libyaml_vendor /home/ubuntu/ROS2/microros_ws/firmware/mcu_ws/build/libyaml_vendor/CMakeFiles/libyaml-10c9078.dir/DependInfo.cmake --color=
[13.020s] Dependee "/home/ubuntu/ROS2/microros_ws/firmware/mcu_ws/build/libyaml_vendor/CMakeFiles/libyaml-10c9078.dir/DependInfo.cmake" is newer than depender "/home/ubuntu/ROS2/microros_ws/firmware/mcu_ws/build/libyaml_vendor/CMakeFiles/libyaml-10c9078.dir/depend.internal".
[13.022s] Dependee "/home/ubuntu/ROS2/microros_ws/firmware/mcu_ws/build/libyaml_vendor/CMakeFiles/CMakeDirectoryInformation.cmake" is newer than depender "/home/ubuntu/ROS2/microros_ws/firmware/mcu_ws/build/libyaml_vendor/CMakeFiles/libyaml-10c9078.dir/depend.internal".
[13.022s] [35m[1mScanning dependencies of target libyaml-10c9078[0m
[13.025s] make[2]: Leaving directory '/home/ubuntu/ROS2/microros_ws/firmware/mcu_ws/build/libyaml_vendor'
[13.025s] /usr/bin/make -f CMakeFiles/libyaml-10c9078.dir/build.make CMakeFiles/libyaml-10c9078.dir/build
[13.079s] make[2]: Entering directory '/home/ubuntu/ROS2/microros_ws/firmware/mcu_ws/build/libyaml_vendor'
[13.171s] [ 12%] [34m[1mCreating directories for 'libyaml-10c9078'[0m
[13.175s] /usr/bin/cmake -E make_directory /home/ubuntu/ROS2/microros_ws/firmware/mcu_ws/build/libyaml_vendor/libyaml-10c9078-prefix/src/libyaml-10c9078
[13.222s] /usr/bin/cmake -E make_directory /home/ubuntu/ROS2/microros_ws/firmware/mcu_ws/build/libyaml_vendor/libyaml-10c9078-prefix/src/libyaml-10c9078-build
[13.322s] /usr/bin/cmake -E make_directory /home/ubuntu/ROS2/microros_ws/firmware/mcu_ws/build/libyaml_vendor/libyaml-10c9078-prefix
[13.512s] /usr/bin/cmake -E make_directory /home/ubuntu/ROS2/microros_ws/firmware/mcu_ws/build/libyaml_vendor/libyaml-10c9078-prefix/tmp
[13.762s] /usr/bin/cmake -E make_directory /home/ubuntu/ROS2/microros_ws/firmware/mcu_ws/build/libyaml_vendor/libyaml-10c9078-prefix/src/libyaml-10c9078-stamp
[13.855s] /usr/bin/cmake -E make_directory /home/ubuntu/ROS2/microros_ws/firmware/mcu_ws/build/libyaml_vendor/libyaml-10c9078-prefix/src
[13.944s] /usr/bin/cmake -E make_directory /home/ubuntu/ROS2/microros_ws/firmware/mcu_ws/build/libyaml_vendor/libyaml-10c9078-prefix/src/libyaml-10c9078-stamp
[14.046s] /usr/bin/cmake -E touch /home/ubuntu/ROS2/microros_ws/firmware/mcu_ws/build/libyaml_vendor/libyaml-10c9078-prefix/src/libyaml-10c9078-stamp/libyaml-10c9078-mkdir
[14.218s] [ 25%] [34m[1mPerforming download step (download, verify and extract) for 'libyaml-10c9078'[0m
[14.228s] cd /home/ubuntu/ROS2/microros_ws/firmware/mcu_ws/build/libyaml_vendor/libyaml-10c9078-prefix/src && /usr/bin/cmake -P /home/ubuntu/ROS2/microros_ws/firmware/mcu_ws/build/libyaml_vendor/libyaml-10c9078-prefix/src/libyaml-10c9078-stamp/download-libyaml-10c9078.cmake
[14.336s] -- Downloading...
[14.341s]    dst='/home/ubuntu/ROS2/microros_ws/firmware/mcu_ws/build/libyaml_vendor/libyaml-10c9078-prefix/src/10c907871f1ccd779c7fccf6b81a62762b5c4e7b.zip'
[14.342s]    timeout='60 seconds'
[14.343s] -- Using src='https://github.com/yaml/libyaml/archive/10c907871f1ccd779c7fccf6b81a62762b5c4e7b.zip'
[15.511s] -- verifying file...
[15.512s]        file='/home/ubuntu/ROS2/microros_ws/firmware/mcu_ws/build/libyaml_vendor/libyaml-10c9078-prefix/src/10c907871f1ccd779c7fccf6b81a62762b5c4e7b.zip'
[15.517s] -- Downloading... done
[15.537s] cd /home/ubuntu/ROS2/microros_ws/firmware/mcu_ws/build/libyaml_vendor/libyaml-10c9078-prefix/src && /usr/bin/cmake -P /home/ubuntu/ROS2/microros_ws/firmware/mcu_ws/build/libyaml_vendor/libyaml-10c9078-prefix/src/libyaml-10c9078-stamp/verify-libyaml-10c9078.cmake
[15.654s] cd /home/ubuntu/ROS2/microros_ws/firmware/mcu_ws/build/libyaml_vendor/libyaml-10c9078-prefix/src && /usr/bin/cmake -P /home/ubuntu/ROS2/microros_ws/firmware/mcu_ws/build/libyaml_vendor/libyaml-10c9078-prefix/src/libyaml-10c9078-stamp/extract-libyaml-10c9078.cmake
[15.729s] -- extracting...
[15.729s]      src='/home/ubuntu/ROS2/microros_ws/firmware/mcu_ws/build/libyaml_vendor/libyaml-10c9078-prefix/src/10c907871f1ccd779c7fccf6b81a62762b5c4e7b.zip'
[15.730s]      dst='/home/ubuntu/ROS2/microros_ws/firmware/mcu_ws/build/libyaml_vendor/libyaml-10c9078-prefix/src/libyaml-10c9078'
[15.733s] -- extracting... [tar xfz]
[15.911s] -- extracting... [analysis]
[15.912s] -- extracting... [rename]
[15.913s] -- extracting... [clean up]
[15.914s] -- extracting... done
[15.921s] cd /home/ubuntu/ROS2/microros_ws/firmware/mcu_ws/build/libyaml_vendor/libyaml-10c9078-prefix/src && /usr/bin/cmake -E touch /home/ubuntu/ROS2/microros_ws/firmware/mcu_ws/build/libyaml_vendor/libyaml-10c9078-prefix/src/libyaml-10c9078-stamp/libyaml-10c9078-download
[16.189s] [ 37%] [34m[1mNo patch step for 'libyaml-10c9078'[0m
[16.195s] /usr/bin/cmake -E echo_append
[16.269s] /usr/bin/cmake -E touch /home/ubuntu/ROS2/microros_ws/firmware/mcu_ws/build/libyaml_vendor/libyaml-10c9078-prefix/src/libyaml-10c9078-stamp/libyaml-10c9078-patch
[16.538s] [ 50%] [34m[1mNo update step for 'libyaml-10c9078'[0m
[16.562s] /usr/bin/cmake -E echo_append
[16.625s] /usr/bin/cmake -E touch /home/ubuntu/ROS2/microros_ws/firmware/mcu_ws/build/libyaml_vendor/libyaml-10c9078-prefix/src/libyaml-10c9078-stamp/libyaml-10c9078-update
[16.835s] [ 62%] [34m[1mPerforming configure step for 'libyaml-10c9078'[0m
[16.839s] cd /home/ubuntu/ROS2/microros_ws/firmware/mcu_ws/build/libyaml_vendor/libyaml-10c9078-prefix/src/libyaml-10c9078-build && /usr/bin/cmake -DCMAKE_INSTALL_PREFIX=/home/ubuntu/ROS2/microros_ws/firmware/mcu_ws/build/libyaml_vendor/libyaml_install -DCMAKE_BUILD_TYPE=Release -DBUILD_SHARED_LIBS=ON -DBUILD_TESTING=OFF "-DCMAKE_C_FLAGS=-march=armv8-a -mfpu=neon-fp-armv8 -mfloat-abi=hard" -DCMAKE_TOOLCHAIN_FILE=/home/ubuntu/ROS2/microros_ws/my_custom_toolchain.cmake "-GUnix Makefiles" /home/ubuntu/ROS2/microros_ws/firmware/mcu_ws/build/libyaml_vendor/libyaml-10c9078-prefix/src/libyaml-10c9078
[16.889s] Re-run cmake no build system arguments
[18.337s] -- The C compiler identification is GNU 9.4.0
[18.683s] -- Check for working C compiler: /usr/bin/arm-linux-gnueabihf-gcc
[19.573s] -- Check for working C compiler: /usr/bin/arm-linux-gnueabihf-gcc -- works
[19.593s] -- Detecting C compiler ABI info
[20.122s] -- Detecting C compiler ABI info - done
[20.211s] -- Detecting C compile features
[20.214s] -- Detecting C compile features - done
[20.284s] -- Configuring done
[20.365s] -- Generating done
[20.371s] -- Build files have been written to: /home/ubuntu/ROS2/microros_ws/firmware/mcu_ws/build/libyaml_vendor/libyaml-10c9078-prefix/src/libyaml-10c9078-build
[20.385s] cd /home/ubuntu/ROS2/microros_ws/firmware/mcu_ws/build/libyaml_vendor/libyaml-10c9078-prefix/src/libyaml-10c9078-build && /usr/bin/cmake -E touch /home/ubuntu/ROS2/microros_ws/firmware/mcu_ws/build/libyaml_vendor/libyaml-10c9078-prefix/src/libyaml-10c9078-stamp/libyaml-10c9078-configure
[20.542s] [ 75%] [34m[1mPerforming build step for 'libyaml-10c9078'[0m
[20.573s] cd /home/ubuntu/ROS2/microros_ws/firmware/mcu_ws/build/libyaml_vendor/libyaml-10c9078-prefix/src/libyaml-10c9078-build && /usr/bin/make
[20.577s] make[3]: Entering directory '/home/ubuntu/ROS2/microros_ws/firmware/mcu_ws/build/libyaml_vendor/libyaml-10c9078-prefix/src/libyaml-10c9078-build'
[20.578s] /usr/bin/cmake -S/home/ubuntu/ROS2/microros_ws/firmware/mcu_ws/build/libyaml_vendor/libyaml-10c9078-prefix/src/libyaml-10c9078 -B/home/ubuntu/ROS2/microros_ws/firmware/mcu_ws/build/libyaml_vendor/libyaml-10c9078-prefix/src/libyaml-10c9078-build --check-build-system CMakeFiles/Makefile.cmake 0
[20.623s] /usr/bin/cmake -E cmake_progress_start /home/ubuntu/ROS2/microros_ws/firmware/mcu_ws/build/libyaml_vendor/libyaml-10c9078-prefix/src/libyaml-10c9078-build/CMakeFiles /home/ubuntu/ROS2/microros_ws/firmware/mcu_ws/build/libyaml_vendor/libyaml-10c9078-prefix/src/libyaml-10c9078-build/CMakeFiles/progress.marks
[20.668s] /usr/bin/make -f CMakeFiles/Makefile2 all
[20.679s] make[4]: Entering directory '/home/ubuntu/ROS2/microros_ws/firmware/mcu_ws/build/libyaml_vendor/libyaml-10c9078-prefix/src/libyaml-10c9078-build'
[20.681s] /usr/bin/make -f CMakeFiles/yaml.dir/build.make CMakeFiles/yaml.dir/depend
[20.716s] make[5]: Entering directory '/home/ubuntu/ROS2/microros_ws/firmware/mcu_ws/build/libyaml_vendor/libyaml-10c9078-prefix/src/libyaml-10c9078-build'
[20.717s] cd /home/ubuntu/ROS2/microros_ws/firmware/mcu_ws/build/libyaml_vendor/libyaml-10c9078-prefix/src/libyaml-10c9078-build && /usr/bin/cmake -E cmake_depends "Unix Makefiles" /home/ubuntu/ROS2/microros_ws/firmware/mcu_ws/build/libyaml_vendor/libyaml-10c9078-prefix/src/libyaml-10c9078 /home/ubuntu/ROS2/microros_ws/firmware/mcu_ws/build/libyaml_vendor/libyaml-10c9078-prefix/src/libyaml-10c9078 /home/ubuntu/ROS2/microros_ws/firmware/mcu_ws/build/libyaml_vendor/libyaml-10c9078-prefix/src/libyaml-10c9078-build /home/ubuntu/ROS2/microros_ws/firmware/mcu_ws/build/libyaml_vendor/libyaml-10c9078-prefix/src/libyaml-10c9078-build /home/ubuntu/ROS2/microros_ws/firmware/mcu_ws/build/libyaml_vendor/libyaml-10c9078-prefix/src/libyaml-10c9078-build/CMakeFiles/yaml.dir/DependInfo.cmake --color=
[20.741s] Dependee "/home/ubuntu/ROS2/microros_ws/firmware/mcu_ws/build/libyaml_vendor/libyaml-10c9078-prefix/src/libyaml-10c9078-build/CMakeFiles/yaml.dir/DependInfo.cmake" is newer than depender "/home/ubuntu/ROS2/microros_ws/firmware/mcu_ws/build/libyaml_vendor/libyaml-10c9078-prefix/src/libyaml-10c9078-build/CMakeFiles/yaml.dir/depend.internal".
[20.742s] Dependee "/home/ubuntu/ROS2/microros_ws/firmware/mcu_ws/build/libyaml_vendor/libyaml-10c9078-prefix/src/libyaml-10c9078-build/CMakeFiles/CMakeDirectoryInformation.cmake" is newer than depender "/home/ubuntu/ROS2/microros_ws/firmware/mcu_ws/build/libyaml_vendor/libyaml-10c9078-prefix/src/libyaml-10c9078-build/CMakeFiles/yaml.dir/depend.internal".
[20.743s] [35m[1mScanning dependencies of target yaml[0m
[20.789s] make[5]: Leaving directory '/home/ubuntu/ROS2/microros_ws/firmware/mcu_ws/build/libyaml_vendor/libyaml-10c9078-prefix/src/libyaml-10c9078-build'
[20.791s] /usr/bin/make -f CMakeFiles/yaml.dir/build.make CMakeFiles/yaml.dir/build
[20.806s] make[5]: Entering directory '/home/ubuntu/ROS2/microros_ws/firmware/mcu_ws/build/libyaml_vendor/libyaml-10c9078-prefix/src/libyaml-10c9078-build'
[20.862s] [ 11%] [32mBuilding C object CMakeFiles/yaml.dir/src/api.c.o[0m
[20.866s] /usr/bin/arm-linux-gnueabihf-gcc -DHAVE_CONFIG_H -DYAML_DECLARE_EXPORT -I/home/ubuntu/ROS2/microros_ws/firmware/mcu_ws/build/libyaml_vendor/libyaml-10c9078-prefix/src/libyaml-10c9078/include -I/home/ubuntu/ROS2/microros_ws/firmware/mcu_ws/build/libyaml_vendor/libyaml-10c9078-prefix/src/libyaml-10c9078-build/include  -march=armv8-a -mfpu=neon-fp-armv8 -mfloat-abi=hard -O3 -DNDEBUG -fPIC   -o CMakeFiles/yaml.dir/src/api.c.o   -c /home/ubuntu/ROS2/microros_ws/firmware/mcu_ws/build/libyaml_vendor/libyaml-10c9078-prefix/src/libyaml-10c9078/src/api.c
[22.859s] [ 22%] [32mBuilding C object CMakeFiles/yaml.dir/src/loader.c.o[0m
[22.878s] /usr/bin/arm-linux-gnueabihf-gcc -DHAVE_CONFIG_H -DYAML_DECLARE_EXPORT -I/home/ubuntu/ROS2/microros_ws/firmware/mcu_ws/build/libyaml_vendor/libyaml-10c9078-prefix/src/libyaml-10c9078/include -I/home/ubuntu/ROS2/microros_ws/firmware/mcu_ws/build/libyaml_vendor/libyaml-10c9078-prefix/src/libyaml-10c9078-build/include  -march=armv8-a -mfpu=neon-fp-armv8 -mfloat-abi=hard -O3 -DNDEBUG -fPIC   -o CMakeFiles/yaml.dir/src/loader.c.o   -c /home/ubuntu/ROS2/microros_ws/firmware/mcu_ws/build/libyaml_vendor/libyaml-10c9078-prefix/src/libyaml-10c9078/src/loader.c
[23.608s] [ 33%] [32mBuilding C object CMakeFiles/yaml.dir/src/parser.c.o[0m
[23.612s] /usr/bin/arm-linux-gnueabihf-gcc -DHAVE_CONFIG_H -DYAML_DECLARE_EXPORT -I/home/ubuntu/ROS2/microros_ws/firmware/mcu_ws/build/libyaml_vendor/libyaml-10c9078-prefix/src/libyaml-10c9078/include -I/home/ubuntu/ROS2/microros_ws/firmware/mcu_ws/build/libyaml_vendor/libyaml-10c9078-prefix/src/libyaml-10c9078-build/include  -march=armv8-a -mfpu=neon-fp-armv8 -mfloat-abi=hard -O3 -DNDEBUG -fPIC   -o CMakeFiles/yaml.dir/src/parser.c.o   -c /home/ubuntu/ROS2/microros_ws/firmware/mcu_ws/build/libyaml_vendor/libyaml-10c9078-prefix/src/libyaml-10c9078/src/parser.c
[25.577s] [ 44%] [32mBuilding C object CMakeFiles/yaml.dir/src/reader.c.o[0m
[25.580s] /usr/bin/arm-linux-gnueabihf-gcc -DHAVE_CONFIG_H -DYAML_DECLARE_EXPORT -I/home/ubuntu/ROS2/microros_ws/firmware/mcu_ws/build/libyaml_vendor/libyaml-10c9078-prefix/src/libyaml-10c9078/include -I/home/ubuntu/ROS2/microros_ws/firmware/mcu_ws/build/libyaml_vendor/libyaml-10c9078-prefix/src/libyaml-10c9078-build/include  -march=armv8-a -mfpu=neon-fp-armv8 -mfloat-abi=hard -O3 -DNDEBUG -fPIC   -o CMakeFiles/yaml.dir/src/reader.c.o   -c /home/ubuntu/ROS2/microros_ws/firmware/mcu_ws/build/libyaml_vendor/libyaml-10c9078-prefix/src/libyaml-10c9078/src/reader.c
[26.918s] [ 55%] [32mBuilding C object CMakeFiles/yaml.dir/src/scanner.c.o[0m
[26.931s] /usr/bin/arm-linux-gnueabihf-gcc -DHAVE_CONFIG_H -DYAML_DECLARE_EXPORT -I/home/ubuntu/ROS2/microros_ws/firmware/mcu_ws/build/libyaml_vendor/libyaml-10c9078-prefix/src/libyaml-10c9078/include -I/home/ubuntu/ROS2/microros_ws/firmware/mcu_ws/build/libyaml_vendor/libyaml-10c9078-prefix/src/libyaml-10c9078-build/include  -march=armv8-a -mfpu=neon-fp-armv8 -mfloat-abi=hard -O3 -DNDEBUG -fPIC   -o CMakeFiles/yaml.dir/src/scanner.c.o   -c /home/ubuntu/ROS2/microros_ws/firmware/mcu_ws/build/libyaml_vendor/libyaml-10c9078-prefix/src/libyaml-10c9078/src/scanner.c
[37.255s] [ 66%] [32mBuilding C object CMakeFiles/yaml.dir/src/writer.c.o[0m
[37.261s] /usr/bin/arm-linux-gnueabihf-gcc -DHAVE_CONFIG_H -DYAML_DECLARE_EXPORT -I/home/ubuntu/ROS2/microros_ws/firmware/mcu_ws/build/libyaml_vendor/libyaml-10c9078-prefix/src/libyaml-10c9078/include -I/home/ubuntu/ROS2/microros_ws/firmware/mcu_ws/build/libyaml_vendor/libyaml-10c9078-prefix/src/libyaml-10c9078-build/include  -march=armv8-a -mfpu=neon-fp-armv8 -mfloat-abi=hard -O3 -DNDEBUG -fPIC   -o CMakeFiles/yaml.dir/src/writer.c.o   -c /home/ubuntu/ROS2/microros_ws/firmware/mcu_ws/build/libyaml_vendor/libyaml-10c9078-prefix/src/libyaml-10c9078/src/writer.c
[37.690s] [ 77%] [32mBuilding C object CMakeFiles/yaml.dir/src/emitter.c.o[0m
[37.693s] /usr/bin/arm-linux-gnueabihf-gcc -DHAVE_CONFIG_H -DYAML_DECLARE_EXPORT -I/home/ubuntu/ROS2/microros_ws/firmware/mcu_ws/build/libyaml_vendor/libyaml-10c9078-prefix/src/libyaml-10c9078/include -I/home/ubuntu/ROS2/microros_ws/firmware/mcu_ws/build/libyaml_vendor/libyaml-10c9078-prefix/src/libyaml-10c9078-build/include  -march=armv8-a -mfpu=neon-fp-armv8 -mfloat-abi=hard -O3 -DNDEBUG -fPIC   -o CMakeFiles/yaml.dir/src/emitter.c.o   -c /home/ubuntu/ROS2/microros_ws/firmware/mcu_ws/build/libyaml_vendor/libyaml-10c9078-prefix/src/libyaml-10c9078/src/emitter.c
[43.327s] [ 88%] [32mBuilding C object CMakeFiles/yaml.dir/src/dumper.c.o[0m
[43.334s] /usr/bin/arm-linux-gnueabihf-gcc -DHAVE_CONFIG_H -DYAML_DECLARE_EXPORT -I/home/ubuntu/ROS2/microros_ws/firmware/mcu_ws/build/libyaml_vendor/libyaml-10c9078-prefix/src/libyaml-10c9078/include -I/home/ubuntu/ROS2/microros_ws/firmware/mcu_ws/build/libyaml_vendor/libyaml-10c9078-prefix/src/libyaml-10c9078-build/include  -march=armv8-a -mfpu=neon-fp-armv8 -mfloat-abi=hard -O3 -DNDEBUG -fPIC   -o CMakeFiles/yaml.dir/src/dumper.c.o   -c /home/ubuntu/ROS2/microros_ws/firmware/mcu_ws/build/libyaml_vendor/libyaml-10c9078-prefix/src/libyaml-10c9078/src/dumper.c
[43.998s] [100%] [32m[1mLinking C shared library libyaml.so[0m
[44.001s] /usr/bin/cmake -E cmake_link_script CMakeFiles/yaml.dir/link.txt --verbose=1
[44.046s] /usr/bin/arm-linux-gnueabihf-gcc -fPIC -march=armv8-a -mfpu=neon-fp-armv8 -mfloat-abi=hard -O3 -DNDEBUG  -shared -Wl,-soname,libyaml.so -o libyaml.so CMakeFiles/yaml.dir/src/api.c.o CMakeFiles/yaml.dir/src/dumper.c.o CMakeFiles/yaml.dir/src/emitter.c.o CMakeFiles/yaml.dir/src/loader.c.o CMakeFiles/yaml.dir/src/parser.c.o CMakeFiles/yaml.dir/src/reader.c.o CMakeFiles/yaml.dir/src/scanner.c.o CMakeFiles/yaml.dir/src/writer.c.o 
[44.219s] make[5]: Leaving directory '/home/ubuntu/ROS2/microros_ws/firmware/mcu_ws/build/libyaml_vendor/libyaml-10c9078-prefix/src/libyaml-10c9078-build'
[44.282s] [100%] Built target yaml
[44.287s] make[4]: Leaving directory '/home/ubuntu/ROS2/microros_ws/firmware/mcu_ws/build/libyaml_vendor/libyaml-10c9078-prefix/src/libyaml-10c9078-build'
[44.289s] /usr/bin/cmake -E cmake_progress_start /home/ubuntu/ROS2/microros_ws/firmware/mcu_ws/build/libyaml_vendor/libyaml-10c9078-prefix/src/libyaml-10c9078-build/CMakeFiles 0
[44.334s] make[3]: Leaving directory '/home/ubuntu/ROS2/microros_ws/firmware/mcu_ws/build/libyaml_vendor/libyaml-10c9078-prefix/src/libyaml-10c9078-build'
[44.336s] cd /home/ubuntu/ROS2/microros_ws/firmware/mcu_ws/build/libyaml_vendor/libyaml-10c9078-prefix/src/libyaml-10c9078-build && /usr/bin/cmake -E touch /home/ubuntu/ROS2/microros_ws/firmware/mcu_ws/build/libyaml_vendor/libyaml-10c9078-prefix/src/libyaml-10c9078-stamp/libyaml-10c9078-build
[44.459s] [ 87%] [34m[1mPerforming install step for 'libyaml-10c9078'[0m
[44.463s] cd /home/ubuntu/ROS2/microros_ws/firmware/mcu_ws/build/libyaml_vendor/libyaml-10c9078-prefix/src/libyaml-10c9078-build && /usr/bin/make install
[44.495s] make[3]: Entering directory '/home/ubuntu/ROS2/microros_ws/firmware/mcu_ws/build/libyaml_vendor/libyaml-10c9078-prefix/src/libyaml-10c9078-build'
[44.497s] /usr/bin/cmake -S/home/ubuntu/ROS2/microros_ws/firmware/mcu_ws/build/libyaml_vendor/libyaml-10c9078-prefix/src/libyaml-10c9078 -B/home/ubuntu/ROS2/microros_ws/firmware/mcu_ws/build/libyaml_vendor/libyaml-10c9078-prefix/src/libyaml-10c9078-build --check-build-system CMakeFiles/Makefile.cmake 0
[44.592s] /usr/bin/cmake -E cmake_progress_start /home/ubuntu/ROS2/microros_ws/firmware/mcu_ws/build/libyaml_vendor/libyaml-10c9078-prefix/src/libyaml-10c9078-build/CMakeFiles /home/ubuntu/ROS2/microros_ws/firmware/mcu_ws/build/libyaml_vendor/libyaml-10c9078-prefix/src/libyaml-10c9078-build/CMakeFiles/progress.marks
[44.644s] /usr/bin/make -f CMakeFiles/Makefile2 all
[44.658s] make[4]: Entering directory '/home/ubuntu/ROS2/microros_ws/firmware/mcu_ws/build/libyaml_vendor/libyaml-10c9078-prefix/src/libyaml-10c9078-build'
[44.661s] /usr/bin/make -f CMakeFiles/yaml.dir/build.make CMakeFiles/yaml.dir/depend
[44.683s] make[5]: Entering directory '/home/ubuntu/ROS2/microros_ws/firmware/mcu_ws/build/libyaml_vendor/libyaml-10c9078-prefix/src/libyaml-10c9078-build'
[44.690s] cd /home/ubuntu/ROS2/microros_ws/firmware/mcu_ws/build/libyaml_vendor/libyaml-10c9078-prefix/src/libyaml-10c9078-build && /usr/bin/cmake -E cmake_depends "Unix Makefiles" /home/ubuntu/ROS2/microros_ws/firmware/mcu_ws/build/libyaml_vendor/libyaml-10c9078-prefix/src/libyaml-10c9078 /home/ubuntu/ROS2/microros_ws/firmware/mcu_ws/build/libyaml_vendor/libyaml-10c9078-prefix/src/libyaml-10c9078 /home/ubuntu/ROS2/microros_ws/firmware/mcu_ws/build/libyaml_vendor/libyaml-10c9078-prefix/src/libyaml-10c9078-build /home/ubuntu/ROS2/microros_ws/firmware/mcu_ws/build/libyaml_vendor/libyaml-10c9078-prefix/src/libyaml-10c9078-build /home/ubuntu/ROS2/microros_ws/firmware/mcu_ws/build/libyaml_vendor/libyaml-10c9078-prefix/src/libyaml-10c9078-build/CMakeFiles/yaml.dir/DependInfo.cmake --color=
[44.762s] make[5]: Leaving directory '/home/ubuntu/ROS2/microros_ws/firmware/mcu_ws/build/libyaml_vendor/libyaml-10c9078-prefix/src/libyaml-10c9078-build'
[44.764s] /usr/bin/make -f CMakeFiles/yaml.dir/build.make CMakeFiles/yaml.dir/build
[44.776s] make[5]: Entering directory '/home/ubuntu/ROS2/microros_ws/firmware/mcu_ws/build/libyaml_vendor/libyaml-10c9078-prefix/src/libyaml-10c9078-build'
[44.777s] make[5]: Nothing to be done for 'CMakeFiles/yaml.dir/build'.
[44.778s] make[5]: Leaving directory '/home/ubuntu/ROS2/microros_ws/firmware/mcu_ws/build/libyaml_vendor/libyaml-10c9078-prefix/src/libyaml-10c9078-build'
[44.838s] [100%] Built target yaml
[44.841s] make[4]: Leaving directory '/home/ubuntu/ROS2/microros_ws/firmware/mcu_ws/build/libyaml_vendor/libyaml-10c9078-prefix/src/libyaml-10c9078-build'
[44.845s] /usr/bin/cmake -E cmake_progress_start /home/ubuntu/ROS2/microros_ws/firmware/mcu_ws/build/libyaml_vendor/libyaml-10c9078-prefix/src/libyaml-10c9078-build/CMakeFiles 0
[44.936s] /usr/bin/make -f CMakeFiles/Makefile2 preinstall
[44.950s] make[4]: Entering directory '/home/ubuntu/ROS2/microros_ws/firmware/mcu_ws/build/libyaml_vendor/libyaml-10c9078-prefix/src/libyaml-10c9078-build'
[44.951s] make[4]: Nothing to be done for 'preinstall'.
[44.952s] make[4]: Leaving directory '/home/ubuntu/ROS2/microros_ws/firmware/mcu_ws/build/libyaml_vendor/libyaml-10c9078-prefix/src/libyaml-10c9078-build'
[45.017s] [36mInstall the project...[0m
[45.020s] /usr/bin/cmake -P cmake_install.cmake
[45.064s] -- Install configuration: "Release"
[45.076s] -- Installing: /home/ubuntu/ROS2/microros_ws/firmware/mcu_ws/build/libyaml_vendor/libyaml_install/include/yaml.h
[45.095s] -- Installing: /home/ubuntu/ROS2/microros_ws/firmware/mcu_ws/build/libyaml_vendor/libyaml_install/include/config.h
[45.104s] -- Installing: /home/ubuntu/ROS2/microros_ws/firmware/mcu_ws/build/libyaml_vendor/libyaml_install/lib/libyaml.so
[45.108s] -- Installing: /home/ubuntu/ROS2/microros_ws/firmware/mcu_ws/build/libyaml_vendor/libyaml_install/cmake/yamlConfig.cmake
[45.110s] -- Installing: /home/ubuntu/ROS2/microros_ws/firmware/mcu_ws/build/libyaml_vendor/libyaml_install/cmake/yamlTargets.cmake
[45.120s] -- Installing: /home/ubuntu/ROS2/microros_ws/firmware/mcu_ws/build/libyaml_vendor/libyaml_install/cmake/yamlTargets-release.cmake
[45.133s] -- Installing: /home/ubuntu/ROS2/microros_ws/firmware/mcu_ws/build/libyaml_vendor/libyaml_install/cmake/yamlConfigVersion.cmake
[45.148s] make[3]: Leaving directory '/home/ubuntu/ROS2/microros_ws/firmware/mcu_ws/build/libyaml_vendor/libyaml-10c9078-prefix/src/libyaml-10c9078-build'
[45.151s] cd /home/ubuntu/ROS2/microros_ws/firmware/mcu_ws/build/libyaml_vendor/libyaml-10c9078-prefix/src/libyaml-10c9078-build && /usr/bin/cmake -E touch /home/ubuntu/ROS2/microros_ws/firmware/mcu_ws/build/libyaml_vendor/libyaml-10c9078-prefix/src/libyaml-10c9078-stamp/libyaml-10c9078-install
[45.326s] [100%] [34m[1mCompleted 'libyaml-10c9078'[0m
[45.330s] /usr/bin/cmake -E make_directory /home/ubuntu/ROS2/microros_ws/firmware/mcu_ws/build/libyaml_vendor/CMakeFiles
[45.393s] /usr/bin/cmake -E touch /home/ubuntu/ROS2/microros_ws/firmware/mcu_ws/build/libyaml_vendor/CMakeFiles/libyaml-10c9078-complete
[45.465s] /usr/bin/cmake -E touch /home/ubuntu/ROS2/microros_ws/firmware/mcu_ws/build/libyaml_vendor/libyaml-10c9078-prefix/src/libyaml-10c9078-stamp/libyaml-10c9078-done
[45.535s] make[2]: Leaving directory '/home/ubuntu/ROS2/microros_ws/firmware/mcu_ws/build/libyaml_vendor'
[45.617s] [100%] Built target libyaml-10c9078
[45.622s] make[1]: Leaving directory '/home/ubuntu/ROS2/microros_ws/firmware/mcu_ws/build/libyaml_vendor'
[45.623s] /usr/bin/cmake -E cmake_progress_start /home/ubuntu/ROS2/microros_ws/firmware/mcu_ws/build/libyaml_vendor/CMakeFiles 0
[45.733s] Invoked command in '/home/ubuntu/ROS2/microros_ws/firmware/mcu_ws/build/libyaml_vendor' returned '0': CMAKE_PREFIX_PATH=${CMAKE_PREFIX_PATH}:/home/ubuntu/ROS2/microros_ws/firmware/dev_ws/install/ament_uncrustify:/home/ubuntu/ROS2/microros_ws/firmware/dev_ws/install/domain_coordinator:/home/ubuntu/ROS2/microros_ws/firmware/dev_ws/install/ament_xmllint:/home/ubuntu/ROS2/microros_ws/firmware/dev_ws/install/ament_pyflakes:/home/ubuntu/ROS2/microros_ws/firmware/dev_ws/install/ament_pycodestyle:/home/ubuntu/ROS2/microros_ws/firmware/dev_ws/install/ament_pep257:/home/ubuntu/ROS2/microros_ws/firmware/dev_ws/install/ament_pclint:/home/ubuntu/ROS2/microros_ws/firmware/dev_ws/install/ament_package:/home/ubuntu/ROS2/microros_ws/firmware/dev_ws/install/ament_mypy:/home/ubuntu/ROS2/microros_ws/firmware/dev_ws/install/ament_lint_cmake:/home/ubuntu/ROS2/microros_ws/firmware/dev_ws/install/ament_flake8:/home/ubuntu/ROS2/microros_ws/firmware/dev_ws/install/ament_copyright:/home/ubuntu/ROS2/microros_ws/firmware/dev_ws/install/ament_lint:/home/ubuntu/ROS2/microros_ws/firmware/dev_ws/install/ament_index_python:/home/ubuntu/ROS2/microros_ws/firmware/dev_ws/install/ament_cpplint:/home/ubuntu/ROS2/microros_ws/firmware/dev_ws/install/ament_cppcheck:/home/ubuntu/ROS2/microros_ws/firmware/dev_ws/install/ament_clang_tidy:/home/ubuntu/ROS2/microros_ws/firmware/dev_ws/install/ament_clang_format /usr/bin/cmake --build /home/ubuntu/ROS2/microros_ws/firmware/mcu_ws/build/libyaml_vendor -- -j4 -l4
[46.123s] Invoking command in '/home/ubuntu/ROS2/microros_ws/firmware/mcu_ws/build/libyaml_vendor': CMAKE_PREFIX_PATH=${CMAKE_PREFIX_PATH}:/home/ubuntu/ROS2/microros_ws/firmware/dev_ws/install/ament_uncrustify:/home/ubuntu/ROS2/microros_ws/firmware/dev_ws/install/domain_coordinator:/home/ubuntu/ROS2/microros_ws/firmware/dev_ws/install/ament_xmllint:/home/ubuntu/ROS2/microros_ws/firmware/dev_ws/install/ament_pyflakes:/home/ubuntu/ROS2/microros_ws/firmware/dev_ws/install/ament_pycodestyle:/home/ubuntu/ROS2/microros_ws/firmware/dev_ws/install/ament_pep257:/home/ubuntu/ROS2/microros_ws/firmware/dev_ws/install/ament_pclint:/home/ubuntu/ROS2/microros_ws/firmware/dev_ws/install/ament_package:/home/ubuntu/ROS2/microros_ws/firmware/dev_ws/install/ament_mypy:/home/ubuntu/ROS2/microros_ws/firmware/dev_ws/install/ament_lint_cmake:/home/ubuntu/ROS2/microros_ws/firmware/dev_ws/install/ament_flake8:/home/ubuntu/ROS2/microros_ws/firmware/dev_ws/install/ament_copyright:/home/ubuntu/ROS2/microros_ws/firmware/dev_ws/install/ament_lint:/home/ubuntu/ROS2/microros_ws/firmware/dev_ws/install/ament_index_python:/home/ubuntu/ROS2/microros_ws/firmware/dev_ws/install/ament_cpplint:/home/ubuntu/ROS2/microros_ws/firmware/dev_ws/install/ament_cppcheck:/home/ubuntu/ROS2/microros_ws/firmware/dev_ws/install/ament_clang_tidy:/home/ubuntu/ROS2/microros_ws/firmware/dev_ws/install/ament_clang_format /usr/bin/cmake --install /home/ubuntu/ROS2/microros_ws/firmware/mcu_ws/build/libyaml_vendor
[46.167s] -- Install configuration: "Release"
[46.168s] -- Up-to-date: /home/ubuntu/ROS2/microros_ws/firmware/mcu_ws/install
[46.169s] -- Up-to-date: /home/ubuntu/ROS2/microros_ws/firmware/mcu_ws/install/include
[46.170s] -- Installing: /home/ubuntu/ROS2/microros_ws/firmware/mcu_ws/install/include/yaml.h
[46.171s] -- Installing: /home/ubuntu/ROS2/microros_ws/firmware/mcu_ws/install/cmake
[46.173s] -- Installing: /home/ubuntu/ROS2/microros_ws/firmware/mcu_ws/install/cmake/yamlTargets-release.cmake
[46.174s] -- Installing: /home/ubuntu/ROS2/microros_ws/firmware/mcu_ws/install/cmake/yamlTargets.cmake
[46.176s] -- Installing: /home/ubuntu/ROS2/microros_ws/firmware/mcu_ws/install/cmake/yamlConfigVersion.cmake
[46.187s] -- Installing: /home/ubuntu/ROS2/microros_ws/firmware/mcu_ws/install/cmake/yamlConfig.cmake
[46.188s] -- Up-to-date: /home/ubuntu/ROS2/microros_ws/firmware/mcu_ws/install/lib
[46.189s] -- Installing: /home/ubuntu/ROS2/microros_ws/firmware/mcu_ws/install/lib/libyaml.so
[46.190s] -- Installing: /home/ubuntu/ROS2/microros_ws/firmware/mcu_ws/install/share/libyaml_vendor/environment/library_path.sh
[46.209s] -- Installing: /home/ubuntu/ROS2/microros_ws/firmware/mcu_ws/install/share/libyaml_vendor/environment/library_path.dsv
[46.222s] -- Installing: /home/ubuntu/ROS2/microros_ws/firmware/mcu_ws/install/share/ament_index/resource_index/package_run_dependencies/libyaml_vendor
[46.227s] -- Installing: /home/ubuntu/ROS2/microros_ws/firmware/mcu_ws/install/share/ament_index/resource_index/parent_prefix_path/libyaml_vendor
[46.232s] -- Installing: /home/ubuntu/ROS2/microros_ws/firmware/mcu_ws/install/share/libyaml_vendor/environment/ament_prefix_path.sh
[46.234s] -- Installing: /home/ubuntu/ROS2/microros_ws/firmware/mcu_ws/install/share/libyaml_vendor/environment/ament_prefix_path.dsv
[46.237s] -- Installing: /home/ubuntu/ROS2/microros_ws/firmware/mcu_ws/install/share/libyaml_vendor/environment/path.sh
[46.238s] -- Installing: /home/ubuntu/ROS2/microros_ws/firmware/mcu_ws/install/share/libyaml_vendor/environment/path.dsv
[46.240s] -- Installing: /home/ubuntu/ROS2/microros_ws/firmware/mcu_ws/install/share/libyaml_vendor/local_setup.bash
[46.243s] -- Installing: /home/ubuntu/ROS2/microros_ws/firmware/mcu_ws/install/share/libyaml_vendor/local_setup.sh
[46.247s] -- Installing: /home/ubuntu/ROS2/microros_ws/firmware/mcu_ws/install/share/libyaml_vendor/local_setup.zsh
[46.250s] -- Installing: /home/ubuntu/ROS2/microros_ws/firmware/mcu_ws/install/share/libyaml_vendor/local_setup.dsv
[46.253s] -- Installing: /home/ubuntu/ROS2/microros_ws/firmware/mcu_ws/install/share/libyaml_vendor/package.dsv
[46.260s] -- Installing: /home/ubuntu/ROS2/microros_ws/firmware/mcu_ws/install/share/ament_index/resource_index/packages/libyaml_vendor
[46.275s] -- Installing: /home/ubuntu/ROS2/microros_ws/firmware/mcu_ws/install/share/libyaml_vendor/cmake/libyaml_vendor-extras.cmake
[46.284s] -- Installing: /home/ubuntu/ROS2/microros_ws/firmware/mcu_ws/install/share/libyaml_vendor/cmake/ament_cmake_export_libraries-extras.cmake
[46.289s] -- Installing: /home/ubuntu/ROS2/microros_ws/firmware/mcu_ws/install/share/libyaml_vendor/cmake/ament_cmake_export_dependencies-extras.cmake
[46.293s] -- Installing: /home/ubuntu/ROS2/microros_ws/firmware/mcu_ws/install/share/libyaml_vendor/cmake/libyaml_vendorConfig.cmake
[46.295s] -- Installing: /home/ubuntu/ROS2/microros_ws/firmware/mcu_ws/install/share/libyaml_vendor/cmake/libyaml_vendorConfig-version.cmake
[46.299s] -- Installing: /home/ubuntu/ROS2/microros_ws/firmware/mcu_ws/install/share/libyaml_vendor/package.xml
[46.311s] Invoked command in '/home/ubuntu/ROS2/microros_ws/firmware/mcu_ws/build/libyaml_vendor' returned '0': CMAKE_PREFIX_PATH=${CMAKE_PREFIX_PATH}:/home/ubuntu/ROS2/microros_ws/firmware/dev_ws/install/ament_uncrustify:/home/ubuntu/ROS2/microros_ws/firmware/dev_ws/install/domain_coordinator:/home/ubuntu/ROS2/microros_ws/firmware/dev_ws/install/ament_xmllint:/home/ubuntu/ROS2/microros_ws/firmware/dev_ws/install/ament_pyflakes:/home/ubuntu/ROS2/microros_ws/firmware/dev_ws/install/ament_pycodestyle:/home/ubuntu/ROS2/microros_ws/firmware/dev_ws/install/ament_pep257:/home/ubuntu/ROS2/microros_ws/firmware/dev_ws/install/ament_pclint:/home/ubuntu/ROS2/microros_ws/firmware/dev_ws/install/ament_package:/home/ubuntu/ROS2/microros_ws/firmware/dev_ws/install/ament_mypy:/home/ubuntu/ROS2/microros_ws/firmware/dev_ws/install/ament_lint_cmake:/home/ubuntu/ROS2/microros_ws/firmware/dev_ws/install/ament_flake8:/home/ubuntu/ROS2/microros_ws/firmware/dev_ws/install/ament_copyright:/home/ubuntu/ROS2/microros_ws/firmware/dev_ws/install/ament_lint:/home/ubuntu/ROS2/microros_ws/firmware/dev_ws/install/ament_index_python:/home/ubuntu/ROS2/microros_ws/firmware/dev_ws/install/ament_cpplint:/home/ubuntu/ROS2/microros_ws/firmware/dev_ws/install/ament_cppcheck:/home/ubuntu/ROS2/microros_ws/firmware/dev_ws/install/ament_clang_tidy:/home/ubuntu/ROS2/microros_ws/firmware/dev_ws/install/ament_clang_format /usr/bin/cmake --install /home/ubuntu/ROS2/microros_ws/firmware/mcu_ws/build/libyaml_vendor
