Not searching for unused variables given on the command line.
-- The C compiler identification is GNU 9.4.0
-- The CXX compiler identification is GNU 9.4.0
-- Check for working C compiler: /usr/bin/arm-linux-gnueabihf-gcc
-- Check for working C compiler: /usr/bin/arm-linux-gnueabihf-gcc -- works
-- Detecting C compiler ABI info
-- Detecting C compiler ABI info - done
-- Detecting C compile features
-- Detecting C compile features - done
-- Check for working CXX compiler: /usr/bin/arm-linux-gnueabihf-g++
-- Check for working CXX compiler: /usr/bin/arm-linux-gnueabihf-g++ -- works
-- Detecting CXX compiler ABI info
-- Detecting CXX compiler ABI info - done
-- Detecting CXX compile features
-- Detecting CXX compile features - done
-- Found ament_cmake_ros: 0.9.2 (/home/ubuntu/ROS2/microros_ws/firmware/dev_ws/install/ament_cmake_ros/share/ament_cmake_ros/cmake)
-- Found PythonInterp: /usr/bin/python3 (found suitable version "3.8.10", minimum required is "3") 
-- Using PYTHON_EXECUTABLE: /usr/bin/python3
-- Found rcutils: 1.1.5 (/home/ubuntu/ROS2/microros_ws/firmware/mcu_ws/install/share/rcutils/cmake)
-- Found rosidl_runtime_c: 1.3.1 (/home/ubuntu/ROS2/microros_ws/firmware/mcu_ws/install/share/rosidl_runtime_c/cmake)
-- Configuring done
-- Generating done
-- Build files have been written to: /home/ubuntu/ROS2/microros_ws/firmware/mcu_ws/build/rosidl_typesupport_c
/usr/bin/cmake -S/home/ubuntu/ROS2/microros_ws/firmware/mcu_ws/uros/rosidl_typesupport/rosidl_typesupport_c -B/home/ubuntu/ROS2/microros_ws/firmware/mcu_ws/build/rosidl_typesupport_c --check-build-system CMakeFiles/Makefile.cmake 0
/usr/bin/cmake -E cmake_progress_start /home/ubuntu/ROS2/microros_ws/firmware/mcu_ws/build/rosidl_typesupport_c/CMakeFiles /home/ubuntu/ROS2/microros_ws/firmware/mcu_ws/build/rosidl_typesupport_c/CMakeFiles/progress.marks
/usr/bin/make -f CMakeFiles/Makefile2 all
make[1]: Entering directory '/home/ubuntu/ROS2/microros_ws/firmware/mcu_ws/build/rosidl_typesupport_c'
/usr/bin/make -f CMakeFiles/rosidl_typesupport_c.dir/build.make CMakeFiles/rosidl_typesupport_c.dir/depend
make[2]: Entering directory '/home/ubuntu/ROS2/microros_ws/firmware/mcu_ws/build/rosidl_typesupport_c'
cd /home/ubuntu/ROS2/microros_ws/firmware/mcu_ws/build/rosidl_typesupport_c && /usr/bin/cmake -E cmake_depends "Unix Makefiles" /home/ubuntu/ROS2/microros_ws/firmware/mcu_ws/uros/rosidl_typesupport/rosidl_typesupport_c /home/ubuntu/ROS2/microros_ws/firmware/mcu_ws/uros/rosidl_typesupport/rosidl_typesupport_c /home/ubuntu/ROS2/microros_ws/firmware/mcu_ws/build/rosidl_typesupport_c /home/ubuntu/ROS2/microros_ws/firmware/mcu_ws/build/rosidl_typesupport_c /home/ubuntu/ROS2/microros_ws/firmware/mcu_ws/build/rosidl_typesupport_c/CMakeFiles/rosidl_typesupport_c.dir/DependInfo.cmake --color=
Dependee "/home/ubuntu/ROS2/microros_ws/firmware/mcu_ws/build/rosidl_typesupport_c/CMakeFiles/rosidl_typesupport_c.dir/DependInfo.cmake" is newer than depender "/home/ubuntu/ROS2/microros_ws/firmware/mcu_ws/build/rosidl_typesupport_c/CMakeFiles/rosidl_typesupport_c.dir/depend.internal".
Dependee "/home/ubuntu/ROS2/microros_ws/firmware/mcu_ws/build/rosidl_typesupport_c/CMakeFiles/CMakeDirectoryInformation.cmake" is newer than depender "/home/ubuntu/ROS2/microros_ws/firmware/mcu_ws/build/rosidl_typesupport_c/CMakeFiles/rosidl_typesupport_c.dir/depend.internal".
[35m[1mScanning dependencies of target rosidl_typesupport_c[0m
make[2]: Leaving directory '/home/ubuntu/ROS2/microros_ws/firmware/mcu_ws/build/rosidl_typesupport_c'
/usr/bin/make -f CMakeFiles/rosidl_typesupport_c.dir/build.make CMakeFiles/rosidl_typesupport_c.dir/build
make[2]: Entering directory '/home/ubuntu/ROS2/microros_ws/firmware/mcu_ws/build/rosidl_typesupport_c'
[ 20%] [32mBuilding C object CMakeFiles/rosidl_typesupport_c.dir/src/identifier.c.o[0m
/usr/bin/arm-linux-gnueabihf-gcc -DROSIDL_TYPESUPPORT_SINGLE_TYPESUPPORT -DROS_PACKAGE_NAME=\"rosidl_typesupport_c\" -I/home/ubuntu/ROS2/microros_ws/firmware/mcu_ws/uros/rosidl_typesupport/rosidl_typesupport_c/include -isystem /home/ubuntu/ROS2/microros_ws/firmware/mcu_ws/install/include -isystem /home/ubuntu/ROS2/microros_ws/firmware/mcu_ws/install/share/tinydir_vendor/cmake/../../../include  -march=armv8-a -mfpu=neon-fp-armv8 -mfloat-abi=hard -O3 -DNDEBUG   -Wall -Wextra -Wpedantic -std=gnu11 -o CMakeFiles/rosidl_typesupport_c.dir/src/identifier.c.o   -c /home/ubuntu/ROS2/microros_ws/firmware/mcu_ws/uros/rosidl_typesupport/rosidl_typesupport_c/src/identifier.c
[ 40%] [32mBuilding CXX object CMakeFiles/rosidl_typesupport_c.dir/src/type_support_dispatch.cpp.o[0m
/usr/bin/arm-linux-gnueabihf-g++  -DROSIDL_TYPESUPPORT_SINGLE_TYPESUPPORT -DROS_PACKAGE_NAME=\"rosidl_typesupport_c\" -I/home/ubuntu/ROS2/microros_ws/firmware/mcu_ws/uros/rosidl_typesupport/rosidl_typesupport_c/include -isystem /home/ubuntu/ROS2/microros_ws/firmware/mcu_ws/install/include -isystem /home/ubuntu/ROS2/microros_ws/firmware/mcu_ws/install/share/tinydir_vendor/cmake/../../../include  -march=armv8-a -mfpu=neon-fp-armv8 -mfloat-abi=hard -O3 -DNDEBUG   -Wall -Wextra -Wpedantic -std=gnu++14 -o CMakeFiles/rosidl_typesupport_c.dir/src/type_support_dispatch.cpp.o -c /home/ubuntu/ROS2/microros_ws/firmware/mcu_ws/uros/rosidl_typesupport/rosidl_typesupport_c/src/type_support_dispatch.cpp
[ 60%] [32mBuilding CXX object CMakeFiles/rosidl_typesupport_c.dir/src/service_type_support_dispatch.cpp.o[0m
/usr/bin/arm-linux-gnueabihf-g++  -DROSIDL_TYPESUPPORT_SINGLE_TYPESUPPORT -DROS_PACKAGE_NAME=\"rosidl_typesupport_c\" -I/home/ubuntu/ROS2/microros_ws/firmware/mcu_ws/uros/rosidl_typesupport/rosidl_typesupport_c/include -isystem /home/ubuntu/ROS2/microros_ws/firmware/mcu_ws/install/include -isystem /home/ubuntu/ROS2/microros_ws/firmware/mcu_ws/install/share/tinydir_vendor/cmake/../../../include  -march=armv8-a -mfpu=neon-fp-armv8 -mfloat-abi=hard -O3 -DNDEBUG   -Wall -Wextra -Wpedantic -std=gnu++14 -o CMakeFiles/rosidl_typesupport_c.dir/src/service_type_support_dispatch.cpp.o -c /home/ubuntu/ROS2/microros_ws/firmware/mcu_ws/uros/rosidl_typesupport/rosidl_typesupport_c/src/service_type_support_dispatch.cpp
[ 80%] [32mBuilding CXX object CMakeFiles/rosidl_typesupport_c.dir/src/message_type_support_dispatch.cpp.o[0m
/usr/bin/arm-linux-gnueabihf-g++  -DROSIDL_TYPESUPPORT_SINGLE_TYPESUPPORT -DROS_PACKAGE_NAME=\"rosidl_typesupport_c\" -I/home/ubuntu/ROS2/microros_ws/firmware/mcu_ws/uros/rosidl_typesupport/rosidl_typesupport_c/include -isystem /home/ubuntu/ROS2/microros_ws/firmware/mcu_ws/install/include -isystem /home/ubuntu/ROS2/microros_ws/firmware/mcu_ws/install/share/tinydir_vendor/cmake/../../../include  -march=armv8-a -mfpu=neon-fp-armv8 -mfloat-abi=hard -O3 -DNDEBUG   -Wall -Wextra -Wpedantic -std=gnu++14 -o CMakeFiles/rosidl_typesupport_c.dir/src/message_type_support_dispatch.cpp.o -c /home/ubuntu/ROS2/microros_ws/firmware/mcu_ws/uros/rosidl_typesupport/rosidl_typesupport_c/src/message_type_support_dispatch.cpp
[100%] [32m[1mLinking CXX static library librosidl_typesupport_c.a[0m
/usr/bin/cmake -P CMakeFiles/rosidl_typesupport_c.dir/cmake_clean_target.cmake
/usr/bin/cmake -E cmake_link_script CMakeFiles/rosidl_typesupport_c.dir/link.txt --verbose=1
/usr/bin/arm-linux-gnueabihf-ar qc librosidl_typesupport_c.a  CMakeFiles/rosidl_typesupport_c.dir/src/identifier.c.o CMakeFiles/rosidl_typesupport_c.dir/src/message_type_support_dispatch.cpp.o CMakeFiles/rosidl_typesupport_c.dir/src/service_type_support_dispatch.cpp.o CMakeFiles/rosidl_typesupport_c.dir/src/type_support_dispatch.cpp.o
/usr/bin/arm-linux-gnueabihf-ranlib librosidl_typesupport_c.a
make[2]: Leaving directory '/home/ubuntu/ROS2/microros_ws/firmware/mcu_ws/build/rosidl_typesupport_c'
[100%] Built target rosidl_typesupport_c
make[1]: Leaving directory '/home/ubuntu/ROS2/microros_ws/firmware/mcu_ws/build/rosidl_typesupport_c'
/usr/bin/cmake -E cmake_progress_start /home/ubuntu/ROS2/microros_ws/firmware/mcu_ws/build/rosidl_typesupport_c/CMakeFiles 0
-- Install configuration: "Release"
-- Installing: /home/ubuntu/ROS2/microros_ws/firmware/mcu_ws/install/share/rosidl_typesupport_c/environment/pythonpath.sh
-- Installing: /home/ubuntu/ROS2/microros_ws/firmware/mcu_ws/install/share/rosidl_typesupport_c/environment/pythonpath.dsv
-- Installing: /home/ubuntu/ROS2/microros_ws/firmware/mcu_ws/install/lib/python3.8/site-packages/rosidl_typesupport_c
-- Installing: /home/ubuntu/ROS2/microros_ws/firmware/mcu_ws/install/lib/python3.8/site-packages/rosidl_typesupport_c/__init__.py
Listing '/home/ubuntu/ROS2/microros_ws/firmware/mcu_ws/install/lib/python3.8/site-packages/rosidl_typesupport_c'...
Compiling '/home/ubuntu/ROS2/microros_ws/firmware/mcu_ws/install/lib/python3.8/site-packages/rosidl_typesupport_c/__init__.py'...
-- Installing: /home/ubuntu/ROS2/microros_ws/firmware/mcu_ws/install/share/rosidl_typesupport_c/environment/library_path.sh
-- Installing: /home/ubuntu/ROS2/microros_ws/firmware/mcu_ws/install/share/rosidl_typesupport_c/environment/library_path.dsv
-- Installing: /home/ubuntu/ROS2/microros_ws/firmware/mcu_ws/install/share/ament_index/resource_index/rosidl_runtime_packages/rosidl_typesupport_c
-- Installing: /home/ubuntu/ROS2/microros_ws/firmware/mcu_ws/install/share/ament_index/resource_index/package_run_dependencies/rosidl_typesupport_c
-- Installing: /home/ubuntu/ROS2/microros_ws/firmware/mcu_ws/install/share/ament_index/resource_index/parent_prefix_path/rosidl_typesupport_c
-- Installing: /home/ubuntu/ROS2/microros_ws/firmware/mcu_ws/install/share/rosidl_typesupport_c/environment/ament_prefix_path.sh
-- Installing: /home/ubuntu/ROS2/microros_ws/firmware/mcu_ws/install/share/rosidl_typesupport_c/environment/ament_prefix_path.dsv
-- Installing: /home/ubuntu/ROS2/microros_ws/firmware/mcu_ws/install/share/rosidl_typesupport_c/environment/path.sh
-- Installing: /home/ubuntu/ROS2/microros_ws/firmware/mcu_ws/install/share/rosidl_typesupport_c/environment/path.dsv
-- Installing: /home/ubuntu/ROS2/microros_ws/firmware/mcu_ws/install/share/rosidl_typesupport_c/local_setup.bash
-- Installing: /home/ubuntu/ROS2/microros_ws/firmware/mcu_ws/install/share/rosidl_typesupport_c/local_setup.sh
-- Installing: /home/ubuntu/ROS2/microros_ws/firmware/mcu_ws/install/share/rosidl_typesupport_c/local_setup.zsh
-- Installing: /home/ubuntu/ROS2/microros_ws/firmware/mcu_ws/install/share/rosidl_typesupport_c/local_setup.dsv
-- Installing: /home/ubuntu/ROS2/microros_ws/firmware/mcu_ws/install/share/rosidl_typesupport_c/package.dsv
-- Installing: /home/ubuntu/ROS2/microros_ws/firmware/mcu_ws/install/share/ament_index/resource_index/packages/rosidl_typesupport_c
-- Installing: /home/ubuntu/ROS2/microros_ws/firmware/mcu_ws/install/share/rosidl_typesupport_c/cmake/rosidl_typesupport_cExport.cmake
-- Installing: /home/ubuntu/ROS2/microros_ws/firmware/mcu_ws/install/share/rosidl_typesupport_c/cmake/rosidl_typesupport_cExport-release.cmake
-- Installing: /home/ubuntu/ROS2/microros_ws/firmware/mcu_ws/install/share/rosidl_typesupport_c/cmake/rosidl_typesupport_c-extras.cmake
-- Installing: /home/ubuntu/ROS2/microros_ws/firmware/mcu_ws/install/share/rosidl_typesupport_c/cmake/ament_cmake_export_dependencies-extras.cmake
-- Installing: /home/ubuntu/ROS2/microros_ws/firmware/mcu_ws/install/share/rosidl_typesupport_c/cmake/ament_cmake_export_include_directories-extras.cmake
-- Installing: /home/ubuntu/ROS2/microros_ws/firmware/mcu_ws/install/share/rosidl_typesupport_c/cmake/ament_cmake_export_libraries-extras.cmake
-- Installing: /home/ubuntu/ROS2/microros_ws/firmware/mcu_ws/install/share/rosidl_typesupport_c/cmake/ament_cmake_export_targets-extras.cmake
-- Installing: /home/ubuntu/ROS2/microros_ws/firmware/mcu_ws/install/share/rosidl_typesupport_c/cmake/rosidl_typesupport_cConfig.cmake
-- Installing: /home/ubuntu/ROS2/microros_ws/firmware/mcu_ws/install/share/rosidl_typesupport_c/cmake/rosidl_typesupport_cConfig-version.cmake
-- Installing: /home/ubuntu/ROS2/microros_ws/firmware/mcu_ws/install/share/rosidl_typesupport_c/package.xml
-- Installing: /home/ubuntu/ROS2/microros_ws/firmware/mcu_ws/install/lib/rosidl_typesupport_c/rosidl_typesupport_c
-- Up-to-date: /home/ubuntu/ROS2/microros_ws/firmware/mcu_ws/install/share/rosidl_typesupport_c/cmake
-- Installing: /home/ubuntu/ROS2/microros_ws/firmware/mcu_ws/install/share/rosidl_typesupport_c/cmake/rosidl_typesupport_c_generate_interfaces.cmake
-- Installing: /home/ubuntu/ROS2/microros_ws/firmware/mcu_ws/install/share/rosidl_typesupport_c/cmake/get_used_typesupports.cmake
-- Installing: /home/ubuntu/ROS2/microros_ws/firmware/mcu_ws/install/share/rosidl_typesupport_c/resource
-- Installing: /home/ubuntu/ROS2/microros_ws/firmware/mcu_ws/install/share/rosidl_typesupport_c/resource/action__type_support.c.em
-- Installing: /home/ubuntu/ROS2/microros_ws/firmware/mcu_ws/install/share/rosidl_typesupport_c/resource/rosidl_typesupport_c__visibility_control.h.in
-- Installing: /home/ubuntu/ROS2/microros_ws/firmware/mcu_ws/install/share/rosidl_typesupport_c/resource/idl__type_support.cpp.em
-- Installing: /home/ubuntu/ROS2/microros_ws/firmware/mcu_ws/install/share/rosidl_typesupport_c/resource/msg__type_support.cpp.em
-- Installing: /home/ubuntu/ROS2/microros_ws/firmware/mcu_ws/install/share/rosidl_typesupport_c/resource/srv__type_support.cpp.em
-- Up-to-date: /home/ubuntu/ROS2/microros_ws/firmware/mcu_ws/install/include
-- Installing: /home/ubuntu/ROS2/microros_ws/firmware/mcu_ws/install/include/rosidl_typesupport_c
-- Installing: /home/ubuntu/ROS2/microros_ws/firmware/mcu_ws/install/include/rosidl_typesupport_c/message_type_support_dispatch.h
-- Installing: /home/ubuntu/ROS2/microros_ws/firmware/mcu_ws/install/include/rosidl_typesupport_c/type_support_map.h
-- Installing: /home/ubuntu/ROS2/microros_ws/firmware/mcu_ws/install/include/rosidl_typesupport_c/visibility_control.h
-- Installing: /home/ubuntu/ROS2/microros_ws/firmware/mcu_ws/install/include/rosidl_typesupport_c/service_type_support_dispatch.h
-- Installing: /home/ubuntu/ROS2/microros_ws/firmware/mcu_ws/install/include/rosidl_typesupport_c/identifier.h
-- Installing: /home/ubuntu/ROS2/microros_ws/firmware/mcu_ws/install/lib/librosidl_typesupport_c.a
