Not searching for unused variables given on the command line.
-- The C compiler identification is GNU 9.4.0
-- The CXX compiler identification is GNU 9.4.0
-- Check for working C compiler: /usr/bin/arm-linux-gnueabihf-gcc
-- Check for working C compiler: /usr/bin/arm-linux-gnueabihf-gcc -- works
-- Detecting C compiler ABI info
-- Detecting C compiler ABI info - done
-- Detecting C compile features
-- Detecting C compile features - done
-- Check for working CXX compiler: /usr/bin/arm-linux-gnueabihf-g++
-- Check for working CXX compiler: /usr/bin/arm-linux-gnueabihf-g++ -- works
-- Detecting CXX compiler ABI info
-- Detecting CXX compiler ABI info - done
-- Detecting CXX compile features
-- Detecting CXX compile features - done
-- Found ament_cmake_ros: 0.9.2 (/home/ubuntu/ROS2/microros_ws/firmware/dev_ws/install/ament_cmake_ros/share/ament_cmake_ros/cmake)
-- Found PythonInterp: /usr/bin/python3 (found suitable version "3.8.10", minimum required is "3") 
-- Using PYTHON_EXECUTABLE: /usr/bin/python3
-- Found rcl: 1.1.14 (/home/ubuntu/ROS2/microros_ws/firmware/mcu_ws/install/share/rcl/cmake)
-- Using single rosidl_typesupport_c: rosidl_typesupport_microxrcedds_c
-- Found rosidl_adapter: 1.3.1 (/home/ubuntu/ROS2/microros_ws/firmware/mcu_ws/install/share/rosidl_adapter/cmake)
-- Found rmw_implementation_cmake: 1.0.4 (/home/ubuntu/ROS2/microros_ws/firmware/mcu_ws/install/share/rmw_implementation_cmake/cmake)
-- Using RMW implementation 'rmw_microxrcedds'
-- Found rmw_microxrcedds: 1.1.0 (/home/ubuntu/ROS2/microros_ws/firmware/mcu_ws/install/share/rmw_microxrcedds/cmake)
-- Looking for pthread.h
-- Looking for pthread.h - found
-- Performing Test CMAKE_HAVE_LIBC_PTHREAD
-- Performing Test CMAKE_HAVE_LIBC_PTHREAD - Success
-- Found Threads: TRUE  
-- Found rcl version 1.1.14, which belongs to Foxy or later
-- Configuring done
-- Generating done
-- Build files have been written to: /home/ubuntu/ROS2/microros_ws/firmware/mcu_ws/build/rclc
/usr/bin/cmake -S/home/ubuntu/ROS2/microros_ws/firmware/mcu_ws/uros/rclc/rclc -B/home/ubuntu/ROS2/microros_ws/firmware/mcu_ws/build/rclc --check-build-system CMakeFiles/Makefile.cmake 0
/usr/bin/cmake -E cmake_progress_start /home/ubuntu/ROS2/microros_ws/firmware/mcu_ws/build/rclc/CMakeFiles /home/ubuntu/ROS2/microros_ws/firmware/mcu_ws/build/rclc/CMakeFiles/progress.marks
/usr/bin/make -f CMakeFiles/Makefile2 all
make[1]: Entering directory '/home/ubuntu/ROS2/microros_ws/firmware/mcu_ws/build/rclc'
/usr/bin/make -f CMakeFiles/rclc.dir/build.make CMakeFiles/rclc.dir/depend
make[2]: Entering directory '/home/ubuntu/ROS2/microros_ws/firmware/mcu_ws/build/rclc'
cd /home/ubuntu/ROS2/microros_ws/firmware/mcu_ws/build/rclc && /usr/bin/cmake -E cmake_depends "Unix Makefiles" /home/ubuntu/ROS2/microros_ws/firmware/mcu_ws/uros/rclc/rclc /home/ubuntu/ROS2/microros_ws/firmware/mcu_ws/uros/rclc/rclc /home/ubuntu/ROS2/microros_ws/firmware/mcu_ws/build/rclc /home/ubuntu/ROS2/microros_ws/firmware/mcu_ws/build/rclc /home/ubuntu/ROS2/microros_ws/firmware/mcu_ws/build/rclc/CMakeFiles/rclc.dir/DependInfo.cmake --color=
Dependee "/home/ubuntu/ROS2/microros_ws/firmware/mcu_ws/build/rclc/CMakeFiles/rclc.dir/DependInfo.cmake" is newer than depender "/home/ubuntu/ROS2/microros_ws/firmware/mcu_ws/build/rclc/CMakeFiles/rclc.dir/depend.internal".
Dependee "/home/ubuntu/ROS2/microros_ws/firmware/mcu_ws/build/rclc/CMakeFiles/CMakeDirectoryInformation.cmake" is newer than depender "/home/ubuntu/ROS2/microros_ws/firmware/mcu_ws/build/rclc/CMakeFiles/rclc.dir/depend.internal".
[35m[1mScanning dependencies of target rclc[0m
make[2]: Leaving directory '/home/ubuntu/ROS2/microros_ws/firmware/mcu_ws/build/rclc'
/usr/bin/make -f CMakeFiles/rclc.dir/build.make CMakeFiles/rclc.dir/build
make[2]: Entering directory '/home/ubuntu/ROS2/microros_ws/firmware/mcu_ws/build/rclc'
[  9%] [32mBuilding C object CMakeFiles/rclc.dir/src/rclc/init.c.o[0m
/usr/bin/arm-linux-gnueabihf-gcc -DRCLC_BUILDING_LIBRARY -DROS_PACKAGE_NAME=\"rclc\" -I/home/ubuntu/ROS2/microros_ws/firmware/mcu_ws/uros/rclc/rclc/include -I/home/ubuntu/ROS2/microros_ws/firmware/mcu_ws/uros/rclc/rclc/src -isystem /home/ubuntu/ROS2/microros_ws/firmware/mcu_ws/install/include -isystem /home/ubuntu/ROS2/microros_ws/firmware/mcu_ws/install/share/tinydir_vendor/cmake/../../../include  -march=armv8-a -mfpu=neon-fp-armv8 -mfloat-abi=hard -O3 -DNDEBUG   -Wall -Wextra -Wpedantic -std=gnu11 -o CMakeFiles/rclc.dir/src/rclc/init.c.o   -c /home/ubuntu/ROS2/microros_ws/firmware/mcu_ws/uros/rclc/rclc/src/rclc/init.c
[ 18%] [32mBuilding C object CMakeFiles/rclc.dir/src/rclc/client.c.o[0m
/usr/bin/arm-linux-gnueabihf-gcc -DRCLC_BUILDING_LIBRARY -DROS_PACKAGE_NAME=\"rclc\" -I/home/ubuntu/ROS2/microros_ws/firmware/mcu_ws/uros/rclc/rclc/include -I/home/ubuntu/ROS2/microros_ws/firmware/mcu_ws/uros/rclc/rclc/src -isystem /home/ubuntu/ROS2/microros_ws/firmware/mcu_ws/install/include -isystem /home/ubuntu/ROS2/microros_ws/firmware/mcu_ws/install/share/tinydir_vendor/cmake/../../../include  -march=armv8-a -mfpu=neon-fp-armv8 -mfloat-abi=hard -O3 -DNDEBUG   -Wall -Wextra -Wpedantic -std=gnu11 -o CMakeFiles/rclc.dir/src/rclc/client.c.o   -c /home/ubuntu/ROS2/microros_ws/firmware/mcu_ws/uros/rclc/rclc/src/rclc/client.c
[ 27%] [32mBuilding C object CMakeFiles/rclc.dir/src/rclc/service.c.o[0m
/usr/bin/arm-linux-gnueabihf-gcc -DRCLC_BUILDING_LIBRARY -DROS_PACKAGE_NAME=\"rclc\" -I/home/ubuntu/ROS2/microros_ws/firmware/mcu_ws/uros/rclc/rclc/include -I/home/ubuntu/ROS2/microros_ws/firmware/mcu_ws/uros/rclc/rclc/src -isystem /home/ubuntu/ROS2/microros_ws/firmware/mcu_ws/install/include -isystem /home/ubuntu/ROS2/microros_ws/firmware/mcu_ws/install/share/tinydir_vendor/cmake/../../../include  -march=armv8-a -mfpu=neon-fp-armv8 -mfloat-abi=hard -O3 -DNDEBUG   -Wall -Wextra -Wpedantic -std=gnu11 -o CMakeFiles/rclc.dir/src/rclc/service.c.o   -c /home/ubuntu/ROS2/microros_ws/firmware/mcu_ws/uros/rclc/rclc/src/rclc/service.c
[ 36%] [32mBuilding C object CMakeFiles/rclc.dir/src/rclc/timer.c.o[0m
/usr/bin/arm-linux-gnueabihf-gcc -DRCLC_BUILDING_LIBRARY -DROS_PACKAGE_NAME=\"rclc\" -I/home/ubuntu/ROS2/microros_ws/firmware/mcu_ws/uros/rclc/rclc/include -I/home/ubuntu/ROS2/microros_ws/firmware/mcu_ws/uros/rclc/rclc/src -isystem /home/ubuntu/ROS2/microros_ws/firmware/mcu_ws/install/include -isystem /home/ubuntu/ROS2/microros_ws/firmware/mcu_ws/install/share/tinydir_vendor/cmake/../../../include  -march=armv8-a -mfpu=neon-fp-armv8 -mfloat-abi=hard -O3 -DNDEBUG   -Wall -Wextra -Wpedantic -std=gnu11 -o CMakeFiles/rclc.dir/src/rclc/timer.c.o   -c /home/ubuntu/ROS2/microros_ws/firmware/mcu_ws/uros/rclc/rclc/src/rclc/timer.c
[ 45%] [32mBuilding C object CMakeFiles/rclc.dir/src/rclc/node.c.o[0m
/usr/bin/arm-linux-gnueabihf-gcc -DRCLC_BUILDING_LIBRARY -DROS_PACKAGE_NAME=\"rclc\" -I/home/ubuntu/ROS2/microros_ws/firmware/mcu_ws/uros/rclc/rclc/include -I/home/ubuntu/ROS2/microros_ws/firmware/mcu_ws/uros/rclc/rclc/src -isystem /home/ubuntu/ROS2/microros_ws/firmware/mcu_ws/install/include -isystem /home/ubuntu/ROS2/microros_ws/firmware/mcu_ws/install/share/tinydir_vendor/cmake/../../../include  -march=armv8-a -mfpu=neon-fp-armv8 -mfloat-abi=hard -O3 -DNDEBUG   -Wall -Wextra -Wpedantic -std=gnu11 -o CMakeFiles/rclc.dir/src/rclc/node.c.o   -c /home/ubuntu/ROS2/microros_ws/firmware/mcu_ws/uros/rclc/rclc/src/rclc/node.c
[ 54%] [32mBuilding C object CMakeFiles/rclc.dir/src/rclc/executor_handle.c.o[0m
/usr/bin/arm-linux-gnueabihf-gcc -DRCLC_BUILDING_LIBRARY -DROS_PACKAGE_NAME=\"rclc\" -I/home/ubuntu/ROS2/microros_ws/firmware/mcu_ws/uros/rclc/rclc/include -I/home/ubuntu/ROS2/microros_ws/firmware/mcu_ws/uros/rclc/rclc/src -isystem /home/ubuntu/ROS2/microros_ws/firmware/mcu_ws/install/include -isystem /home/ubuntu/ROS2/microros_ws/firmware/mcu_ws/install/share/tinydir_vendor/cmake/../../../include  -march=armv8-a -mfpu=neon-fp-armv8 -mfloat-abi=hard -O3 -DNDEBUG   -Wall -Wextra -Wpedantic -std=gnu11 -o CMakeFiles/rclc.dir/src/rclc/executor_handle.c.o   -c /home/ubuntu/ROS2/microros_ws/firmware/mcu_ws/uros/rclc/rclc/src/rclc/executor_handle.c
[01m[K/home/ubuntu/ROS2/microros_ws/firmware/mcu_ws/uros/rclc/rclc/src/rclc/executor_handle.c:[m[K In function ‘[01m[Krclc_executor_handle_print[m[K’:
[01m[K/home/ubuntu/ROS2/microros_ws/firmware/mcu_ws/uros/rclc/rclc/src/rclc/executor_handle.c:84:10:[m[K [01;35m[Kwarning: [m[Kvariable ‘[01m[KtypeName[m[K’ set but not used [[01;35m[K-Wunused-but-set-variable[m[K]
   84 |   char * [01;35m[KtypeName[m[K;
      |          [01;35m[K^~~~~~~~[m[K
[ 63%] [32mBuilding C object CMakeFiles/rclc.dir/src/rclc/executor.c.o[0m
/usr/bin/arm-linux-gnueabihf-gcc -DRCLC_BUILDING_LIBRARY -DROS_PACKAGE_NAME=\"rclc\" -I/home/ubuntu/ROS2/microros_ws/firmware/mcu_ws/uros/rclc/rclc/include -I/home/ubuntu/ROS2/microros_ws/firmware/mcu_ws/uros/rclc/rclc/src -isystem /home/ubuntu/ROS2/microros_ws/firmware/mcu_ws/install/include -isystem /home/ubuntu/ROS2/microros_ws/firmware/mcu_ws/install/share/tinydir_vendor/cmake/../../../include  -march=armv8-a -mfpu=neon-fp-armv8 -mfloat-abi=hard -O3 -DNDEBUG   -Wall -Wextra -Wpedantic -std=gnu11 -o CMakeFiles/rclc.dir/src/rclc/executor.c.o   -c /home/ubuntu/ROS2/microros_ws/firmware/mcu_ws/uros/rclc/rclc/src/rclc/executor.c
[ 72%] [32mBuilding C object CMakeFiles/rclc.dir/src/rclc/sleep.c.o[0m
/usr/bin/arm-linux-gnueabihf-gcc -DRCLC_BUILDING_LIBRARY -DROS_PACKAGE_NAME=\"rclc\" -I/home/ubuntu/ROS2/microros_ws/firmware/mcu_ws/uros/rclc/rclc/include -I/home/ubuntu/ROS2/microros_ws/firmware/mcu_ws/uros/rclc/rclc/src -isystem /home/ubuntu/ROS2/microros_ws/firmware/mcu_ws/install/include -isystem /home/ubuntu/ROS2/microros_ws/firmware/mcu_ws/install/share/tinydir_vendor/cmake/../../../include  -march=armv8-a -mfpu=neon-fp-armv8 -mfloat-abi=hard -O3 -DNDEBUG   -Wall -Wextra -Wpedantic -std=gnu11 -o CMakeFiles/rclc.dir/src/rclc/sleep.c.o   -c /home/ubuntu/ROS2/microros_ws/firmware/mcu_ws/uros/rclc/rclc/src/rclc/sleep.c
[ 81%] [32mBuilding C object CMakeFiles/rclc.dir/src/rclc/subscription.c.o[0m
/usr/bin/arm-linux-gnueabihf-gcc -DRCLC_BUILDING_LIBRARY -DROS_PACKAGE_NAME=\"rclc\" -I/home/ubuntu/ROS2/microros_ws/firmware/mcu_ws/uros/rclc/rclc/include -I/home/ubuntu/ROS2/microros_ws/firmware/mcu_ws/uros/rclc/rclc/src -isystem /home/ubuntu/ROS2/microros_ws/firmware/mcu_ws/install/include -isystem /home/ubuntu/ROS2/microros_ws/firmware/mcu_ws/install/share/tinydir_vendor/cmake/../../../include  -march=armv8-a -mfpu=neon-fp-armv8 -mfloat-abi=hard -O3 -DNDEBUG   -Wall -Wextra -Wpedantic -std=gnu11 -o CMakeFiles/rclc.dir/src/rclc/subscription.c.o   -c /home/ubuntu/ROS2/microros_ws/firmware/mcu_ws/uros/rclc/rclc/src/rclc/subscription.c
[ 90%] [32mBuilding C object CMakeFiles/rclc.dir/src/rclc/publisher.c.o[0m
/usr/bin/arm-linux-gnueabihf-gcc -DRCLC_BUILDING_LIBRARY -DROS_PACKAGE_NAME=\"rclc\" -I/home/ubuntu/ROS2/microros_ws/firmware/mcu_ws/uros/rclc/rclc/include -I/home/ubuntu/ROS2/microros_ws/firmware/mcu_ws/uros/rclc/rclc/src -isystem /home/ubuntu/ROS2/microros_ws/firmware/mcu_ws/install/include -isystem /home/ubuntu/ROS2/microros_ws/firmware/mcu_ws/install/share/tinydir_vendor/cmake/../../../include  -march=armv8-a -mfpu=neon-fp-armv8 -mfloat-abi=hard -O3 -DNDEBUG   -Wall -Wextra -Wpedantic -std=gnu11 -o CMakeFiles/rclc.dir/src/rclc/publisher.c.o   -c /home/ubuntu/ROS2/microros_ws/firmware/mcu_ws/uros/rclc/rclc/src/rclc/publisher.c
[100%] [32m[1mLinking CXX static library librclc.a[0m
/usr/bin/cmake -P CMakeFiles/rclc.dir/cmake_clean_target.cmake
/usr/bin/cmake -E cmake_link_script CMakeFiles/rclc.dir/link.txt --verbose=1
/usr/bin/arm-linux-gnueabihf-ar qc librclc.a  CMakeFiles/rclc.dir/src/rclc/init.c.o CMakeFiles/rclc.dir/src/rclc/publisher.c.o CMakeFiles/rclc.dir/src/rclc/subscription.c.o CMakeFiles/rclc.dir/src/rclc/client.c.o CMakeFiles/rclc.dir/src/rclc/service.c.o CMakeFiles/rclc.dir/src/rclc/timer.c.o CMakeFiles/rclc.dir/src/rclc/node.c.o CMakeFiles/rclc.dir/src/rclc/executor_handle.c.o CMakeFiles/rclc.dir/src/rclc/executor.c.o CMakeFiles/rclc.dir/src/rclc/sleep.c.o
/usr/bin/arm-linux-gnueabihf-ranlib librclc.a
make[2]: Leaving directory '/home/ubuntu/ROS2/microros_ws/firmware/mcu_ws/build/rclc'
[100%] Built target rclc
make[1]: Leaving directory '/home/ubuntu/ROS2/microros_ws/firmware/mcu_ws/build/rclc'
/usr/bin/cmake -E cmake_progress_start /home/ubuntu/ROS2/microros_ws/firmware/mcu_ws/build/rclc/CMakeFiles 0
-- Install configuration: "Release"
-- Installing: /home/ubuntu/ROS2/microros_ws/firmware/mcu_ws/install/lib/librclc.a
-- Up-to-date: /home/ubuntu/ROS2/microros_ws/firmware/mcu_ws/install/include
-- Installing: /home/ubuntu/ROS2/microros_ws/firmware/mcu_ws/install/include/rclc
-- Installing: /home/ubuntu/ROS2/microros_ws/firmware/mcu_ws/install/include/rclc/timer.h
-- Installing: /home/ubuntu/ROS2/microros_ws/firmware/mcu_ws/install/include/rclc/subscription.h
-- Installing: /home/ubuntu/ROS2/microros_ws/firmware/mcu_ws/install/include/rclc/service.h
-- Installing: /home/ubuntu/ROS2/microros_ws/firmware/mcu_ws/install/include/rclc/executor.h
-- Installing: /home/ubuntu/ROS2/microros_ws/firmware/mcu_ws/install/include/rclc/executor_handle.h
-- Installing: /home/ubuntu/ROS2/microros_ws/firmware/mcu_ws/install/include/rclc/sleep.h
-- Installing: /home/ubuntu/ROS2/microros_ws/firmware/mcu_ws/install/include/rclc/visibility_control.h
-- Installing: /home/ubuntu/ROS2/microros_ws/firmware/mcu_ws/install/include/rclc/init.h
-- Installing: /home/ubuntu/ROS2/microros_ws/firmware/mcu_ws/install/include/rclc/types.h
-- Installing: /home/ubuntu/ROS2/microros_ws/firmware/mcu_ws/install/include/rclc/rclc.h
-- Installing: /home/ubuntu/ROS2/microros_ws/firmware/mcu_ws/install/include/rclc/publisher.h
-- Installing: /home/ubuntu/ROS2/microros_ws/firmware/mcu_ws/install/include/rclc/client.h
-- Installing: /home/ubuntu/ROS2/microros_ws/firmware/mcu_ws/install/include/rclc/node.h
-- Installing: /home/ubuntu/ROS2/microros_ws/firmware/mcu_ws/install/share/rclc/environment/library_path.sh
-- Installing: /home/ubuntu/ROS2/microros_ws/firmware/mcu_ws/install/share/rclc/environment/library_path.dsv
-- Installing: /home/ubuntu/ROS2/microros_ws/firmware/mcu_ws/install/share/ament_index/resource_index/package_run_dependencies/rclc
-- Installing: /home/ubuntu/ROS2/microros_ws/firmware/mcu_ws/install/share/ament_index/resource_index/parent_prefix_path/rclc
-- Installing: /home/ubuntu/ROS2/microros_ws/firmware/mcu_ws/install/share/rclc/environment/ament_prefix_path.sh
-- Installing: /home/ubuntu/ROS2/microros_ws/firmware/mcu_ws/install/share/rclc/environment/ament_prefix_path.dsv
-- Installing: /home/ubuntu/ROS2/microros_ws/firmware/mcu_ws/install/share/rclc/environment/path.sh
-- Installing: /home/ubuntu/ROS2/microros_ws/firmware/mcu_ws/install/share/rclc/environment/path.dsv
-- Installing: /home/ubuntu/ROS2/microros_ws/firmware/mcu_ws/install/share/rclc/local_setup.bash
-- Installing: /home/ubuntu/ROS2/microros_ws/firmware/mcu_ws/install/share/rclc/local_setup.sh
-- Installing: /home/ubuntu/ROS2/microros_ws/firmware/mcu_ws/install/share/rclc/local_setup.zsh
-- Installing: /home/ubuntu/ROS2/microros_ws/firmware/mcu_ws/install/share/rclc/local_setup.dsv
-- Installing: /home/ubuntu/ROS2/microros_ws/firmware/mcu_ws/install/share/rclc/package.dsv
-- Installing: /home/ubuntu/ROS2/microros_ws/firmware/mcu_ws/install/share/ament_index/resource_index/packages/rclc
-- Installing: /home/ubuntu/ROS2/microros_ws/firmware/mcu_ws/install/share/rclc/cmake/rclcExport.cmake
-- Installing: /home/ubuntu/ROS2/microros_ws/firmware/mcu_ws/install/share/rclc/cmake/rclcExport-release.cmake
-- Installing: /home/ubuntu/ROS2/microros_ws/firmware/mcu_ws/install/share/rclc/cmake/ament_cmake_export_include_directories-extras.cmake
-- Installing: /home/ubuntu/ROS2/microros_ws/firmware/mcu_ws/install/share/rclc/cmake/ament_cmake_export_libraries-extras.cmake
-- Installing: /home/ubuntu/ROS2/microros_ws/firmware/mcu_ws/install/share/rclc/cmake/ament_cmake_export_targets-extras.cmake
-- Installing: /home/ubuntu/ROS2/microros_ws/firmware/mcu_ws/install/share/rclc/cmake/ament_cmake_export_dependencies-extras.cmake
-- Installing: /home/ubuntu/ROS2/microros_ws/firmware/mcu_ws/install/share/rclc/cmake/rclcConfig.cmake
-- Installing: /home/ubuntu/ROS2/microros_ws/firmware/mcu_ws/install/share/rclc/cmake/rclcConfig-version.cmake
-- Installing: /home/ubuntu/ROS2/microros_ws/firmware/mcu_ws/install/share/rclc/package.xml
