Not searching for unused variables given on the command line.
-- The C compiler identification is GNU 9.4.0
-- The CXX compiler identification is GNU 9.4.0
-- Check for working C compiler: /usr/bin/arm-linux-gnueabihf-gcc
-- Check for working C compiler: /usr/bin/arm-linux-gnueabihf-gcc -- works
-- Detecting C compiler ABI info
-- Detecting C compiler ABI info - done
-- Detecting C compile features
-- Detecting C compile features - done
-- Check for working CXX compiler: /usr/bin/arm-linux-gnueabihf-g++
-- Check for working CXX compiler: /usr/bin/arm-linux-gnueabihf-g++ -- works
-- Detecting CXX compiler ABI info
-- Detecting CXX compiler ABI info - done
-- Detecting CXX compile features
-- Detecting CXX compile features - done
-- Found ament_cmake: 0.9.12 (/home/ubuntu/ROS2/microros_ws/firmware/dev_ws/install/ament_cmake/share/ament_cmake/cmake)
-- Found PythonInterp: /usr/bin/python3 (found suitable version "3.8.10", minimum required is "3") 
-- Using PYTHON_EXECUTABLE: /usr/bin/python3
-- Found std_msgs: 2.0.5 (/home/ubuntu/ROS2/microros_ws/firmware/mcu_ws/install/share/std_msgs/cmake)
-- Using single rosidl_typesupport_c: rosidl_typesupport_microxrcedds_c
-- Found rosidl_adapter: 1.3.1 (/home/ubuntu/ROS2/microros_ws/firmware/mcu_ws/install/share/rosidl_adapter/cmake)
-- Found rclc: 1.1.2 (/home/ubuntu/ROS2/microros_ws/firmware/mcu_ws/install/share/rclc/cmake)
-- Found rmw_implementation_cmake: 1.0.4 (/home/ubuntu/ROS2/microros_ws/firmware/mcu_ws/install/share/rmw_implementation_cmake/cmake)
-- Using RMW implementation 'rmw_microxrcedds'
-- Found rmw_microxrcedds: 1.1.0 (/home/ubuntu/ROS2/microros_ws/firmware/mcu_ws/install/share/rmw_microxrcedds/cmake)
-- Looking for pthread.h
-- Looking for pthread.h - found
-- Performing Test CMAKE_HAVE_LIBC_PTHREAD
-- Performing Test CMAKE_HAVE_LIBC_PTHREAD - Success
-- Found Threads: TRUE  
CMake Error at CMakeLists.txt:37 (find_package):
  By not providing "Findrclc_support.cmake" in CMAKE_MODULE_PATH this project
  has asked CMake to find a package configuration file provided by
  "rclc_support", but CMake did not find one.

  Could not find a package configuration file provided by "rclc_support" with
  any of the following names:

    rclc_supportConfig.cmake
    rclc_support-config.cmake

  Add the installation prefix of "rclc_support" to CMAKE_PREFIX_PATH or set
  "rclc_support_DIR" to a directory containing one of the above files.  If
  "rclc_support" provides a separate development package or SDK, be sure it
  has been installed.


-- Configuring incomplete, errors occurred!
See also "/home/ubuntu/ROS2/microros_ws/firmware/mcu_ws/build/msg_pkg/CMakeFiles/CMakeOutput.log".
