Not searching for unused variables given on the command line.
-- Found ament_cmake: 0.9.12 (/home/ubuntu/ROS2/microros_ws/firmware/dev_ws/install/ament_cmake/share/ament_cmake/cmake)
-- Found PythonInterp: /usr/bin/python3 (found suitable version "3.8.10", minimum required is "3") 
-- Using PYTHON_EXECUTABLE: /usr/bin/python3
-- Configuring done
-- Generating done
-- Build files have been written to: /home/ubuntu/ROS2/microros_ws/firmware/mcu_ws/build/rosidl_generator_dds_idl
/usr/bin/cmake -S/home/ubuntu/ROS2/microros_ws/firmware/mcu_ws/ros2/rosidl_dds/rosidl_generator_dds_idl -B/home/ubuntu/ROS2/microros_ws/firmware/mcu_ws/build/rosidl_generator_dds_idl --check-build-system CMakeFiles/Makefile.cmake 0
/usr/bin/cmake -E cmake_progress_start /home/ubuntu/ROS2/microros_ws/firmware/mcu_ws/build/rosidl_generator_dds_idl/CMakeFiles /home/ubuntu/ROS2/microros_ws/firmware/mcu_ws/build/rosidl_generator_dds_idl/CMakeFiles/progress.marks
/usr/bin/make -f CMakeFiles/Makefile2 all
make[1]: Entering directory '/home/ubuntu/ROS2/microros_ws/firmware/mcu_ws/build/rosidl_generator_dds_idl'
make[1]: Nothing to be done for 'all'.
make[1]: Leaving directory '/home/ubuntu/ROS2/microros_ws/firmware/mcu_ws/build/rosidl_generator_dds_idl'
/usr/bin/cmake -E cmake_progress_start /home/ubuntu/ROS2/microros_ws/firmware/mcu_ws/build/rosidl_generator_dds_idl/CMakeFiles 0
-- Install configuration: "Release"
-- Installing: /home/ubuntu/ROS2/microros_ws/firmware/mcu_ws/install/share/rosidl_generator_dds_idl/environment/pythonpath.sh
-- Installing: /home/ubuntu/ROS2/microros_ws/firmware/mcu_ws/install/share/rosidl_generator_dds_idl/environment/pythonpath.dsv
-- Installing: /home/ubuntu/ROS2/microros_ws/firmware/mcu_ws/install/lib/python3.8/site-packages/rosidl_generator_dds_idl
-- Installing: /home/ubuntu/ROS2/microros_ws/firmware/mcu_ws/install/lib/python3.8/site-packages/rosidl_generator_dds_idl/__init__.py
Listing '/home/ubuntu/ROS2/microros_ws/firmware/mcu_ws/install/lib/python3.8/site-packages/rosidl_generator_dds_idl'...
Compiling '/home/ubuntu/ROS2/microros_ws/firmware/mcu_ws/install/lib/python3.8/site-packages/rosidl_generator_dds_idl/__init__.py'...
-- Installing: /home/ubuntu/ROS2/microros_ws/firmware/mcu_ws/install/share/ament_index/resource_index/package_run_dependencies/rosidl_generator_dds_idl
-- Installing: /home/ubuntu/ROS2/microros_ws/firmware/mcu_ws/install/share/ament_index/resource_index/parent_prefix_path/rosidl_generator_dds_idl
-- Installing: /home/ubuntu/ROS2/microros_ws/firmware/mcu_ws/install/share/rosidl_generator_dds_idl/environment/ament_prefix_path.sh
-- Installing: /home/ubuntu/ROS2/microros_ws/firmware/mcu_ws/install/share/rosidl_generator_dds_idl/environment/ament_prefix_path.dsv
-- Installing: /home/ubuntu/ROS2/microros_ws/firmware/mcu_ws/install/share/rosidl_generator_dds_idl/environment/path.sh
-- Installing: /home/ubuntu/ROS2/microros_ws/firmware/mcu_ws/install/share/rosidl_generator_dds_idl/environment/path.dsv
-- Installing: /home/ubuntu/ROS2/microros_ws/firmware/mcu_ws/install/share/rosidl_generator_dds_idl/local_setup.bash
-- Installing: /home/ubuntu/ROS2/microros_ws/firmware/mcu_ws/install/share/rosidl_generator_dds_idl/local_setup.sh
-- Installing: /home/ubuntu/ROS2/microros_ws/firmware/mcu_ws/install/share/rosidl_generator_dds_idl/local_setup.zsh
-- Installing: /home/ubuntu/ROS2/microros_ws/firmware/mcu_ws/install/share/rosidl_generator_dds_idl/local_setup.dsv
-- Installing: /home/ubuntu/ROS2/microros_ws/firmware/mcu_ws/install/share/rosidl_generator_dds_idl/package.dsv
-- Installing: /home/ubuntu/ROS2/microros_ws/firmware/mcu_ws/install/share/ament_index/resource_index/packages/rosidl_generator_dds_idl
-- Installing: /home/ubuntu/ROS2/microros_ws/firmware/mcu_ws/install/share/rosidl_generator_dds_idl/cmake/rosidl_generator_dds_idl-extras.cmake
-- Installing: /home/ubuntu/ROS2/microros_ws/firmware/mcu_ws/install/share/rosidl_generator_dds_idl/cmake/rosidl_generator_dds_idlConfig.cmake
-- Installing: /home/ubuntu/ROS2/microros_ws/firmware/mcu_ws/install/share/rosidl_generator_dds_idl/cmake/rosidl_generator_dds_idlConfig-version.cmake
-- Installing: /home/ubuntu/ROS2/microros_ws/firmware/mcu_ws/install/share/rosidl_generator_dds_idl/package.xml
-- Installing: /home/ubuntu/ROS2/microros_ws/firmware/mcu_ws/install/lib/rosidl_generator_dds_idl/rosidl_generator_dds_idl
-- Up-to-date: /home/ubuntu/ROS2/microros_ws/firmware/mcu_ws/install/share/rosidl_generator_dds_idl/cmake
-- Installing: /home/ubuntu/ROS2/microros_ws/firmware/mcu_ws/install/share/rosidl_generator_dds_idl/cmake/rosidl_generate_dds_interfaces.cmake
-- Installing: /home/ubuntu/ROS2/microros_ws/firmware/mcu_ws/install/share/rosidl_generator_dds_idl/resource
-- Installing: /home/ubuntu/ROS2/microros_ws/firmware/mcu_ws/install/share/rosidl_generator_dds_idl/resource/srv.idl.em
-- Installing: /home/ubuntu/ROS2/microros_ws/firmware/mcu_ws/install/share/rosidl_generator_dds_idl/resource/action.idl.em
-- Installing: /home/ubuntu/ROS2/microros_ws/firmware/mcu_ws/install/share/rosidl_generator_dds_idl/resource/idl.idl.em
-- Installing: /home/ubuntu/ROS2/microros_ws/firmware/mcu_ws/install/share/rosidl_generator_dds_idl/resource/msg.idl.em
