Not searching for unused variables given on the command line.
-- The C compiler identification is GNU 9.4.0
-- The CXX compiler identification is GNU 9.4.0
-- Check for working C compiler: /usr/bin/arm-linux-gnueabihf-gcc
-- Check for working C compiler: /usr/bin/arm-linux-gnueabihf-gcc -- works
-- Detecting C compiler ABI info
-- Detecting C compiler ABI info - done
-- Detecting C compile features
-- Detecting C compile features - done
-- Check for working CXX compiler: /usr/bin/arm-linux-gnueabihf-g++
-- Check for working CXX compiler: /usr/bin/arm-linux-gnueabihf-g++ -- works
-- Detecting CXX compiler ABI info
-- Detecting CXX compiler ABI info - done
-- Detecting CXX compile features
-- Detecting CXX compile features - done
-- Found PythonInterp: /usr/bin/python3 (found suitable version "3.8.10", minimum required is "3") 
-- Using PYTHON_EXECUTABLE: /usr/bin/python3
-- Configuring done
-- Generating done
-- Build files have been written to: /home/ubuntu/ROS2/microros_ws/firmware/mcu_ws/build/tinydir_vendor
/usr/bin/cmake -S/home/ubuntu/ROS2/microros_ws/firmware/mcu_ws/ros2/tinydir_vendor -B/home/ubuntu/ROS2/microros_ws/firmware/mcu_ws/build/tinydir_vendor --check-build-system CMakeFiles/Makefile.cmake 0
/usr/bin/cmake -E cmake_progress_start /home/ubuntu/ROS2/microros_ws/firmware/mcu_ws/build/tinydir_vendor/CMakeFiles /home/ubuntu/ROS2/microros_ws/firmware/mcu_ws/build/tinydir_vendor/CMakeFiles/progress.marks
/usr/bin/make -f CMakeFiles/Makefile2 all
make[1]: Entering directory '/home/ubuntu/ROS2/microros_ws/firmware/mcu_ws/build/tinydir_vendor'
/usr/bin/make -f CMakeFiles/tinydir-1.2.4.dir/build.make CMakeFiles/tinydir-1.2.4.dir/depend
make[2]: Entering directory '/home/ubuntu/ROS2/microros_ws/firmware/mcu_ws/build/tinydir_vendor'
cd /home/ubuntu/ROS2/microros_ws/firmware/mcu_ws/build/tinydir_vendor && /usr/bin/cmake -E cmake_depends "Unix Makefiles" /home/ubuntu/ROS2/microros_ws/firmware/mcu_ws/ros2/tinydir_vendor /home/ubuntu/ROS2/microros_ws/firmware/mcu_ws/ros2/tinydir_vendor /home/ubuntu/ROS2/microros_ws/firmware/mcu_ws/build/tinydir_vendor /home/ubuntu/ROS2/microros_ws/firmware/mcu_ws/build/tinydir_vendor /home/ubuntu/ROS2/microros_ws/firmware/mcu_ws/build/tinydir_vendor/CMakeFiles/tinydir-1.2.4.dir/DependInfo.cmake --color=
Dependee "/home/ubuntu/ROS2/microros_ws/firmware/mcu_ws/build/tinydir_vendor/CMakeFiles/tinydir-1.2.4.dir/DependInfo.cmake" is newer than depender "/home/ubuntu/ROS2/microros_ws/firmware/mcu_ws/build/tinydir_vendor/CMakeFiles/tinydir-1.2.4.dir/depend.internal".
Dependee "/home/ubuntu/ROS2/microros_ws/firmware/mcu_ws/build/tinydir_vendor/CMakeFiles/CMakeDirectoryInformation.cmake" is newer than depender "/home/ubuntu/ROS2/microros_ws/firmware/mcu_ws/build/tinydir_vendor/CMakeFiles/tinydir-1.2.4.dir/depend.internal".
[35m[1mScanning dependencies of target tinydir-1.2.4[0m
make[2]: Leaving directory '/home/ubuntu/ROS2/microros_ws/firmware/mcu_ws/build/tinydir_vendor'
/usr/bin/make -f CMakeFiles/tinydir-1.2.4.dir/build.make CMakeFiles/tinydir-1.2.4.dir/build
make[2]: Entering directory '/home/ubuntu/ROS2/microros_ws/firmware/mcu_ws/build/tinydir_vendor'
[ 12%] [34m[1mCreating directories for 'tinydir-1.2.4'[0m
/usr/bin/cmake -E make_directory /home/ubuntu/ROS2/microros_ws/firmware/mcu_ws/build/tinydir_vendor/tinydir-1.2.4/src/tinydir-1.2.4
/usr/bin/cmake -E make_directory /home/ubuntu/ROS2/microros_ws/firmware/mcu_ws/build/tinydir_vendor/tinydir-1.2.4/src/tinydir-1.2.4
/usr/bin/cmake -E make_directory /home/ubuntu/ROS2/microros_ws/firmware/mcu_ws/build/tinydir_vendor/tinydir-1.2.4
/usr/bin/cmake -E make_directory /home/ubuntu/ROS2/microros_ws/firmware/mcu_ws/build/tinydir_vendor/tinydir-1.2.4/tmp
/usr/bin/cmake -E make_directory /home/ubuntu/ROS2/microros_ws/firmware/mcu_ws/build/tinydir_vendor/tinydir-1.2.4/src/tinydir-1.2.4-stamp
/usr/bin/cmake -E make_directory /home/ubuntu/ROS2/microros_ws/firmware/mcu_ws/build/tinydir_vendor/tinydir-1.2.4/src
/usr/bin/cmake -E make_directory /home/ubuntu/ROS2/microros_ws/firmware/mcu_ws/build/tinydir_vendor/tinydir-1.2.4/src/tinydir-1.2.4-stamp
/usr/bin/cmake -E touch /home/ubuntu/ROS2/microros_ws/firmware/mcu_ws/build/tinydir_vendor/tinydir-1.2.4/src/tinydir-1.2.4-stamp/tinydir-1.2.4-mkdir
[ 25%] [34m[1mPerforming download step (download, verify and extract) for 'tinydir-1.2.4'[0m
cd /home/ubuntu/ROS2/microros_ws/firmware/mcu_ws/build/tinydir_vendor/tinydir-1.2.4/src && /usr/bin/cmake -P /home/ubuntu/ROS2/microros_ws/firmware/mcu_ws/build/tinydir_vendor/tinydir-1.2.4/src/tinydir-1.2.4-stamp/download-tinydir-1.2.4.cmake
-- Downloading...
   dst='/home/ubuntu/ROS2/microros_ws/firmware/mcu_ws/build/tinydir_vendor/tinydir-1.2.4/src/1.2.4.tar.gz'
   timeout='none'
-- Using src='https://github.com/cxong/tinydir/archive/1.2.4.tar.gz'
-- verifying file...
       file='/home/ubuntu/ROS2/microros_ws/firmware/mcu_ws/build/tinydir_vendor/tinydir-1.2.4/src/1.2.4.tar.gz'
-- Downloading... done
cd /home/ubuntu/ROS2/microros_ws/firmware/mcu_ws/build/tinydir_vendor/tinydir-1.2.4/src && /usr/bin/cmake -P /home/ubuntu/ROS2/microros_ws/firmware/mcu_ws/build/tinydir_vendor/tinydir-1.2.4/src/tinydir-1.2.4-stamp/verify-tinydir-1.2.4.cmake
cd /home/ubuntu/ROS2/microros_ws/firmware/mcu_ws/build/tinydir_vendor/tinydir-1.2.4/src && /usr/bin/cmake -P /home/ubuntu/ROS2/microros_ws/firmware/mcu_ws/build/tinydir_vendor/tinydir-1.2.4/src/tinydir-1.2.4-stamp/extract-tinydir-1.2.4.cmake
-- extracting...
     src='/home/ubuntu/ROS2/microros_ws/firmware/mcu_ws/build/tinydir_vendor/tinydir-1.2.4/src/1.2.4.tar.gz'
     dst='/home/ubuntu/ROS2/microros_ws/firmware/mcu_ws/build/tinydir_vendor/tinydir-1.2.4/src/tinydir-1.2.4'
-- extracting... [tar xfz]
-- extracting... [analysis]
-- extracting... [rename]
-- extracting... [clean up]
-- extracting... done
cd /home/ubuntu/ROS2/microros_ws/firmware/mcu_ws/build/tinydir_vendor/tinydir-1.2.4/src && /usr/bin/cmake -E touch /home/ubuntu/ROS2/microros_ws/firmware/mcu_ws/build/tinydir_vendor/tinydir-1.2.4/src/tinydir-1.2.4-stamp/tinydir-1.2.4-download
[ 37%] [34m[1mPerforming patch step for 'tinydir-1.2.4'[0m
cd /home/ubuntu/ROS2/microros_ws/firmware/mcu_ws/build/tinydir_vendor/tinydir-1.2.4/src/tinydir-1.2.4 && /usr/bin/cmake -E copy /home/ubuntu/ROS2/microros_ws/firmware/mcu_ws/ros2/tinydir_vendor/tinydir_cmakelists.txt /home/ubuntu/ROS2/microros_ws/firmware/mcu_ws/build/tinydir_vendor/tinydir-1.2.4/src/tinydir-1.2.4/CMakeLists.txt
cd /home/ubuntu/ROS2/microros_ws/firmware/mcu_ws/build/tinydir_vendor/tinydir-1.2.4/src/tinydir-1.2.4 && /usr/bin/cmake -E touch /home/ubuntu/ROS2/microros_ws/firmware/mcu_ws/build/tinydir_vendor/tinydir-1.2.4/src/tinydir-1.2.4-stamp/tinydir-1.2.4-patch
[ 50%] [34m[1mNo update step for 'tinydir-1.2.4'[0m
/usr/bin/cmake -E echo_append
/usr/bin/cmake -E touch /home/ubuntu/ROS2/microros_ws/firmware/mcu_ws/build/tinydir_vendor/tinydir-1.2.4/src/tinydir-1.2.4-stamp/tinydir-1.2.4-update
[ 62%] [34m[1mPerforming configure step for 'tinydir-1.2.4'[0m
cd /home/ubuntu/ROS2/microros_ws/firmware/mcu_ws/build/tinydir_vendor/tinydir-1.2.4/src/tinydir-1.2.4 && /usr/bin/cmake -DCMAKE_INSTALL_PREFIX=/home/ubuntu/ROS2/microros_ws/firmware/mcu_ws/build/tinydir_vendor/tinydir_vendor_install "-DCMAKE_CXX_FLAGS=-march=armv8-a -mfpu=neon-fp-armv8 -mfloat-abi=hard" -DCMAKE_C_COMPILER=/usr/bin/arm-linux-gnueabihf-gcc -DCMAKE_CXX_COMPILER=/usr/bin/arm-linux-gnueabihf-g++ -DCMAKE_TOOLCHAIN_FILE=/home/ubuntu/ROS2/microros_ws/my_custom_toolchain.cmake "-GUnix Makefiles" /home/ubuntu/ROS2/microros_ws/firmware/mcu_ws/build/tinydir_vendor/tinydir-1.2.4/src/tinydir-1.2.4
Re-run cmake no build system arguments
-- The C compiler identification is GNU 9.4.0
-- The CXX compiler identification is GNU 9.4.0
-- Check for working C compiler: /usr/bin/arm-linux-gnueabihf-gcc
-- Check for working C compiler: /usr/bin/arm-linux-gnueabihf-gcc -- works
-- Detecting C compiler ABI info
-- Detecting C compiler ABI info - done
-- Detecting C compile features
-- Detecting C compile features - done
-- Check for working CXX compiler: /usr/bin/arm-linux-gnueabihf-g++
-- Check for working CXX compiler: /usr/bin/arm-linux-gnueabihf-g++ -- works
-- Detecting CXX compiler ABI info
-- Detecting CXX compiler ABI info - done
-- Detecting CXX compile features
-- Detecting CXX compile features - done
-- Configuring done
-- Generating done
-- Build files have been written to: /home/ubuntu/ROS2/microros_ws/firmware/mcu_ws/build/tinydir_vendor/tinydir-1.2.4/src/tinydir-1.2.4
cd /home/ubuntu/ROS2/microros_ws/firmware/mcu_ws/build/tinydir_vendor/tinydir-1.2.4/src/tinydir-1.2.4 && /usr/bin/cmake -E touch /home/ubuntu/ROS2/microros_ws/firmware/mcu_ws/build/tinydir_vendor/tinydir-1.2.4/src/tinydir-1.2.4-stamp/tinydir-1.2.4-configure
[ 75%] [34m[1mPerforming build step for 'tinydir-1.2.4'[0m
cd /home/ubuntu/ROS2/microros_ws/firmware/mcu_ws/build/tinydir_vendor/tinydir-1.2.4/src/tinydir-1.2.4 && /usr/bin/make
make[3]: Entering directory '/home/ubuntu/ROS2/microros_ws/firmware/mcu_ws/build/tinydir_vendor/tinydir-1.2.4/src/tinydir-1.2.4'
/usr/bin/cmake -S/home/ubuntu/ROS2/microros_ws/firmware/mcu_ws/build/tinydir_vendor/tinydir-1.2.4/src/tinydir-1.2.4 -B/home/ubuntu/ROS2/microros_ws/firmware/mcu_ws/build/tinydir_vendor/tinydir-1.2.4/src/tinydir-1.2.4 --check-build-system CMakeFiles/Makefile.cmake 0
/usr/bin/cmake -E cmake_progress_start /home/ubuntu/ROS2/microros_ws/firmware/mcu_ws/build/tinydir_vendor/tinydir-1.2.4/src/tinydir-1.2.4/CMakeFiles /home/ubuntu/ROS2/microros_ws/firmware/mcu_ws/build/tinydir_vendor/tinydir-1.2.4/src/tinydir-1.2.4/CMakeFiles/progress.marks
/usr/bin/make -f CMakeFiles/Makefile2 all
make[4]: Entering directory '/home/ubuntu/ROS2/microros_ws/firmware/mcu_ws/build/tinydir_vendor/tinydir-1.2.4/src/tinydir-1.2.4'
make[4]: Nothing to be done for 'all'.
make[4]: Leaving directory '/home/ubuntu/ROS2/microros_ws/firmware/mcu_ws/build/tinydir_vendor/tinydir-1.2.4/src/tinydir-1.2.4'
/usr/bin/cmake -E cmake_progress_start /home/ubuntu/ROS2/microros_ws/firmware/mcu_ws/build/tinydir_vendor/tinydir-1.2.4/src/tinydir-1.2.4/CMakeFiles 0
make[3]: Leaving directory '/home/ubuntu/ROS2/microros_ws/firmware/mcu_ws/build/tinydir_vendor/tinydir-1.2.4/src/tinydir-1.2.4'
cd /home/ubuntu/ROS2/microros_ws/firmware/mcu_ws/build/tinydir_vendor/tinydir-1.2.4/src/tinydir-1.2.4 && /usr/bin/cmake -E touch /home/ubuntu/ROS2/microros_ws/firmware/mcu_ws/build/tinydir_vendor/tinydir-1.2.4/src/tinydir-1.2.4-stamp/tinydir-1.2.4-build
[ 87%] [34m[1mPerforming install step for 'tinydir-1.2.4'[0m
cd /home/ubuntu/ROS2/microros_ws/firmware/mcu_ws/build/tinydir_vendor/tinydir-1.2.4/src/tinydir-1.2.4 && /usr/bin/make install
make[3]: Entering directory '/home/ubuntu/ROS2/microros_ws/firmware/mcu_ws/build/tinydir_vendor/tinydir-1.2.4/src/tinydir-1.2.4'
/usr/bin/cmake -S/home/ubuntu/ROS2/microros_ws/firmware/mcu_ws/build/tinydir_vendor/tinydir-1.2.4/src/tinydir-1.2.4 -B/home/ubuntu/ROS2/microros_ws/firmware/mcu_ws/build/tinydir_vendor/tinydir-1.2.4/src/tinydir-1.2.4 --check-build-system CMakeFiles/Makefile.cmake 0
/usr/bin/cmake -E cmake_progress_start /home/ubuntu/ROS2/microros_ws/firmware/mcu_ws/build/tinydir_vendor/tinydir-1.2.4/src/tinydir-1.2.4/CMakeFiles /home/ubuntu/ROS2/microros_ws/firmware/mcu_ws/build/tinydir_vendor/tinydir-1.2.4/src/tinydir-1.2.4/CMakeFiles/progress.marks
/usr/bin/make -f CMakeFiles/Makefile2 all
make[4]: Entering directory '/home/ubuntu/ROS2/microros_ws/firmware/mcu_ws/build/tinydir_vendor/tinydir-1.2.4/src/tinydir-1.2.4'
make[4]: Nothing to be done for 'all'.
make[4]: Leaving directory '/home/ubuntu/ROS2/microros_ws/firmware/mcu_ws/build/tinydir_vendor/tinydir-1.2.4/src/tinydir-1.2.4'
/usr/bin/cmake -E cmake_progress_start /home/ubuntu/ROS2/microros_ws/firmware/mcu_ws/build/tinydir_vendor/tinydir-1.2.4/src/tinydir-1.2.4/CMakeFiles 0
/usr/bin/make -f CMakeFiles/Makefile2 preinstall
make[4]: Entering directory '/home/ubuntu/ROS2/microros_ws/firmware/mcu_ws/build/tinydir_vendor/tinydir-1.2.4/src/tinydir-1.2.4'
make[4]: Nothing to be done for 'preinstall'.
make[4]: Leaving directory '/home/ubuntu/ROS2/microros_ws/firmware/mcu_ws/build/tinydir_vendor/tinydir-1.2.4/src/tinydir-1.2.4'
[36mInstall the project...[0m
/usr/bin/cmake -P cmake_install.cmake
-- Install configuration: ""
-- Installing: /home/ubuntu/ROS2/microros_ws/firmware/mcu_ws/build/tinydir_vendor/tinydir_vendor_install/include/tinydir/tinydir.h
make[3]: Leaving directory '/home/ubuntu/ROS2/microros_ws/firmware/mcu_ws/build/tinydir_vendor/tinydir-1.2.4/src/tinydir-1.2.4'
cd /home/ubuntu/ROS2/microros_ws/firmware/mcu_ws/build/tinydir_vendor/tinydir-1.2.4/src/tinydir-1.2.4 && /usr/bin/cmake -E touch /home/ubuntu/ROS2/microros_ws/firmware/mcu_ws/build/tinydir_vendor/tinydir-1.2.4/src/tinydir-1.2.4-stamp/tinydir-1.2.4-install
[100%] [34m[1mCompleted 'tinydir-1.2.4'[0m
/usr/bin/cmake -E make_directory /home/ubuntu/ROS2/microros_ws/firmware/mcu_ws/build/tinydir_vendor/CMakeFiles
/usr/bin/cmake -E touch /home/ubuntu/ROS2/microros_ws/firmware/mcu_ws/build/tinydir_vendor/CMakeFiles/tinydir-1.2.4-complete
/usr/bin/cmake -E touch /home/ubuntu/ROS2/microros_ws/firmware/mcu_ws/build/tinydir_vendor/tinydir-1.2.4/src/tinydir-1.2.4-stamp/tinydir-1.2.4-done
make[2]: Leaving directory '/home/ubuntu/ROS2/microros_ws/firmware/mcu_ws/build/tinydir_vendor'
[100%] Built target tinydir-1.2.4
make[1]: Leaving directory '/home/ubuntu/ROS2/microros_ws/firmware/mcu_ws/build/tinydir_vendor'
/usr/bin/cmake -E cmake_progress_start /home/ubuntu/ROS2/microros_ws/firmware/mcu_ws/build/tinydir_vendor/CMakeFiles 0
-- Install configuration: "Release"
-- Up-to-date: /home/ubuntu/ROS2/microros_ws/firmware/mcu_ws/install
-- Up-to-date: /home/ubuntu/ROS2/microros_ws/firmware/mcu_ws/install/include
-- Installing: /home/ubuntu/ROS2/microros_ws/firmware/mcu_ws/install/include/tinydir
-- Installing: /home/ubuntu/ROS2/microros_ws/firmware/mcu_ws/install/include/tinydir/tinydir.h
-- Installing: /home/ubuntu/ROS2/microros_ws/firmware/mcu_ws/install/share/tinydir_vendor/package.xml
-- Installing: /home/ubuntu/ROS2/microros_ws/firmware/mcu_ws/install/share/tinydir_vendor/cmake/tinydir_vendorConfig.cmake
-- Installing: /home/ubuntu/ROS2/microros_ws/firmware/mcu_ws/install/share/tinydir_vendor/cmake/tinydir_vendorConfig-version.cmake
