[0.234s] Invoking command in '/home/ubuntu/ROS2/microros_ws/build/std_srvs': CMAKE_PREFIX_PATH=${CMAKE_PREFIX_PATH}:/opt/ros/foxy /usr/bin/cmake /home/ubuntu/ROS2/microros_ws/src/ros2/common_interfaces/std_srvs -DBUILD_TESTING=OFF -DBUILD_SHARED_LIBS=ON -DCMAKE_INSTALL_PREFIX=/home/ubuntu/ROS2/microros_ws/install/std_srvs
[1.076s] -- The C compiler identification is GNU 9.4.0
[1.919s] -- The CXX compiler identification is GNU 9.4.0
[1.975s] -- Check for working C compiler: /usr/bin/cc
[2.836s] -- Check for working C compiler: /usr/bin/cc -- works
[2.840s] -- Detecting C compiler ABI info
[3.628s] -- Detecting C compiler ABI info - done
[3.689s] -- Detecting C compile features
[3.694s] -- Detecting C compile features - done
[3.714s] -- Check for working CXX compiler: /usr/bin/c++
[4.626s] -- Check for working CXX compiler: /usr/bin/c++ -- works
[4.631s] -- Detecting CXX compiler ABI info
[5.774s] -- Detecting CXX compiler ABI info - done
[5.854s] -- Detecting CXX compile features
[5.856s] -- Detecting CXX compile features - done
[5.921s] -- Found ament_cmake: 0.9.12 (/opt/ros/foxy/share/ament_cmake/cmake)
[6.227s] -- Found PythonInterp: /usr/bin/python3 (found suitable version "3.8.10", minimum required is "3") 
[6.227s] -- Using PYTHON_EXECUTABLE: /usr/bin/python3
[8.874s] -- Found rosidl_default_generators: 1.0.1 (/opt/ros/foxy/share/rosidl_default_generators/cmake)
[8.928s] -- Using all available rosidl_typesupport_c: rosidl_typesupport_microxrcedds_c;rosidl_typesupport_fastrtps_c;rosidl_typesupport_introspection_c
[9.104s] -- Found rosidl_adapter: 1.3.1 (/opt/ros/foxy/share/rosidl_adapter/cmake)
[11.016s] -- Found OpenSSL: /usr/lib/aarch64-linux-gnu/libcrypto.so (found version "1.1.1f")  
[11.411s] -- Found FastRTPS: /opt/ros/foxy/include  
[12.422s] -- Using all available rosidl_typesupport_cpp: rosidl_typesupport_microxrcedds_cpp;rosidl_typesupport_fastrtps_cpp;rosidl_typesupport_introspection_cpp
[12.998s] -- Found PythonInterp: /usr/bin/python3 (found version "3.8.10") 
[14.215s] -- Found ament_cmake_ros: 0.9.2 (/opt/ros/foxy/share/ament_cmake_ros/cmake)
[15.834s] -- Using all available rosidl_typesupport_c: rosidl_typesupport_microxrcedds_c;rosidl_typesupport_fastrtps_c;rosidl_typesupport_introspection_c
[15.995s] -- Using all available rosidl_typesupport_cpp: rosidl_typesupport_microxrcedds_cpp;rosidl_typesupport_fastrtps_cpp;rosidl_typesupport_introspection_cpp
[16.302s] -- Found PythonInterp: /usr/bin/python3 (found suitable version "3.8.10", minimum required is "3.5") 
[16.332s] -- Found python_cmake_module: 0.8.1 (/opt/ros/foxy/share/python_cmake_module/cmake)
[16.538s] -- Found PythonLibs: /usr/lib/aarch64-linux-gnu/libpython3.8.so (found suitable version "3.8.10", minimum required is "3.5") 
[16.541s] -- Using PYTHON_EXECUTABLE: /usr/bin/python3
[16.544s] -- Using PYTHON_INCLUDE_DIRS: /usr/include/python3.8
[16.547s] -- Using PYTHON_LIBRARIES: /usr/lib/aarch64-linux-gnu/libpython3.8.so
[16.716s] -- Found PythonExtra: .so  
[17.235s] -- Configuring done
[18.186s] -- Generating done
[18.235s] -- Build files have been written to: /home/ubuntu/ROS2/microros_ws/build/std_srvs
[18.305s] Invoked command in '/home/ubuntu/ROS2/microros_ws/build/std_srvs' returned '0': CMAKE_PREFIX_PATH=${CMAKE_PREFIX_PATH}:/opt/ros/foxy /usr/bin/cmake /home/ubuntu/ROS2/microros_ws/src/ros2/common_interfaces/std_srvs -DBUILD_TESTING=OFF -DBUILD_SHARED_LIBS=ON -DCMAKE_INSTALL_PREFIX=/home/ubuntu/ROS2/microros_ws/install/std_srvs
[18.310s] Invoking command in '/home/ubuntu/ROS2/microros_ws/build/std_srvs': CMAKE_PREFIX_PATH=${CMAKE_PREFIX_PATH}:/opt/ros/foxy /usr/bin/cmake --build /home/ubuntu/ROS2/microros_ws/build/std_srvs -- -j4 -l4
[18.769s] [35m[1mScanning dependencies of target std_srvs__cpp[0m
[18.930s] [  1%] [34m[1mGenerating C++ code for ROS interfaces[0m
[23.537s] [  1%] Built target std_srvs__cpp
[23.698s] [  3%] [34m[1mGenerating C code for ROS interfaces[0m
[28.301s] [35m[1mScanning dependencies of target std_srvs__rosidl_generator_c[0m
[28.495s] [  5%] [32mBuilding C object CMakeFiles/std_srvs__rosidl_generator_c.dir/rosidl_generator_c/std_srvs/srv/detail/empty__functions.c.o[0m
[29.036s] [  6%] [32mBuilding C object CMakeFiles/std_srvs__rosidl_generator_c.dir/rosidl_generator_c/std_srvs/srv/detail/set_bool__functions.c.o[0m
[29.635s] [  8%] [32mBuilding C object CMakeFiles/std_srvs__rosidl_generator_c.dir/rosidl_generator_c/std_srvs/srv/detail/trigger__functions.c.o[0m
[30.206s] [ 10%] [32m[1mLinking C shared library libstd_srvs__rosidl_generator_c.so[0m
[30.610s] [ 10%] Built target std_srvs__rosidl_generator_c
[30.744s] [ 11%] [34m[1mGenerating C++ type support for eProsima Fast-RTPS[0m
[33.875s] [35m[1mScanning dependencies of target std_srvs__rosidl_typesupport_fastrtps_cpp[0m
[34.133s] [ 13%] [32mBuilding CXX object CMakeFiles/std_srvs__rosidl_typesupport_fastrtps_cpp.dir/rosidl_typesupport_fastrtps_cpp/std_srvs/srv/detail/dds_fastrtps/empty__type_support.cpp.o[0m
[37.838s] [ 15%] [32mBuilding CXX object CMakeFiles/std_srvs__rosidl_typesupport_fastrtps_cpp.dir/rosidl_typesupport_fastrtps_cpp/std_srvs/srv/detail/dds_fastrtps/set_bool__type_support.cpp.o[0m
[41.936s] [ 16%] [32mBuilding CXX object CMakeFiles/std_srvs__rosidl_typesupport_fastrtps_cpp.dir/rosidl_typesupport_fastrtps_cpp/std_srvs/srv/detail/dds_fastrtps/trigger__type_support.cpp.o[0m
[46.278s] [ 18%] [32m[1mLinking CXX shared library libstd_srvs__rosidl_typesupport_fastrtps_cpp.so[0m
[46.912s] [ 18%] Built target std_srvs__rosidl_typesupport_fastrtps_cpp
[47.017s] [ 20%] [34m[1mGenerating C++ introspection for ROS interfaces[0m
[50.059s] [35m[1mScanning dependencies of target std_srvs__rosidl_typesupport_introspection_cpp[0m
[50.258s] [ 22%] [32mBuilding CXX object CMakeFiles/std_srvs__rosidl_typesupport_introspection_cpp.dir/rosidl_typesupport_introspection_cpp/std_srvs/srv/detail/empty__type_support.cpp.o[0m
[52.827s] [ 23%] [32mBuilding CXX object CMakeFiles/std_srvs__rosidl_typesupport_introspection_cpp.dir/rosidl_typesupport_introspection_cpp/std_srvs/srv/detail/set_bool__type_support.cpp.o[0m
[55.482s] [ 25%] [32mBuilding CXX object CMakeFiles/std_srvs__rosidl_typesupport_introspection_cpp.dir/rosidl_typesupport_introspection_cpp/std_srvs/srv/detail/trigger__type_support.cpp.o[0m
[57.845s] [ 27%] [32m[1mLinking CXX shared library libstd_srvs__rosidl_typesupport_introspection_cpp.so[0m
[58.451s] [ 27%] Built target std_srvs__rosidl_typesupport_introspection_cpp
[58.592s] [ 28%] [34m[1mGenerating C type support dispatch for ROS interfaces[0m
[61.111s] [35m[1mScanning dependencies of target std_srvs__rosidl_typesupport_c[0m
[61.323s] [ 30%] [32mBuilding CXX object CMakeFiles/std_srvs__rosidl_typesupport_c.dir/rosidl_typesupport_c/std_srvs/srv/empty__type_support.cpp.o[0m
[61.741s] [ 32%] [32mBuilding CXX object CMakeFiles/std_srvs__rosidl_typesupport_c.dir/rosidl_typesupport_c/std_srvs/srv/set_bool__type_support.cpp.o[0m
[62.122s] [ 33%] [32mBuilding CXX object CMakeFiles/std_srvs__rosidl_typesupport_c.dir/rosidl_typesupport_c/std_srvs/srv/trigger__type_support.cpp.o[0m
[62.384s] [ 35%] [32m[1mLinking CXX shared library libstd_srvs__rosidl_typesupport_c.so[0m
[62.728s] [ 35%] Built target std_srvs__rosidl_typesupport_c
[62.826s] [ 37%] [34m[1mGenerating C type support for eProsima Micro XRCE-DDS[0m
[65.673s] [35m[1mScanning dependencies of target std_srvs__rosidl_typesupport_microxrcedds_c[0m
[65.884s] [ 38%] [32mBuilding C object CMakeFiles/std_srvs__rosidl_typesupport_microxrcedds_c.dir/rosidl_typesupport_microxrcedds_c/std_srvs/srv/detail/microxrcedds/empty__type_support_c.c.o[0m
[66.555s] [ 40%] [32mBuilding C object CMakeFiles/std_srvs__rosidl_typesupport_microxrcedds_c.dir/rosidl_typesupport_microxrcedds_c/std_srvs/srv/detail/microxrcedds/set_bool__type_support_c.c.o[0m
[67.118s] [ 42%] [32mBuilding C object CMakeFiles/std_srvs__rosidl_typesupport_microxrcedds_c.dir/rosidl_typesupport_microxrcedds_c/std_srvs/srv/detail/microxrcedds/trigger__type_support_c.c.o[0m
[67.701s] [ 44%] [32m[1mLinking C shared library libstd_srvs__rosidl_typesupport_microxrcedds_c.so[0m
[68.244s] [ 44%] Built target std_srvs__rosidl_typesupport_microxrcedds_c
[68.376s] [ 45%] [34m[1mGenerating C introspection for ROS interfaces[0m
[71.453s] [35m[1mScanning dependencies of target std_srvs__rosidl_typesupport_introspection_c[0m
[71.729s] [ 47%] [32mBuilding C object CMakeFiles/std_srvs__rosidl_typesupport_introspection_c.dir/rosidl_typesupport_introspection_c/std_srvs/srv/detail/empty__type_support.c.o[0m
[72.210s] [ 49%] [32mBuilding C object CMakeFiles/std_srvs__rosidl_typesupport_introspection_c.dir/rosidl_typesupport_introspection_c/std_srvs/srv/detail/set_bool__type_support.c.o[0m
[72.976s] [ 50%] [32mBuilding C object CMakeFiles/std_srvs__rosidl_typesupport_introspection_c.dir/rosidl_typesupport_introspection_c/std_srvs/srv/detail/trigger__type_support.c.o[0m
[73.553s] [ 52%] [32m[1mLinking C shared library libstd_srvs__rosidl_typesupport_introspection_c.so[0m
[74.046s] [ 52%] Built target std_srvs__rosidl_typesupport_introspection_c
[74.184s] [ 54%] [34m[1mGenerating C type support for eProsima Fast-RTPS[0m
[77.145s] [35m[1mScanning dependencies of target std_srvs__rosidl_typesupport_fastrtps_c[0m
[77.442s] [ 55%] [32mBuilding CXX object CMakeFiles/std_srvs__rosidl_typesupport_fastrtps_c.dir/rosidl_typesupport_fastrtps_c/std_srvs/srv/detail/empty__type_support_c.cpp.o[0m
[80.564s] [ 57%] [32mBuilding CXX object CMakeFiles/std_srvs__rosidl_typesupport_fastrtps_c.dir/rosidl_typesupport_fastrtps_c/std_srvs/srv/detail/set_bool__type_support_c.cpp.o[0m
[83.805s] [ 59%] [32mBuilding CXX object CMakeFiles/std_srvs__rosidl_typesupport_fastrtps_c.dir/rosidl_typesupport_fastrtps_c/std_srvs/srv/detail/trigger__type_support_c.cpp.o[0m
[87.466s] [ 61%] [32m[1mLinking CXX shared library libstd_srvs__rosidl_typesupport_fastrtps_c.so[0m
[88.093s] [ 61%] Built target std_srvs__rosidl_typesupport_fastrtps_c
[88.157s] [ 62%] [34m[1mGenerating C++ type support dispatch for ROS interfaces[0m
[90.416s] [35m[1mScanning dependencies of target std_srvs__rosidl_typesupport_cpp[0m
[90.608s] [ 64%] [32mBuilding CXX object CMakeFiles/std_srvs__rosidl_typesupport_cpp.dir/rosidl_typesupport_cpp/std_srvs/srv/empty__type_support.cpp.o[0m
[93.202s] [ 66%] [32mBuilding CXX object CMakeFiles/std_srvs__rosidl_typesupport_cpp.dir/rosidl_typesupport_cpp/std_srvs/srv/trigger__type_support.cpp.o[0m
[95.637s] [ 67%] [32mBuilding CXX object CMakeFiles/std_srvs__rosidl_typesupport_cpp.dir/rosidl_typesupport_cpp/std_srvs/srv/set_bool__type_support.cpp.o[0m
[98.745s] [ 69%] [32m[1mLinking CXX shared library libstd_srvs__rosidl_typesupport_cpp.so[0m
[99.280s] [ 69%] Built target std_srvs__rosidl_typesupport_cpp
[99.426s] [ 71%] [34m[1mGenerating C++ type support for eProsima Micro XRCE-DDS[0m
[102.806s] [35m[1mScanning dependencies of target std_srvs__rosidl_typesupport_microxrcedds_cpp[0m
[103.072s] [ 72%] [32mBuilding CXX object CMakeFiles/std_srvs__rosidl_typesupport_microxrcedds_cpp.dir/rosidl_typesupport_microxrcedds_cpp/std_srvs/srv/detail/microxrcedds/empty__type_support_cpp.cpp.o[0m
[105.957s] [ 74%] [32mBuilding CXX object CMakeFiles/std_srvs__rosidl_typesupport_microxrcedds_cpp.dir/rosidl_typesupport_microxrcedds_cpp/std_srvs/srv/detail/microxrcedds/trigger__type_support_cpp.cpp.o[0m
[108.751s] [ 76%] [32mBuilding CXX object CMakeFiles/std_srvs__rosidl_typesupport_microxrcedds_cpp.dir/rosidl_typesupport_microxrcedds_cpp/std_srvs/srv/detail/microxrcedds/set_bool__type_support_cpp.cpp.o[0m
[111.364s] [ 77%] [32m[1mLinking CXX shared library libstd_srvs__rosidl_typesupport_microxrcedds_cpp.so[0m
[112.131s] [ 77%] Built target std_srvs__rosidl_typesupport_microxrcedds_cpp
[112.263s] [35m[1mScanning dependencies of target std_srvs[0m
[112.405s] [ 77%] Built target std_srvs
[112.570s] [35m[1mScanning dependencies of target std_srvs__py[0m
[112.721s] [ 79%] [34m[1mGenerating Python code for ROS interfaces[0m
[119.881s] [ 79%] Built target std_srvs__py
[120.055s] [35m[1mScanning dependencies of target std_srvs__python[0m
[120.339s] [ 81%] [32mBuilding C object CMakeFiles/std_srvs__python.dir/rosidl_generator_py/std_srvs/srv/_empty_s.c.o[0m
[121.282s] [ 83%] [32mBuilding C object CMakeFiles/std_srvs__python.dir/rosidl_generator_py/std_srvs/srv/_trigger_s.c.o[0m
[122.235s] [ 84%] [32mBuilding C object CMakeFiles/std_srvs__python.dir/rosidl_generator_py/std_srvs/srv/_set_bool_s.c.o[0m
[123.630s] [ 86%] [32m[1mLinking C shared library rosidl_generator_py/std_srvs/libstd_srvs__python.so[0m
[124.196s] [ 86%] Built target std_srvs__python
[124.313s] [35m[1mScanning dependencies of target std_srvs__rosidl_typesupport_introspection_c__pyext[0m
[124.516s] [ 88%] [32mBuilding C object CMakeFiles/std_srvs__rosidl_typesupport_introspection_c__pyext.dir/rosidl_generator_py/std_srvs/_std_srvs_s.ep.rosidl_typesupport_introspection_c.c.o[0m
[125.593s] [ 89%] [32m[1mLinking C shared library rosidl_generator_py/std_srvs/std_srvs_s__rosidl_typesupport_introspection_c.cpython-38-aarch64-linux-gnu.so[0m
[125.933s] [ 89%] Built target std_srvs__rosidl_typesupport_introspection_c__pyext
[126.107s] [35m[1mScanning dependencies of target std_srvs__rosidl_typesupport_c__pyext[0m
[126.355s] [ 91%] [32mBuilding C object CMakeFiles/std_srvs__rosidl_typesupport_c__pyext.dir/rosidl_generator_py/std_srvs/_std_srvs_s.ep.rosidl_typesupport_c.c.o[0m
[127.135s] [ 93%] [32m[1mLinking C shared library rosidl_generator_py/std_srvs/std_srvs_s__rosidl_typesupport_c.cpython-38-aarch64-linux-gnu.so[0m
[127.611s] [ 93%] Built target std_srvs__rosidl_typesupport_c__pyext
[127.771s] [35m[1mScanning dependencies of target std_srvs__rosidl_typesupport_microxrcedds_c__pyext[0m
[128.102s] [ 94%] [32mBuilding C object CMakeFiles/std_srvs__rosidl_typesupport_microxrcedds_c__pyext.dir/rosidl_generator_py/std_srvs/_std_srvs_s.ep.rosidl_typesupport_microxrcedds_c.c.o[0m
[128.978s] [ 96%] [32m[1mLinking C shared library rosidl_generator_py/std_srvs/std_srvs_s__rosidl_typesupport_microxrcedds_c.cpython-38-aarch64-linux-gnu.so[0m
[129.449s] [ 96%] Built target std_srvs__rosidl_typesupport_microxrcedds_c__pyext
[129.605s] [35m[1mScanning dependencies of target std_srvs__rosidl_typesupport_fastrtps_c__pyext[0m
[129.943s] [ 98%] [32mBuilding C object CMakeFiles/std_srvs__rosidl_typesupport_fastrtps_c__pyext.dir/rosidl_generator_py/std_srvs/_std_srvs_s.ep.rosidl_typesupport_fastrtps_c.c.o[0m
[130.894s] [100%] [32m[1mLinking CXX shared library rosidl_generator_py/std_srvs/std_srvs_s__rosidl_typesupport_fastrtps_c.cpython-38-aarch64-linux-gnu.so[0m
[131.408s] [100%] Built target std_srvs__rosidl_typesupport_fastrtps_c__pyext
[131.549s] Invoked command in '/home/ubuntu/ROS2/microros_ws/build/std_srvs' returned '0': CMAKE_PREFIX_PATH=${CMAKE_PREFIX_PATH}:/opt/ros/foxy /usr/bin/cmake --build /home/ubuntu/ROS2/microros_ws/build/std_srvs -- -j4 -l4
[135.216s] Invoking command in '/home/ubuntu/ROS2/microros_ws/build/std_srvs': CMAKE_PREFIX_PATH=${CMAKE_PREFIX_PATH}:/opt/ros/foxy /usr/bin/cmake --install /home/ubuntu/ROS2/microros_ws/build/std_srvs
[135.307s] -- Install configuration: ""
[135.314s] -- Installing: /home/ubuntu/ROS2/microros_ws/install/std_srvs/share/ament_index/resource_index/rosidl_interfaces/std_srvs
[135.324s] -- Installing: /home/ubuntu/ROS2/microros_ws/install/std_srvs/include/std_srvs
[135.329s] -- Installing: /home/ubuntu/ROS2/microros_ws/install/std_srvs/include/std_srvs/msg
[135.333s] -- Installing: /home/ubuntu/ROS2/microros_ws/install/std_srvs/include/std_srvs/msg/rosidl_generator_c__visibility_control.h
[135.337s] -- Installing: /home/ubuntu/ROS2/microros_ws/install/std_srvs/include/std_srvs/srv
[135.381s] -- Installing: /home/ubuntu/ROS2/microros_ws/install/std_srvs/include/std_srvs/srv/set_bool.h
[135.387s] -- Installing: /home/ubuntu/ROS2/microros_ws/install/std_srvs/include/std_srvs/srv/detail
[135.389s] -- Installing: /home/ubuntu/ROS2/microros_ws/install/std_srvs/include/std_srvs/srv/detail/empty__type_support.h
[135.395s] -- Installing: /home/ubuntu/ROS2/microros_ws/install/std_srvs/include/std_srvs/srv/detail/empty__functions.h
[135.398s] -- Installing: /home/ubuntu/ROS2/microros_ws/install/std_srvs/include/std_srvs/srv/detail/set_bool__functions.h
[135.400s] -- Installing: /home/ubuntu/ROS2/microros_ws/install/std_srvs/include/std_srvs/srv/detail/set_bool__functions.c
[135.403s] -- Installing: /home/ubuntu/ROS2/microros_ws/install/std_srvs/include/std_srvs/srv/detail/set_bool__type_support.h
[135.405s] -- Installing: /home/ubuntu/ROS2/microros_ws/install/std_srvs/include/std_srvs/srv/detail/set_bool__struct.h
[135.409s] -- Installing: /home/ubuntu/ROS2/microros_ws/install/std_srvs/include/std_srvs/srv/detail/empty__struct.h
[135.411s] -- Installing: /home/ubuntu/ROS2/microros_ws/install/std_srvs/include/std_srvs/srv/detail/trigger__struct.h
[135.423s] -- Installing: /home/ubuntu/ROS2/microros_ws/install/std_srvs/include/std_srvs/srv/detail/trigger__functions.c
[135.426s] -- Installing: /home/ubuntu/ROS2/microros_ws/install/std_srvs/include/std_srvs/srv/detail/trigger__type_support.h
[135.428s] -- Installing: /home/ubuntu/ROS2/microros_ws/install/std_srvs/include/std_srvs/srv/detail/trigger__functions.h
[135.430s] -- Installing: /home/ubuntu/ROS2/microros_ws/install/std_srvs/include/std_srvs/srv/detail/empty__functions.c
[135.433s] -- Installing: /home/ubuntu/ROS2/microros_ws/install/std_srvs/include/std_srvs/srv/trigger.h
[135.435s] -- Installing: /home/ubuntu/ROS2/microros_ws/install/std_srvs/include/std_srvs/srv/empty.h
[135.438s] -- Installing: /home/ubuntu/ROS2/microros_ws/install/std_srvs/share/std_srvs/environment/library_path.sh
[135.446s] -- Installing: /home/ubuntu/ROS2/microros_ws/install/std_srvs/share/std_srvs/environment/library_path.dsv
[135.449s] -- Installing: /home/ubuntu/ROS2/microros_ws/install/std_srvs/lib/libstd_srvs__rosidl_generator_c.so
[135.459s] -- Set runtime path of "/home/ubuntu/ROS2/microros_ws/install/std_srvs/lib/libstd_srvs__rosidl_generator_c.so" to ""
[135.461s] -- Up-to-date: /home/ubuntu/ROS2/microros_ws/install/std_srvs/include/std_srvs
[135.463s] -- Up-to-date: /home/ubuntu/ROS2/microros_ws/install/std_srvs/include/std_srvs/msg
[135.465s] -- Installing: /home/ubuntu/ROS2/microros_ws/install/std_srvs/include/std_srvs/msg/rosidl_typesupport_microxrcedds_c__visibility_control.h
[135.470s] -- Up-to-date: /home/ubuntu/ROS2/microros_ws/install/std_srvs/include/std_srvs/srv
[135.471s] -- Up-to-date: /home/ubuntu/ROS2/microros_ws/install/std_srvs/include/std_srvs/srv/detail
[135.473s] -- Installing: /home/ubuntu/ROS2/microros_ws/install/std_srvs/include/std_srvs/srv/detail/empty__rosidl_typesupport_microxrcedds_c.h
[135.478s] -- Installing: /home/ubuntu/ROS2/microros_ws/install/std_srvs/include/std_srvs/srv/detail/microxrcedds
[135.480s] -- Installing: /home/ubuntu/ROS2/microros_ws/install/std_srvs/include/std_srvs/srv/detail/trigger__rosidl_typesupport_microxrcedds_c.h
[135.491s] -- Installing: /home/ubuntu/ROS2/microros_ws/install/std_srvs/include/std_srvs/srv/detail/set_bool__rosidl_typesupport_microxrcedds_c.h
[135.494s] -- Installing: /home/ubuntu/ROS2/microros_ws/install/std_srvs/lib/libstd_srvs__rosidl_typesupport_microxrcedds_c.so
[135.498s] -- Set runtime path of "/home/ubuntu/ROS2/microros_ws/install/std_srvs/lib/libstd_srvs__rosidl_typesupport_microxrcedds_c.so" to ""
[135.500s] -- Up-to-date: /home/ubuntu/ROS2/microros_ws/install/std_srvs/include/std_srvs
[135.501s] -- Up-to-date: /home/ubuntu/ROS2/microros_ws/install/std_srvs/include/std_srvs/msg
[135.510s] -- Installing: /home/ubuntu/ROS2/microros_ws/install/std_srvs/include/std_srvs/msg/rosidl_typesupport_fastrtps_c__visibility_control.h
[135.513s] -- Up-to-date: /home/ubuntu/ROS2/microros_ws/install/std_srvs/include/std_srvs/srv
[135.514s] -- Up-to-date: /home/ubuntu/ROS2/microros_ws/install/std_srvs/include/std_srvs/srv/detail
[135.516s] -- Installing: /home/ubuntu/ROS2/microros_ws/install/std_srvs/include/std_srvs/srv/detail/set_bool__rosidl_typesupport_fastrtps_c.h
[135.519s] -- Installing: /home/ubuntu/ROS2/microros_ws/install/std_srvs/include/std_srvs/srv/detail/trigger__rosidl_typesupport_fastrtps_c.h
[135.523s] -- Installing: /home/ubuntu/ROS2/microros_ws/install/std_srvs/include/std_srvs/srv/detail/empty__rosidl_typesupport_fastrtps_c.h
[135.526s] -- Installing: /home/ubuntu/ROS2/microros_ws/install/std_srvs/lib/libstd_srvs__rosidl_typesupport_fastrtps_c.so
[135.536s] -- Set runtime path of "/home/ubuntu/ROS2/microros_ws/install/std_srvs/lib/libstd_srvs__rosidl_typesupport_fastrtps_c.so" to ""
[135.538s] -- Up-to-date: /home/ubuntu/ROS2/microros_ws/install/std_srvs/include/std_srvs
[135.539s] -- Up-to-date: /home/ubuntu/ROS2/microros_ws/install/std_srvs/include/std_srvs/msg
[135.541s] -- Installing: /home/ubuntu/ROS2/microros_ws/install/std_srvs/include/std_srvs/msg/rosidl_typesupport_fastrtps_cpp__visibility_control.h
[135.543s] -- Up-to-date: /home/ubuntu/ROS2/microros_ws/install/std_srvs/include/std_srvs/srv
[135.550s] -- Up-to-date: /home/ubuntu/ROS2/microros_ws/install/std_srvs/include/std_srvs/srv/detail
[135.552s] -- Installing: /home/ubuntu/ROS2/microros_ws/install/std_srvs/include/std_srvs/srv/detail/dds_fastrtps
[135.554s] -- Installing: /home/ubuntu/ROS2/microros_ws/install/std_srvs/include/std_srvs/srv/detail/set_bool__rosidl_typesupport_fastrtps_cpp.hpp
[135.559s] -- Installing: /home/ubuntu/ROS2/microros_ws/install/std_srvs/include/std_srvs/srv/detail/trigger__rosidl_typesupport_fastrtps_cpp.hpp
[135.566s] -- Installing: /home/ubuntu/ROS2/microros_ws/install/std_srvs/include/std_srvs/srv/detail/empty__rosidl_typesupport_fastrtps_cpp.hpp
[135.569s] -- Installing: /home/ubuntu/ROS2/microros_ws/install/std_srvs/lib/libstd_srvs__rosidl_typesupport_fastrtps_cpp.so
[135.573s] -- Set runtime path of "/home/ubuntu/ROS2/microros_ws/install/std_srvs/lib/libstd_srvs__rosidl_typesupport_fastrtps_cpp.so" to ""
[135.579s] -- Up-to-date: /home/ubuntu/ROS2/microros_ws/install/std_srvs/include/std_srvs
[135.581s] -- Up-to-date: /home/ubuntu/ROS2/microros_ws/install/std_srvs/include/std_srvs/msg
[135.583s] -- Installing: /home/ubuntu/ROS2/microros_ws/install/std_srvs/include/std_srvs/msg/rosidl_typesupport_introspection_c__visibility_control.h
[135.585s] -- Up-to-date: /home/ubuntu/ROS2/microros_ws/install/std_srvs/include/std_srvs/srv
[135.595s] -- Up-to-date: /home/ubuntu/ROS2/microros_ws/install/std_srvs/include/std_srvs/srv/detail
[135.597s] -- Installing: /home/ubuntu/ROS2/microros_ws/install/std_srvs/include/std_srvs/srv/detail/set_bool__rosidl_typesupport_introspection_c.h
[135.599s] -- Installing: /home/ubuntu/ROS2/microros_ws/install/std_srvs/include/std_srvs/srv/detail/set_bool__type_support.c
[135.602s] -- Installing: /home/ubuntu/ROS2/microros_ws/install/std_srvs/include/std_srvs/srv/detail/trigger__type_support.c
[135.605s] -- Installing: /home/ubuntu/ROS2/microros_ws/install/std_srvs/include/std_srvs/srv/detail/empty__rosidl_typesupport_introspection_c.h
[135.607s] -- Installing: /home/ubuntu/ROS2/microros_ws/install/std_srvs/include/std_srvs/srv/detail/empty__type_support.c
[135.609s] -- Installing: /home/ubuntu/ROS2/microros_ws/install/std_srvs/include/std_srvs/srv/detail/trigger__rosidl_typesupport_introspection_c.h
[135.612s] -- Installing: /home/ubuntu/ROS2/microros_ws/install/std_srvs/lib/libstd_srvs__rosidl_typesupport_introspection_c.so
[135.625s] -- Set runtime path of "/home/ubuntu/ROS2/microros_ws/install/std_srvs/lib/libstd_srvs__rosidl_typesupport_introspection_c.so" to ""
[135.627s] -- Installing: /home/ubuntu/ROS2/microros_ws/install/std_srvs/lib/libstd_srvs__rosidl_typesupport_c.so
[135.631s] -- Set runtime path of "/home/ubuntu/ROS2/microros_ws/install/std_srvs/lib/libstd_srvs__rosidl_typesupport_c.so" to ""
[135.632s] -- Up-to-date: /home/ubuntu/ROS2/microros_ws/install/std_srvs/include/std_srvs
[135.634s] -- Up-to-date: /home/ubuntu/ROS2/microros_ws/install/std_srvs/include/std_srvs/msg
[135.635s] -- Installing: /home/ubuntu/ROS2/microros_ws/install/std_srvs/include/std_srvs/msg/rosidl_generator_cpp__visibility_control.hpp
[135.642s] -- Up-to-date: /home/ubuntu/ROS2/microros_ws/install/std_srvs/include/std_srvs/srv
[135.644s] -- Installing: /home/ubuntu/ROS2/microros_ws/install/std_srvs/include/std_srvs/srv/trigger.hpp
[135.648s] -- Installing: /home/ubuntu/ROS2/microros_ws/install/std_srvs/include/std_srvs/srv/empty.hpp
[135.650s] -- Up-to-date: /home/ubuntu/ROS2/microros_ws/install/std_srvs/include/std_srvs/srv/detail
[135.654s] -- Installing: /home/ubuntu/ROS2/microros_ws/install/std_srvs/include/std_srvs/srv/detail/trigger__builder.hpp
[135.666s] -- Installing: /home/ubuntu/ROS2/microros_ws/install/std_srvs/include/std_srvs/srv/detail/trigger__traits.hpp
[135.669s] -- Installing: /home/ubuntu/ROS2/microros_ws/install/std_srvs/include/std_srvs/srv/detail/trigger__struct.hpp
[135.671s] -- Installing: /home/ubuntu/ROS2/microros_ws/install/std_srvs/include/std_srvs/srv/detail/trigger__type_support.hpp
[135.672s] -- Installing: /home/ubuntu/ROS2/microros_ws/install/std_srvs/include/std_srvs/srv/detail/empty__traits.hpp
[135.673s] -- Installing: /home/ubuntu/ROS2/microros_ws/install/std_srvs/include/std_srvs/srv/detail/set_bool__struct.hpp
[135.673s] -- Installing: /home/ubuntu/ROS2/microros_ws/install/std_srvs/include/std_srvs/srv/detail/set_bool__builder.hpp
[135.681s] -- Installing: /home/ubuntu/ROS2/microros_ws/install/std_srvs/include/std_srvs/srv/detail/empty__type_support.hpp
[135.686s] -- Installing: /home/ubuntu/ROS2/microros_ws/install/std_srvs/include/std_srvs/srv/detail/empty__struct.hpp
[135.689s] -- Installing: /home/ubuntu/ROS2/microros_ws/install/std_srvs/include/std_srvs/srv/detail/set_bool__type_support.hpp
[135.690s] -- Installing: /home/ubuntu/ROS2/microros_ws/install/std_srvs/include/std_srvs/srv/detail/set_bool__traits.hpp
[135.691s] -- Installing: /home/ubuntu/ROS2/microros_ws/install/std_srvs/include/std_srvs/srv/detail/empty__builder.hpp
[135.692s] -- Installing: /home/ubuntu/ROS2/microros_ws/install/std_srvs/include/std_srvs/srv/set_bool.hpp
[135.693s] -- Up-to-date: /home/ubuntu/ROS2/microros_ws/install/std_srvs/include/std_srvs
[135.705s] -- Up-to-date: /home/ubuntu/ROS2/microros_ws/install/std_srvs/include/std_srvs/msg
[135.707s] -- Installing: /home/ubuntu/ROS2/microros_ws/install/std_srvs/include/std_srvs/msg/rosidl_typesupport_microxrcedds_cpp__visibility_control.h
[135.708s] -- Up-to-date: /home/ubuntu/ROS2/microros_ws/install/std_srvs/include/std_srvs/srv
[135.710s] -- Up-to-date: /home/ubuntu/ROS2/microros_ws/install/std_srvs/include/std_srvs/srv/detail
[135.711s] -- Installing: /home/ubuntu/ROS2/microros_ws/install/std_srvs/include/std_srvs/srv/detail/trigger__rosidl_typesupport_microxrcedds_cpp.hpp
[135.715s] -- Installing: /home/ubuntu/ROS2/microros_ws/install/std_srvs/include/std_srvs/srv/detail/empty__rosidl_typesupport_microxrcedds_cpp.hpp
[135.718s] -- Up-to-date: /home/ubuntu/ROS2/microros_ws/install/std_srvs/include/std_srvs/srv/detail/microxrcedds
[135.719s] -- Installing: /home/ubuntu/ROS2/microros_ws/install/std_srvs/include/std_srvs/srv/detail/microxrcedds/empty__type_support_cpp.cpp
[135.719s] -- Installing: /home/ubuntu/ROS2/microros_ws/install/std_srvs/include/std_srvs/srv/detail/microxrcedds/set_bool__type_support_cpp.cpp
[135.724s] -- Installing: /home/ubuntu/ROS2/microros_ws/install/std_srvs/include/std_srvs/srv/detail/microxrcedds/trigger__type_support_cpp.cpp
[135.725s] -- Installing: /home/ubuntu/ROS2/microros_ws/install/std_srvs/include/std_srvs/srv/detail/set_bool__rosidl_typesupport_microxrcedds_cpp.hpp
[135.727s] -- Installing: /home/ubuntu/ROS2/microros_ws/install/std_srvs/lib/libstd_srvs__rosidl_typesupport_microxrcedds_cpp.so
[135.747s] -- Set runtime path of "/home/ubuntu/ROS2/microros_ws/install/std_srvs/lib/libstd_srvs__rosidl_typesupport_microxrcedds_cpp.so" to ""
[135.749s] -- Up-to-date: /home/ubuntu/ROS2/microros_ws/install/std_srvs/include/std_srvs
[135.750s] -- Up-to-date: /home/ubuntu/ROS2/microros_ws/install/std_srvs/include/std_srvs/srv
[135.751s] -- Up-to-date: /home/ubuntu/ROS2/microros_ws/install/std_srvs/include/std_srvs/srv/detail
[135.751s] -- Installing: /home/ubuntu/ROS2/microros_ws/install/std_srvs/include/std_srvs/srv/detail/trigger__rosidl_typesupport_introspection_cpp.hpp
[135.752s] -- Installing: /home/ubuntu/ROS2/microros_ws/install/std_srvs/include/std_srvs/srv/detail/set_bool__rosidl_typesupport_introspection_cpp.hpp
[135.753s] -- Installing: /home/ubuntu/ROS2/microros_ws/install/std_srvs/include/std_srvs/srv/detail/empty__rosidl_typesupport_introspection_cpp.hpp
[135.753s] -- Installing: /home/ubuntu/ROS2/microros_ws/install/std_srvs/include/std_srvs/srv/detail/empty__type_support.cpp
[135.769s] -- Installing: /home/ubuntu/ROS2/microros_ws/install/std_srvs/include/std_srvs/srv/detail/set_bool__type_support.cpp
[135.771s] -- Installing: /home/ubuntu/ROS2/microros_ws/install/std_srvs/include/std_srvs/srv/detail/trigger__type_support.cpp
[135.773s] -- Installing: /home/ubuntu/ROS2/microros_ws/install/std_srvs/lib/libstd_srvs__rosidl_typesupport_introspection_cpp.so
[135.776s] -- Set runtime path of "/home/ubuntu/ROS2/microros_ws/install/std_srvs/lib/libstd_srvs__rosidl_typesupport_introspection_cpp.so" to ""
[135.793s] -- Installing: /home/ubuntu/ROS2/microros_ws/install/std_srvs/lib/libstd_srvs__rosidl_typesupport_cpp.so
[135.796s] -- Set runtime path of "/home/ubuntu/ROS2/microros_ws/install/std_srvs/lib/libstd_srvs__rosidl_typesupport_cpp.so" to ""
[135.797s] -- Installing: /home/ubuntu/ROS2/microros_ws/install/std_srvs/share/std_srvs/environment/pythonpath.sh
[135.814s] -- Installing: /home/ubuntu/ROS2/microros_ws/install/std_srvs/share/std_srvs/environment/pythonpath.dsv
[135.816s] -- Installing: /home/ubuntu/ROS2/microros_ws/install/std_srvs/lib/python3.8/site-packages/std_srvs/__init__.py
[136.197s] Compiling '/home/ubuntu/ROS2/microros_ws/install/std_srvs/lib/python3.8/site-packages/std_srvs/__init__.py'...
[136.227s] -- Installing: /home/ubuntu/ROS2/microros_ws/install/std_srvs/lib/python3.8/site-packages/std_srvs/srv
[136.230s] -- Installing: /home/ubuntu/ROS2/microros_ws/install/std_srvs/lib/python3.8/site-packages/std_srvs/srv/_set_bool.py
[136.231s] -- Installing: /home/ubuntu/ROS2/microros_ws/install/std_srvs/lib/python3.8/site-packages/std_srvs/srv/_set_bool_s.c
[136.234s] -- Installing: /home/ubuntu/ROS2/microros_ws/install/std_srvs/lib/python3.8/site-packages/std_srvs/srv/_empty.py
[136.237s] -- Installing: /home/ubuntu/ROS2/microros_ws/install/std_srvs/lib/python3.8/site-packages/std_srvs/srv/__init__.py
[136.237s] -- Installing: /home/ubuntu/ROS2/microros_ws/install/std_srvs/lib/python3.8/site-packages/std_srvs/srv/_trigger.py
[136.238s] -- Installing: /home/ubuntu/ROS2/microros_ws/install/std_srvs/lib/python3.8/site-packages/std_srvs/srv/_empty_s.c
[136.241s] -- Installing: /home/ubuntu/ROS2/microros_ws/install/std_srvs/lib/python3.8/site-packages/std_srvs/srv/_trigger_s.c
[136.245s] -- Installing: /home/ubuntu/ROS2/microros_ws/install/std_srvs/lib/python3.8/site-packages/std_srvs/std_srvs_s__rosidl_typesupport_microxrcedds_c.cpython-38-aarch64-linux-gnu.so
[136.260s] -- Set runtime path of "/home/ubuntu/ROS2/microros_ws/install/std_srvs/lib/python3.8/site-packages/std_srvs/std_srvs_s__rosidl_typesupport_microxrcedds_c.cpython-38-aarch64-linux-gnu.so" to ""
[136.261s] -- Installing: /home/ubuntu/ROS2/microros_ws/install/std_srvs/lib/python3.8/site-packages/std_srvs/std_srvs_s__rosidl_typesupport_fastrtps_c.cpython-38-aarch64-linux-gnu.so
[136.262s] -- Set runtime path of "/home/ubuntu/ROS2/microros_ws/install/std_srvs/lib/python3.8/site-packages/std_srvs/std_srvs_s__rosidl_typesupport_fastrtps_c.cpython-38-aarch64-linux-gnu.so" to ""
[136.262s] -- Installing: /home/ubuntu/ROS2/microros_ws/install/std_srvs/lib/python3.8/site-packages/std_srvs/std_srvs_s__rosidl_typesupport_introspection_c.cpython-38-aarch64-linux-gnu.so
[136.263s] -- Set runtime path of "/home/ubuntu/ROS2/microros_ws/install/std_srvs/lib/python3.8/site-packages/std_srvs/std_srvs_s__rosidl_typesupport_introspection_c.cpython-38-aarch64-linux-gnu.so" to ""
[136.263s] -- Installing: /home/ubuntu/ROS2/microros_ws/install/std_srvs/lib/python3.8/site-packages/std_srvs/std_srvs_s__rosidl_typesupport_c.cpython-38-aarch64-linux-gnu.so
[136.264s] -- Set runtime path of "/home/ubuntu/ROS2/microros_ws/install/std_srvs/lib/python3.8/site-packages/std_srvs/std_srvs_s__rosidl_typesupport_c.cpython-38-aarch64-linux-gnu.so" to ""
[136.270s] -- Installing: /home/ubuntu/ROS2/microros_ws/install/std_srvs/lib/libstd_srvs__python.so
[136.271s] -- Set runtime path of "/home/ubuntu/ROS2/microros_ws/install/std_srvs/lib/libstd_srvs__python.so" to ""
[136.273s] -- Installing: /home/ubuntu/ROS2/microros_ws/install/std_srvs/share/std_srvs/srv/Empty.idl
[136.275s] -- Installing: /home/ubuntu/ROS2/microros_ws/install/std_srvs/share/std_srvs/srv/SetBool.idl
[136.283s] -- Installing: /home/ubuntu/ROS2/microros_ws/install/std_srvs/share/std_srvs/srv/Trigger.idl
[136.290s] -- Installing: /home/ubuntu/ROS2/microros_ws/install/std_srvs/share/std_srvs/srv/Empty.srv
[136.292s] -- Installing: /home/ubuntu/ROS2/microros_ws/install/std_srvs/share/std_srvs/srv/Empty_Request.msg
[136.294s] -- Installing: /home/ubuntu/ROS2/microros_ws/install/std_srvs/share/std_srvs/srv/Empty_Response.msg
[136.298s] -- Installing: /home/ubuntu/ROS2/microros_ws/install/std_srvs/share/std_srvs/srv/SetBool.srv
[136.299s] -- Installing: /home/ubuntu/ROS2/microros_ws/install/std_srvs/share/std_srvs/srv/SetBool_Request.msg
[136.306s] -- Installing: /home/ubuntu/ROS2/microros_ws/install/std_srvs/share/std_srvs/srv/SetBool_Response.msg
[136.307s] -- Installing: /home/ubuntu/ROS2/microros_ws/install/std_srvs/share/std_srvs/srv/Trigger.srv
[136.309s] -- Installing: /home/ubuntu/ROS2/microros_ws/install/std_srvs/share/std_srvs/srv/Trigger_Request.msg
[136.316s] -- Installing: /home/ubuntu/ROS2/microros_ws/install/std_srvs/share/std_srvs/srv/Trigger_Response.msg
[136.318s] -- Installing: /home/ubuntu/ROS2/microros_ws/install/std_srvs/share/ament_index/resource_index/package_run_dependencies/std_srvs
[136.320s] -- Installing: /home/ubuntu/ROS2/microros_ws/install/std_srvs/share/ament_index/resource_index/parent_prefix_path/std_srvs
[136.330s] -- Installing: /home/ubuntu/ROS2/microros_ws/install/std_srvs/share/std_srvs/environment/ament_prefix_path.sh
[136.332s] -- Installing: /home/ubuntu/ROS2/microros_ws/install/std_srvs/share/std_srvs/environment/ament_prefix_path.dsv
[136.334s] -- Installing: /home/ubuntu/ROS2/microros_ws/install/std_srvs/share/std_srvs/environment/path.sh
[136.336s] -- Installing: /home/ubuntu/ROS2/microros_ws/install/std_srvs/share/std_srvs/environment/path.dsv
[136.337s] -- Installing: /home/ubuntu/ROS2/microros_ws/install/std_srvs/share/std_srvs/local_setup.bash
[136.338s] -- Installing: /home/ubuntu/ROS2/microros_ws/install/std_srvs/share/std_srvs/local_setup.sh
[136.340s] -- Installing: /home/ubuntu/ROS2/microros_ws/install/std_srvs/share/std_srvs/local_setup.zsh
[136.342s] -- Installing: /home/ubuntu/ROS2/microros_ws/install/std_srvs/share/std_srvs/local_setup.dsv
[136.343s] -- Installing: /home/ubuntu/ROS2/microros_ws/install/std_srvs/share/std_srvs/package.dsv
[136.345s] -- Installing: /home/ubuntu/ROS2/microros_ws/install/std_srvs/share/ament_index/resource_index/packages/std_srvs
[136.358s] -- Installing: /home/ubuntu/ROS2/microros_ws/install/std_srvs/share/std_srvs/cmake/std_srvs__rosidl_generator_cExport.cmake
[136.359s] -- Installing: /home/ubuntu/ROS2/microros_ws/install/std_srvs/share/std_srvs/cmake/std_srvs__rosidl_generator_cExport-noconfig.cmake
[136.361s] -- Installing: /home/ubuntu/ROS2/microros_ws/install/std_srvs/share/std_srvs/cmake/std_srvs__rosidl_typesupport_introspection_cExport.cmake
[136.383s] -- Installing: /home/ubuntu/ROS2/microros_ws/install/std_srvs/share/std_srvs/cmake/std_srvs__rosidl_typesupport_introspection_cExport-noconfig.cmake
[136.385s] -- Installing: /home/ubuntu/ROS2/microros_ws/install/std_srvs/share/std_srvs/cmake/std_srvs__rosidl_typesupport_cExport.cmake
[136.393s] -- Installing: /home/ubuntu/ROS2/microros_ws/install/std_srvs/share/std_srvs/cmake/std_srvs__rosidl_typesupport_cExport-noconfig.cmake
[136.394s] -- Installing: /home/ubuntu/ROS2/microros_ws/install/std_srvs/share/std_srvs/cmake/std_srvs__rosidl_generator_cppExport.cmake
[136.400s] -- Installing: /home/ubuntu/ROS2/microros_ws/install/std_srvs/share/std_srvs/cmake/std_srvs__rosidl_typesupport_introspection_cppExport.cmake
[136.408s] -- Installing: /home/ubuntu/ROS2/microros_ws/install/std_srvs/share/std_srvs/cmake/std_srvs__rosidl_typesupport_introspection_cppExport-noconfig.cmake
[136.411s] -- Installing: /home/ubuntu/ROS2/microros_ws/install/std_srvs/share/std_srvs/cmake/std_srvs__rosidl_typesupport_cppExport.cmake
[136.412s] -- Installing: /home/ubuntu/ROS2/microros_ws/install/std_srvs/share/std_srvs/cmake/std_srvs__rosidl_typesupport_cppExport-noconfig.cmake
[136.414s] -- Installing: /home/ubuntu/ROS2/microros_ws/install/std_srvs/share/std_srvs/cmake/rosidl_cmake-extras.cmake
[136.416s] -- Installing: /home/ubuntu/ROS2/microros_ws/install/std_srvs/share/std_srvs/cmake/ament_cmake_export_dependencies-extras.cmake
[136.430s] -- Installing: /home/ubuntu/ROS2/microros_ws/install/std_srvs/share/std_srvs/cmake/ament_cmake_export_libraries-extras.cmake
[136.431s] -- Installing: /home/ubuntu/ROS2/microros_ws/install/std_srvs/share/std_srvs/cmake/ament_cmake_export_targets-extras.cmake
[136.433s] -- Installing: /home/ubuntu/ROS2/microros_ws/install/std_srvs/share/std_srvs/cmake/ament_cmake_export_include_directories-extras.cmake
[136.436s] -- Installing: /home/ubuntu/ROS2/microros_ws/install/std_srvs/share/std_srvs/cmake/rosidl_cmake_export_typesupport_libraries-extras.cmake
[136.437s] -- Installing: /home/ubuntu/ROS2/microros_ws/install/std_srvs/share/std_srvs/cmake/rosidl_cmake_export_typesupport_targets-extras.cmake
[136.438s] -- Installing: /home/ubuntu/ROS2/microros_ws/install/std_srvs/share/std_srvs/cmake/std_srvsConfig.cmake
[136.440s] -- Installing: /home/ubuntu/ROS2/microros_ws/install/std_srvs/share/std_srvs/cmake/std_srvsConfig-version.cmake
[136.441s] -- Installing: /home/ubuntu/ROS2/microros_ws/install/std_srvs/share/std_srvs/package.xml
[136.470s] Invoked command in '/home/ubuntu/ROS2/microros_ws/build/std_srvs' returned '0': CMAKE_PREFIX_PATH=${CMAKE_PREFIX_PATH}:/opt/ros/foxy /usr/bin/cmake --install /home/ubuntu/ROS2/microros_ws/build/std_srvs
