Not searching for unused variables given on the command line.
-- The C compiler identification is GNU 9.4.0
-- Check for working C compiler: /usr/bin/arm-linux-gnueabihf-gcc
-- Check for working C compiler: /usr/bin/arm-linux-gnueabihf-gcc -- works
-- Detecting C compiler ABI info
-- Detecting C compiler ABI info - done
-- Detecting C compile features
-- Detecting C compile features - done
-- Found ament_cmake_ros: 0.9.2 (/home/ubuntu/ROS2/microros_ws/firmware/dev_ws/install/ament_cmake_ros/share/ament_cmake_ros/cmake)
-- Found PythonInterp: /usr/bin/python3 (found suitable version "3.8.10", minimum required is "3") 
-- Using PYTHON_EXECUTABLE: /usr/bin/python3
-- Found rcutils: 1.1.5 (/home/ubuntu/ROS2/microros_ws/firmware/mcu_ws/install/share/rcutils/cmake)
-- Found rosidl_typesupport_interface: 1.3.1 (/home/ubuntu/ROS2/microros_ws/firmware/mcu_ws/install/share/rosidl_typesupport_interface/cmake)
-- Configuring done
-- Generating done
-- Build files have been written to: /home/ubuntu/ROS2/microros_ws/firmware/mcu_ws/build/rosidl_runtime_c
/usr/bin/cmake -S/home/ubuntu/ROS2/microros_ws/firmware/mcu_ws/ros2/rosidl/rosidl_runtime_c -B/home/ubuntu/ROS2/microros_ws/firmware/mcu_ws/build/rosidl_runtime_c --check-build-system CMakeFiles/Makefile.cmake 0
/usr/bin/cmake -E cmake_progress_start /home/ubuntu/ROS2/microros_ws/firmware/mcu_ws/build/rosidl_runtime_c/CMakeFiles /home/ubuntu/ROS2/microros_ws/firmware/mcu_ws/build/rosidl_runtime_c/CMakeFiles/progress.marks
/usr/bin/make -f CMakeFiles/Makefile2 all
make[1]: Entering directory '/home/ubuntu/ROS2/microros_ws/firmware/mcu_ws/build/rosidl_runtime_c'
/usr/bin/make -f CMakeFiles/rosidl_runtime_c.dir/build.make CMakeFiles/rosidl_runtime_c.dir/depend
make[2]: Entering directory '/home/ubuntu/ROS2/microros_ws/firmware/mcu_ws/build/rosidl_runtime_c'
cd /home/ubuntu/ROS2/microros_ws/firmware/mcu_ws/build/rosidl_runtime_c && /usr/bin/cmake -E cmake_depends "Unix Makefiles" /home/ubuntu/ROS2/microros_ws/firmware/mcu_ws/ros2/rosidl/rosidl_runtime_c /home/ubuntu/ROS2/microros_ws/firmware/mcu_ws/ros2/rosidl/rosidl_runtime_c /home/ubuntu/ROS2/microros_ws/firmware/mcu_ws/build/rosidl_runtime_c /home/ubuntu/ROS2/microros_ws/firmware/mcu_ws/build/rosidl_runtime_c /home/ubuntu/ROS2/microros_ws/firmware/mcu_ws/build/rosidl_runtime_c/CMakeFiles/rosidl_runtime_c.dir/DependInfo.cmake --color=
Dependee "/home/ubuntu/ROS2/microros_ws/firmware/mcu_ws/build/rosidl_runtime_c/CMakeFiles/rosidl_runtime_c.dir/DependInfo.cmake" is newer than depender "/home/ubuntu/ROS2/microros_ws/firmware/mcu_ws/build/rosidl_runtime_c/CMakeFiles/rosidl_runtime_c.dir/depend.internal".
Dependee "/home/ubuntu/ROS2/microros_ws/firmware/mcu_ws/build/rosidl_runtime_c/CMakeFiles/CMakeDirectoryInformation.cmake" is newer than depender "/home/ubuntu/ROS2/microros_ws/firmware/mcu_ws/build/rosidl_runtime_c/CMakeFiles/rosidl_runtime_c.dir/depend.internal".
[35m[1mScanning dependencies of target rosidl_runtime_c[0m
make[2]: Leaving directory '/home/ubuntu/ROS2/microros_ws/firmware/mcu_ws/build/rosidl_runtime_c'
/usr/bin/make -f CMakeFiles/rosidl_runtime_c.dir/build.make CMakeFiles/rosidl_runtime_c.dir/build
make[2]: Entering directory '/home/ubuntu/ROS2/microros_ws/firmware/mcu_ws/build/rosidl_runtime_c'
[ 14%] [32mBuilding C object CMakeFiles/rosidl_runtime_c.dir/src/message_type_support.c.o[0m
/usr/bin/arm-linux-gnueabihf-gcc -DROS_PACKAGE_NAME=\"rosidl_runtime_c\" -I/home/ubuntu/ROS2/microros_ws/firmware/mcu_ws/ros2/rosidl/rosidl_runtime_c/include -isystem /home/ubuntu/ROS2/microros_ws/firmware/mcu_ws/install/include -isystem /home/ubuntu/ROS2/microros_ws/firmware/mcu_ws/install/share/tinydir_vendor/cmake/../../../include  -march=armv8-a -mfpu=neon-fp-armv8 -mfloat-abi=hard -O3 -DNDEBUG   -std=gnu11 -o CMakeFiles/rosidl_runtime_c.dir/src/message_type_support.c.o   -c /home/ubuntu/ROS2/microros_ws/firmware/mcu_ws/ros2/rosidl/rosidl_runtime_c/src/message_type_support.c
[ 28%] [32mBuilding C object CMakeFiles/rosidl_runtime_c.dir/src/service_type_support.c.o[0m
/usr/bin/arm-linux-gnueabihf-gcc -DROS_PACKAGE_NAME=\"rosidl_runtime_c\" -I/home/ubuntu/ROS2/microros_ws/firmware/mcu_ws/ros2/rosidl/rosidl_runtime_c/include -isystem /home/ubuntu/ROS2/microros_ws/firmware/mcu_ws/install/include -isystem /home/ubuntu/ROS2/microros_ws/firmware/mcu_ws/install/share/tinydir_vendor/cmake/../../../include  -march=armv8-a -mfpu=neon-fp-armv8 -mfloat-abi=hard -O3 -DNDEBUG   -std=gnu11 -o CMakeFiles/rosidl_runtime_c.dir/src/service_type_support.c.o   -c /home/ubuntu/ROS2/microros_ws/firmware/mcu_ws/ros2/rosidl/rosidl_runtime_c/src/service_type_support.c
[ 42%] [32mBuilding C object CMakeFiles/rosidl_runtime_c.dir/src/string_functions.c.o[0m
/usr/bin/arm-linux-gnueabihf-gcc -DROS_PACKAGE_NAME=\"rosidl_runtime_c\" -I/home/ubuntu/ROS2/microros_ws/firmware/mcu_ws/ros2/rosidl/rosidl_runtime_c/include -isystem /home/ubuntu/ROS2/microros_ws/firmware/mcu_ws/install/include -isystem /home/ubuntu/ROS2/microros_ws/firmware/mcu_ws/install/share/tinydir_vendor/cmake/../../../include  -march=armv8-a -mfpu=neon-fp-armv8 -mfloat-abi=hard -O3 -DNDEBUG   -std=gnu11 -o CMakeFiles/rosidl_runtime_c.dir/src/string_functions.c.o   -c /home/ubuntu/ROS2/microros_ws/firmware/mcu_ws/ros2/rosidl/rosidl_runtime_c/src/string_functions.c
[ 57%] [32mBuilding C object CMakeFiles/rosidl_runtime_c.dir/src/u16string_functions.c.o[0m
/usr/bin/arm-linux-gnueabihf-gcc -DROS_PACKAGE_NAME=\"rosidl_runtime_c\" -I/home/ubuntu/ROS2/microros_ws/firmware/mcu_ws/ros2/rosidl/rosidl_runtime_c/include -isystem /home/ubuntu/ROS2/microros_ws/firmware/mcu_ws/install/include -isystem /home/ubuntu/ROS2/microros_ws/firmware/mcu_ws/install/share/tinydir_vendor/cmake/../../../include  -march=armv8-a -mfpu=neon-fp-armv8 -mfloat-abi=hard -O3 -DNDEBUG   -std=gnu11 -o CMakeFiles/rosidl_runtime_c.dir/src/u16string_functions.c.o   -c /home/ubuntu/ROS2/microros_ws/firmware/mcu_ws/ros2/rosidl/rosidl_runtime_c/src/u16string_functions.c
[ 71%] [32mBuilding C object CMakeFiles/rosidl_runtime_c.dir/src/sequence_bound.c.o[0m
/usr/bin/arm-linux-gnueabihf-gcc -DROS_PACKAGE_NAME=\"rosidl_runtime_c\" -I/home/ubuntu/ROS2/microros_ws/firmware/mcu_ws/ros2/rosidl/rosidl_runtime_c/include -isystem /home/ubuntu/ROS2/microros_ws/firmware/mcu_ws/install/include -isystem /home/ubuntu/ROS2/microros_ws/firmware/mcu_ws/install/share/tinydir_vendor/cmake/../../../include  -march=armv8-a -mfpu=neon-fp-armv8 -mfloat-abi=hard -O3 -DNDEBUG   -std=gnu11 -o CMakeFiles/rosidl_runtime_c.dir/src/sequence_bound.c.o   -c /home/ubuntu/ROS2/microros_ws/firmware/mcu_ws/ros2/rosidl/rosidl_runtime_c/src/sequence_bound.c
[ 85%] [32mBuilding C object CMakeFiles/rosidl_runtime_c.dir/src/primitives_sequence_functions.c.o[0m
/usr/bin/arm-linux-gnueabihf-gcc -DROS_PACKAGE_NAME=\"rosidl_runtime_c\" -I/home/ubuntu/ROS2/microros_ws/firmware/mcu_ws/ros2/rosidl/rosidl_runtime_c/include -isystem /home/ubuntu/ROS2/microros_ws/firmware/mcu_ws/install/include -isystem /home/ubuntu/ROS2/microros_ws/firmware/mcu_ws/install/share/tinydir_vendor/cmake/../../../include  -march=armv8-a -mfpu=neon-fp-armv8 -mfloat-abi=hard -O3 -DNDEBUG   -std=gnu11 -o CMakeFiles/rosidl_runtime_c.dir/src/primitives_sequence_functions.c.o   -c /home/ubuntu/ROS2/microros_ws/firmware/mcu_ws/ros2/rosidl/rosidl_runtime_c/src/primitives_sequence_functions.c
[100%] [32m[1mLinking C static library librosidl_runtime_c.a[0m
/usr/bin/cmake -P CMakeFiles/rosidl_runtime_c.dir/cmake_clean_target.cmake
/usr/bin/cmake -E cmake_link_script CMakeFiles/rosidl_runtime_c.dir/link.txt --verbose=1
/usr/bin/arm-linux-gnueabihf-ar qc librosidl_runtime_c.a  CMakeFiles/rosidl_runtime_c.dir/src/message_type_support.c.o CMakeFiles/rosidl_runtime_c.dir/src/primitives_sequence_functions.c.o CMakeFiles/rosidl_runtime_c.dir/src/sequence_bound.c.o CMakeFiles/rosidl_runtime_c.dir/src/service_type_support.c.o CMakeFiles/rosidl_runtime_c.dir/src/string_functions.c.o CMakeFiles/rosidl_runtime_c.dir/src/u16string_functions.c.o
/usr/bin/arm-linux-gnueabihf-ranlib librosidl_runtime_c.a
make[2]: Leaving directory '/home/ubuntu/ROS2/microros_ws/firmware/mcu_ws/build/rosidl_runtime_c'
[100%] Built target rosidl_runtime_c
make[1]: Leaving directory '/home/ubuntu/ROS2/microros_ws/firmware/mcu_ws/build/rosidl_runtime_c'
/usr/bin/cmake -E cmake_progress_start /home/ubuntu/ROS2/microros_ws/firmware/mcu_ws/build/rosidl_runtime_c/CMakeFiles 0
-- Install configuration: "Release"
-- Installing: /home/ubuntu/ROS2/microros_ws/firmware/mcu_ws/install/share/rosidl_runtime_c/environment/library_path.sh
-- Installing: /home/ubuntu/ROS2/microros_ws/firmware/mcu_ws/install/share/rosidl_runtime_c/environment/library_path.dsv
-- Installing: /home/ubuntu/ROS2/microros_ws/firmware/mcu_ws/install/share/ament_index/resource_index/rosidl_runtime_packages/rosidl_runtime_c
-- Up-to-date: /home/ubuntu/ROS2/microros_ws/firmware/mcu_ws/install/include
-- Installing: /home/ubuntu/ROS2/microros_ws/firmware/mcu_ws/install/include/rosidl_runtime_c
-- Installing: /home/ubuntu/ROS2/microros_ws/firmware/mcu_ws/install/include/rosidl_runtime_c/primitives_sequence_functions.h
-- Installing: /home/ubuntu/ROS2/microros_ws/firmware/mcu_ws/install/include/rosidl_runtime_c/u16string.h
-- Installing: /home/ubuntu/ROS2/microros_ws/firmware/mcu_ws/install/include/rosidl_runtime_c/action_type_support_struct.h
-- Installing: /home/ubuntu/ROS2/microros_ws/firmware/mcu_ws/install/include/rosidl_runtime_c/u16string_functions.h
-- Installing: /home/ubuntu/ROS2/microros_ws/firmware/mcu_ws/install/include/rosidl_runtime_c/primitives_sequence.h
-- Installing: /home/ubuntu/ROS2/microros_ws/firmware/mcu_ws/install/include/rosidl_runtime_c/string_bound.h
-- Installing: /home/ubuntu/ROS2/microros_ws/firmware/mcu_ws/install/include/rosidl_runtime_c/service_type_support_struct.h
-- Installing: /home/ubuntu/ROS2/microros_ws/firmware/mcu_ws/install/include/rosidl_runtime_c/message_initialization.h
-- Installing: /home/ubuntu/ROS2/microros_ws/firmware/mcu_ws/install/include/rosidl_runtime_c/visibility_control.h
-- Installing: /home/ubuntu/ROS2/microros_ws/firmware/mcu_ws/install/include/rosidl_runtime_c/sequence_bound.h
-- Installing: /home/ubuntu/ROS2/microros_ws/firmware/mcu_ws/install/include/rosidl_runtime_c/message_type_support_struct.h
-- Installing: /home/ubuntu/ROS2/microros_ws/firmware/mcu_ws/install/include/rosidl_runtime_c/string_functions.h
-- Installing: /home/ubuntu/ROS2/microros_ws/firmware/mcu_ws/install/include/rosidl_runtime_c/string.h
-- Installing: /home/ubuntu/ROS2/microros_ws/firmware/mcu_ws/install/lib/librosidl_runtime_c.a
-- Installing: /home/ubuntu/ROS2/microros_ws/firmware/mcu_ws/install/share/ament_index/resource_index/package_run_dependencies/rosidl_runtime_c
-- Installing: /home/ubuntu/ROS2/microros_ws/firmware/mcu_ws/install/share/ament_index/resource_index/parent_prefix_path/rosidl_runtime_c
-- Installing: /home/ubuntu/ROS2/microros_ws/firmware/mcu_ws/install/share/rosidl_runtime_c/environment/ament_prefix_path.sh
-- Installing: /home/ubuntu/ROS2/microros_ws/firmware/mcu_ws/install/share/rosidl_runtime_c/environment/ament_prefix_path.dsv
-- Installing: /home/ubuntu/ROS2/microros_ws/firmware/mcu_ws/install/share/rosidl_runtime_c/environment/path.sh
-- Installing: /home/ubuntu/ROS2/microros_ws/firmware/mcu_ws/install/share/rosidl_runtime_c/environment/path.dsv
-- Installing: /home/ubuntu/ROS2/microros_ws/firmware/mcu_ws/install/share/rosidl_runtime_c/local_setup.bash
-- Installing: /home/ubuntu/ROS2/microros_ws/firmware/mcu_ws/install/share/rosidl_runtime_c/local_setup.sh
-- Installing: /home/ubuntu/ROS2/microros_ws/firmware/mcu_ws/install/share/rosidl_runtime_c/local_setup.zsh
-- Installing: /home/ubuntu/ROS2/microros_ws/firmware/mcu_ws/install/share/rosidl_runtime_c/local_setup.dsv
-- Installing: /home/ubuntu/ROS2/microros_ws/firmware/mcu_ws/install/share/rosidl_runtime_c/package.dsv
-- Installing: /home/ubuntu/ROS2/microros_ws/firmware/mcu_ws/install/share/ament_index/resource_index/packages/rosidl_runtime_c
-- Installing: /home/ubuntu/ROS2/microros_ws/firmware/mcu_ws/install/share/rosidl_runtime_c/cmake/rosidl_runtime_cExport.cmake
-- Installing: /home/ubuntu/ROS2/microros_ws/firmware/mcu_ws/install/share/rosidl_runtime_c/cmake/rosidl_runtime_cExport-release.cmake
-- Installing: /home/ubuntu/ROS2/microros_ws/firmware/mcu_ws/install/share/rosidl_runtime_c/cmake/ament_cmake_export_dependencies-extras.cmake
-- Installing: /home/ubuntu/ROS2/microros_ws/firmware/mcu_ws/install/share/rosidl_runtime_c/cmake/ament_cmake_export_include_directories-extras.cmake
-- Installing: /home/ubuntu/ROS2/microros_ws/firmware/mcu_ws/install/share/rosidl_runtime_c/cmake/ament_cmake_export_libraries-extras.cmake
-- Installing: /home/ubuntu/ROS2/microros_ws/firmware/mcu_ws/install/share/rosidl_runtime_c/cmake/ament_cmake_export_targets-extras.cmake
-- Installing: /home/ubuntu/ROS2/microros_ws/firmware/mcu_ws/install/share/rosidl_runtime_c/cmake/rosidl_runtime_cConfig.cmake
-- Installing: /home/ubuntu/ROS2/microros_ws/firmware/mcu_ws/install/share/rosidl_runtime_c/cmake/rosidl_runtime_cConfig-version.cmake
-- Installing: /home/ubuntu/ROS2/microros_ws/firmware/mcu_ws/install/share/rosidl_runtime_c/package.xml
