[0.071s] Invoking command in '/home/ubuntu/ROS2/microros_ws/build/rosidl_typesupport_microxrcedds_c': CMAKE_PREFIX_PATH=/home/ubuntu/ROS2/microros_ws/install/microcdr:/home/ubuntu/ROS2/microros_ws/install/micro_ros_setup:/home/ubuntu/ROS2/microros_ws/install/micro_ros_agent:/home/ubuntu/ROS2/microros_ws/install/micro_ros_msgs:/home/ubuntu/ROS2/microros_ws/install/drive_base_msgs:/home/ubuntu/ROS2/dev_ws/install/learning_node:/home/ubuntu/ROS2/dev_ws/install/msg_pkg:/opt/ros/foxy LD_LIBRARY_PATH=/home/ubuntu/ROS2/microros_ws/install/microcdr/lib:${LD_LIBRARY_PATH} /usr/bin/cmake --build /home/ubuntu/ROS2/microros_ws/build/rosidl_typesupport_microxrcedds_c -- -j4 -l4
[0.341s] [100%] Built target rosidl_typesupport_microxrcedds_c
[0.388s] Invoked command in '/home/ubuntu/ROS2/microros_ws/build/rosidl_typesupport_microxrcedds_c' returned '0': CMAKE_PREFIX_PATH=/home/ubuntu/ROS2/microros_ws/install/microcdr:/home/ubuntu/ROS2/microros_ws/install/micro_ros_setup:/home/ubuntu/ROS2/microros_ws/install/micro_ros_agent:/home/ubuntu/ROS2/microros_ws/install/micro_ros_msgs:/home/ubuntu/ROS2/microros_ws/install/drive_base_msgs:/home/ubuntu/ROS2/dev_ws/install/learning_node:/home/ubuntu/ROS2/dev_ws/install/msg_pkg:/opt/ros/foxy LD_LIBRARY_PATH=/home/ubuntu/ROS2/microros_ws/install/microcdr/lib:${LD_LIBRARY_PATH} /usr/bin/cmake --build /home/ubuntu/ROS2/microros_ws/build/rosidl_typesupport_microxrcedds_c -- -j4 -l4
[0.547s] Invoking command in '/home/ubuntu/ROS2/microros_ws/build/rosidl_typesupport_microxrcedds_c': CMAKE_PREFIX_PATH=/home/ubuntu/ROS2/microros_ws/install/microcdr:/home/ubuntu/ROS2/microros_ws/install/micro_ros_setup:/home/ubuntu/ROS2/microros_ws/install/micro_ros_agent:/home/ubuntu/ROS2/microros_ws/install/micro_ros_msgs:/home/ubuntu/ROS2/microros_ws/install/drive_base_msgs:/home/ubuntu/ROS2/dev_ws/install/learning_node:/home/ubuntu/ROS2/dev_ws/install/msg_pkg:/opt/ros/foxy LD_LIBRARY_PATH=/home/ubuntu/ROS2/microros_ws/install/microcdr/lib:${LD_LIBRARY_PATH} /usr/bin/cmake --install /home/ubuntu/ROS2/microros_ws/build/rosidl_typesupport_microxrcedds_c
[0.590s] -- Install configuration: ""
[0.591s] -- Up-to-date: /home/ubuntu/ROS2/microros_ws/install/rosidl_typesupport_microxrcedds_c/share/rosidl_typesupport_microxrcedds_c/environment/pythonpath.sh
[0.592s] -- Up-to-date: /home/ubuntu/ROS2/microros_ws/install/rosidl_typesupport_microxrcedds_c/share/rosidl_typesupport_microxrcedds_c/environment/pythonpath.dsv
[0.592s] -- Up-to-date: /home/ubuntu/ROS2/microros_ws/install/rosidl_typesupport_microxrcedds_c/lib/python3.8/site-packages/rosidl_typesupport_microxrcedds_c
[0.593s] -- Up-to-date: /home/ubuntu/ROS2/microros_ws/install/rosidl_typesupport_microxrcedds_c/lib/python3.8/site-packages/rosidl_typesupport_microxrcedds_c/__init__.py
[0.727s] Listing '/home/ubuntu/ROS2/microros_ws/install/rosidl_typesupport_microxrcedds_c/lib/python3.8/site-packages/rosidl_typesupport_microxrcedds_c'...
[0.747s] -- Up-to-date: /home/ubuntu/ROS2/microros_ws/install/rosidl_typesupport_microxrcedds_c/share/rosidl_typesupport_microxrcedds_c/environment/library_path.sh
[0.748s] -- Up-to-date: /home/ubuntu/ROS2/microros_ws/install/rosidl_typesupport_microxrcedds_c/share/rosidl_typesupport_microxrcedds_c/environment/library_path.dsv
[0.748s] -- Up-to-date: /home/ubuntu/ROS2/microros_ws/install/rosidl_typesupport_microxrcedds_c/share/ament_index/resource_index/rosidl_typesupport_c/rosidl_typesupport_microxrcedds_c
[0.749s] -- Up-to-date: /home/ubuntu/ROS2/microros_ws/install/rosidl_typesupport_microxrcedds_c/share/ament_index/resource_index/package_run_dependencies/rosidl_typesupport_microxrcedds_c
[0.749s] -- Up-to-date: /home/ubuntu/ROS2/microros_ws/install/rosidl_typesupport_microxrcedds_c/share/ament_index/resource_index/parent_prefix_path/rosidl_typesupport_microxrcedds_c
[0.750s] -- Up-to-date: /home/ubuntu/ROS2/microros_ws/install/rosidl_typesupport_microxrcedds_c/share/rosidl_typesupport_microxrcedds_c/environment/ament_prefix_path.sh
[0.750s] -- Up-to-date: /home/ubuntu/ROS2/microros_ws/install/rosidl_typesupport_microxrcedds_c/share/rosidl_typesupport_microxrcedds_c/environment/ament_prefix_path.dsv
[0.750s] -- Up-to-date: /home/ubuntu/ROS2/microros_ws/install/rosidl_typesupport_microxrcedds_c/share/rosidl_typesupport_microxrcedds_c/environment/path.sh
[0.751s] -- Up-to-date: /home/ubuntu/ROS2/microros_ws/install/rosidl_typesupport_microxrcedds_c/share/rosidl_typesupport_microxrcedds_c/environment/path.dsv
[0.752s] -- Up-to-date: /home/ubuntu/ROS2/microros_ws/install/rosidl_typesupport_microxrcedds_c/share/rosidl_typesupport_microxrcedds_c/local_setup.bash
[0.752s] -- Up-to-date: /home/ubuntu/ROS2/microros_ws/install/rosidl_typesupport_microxrcedds_c/share/rosidl_typesupport_microxrcedds_c/local_setup.sh
[0.753s] -- Up-to-date: /home/ubuntu/ROS2/microros_ws/install/rosidl_typesupport_microxrcedds_c/share/rosidl_typesupport_microxrcedds_c/local_setup.zsh
[0.753s] -- Up-to-date: /home/ubuntu/ROS2/microros_ws/install/rosidl_typesupport_microxrcedds_c/share/rosidl_typesupport_microxrcedds_c/local_setup.dsv
[0.753s] -- Installing: /home/ubuntu/ROS2/microros_ws/install/rosidl_typesupport_microxrcedds_c/share/rosidl_typesupport_microxrcedds_c/package.dsv
[0.755s] -- Up-to-date: /home/ubuntu/ROS2/microros_ws/install/rosidl_typesupport_microxrcedds_c/share/ament_index/resource_index/packages/rosidl_typesupport_microxrcedds_c
[0.756s] -- Up-to-date: /home/ubuntu/ROS2/microros_ws/install/rosidl_typesupport_microxrcedds_c/share/rosidl_typesupport_microxrcedds_c/cmake/rosidl_typesupport_microxrcedds_cExport.cmake
[0.757s] -- Up-to-date: /home/ubuntu/ROS2/microros_ws/install/rosidl_typesupport_microxrcedds_c/share/rosidl_typesupport_microxrcedds_c/cmake/rosidl_typesupport_microxrcedds_cExport-noconfig.cmake
[0.757s] -- Up-to-date: /home/ubuntu/ROS2/microros_ws/install/rosidl_typesupport_microxrcedds_c/share/rosidl_typesupport_microxrcedds_c/cmake/rosidl_typesupport_microxrcedds_c-extras.cmake
[0.758s] -- Up-to-date: /home/ubuntu/ROS2/microros_ws/install/rosidl_typesupport_microxrcedds_c/share/rosidl_typesupport_microxrcedds_c/cmake/ament_cmake_export_dependencies-extras.cmake
[0.758s] -- Up-to-date: /home/ubuntu/ROS2/microros_ws/install/rosidl_typesupport_microxrcedds_c/share/rosidl_typesupport_microxrcedds_c/cmake/ament_cmake_export_include_directories-extras.cmake
[0.759s] -- Up-to-date: /home/ubuntu/ROS2/microros_ws/install/rosidl_typesupport_microxrcedds_c/share/rosidl_typesupport_microxrcedds_c/cmake/ament_cmake_export_libraries-extras.cmake
[0.759s] -- Up-to-date: /home/ubuntu/ROS2/microros_ws/install/rosidl_typesupport_microxrcedds_c/share/rosidl_typesupport_microxrcedds_c/cmake/ament_cmake_export_targets-extras.cmake
[0.760s] -- Up-to-date: /home/ubuntu/ROS2/microros_ws/install/rosidl_typesupport_microxrcedds_c/share/rosidl_typesupport_microxrcedds_c/cmake/rosidl_typesupport_microxrcedds_cConfig.cmake
[0.760s] -- Up-to-date: /home/ubuntu/ROS2/microros_ws/install/rosidl_typesupport_microxrcedds_c/share/rosidl_typesupport_microxrcedds_c/cmake/rosidl_typesupport_microxrcedds_cConfig-version.cmake
[0.763s] -- Up-to-date: /home/ubuntu/ROS2/microros_ws/install/rosidl_typesupport_microxrcedds_c/share/rosidl_typesupport_microxrcedds_c/package.xml
[0.763s] -- Up-to-date: /home/ubuntu/ROS2/microros_ws/install/rosidl_typesupport_microxrcedds_c/lib/rosidl_typesupport_microxrcedds_c/rosidl_typesupport_microxrcedds_c
[0.764s] -- Up-to-date: /home/ubuntu/ROS2/microros_ws/install/rosidl_typesupport_microxrcedds_c/share/rosidl_typesupport_microxrcedds_c/cmake
[0.765s] -- Up-to-date: /home/ubuntu/ROS2/microros_ws/install/rosidl_typesupport_microxrcedds_c/share/rosidl_typesupport_microxrcedds_c/cmake/rosidl_typesupport_microxrcedds_c_generate_interfaces.cmake
[0.766s] -- Up-to-date: /home/ubuntu/ROS2/microros_ws/install/rosidl_typesupport_microxrcedds_c/share/rosidl_typesupport_microxrcedds_c/resource
[0.767s] -- Up-to-date: /home/ubuntu/ROS2/microros_ws/install/rosidl_typesupport_microxrcedds_c/share/rosidl_typesupport_microxrcedds_c/resource/idl__rosidl_typesupport_microxrcedds_c.h.em
[0.767s] -- Up-to-date: /home/ubuntu/ROS2/microros_ws/install/rosidl_typesupport_microxrcedds_c/share/rosidl_typesupport_microxrcedds_c/resource/msg__type_support_c.c.em
[0.768s] -- Up-to-date: /home/ubuntu/ROS2/microros_ws/install/rosidl_typesupport_microxrcedds_c/share/rosidl_typesupport_microxrcedds_c/resource/msg__rosidl_typesupport_microxrcedds_c.h.em
[0.769s] -- Up-to-date: /home/ubuntu/ROS2/microros_ws/install/rosidl_typesupport_microxrcedds_c/share/rosidl_typesupport_microxrcedds_c/resource/idl__type_support_c.c.em
[0.769s] -- Up-to-date: /home/ubuntu/ROS2/microros_ws/install/rosidl_typesupport_microxrcedds_c/share/rosidl_typesupport_microxrcedds_c/resource/rosidl_typesupport_microxrcedds_c__visibility_control.h.in
[0.770s] -- Up-to-date: /home/ubuntu/ROS2/microros_ws/install/rosidl_typesupport_microxrcedds_c/share/rosidl_typesupport_microxrcedds_c/resource/srv__type_support_c.c.em
[0.770s] -- Up-to-date: /home/ubuntu/ROS2/microros_ws/install/rosidl_typesupport_microxrcedds_c/share/rosidl_typesupport_microxrcedds_c/resource/srv__rosidl_typesupport_microxrcedds_c.h.em
[0.772s] -- Up-to-date: /home/ubuntu/ROS2/microros_ws/install/rosidl_typesupport_microxrcedds_c/include
[0.774s] -- Up-to-date: /home/ubuntu/ROS2/microros_ws/install/rosidl_typesupport_microxrcedds_c/include/rosidl_typesupport_microxrcedds_c
[0.775s] -- Up-to-date: /home/ubuntu/ROS2/microros_ws/install/rosidl_typesupport_microxrcedds_c/include/rosidl_typesupport_microxrcedds_c/message_type_support.h
[0.777s] -- Up-to-date: /home/ubuntu/ROS2/microros_ws/install/rosidl_typesupport_microxrcedds_c/include/rosidl_typesupport_microxrcedds_c/visibility_control.h
[0.778s] -- Up-to-date: /home/ubuntu/ROS2/microros_ws/install/rosidl_typesupport_microxrcedds_c/include/rosidl_typesupport_microxrcedds_c/service_type_support.h
[0.780s] -- Up-to-date: /home/ubuntu/ROS2/microros_ws/install/rosidl_typesupport_microxrcedds_c/include/rosidl_typesupport_microxrcedds_c/identifier.h
[0.782s] -- Up-to-date: /home/ubuntu/ROS2/microros_ws/install/rosidl_typesupport_microxrcedds_c/lib/librosidl_typesupport_microxrcedds_c.so
[0.783s] Invoked command in '/home/ubuntu/ROS2/microros_ws/build/rosidl_typesupport_microxrcedds_c' returned '0': CMAKE_PREFIX_PATH=/home/ubuntu/ROS2/microros_ws/install/microcdr:/home/ubuntu/ROS2/microros_ws/install/micro_ros_setup:/home/ubuntu/ROS2/microros_ws/install/micro_ros_agent:/home/ubuntu/ROS2/microros_ws/install/micro_ros_msgs:/home/ubuntu/ROS2/microros_ws/install/drive_base_msgs:/home/ubuntu/ROS2/dev_ws/install/learning_node:/home/ubuntu/ROS2/dev_ws/install/msg_pkg:/opt/ros/foxy LD_LIBRARY_PATH=/home/ubuntu/ROS2/microros_ws/install/microcdr/lib:${LD_LIBRARY_PATH} /usr/bin/cmake --install /home/ubuntu/ROS2/microros_ws/build/rosidl_typesupport_microxrcedds_c
