[0.477s] Invoking command in '/home/ubuntu/ROS2/microros_ws/build/rmw_microxrcedds': CMAKE_PREFIX_PATH=/home/ubuntu/ROS2/microros_ws/install/rosidl_typesupport_microxrcedds_cpp:/home/ubuntu/ROS2/microros_ws/install/rosidl_typesupport_microxrcedds_c:/home/ubuntu/ROS2/microros_ws/install/microxrcedds_client:/home/ubuntu/ROS2/microros_ws/install/microcdr:/home/ubuntu/ROS2/microros_ws/install/micro_ros_msgs:/home/ubuntu/ROS2/microros_ws/install/micro_ros_setup:/home/ubuntu/ROS2/microros_ws/install/micro_ros_agent:/home/ubuntu/ROS2/microros_ws/install/drive_base_msgs:/home/ubuntu/ROS2/dev_ws/install/learning_node:/home/ubuntu/ROS2/dev_ws/install/msg_pkg:/opt/ros/foxy LD_LIBRARY_PATH=/home/ubuntu/ROS2/microros_ws/install/rosidl_typesupport_microxrcedds_cpp/lib:/home/ubuntu/ROS2/microros_ws/install/rosidl_typesupport_microxrcedds_c/lib:/home/ubuntu/ROS2/microros_ws/install/microxrcedds_client/lib:/home/ubuntu/ROS2/microros_ws/install/microcdr/lib:/home/ubuntu/ROS2/microros_ws/install/micro_ros_msgs/lib:/home/ubuntu/ROS2/microros_ws/install/micro_ros_agent/lib:/home/ubuntu/ROS2/microros_ws/install/drive_base_msgs/lib:/home/ubuntu/ROS2/dev_ws/install/msg_pkg/lib:/opt/ros/foxy/opt/yaml_cpp_vendor/lib:/opt/ros/foxy/opt/rviz_ogre_vendor/lib:/opt/ros/foxy/lib/aarch64-linux-gnu:/opt/ros/foxy/lib /usr/bin/cmake /home/ubuntu/ROS2/microros_ws/src/uros/rmw_microxrcedds/rmw_microxrcedds_c -DBUILD_TESTING=OFF -DBUILD_SHARED_LIBS=ON -DRMW_UXRCE_TRANSPORT=udp -DRMW_UXRCE_DEFAULT_UDP_IP=127.0.0.1 -DRMW_UXRCE_DEFAULT_UDP_PORT=8888 -DRMW_UXRCE_MAX_NODES=3 -DRMW_UXRCE_MAX_PUBLISHERS=5 -DRMW_UXRCE_MAX_SUBSCRIPTIONS=5 -DRMW_UXRCE_MAX_SERVICES=5 -DRMW_UXRCE_MAX_CLIENTS=5 -DRMW_UXRCE_STREAM_HISTORY=32 -DRMW_UXRCE_MAX_HISTORY=10 -DRMW_UXRCE_XML_BUFFER_LENGTH=1000 -DCMAKE_INSTALL_PREFIX=/home/ubuntu/ROS2/microros_ws/install/rmw_microxrcedds
[1.313s] -- The C compiler identification is GNU 9.4.0
[1.398s] -- Check for working C compiler: /usr/bin/cc
[2.190s] -- Check for working C compiler: /usr/bin/cc -- works
[2.201s] -- Detecting C compiler ABI info
[3.049s] -- Detecting C compiler ABI info - done
[3.116s] -- Detecting C compile features
[3.119s] -- Detecting C compile features - done
[3.164s] -- Found ament_cmake_ros: 0.9.2 (/opt/ros/foxy/share/ament_cmake_ros/cmake)
[3.604s] -- Found PythonInterp: /usr/bin/python3 (found suitable version "3.8.10", minimum required is "3") 
[3.606s] -- Using PYTHON_EXECUTABLE: /usr/bin/python3
[6.098s] -- Found rcutils: 1.1.5 (/opt/ros/foxy/share/rcutils/cmake)
[6.262s] -- Found rosidl_runtime_c: 1.3.1 (/opt/ros/foxy/share/rosidl_runtime_c/cmake)
[6.386s] -- Found rmw: 1.0.4 (/opt/ros/foxy/share/rmw/cmake)
[6.416s] -- Found rosidl_typesupport_microxrcedds_c: 1.1.0 (/home/ubuntu/ROS2/microros_ws/install/rosidl_typesupport_microxrcedds_c/share/rosidl_typesupport_microxrcedds_c/cmake)
[6.516s] -- Found rosidl_adapter: 1.3.1 (/opt/ros/foxy/share/rosidl_adapter/cmake)
[7.184s] -- Configuring done
[7.312s] -- Generating done
[7.317s] CMake Warning:
[7.318s]   Manually-specified variables were not used by the project:
[7.319s] 
[7.322s]     RMW_UXRCE_XML_BUFFER_LENGTH
[7.323s] 
[7.324s] 
[7.334s] -- Build files have been written to: /home/ubuntu/ROS2/microros_ws/build/rmw_microxrcedds
[7.388s] Invoked command in '/home/ubuntu/ROS2/microros_ws/build/rmw_microxrcedds' returned '0': CMAKE_PREFIX_PATH=/home/ubuntu/ROS2/microros_ws/install/rosidl_typesupport_microxrcedds_cpp:/home/ubuntu/ROS2/microros_ws/install/rosidl_typesupport_microxrcedds_c:/home/ubuntu/ROS2/microros_ws/install/microxrcedds_client:/home/ubuntu/ROS2/microros_ws/install/microcdr:/home/ubuntu/ROS2/microros_ws/install/micro_ros_msgs:/home/ubuntu/ROS2/microros_ws/install/micro_ros_setup:/home/ubuntu/ROS2/microros_ws/install/micro_ros_agent:/home/ubuntu/ROS2/microros_ws/install/drive_base_msgs:/home/ubuntu/ROS2/dev_ws/install/learning_node:/home/ubuntu/ROS2/dev_ws/install/msg_pkg:/opt/ros/foxy LD_LIBRARY_PATH=/home/ubuntu/ROS2/microros_ws/install/rosidl_typesupport_microxrcedds_cpp/lib:/home/ubuntu/ROS2/microros_ws/install/rosidl_typesupport_microxrcedds_c/lib:/home/ubuntu/ROS2/microros_ws/install/microxrcedds_client/lib:/home/ubuntu/ROS2/microros_ws/install/microcdr/lib:/home/ubuntu/ROS2/microros_ws/install/micro_ros_msgs/lib:/home/ubuntu/ROS2/microros_ws/install/micro_ros_agent/lib:/home/ubuntu/ROS2/microros_ws/install/drive_base_msgs/lib:/home/ubuntu/ROS2/dev_ws/install/msg_pkg/lib:/opt/ros/foxy/opt/yaml_cpp_vendor/lib:/opt/ros/foxy/opt/rviz_ogre_vendor/lib:/opt/ros/foxy/lib/aarch64-linux-gnu:/opt/ros/foxy/lib /usr/bin/cmake /home/ubuntu/ROS2/microros_ws/src/uros/rmw_microxrcedds/rmw_microxrcedds_c -DBUILD_TESTING=OFF -DBUILD_SHARED_LIBS=ON -DRMW_UXRCE_TRANSPORT=udp -DRMW_UXRCE_DEFAULT_UDP_IP=127.0.0.1 -DRMW_UXRCE_DEFAULT_UDP_PORT=8888 -DRMW_UXRCE_MAX_NODES=3 -DRMW_UXRCE_MAX_PUBLISHERS=5 -DRMW_UXRCE_MAX_SUBSCRIPTIONS=5 -DRMW_UXRCE_MAX_SERVICES=5 -DRMW_UXRCE_MAX_CLIENTS=5 -DRMW_UXRCE_STREAM_HISTORY=32 -DRMW_UXRCE_MAX_HISTORY=10 -DRMW_UXRCE_XML_BUFFER_LENGTH=1000 -DCMAKE_INSTALL_PREFIX=/home/ubuntu/ROS2/microros_ws/install/rmw_microxrcedds
[7.392s] Invoking command in '/home/ubuntu/ROS2/microros_ws/build/rmw_microxrcedds': CMAKE_PREFIX_PATH=/home/ubuntu/ROS2/microros_ws/install/rosidl_typesupport_microxrcedds_cpp:/home/ubuntu/ROS2/microros_ws/install/rosidl_typesupport_microxrcedds_c:/home/ubuntu/ROS2/microros_ws/install/microxrcedds_client:/home/ubuntu/ROS2/microros_ws/install/microcdr:/home/ubuntu/ROS2/microros_ws/install/micro_ros_msgs:/home/ubuntu/ROS2/microros_ws/install/micro_ros_setup:/home/ubuntu/ROS2/microros_ws/install/micro_ros_agent:/home/ubuntu/ROS2/microros_ws/install/drive_base_msgs:/home/ubuntu/ROS2/dev_ws/install/learning_node:/home/ubuntu/ROS2/dev_ws/install/msg_pkg:/opt/ros/foxy LD_LIBRARY_PATH=/home/ubuntu/ROS2/microros_ws/install/rosidl_typesupport_microxrcedds_cpp/lib:/home/ubuntu/ROS2/microros_ws/install/rosidl_typesupport_microxrcedds_c/lib:/home/ubuntu/ROS2/microros_ws/install/microxrcedds_client/lib:/home/ubuntu/ROS2/microros_ws/install/microcdr/lib:/home/ubuntu/ROS2/microros_ws/install/micro_ros_msgs/lib:/home/ubuntu/ROS2/microros_ws/install/micro_ros_agent/lib:/home/ubuntu/ROS2/microros_ws/install/drive_base_msgs/lib:/home/ubuntu/ROS2/dev_ws/install/msg_pkg/lib:/opt/ros/foxy/opt/yaml_cpp_vendor/lib:/opt/ros/foxy/opt/rviz_ogre_vendor/lib:/opt/ros/foxy/lib/aarch64-linux-gnu:/opt/ros/foxy/lib /usr/bin/cmake --build /home/ubuntu/ROS2/microros_ws/build/rmw_microxrcedds -- -j4 -l4
[8.140s] [35m[1mScanning dependencies of target rmw_microxrcedds[0m
[9.231s] [  2%] [32mBuilding C object CMakeFiles/rmw_microxrcedds.dir/src/identifiers.c.o[0m
[9.597s] [  4%] [32mBuilding C object CMakeFiles/rmw_microxrcedds.dir/src/rmw_compare_gids_equal.c.o[0m
[10.241s] [  7%] [32mBuilding C object CMakeFiles/rmw_microxrcedds.dir/src/rmw_count.c.o[0m
[11.027s] [  9%] [32mBuilding C object CMakeFiles/rmw_microxrcedds.dir/src/rmw_event.c.o[0m
[11.649s] [ 11%] [32mBuilding C object CMakeFiles/rmw_microxrcedds.dir/src/rmw_get_gid_for_publisher.c.o[0m
[12.301s] [ 14%] [32mBuilding C object CMakeFiles/rmw_microxrcedds.dir/src/rmw_get_implementation_identifier.c.o[0m
[12.902s] [ 16%] [32mBuilding C object CMakeFiles/rmw_microxrcedds.dir/src/rmw_get_serialization_format.c.o[0m
[13.686s] [ 19%] [32mBuilding C object CMakeFiles/rmw_microxrcedds.dir/src/rmw_get_topic_endpoint_info.c.o[0m
[14.309s] [ 21%] [32mBuilding C object CMakeFiles/rmw_microxrcedds.dir/src/rmw_guard_condition.c.o[0m
[14.987s] [ 23%] [32mBuilding C object CMakeFiles/rmw_microxrcedds.dir/src/rmw_init.c.o[0m
[15.928s] [ 26%] [32mBuilding C object CMakeFiles/rmw_microxrcedds.dir/src/rmw_logging.c.o[0m
[16.440s] [ 28%] [32mBuilding C object CMakeFiles/rmw_microxrcedds.dir/src/rmw_microxrcedds_topic.c.o[0m
[17.099s] [ 30%] [32mBuilding C object CMakeFiles/rmw_microxrcedds.dir/src/rmw_node.c.o[0m
[17.839s] [ 33%] [32mBuilding C object CMakeFiles/rmw_microxrcedds.dir/src/rmw_node_info_and_types.c.o[0m
[18.599s] [ 35%] [32mBuilding C object CMakeFiles/rmw_microxrcedds.dir/src/rmw_node_names.c.o[0m
[19.433s] [ 38%] [32mBuilding C object CMakeFiles/rmw_microxrcedds.dir/src/rmw_publish.c.o[0m
[20.186s] [ 40%] [32mBuilding C object CMakeFiles/rmw_microxrcedds.dir/src/rmw_publisher.c.o[0m
[20.812s] [ 42%] [32mBuilding C object CMakeFiles/rmw_microxrcedds.dir/src/rmw_request.c.o[0m
[21.309s] [ 45%] [32mBuilding C object CMakeFiles/rmw_microxrcedds.dir/src/rmw_response.c.o[0m
[21.913s] [ 47%] [32mBuilding C object CMakeFiles/rmw_microxrcedds.dir/src/rmw_serialize.c.o[0m
[22.622s] [ 50%] [32mBuilding C object CMakeFiles/rmw_microxrcedds.dir/src/rmw_service.c.o[0m
[23.387s] [ 52%] [32mBuilding C object CMakeFiles/rmw_microxrcedds.dir/src/rmw_service_names_and_types.c.o[0m
[23.892s] [ 54%] [32mBuilding C object CMakeFiles/rmw_microxrcedds.dir/src/rmw_service_server_is_available.c.o[0m
[24.331s] [ 57%] [32mBuilding C object CMakeFiles/rmw_microxrcedds.dir/src/rmw_subscription.c.o[0m
[24.941s] [ 59%] [32mBuilding C object CMakeFiles/rmw_microxrcedds.dir/src/rmw_take.c.o[0m
[25.461s] [ 61%] [32mBuilding C object CMakeFiles/rmw_microxrcedds.dir/src/rmw_topic_names_and_types.c.o[0m
[25.948s] [ 64%] [32mBuilding C object CMakeFiles/rmw_microxrcedds.dir/src/rmw_trigger_guard_condition.c.o[0m
[26.497s] [ 66%] [32mBuilding C object CMakeFiles/rmw_microxrcedds.dir/src/rmw_wait.c.o[0m
[27.125s] [ 69%] [32mBuilding C object CMakeFiles/rmw_microxrcedds.dir/src/rmw_wait_set.c.o[0m
[27.768s] [ 71%] [32mBuilding C object CMakeFiles/rmw_microxrcedds.dir/src/types.c.o[0m
[28.835s] [ 73%] [32mBuilding C object CMakeFiles/rmw_microxrcedds.dir/src/utils.c.o[0m
[29.457s] [ 76%] [32mBuilding C object CMakeFiles/rmw_microxrcedds.dir/src/callbacks.c.o[0m
[30.026s] [ 78%] [32mBuilding C object CMakeFiles/rmw_microxrcedds.dir/src/rmw_uxrce_transports.c.o[0m
[30.713s] [ 80%] [32mBuilding C object CMakeFiles/rmw_microxrcedds.dir/src/rmw_microros/continous_serialization.c.o[0m
[31.268s] [ 83%] [32mBuilding C object CMakeFiles/rmw_microxrcedds.dir/src/rmw_microros/init_options.c.o[0m
[31.841s] [ 85%] [32mBuilding C object CMakeFiles/rmw_microxrcedds.dir/src/rmw_microros/time_sync.c.o[0m
[32.398s] [ 88%] [32mBuilding C object CMakeFiles/rmw_microxrcedds.dir/src/rmw_microros/ping.c.o[0m
[33.037s] [ 90%] [32mBuilding C object CMakeFiles/rmw_microxrcedds.dir/src/rmw_microros/timing.c.o[0m
[33.681s] [ 92%] [32mBuilding C object CMakeFiles/rmw_microxrcedds.dir/src/rmw_microros/discovery.c.o[0m
[34.198s] [ 95%] [32mBuilding C object CMakeFiles/rmw_microxrcedds.dir/src/rmw_client.c.o[0m
[34.713s] [ 97%] [32mBuilding C object CMakeFiles/rmw_microxrcedds.dir/src/memory.c.o[0m
[35.217s] [100%] [32m[1mLinking C shared library librmw_microxrcedds.so[0m
[35.776s] [100%] Built target rmw_microxrcedds
[35.867s] Invoked command in '/home/ubuntu/ROS2/microros_ws/build/rmw_microxrcedds' returned '0': CMAKE_PREFIX_PATH=/home/ubuntu/ROS2/microros_ws/install/rosidl_typesupport_microxrcedds_cpp:/home/ubuntu/ROS2/microros_ws/install/rosidl_typesupport_microxrcedds_c:/home/ubuntu/ROS2/microros_ws/install/microxrcedds_client:/home/ubuntu/ROS2/microros_ws/install/microcdr:/home/ubuntu/ROS2/microros_ws/install/micro_ros_msgs:/home/ubuntu/ROS2/microros_ws/install/micro_ros_setup:/home/ubuntu/ROS2/microros_ws/install/micro_ros_agent:/home/ubuntu/ROS2/microros_ws/install/drive_base_msgs:/home/ubuntu/ROS2/dev_ws/install/learning_node:/home/ubuntu/ROS2/dev_ws/install/msg_pkg:/opt/ros/foxy LD_LIBRARY_PATH=/home/ubuntu/ROS2/microros_ws/install/rosidl_typesupport_microxrcedds_cpp/lib:/home/ubuntu/ROS2/microros_ws/install/rosidl_typesupport_microxrcedds_c/lib:/home/ubuntu/ROS2/microros_ws/install/microxrcedds_client/lib:/home/ubuntu/ROS2/microros_ws/install/microcdr/lib:/home/ubuntu/ROS2/microros_ws/install/micro_ros_msgs/lib:/home/ubuntu/ROS2/microros_ws/install/micro_ros_agent/lib:/home/ubuntu/ROS2/microros_ws/install/drive_base_msgs/lib:/home/ubuntu/ROS2/dev_ws/install/msg_pkg/lib:/opt/ros/foxy/opt/yaml_cpp_vendor/lib:/opt/ros/foxy/opt/rviz_ogre_vendor/lib:/opt/ros/foxy/lib/aarch64-linux-gnu:/opt/ros/foxy/lib /usr/bin/cmake --build /home/ubuntu/ROS2/microros_ws/build/rmw_microxrcedds -- -j4 -l4
[39.449s] Invoking command in '/home/ubuntu/ROS2/microros_ws/build/rmw_microxrcedds': CMAKE_PREFIX_PATH=/home/ubuntu/ROS2/microros_ws/install/rosidl_typesupport_microxrcedds_cpp:/home/ubuntu/ROS2/microros_ws/install/rosidl_typesupport_microxrcedds_c:/home/ubuntu/ROS2/microros_ws/install/microxrcedds_client:/home/ubuntu/ROS2/microros_ws/install/microcdr:/home/ubuntu/ROS2/microros_ws/install/micro_ros_msgs:/home/ubuntu/ROS2/microros_ws/install/micro_ros_setup:/home/ubuntu/ROS2/microros_ws/install/micro_ros_agent:/home/ubuntu/ROS2/microros_ws/install/drive_base_msgs:/home/ubuntu/ROS2/dev_ws/install/learning_node:/home/ubuntu/ROS2/dev_ws/install/msg_pkg:/opt/ros/foxy LD_LIBRARY_PATH=/home/ubuntu/ROS2/microros_ws/install/rosidl_typesupport_microxrcedds_cpp/lib:/home/ubuntu/ROS2/microros_ws/install/rosidl_typesupport_microxrcedds_c/lib:/home/ubuntu/ROS2/microros_ws/install/microxrcedds_client/lib:/home/ubuntu/ROS2/microros_ws/install/microcdr/lib:/home/ubuntu/ROS2/microros_ws/install/micro_ros_msgs/lib:/home/ubuntu/ROS2/microros_ws/install/micro_ros_agent/lib:/home/ubuntu/ROS2/microros_ws/install/drive_base_msgs/lib:/home/ubuntu/ROS2/dev_ws/install/msg_pkg/lib:/opt/ros/foxy/opt/yaml_cpp_vendor/lib:/opt/ros/foxy/opt/rviz_ogre_vendor/lib:/opt/ros/foxy/lib/aarch64-linux-gnu:/opt/ros/foxy/lib /usr/bin/cmake --install /home/ubuntu/ROS2/microros_ws/build/rmw_microxrcedds
[39.517s] -- Install configuration: ""
[39.520s] -- Installing: /home/ubuntu/ROS2/microros_ws/install/rmw_microxrcedds/share/rmw_microxrcedds/environment/library_path.sh
[39.522s] -- Installing: /home/ubuntu/ROS2/microros_ws/install/rmw_microxrcedds/share/rmw_microxrcedds/environment/library_path.dsv
[39.525s] -- Installing: /home/ubuntu/ROS2/microros_ws/install/rmw_microxrcedds/share/ament_index/resource_index/rmw_typesupport_c/rmw_microxrcedds
[39.531s] -- Installing: /home/ubuntu/ROS2/microros_ws/install/rmw_microxrcedds/share/ament_index/resource_index/rmw_typesupport/rmw_microxrcedds
[39.545s] -- Installing: /home/ubuntu/ROS2/microros_ws/install/rmw_microxrcedds/share/ament_index/resource_index/package_run_dependencies/rmw_microxrcedds
[39.548s] -- Installing: /home/ubuntu/ROS2/microros_ws/install/rmw_microxrcedds/share/ament_index/resource_index/parent_prefix_path/rmw_microxrcedds
[39.551s] -- Installing: /home/ubuntu/ROS2/microros_ws/install/rmw_microxrcedds/share/rmw_microxrcedds/environment/ament_prefix_path.sh
[39.554s] -- Installing: /home/ubuntu/ROS2/microros_ws/install/rmw_microxrcedds/share/rmw_microxrcedds/environment/ament_prefix_path.dsv
[39.556s] -- Installing: /home/ubuntu/ROS2/microros_ws/install/rmw_microxrcedds/share/rmw_microxrcedds/environment/path.sh
[39.559s] -- Installing: /home/ubuntu/ROS2/microros_ws/install/rmw_microxrcedds/share/rmw_microxrcedds/environment/path.dsv
[39.562s] -- Installing: /home/ubuntu/ROS2/microros_ws/install/rmw_microxrcedds/share/rmw_microxrcedds/local_setup.bash
[39.565s] -- Installing: /home/ubuntu/ROS2/microros_ws/install/rmw_microxrcedds/share/rmw_microxrcedds/local_setup.sh
[39.568s] -- Installing: /home/ubuntu/ROS2/microros_ws/install/rmw_microxrcedds/share/rmw_microxrcedds/local_setup.zsh
[39.571s] -- Installing: /home/ubuntu/ROS2/microros_ws/install/rmw_microxrcedds/share/rmw_microxrcedds/local_setup.dsv
[39.574s] -- Installing: /home/ubuntu/ROS2/microros_ws/install/rmw_microxrcedds/share/rmw_microxrcedds/package.dsv
[39.577s] -- Installing: /home/ubuntu/ROS2/microros_ws/install/rmw_microxrcedds/share/ament_index/resource_index/packages/rmw_microxrcedds
[39.579s] -- Installing: /home/ubuntu/ROS2/microros_ws/install/rmw_microxrcedds/share/rmw_microxrcedds/cmake/ament_cmake_export_include_directories-extras.cmake
[39.582s] -- Installing: /home/ubuntu/ROS2/microros_ws/install/rmw_microxrcedds/share/rmw_microxrcedds/cmake/ament_cmake_export_libraries-extras.cmake
[39.585s] -- Installing: /home/ubuntu/ROS2/microros_ws/install/rmw_microxrcedds/share/rmw_microxrcedds/cmake/ament_cmake_export_dependencies-extras.cmake
[39.587s] -- Installing: /home/ubuntu/ROS2/microros_ws/install/rmw_microxrcedds/share/rmw_microxrcedds/cmake/rmw_microxrceddsConfig.cmake
[39.590s] -- Installing: /home/ubuntu/ROS2/microros_ws/install/rmw_microxrcedds/share/rmw_microxrcedds/cmake/rmw_microxrceddsConfig-version.cmake
[39.592s] -- Installing: /home/ubuntu/ROS2/microros_ws/install/rmw_microxrcedds/share/rmw_microxrcedds/package.xml
[39.595s] -- Up-to-date: /home/ubuntu/ROS2/microros_ws/install/rmw_microxrcedds/include
[39.599s] -- Installing: /home/ubuntu/ROS2/microros_ws/install/rmw_microxrcedds/include/rmw_microxrcedds_c
[39.604s] -- Installing: /home/ubuntu/ROS2/microros_ws/install/rmw_microxrcedds/include/rmw_microxrcedds_c/rmw_c_macros.h
[39.638s] -- Installing: /home/ubuntu/ROS2/microros_ws/install/rmw_microxrcedds/include/rmw_microros
[39.639s] -- Installing: /home/ubuntu/ROS2/microros_ws/install/rmw_microxrcedds/include/rmw_microros/error_handling.h
[39.641s] -- Installing: /home/ubuntu/ROS2/microros_ws/install/rmw_microxrcedds/include/rmw_microros/discovery.h
[39.643s] -- Installing: /home/ubuntu/ROS2/microros_ws/install/rmw_microxrcedds/include/rmw_microros/ping.h
[39.645s] -- Installing: /home/ubuntu/ROS2/microros_ws/install/rmw_microxrcedds/include/rmw_microros/init_options.h
[39.648s] -- Installing: /home/ubuntu/ROS2/microros_ws/install/rmw_microxrcedds/include/rmw_microros/time_sync.h
[39.650s] -- Installing: /home/ubuntu/ROS2/microros_ws/install/rmw_microxrcedds/include/rmw_microros/timing.h
[39.653s] -- Installing: /home/ubuntu/ROS2/microros_ws/install/rmw_microxrcedds/include/rmw_microros/custom_transport.h
[39.657s] -- Installing: /home/ubuntu/ROS2/microros_ws/install/rmw_microxrcedds/include/rmw_microros/rmw_microros.h
[39.668s] -- Installing: /home/ubuntu/ROS2/microros_ws/install/rmw_microxrcedds/include/rmw_microros/continous_serialization.h
[39.671s] -- Installing: /home/ubuntu/ROS2/microros_ws/install/rmw_microxrcedds/include/rmw_microxrcedds_c/config.h
[39.675s] -- Installing: /home/ubuntu/ROS2/microros_ws/install/rmw_microxrcedds/lib/librmw_microxrcedds.so
[39.692s] -- Set runtime path of "/home/ubuntu/ROS2/microros_ws/install/rmw_microxrcedds/lib/librmw_microxrcedds.so" to ""
[39.708s] Invoked command in '/home/ubuntu/ROS2/microros_ws/build/rmw_microxrcedds' returned '0': CMAKE_PREFIX_PATH=/home/ubuntu/ROS2/microros_ws/install/rosidl_typesupport_microxrcedds_cpp:/home/ubuntu/ROS2/microros_ws/install/rosidl_typesupport_microxrcedds_c:/home/ubuntu/ROS2/microros_ws/install/microxrcedds_client:/home/ubuntu/ROS2/microros_ws/install/microcdr:/home/ubuntu/ROS2/microros_ws/install/micro_ros_msgs:/home/ubuntu/ROS2/microros_ws/install/micro_ros_setup:/home/ubuntu/ROS2/microros_ws/install/micro_ros_agent:/home/ubuntu/ROS2/microros_ws/install/drive_base_msgs:/home/ubuntu/ROS2/dev_ws/install/learning_node:/home/ubuntu/ROS2/dev_ws/install/msg_pkg:/opt/ros/foxy LD_LIBRARY_PATH=/home/ubuntu/ROS2/microros_ws/install/rosidl_typesupport_microxrcedds_cpp/lib:/home/ubuntu/ROS2/microros_ws/install/rosidl_typesupport_microxrcedds_c/lib:/home/ubuntu/ROS2/microros_ws/install/microxrcedds_client/lib:/home/ubuntu/ROS2/microros_ws/install/microcdr/lib:/home/ubuntu/ROS2/microros_ws/install/micro_ros_msgs/lib:/home/ubuntu/ROS2/microros_ws/install/micro_ros_agent/lib:/home/ubuntu/ROS2/microros_ws/install/drive_base_msgs/lib:/home/ubuntu/ROS2/dev_ws/install/msg_pkg/lib:/opt/ros/foxy/opt/yaml_cpp_vendor/lib:/opt/ros/foxy/opt/rviz_ogre_vendor/lib:/opt/ros/foxy/lib/aarch64-linux-gnu:/opt/ros/foxy/lib /usr/bin/cmake --install /home/ubuntu/ROS2/microros_ws/build/rmw_microxrcedds
