Not searching for unused variables given on the command line.
-- The C compiler identification is GNU 9.4.0
-- The CXX compiler identification is GNU 9.4.0
-- Check for working C compiler: /usr/bin/arm-linux-gnueabihf-gcc
-- Check for working C compiler: /usr/bin/arm-linux-gnueabihf-gcc -- works
-- Detecting C compiler ABI info
-- Detecting C compiler ABI info - done
-- Detecting C compile features
-- Detecting C compile features - done
-- Check for working CXX compiler: /usr/bin/arm-linux-gnueabihf-g++
-- Check for working CXX compiler: /usr/bin/arm-linux-gnueabihf-g++ -- works
-- Detecting CXX compiler ABI info
-- Detecting CXX compiler ABI info - done
-- Detecting CXX compile features
-- Detecting CXX compile features - done
-- Found ament_cmake_python: 0.9.12 (/home/ubuntu/ROS2/microros_ws/firmware/dev_ws/install/ament_cmake_python/share/ament_cmake_python/cmake)
-- Found ament_cmake_ros: 0.9.2 (/home/ubuntu/ROS2/microros_ws/firmware/dev_ws/install/ament_cmake_ros/share/ament_cmake_ros/cmake)
-- Found PythonInterp: /usr/bin/python3 (found suitable version "3.8.10", minimum required is "3") 
-- Using PYTHON_EXECUTABLE: /usr/bin/python3
-- Found tinydir_vendor:  (/home/ubuntu/ROS2/microros_ws/firmware/mcu_ws/install/share/tinydir_vendor/cmake)
-- Performing Test USES_GLIBC
-- Performing Test USES_GLIBC - Success
-- Configuring done
-- Generating done
-- Build files have been written to: /home/ubuntu/ROS2/microros_ws/firmware/mcu_ws/build/rcutils
/usr/bin/cmake -S/home/ubuntu/ROS2/microros_ws/firmware/mcu_ws/uros/rcutils -B/home/ubuntu/ROS2/microros_ws/firmware/mcu_ws/build/rcutils --check-build-system CMakeFiles/Makefile.cmake 0
/usr/bin/cmake -E cmake_progress_start /home/ubuntu/ROS2/microros_ws/firmware/mcu_ws/build/rcutils/CMakeFiles /home/ubuntu/ROS2/microros_ws/firmware/mcu_ws/build/rcutils/CMakeFiles/progress.marks
/usr/bin/make -f CMakeFiles/Makefile2 all
make[1]: Entering directory '/home/ubuntu/ROS2/microros_ws/firmware/mcu_ws/build/rcutils'
/usr/bin/make -f CMakeFiles/rcutils.dir/build.make CMakeFiles/rcutils.dir/depend
make[2]: Entering directory '/home/ubuntu/ROS2/microros_ws/firmware/mcu_ws/build/rcutils'
[  3%] [34m[1mExpanding logging_macros.h.em[0m
/usr/bin/cmake -E make_directory include/rcutils
/usr/bin/python3 -c "import em;em.invoke(   [     '-o', 'include/rcutils/logging_macros.h',     '-D', 'rcutils_module_path=\"/home/ubuntu/ROS2/microros_ws/firmware/mcu_ws/uros/rcutils\"',     '/home/ubuntu/ROS2/microros_ws/firmware/mcu_ws/uros/rcutils/resource/logging_macros.h.em'   ] )"
cd /home/ubuntu/ROS2/microros_ws/firmware/mcu_ws/build/rcutils && /usr/bin/cmake -E cmake_depends "Unix Makefiles" /home/ubuntu/ROS2/microros_ws/firmware/mcu_ws/uros/rcutils /home/ubuntu/ROS2/microros_ws/firmware/mcu_ws/uros/rcutils /home/ubuntu/ROS2/microros_ws/firmware/mcu_ws/build/rcutils /home/ubuntu/ROS2/microros_ws/firmware/mcu_ws/build/rcutils /home/ubuntu/ROS2/microros_ws/firmware/mcu_ws/build/rcutils/CMakeFiles/rcutils.dir/DependInfo.cmake --color=
Dependee "/home/ubuntu/ROS2/microros_ws/firmware/mcu_ws/build/rcutils/CMakeFiles/rcutils.dir/DependInfo.cmake" is newer than depender "/home/ubuntu/ROS2/microros_ws/firmware/mcu_ws/build/rcutils/CMakeFiles/rcutils.dir/depend.internal".
Dependee "/home/ubuntu/ROS2/microros_ws/firmware/mcu_ws/build/rcutils/CMakeFiles/CMakeDirectoryInformation.cmake" is newer than depender "/home/ubuntu/ROS2/microros_ws/firmware/mcu_ws/build/rcutils/CMakeFiles/rcutils.dir/depend.internal".
[35m[1mScanning dependencies of target rcutils[0m
make[2]: Leaving directory '/home/ubuntu/ROS2/microros_ws/firmware/mcu_ws/build/rcutils'
/usr/bin/make -f CMakeFiles/rcutils.dir/build.make CMakeFiles/rcutils.dir/build
make[2]: Entering directory '/home/ubuntu/ROS2/microros_ws/firmware/mcu_ws/build/rcutils'
[  6%] [32mBuilding C object CMakeFiles/rcutils.dir/src/allocator.c.o[0m
/usr/bin/arm-linux-gnueabihf-gcc -DRCUTILS_BUILDING_DLL -DROS_PACKAGE_NAME=\"rcutils\" -D_GNU_SOURCE -I/home/ubuntu/ROS2/microros_ws/firmware/mcu_ws/build/rcutils/include -I/home/ubuntu/ROS2/microros_ws/firmware/mcu_ws/uros/rcutils/include -I/home/ubuntu/ROS2/microros_ws/firmware/mcu_ws/install/share/tinydir_vendor/cmake/../../../include  -march=armv8-a -mfpu=neon-fp-armv8 -mfloat-abi=hard -O3 -DNDEBUG   -Wall -Wextra -Wconversion -Wno-sign-conversion -Wpedantic -std=gnu11 -o CMakeFiles/rcutils.dir/src/allocator.c.o   -c /home/ubuntu/ROS2/microros_ws/firmware/mcu_ws/uros/rcutils/src/allocator.c
[ 10%] [32mBuilding C object CMakeFiles/rcutils.dir/src/cmdline_parser.c.o[0m
/usr/bin/arm-linux-gnueabihf-gcc -DRCUTILS_BUILDING_DLL -DROS_PACKAGE_NAME=\"rcutils\" -D_GNU_SOURCE -I/home/ubuntu/ROS2/microros_ws/firmware/mcu_ws/build/rcutils/include -I/home/ubuntu/ROS2/microros_ws/firmware/mcu_ws/uros/rcutils/include -I/home/ubuntu/ROS2/microros_ws/firmware/mcu_ws/install/share/tinydir_vendor/cmake/../../../include  -march=armv8-a -mfpu=neon-fp-armv8 -mfloat-abi=hard -O3 -DNDEBUG   -Wall -Wextra -Wconversion -Wno-sign-conversion -Wpedantic -std=gnu11 -o CMakeFiles/rcutils.dir/src/cmdline_parser.c.o   -c /home/ubuntu/ROS2/microros_ws/firmware/mcu_ws/uros/rcutils/src/cmdline_parser.c
[ 13%] [32mBuilding C object CMakeFiles/rcutils.dir/src/env.c.o[0m
/usr/bin/arm-linux-gnueabihf-gcc -DRCUTILS_BUILDING_DLL -DROS_PACKAGE_NAME=\"rcutils\" -D_GNU_SOURCE -I/home/ubuntu/ROS2/microros_ws/firmware/mcu_ws/build/rcutils/include -I/home/ubuntu/ROS2/microros_ws/firmware/mcu_ws/uros/rcutils/include -I/home/ubuntu/ROS2/microros_ws/firmware/mcu_ws/install/share/tinydir_vendor/cmake/../../../include  -march=armv8-a -mfpu=neon-fp-armv8 -mfloat-abi=hard -O3 -DNDEBUG   -Wall -Wextra -Wconversion -Wno-sign-conversion -Wpedantic -std=gnu11 -o CMakeFiles/rcutils.dir/src/env.c.o   -c /home/ubuntu/ROS2/microros_ws/firmware/mcu_ws/uros/rcutils/src/env.c
[ 17%] [32mBuilding C object CMakeFiles/rcutils.dir/src/error_handling.c.o[0m
/usr/bin/arm-linux-gnueabihf-gcc -DRCUTILS_BUILDING_DLL -DROS_PACKAGE_NAME=\"rcutils\" -D_GNU_SOURCE -I/home/ubuntu/ROS2/microros_ws/firmware/mcu_ws/build/rcutils/include -I/home/ubuntu/ROS2/microros_ws/firmware/mcu_ws/uros/rcutils/include -I/home/ubuntu/ROS2/microros_ws/firmware/mcu_ws/install/share/tinydir_vendor/cmake/../../../include  -march=armv8-a -mfpu=neon-fp-armv8 -mfloat-abi=hard -O3 -DNDEBUG   -Wall -Wextra -Wconversion -Wno-sign-conversion -Wpedantic -std=gnu11 -o CMakeFiles/rcutils.dir/src/error_handling.c.o   -c /home/ubuntu/ROS2/microros_ws/firmware/mcu_ws/uros/rcutils/src/error_handling.c
In file included from [01m[K/home/ubuntu/ROS2/microros_ws/firmware/mcu_ws/uros/rcutils/src/error_handling.c:35[m[K:
[01m[K/home/ubuntu/ROS2/microros_ws/firmware/mcu_ws/uros/rcutils/src/./error_handling_helpers.h:[m[K In function ‘[01m[K__rcutils_convert_uint64_t_into_c_str[m[K’:
[01m[K/home/ubuntu/ROS2/microros_ws/firmware/mcu_ws/uros/rcutils/src/./error_handling_helpers.h:109:48:[m[K [01;35m[Kwarning: [m[Kunused parameter ‘[01m[Knumber[m[K’ [[01;35m[K-Wunused-parameter[m[K]
  109 | __rcutils_convert_uint64_t_into_c_str([01;35m[Kuint64_t number[m[K, char * buffer, size_t buffer_size)
      |                                       [01;35m[K~~~~~~~~~^~~~~~[m[K
[01m[K/home/ubuntu/ROS2/microros_ws/firmware/mcu_ws/uros/rcutils/src/./error_handling_helpers.h:109:63:[m[K [01;35m[Kwarning: [m[Kunused parameter ‘[01m[Kbuffer[m[K’ [[01;35m[K-Wunused-parameter[m[K]
  109 | _rcutils_convert_uint64_t_into_c_str(uint64_t number, [01;35m[Kchar * buffer[m[K, size_t buffer_size)
      |                                                       [01;35m[K~~~~~~~^~~~~~[m[K

[01m[K/home/ubuntu/ROS2/microros_ws/firmware/mcu_ws/uros/rcutils/src/./error_handling_helpers.h:109:78:[m[K [01;35m[Kwarning: [m[Kunused parameter ‘[01m[Kbuffer_size[m[K’ [[01;35m[K-Wunused-parameter[m[K]
  109 | convert_uint64_t_into_c_str(uint64_t number, char * buffer, [01;35m[Ksize_t buffer_size[m[K)
      |                                                             [01;35m[K~~~~~~~^~~~~~~~~~~[m[K

[01m[K/home/ubuntu/ROS2/microros_ws/firmware/mcu_ws/uros/rcutils/src/./error_handling_helpers.h:[m[K In function ‘[01m[K__rcutils_format_error_string[m[K’:
[01m[K/home/ubuntu/ROS2/microros_ws/firmware/mcu_ws/uros/rcutils/src/./error_handling_helpers.h:142:28:[m[K [01;35m[Kwarning: [m[Kunused parameter ‘[01m[Kerror_string[m[K’ [[01;35m[K-Wunused-parameter[m[K]
  142 |   [01;35m[Krcutils_error_string_t * error_string[m[K,
      |   [01;35m[K~~~~~~~~~~~~~~~~~~~~~~~~~^~~~~~~~~~~~[m[K
[01m[K/home/ubuntu/ROS2/microros_ws/firmware/mcu_ws/uros/rcutils/src/./error_handling_helpers.h:143:33:[m[K [01;35m[Kwarning: [m[Kunused parameter ‘[01m[Kerror_state[m[K’ [[01;35m[K-Wunused-parameter[m[K]
  143 |   [01;35m[Kconst rcutils_error_state_t * error_state[m[K)
      |   [01;35m[K~~~~~~~~~~~~~~~~~~~~~~~~~~~~~~^~~~~~~~~~~[m[K
[01m[K/home/ubuntu/ROS2/microros_ws/firmware/mcu_ws/uros/rcutils/src/error_handling.c:[m[K In function ‘[01m[Krcutils_get_error_string[m[K’:
[01m[K/home/ubuntu/ROS2/microros_ws/firmware/mcu_ws/uros/rcutils/src/error_handling.c:240:38:[m[K [01;35m[Kwarning: [m[Kinitializer-string for array of chars is too long
  240 |     return (rcutils_error_string_t) {[01;35m[K"error not set"[m[K};  // NOLINT(readability/braces)
      |                                      [01;35m[K^~~~~~~~~~~~~~~[m[K
[01m[K/home/ubuntu/ROS2/microros_ws/firmware/mcu_ws/uros/rcutils/src/error_handling.c:240:38:[m[K [01;36m[Knote: [m[K(near initialization for ‘[01m[K(anonymous).str[m[K’)
In file included from [01m[K/home/ubuntu/ROS2/microros_ws/firmware/mcu_ws/uros/rcutils/src/error_handling.c:35[m[K:
At top level:
[01m[K/home/ubuntu/ROS2/microros_ws/firmware/mcu_ws/uros/rcutils/src/./error_handling_helpers.h:109:1:[m[K [01;35m[Kwarning: [m[K‘[01m[K__rcutils_convert_uint64_t_into_c_str[m[K’ defined but not used [[01;35m[K-Wunused-function[m[K]
  109 | [01;35m[K__rcutils_convert_uint64_t_into_c_str[m[K(uint64_t number, char * buffer, size_t buffer_size)
      | [01;35m[K^~~~~~~~~~~~~~~~~~~~~~~~~~~~~~~~~~~~~[m[K
[01m[K/home/ubuntu/ROS2/microros_ws/firmware/mcu_ws/uros/rcutils/src/./error_handling_helpers.h:91:1:[m[K [01;35m[Kwarning: [m[K‘[01m[K__rcutils_reverse_str[m[K’ defined but not used [[01;35m[K-Wunused-function[m[K]
   91 | [01;35m[K__rcutils_reverse_str[m[K(char * string_in, size_t string_len)
      | [01;35m[K^~~~~~~~~~~~~~~~~~~~~[m[K
[ 20%] [32mBuilding C object CMakeFiles/rcutils.dir/src/filesystem.c.o[0m
/usr/bin/arm-linux-gnueabihf-gcc -DRCUTILS_BUILDING_DLL -DROS_PACKAGE_NAME=\"rcutils\" -D_GNU_SOURCE -I/home/ubuntu/ROS2/microros_ws/firmware/mcu_ws/build/rcutils/include -I/home/ubuntu/ROS2/microros_ws/firmware/mcu_ws/uros/rcutils/include -I/home/ubuntu/ROS2/microros_ws/firmware/mcu_ws/install/share/tinydir_vendor/cmake/../../../include  -march=armv8-a -mfpu=neon-fp-armv8 -mfloat-abi=hard -O3 -DNDEBUG   -Wall -Wextra -Wconversion -Wno-sign-conversion -Wpedantic -std=gnu11 -o CMakeFiles/rcutils.dir/src/filesystem.c.o   -c /home/ubuntu/ROS2/microros_ws/firmware/mcu_ws/uros/rcutils/src/filesystem.c
[ 24%] [32mBuilding C object CMakeFiles/rcutils.dir/src/find.c.o[0m
/usr/bin/arm-linux-gnueabihf-gcc -DRCUTILS_BUILDING_DLL -DROS_PACKAGE_NAME=\"rcutils\" -D_GNU_SOURCE -I/home/ubuntu/ROS2/microros_ws/firmware/mcu_ws/build/rcutils/include -I/home/ubuntu/ROS2/microros_ws/firmware/mcu_ws/uros/rcutils/include -I/home/ubuntu/ROS2/microros_ws/firmware/mcu_ws/install/share/tinydir_vendor/cmake/../../../include  -march=armv8-a -mfpu=neon-fp-armv8 -mfloat-abi=hard -O3 -DNDEBUG   -Wall -Wextra -Wconversion -Wno-sign-conversion -Wpedantic -std=gnu11 -o CMakeFiles/rcutils.dir/src/find.c.o   -c /home/ubuntu/ROS2/microros_ws/firmware/mcu_ws/uros/rcutils/src/find.c
[ 27%] [32mBuilding C object CMakeFiles/rcutils.dir/src/format_string.c.o[0m
/usr/bin/arm-linux-gnueabihf-gcc -DRCUTILS_BUILDING_DLL -DROS_PACKAGE_NAME=\"rcutils\" -D_GNU_SOURCE -I/home/ubuntu/ROS2/microros_ws/firmware/mcu_ws/build/rcutils/include -I/home/ubuntu/ROS2/microros_ws/firmware/mcu_ws/uros/rcutils/include -I/home/ubuntu/ROS2/microros_ws/firmware/mcu_ws/install/share/tinydir_vendor/cmake/../../../include  -march=armv8-a -mfpu=neon-fp-armv8 -mfloat-abi=hard -O3 -DNDEBUG   -Wall -Wextra -Wconversion -Wno-sign-conversion -Wpedantic -std=gnu11 -o CMakeFiles/rcutils.dir/src/format_string.c.o   -c /home/ubuntu/ROS2/microros_ws/firmware/mcu_ws/uros/rcutils/src/format_string.c
[ 31%] [32mBuilding C object CMakeFiles/rcutils.dir/src/get_env.c.o[0m
/usr/bin/arm-linux-gnueabihf-gcc -DRCUTILS_BUILDING_DLL -DROS_PACKAGE_NAME=\"rcutils\" -D_GNU_SOURCE -I/home/ubuntu/ROS2/microros_ws/firmware/mcu_ws/build/rcutils/include -I/home/ubuntu/ROS2/microros_ws/firmware/mcu_ws/uros/rcutils/include -I/home/ubuntu/ROS2/microros_ws/firmware/mcu_ws/install/share/tinydir_vendor/cmake/../../../include  -march=armv8-a -mfpu=neon-fp-armv8 -mfloat-abi=hard -O3 -DNDEBUG   -Wall -Wextra -Wconversion -Wno-sign-conversion -Wpedantic -std=gnu11 -o CMakeFiles/rcutils.dir/src/get_env.c.o   -c /home/ubuntu/ROS2/microros_ws/firmware/mcu_ws/uros/rcutils/src/get_env.c
[ 34%] [32mBuilding C object CMakeFiles/rcutils.dir/src/hash_map.c.o[0m
/usr/bin/arm-linux-gnueabihf-gcc -DRCUTILS_BUILDING_DLL -DROS_PACKAGE_NAME=\"rcutils\" -D_GNU_SOURCE -I/home/ubuntu/ROS2/microros_ws/firmware/mcu_ws/build/rcutils/include -I/home/ubuntu/ROS2/microros_ws/firmware/mcu_ws/uros/rcutils/include -I/home/ubuntu/ROS2/microros_ws/firmware/mcu_ws/install/share/tinydir_vendor/cmake/../../../include  -march=armv8-a -mfpu=neon-fp-armv8 -mfloat-abi=hard -O3 -DNDEBUG   -Wall -Wextra -Wconversion -Wno-sign-conversion -Wpedantic -std=gnu11 -o CMakeFiles/rcutils.dir/src/hash_map.c.o   -c /home/ubuntu/ROS2/microros_ws/firmware/mcu_ws/uros/rcutils/src/hash_map.c
[ 37%] [32mBuilding C object CMakeFiles/rcutils.dir/src/logging.c.o[0m
/usr/bin/arm-linux-gnueabihf-gcc -DRCUTILS_BUILDING_DLL -DROS_PACKAGE_NAME=\"rcutils\" -D_GNU_SOURCE -I/home/ubuntu/ROS2/microros_ws/firmware/mcu_ws/build/rcutils/include -I/home/ubuntu/ROS2/microros_ws/firmware/mcu_ws/uros/rcutils/include -I/home/ubuntu/ROS2/microros_ws/firmware/mcu_ws/install/share/tinydir_vendor/cmake/../../../include  -march=armv8-a -mfpu=neon-fp-armv8 -mfloat-abi=hard -O3 -DNDEBUG   -Wall -Wextra -Wconversion -Wno-sign-conversion -Wpedantic -std=gnu11 -o CMakeFiles/rcutils.dir/src/logging.c.o   -c /home/ubuntu/ROS2/microros_ws/firmware/mcu_ws/uros/rcutils/src/logging.c
[01m[K/home/ubuntu/ROS2/microros_ws/firmware/mcu_ws/uros/rcutils/src/logging.c:[m[K In function ‘[01m[Krcutils_get_env_var_zero_or_one[m[K’:
[01m[K/home/ubuntu/ROS2/microros_ws/firmware/mcu_ws/uros/rcutils/src/logging.c:127:35:[m[K [01;35m[Kwarning: [m[Kunused parameter ‘[01m[Kzero_semantic[m[K’ [[01;35m[K-Wunused-parameter[m[K]
  127 |   const char * name, [01;35m[Kconst char * zero_semantic[m[K,
      |                      [01;35m[K~~~~~~~~~~~~~^~~~~~~~~~~~~[m[K
[01m[K/home/ubuntu/ROS2/microros_ws/firmware/mcu_ws/uros/rcutils/src/logging.c:128:16:[m[K [01;35m[Kwarning: [m[Kunused parameter ‘[01m[Kone_semantic[m[K’ [[01;35m[K-Wunused-parameter[m[K]
  128 |   [01;35m[Kconst char * one_semantic[m[K)
      |   [01;35m[K~~~~~~~~~~~~~^~~~~~~~~~~~[m[K
[ 41%] [32mBuilding C object CMakeFiles/rcutils.dir/src/process.c.o[0m
/usr/bin/arm-linux-gnueabihf-gcc -DRCUTILS_BUILDING_DLL -DROS_PACKAGE_NAME=\"rcutils\" -D_GNU_SOURCE -I/home/ubuntu/ROS2/microros_ws/firmware/mcu_ws/build/rcutils/include -I/home/ubuntu/ROS2/microros_ws/firmware/mcu_ws/uros/rcutils/include -I/home/ubuntu/ROS2/microros_ws/firmware/mcu_ws/install/share/tinydir_vendor/cmake/../../../include  -march=armv8-a -mfpu=neon-fp-armv8 -mfloat-abi=hard -O3 -DNDEBUG   -Wall -Wextra -Wconversion -Wno-sign-conversion -Wpedantic -std=gnu11 -o CMakeFiles/rcutils.dir/src/process.c.o   -c /home/ubuntu/ROS2/microros_ws/firmware/mcu_ws/uros/rcutils/src/process.c
[ 44%] [32mBuilding C object CMakeFiles/rcutils.dir/src/qsort.c.o[0m
/usr/bin/arm-linux-gnueabihf-gcc -DRCUTILS_BUILDING_DLL -DROS_PACKAGE_NAME=\"rcutils\" -D_GNU_SOURCE -I/home/ubuntu/ROS2/microros_ws/firmware/mcu_ws/build/rcutils/include -I/home/ubuntu/ROS2/microros_ws/firmware/mcu_ws/uros/rcutils/include -I/home/ubuntu/ROS2/microros_ws/firmware/mcu_ws/install/share/tinydir_vendor/cmake/../../../include  -march=armv8-a -mfpu=neon-fp-armv8 -mfloat-abi=hard -O3 -DNDEBUG   -Wall -Wextra -Wconversion -Wno-sign-conversion -Wpedantic -std=gnu11 -o CMakeFiles/rcutils.dir/src/qsort.c.o   -c /home/ubuntu/ROS2/microros_ws/firmware/mcu_ws/uros/rcutils/src/qsort.c
[ 48%] [32mBuilding C object CMakeFiles/rcutils.dir/src/repl_str.c.o[0m
/usr/bin/arm-linux-gnueabihf-gcc -DRCUTILS_BUILDING_DLL -DROS_PACKAGE_NAME=\"rcutils\" -D_GNU_SOURCE -I/home/ubuntu/ROS2/microros_ws/firmware/mcu_ws/build/rcutils/include -I/home/ubuntu/ROS2/microros_ws/firmware/mcu_ws/uros/rcutils/include -I/home/ubuntu/ROS2/microros_ws/firmware/mcu_ws/install/share/tinydir_vendor/cmake/../../../include  -march=armv8-a -mfpu=neon-fp-armv8 -mfloat-abi=hard -O3 -DNDEBUG   -Wall -Wextra -Wconversion -Wno-sign-conversion -Wpedantic -std=gnu11 -o CMakeFiles/rcutils.dir/src/repl_str.c.o   -c /home/ubuntu/ROS2/microros_ws/firmware/mcu_ws/uros/rcutils/src/repl_str.c
[ 51%] [32mBuilding C object CMakeFiles/rcutils.dir/src/shared_library.c.o[0m
/usr/bin/arm-linux-gnueabihf-gcc -DRCUTILS_BUILDING_DLL -DROS_PACKAGE_NAME=\"rcutils\" -D_GNU_SOURCE -I/home/ubuntu/ROS2/microros_ws/firmware/mcu_ws/build/rcutils/include -I/home/ubuntu/ROS2/microros_ws/firmware/mcu_ws/uros/rcutils/include -I/home/ubuntu/ROS2/microros_ws/firmware/mcu_ws/install/share/tinydir_vendor/cmake/../../../include  -march=armv8-a -mfpu=neon-fp-armv8 -mfloat-abi=hard -O3 -DNDEBUG   -Wall -Wextra -Wconversion -Wno-sign-conversion -Wpedantic -std=gnu11 -o CMakeFiles/rcutils.dir/src/shared_library.c.o   -c /home/ubuntu/ROS2/microros_ws/firmware/mcu_ws/uros/rcutils/src/shared_library.c
[01m[K/home/ubuntu/ROS2/microros_ws/firmware/mcu_ws/uros/rcutils/src/shared_library.c:[m[K In function ‘[01m[Krcutils_get_symbol[m[K’:
[01m[K/home/ubuntu/ROS2/microros_ws/firmware/mcu_ws/uros/rcutils/src/shared_library.c:121:23:[m[K [01;35m[Kwarning: [m[Kimplicit declaration of function ‘[01m[Kdlsym[m[K’ [[01;35m[K-Wimplicit-function-declaration[m[K]
  121 |   void * lib_symbol = [01;35m[Kdlsym[m[K(lib->lib_pointer, symbol_name);
      |                       [01;35m[K^~~~~[m[K
[01m[K/home/ubuntu/ROS2/microros_ws/firmware/mcu_ws/uros/rcutils/src/shared_library.c:121:23:[m[K [01;35m[Kwarning: [m[Kinitialization of ‘[01m[Kvoid *[m[K’ from ‘[01m[Kint[m[K’ makes pointer from integer without a cast [[01;35m[K-Wint-conversion[m[K]
[01m[K/home/ubuntu/ROS2/microros_ws/firmware/mcu_ws/uros/rcutils/src/shared_library.c:122:18:[m[K [01;35m[Kwarning: [m[Kimplicit declaration of function ‘[01m[Kdlerror[m[K’; did you mean ‘[01m[Kperror[m[K’? [[01;35m[K-Wimplicit-function-declaration[m[K]
  122 |   char * error = [01;35m[Kdlerror[m[K();
      |                  [01;35m[K^~~~~~~[m[K
      |                  [32m[Kperror[m[K
[01m[K/home/ubuntu/ROS2/microros_ws/firmware/mcu_ws/uros/rcutils/src/shared_library.c:122:18:[m[K [01;35m[Kwarning: [m[Kinitialization of ‘[01m[Kchar *[m[K’ from ‘[01m[Kint[m[K’ makes pointer from integer without a cast [[01;35m[K-Wint-conversion[m[K]
[01m[K/home/ubuntu/ROS2/microros_ws/firmware/mcu_ws/uros/rcutils/src/shared_library.c:[m[K In function ‘[01m[Krcutils_has_symbol[m[K’:
[01m[K/home/ubuntu/ROS2/microros_ws/firmware/mcu_ws/uros/rcutils/src/shared_library.c:159:23:[m[K [01;35m[Kwarning: [m[Kinitialization of ‘[01m[Kvoid *[m[K’ from ‘[01m[Kint[m[K’ makes pointer from integer without a cast [[01;35m[K-Wint-conversion[m[K]
  159 |   void * lib_symbol = [01;35m[Kdlsym[m[K(lib->lib_pointer, symbol_name);
      |                       [01;35m[K^~~~~[m[K
[01m[K/home/ubuntu/ROS2/microros_ws/firmware/mcu_ws/uros/rcutils/src/shared_library.c:160:20:[m[K [01;35m[Kwarning: [m[Kcomparison between pointer and integer
  160 |   return dlerror() [01;35m[K==[m[K NULL && lib_symbol != 0;
      |                    [01;35m[K^~[m[K
[01m[K/home/ubuntu/ROS2/microros_ws/firmware/mcu_ws/uros/rcutils/src/shared_library.c:[m[K In function ‘[01m[Krcutils_unload_shared_library[m[K’:
[01m[K/home/ubuntu/ROS2/microros_ws/firmware/mcu_ws/uros/rcutils/src/shared_library.c:178:20:[m[K [01;35m[Kwarning: [m[Kimplicit declaration of function ‘[01m[Kdlclose[m[K’; did you mean ‘[01m[Kpclose[m[K’? [[01;35m[K-Wimplicit-function-declaration[m[K]
  178 |   int error_code = [01;35m[Kdlclose[m[K(lib->lib_pointer);
      |                    [01;35m[K^~~~~~~[m[K
      |                    [32m[Kpclose[m[K
[ 55%] [32mBuilding C object CMakeFiles/rcutils.dir/src/snprintf.c.o[0m
/usr/bin/arm-linux-gnueabihf-gcc -DRCUTILS_BUILDING_DLL -DROS_PACKAGE_NAME=\"rcutils\" -D_GNU_SOURCE -I/home/ubuntu/ROS2/microros_ws/firmware/mcu_ws/build/rcutils/include -I/home/ubuntu/ROS2/microros_ws/firmware/mcu_ws/uros/rcutils/include -I/home/ubuntu/ROS2/microros_ws/firmware/mcu_ws/install/share/tinydir_vendor/cmake/../../../include  -march=armv8-a -mfpu=neon-fp-armv8 -mfloat-abi=hard -O3 -DNDEBUG   -Wall -Wextra -Wconversion -Wno-sign-conversion -Wpedantic -std=gnu11 -o CMakeFiles/rcutils.dir/src/snprintf.c.o   -c /home/ubuntu/ROS2/microros_ws/firmware/mcu_ws/uros/rcutils/src/snprintf.c
[ 58%] [32mBuilding C object CMakeFiles/rcutils.dir/src/split.c.o[0m
/usr/bin/arm-linux-gnueabihf-gcc -DRCUTILS_BUILDING_DLL -DROS_PACKAGE_NAME=\"rcutils\" -D_GNU_SOURCE -I/home/ubuntu/ROS2/microros_ws/firmware/mcu_ws/build/rcutils/include -I/home/ubuntu/ROS2/microros_ws/firmware/mcu_ws/uros/rcutils/include -I/home/ubuntu/ROS2/microros_ws/firmware/mcu_ws/install/share/tinydir_vendor/cmake/../../../include  -march=armv8-a -mfpu=neon-fp-armv8 -mfloat-abi=hard -O3 -DNDEBUG   -Wall -Wextra -Wconversion -Wno-sign-conversion -Wpedantic -std=gnu11 -o CMakeFiles/rcutils.dir/src/split.c.o   -c /home/ubuntu/ROS2/microros_ws/firmware/mcu_ws/uros/rcutils/src/split.c
[ 62%] [32mBuilding C object CMakeFiles/rcutils.dir/src/strdup.c.o[0m
/usr/bin/arm-linux-gnueabihf-gcc -DRCUTILS_BUILDING_DLL -DROS_PACKAGE_NAME=\"rcutils\" -D_GNU_SOURCE -I/home/ubuntu/ROS2/microros_ws/firmware/mcu_ws/build/rcutils/include -I/home/ubuntu/ROS2/microros_ws/firmware/mcu_ws/uros/rcutils/include -I/home/ubuntu/ROS2/microros_ws/firmware/mcu_ws/install/share/tinydir_vendor/cmake/../../../include  -march=armv8-a -mfpu=neon-fp-armv8 -mfloat-abi=hard -O3 -DNDEBUG   -Wall -Wextra -Wconversion -Wno-sign-conversion -Wpedantic -std=gnu11 -o CMakeFiles/rcutils.dir/src/strdup.c.o   -c /home/ubuntu/ROS2/microros_ws/firmware/mcu_ws/uros/rcutils/src/strdup.c
[ 65%] [32mBuilding C object CMakeFiles/rcutils.dir/src/strerror.c.o[0m
/usr/bin/arm-linux-gnueabihf-gcc -DRCUTILS_BUILDING_DLL -DROS_PACKAGE_NAME=\"rcutils\" -D_GNU_SOURCE -I/home/ubuntu/ROS2/microros_ws/firmware/mcu_ws/build/rcutils/include -I/home/ubuntu/ROS2/microros_ws/firmware/mcu_ws/uros/rcutils/include -I/home/ubuntu/ROS2/microros_ws/firmware/mcu_ws/install/share/tinydir_vendor/cmake/../../../include  -march=armv8-a -mfpu=neon-fp-armv8 -mfloat-abi=hard -O3 -DNDEBUG   -Wall -Wextra -Wconversion -Wno-sign-conversion -Wpedantic -std=gnu11 -o CMakeFiles/rcutils.dir/src/strerror.c.o   -c /home/ubuntu/ROS2/microros_ws/firmware/mcu_ws/uros/rcutils/src/strerror.c
[ 68%] [32mBuilding C object CMakeFiles/rcutils.dir/src/string_array.c.o[0m
/usr/bin/arm-linux-gnueabihf-gcc -DRCUTILS_BUILDING_DLL -DROS_PACKAGE_NAME=\"rcutils\" -D_GNU_SOURCE -I/home/ubuntu/ROS2/microros_ws/firmware/mcu_ws/build/rcutils/include -I/home/ubuntu/ROS2/microros_ws/firmware/mcu_ws/uros/rcutils/include -I/home/ubuntu/ROS2/microros_ws/firmware/mcu_ws/install/share/tinydir_vendor/cmake/../../../include  -march=armv8-a -mfpu=neon-fp-armv8 -mfloat-abi=hard -O3 -DNDEBUG   -Wall -Wextra -Wconversion -Wno-sign-conversion -Wpedantic -std=gnu11 -o CMakeFiles/rcutils.dir/src/string_array.c.o   -c /home/ubuntu/ROS2/microros_ws/firmware/mcu_ws/uros/rcutils/src/string_array.c
[ 72%] [32mBuilding C object CMakeFiles/rcutils.dir/src/string_map.c.o[0m
/usr/bin/arm-linux-gnueabihf-gcc -DRCUTILS_BUILDING_DLL -DROS_PACKAGE_NAME=\"rcutils\" -D_GNU_SOURCE -I/home/ubuntu/ROS2/microros_ws/firmware/mcu_ws/build/rcutils/include -I/home/ubuntu/ROS2/microros_ws/firmware/mcu_ws/uros/rcutils/include -I/home/ubuntu/ROS2/microros_ws/firmware/mcu_ws/install/share/tinydir_vendor/cmake/../../../include  -march=armv8-a -mfpu=neon-fp-armv8 -mfloat-abi=hard -O3 -DNDEBUG   -Wall -Wextra -Wconversion -Wno-sign-conversion -Wpedantic -std=gnu11 -o CMakeFiles/rcutils.dir/src/string_map.c.o   -c /home/ubuntu/ROS2/microros_ws/firmware/mcu_ws/uros/rcutils/src/string_map.c
[ 75%] [32mBuilding C object CMakeFiles/rcutils.dir/src/testing/fault_injection.c.o[0m
/usr/bin/arm-linux-gnueabihf-gcc -DRCUTILS_BUILDING_DLL -DROS_PACKAGE_NAME=\"rcutils\" -D_GNU_SOURCE -I/home/ubuntu/ROS2/microros_ws/firmware/mcu_ws/build/rcutils/include -I/home/ubuntu/ROS2/microros_ws/firmware/mcu_ws/uros/rcutils/include -I/home/ubuntu/ROS2/microros_ws/firmware/mcu_ws/install/share/tinydir_vendor/cmake/../../../include  -march=armv8-a -mfpu=neon-fp-armv8 -mfloat-abi=hard -O3 -DNDEBUG   -Wall -Wextra -Wconversion -Wno-sign-conversion -Wpedantic -std=gnu11 -o CMakeFiles/rcutils.dir/src/testing/fault_injection.c.o   -c /home/ubuntu/ROS2/microros_ws/firmware/mcu_ws/uros/rcutils/src/testing/fault_injection.c
[ 79%] [32mBuilding C object CMakeFiles/rcutils.dir/src/time.c.o[0m
/usr/bin/arm-linux-gnueabihf-gcc -DRCUTILS_BUILDING_DLL -DROS_PACKAGE_NAME=\"rcutils\" -D_GNU_SOURCE -I/home/ubuntu/ROS2/microros_ws/firmware/mcu_ws/build/rcutils/include -I/home/ubuntu/ROS2/microros_ws/firmware/mcu_ws/uros/rcutils/include -I/home/ubuntu/ROS2/microros_ws/firmware/mcu_ws/install/share/tinydir_vendor/cmake/../../../include  -march=armv8-a -mfpu=neon-fp-armv8 -mfloat-abi=hard -O3 -DNDEBUG   -Wall -Wextra -Wconversion -Wno-sign-conversion -Wpedantic -std=gnu11 -o CMakeFiles/rcutils.dir/src/time.c.o   -c /home/ubuntu/ROS2/microros_ws/firmware/mcu_ws/uros/rcutils/src/time.c
[ 82%] [32mBuilding C object CMakeFiles/rcutils.dir/src/time_unix.c.o[0m
/usr/bin/arm-linux-gnueabihf-gcc -DRCUTILS_BUILDING_DLL -DROS_PACKAGE_NAME=\"rcutils\" -D_GNU_SOURCE -I/home/ubuntu/ROS2/microros_ws/firmware/mcu_ws/build/rcutils/include -I/home/ubuntu/ROS2/microros_ws/firmware/mcu_ws/uros/rcutils/include -I/home/ubuntu/ROS2/microros_ws/firmware/mcu_ws/install/share/tinydir_vendor/cmake/../../../include  -march=armv8-a -mfpu=neon-fp-armv8 -mfloat-abi=hard -O3 -DNDEBUG   -Wall -Wextra -Wconversion -Wno-sign-conversion -Wpedantic -std=gnu11 -o CMakeFiles/rcutils.dir/src/time_unix.c.o   -c /home/ubuntu/ROS2/microros_ws/firmware/mcu_ws/uros/rcutils/src/time_unix.c
[ 86%] [32mBuilding C object CMakeFiles/rcutils.dir/src/uint8_array.c.o[0m
/usr/bin/arm-linux-gnueabihf-gcc -DRCUTILS_BUILDING_DLL -DROS_PACKAGE_NAME=\"rcutils\" -D_GNU_SOURCE -I/home/ubuntu/ROS2/microros_ws/firmware/mcu_ws/build/rcutils/include -I/home/ubuntu/ROS2/microros_ws/firmware/mcu_ws/uros/rcutils/include -I/home/ubuntu/ROS2/microros_ws/firmware/mcu_ws/install/share/tinydir_vendor/cmake/../../../include  -march=armv8-a -mfpu=neon-fp-armv8 -mfloat-abi=hard -O3 -DNDEBUG   -Wall -Wextra -Wconversion -Wno-sign-conversion -Wpedantic -std=gnu11 -o CMakeFiles/rcutils.dir/src/uint8_array.c.o   -c /home/ubuntu/ROS2/microros_ws/firmware/mcu_ws/uros/rcutils/src/uint8_array.c
[ 89%] [32mBuilding C object CMakeFiles/rcutils.dir/src/atomic_64bits.c.o[0m
/usr/bin/arm-linux-gnueabihf-gcc -DRCUTILS_BUILDING_DLL -DROS_PACKAGE_NAME=\"rcutils\" -D_GNU_SOURCE -I/home/ubuntu/ROS2/microros_ws/firmware/mcu_ws/build/rcutils/include -I/home/ubuntu/ROS2/microros_ws/firmware/mcu_ws/uros/rcutils/include -I/home/ubuntu/ROS2/microros_ws/firmware/mcu_ws/install/share/tinydir_vendor/cmake/../../../include  -march=armv8-a -mfpu=neon-fp-armv8 -mfloat-abi=hard -O3 -DNDEBUG   -Wall -Wextra -Wconversion -Wno-sign-conversion -Wpedantic -std=gnu11 -o CMakeFiles/rcutils.dir/src/atomic_64bits.c.o   -c /home/ubuntu/ROS2/microros_ws/firmware/mcu_ws/uros/rcutils/src/atomic_64bits.c
[01m[K/home/ubuntu/ROS2/microros_ws/firmware/mcu_ws/uros/rcutils/src/atomic_64bits.c:53:10:[m[K [01;35m[Kwarning: [m[Kmismatch in argument 1 type of built-in function ‘[01m[K__atomic_load_8[m[K’; expected ‘[01m[Kconst volatile void *[m[K’ [[01;35m[K-Wbuiltin-declaration-mismatch[m[K]
   53 | uint64_t [01;35m[K__atomic_load_8[m[K(uint64_t *mem, int model) {
      |          [01;35m[K^~~~~~~~~~~~~~~[m[K
[01m[K/home/ubuntu/ROS2/microros_ws/firmware/mcu_ws/uros/rcutils/src/atomic_64bits.c:62:6:[m[K [01;35m[Kwarning: [m[Kmismatch in argument 1 type of built-in function ‘[01m[K__atomic_store_8[m[K’; expected ‘[01m[Kvolatile void *[m[K’ [[01;35m[K-Wbuiltin-declaration-mismatch[m[K]
   62 | void [01;35m[K__atomic_store_8[m[K(uint64_t *mem, uint64_t val, int model) {
      |      [01;35m[K^~~~~~~~~~~~~~~~[m[K
[01m[K/home/ubuntu/ROS2/microros_ws/firmware/mcu_ws/uros/rcutils/src/atomic_64bits.c:70:10:[m[K [01;35m[Kwarning: [m[Kmismatch in argument 1 type of built-in function ‘[01m[K__atomic_exchange_8[m[K’; expected ‘[01m[Kvolatile void *[m[K’ [[01;35m[K-Wbuiltin-declaration-mismatch[m[K]
   70 | uint64_t [01;35m[K__atomic_exchange_8[m[K(uint64_t *mem, uint64_t val, int model) {
      |          [01;35m[K^~~~~~~~~~~~~~~~~~~[m[K
[01m[K/home/ubuntu/ROS2/microros_ws/firmware/mcu_ws/uros/rcutils/src/atomic_64bits.c:80:10:[m[K [01;35m[Kwarning: [m[Kmismatch in argument 1 type of built-in function ‘[01m[K__atomic_fetch_add_8[m[K’; expected ‘[01m[Kvolatile void *[m[K’ [[01;35m[K-Wbuiltin-declaration-mismatch[m[K]
   80 | uint64_t [01;35m[K__atomic_fetch_add_8[m[K(uint64_t *mem, uint64_t val, int model) {
      |          [01;35m[K^~~~~~~~~~~~~~~~~~~~[m[K
[ 93%] [32mBuilding C object CMakeFiles/rcutils.dir/src/char_array.c.o[0m
/usr/bin/arm-linux-gnueabihf-gcc -DRCUTILS_BUILDING_DLL -DROS_PACKAGE_NAME=\"rcutils\" -D_GNU_SOURCE -I/home/ubuntu/ROS2/microros_ws/firmware/mcu_ws/build/rcutils/include -I/home/ubuntu/ROS2/microros_ws/firmware/mcu_ws/uros/rcutils/include -I/home/ubuntu/ROS2/microros_ws/firmware/mcu_ws/install/share/tinydir_vendor/cmake/../../../include  -march=armv8-a -mfpu=neon-fp-armv8 -mfloat-abi=hard -O3 -DNDEBUG   -Wall -Wextra -Wconversion -Wno-sign-conversion -Wpedantic -std=gnu11 -o CMakeFiles/rcutils.dir/src/char_array.c.o   -c /home/ubuntu/ROS2/microros_ws/firmware/mcu_ws/uros/rcutils/src/char_array.c
In file included from [01m[K/usr/arm-linux-gnueabihf/include/string.h:495[m[K,
                 from [01m[K/home/ubuntu/ROS2/microros_ws/firmware/mcu_ws/uros/rcutils/include/rcutils/error_handling.h:34[m[K,
                 from [01m[K/home/ubuntu/ROS2/microros_ws/firmware/mcu_ws/uros/rcutils/src/char_array.c:16[m[K:
In function ‘[01m[Kstrncat[m[K’,
    inlined from ‘[01m[Krcutils_char_array_strncat[m[K’ at [01m[K/home/ubuntu/ROS2/microros_ws/firmware/mcu_ws/uros/rcutils/src/char_array.c:224:3[m[K,
    inlined from ‘[01m[Krcutils_char_array_strcat[m[K’ at [01m[K/home/ubuntu/ROS2/microros_ws/firmware/mcu_ws/uros/rcutils/src/char_array.c:239:10[m[K:
[01m[K/usr/arm-linux-gnueabihf/include/bits/string_fortified.h:136:10:[m[K [01;35m[Kwarning: [m[K‘[01m[K__builtin_strncat[m[K’ output truncated before terminating nul copying as many bytes from a string as its length [[01;35m[K-Wstringop-truncation[m[K]
  136 |   return [01;35m[K__builtin___strncat_chk (__dest, __src, __len, __bos (__dest))[m[K;
      |          [01;35m[K^~~~~~~~~~~~~~~~~~~~~~~~~~~~~~~~~~~~~~~~~~~~~~~~~~~~~~~~~~~~~~[m[K
[01m[K/home/ubuntu/ROS2/microros_ws/firmware/mcu_ws/uros/rcutils/src/char_array.c:[m[K In function ‘[01m[Krcutils_char_array_strcat[m[K’:
[01m[K/home/ubuntu/ROS2/microros_ws/firmware/mcu_ws/uros/rcutils/src/char_array.c:239:10:[m[K [01;36m[Knote: [m[Klength computed here
  239 |   return [01;36m[Krcutils_char_array_strncat(char_array, src, strlen(src))[m[K;
      |          [01;36m[K^~~~~~~~~~~~~~~~~~~~~~~~~~~~~~~~~~~~~~~~~~~~~~~~~~~~~~~~[m[K
[ 96%] [32mBuilding C object CMakeFiles/rcutils.dir/src/array_list.c.o[0m
/usr/bin/arm-linux-gnueabihf-gcc -DRCUTILS_BUILDING_DLL -DROS_PACKAGE_NAME=\"rcutils\" -D_GNU_SOURCE -I/home/ubuntu/ROS2/microros_ws/firmware/mcu_ws/build/rcutils/include -I/home/ubuntu/ROS2/microros_ws/firmware/mcu_ws/uros/rcutils/include -I/home/ubuntu/ROS2/microros_ws/firmware/mcu_ws/install/share/tinydir_vendor/cmake/../../../include  -march=armv8-a -mfpu=neon-fp-armv8 -mfloat-abi=hard -O3 -DNDEBUG   -Wall -Wextra -Wconversion -Wno-sign-conversion -Wpedantic -std=gnu11 -o CMakeFiles/rcutils.dir/src/array_list.c.o   -c /home/ubuntu/ROS2/microros_ws/firmware/mcu_ws/uros/rcutils/src/array_list.c
[100%] [32m[1mLinking C static library librcutils.a[0m
/usr/bin/cmake -P CMakeFiles/rcutils.dir/cmake_clean_target.cmake
/usr/bin/cmake -E cmake_link_script CMakeFiles/rcutils.dir/link.txt --verbose=1
/usr/bin/arm-linux-gnueabihf-ar qc librcutils.a  CMakeFiles/rcutils.dir/src/allocator.c.o CMakeFiles/rcutils.dir/src/array_list.c.o CMakeFiles/rcutils.dir/src/char_array.c.o CMakeFiles/rcutils.dir/src/cmdline_parser.c.o CMakeFiles/rcutils.dir/src/env.c.o CMakeFiles/rcutils.dir/src/error_handling.c.o CMakeFiles/rcutils.dir/src/filesystem.c.o CMakeFiles/rcutils.dir/src/find.c.o CMakeFiles/rcutils.dir/src/format_string.c.o CMakeFiles/rcutils.dir/src/get_env.c.o CMakeFiles/rcutils.dir/src/hash_map.c.o CMakeFiles/rcutils.dir/src/logging.c.o CMakeFiles/rcutils.dir/src/process.c.o CMakeFiles/rcutils.dir/src/qsort.c.o CMakeFiles/rcutils.dir/src/repl_str.c.o CMakeFiles/rcutils.dir/src/shared_library.c.o CMakeFiles/rcutils.dir/src/snprintf.c.o CMakeFiles/rcutils.dir/src/split.c.o CMakeFiles/rcutils.dir/src/strdup.c.o CMakeFiles/rcutils.dir/src/strerror.c.o CMakeFiles/rcutils.dir/src/string_array.c.o CMakeFiles/rcutils.dir/src/string_map.c.o CMakeFiles/rcutils.dir/src/testing/fault_injection.c.o CMakeFiles/rcutils.dir/src/time.c.o CMakeFiles/rcutils.dir/src/time_unix.c.o CMakeFiles/rcutils.dir/src/uint8_array.c.o CMakeFiles/rcutils.dir/src/atomic_64bits.c.o
/usr/bin/arm-linux-gnueabihf-ranlib librcutils.a
make[2]: Leaving directory '/home/ubuntu/ROS2/microros_ws/firmware/mcu_ws/build/rcutils'
[100%] Built target rcutils
make[1]: Leaving directory '/home/ubuntu/ROS2/microros_ws/firmware/mcu_ws/build/rcutils'
/usr/bin/cmake -E cmake_progress_start /home/ubuntu/ROS2/microros_ws/firmware/mcu_ws/build/rcutils/CMakeFiles 0
-- Install configuration: "Release"
-- Installing: /home/ubuntu/ROS2/microros_ws/firmware/mcu_ws/install/share/rcutils/environment/pythonpath.sh
-- Installing: /home/ubuntu/ROS2/microros_ws/firmware/mcu_ws/install/share/rcutils/environment/pythonpath.dsv
-- Installing: /home/ubuntu/ROS2/microros_ws/firmware/mcu_ws/install/lib/python3.8/site-packages/rcutils
-- Installing: /home/ubuntu/ROS2/microros_ws/firmware/mcu_ws/install/lib/python3.8/site-packages/rcutils/logging.py
-- Installing: /home/ubuntu/ROS2/microros_ws/firmware/mcu_ws/install/lib/python3.8/site-packages/rcutils/__init__.py
Listing '/home/ubuntu/ROS2/microros_ws/firmware/mcu_ws/install/lib/python3.8/site-packages/rcutils'...
Compiling '/home/ubuntu/ROS2/microros_ws/firmware/mcu_ws/install/lib/python3.8/site-packages/rcutils/__init__.py'...
Compiling '/home/ubuntu/ROS2/microros_ws/firmware/mcu_ws/install/lib/python3.8/site-packages/rcutils/logging.py'...
-- Installing: /home/ubuntu/ROS2/microros_ws/firmware/mcu_ws/install/lib/librcutils.a
-- Installing: /home/ubuntu/ROS2/microros_ws/firmware/mcu_ws/install/share/rcutils/environment/library_path.sh
-- Installing: /home/ubuntu/ROS2/microros_ws/firmware/mcu_ws/install/share/rcutils/environment/library_path.dsv
-- Installing: /home/ubuntu/ROS2/microros_ws/firmware/mcu_ws/install/share/ament_index/resource_index/package_run_dependencies/rcutils
-- Installing: /home/ubuntu/ROS2/microros_ws/firmware/mcu_ws/install/share/ament_index/resource_index/parent_prefix_path/rcutils
-- Installing: /home/ubuntu/ROS2/microros_ws/firmware/mcu_ws/install/share/rcutils/environment/ament_prefix_path.sh
-- Installing: /home/ubuntu/ROS2/microros_ws/firmware/mcu_ws/install/share/rcutils/environment/ament_prefix_path.dsv
-- Installing: /home/ubuntu/ROS2/microros_ws/firmware/mcu_ws/install/share/rcutils/environment/path.sh
-- Installing: /home/ubuntu/ROS2/microros_ws/firmware/mcu_ws/install/share/rcutils/environment/path.dsv
-- Installing: /home/ubuntu/ROS2/microros_ws/firmware/mcu_ws/install/share/rcutils/local_setup.bash
-- Installing: /home/ubuntu/ROS2/microros_ws/firmware/mcu_ws/install/share/rcutils/local_setup.sh
-- Installing: /home/ubuntu/ROS2/microros_ws/firmware/mcu_ws/install/share/rcutils/local_setup.zsh
-- Installing: /home/ubuntu/ROS2/microros_ws/firmware/mcu_ws/install/share/rcutils/local_setup.dsv
-- Installing: /home/ubuntu/ROS2/microros_ws/firmware/mcu_ws/install/share/rcutils/package.dsv
-- Installing: /home/ubuntu/ROS2/microros_ws/firmware/mcu_ws/install/share/ament_index/resource_index/packages/rcutils
-- Installing: /home/ubuntu/ROS2/microros_ws/firmware/mcu_ws/install/share/rcutils/cmake/rcutilsExport.cmake
-- Installing: /home/ubuntu/ROS2/microros_ws/firmware/mcu_ws/install/share/rcutils/cmake/rcutilsExport-release.cmake
-- Installing: /home/ubuntu/ROS2/microros_ws/firmware/mcu_ws/install/share/rcutils/cmake/ament_cmake_export_dependencies-extras.cmake
-- Installing: /home/ubuntu/ROS2/microros_ws/firmware/mcu_ws/install/share/rcutils/cmake/ament_cmake_export_include_directories-extras.cmake
-- Installing: /home/ubuntu/ROS2/microros_ws/firmware/mcu_ws/install/share/rcutils/cmake/ament_cmake_export_libraries-extras.cmake
-- Installing: /home/ubuntu/ROS2/microros_ws/firmware/mcu_ws/install/share/rcutils/cmake/ament_cmake_export_targets-extras.cmake
-- Installing: /home/ubuntu/ROS2/microros_ws/firmware/mcu_ws/install/share/rcutils/cmake/rcutilsConfig.cmake
-- Installing: /home/ubuntu/ROS2/microros_ws/firmware/mcu_ws/install/share/rcutils/cmake/rcutilsConfig-version.cmake
-- Installing: /home/ubuntu/ROS2/microros_ws/firmware/mcu_ws/install/share/rcutils/package.xml
-- Up-to-date: /home/ubuntu/ROS2/microros_ws/firmware/mcu_ws/install/include
-- Installing: /home/ubuntu/ROS2/microros_ws/firmware/mcu_ws/install/include/rcutils
-- Installing: /home/ubuntu/ROS2/microros_ws/firmware/mcu_ws/install/include/rcutils/strdup.h
-- Installing: /home/ubuntu/ROS2/microros_ws/firmware/mcu_ws/install/include/rcutils/error_handling.h
-- Installing: /home/ubuntu/ROS2/microros_ws/firmware/mcu_ws/install/include/rcutils/env.h
-- Installing: /home/ubuntu/ROS2/microros_ws/firmware/mcu_ws/install/include/rcutils/time.h
-- Installing: /home/ubuntu/ROS2/microros_ws/firmware/mcu_ws/install/include/rcutils/shared_library.h
-- Installing: /home/ubuntu/ROS2/microros_ws/firmware/mcu_ws/install/include/rcutils/security_directory.h
-- Installing: /home/ubuntu/ROS2/microros_ws/firmware/mcu_ws/install/include/rcutils/repl_str.h
-- Installing: /home/ubuntu/ROS2/microros_ws/firmware/mcu_ws/install/include/rcutils/macros.h
-- Installing: /home/ubuntu/ROS2/microros_ws/firmware/mcu_ws/install/include/rcutils/visibility_control.h
-- Installing: /home/ubuntu/ROS2/microros_ws/firmware/mcu_ws/install/include/rcutils/stdatomic_helper.h
-- Installing: /home/ubuntu/ROS2/microros_ws/firmware/mcu_ws/install/include/rcutils/cmdline_parser.h
-- Installing: /home/ubuntu/ROS2/microros_ws/firmware/mcu_ws/install/include/rcutils/testing
-- Installing: /home/ubuntu/ROS2/microros_ws/firmware/mcu_ws/install/include/rcutils/testing/fault_injection.h
-- Installing: /home/ubuntu/ROS2/microros_ws/firmware/mcu_ws/install/include/rcutils/strerror.h
-- Installing: /home/ubuntu/ROS2/microros_ws/firmware/mcu_ws/install/include/rcutils/isalnum_no_locale.h
-- Installing: /home/ubuntu/ROS2/microros_ws/firmware/mcu_ws/install/include/rcutils/logging.h
-- Installing: /home/ubuntu/ROS2/microros_ws/firmware/mcu_ws/install/include/rcutils/types.h
-- Installing: /home/ubuntu/ROS2/microros_ws/firmware/mcu_ws/install/include/rcutils/allocator.h
-- Installing: /home/ubuntu/ROS2/microros_ws/firmware/mcu_ws/install/include/rcutils/configuration_flags.h.in
-- Installing: /home/ubuntu/ROS2/microros_ws/firmware/mcu_ws/install/include/rcutils/split.h
-- Installing: /home/ubuntu/ROS2/microros_ws/firmware/mcu_ws/install/include/rcutils/visibility_control_macros.h
-- Installing: /home/ubuntu/ROS2/microros_ws/firmware/mcu_ws/install/include/rcutils/find.h
-- Installing: /home/ubuntu/ROS2/microros_ws/firmware/mcu_ws/install/include/rcutils/format_string.h
-- Installing: /home/ubuntu/ROS2/microros_ws/firmware/mcu_ws/install/include/rcutils/qsort.h
-- Installing: /home/ubuntu/ROS2/microros_ws/firmware/mcu_ws/install/include/rcutils/stdatomic_helper
-- Installing: /home/ubuntu/ROS2/microros_ws/firmware/mcu_ws/install/include/rcutils/stdatomic_helper/win32
-- Installing: /home/ubuntu/ROS2/microros_ws/firmware/mcu_ws/install/include/rcutils/stdatomic_helper/win32/stdatomic.h
-- Installing: /home/ubuntu/ROS2/microros_ws/firmware/mcu_ws/install/include/rcutils/stdatomic_helper/gcc
-- Installing: /home/ubuntu/ROS2/microros_ws/firmware/mcu_ws/install/include/rcutils/stdatomic_helper/gcc/stdatomic.h
-- Installing: /home/ubuntu/ROS2/microros_ws/firmware/mcu_ws/install/include/rcutils/snprintf.h
-- Installing: /home/ubuntu/ROS2/microros_ws/firmware/mcu_ws/install/include/rcutils/process.h
-- Installing: /home/ubuntu/ROS2/microros_ws/firmware/mcu_ws/install/include/rcutils/filesystem.h
-- Installing: /home/ubuntu/ROS2/microros_ws/firmware/mcu_ws/install/include/rcutils/get_env.h
-- Installing: /home/ubuntu/ROS2/microros_ws/firmware/mcu_ws/install/include/rcutils/types
-- Installing: /home/ubuntu/ROS2/microros_ws/firmware/mcu_ws/install/include/rcutils/types/hash_map.h
-- Installing: /home/ubuntu/ROS2/microros_ws/firmware/mcu_ws/install/include/rcutils/types/string_array.h
-- Installing: /home/ubuntu/ROS2/microros_ws/firmware/mcu_ws/install/include/rcutils/types/uint8_array.h
-- Installing: /home/ubuntu/ROS2/microros_ws/firmware/mcu_ws/install/include/rcutils/types/string_map.h
-- Installing: /home/ubuntu/ROS2/microros_ws/firmware/mcu_ws/install/include/rcutils/types/char_array.h
-- Installing: /home/ubuntu/ROS2/microros_ws/firmware/mcu_ws/install/include/rcutils/types/array_list.h
-- Installing: /home/ubuntu/ROS2/microros_ws/firmware/mcu_ws/install/include/rcutils/types/rcutils_ret.h
-- Up-to-date: /home/ubuntu/ROS2/microros_ws/firmware/mcu_ws/install/include
-- Up-to-date: /home/ubuntu/ROS2/microros_ws/firmware/mcu_ws/install/include/rcutils
-- Installing: /home/ubuntu/ROS2/microros_ws/firmware/mcu_ws/install/include/rcutils/configuration_flags.h
-- Installing: /home/ubuntu/ROS2/microros_ws/firmware/mcu_ws/install/include/rcutils/logging_macros.h
