[5.527s] Invoking command in '/home/ubuntu/ROS2/microros_ws/firmware/mcu_ws/build/rcutils': CMAKE_PREFIX_PATH=/home/ubuntu/ROS2/microros_ws/firmware/mcu_ws/install:/home/ubuntu/ROS2/microros_ws/firmware/dev_ws/install/ament_lint_common:/home/ubuntu/ROS2/microros_ws/firmware/dev_ws/install/ament_cmake_uncrustify:/home/ubuntu/ROS2/microros_ws/firmware/dev_ws/install/uncrustify_vendor:/home/ubuntu/ROS2/microros_ws/firmware/dev_ws/install/ament_cmake_ros:/home/ubuntu/ROS2/microros_ws/firmware/dev_ws/install/ament_cmake_gmock:/home/ubuntu/ROS2/microros_ws/firmware/dev_ws/install/gmock_vendor:/home/ubuntu/ROS2/microros_ws/firmware/dev_ws/install/ament_cmake_gtest:/home/ubuntu/ROS2/microros_ws/firmware/dev_ws/install/gtest_vendor:/home/ubuntu/ROS2/microros_ws/firmware/dev_ws/install/ament_cmake_xmllint:/home/ubuntu/ROS2/microros_ws/firmware/dev_ws/install/ament_cmake_pyflakes:/home/ubuntu/ROS2/microros_ws/firmware/dev_ws/install/ament_cmake_pycodestyle:/home/ubuntu/ROS2/microros_ws/firmware/dev_ws/install/ament_cmake_pep257:/home/ubuntu/ROS2/microros_ws/firmware/dev_ws/install/ament_cmake_pclint:/home/ubuntu/ROS2/microros_ws/firmware/dev_ws/install/ament_lint_auto:/home/ubuntu/ROS2/microros_ws/firmware/dev_ws/install/ament_cmake_auto:/home/ubuntu/ROS2/microros_ws/firmware/dev_ws/install/ament_cmake:/home/ubuntu/ROS2/microros_ws/firmware/dev_ws/install/ament_cmake_version:/home/ubuntu/ROS2/microros_ws/firmware/dev_ws/install/ament_cmake_pytest:/home/ubuntu/ROS2/microros_ws/firmware/dev_ws/install/ament_cmake_nose:/home/ubuntu/ROS2/microros_ws/firmware/dev_ws/install/ament_cmake_mypy:/home/ubuntu/ROS2/microros_ws/firmware/dev_ws/install/ament_cmake_lint_cmake:/home/ubuntu/ROS2/microros_ws/firmware/dev_ws/install/ament_cmake_google_benchmark:/home/ubuntu/ROS2/microros_ws/firmware/dev_ws/install/ament_cmake_flake8:/home/ubuntu/ROS2/microros_ws/firmware/dev_ws/install/ament_cmake_cpplint:/home/ubuntu/ROS2/microros_ws/firmware/dev_ws/install/ament_cmake_cppcheck:/home/ubuntu/ROS2/microros_ws/firmware/dev_ws/install/ament_cmake_copyright:/home/ubuntu/ROS2/microros_ws/firmware/dev_ws/install/ament_cmake_clang_tidy:/home/ubuntu/ROS2/microros_ws/firmware/dev_ws/install/ament_cmake_clang_format:/home/ubuntu/ROS2/microros_ws/firmware/dev_ws/install/ament_cmake_test:/home/ubuntu/ROS2/microros_ws/firmware/dev_ws/install/ament_cmake_target_dependencies:/home/ubuntu/ROS2/microros_ws/firmware/dev_ws/install/ament_cmake_python:/home/ubuntu/ROS2/microros_ws/firmware/dev_ws/install/ament_cmake_export_dependencies:/home/ubuntu/ROS2/microros_ws/firmware/dev_ws/install/ament_cmake_libraries:/home/ubuntu/ROS2/microros_ws/firmware/dev_ws/install/ament_cmake_include_directories:/home/ubuntu/ROS2/microros_ws/firmware/dev_ws/install/ament_cmake_export_targets:/home/ubuntu/ROS2/microros_ws/firmware/dev_ws/install/ament_cmake_export_link_flags:/home/ubuntu/ROS2/microros_ws/firmware/dev_ws/install/ament_cmake_export_interfaces:/home/ubuntu/ROS2/microros_ws/firmware/dev_ws/install/ament_cmake_export_libraries:/home/ubuntu/ROS2/microros_ws/firmware/dev_ws/install/ament_cmake_export_include_directories:/home/ubuntu/ROS2/microros_ws/firmware/dev_ws/install/ament_cmake_export_definitions:/home/ubuntu/ROS2/microros_ws/firmware/dev_ws/install/ament_cmake_core:/home/ubuntu/ROS2/microros_ws/firmware/dev_ws/install/ament_index_cpp:/home/ubuntu/ROS2/microros_ws/install/microxrcedds_client:/home/ubuntu/ROS2/microros_ws/install/microcdr:/home/ubuntu/ROS2/microros_ws/firmware/dev_ws/install/ament_uncrustify:/home/ubuntu/ROS2/microros_ws/firmware/dev_ws/install/domain_coordinator:/home/ubuntu/ROS2/microros_ws/firmware/dev_ws/install/ament_xmllint:/home/ubuntu/ROS2/microros_ws/firmware/dev_ws/install/ament_pyflakes:/home/ubuntu/ROS2/microros_ws/firmware/dev_ws/install/ament_pycodestyle:/home/ubuntu/ROS2/microros_ws/firmware/dev_ws/install/ament_pep257:/home/ubuntu/ROS2/microros_ws/firmware/dev_ws/install/ament_pclint:/home/ubuntu/ROS2/microros_ws/firmware/dev_ws/install/ament_package:/home/ubuntu/ROS2/microros_ws/firmware/dev_ws/install/ament_mypy:/home/ubuntu/ROS2/microros_ws/firmware/dev_ws/install/ament_lint_cmake:/home/ubuntu/ROS2/microros_ws/firmware/dev_ws/install/ament_flake8:/home/ubuntu/ROS2/microros_ws/firmware/dev_ws/install/ament_copyright:/home/ubuntu/ROS2/microros_ws/firmware/dev_ws/install/ament_lint:/home/ubuntu/ROS2/microros_ws/firmware/dev_ws/install/ament_index_python:/home/ubuntu/ROS2/microros_ws/firmware/dev_ws/install/ament_cpplint:/home/ubuntu/ROS2/microros_ws/firmware/dev_ws/install/ament_cppcheck:/home/ubuntu/ROS2/microros_ws/firmware/dev_ws/install/ament_clang_tidy:/home/ubuntu/ROS2/microros_ws/firmware/dev_ws/install/ament_clang_format PKG_CONFIG_PATH=/home/ubuntu/ROS2/microros_ws/firmware/mcu_ws/install/lib/aarch64-linux-gnu/pkgconfig:/home/ubuntu/ROS2/microros_ws/firmware/mcu_ws/install/lib/pkgconfig:${PKG_CONFIG_PATH} PYTHONPATH=/home/ubuntu/ROS2/microros_ws/firmware/mcu_ws/install/lib/python3.8/site-packages:${PYTHONPATH} /usr/bin/cmake /home/ubuntu/ROS2/microros_ws/firmware/mcu_ws/uros/rcutils --no-warn-unused-cli -DCMAKE_POSITION_INDEPENDENT_CODE:BOOL=OFF -DTHIRDPARTY=ON -DBUILD_SHARED_LIBS=OFF -DBUILD_TESTING=OFF -DCMAKE_BUILD_TYPE=Release -DCMAKE_TOOLCHAIN_FILE=/home/ubuntu/ROS2/microros_ws/my_custom_toolchain.cmake -DCMAKE_VERBOSE_MAKEFILE=ON -DENABLE_TESTING=OFF -DRCUTILS_NO_FILESYSTEM=ON -DRCUTILS_NO_THREAD_SUPPORT=ON -DRCUTILS_NO_64_ATOMIC=ON -DRCUTILS_AVOID_DYNAMIC_ALLOCATION=ON -DCMAKE_INSTALL_PREFIX=/home/ubuntu/ROS2/microros_ws/firmware/mcu_ws/install
[5.586s] Not searching for unused variables given on the command line.
[6.343s] -- The C compiler identification is GNU 9.4.0
[6.869s] -- The CXX compiler identification is GNU 9.4.0
[6.921s] -- Check for working C compiler: /usr/bin/arm-linux-gnueabihf-gcc
[7.857s] -- Check for working C compiler: /usr/bin/arm-linux-gnueabihf-gcc -- works
[7.873s] -- Detecting C compiler ABI info
[8.819s] -- Detecting C compiler ABI info - done
[8.900s] -- Detecting C compile features
[8.903s] -- Detecting C compile features - done
[8.918s] -- Check for working CXX compiler: /usr/bin/arm-linux-gnueabihf-g++
[9.768s] -- Check for working CXX compiler: /usr/bin/arm-linux-gnueabihf-g++ -- works
[9.776s] -- Detecting CXX compiler ABI info
[11.043s] -- Detecting CXX compiler ABI info - done
[11.173s] -- Detecting CXX compile features
[11.226s] -- Detecting CXX compile features - done
[11.315s] -- Found ament_cmake_python: 0.9.12 (/home/ubuntu/ROS2/microros_ws/firmware/dev_ws/install/ament_cmake_python/share/ament_cmake_python/cmake)
[11.330s] -- Found ament_cmake_ros: 0.9.2 (/home/ubuntu/ROS2/microros_ws/firmware/dev_ws/install/ament_cmake_ros/share/ament_cmake_ros/cmake)
[11.913s] -- Found PythonInterp: /usr/bin/python3 (found suitable version "3.8.10", minimum required is "3") 
[11.914s] -- Using PYTHON_EXECUTABLE: /usr/bin/python3
[14.272s] -- Found tinydir_vendor:  (/home/ubuntu/ROS2/microros_ws/firmware/mcu_ws/install/share/tinydir_vendor/cmake)
[14.613s] -- Performing Test USES_GLIBC
[15.635s] -- Performing Test USES_GLIBC - Success
[16.991s] -- Configuring done
[17.113s] -- Generating done
[17.138s] -- Build files have been written to: /home/ubuntu/ROS2/microros_ws/firmware/mcu_ws/build/rcutils
[17.202s] Invoked command in '/home/ubuntu/ROS2/microros_ws/firmware/mcu_ws/build/rcutils' returned '0': CMAKE_PREFIX_PATH=/home/ubuntu/ROS2/microros_ws/firmware/mcu_ws/install:/home/ubuntu/ROS2/microros_ws/firmware/dev_ws/install/ament_lint_common:/home/ubuntu/ROS2/microros_ws/firmware/dev_ws/install/ament_cmake_uncrustify:/home/ubuntu/ROS2/microros_ws/firmware/dev_ws/install/uncrustify_vendor:/home/ubuntu/ROS2/microros_ws/firmware/dev_ws/install/ament_cmake_ros:/home/ubuntu/ROS2/microros_ws/firmware/dev_ws/install/ament_cmake_gmock:/home/ubuntu/ROS2/microros_ws/firmware/dev_ws/install/gmock_vendor:/home/ubuntu/ROS2/microros_ws/firmware/dev_ws/install/ament_cmake_gtest:/home/ubuntu/ROS2/microros_ws/firmware/dev_ws/install/gtest_vendor:/home/ubuntu/ROS2/microros_ws/firmware/dev_ws/install/ament_cmake_xmllint:/home/ubuntu/ROS2/microros_ws/firmware/dev_ws/install/ament_cmake_pyflakes:/home/ubuntu/ROS2/microros_ws/firmware/dev_ws/install/ament_cmake_pycodestyle:/home/ubuntu/ROS2/microros_ws/firmware/dev_ws/install/ament_cmake_pep257:/home/ubuntu/ROS2/microros_ws/firmware/dev_ws/install/ament_cmake_pclint:/home/ubuntu/ROS2/microros_ws/firmware/dev_ws/install/ament_lint_auto:/home/ubuntu/ROS2/microros_ws/firmware/dev_ws/install/ament_cmake_auto:/home/ubuntu/ROS2/microros_ws/firmware/dev_ws/install/ament_cmake:/home/ubuntu/ROS2/microros_ws/firmware/dev_ws/install/ament_cmake_version:/home/ubuntu/ROS2/microros_ws/firmware/dev_ws/install/ament_cmake_pytest:/home/ubuntu/ROS2/microros_ws/firmware/dev_ws/install/ament_cmake_nose:/home/ubuntu/ROS2/microros_ws/firmware/dev_ws/install/ament_cmake_mypy:/home/ubuntu/ROS2/microros_ws/firmware/dev_ws/install/ament_cmake_lint_cmake:/home/ubuntu/ROS2/microros_ws/firmware/dev_ws/install/ament_cmake_google_benchmark:/home/ubuntu/ROS2/microros_ws/firmware/dev_ws/install/ament_cmake_flake8:/home/ubuntu/ROS2/microros_ws/firmware/dev_ws/install/ament_cmake_cpplint:/home/ubuntu/ROS2/microros_ws/firmware/dev_ws/install/ament_cmake_cppcheck:/home/ubuntu/ROS2/microros_ws/firmware/dev_ws/install/ament_cmake_copyright:/home/ubuntu/ROS2/microros_ws/firmware/dev_ws/install/ament_cmake_clang_tidy:/home/ubuntu/ROS2/microros_ws/firmware/dev_ws/install/ament_cmake_clang_format:/home/ubuntu/ROS2/microros_ws/firmware/dev_ws/install/ament_cmake_test:/home/ubuntu/ROS2/microros_ws/firmware/dev_ws/install/ament_cmake_target_dependencies:/home/ubuntu/ROS2/microros_ws/firmware/dev_ws/install/ament_cmake_python:/home/ubuntu/ROS2/microros_ws/firmware/dev_ws/install/ament_cmake_export_dependencies:/home/ubuntu/ROS2/microros_ws/firmware/dev_ws/install/ament_cmake_libraries:/home/ubuntu/ROS2/microros_ws/firmware/dev_ws/install/ament_cmake_include_directories:/home/ubuntu/ROS2/microros_ws/firmware/dev_ws/install/ament_cmake_export_targets:/home/ubuntu/ROS2/microros_ws/firmware/dev_ws/install/ament_cmake_export_link_flags:/home/ubuntu/ROS2/microros_ws/firmware/dev_ws/install/ament_cmake_export_interfaces:/home/ubuntu/ROS2/microros_ws/firmware/dev_ws/install/ament_cmake_export_libraries:/home/ubuntu/ROS2/microros_ws/firmware/dev_ws/install/ament_cmake_export_include_directories:/home/ubuntu/ROS2/microros_ws/firmware/dev_ws/install/ament_cmake_export_definitions:/home/ubuntu/ROS2/microros_ws/firmware/dev_ws/install/ament_cmake_core:/home/ubuntu/ROS2/microros_ws/firmware/dev_ws/install/ament_index_cpp:/home/ubuntu/ROS2/microros_ws/install/microxrcedds_client:/home/ubuntu/ROS2/microros_ws/install/microcdr:/home/ubuntu/ROS2/microros_ws/firmware/dev_ws/install/ament_uncrustify:/home/ubuntu/ROS2/microros_ws/firmware/dev_ws/install/domain_coordinator:/home/ubuntu/ROS2/microros_ws/firmware/dev_ws/install/ament_xmllint:/home/ubuntu/ROS2/microros_ws/firmware/dev_ws/install/ament_pyflakes:/home/ubuntu/ROS2/microros_ws/firmware/dev_ws/install/ament_pycodestyle:/home/ubuntu/ROS2/microros_ws/firmware/dev_ws/install/ament_pep257:/home/ubuntu/ROS2/microros_ws/firmware/dev_ws/install/ament_pclint:/home/ubuntu/ROS2/microros_ws/firmware/dev_ws/install/ament_package:/home/ubuntu/ROS2/microros_ws/firmware/dev_ws/install/ament_mypy:/home/ubuntu/ROS2/microros_ws/firmware/dev_ws/install/ament_lint_cmake:/home/ubuntu/ROS2/microros_ws/firmware/dev_ws/install/ament_flake8:/home/ubuntu/ROS2/microros_ws/firmware/dev_ws/install/ament_copyright:/home/ubuntu/ROS2/microros_ws/firmware/dev_ws/install/ament_lint:/home/ubuntu/ROS2/microros_ws/firmware/dev_ws/install/ament_index_python:/home/ubuntu/ROS2/microros_ws/firmware/dev_ws/install/ament_cpplint:/home/ubuntu/ROS2/microros_ws/firmware/dev_ws/install/ament_cppcheck:/home/ubuntu/ROS2/microros_ws/firmware/dev_ws/install/ament_clang_tidy:/home/ubuntu/ROS2/microros_ws/firmware/dev_ws/install/ament_clang_format PKG_CONFIG_PATH=/home/ubuntu/ROS2/microros_ws/firmware/mcu_ws/install/lib/aarch64-linux-gnu/pkgconfig:/home/ubuntu/ROS2/microros_ws/firmware/mcu_ws/install/lib/pkgconfig:${PKG_CONFIG_PATH} PYTHONPATH=/home/ubuntu/ROS2/microros_ws/firmware/mcu_ws/install/lib/python3.8/site-packages:${PYTHONPATH} /usr/bin/cmake /home/ubuntu/ROS2/microros_ws/firmware/mcu_ws/uros/rcutils --no-warn-unused-cli -DCMAKE_POSITION_INDEPENDENT_CODE:BOOL=OFF -DTHIRDPARTY=ON -DBUILD_SHARED_LIBS=OFF -DBUILD_TESTING=OFF -DCMAKE_BUILD_TYPE=Release -DCMAKE_TOOLCHAIN_FILE=/home/ubuntu/ROS2/microros_ws/my_custom_toolchain.cmake -DCMAKE_VERBOSE_MAKEFILE=ON -DENABLE_TESTING=OFF -DRCUTILS_NO_FILESYSTEM=ON -DRCUTILS_NO_THREAD_SUPPORT=ON -DRCUTILS_NO_64_ATOMIC=ON -DRCUTILS_AVOID_DYNAMIC_ALLOCATION=ON -DCMAKE_INSTALL_PREFIX=/home/ubuntu/ROS2/microros_ws/firmware/mcu_ws/install
[17.209s] Invoking command in '/home/ubuntu/ROS2/microros_ws/firmware/mcu_ws/build/rcutils': CMAKE_PREFIX_PATH=/home/ubuntu/ROS2/microros_ws/firmware/mcu_ws/install:/home/ubuntu/ROS2/microros_ws/firmware/dev_ws/install/ament_lint_common:/home/ubuntu/ROS2/microros_ws/firmware/dev_ws/install/ament_cmake_uncrustify:/home/ubuntu/ROS2/microros_ws/firmware/dev_ws/install/uncrustify_vendor:/home/ubuntu/ROS2/microros_ws/firmware/dev_ws/install/ament_cmake_ros:/home/ubuntu/ROS2/microros_ws/firmware/dev_ws/install/ament_cmake_gmock:/home/ubuntu/ROS2/microros_ws/firmware/dev_ws/install/gmock_vendor:/home/ubuntu/ROS2/microros_ws/firmware/dev_ws/install/ament_cmake_gtest:/home/ubuntu/ROS2/microros_ws/firmware/dev_ws/install/gtest_vendor:/home/ubuntu/ROS2/microros_ws/firmware/dev_ws/install/ament_cmake_xmllint:/home/ubuntu/ROS2/microros_ws/firmware/dev_ws/install/ament_cmake_pyflakes:/home/ubuntu/ROS2/microros_ws/firmware/dev_ws/install/ament_cmake_pycodestyle:/home/ubuntu/ROS2/microros_ws/firmware/dev_ws/install/ament_cmake_pep257:/home/ubuntu/ROS2/microros_ws/firmware/dev_ws/install/ament_cmake_pclint:/home/ubuntu/ROS2/microros_ws/firmware/dev_ws/install/ament_lint_auto:/home/ubuntu/ROS2/microros_ws/firmware/dev_ws/install/ament_cmake_auto:/home/ubuntu/ROS2/microros_ws/firmware/dev_ws/install/ament_cmake:/home/ubuntu/ROS2/microros_ws/firmware/dev_ws/install/ament_cmake_version:/home/ubuntu/ROS2/microros_ws/firmware/dev_ws/install/ament_cmake_pytest:/home/ubuntu/ROS2/microros_ws/firmware/dev_ws/install/ament_cmake_nose:/home/ubuntu/ROS2/microros_ws/firmware/dev_ws/install/ament_cmake_mypy:/home/ubuntu/ROS2/microros_ws/firmware/dev_ws/install/ament_cmake_lint_cmake:/home/ubuntu/ROS2/microros_ws/firmware/dev_ws/install/ament_cmake_google_benchmark:/home/ubuntu/ROS2/microros_ws/firmware/dev_ws/install/ament_cmake_flake8:/home/ubuntu/ROS2/microros_ws/firmware/dev_ws/install/ament_cmake_cpplint:/home/ubuntu/ROS2/microros_ws/firmware/dev_ws/install/ament_cmake_cppcheck:/home/ubuntu/ROS2/microros_ws/firmware/dev_ws/install/ament_cmake_copyright:/home/ubuntu/ROS2/microros_ws/firmware/dev_ws/install/ament_cmake_clang_tidy:/home/ubuntu/ROS2/microros_ws/firmware/dev_ws/install/ament_cmake_clang_format:/home/ubuntu/ROS2/microros_ws/firmware/dev_ws/install/ament_cmake_test:/home/ubuntu/ROS2/microros_ws/firmware/dev_ws/install/ament_cmake_target_dependencies:/home/ubuntu/ROS2/microros_ws/firmware/dev_ws/install/ament_cmake_python:/home/ubuntu/ROS2/microros_ws/firmware/dev_ws/install/ament_cmake_export_dependencies:/home/ubuntu/ROS2/microros_ws/firmware/dev_ws/install/ament_cmake_libraries:/home/ubuntu/ROS2/microros_ws/firmware/dev_ws/install/ament_cmake_include_directories:/home/ubuntu/ROS2/microros_ws/firmware/dev_ws/install/ament_cmake_export_targets:/home/ubuntu/ROS2/microros_ws/firmware/dev_ws/install/ament_cmake_export_link_flags:/home/ubuntu/ROS2/microros_ws/firmware/dev_ws/install/ament_cmake_export_interfaces:/home/ubuntu/ROS2/microros_ws/firmware/dev_ws/install/ament_cmake_export_libraries:/home/ubuntu/ROS2/microros_ws/firmware/dev_ws/install/ament_cmake_export_include_directories:/home/ubuntu/ROS2/microros_ws/firmware/dev_ws/install/ament_cmake_export_definitions:/home/ubuntu/ROS2/microros_ws/firmware/dev_ws/install/ament_cmake_core:/home/ubuntu/ROS2/microros_ws/firmware/dev_ws/install/ament_index_cpp:/home/ubuntu/ROS2/microros_ws/install/microxrcedds_client:/home/ubuntu/ROS2/microros_ws/install/microcdr:/home/ubuntu/ROS2/microros_ws/firmware/dev_ws/install/ament_uncrustify:/home/ubuntu/ROS2/microros_ws/firmware/dev_ws/install/domain_coordinator:/home/ubuntu/ROS2/microros_ws/firmware/dev_ws/install/ament_xmllint:/home/ubuntu/ROS2/microros_ws/firmware/dev_ws/install/ament_pyflakes:/home/ubuntu/ROS2/microros_ws/firmware/dev_ws/install/ament_pycodestyle:/home/ubuntu/ROS2/microros_ws/firmware/dev_ws/install/ament_pep257:/home/ubuntu/ROS2/microros_ws/firmware/dev_ws/install/ament_pclint:/home/ubuntu/ROS2/microros_ws/firmware/dev_ws/install/ament_package:/home/ubuntu/ROS2/microros_ws/firmware/dev_ws/install/ament_mypy:/home/ubuntu/ROS2/microros_ws/firmware/dev_ws/install/ament_lint_cmake:/home/ubuntu/ROS2/microros_ws/firmware/dev_ws/install/ament_flake8:/home/ubuntu/ROS2/microros_ws/firmware/dev_ws/install/ament_copyright:/home/ubuntu/ROS2/microros_ws/firmware/dev_ws/install/ament_lint:/home/ubuntu/ROS2/microros_ws/firmware/dev_ws/install/ament_index_python:/home/ubuntu/ROS2/microros_ws/firmware/dev_ws/install/ament_cpplint:/home/ubuntu/ROS2/microros_ws/firmware/dev_ws/install/ament_cppcheck:/home/ubuntu/ROS2/microros_ws/firmware/dev_ws/install/ament_clang_tidy:/home/ubuntu/ROS2/microros_ws/firmware/dev_ws/install/ament_clang_format PKG_CONFIG_PATH=/home/ubuntu/ROS2/microros_ws/firmware/mcu_ws/install/lib/aarch64-linux-gnu/pkgconfig:/home/ubuntu/ROS2/microros_ws/firmware/mcu_ws/install/lib/pkgconfig:${PKG_CONFIG_PATH} PYTHONPATH=/home/ubuntu/ROS2/microros_ws/firmware/mcu_ws/install/lib/python3.8/site-packages:${PYTHONPATH} /usr/bin/cmake --build /home/ubuntu/ROS2/microros_ws/firmware/mcu_ws/build/rcutils -- -j4 -l4
[17.498s] /usr/bin/cmake -S/home/ubuntu/ROS2/microros_ws/firmware/mcu_ws/uros/rcutils -B/home/ubuntu/ROS2/microros_ws/firmware/mcu_ws/build/rcutils --check-build-system CMakeFiles/Makefile.cmake 0
[17.732s] /usr/bin/cmake -E cmake_progress_start /home/ubuntu/ROS2/microros_ws/firmware/mcu_ws/build/rcutils/CMakeFiles /home/ubuntu/ROS2/microros_ws/firmware/mcu_ws/build/rcutils/CMakeFiles/progress.marks
[17.848s] /usr/bin/make -f CMakeFiles/Makefile2 all
[17.897s] make[1]: Entering directory '/home/ubuntu/ROS2/microros_ws/firmware/mcu_ws/build/rcutils'
[17.897s] /usr/bin/make -f CMakeFiles/rcutils.dir/build.make CMakeFiles/rcutils.dir/depend
[17.931s] make[2]: Entering directory '/home/ubuntu/ROS2/microros_ws/firmware/mcu_ws/build/rcutils'
[18.118s] [  3%] [34m[1mExpanding logging_macros.h.em[0m
[18.127s] /usr/bin/cmake -E make_directory include/rcutils
[18.251s] /usr/bin/python3 -c "import em;em.invoke(   [     '-o', 'include/rcutils/logging_macros.h',     '-D', 'rcutils_module_path=\"/home/ubuntu/ROS2/microros_ws/firmware/mcu_ws/uros/rcutils\"',     '/home/ubuntu/ROS2/microros_ws/firmware/mcu_ws/uros/rcutils/resource/logging_macros.h.em'   ] )"
[19.989s] cd /home/ubuntu/ROS2/microros_ws/firmware/mcu_ws/build/rcutils && /usr/bin/cmake -E cmake_depends "Unix Makefiles" /home/ubuntu/ROS2/microros_ws/firmware/mcu_ws/uros/rcutils /home/ubuntu/ROS2/microros_ws/firmware/mcu_ws/uros/rcutils /home/ubuntu/ROS2/microros_ws/firmware/mcu_ws/build/rcutils /home/ubuntu/ROS2/microros_ws/firmware/mcu_ws/build/rcutils /home/ubuntu/ROS2/microros_ws/firmware/mcu_ws/build/rcutils/CMakeFiles/rcutils.dir/DependInfo.cmake --color=
[20.176s] Dependee "/home/ubuntu/ROS2/microros_ws/firmware/mcu_ws/build/rcutils/CMakeFiles/rcutils.dir/DependInfo.cmake" is newer than depender "/home/ubuntu/ROS2/microros_ws/firmware/mcu_ws/build/rcutils/CMakeFiles/rcutils.dir/depend.internal".
[20.177s] Dependee "/home/ubuntu/ROS2/microros_ws/firmware/mcu_ws/build/rcutils/CMakeFiles/CMakeDirectoryInformation.cmake" is newer than depender "/home/ubuntu/ROS2/microros_ws/firmware/mcu_ws/build/rcutils/CMakeFiles/rcutils.dir/depend.internal".
[20.178s] [35m[1mScanning dependencies of target rcutils[0m
[20.690s] make[2]: Leaving directory '/home/ubuntu/ROS2/microros_ws/firmware/mcu_ws/build/rcutils'
[20.691s] /usr/bin/make -f CMakeFiles/rcutils.dir/build.make CMakeFiles/rcutils.dir/build
[20.731s] make[2]: Entering directory '/home/ubuntu/ROS2/microros_ws/firmware/mcu_ws/build/rcutils'
[20.926s] [  6%] [32mBuilding C object CMakeFiles/rcutils.dir/src/allocator.c.o[0m
[20.934s] /usr/bin/arm-linux-gnueabihf-gcc -DRCUTILS_BUILDING_DLL -DROS_PACKAGE_NAME=\"rcutils\" -D_GNU_SOURCE -I/home/ubuntu/ROS2/microros_ws/firmware/mcu_ws/build/rcutils/include -I/home/ubuntu/ROS2/microros_ws/firmware/mcu_ws/uros/rcutils/include -I/home/ubuntu/ROS2/microros_ws/firmware/mcu_ws/install/share/tinydir_vendor/cmake/../../../include  -march=armv8-a -mfpu=neon-fp-armv8 -mfloat-abi=hard -O3 -DNDEBUG   -Wall -Wextra -Wconversion -Wno-sign-conversion -Wpedantic -std=gnu11 -o CMakeFiles/rcutils.dir/src/allocator.c.o   -c /home/ubuntu/ROS2/microros_ws/firmware/mcu_ws/uros/rcutils/src/allocator.c
[22.198s] [ 10%] [32mBuilding C object CMakeFiles/rcutils.dir/src/cmdline_parser.c.o[0m
[22.206s] /usr/bin/arm-linux-gnueabihf-gcc -DRCUTILS_BUILDING_DLL -DROS_PACKAGE_NAME=\"rcutils\" -D_GNU_SOURCE -I/home/ubuntu/ROS2/microros_ws/firmware/mcu_ws/build/rcutils/include -I/home/ubuntu/ROS2/microros_ws/firmware/mcu_ws/uros/rcutils/include -I/home/ubuntu/ROS2/microros_ws/firmware/mcu_ws/install/share/tinydir_vendor/cmake/../../../include  -march=armv8-a -mfpu=neon-fp-armv8 -mfloat-abi=hard -O3 -DNDEBUG   -Wall -Wextra -Wconversion -Wno-sign-conversion -Wpedantic -std=gnu11 -o CMakeFiles/rcutils.dir/src/cmdline_parser.c.o   -c /home/ubuntu/ROS2/microros_ws/firmware/mcu_ws/uros/rcutils/src/cmdline_parser.c
[22.961s] [ 13%] [32mBuilding C object CMakeFiles/rcutils.dir/src/env.c.o[0m
[22.966s] /usr/bin/arm-linux-gnueabihf-gcc -DRCUTILS_BUILDING_DLL -DROS_PACKAGE_NAME=\"rcutils\" -D_GNU_SOURCE -I/home/ubuntu/ROS2/microros_ws/firmware/mcu_ws/build/rcutils/include -I/home/ubuntu/ROS2/microros_ws/firmware/mcu_ws/uros/rcutils/include -I/home/ubuntu/ROS2/microros_ws/firmware/mcu_ws/install/share/tinydir_vendor/cmake/../../../include  -march=armv8-a -mfpu=neon-fp-armv8 -mfloat-abi=hard -O3 -DNDEBUG   -Wall -Wextra -Wconversion -Wno-sign-conversion -Wpedantic -std=gnu11 -o CMakeFiles/rcutils.dir/src/env.c.o   -c /home/ubuntu/ROS2/microros_ws/firmware/mcu_ws/uros/rcutils/src/env.c
[23.626s] [ 17%] [32mBuilding C object CMakeFiles/rcutils.dir/src/error_handling.c.o[0m
[23.647s] /usr/bin/arm-linux-gnueabihf-gcc -DRCUTILS_BUILDING_DLL -DROS_PACKAGE_NAME=\"rcutils\" -D_GNU_SOURCE -I/home/ubuntu/ROS2/microros_ws/firmware/mcu_ws/build/rcutils/include -I/home/ubuntu/ROS2/microros_ws/firmware/mcu_ws/uros/rcutils/include -I/home/ubuntu/ROS2/microros_ws/firmware/mcu_ws/install/share/tinydir_vendor/cmake/../../../include  -march=armv8-a -mfpu=neon-fp-armv8 -mfloat-abi=hard -O3 -DNDEBUG   -Wall -Wextra -Wconversion -Wno-sign-conversion -Wpedantic -std=gnu11 -o CMakeFiles/rcutils.dir/src/error_handling.c.o   -c /home/ubuntu/ROS2/microros_ws/firmware/mcu_ws/uros/rcutils/src/error_handling.c
[24.003s] In file included from [01m[K/home/ubuntu/ROS2/microros_ws/firmware/mcu_ws/uros/rcutils/src/error_handling.c:35[m[K:
[24.003s] [01m[K/home/ubuntu/ROS2/microros_ws/firmware/mcu_ws/uros/rcutils/src/./error_handling_helpers.h:[m[K In function ‘[01m[K__rcutils_convert_uint64_t_into_c_str[m[K’:
[24.004s] [01m[K/home/ubuntu/ROS2/microros_ws/firmware/mcu_ws/uros/rcutils/src/./error_handling_helpers.h:109:48:[m[K [01;35m[Kwarning: [m[Kunused parameter ‘[01m[Knumber[m[K’ [[01;35m[K-Wunused-parameter[m[K]
[24.004s]   109 | __rcutils_convert_uint64_t_into_c_str([01;35m[Kuint64_t number[m[K, char * buffer, size_t buffer_size)
[24.005s]       |                                       [01;35m[K~~~~~~~~~^~~~~~[m[K
[24.006s] [01m[K/home/ubuntu/ROS2/microros_ws/firmware/mcu_ws/uros/rcutils/src/./error_handling_helpers.h:109:63:[m[K [01;35m[Kwarning: [m[Kunused parameter ‘[01m[Kbuffer[m[K’ [[01;35m[K-Wunused-parameter[m[K]
[24.006s]   109 | _rcutils_convert_uint64_t_into_c_str(uint64_t number, [01;35m[Kchar * buffer[m[K, size_t buffer_size)
[24.007s]       |                                                       [01;35m[K~~~~~~~^~~~~~[m[K
[24.009s] 
[24.010s] [01m[K/home/ubuntu/ROS2/microros_ws/firmware/mcu_ws/uros/rcutils/src/./error_handling_helpers.h:109:78:[m[K [01;35m[Kwarning: [m[Kunused parameter ‘[01m[Kbuffer_size[m[K’ [[01;35m[K-Wunused-parameter[m[K]
[24.011s]   109 | convert_uint64_t_into_c_str(uint64_t number, char * buffer, [01;35m[Ksize_t buffer_size[m[K)
[24.012s]       |                                                             [01;35m[K~~~~~~~^~~~~~~~~~~[m[K
[24.019s] 
[24.019s] [01m[K/home/ubuntu/ROS2/microros_ws/firmware/mcu_ws/uros/rcutils/src/./error_handling_helpers.h:[m[K In function ‘[01m[K__rcutils_format_error_string[m[K’:
[24.020s] [01m[K/home/ubuntu/ROS2/microros_ws/firmware/mcu_ws/uros/rcutils/src/./error_handling_helpers.h:142:28:[m[K [01;35m[Kwarning: [m[Kunused parameter ‘[01m[Kerror_string[m[K’ [[01;35m[K-Wunused-parameter[m[K]
[24.020s]   142 |   [01;35m[Krcutils_error_string_t * error_string[m[K,
[24.021s]       |   [01;35m[K~~~~~~~~~~~~~~~~~~~~~~~~~^~~~~~~~~~~~[m[K
[24.022s] [01m[K/home/ubuntu/ROS2/microros_ws/firmware/mcu_ws/uros/rcutils/src/./error_handling_helpers.h:143:33:[m[K [01;35m[Kwarning: [m[Kunused parameter ‘[01m[Kerror_state[m[K’ [[01;35m[K-Wunused-parameter[m[K]
[24.022s]   143 |   [01;35m[Kconst rcutils_error_state_t * error_state[m[K)
[24.023s]       |   [01;35m[K~~~~~~~~~~~~~~~~~~~~~~~~~~~~~~^~~~~~~~~~~[m[K
[24.023s] [01m[K/home/ubuntu/ROS2/microros_ws/firmware/mcu_ws/uros/rcutils/src/error_handling.c:[m[K In function ‘[01m[Krcutils_get_error_string[m[K’:
[24.024s] [01m[K/home/ubuntu/ROS2/microros_ws/firmware/mcu_ws/uros/rcutils/src/error_handling.c:240:38:[m[K [01;35m[Kwarning: [m[Kinitializer-string for array of chars is too long
[24.029s]   240 |     return (rcutils_error_string_t) {[01;35m[K"error not set"[m[K};  // NOLINT(readability/braces)
[24.030s]       |                                      [01;35m[K^~~~~~~~~~~~~~~[m[K
[24.030s] [01m[K/home/ubuntu/ROS2/microros_ws/firmware/mcu_ws/uros/rcutils/src/error_handling.c:240:38:[m[K [01;36m[Knote: [m[K(near initialization for ‘[01m[K(anonymous).str[m[K’)
[24.037s] In file included from [01m[K/home/ubuntu/ROS2/microros_ws/firmware/mcu_ws/uros/rcutils/src/error_handling.c:35[m[K:
[24.037s] At top level:
[24.038s] [01m[K/home/ubuntu/ROS2/microros_ws/firmware/mcu_ws/uros/rcutils/src/./error_handling_helpers.h:109:1:[m[K [01;35m[Kwarning: [m[K‘[01m[K__rcutils_convert_uint64_t_into_c_str[m[K’ defined but not used [[01;35m[K-Wunused-function[m[K]
[24.038s]   109 | [01;35m[K__rcutils_convert_uint64_t_into_c_str[m[K(uint64_t number, char * buffer, size_t buffer_size)
[24.039s]       | [01;35m[K^~~~~~~~~~~~~~~~~~~~~~~~~~~~~~~~~~~~~[m[K
[24.039s] [01m[K/home/ubuntu/ROS2/microros_ws/firmware/mcu_ws/uros/rcutils/src/./error_handling_helpers.h:91:1:[m[K [01;35m[Kwarning: [m[K‘[01m[K__rcutils_reverse_str[m[K’ defined but not used [[01;35m[K-Wunused-function[m[K]
[24.040s]    91 | [01;35m[K__rcutils_reverse_str[m[K(char * string_in, size_t string_len)
[24.040s]       | [01;35m[K^~~~~~~~~~~~~~~~~~~~~[m[K
[24.588s] [ 20%] [32mBuilding C object CMakeFiles/rcutils.dir/src/filesystem.c.o[0m
[24.602s] /usr/bin/arm-linux-gnueabihf-gcc -DRCUTILS_BUILDING_DLL -DROS_PACKAGE_NAME=\"rcutils\" -D_GNU_SOURCE -I/home/ubuntu/ROS2/microros_ws/firmware/mcu_ws/build/rcutils/include -I/home/ubuntu/ROS2/microros_ws/firmware/mcu_ws/uros/rcutils/include -I/home/ubuntu/ROS2/microros_ws/firmware/mcu_ws/install/share/tinydir_vendor/cmake/../../../include  -march=armv8-a -mfpu=neon-fp-armv8 -mfloat-abi=hard -O3 -DNDEBUG   -Wall -Wextra -Wconversion -Wno-sign-conversion -Wpedantic -std=gnu11 -o CMakeFiles/rcutils.dir/src/filesystem.c.o   -c /home/ubuntu/ROS2/microros_ws/firmware/mcu_ws/uros/rcutils/src/filesystem.c
[25.353s] [ 24%] [32mBuilding C object CMakeFiles/rcutils.dir/src/find.c.o[0m
[25.377s] /usr/bin/arm-linux-gnueabihf-gcc -DRCUTILS_BUILDING_DLL -DROS_PACKAGE_NAME=\"rcutils\" -D_GNU_SOURCE -I/home/ubuntu/ROS2/microros_ws/firmware/mcu_ws/build/rcutils/include -I/home/ubuntu/ROS2/microros_ws/firmware/mcu_ws/uros/rcutils/include -I/home/ubuntu/ROS2/microros_ws/firmware/mcu_ws/install/share/tinydir_vendor/cmake/../../../include  -march=armv8-a -mfpu=neon-fp-armv8 -mfloat-abi=hard -O3 -DNDEBUG   -Wall -Wextra -Wconversion -Wno-sign-conversion -Wpedantic -std=gnu11 -o CMakeFiles/rcutils.dir/src/find.c.o   -c /home/ubuntu/ROS2/microros_ws/firmware/mcu_ws/uros/rcutils/src/find.c
[26.113s] [ 27%] [32mBuilding C object CMakeFiles/rcutils.dir/src/format_string.c.o[0m
[26.137s] /usr/bin/arm-linux-gnueabihf-gcc -DRCUTILS_BUILDING_DLL -DROS_PACKAGE_NAME=\"rcutils\" -D_GNU_SOURCE -I/home/ubuntu/ROS2/microros_ws/firmware/mcu_ws/build/rcutils/include -I/home/ubuntu/ROS2/microros_ws/firmware/mcu_ws/uros/rcutils/include -I/home/ubuntu/ROS2/microros_ws/firmware/mcu_ws/install/share/tinydir_vendor/cmake/../../../include  -march=armv8-a -mfpu=neon-fp-armv8 -mfloat-abi=hard -O3 -DNDEBUG   -Wall -Wextra -Wconversion -Wno-sign-conversion -Wpedantic -std=gnu11 -o CMakeFiles/rcutils.dir/src/format_string.c.o   -c /home/ubuntu/ROS2/microros_ws/firmware/mcu_ws/uros/rcutils/src/format_string.c
[26.529s] [ 31%] [32mBuilding C object CMakeFiles/rcutils.dir/src/get_env.c.o[0m
[26.535s] /usr/bin/arm-linux-gnueabihf-gcc -DRCUTILS_BUILDING_DLL -DROS_PACKAGE_NAME=\"rcutils\" -D_GNU_SOURCE -I/home/ubuntu/ROS2/microros_ws/firmware/mcu_ws/build/rcutils/include -I/home/ubuntu/ROS2/microros_ws/firmware/mcu_ws/uros/rcutils/include -I/home/ubuntu/ROS2/microros_ws/firmware/mcu_ws/install/share/tinydir_vendor/cmake/../../../include  -march=armv8-a -mfpu=neon-fp-armv8 -mfloat-abi=hard -O3 -DNDEBUG   -Wall -Wextra -Wconversion -Wno-sign-conversion -Wpedantic -std=gnu11 -o CMakeFiles/rcutils.dir/src/get_env.c.o   -c /home/ubuntu/ROS2/microros_ws/firmware/mcu_ws/uros/rcutils/src/get_env.c
[27.224s] [ 34%] [32mBuilding C object CMakeFiles/rcutils.dir/src/hash_map.c.o[0m
[27.231s] /usr/bin/arm-linux-gnueabihf-gcc -DRCUTILS_BUILDING_DLL -DROS_PACKAGE_NAME=\"rcutils\" -D_GNU_SOURCE -I/home/ubuntu/ROS2/microros_ws/firmware/mcu_ws/build/rcutils/include -I/home/ubuntu/ROS2/microros_ws/firmware/mcu_ws/uros/rcutils/include -I/home/ubuntu/ROS2/microros_ws/firmware/mcu_ws/install/share/tinydir_vendor/cmake/../../../include  -march=armv8-a -mfpu=neon-fp-armv8 -mfloat-abi=hard -O3 -DNDEBUG   -Wall -Wextra -Wconversion -Wno-sign-conversion -Wpedantic -std=gnu11 -o CMakeFiles/rcutils.dir/src/hash_map.c.o   -c /home/ubuntu/ROS2/microros_ws/firmware/mcu_ws/uros/rcutils/src/hash_map.c
[28.331s] [ 37%] [32mBuilding C object CMakeFiles/rcutils.dir/src/logging.c.o[0m
[28.336s] /usr/bin/arm-linux-gnueabihf-gcc -DRCUTILS_BUILDING_DLL -DROS_PACKAGE_NAME=\"rcutils\" -D_GNU_SOURCE -I/home/ubuntu/ROS2/microros_ws/firmware/mcu_ws/build/rcutils/include -I/home/ubuntu/ROS2/microros_ws/firmware/mcu_ws/uros/rcutils/include -I/home/ubuntu/ROS2/microros_ws/firmware/mcu_ws/install/share/tinydir_vendor/cmake/../../../include  -march=armv8-a -mfpu=neon-fp-armv8 -mfloat-abi=hard -O3 -DNDEBUG   -Wall -Wextra -Wconversion -Wno-sign-conversion -Wpedantic -std=gnu11 -o CMakeFiles/rcutils.dir/src/logging.c.o   -c /home/ubuntu/ROS2/microros_ws/firmware/mcu_ws/uros/rcutils/src/logging.c
[28.724s] [01m[K/home/ubuntu/ROS2/microros_ws/firmware/mcu_ws/uros/rcutils/src/logging.c:[m[K In function ‘[01m[Krcutils_get_env_var_zero_or_one[m[K’:
[28.725s] [01m[K/home/ubuntu/ROS2/microros_ws/firmware/mcu_ws/uros/rcutils/src/logging.c:127:35:[m[K [01;35m[Kwarning: [m[Kunused parameter ‘[01m[Kzero_semantic[m[K’ [[01;35m[K-Wunused-parameter[m[K]
[28.726s]   127 |   const char * name, [01;35m[Kconst char * zero_semantic[m[K,
[28.729s]       |                      [01;35m[K~~~~~~~~~~~~~^~~~~~~~~~~~~[m[K
[28.731s] [01m[K/home/ubuntu/ROS2/microros_ws/firmware/mcu_ws/uros/rcutils/src/logging.c:128:16:[m[K [01;35m[Kwarning: [m[Kunused parameter ‘[01m[Kone_semantic[m[K’ [[01;35m[K-Wunused-parameter[m[K]
[28.732s]   128 |   [01;35m[Kconst char * one_semantic[m[K)
[28.733s]       |   [01;35m[K~~~~~~~~~~~~~^~~~~~~~~~~~[m[K
[30.129s] [ 41%] [32mBuilding C object CMakeFiles/rcutils.dir/src/process.c.o[0m
[30.135s] /usr/bin/arm-linux-gnueabihf-gcc -DRCUTILS_BUILDING_DLL -DROS_PACKAGE_NAME=\"rcutils\" -D_GNU_SOURCE -I/home/ubuntu/ROS2/microros_ws/firmware/mcu_ws/build/rcutils/include -I/home/ubuntu/ROS2/microros_ws/firmware/mcu_ws/uros/rcutils/include -I/home/ubuntu/ROS2/microros_ws/firmware/mcu_ws/install/share/tinydir_vendor/cmake/../../../include  -march=armv8-a -mfpu=neon-fp-armv8 -mfloat-abi=hard -O3 -DNDEBUG   -Wall -Wextra -Wconversion -Wno-sign-conversion -Wpedantic -std=gnu11 -o CMakeFiles/rcutils.dir/src/process.c.o   -c /home/ubuntu/ROS2/microros_ws/firmware/mcu_ws/uros/rcutils/src/process.c
[31.042s] [ 44%] [32mBuilding C object CMakeFiles/rcutils.dir/src/qsort.c.o[0m
[31.080s] /usr/bin/arm-linux-gnueabihf-gcc -DRCUTILS_BUILDING_DLL -DROS_PACKAGE_NAME=\"rcutils\" -D_GNU_SOURCE -I/home/ubuntu/ROS2/microros_ws/firmware/mcu_ws/build/rcutils/include -I/home/ubuntu/ROS2/microros_ws/firmware/mcu_ws/uros/rcutils/include -I/home/ubuntu/ROS2/microros_ws/firmware/mcu_ws/install/share/tinydir_vendor/cmake/../../../include  -march=armv8-a -mfpu=neon-fp-armv8 -mfloat-abi=hard -O3 -DNDEBUG   -Wall -Wextra -Wconversion -Wno-sign-conversion -Wpedantic -std=gnu11 -o CMakeFiles/rcutils.dir/src/qsort.c.o   -c /home/ubuntu/ROS2/microros_ws/firmware/mcu_ws/uros/rcutils/src/qsort.c
[31.832s] [ 48%] [32mBuilding C object CMakeFiles/rcutils.dir/src/repl_str.c.o[0m
[31.841s] /usr/bin/arm-linux-gnueabihf-gcc -DRCUTILS_BUILDING_DLL -DROS_PACKAGE_NAME=\"rcutils\" -D_GNU_SOURCE -I/home/ubuntu/ROS2/microros_ws/firmware/mcu_ws/build/rcutils/include -I/home/ubuntu/ROS2/microros_ws/firmware/mcu_ws/uros/rcutils/include -I/home/ubuntu/ROS2/microros_ws/firmware/mcu_ws/install/share/tinydir_vendor/cmake/../../../include  -march=armv8-a -mfpu=neon-fp-armv8 -mfloat-abi=hard -O3 -DNDEBUG   -Wall -Wextra -Wconversion -Wno-sign-conversion -Wpedantic -std=gnu11 -o CMakeFiles/rcutils.dir/src/repl_str.c.o   -c /home/ubuntu/ROS2/microros_ws/firmware/mcu_ws/uros/rcutils/src/repl_str.c
[32.250s] [ 51%] [32mBuilding C object CMakeFiles/rcutils.dir/src/shared_library.c.o[0m
[32.257s] /usr/bin/arm-linux-gnueabihf-gcc -DRCUTILS_BUILDING_DLL -DROS_PACKAGE_NAME=\"rcutils\" -D_GNU_SOURCE -I/home/ubuntu/ROS2/microros_ws/firmware/mcu_ws/build/rcutils/include -I/home/ubuntu/ROS2/microros_ws/firmware/mcu_ws/uros/rcutils/include -I/home/ubuntu/ROS2/microros_ws/firmware/mcu_ws/install/share/tinydir_vendor/cmake/../../../include  -march=armv8-a -mfpu=neon-fp-armv8 -mfloat-abi=hard -O3 -DNDEBUG   -Wall -Wextra -Wconversion -Wno-sign-conversion -Wpedantic -std=gnu11 -o CMakeFiles/rcutils.dir/src/shared_library.c.o   -c /home/ubuntu/ROS2/microros_ws/firmware/mcu_ws/uros/rcutils/src/shared_library.c
[32.416s] [01m[K/home/ubuntu/ROS2/microros_ws/firmware/mcu_ws/uros/rcutils/src/shared_library.c:[m[K In function ‘[01m[Krcutils_get_symbol[m[K’:
[32.417s] [01m[K/home/ubuntu/ROS2/microros_ws/firmware/mcu_ws/uros/rcutils/src/shared_library.c:121:23:[m[K [01;35m[Kwarning: [m[Kimplicit declaration of function ‘[01m[Kdlsym[m[K’ [[01;35m[K-Wimplicit-function-declaration[m[K]
[32.421s]   121 |   void * lib_symbol = [01;35m[Kdlsym[m[K(lib->lib_pointer, symbol_name);
[32.422s]       |                       [01;35m[K^~~~~[m[K
[32.423s] [01m[K/home/ubuntu/ROS2/microros_ws/firmware/mcu_ws/uros/rcutils/src/shared_library.c:121:23:[m[K [01;35m[Kwarning: [m[Kinitialization of ‘[01m[Kvoid *[m[K’ from ‘[01m[Kint[m[K’ makes pointer from integer without a cast [[01;35m[K-Wint-conversion[m[K]
[32.424s] [01m[K/home/ubuntu/ROS2/microros_ws/firmware/mcu_ws/uros/rcutils/src/shared_library.c:122:18:[m[K [01;35m[Kwarning: [m[Kimplicit declaration of function ‘[01m[Kdlerror[m[K’; did you mean ‘[01m[Kperror[m[K’? [[01;35m[K-Wimplicit-function-declaration[m[K]
[32.425s]   122 |   char * error = [01;35m[Kdlerror[m[K();
[32.425s]       |                  [01;35m[K^~~~~~~[m[K
[32.426s]       |                  [32m[Kperror[m[K
[32.426s] [01m[K/home/ubuntu/ROS2/microros_ws/firmware/mcu_ws/uros/rcutils/src/shared_library.c:122:18:[m[K [01;35m[Kwarning: [m[Kinitialization of ‘[01m[Kchar *[m[K’ from ‘[01m[Kint[m[K’ makes pointer from integer without a cast [[01;35m[K-Wint-conversion[m[K]
[32.429s] [01m[K/home/ubuntu/ROS2/microros_ws/firmware/mcu_ws/uros/rcutils/src/shared_library.c:[m[K In function ‘[01m[Krcutils_has_symbol[m[K’:
[32.430s] [01m[K/home/ubuntu/ROS2/microros_ws/firmware/mcu_ws/uros/rcutils/src/shared_library.c:159:23:[m[K [01;35m[Kwarning: [m[Kinitialization of ‘[01m[Kvoid *[m[K’ from ‘[01m[Kint[m[K’ makes pointer from integer without a cast [[01;35m[K-Wint-conversion[m[K]
[32.430s]   159 |   void * lib_symbol = [01;35m[Kdlsym[m[K(lib->lib_pointer, symbol_name);
[32.431s]       |                       [01;35m[K^~~~~[m[K
[32.431s] [01m[K/home/ubuntu/ROS2/microros_ws/firmware/mcu_ws/uros/rcutils/src/shared_library.c:160:20:[m[K [01;35m[Kwarning: [m[Kcomparison between pointer and integer
[32.432s]   160 |   return dlerror() [01;35m[K==[m[K NULL && lib_symbol != 0;
[32.432s]       |                    [01;35m[K^~[m[K
[32.435s] [01m[K/home/ubuntu/ROS2/microros_ws/firmware/mcu_ws/uros/rcutils/src/shared_library.c:[m[K In function ‘[01m[Krcutils_unload_shared_library[m[K’:
[32.436s] [01m[K/home/ubuntu/ROS2/microros_ws/firmware/mcu_ws/uros/rcutils/src/shared_library.c:178:20:[m[K [01;35m[Kwarning: [m[Kimplicit declaration of function ‘[01m[Kdlclose[m[K’; did you mean ‘[01m[Kpclose[m[K’? [[01;35m[K-Wimplicit-function-declaration[m[K]
[32.437s]   178 |   int error_code = [01;35m[Kdlclose[m[K(lib->lib_pointer);
[32.438s]       |                    [01;35m[K^~~~~~~[m[K
[32.449s]       |                    [32m[Kpclose[m[K
[32.693s] [ 55%] [32mBuilding C object CMakeFiles/rcutils.dir/src/snprintf.c.o[0m
[32.698s] /usr/bin/arm-linux-gnueabihf-gcc -DRCUTILS_BUILDING_DLL -DROS_PACKAGE_NAME=\"rcutils\" -D_GNU_SOURCE -I/home/ubuntu/ROS2/microros_ws/firmware/mcu_ws/build/rcutils/include -I/home/ubuntu/ROS2/microros_ws/firmware/mcu_ws/uros/rcutils/include -I/home/ubuntu/ROS2/microros_ws/firmware/mcu_ws/install/share/tinydir_vendor/cmake/../../../include  -march=armv8-a -mfpu=neon-fp-armv8 -mfloat-abi=hard -O3 -DNDEBUG   -Wall -Wextra -Wconversion -Wno-sign-conversion -Wpedantic -std=gnu11 -o CMakeFiles/rcutils.dir/src/snprintf.c.o   -c /home/ubuntu/ROS2/microros_ws/firmware/mcu_ws/uros/rcutils/src/snprintf.c
[33.013s] [ 58%] [32mBuilding C object CMakeFiles/rcutils.dir/src/split.c.o[0m
[33.022s] /usr/bin/arm-linux-gnueabihf-gcc -DRCUTILS_BUILDING_DLL -DROS_PACKAGE_NAME=\"rcutils\" -D_GNU_SOURCE -I/home/ubuntu/ROS2/microros_ws/firmware/mcu_ws/build/rcutils/include -I/home/ubuntu/ROS2/microros_ws/firmware/mcu_ws/uros/rcutils/include -I/home/ubuntu/ROS2/microros_ws/firmware/mcu_ws/install/share/tinydir_vendor/cmake/../../../include  -march=armv8-a -mfpu=neon-fp-armv8 -mfloat-abi=hard -O3 -DNDEBUG   -Wall -Wextra -Wconversion -Wno-sign-conversion -Wpedantic -std=gnu11 -o CMakeFiles/rcutils.dir/src/split.c.o   -c /home/ubuntu/ROS2/microros_ws/firmware/mcu_ws/uros/rcutils/src/split.c
[33.706s] [ 62%] [32mBuilding C object CMakeFiles/rcutils.dir/src/strdup.c.o[0m
[33.711s] /usr/bin/arm-linux-gnueabihf-gcc -DRCUTILS_BUILDING_DLL -DROS_PACKAGE_NAME=\"rcutils\" -D_GNU_SOURCE -I/home/ubuntu/ROS2/microros_ws/firmware/mcu_ws/build/rcutils/include -I/home/ubuntu/ROS2/microros_ws/firmware/mcu_ws/uros/rcutils/include -I/home/ubuntu/ROS2/microros_ws/firmware/mcu_ws/install/share/tinydir_vendor/cmake/../../../include  -march=armv8-a -mfpu=neon-fp-armv8 -mfloat-abi=hard -O3 -DNDEBUG   -Wall -Wextra -Wconversion -Wno-sign-conversion -Wpedantic -std=gnu11 -o CMakeFiles/rcutils.dir/src/strdup.c.o   -c /home/ubuntu/ROS2/microros_ws/firmware/mcu_ws/uros/rcutils/src/strdup.c
[34.204s] [ 65%] [32mBuilding C object CMakeFiles/rcutils.dir/src/strerror.c.o[0m
[34.211s] /usr/bin/arm-linux-gnueabihf-gcc -DRCUTILS_BUILDING_DLL -DROS_PACKAGE_NAME=\"rcutils\" -D_GNU_SOURCE -I/home/ubuntu/ROS2/microros_ws/firmware/mcu_ws/build/rcutils/include -I/home/ubuntu/ROS2/microros_ws/firmware/mcu_ws/uros/rcutils/include -I/home/ubuntu/ROS2/microros_ws/firmware/mcu_ws/install/share/tinydir_vendor/cmake/../../../include  -march=armv8-a -mfpu=neon-fp-armv8 -mfloat-abi=hard -O3 -DNDEBUG   -Wall -Wextra -Wconversion -Wno-sign-conversion -Wpedantic -std=gnu11 -o CMakeFiles/rcutils.dir/src/strerror.c.o   -c /home/ubuntu/ROS2/microros_ws/firmware/mcu_ws/uros/rcutils/src/strerror.c
[34.594s] [ 68%] [32mBuilding C object CMakeFiles/rcutils.dir/src/string_array.c.o[0m
[34.601s] /usr/bin/arm-linux-gnueabihf-gcc -DRCUTILS_BUILDING_DLL -DROS_PACKAGE_NAME=\"rcutils\" -D_GNU_SOURCE -I/home/ubuntu/ROS2/microros_ws/firmware/mcu_ws/build/rcutils/include -I/home/ubuntu/ROS2/microros_ws/firmware/mcu_ws/uros/rcutils/include -I/home/ubuntu/ROS2/microros_ws/firmware/mcu_ws/install/share/tinydir_vendor/cmake/../../../include  -march=armv8-a -mfpu=neon-fp-armv8 -mfloat-abi=hard -O3 -DNDEBUG   -Wall -Wextra -Wconversion -Wno-sign-conversion -Wpedantic -std=gnu11 -o CMakeFiles/rcutils.dir/src/string_array.c.o   -c /home/ubuntu/ROS2/microros_ws/firmware/mcu_ws/uros/rcutils/src/string_array.c
[35.619s] [ 72%] [32mBuilding C object CMakeFiles/rcutils.dir/src/string_map.c.o[0m
[35.625s] /usr/bin/arm-linux-gnueabihf-gcc -DRCUTILS_BUILDING_DLL -DROS_PACKAGE_NAME=\"rcutils\" -D_GNU_SOURCE -I/home/ubuntu/ROS2/microros_ws/firmware/mcu_ws/build/rcutils/include -I/home/ubuntu/ROS2/microros_ws/firmware/mcu_ws/uros/rcutils/include -I/home/ubuntu/ROS2/microros_ws/firmware/mcu_ws/install/share/tinydir_vendor/cmake/../../../include  -march=armv8-a -mfpu=neon-fp-armv8 -mfloat-abi=hard -O3 -DNDEBUG   -Wall -Wextra -Wconversion -Wno-sign-conversion -Wpedantic -std=gnu11 -o CMakeFiles/rcutils.dir/src/string_map.c.o   -c /home/ubuntu/ROS2/microros_ws/firmware/mcu_ws/uros/rcutils/src/string_map.c
[36.960s] [ 75%] [32mBuilding C object CMakeFiles/rcutils.dir/src/testing/fault_injection.c.o[0m
[36.971s] /usr/bin/arm-linux-gnueabihf-gcc -DRCUTILS_BUILDING_DLL -DROS_PACKAGE_NAME=\"rcutils\" -D_GNU_SOURCE -I/home/ubuntu/ROS2/microros_ws/firmware/mcu_ws/build/rcutils/include -I/home/ubuntu/ROS2/microros_ws/firmware/mcu_ws/uros/rcutils/include -I/home/ubuntu/ROS2/microros_ws/firmware/mcu_ws/install/share/tinydir_vendor/cmake/../../../include  -march=armv8-a -mfpu=neon-fp-armv8 -mfloat-abi=hard -O3 -DNDEBUG   -Wall -Wextra -Wconversion -Wno-sign-conversion -Wpedantic -std=gnu11 -o CMakeFiles/rcutils.dir/src/testing/fault_injection.c.o   -c /home/ubuntu/ROS2/microros_ws/firmware/mcu_ws/uros/rcutils/src/testing/fault_injection.c
[37.361s] [ 79%] [32mBuilding C object CMakeFiles/rcutils.dir/src/time.c.o[0m
[37.371s] /usr/bin/arm-linux-gnueabihf-gcc -DRCUTILS_BUILDING_DLL -DROS_PACKAGE_NAME=\"rcutils\" -D_GNU_SOURCE -I/home/ubuntu/ROS2/microros_ws/firmware/mcu_ws/build/rcutils/include -I/home/ubuntu/ROS2/microros_ws/firmware/mcu_ws/uros/rcutils/include -I/home/ubuntu/ROS2/microros_ws/firmware/mcu_ws/install/share/tinydir_vendor/cmake/../../../include  -march=armv8-a -mfpu=neon-fp-armv8 -mfloat-abi=hard -O3 -DNDEBUG   -Wall -Wextra -Wconversion -Wno-sign-conversion -Wpedantic -std=gnu11 -o CMakeFiles/rcutils.dir/src/time.c.o   -c /home/ubuntu/ROS2/microros_ws/firmware/mcu_ws/uros/rcutils/src/time.c
[37.888s] [ 82%] [32mBuilding C object CMakeFiles/rcutils.dir/src/time_unix.c.o[0m
[37.891s] /usr/bin/arm-linux-gnueabihf-gcc -DRCUTILS_BUILDING_DLL -DROS_PACKAGE_NAME=\"rcutils\" -D_GNU_SOURCE -I/home/ubuntu/ROS2/microros_ws/firmware/mcu_ws/build/rcutils/include -I/home/ubuntu/ROS2/microros_ws/firmware/mcu_ws/uros/rcutils/include -I/home/ubuntu/ROS2/microros_ws/firmware/mcu_ws/install/share/tinydir_vendor/cmake/../../../include  -march=armv8-a -mfpu=neon-fp-armv8 -mfloat-abi=hard -O3 -DNDEBUG   -Wall -Wextra -Wconversion -Wno-sign-conversion -Wpedantic -std=gnu11 -o CMakeFiles/rcutils.dir/src/time_unix.c.o   -c /home/ubuntu/ROS2/microros_ws/firmware/mcu_ws/uros/rcutils/src/time_unix.c
[38.715s] [ 86%] [32mBuilding C object CMakeFiles/rcutils.dir/src/uint8_array.c.o[0m
[38.720s] /usr/bin/arm-linux-gnueabihf-gcc -DRCUTILS_BUILDING_DLL -DROS_PACKAGE_NAME=\"rcutils\" -D_GNU_SOURCE -I/home/ubuntu/ROS2/microros_ws/firmware/mcu_ws/build/rcutils/include -I/home/ubuntu/ROS2/microros_ws/firmware/mcu_ws/uros/rcutils/include -I/home/ubuntu/ROS2/microros_ws/firmware/mcu_ws/install/share/tinydir_vendor/cmake/../../../include  -march=armv8-a -mfpu=neon-fp-armv8 -mfloat-abi=hard -O3 -DNDEBUG   -Wall -Wextra -Wconversion -Wno-sign-conversion -Wpedantic -std=gnu11 -o CMakeFiles/rcutils.dir/src/uint8_array.c.o   -c /home/ubuntu/ROS2/microros_ws/firmware/mcu_ws/uros/rcutils/src/uint8_array.c
[39.323s] [ 89%] [32mBuilding C object CMakeFiles/rcutils.dir/src/atomic_64bits.c.o[0m
[39.344s] /usr/bin/arm-linux-gnueabihf-gcc -DRCUTILS_BUILDING_DLL -DROS_PACKAGE_NAME=\"rcutils\" -D_GNU_SOURCE -I/home/ubuntu/ROS2/microros_ws/firmware/mcu_ws/build/rcutils/include -I/home/ubuntu/ROS2/microros_ws/firmware/mcu_ws/uros/rcutils/include -I/home/ubuntu/ROS2/microros_ws/firmware/mcu_ws/install/share/tinydir_vendor/cmake/../../../include  -march=armv8-a -mfpu=neon-fp-armv8 -mfloat-abi=hard -O3 -DNDEBUG   -Wall -Wextra -Wconversion -Wno-sign-conversion -Wpedantic -std=gnu11 -o CMakeFiles/rcutils.dir/src/atomic_64bits.c.o   -c /home/ubuntu/ROS2/microros_ws/firmware/mcu_ws/uros/rcutils/src/atomic_64bits.c
[39.527s] [01m[K/home/ubuntu/ROS2/microros_ws/firmware/mcu_ws/uros/rcutils/src/atomic_64bits.c:53:10:[m[K [01;35m[Kwarning: [m[Kmismatch in argument 1 type of built-in function ‘[01m[K__atomic_load_8[m[K’; expected ‘[01m[Kconst volatile void *[m[K’ [[01;35m[K-Wbuiltin-declaration-mismatch[m[K]
[39.527s]    53 | uint64_t [01;35m[K__atomic_load_8[m[K(uint64_t *mem, int model) {
[39.528s]       |          [01;35m[K^~~~~~~~~~~~~~~[m[K
[39.529s] [01m[K/home/ubuntu/ROS2/microros_ws/firmware/mcu_ws/uros/rcutils/src/atomic_64bits.c:62:6:[m[K [01;35m[Kwarning: [m[Kmismatch in argument 1 type of built-in function ‘[01m[K__atomic_store_8[m[K’; expected ‘[01m[Kvolatile void *[m[K’ [[01;35m[K-Wbuiltin-declaration-mismatch[m[K]
[39.530s]    62 | void [01;35m[K__atomic_store_8[m[K(uint64_t *mem, uint64_t val, int model) {
[39.530s]       |      [01;35m[K^~~~~~~~~~~~~~~~[m[K
[39.531s] [01m[K/home/ubuntu/ROS2/microros_ws/firmware/mcu_ws/uros/rcutils/src/atomic_64bits.c:70:10:[m[K [01;35m[Kwarning: [m[Kmismatch in argument 1 type of built-in function ‘[01m[K__atomic_exchange_8[m[K’; expected ‘[01m[Kvolatile void *[m[K’ [[01;35m[K-Wbuiltin-declaration-mismatch[m[K]
[39.531s]    70 | uint64_t [01;35m[K__atomic_exchange_8[m[K(uint64_t *mem, uint64_t val, int model) {
[39.532s]       |          [01;35m[K^~~~~~~~~~~~~~~~~~~[m[K
[39.533s] [01m[K/home/ubuntu/ROS2/microros_ws/firmware/mcu_ws/uros/rcutils/src/atomic_64bits.c:80:10:[m[K [01;35m[Kwarning: [m[Kmismatch in argument 1 type of built-in function ‘[01m[K__atomic_fetch_add_8[m[K’; expected ‘[01m[Kvolatile void *[m[K’ [[01;35m[K-Wbuiltin-declaration-mismatch[m[K]
[39.533s]    80 | uint64_t [01;35m[K__atomic_fetch_add_8[m[K(uint64_t *mem, uint64_t val, int model) {
[39.534s]       |          [01;35m[K^~~~~~~~~~~~~~~~~~~~[m[K
[40.370s] [ 93%] [32mBuilding C object CMakeFiles/rcutils.dir/src/char_array.c.o[0m
[40.373s] /usr/bin/arm-linux-gnueabihf-gcc -DRCUTILS_BUILDING_DLL -DROS_PACKAGE_NAME=\"rcutils\" -D_GNU_SOURCE -I/home/ubuntu/ROS2/microros_ws/firmware/mcu_ws/build/rcutils/include -I/home/ubuntu/ROS2/microros_ws/firmware/mcu_ws/uros/rcutils/include -I/home/ubuntu/ROS2/microros_ws/firmware/mcu_ws/install/share/tinydir_vendor/cmake/../../../include  -march=armv8-a -mfpu=neon-fp-armv8 -mfloat-abi=hard -O3 -DNDEBUG   -Wall -Wextra -Wconversion -Wno-sign-conversion -Wpedantic -std=gnu11 -o CMakeFiles/rcutils.dir/src/char_array.c.o   -c /home/ubuntu/ROS2/microros_ws/firmware/mcu_ws/uros/rcutils/src/char_array.c
[41.050s] In file included from [01m[K/usr/arm-linux-gnueabihf/include/string.h:495[m[K,
[41.051s]                  from [01m[K/home/ubuntu/ROS2/microros_ws/firmware/mcu_ws/uros/rcutils/include/rcutils/error_handling.h:34[m[K,
[41.052s]                  from [01m[K/home/ubuntu/ROS2/microros_ws/firmware/mcu_ws/uros/rcutils/src/char_array.c:16[m[K:
[41.054s] In function ‘[01m[Kstrncat[m[K’,
[41.055s]     inlined from ‘[01m[Krcutils_char_array_strncat[m[K’ at [01m[K/home/ubuntu/ROS2/microros_ws/firmware/mcu_ws/uros/rcutils/src/char_array.c:224:3[m[K,
[41.056s]     inlined from ‘[01m[Krcutils_char_array_strcat[m[K’ at [01m[K/home/ubuntu/ROS2/microros_ws/firmware/mcu_ws/uros/rcutils/src/char_array.c:239:10[m[K:
[41.057s] [01m[K/usr/arm-linux-gnueabihf/include/bits/string_fortified.h:136:10:[m[K [01;35m[Kwarning: [m[K‘[01m[K__builtin_strncat[m[K’ output truncated before terminating nul copying as many bytes from a string as its length [[01;35m[K-Wstringop-truncation[m[K]
[41.058s]   136 |   return [01;35m[K__builtin___strncat_chk (__dest, __src, __len, __bos (__dest))[m[K;
[41.061s]       |          [01;35m[K^~~~~~~~~~~~~~~~~~~~~~~~~~~~~~~~~~~~~~~~~~~~~~~~~~~~~~~~~~~~~~[m[K
[41.061s] [01m[K/home/ubuntu/ROS2/microros_ws/firmware/mcu_ws/uros/rcutils/src/char_array.c:[m[K In function ‘[01m[Krcutils_char_array_strcat[m[K’:
[41.065s] [01m[K/home/ubuntu/ROS2/microros_ws/firmware/mcu_ws/uros/rcutils/src/char_array.c:239:10:[m[K [01;36m[Knote: [m[Klength computed here
[41.065s]   239 |   return [01;36m[Krcutils_char_array_strncat(char_array, src, strlen(src))[m[K;
[41.066s]       |          [01;36m[K^~~~~~~~~~~~~~~~~~~~~~~~~~~~~~~~~~~~~~~~~~~~~~~~~~~~~~~~[m[K
[41.313s] [ 96%] [32mBuilding C object CMakeFiles/rcutils.dir/src/array_list.c.o[0m
[41.320s] /usr/bin/arm-linux-gnueabihf-gcc -DRCUTILS_BUILDING_DLL -DROS_PACKAGE_NAME=\"rcutils\" -D_GNU_SOURCE -I/home/ubuntu/ROS2/microros_ws/firmware/mcu_ws/build/rcutils/include -I/home/ubuntu/ROS2/microros_ws/firmware/mcu_ws/uros/rcutils/include -I/home/ubuntu/ROS2/microros_ws/firmware/mcu_ws/install/share/tinydir_vendor/cmake/../../../include  -march=armv8-a -mfpu=neon-fp-armv8 -mfloat-abi=hard -O3 -DNDEBUG   -Wall -Wextra -Wconversion -Wno-sign-conversion -Wpedantic -std=gnu11 -o CMakeFiles/rcutils.dir/src/array_list.c.o   -c /home/ubuntu/ROS2/microros_ws/firmware/mcu_ws/uros/rcutils/src/array_list.c
[41.941s] [100%] [32m[1mLinking C static library librcutils.a[0m
[41.955s] /usr/bin/cmake -P CMakeFiles/rcutils.dir/cmake_clean_target.cmake
[42.078s] /usr/bin/cmake -E cmake_link_script CMakeFiles/rcutils.dir/link.txt --verbose=1
[42.201s] /usr/bin/arm-linux-gnueabihf-ar qc librcutils.a  CMakeFiles/rcutils.dir/src/allocator.c.o CMakeFiles/rcutils.dir/src/array_list.c.o CMakeFiles/rcutils.dir/src/char_array.c.o CMakeFiles/rcutils.dir/src/cmdline_parser.c.o CMakeFiles/rcutils.dir/src/env.c.o CMakeFiles/rcutils.dir/src/error_handling.c.o CMakeFiles/rcutils.dir/src/filesystem.c.o CMakeFiles/rcutils.dir/src/find.c.o CMakeFiles/rcutils.dir/src/format_string.c.o CMakeFiles/rcutils.dir/src/get_env.c.o CMakeFiles/rcutils.dir/src/hash_map.c.o CMakeFiles/rcutils.dir/src/logging.c.o CMakeFiles/rcutils.dir/src/process.c.o CMakeFiles/rcutils.dir/src/qsort.c.o CMakeFiles/rcutils.dir/src/repl_str.c.o CMakeFiles/rcutils.dir/src/shared_library.c.o CMakeFiles/rcutils.dir/src/snprintf.c.o CMakeFiles/rcutils.dir/src/split.c.o CMakeFiles/rcutils.dir/src/strdup.c.o CMakeFiles/rcutils.dir/src/strerror.c.o CMakeFiles/rcutils.dir/src/string_array.c.o CMakeFiles/rcutils.dir/src/string_map.c.o CMakeFiles/rcutils.dir/src/testing/fault_injection.c.o CMakeFiles/rcutils.dir/src/time.c.o CMakeFiles/rcutils.dir/src/time_unix.c.o CMakeFiles/rcutils.dir/src/uint8_array.c.o CMakeFiles/rcutils.dir/src/atomic_64bits.c.o
[42.570s] /usr/bin/arm-linux-gnueabihf-ranlib librcutils.a
[42.631s] make[2]: Leaving directory '/home/ubuntu/ROS2/microros_ws/firmware/mcu_ws/build/rcutils'
[42.739s] [100%] Built target rcutils
[42.754s] make[1]: Leaving directory '/home/ubuntu/ROS2/microros_ws/firmware/mcu_ws/build/rcutils'
[42.755s] /usr/bin/cmake -E cmake_progress_start /home/ubuntu/ROS2/microros_ws/firmware/mcu_ws/build/rcutils/CMakeFiles 0
[42.872s] Invoked command in '/home/ubuntu/ROS2/microros_ws/firmware/mcu_ws/build/rcutils' returned '0': CMAKE_PREFIX_PATH=/home/ubuntu/ROS2/microros_ws/firmware/mcu_ws/install:/home/ubuntu/ROS2/microros_ws/firmware/dev_ws/install/ament_lint_common:/home/ubuntu/ROS2/microros_ws/firmware/dev_ws/install/ament_cmake_uncrustify:/home/ubuntu/ROS2/microros_ws/firmware/dev_ws/install/uncrustify_vendor:/home/ubuntu/ROS2/microros_ws/firmware/dev_ws/install/ament_cmake_ros:/home/ubuntu/ROS2/microros_ws/firmware/dev_ws/install/ament_cmake_gmock:/home/ubuntu/ROS2/microros_ws/firmware/dev_ws/install/gmock_vendor:/home/ubuntu/ROS2/microros_ws/firmware/dev_ws/install/ament_cmake_gtest:/home/ubuntu/ROS2/microros_ws/firmware/dev_ws/install/gtest_vendor:/home/ubuntu/ROS2/microros_ws/firmware/dev_ws/install/ament_cmake_xmllint:/home/ubuntu/ROS2/microros_ws/firmware/dev_ws/install/ament_cmake_pyflakes:/home/ubuntu/ROS2/microros_ws/firmware/dev_ws/install/ament_cmake_pycodestyle:/home/ubuntu/ROS2/microros_ws/firmware/dev_ws/install/ament_cmake_pep257:/home/ubuntu/ROS2/microros_ws/firmware/dev_ws/install/ament_cmake_pclint:/home/ubuntu/ROS2/microros_ws/firmware/dev_ws/install/ament_lint_auto:/home/ubuntu/ROS2/microros_ws/firmware/dev_ws/install/ament_cmake_auto:/home/ubuntu/ROS2/microros_ws/firmware/dev_ws/install/ament_cmake:/home/ubuntu/ROS2/microros_ws/firmware/dev_ws/install/ament_cmake_version:/home/ubuntu/ROS2/microros_ws/firmware/dev_ws/install/ament_cmake_pytest:/home/ubuntu/ROS2/microros_ws/firmware/dev_ws/install/ament_cmake_nose:/home/ubuntu/ROS2/microros_ws/firmware/dev_ws/install/ament_cmake_mypy:/home/ubuntu/ROS2/microros_ws/firmware/dev_ws/install/ament_cmake_lint_cmake:/home/ubuntu/ROS2/microros_ws/firmware/dev_ws/install/ament_cmake_google_benchmark:/home/ubuntu/ROS2/microros_ws/firmware/dev_ws/install/ament_cmake_flake8:/home/ubuntu/ROS2/microros_ws/firmware/dev_ws/install/ament_cmake_cpplint:/home/ubuntu/ROS2/microros_ws/firmware/dev_ws/install/ament_cmake_cppcheck:/home/ubuntu/ROS2/microros_ws/firmware/dev_ws/install/ament_cmake_copyright:/home/ubuntu/ROS2/microros_ws/firmware/dev_ws/install/ament_cmake_clang_tidy:/home/ubuntu/ROS2/microros_ws/firmware/dev_ws/install/ament_cmake_clang_format:/home/ubuntu/ROS2/microros_ws/firmware/dev_ws/install/ament_cmake_test:/home/ubuntu/ROS2/microros_ws/firmware/dev_ws/install/ament_cmake_target_dependencies:/home/ubuntu/ROS2/microros_ws/firmware/dev_ws/install/ament_cmake_python:/home/ubuntu/ROS2/microros_ws/firmware/dev_ws/install/ament_cmake_export_dependencies:/home/ubuntu/ROS2/microros_ws/firmware/dev_ws/install/ament_cmake_libraries:/home/ubuntu/ROS2/microros_ws/firmware/dev_ws/install/ament_cmake_include_directories:/home/ubuntu/ROS2/microros_ws/firmware/dev_ws/install/ament_cmake_export_targets:/home/ubuntu/ROS2/microros_ws/firmware/dev_ws/install/ament_cmake_export_link_flags:/home/ubuntu/ROS2/microros_ws/firmware/dev_ws/install/ament_cmake_export_interfaces:/home/ubuntu/ROS2/microros_ws/firmware/dev_ws/install/ament_cmake_export_libraries:/home/ubuntu/ROS2/microros_ws/firmware/dev_ws/install/ament_cmake_export_include_directories:/home/ubuntu/ROS2/microros_ws/firmware/dev_ws/install/ament_cmake_export_definitions:/home/ubuntu/ROS2/microros_ws/firmware/dev_ws/install/ament_cmake_core:/home/ubuntu/ROS2/microros_ws/firmware/dev_ws/install/ament_index_cpp:/home/ubuntu/ROS2/microros_ws/install/microxrcedds_client:/home/ubuntu/ROS2/microros_ws/install/microcdr:/home/ubuntu/ROS2/microros_ws/firmware/dev_ws/install/ament_uncrustify:/home/ubuntu/ROS2/microros_ws/firmware/dev_ws/install/domain_coordinator:/home/ubuntu/ROS2/microros_ws/firmware/dev_ws/install/ament_xmllint:/home/ubuntu/ROS2/microros_ws/firmware/dev_ws/install/ament_pyflakes:/home/ubuntu/ROS2/microros_ws/firmware/dev_ws/install/ament_pycodestyle:/home/ubuntu/ROS2/microros_ws/firmware/dev_ws/install/ament_pep257:/home/ubuntu/ROS2/microros_ws/firmware/dev_ws/install/ament_pclint:/home/ubuntu/ROS2/microros_ws/firmware/dev_ws/install/ament_package:/home/ubuntu/ROS2/microros_ws/firmware/dev_ws/install/ament_mypy:/home/ubuntu/ROS2/microros_ws/firmware/dev_ws/install/ament_lint_cmake:/home/ubuntu/ROS2/microros_ws/firmware/dev_ws/install/ament_flake8:/home/ubuntu/ROS2/microros_ws/firmware/dev_ws/install/ament_copyright:/home/ubuntu/ROS2/microros_ws/firmware/dev_ws/install/ament_lint:/home/ubuntu/ROS2/microros_ws/firmware/dev_ws/install/ament_index_python:/home/ubuntu/ROS2/microros_ws/firmware/dev_ws/install/ament_cpplint:/home/ubuntu/ROS2/microros_ws/firmware/dev_ws/install/ament_cppcheck:/home/ubuntu/ROS2/microros_ws/firmware/dev_ws/install/ament_clang_tidy:/home/ubuntu/ROS2/microros_ws/firmware/dev_ws/install/ament_clang_format PKG_CONFIG_PATH=/home/ubuntu/ROS2/microros_ws/firmware/mcu_ws/install/lib/aarch64-linux-gnu/pkgconfig:/home/ubuntu/ROS2/microros_ws/firmware/mcu_ws/install/lib/pkgconfig:${PKG_CONFIG_PATH} PYTHONPATH=/home/ubuntu/ROS2/microros_ws/firmware/mcu_ws/install/lib/python3.8/site-packages:${PYTHONPATH} /usr/bin/cmake --build /home/ubuntu/ROS2/microros_ws/firmware/mcu_ws/build/rcutils -- -j4 -l4
[45.119s] Invoking command in '/home/ubuntu/ROS2/microros_ws/firmware/mcu_ws/build/rcutils': CMAKE_PREFIX_PATH=/home/ubuntu/ROS2/microros_ws/firmware/mcu_ws/install:/home/ubuntu/ROS2/microros_ws/firmware/dev_ws/install/ament_lint_common:/home/ubuntu/ROS2/microros_ws/firmware/dev_ws/install/ament_cmake_uncrustify:/home/ubuntu/ROS2/microros_ws/firmware/dev_ws/install/uncrustify_vendor:/home/ubuntu/ROS2/microros_ws/firmware/dev_ws/install/ament_cmake_ros:/home/ubuntu/ROS2/microros_ws/firmware/dev_ws/install/ament_cmake_gmock:/home/ubuntu/ROS2/microros_ws/firmware/dev_ws/install/gmock_vendor:/home/ubuntu/ROS2/microros_ws/firmware/dev_ws/install/ament_cmake_gtest:/home/ubuntu/ROS2/microros_ws/firmware/dev_ws/install/gtest_vendor:/home/ubuntu/ROS2/microros_ws/firmware/dev_ws/install/ament_cmake_xmllint:/home/ubuntu/ROS2/microros_ws/firmware/dev_ws/install/ament_cmake_pyflakes:/home/ubuntu/ROS2/microros_ws/firmware/dev_ws/install/ament_cmake_pycodestyle:/home/ubuntu/ROS2/microros_ws/firmware/dev_ws/install/ament_cmake_pep257:/home/ubuntu/ROS2/microros_ws/firmware/dev_ws/install/ament_cmake_pclint:/home/ubuntu/ROS2/microros_ws/firmware/dev_ws/install/ament_lint_auto:/home/ubuntu/ROS2/microros_ws/firmware/dev_ws/install/ament_cmake_auto:/home/ubuntu/ROS2/microros_ws/firmware/dev_ws/install/ament_cmake:/home/ubuntu/ROS2/microros_ws/firmware/dev_ws/install/ament_cmake_version:/home/ubuntu/ROS2/microros_ws/firmware/dev_ws/install/ament_cmake_pytest:/home/ubuntu/ROS2/microros_ws/firmware/dev_ws/install/ament_cmake_nose:/home/ubuntu/ROS2/microros_ws/firmware/dev_ws/install/ament_cmake_mypy:/home/ubuntu/ROS2/microros_ws/firmware/dev_ws/install/ament_cmake_lint_cmake:/home/ubuntu/ROS2/microros_ws/firmware/dev_ws/install/ament_cmake_google_benchmark:/home/ubuntu/ROS2/microros_ws/firmware/dev_ws/install/ament_cmake_flake8:/home/ubuntu/ROS2/microros_ws/firmware/dev_ws/install/ament_cmake_cpplint:/home/ubuntu/ROS2/microros_ws/firmware/dev_ws/install/ament_cmake_cppcheck:/home/ubuntu/ROS2/microros_ws/firmware/dev_ws/install/ament_cmake_copyright:/home/ubuntu/ROS2/microros_ws/firmware/dev_ws/install/ament_cmake_clang_tidy:/home/ubuntu/ROS2/microros_ws/firmware/dev_ws/install/ament_cmake_clang_format:/home/ubuntu/ROS2/microros_ws/firmware/dev_ws/install/ament_cmake_test:/home/ubuntu/ROS2/microros_ws/firmware/dev_ws/install/ament_cmake_target_dependencies:/home/ubuntu/ROS2/microros_ws/firmware/dev_ws/install/ament_cmake_python:/home/ubuntu/ROS2/microros_ws/firmware/dev_ws/install/ament_cmake_export_dependencies:/home/ubuntu/ROS2/microros_ws/firmware/dev_ws/install/ament_cmake_libraries:/home/ubuntu/ROS2/microros_ws/firmware/dev_ws/install/ament_cmake_include_directories:/home/ubuntu/ROS2/microros_ws/firmware/dev_ws/install/ament_cmake_export_targets:/home/ubuntu/ROS2/microros_ws/firmware/dev_ws/install/ament_cmake_export_link_flags:/home/ubuntu/ROS2/microros_ws/firmware/dev_ws/install/ament_cmake_export_interfaces:/home/ubuntu/ROS2/microros_ws/firmware/dev_ws/install/ament_cmake_export_libraries:/home/ubuntu/ROS2/microros_ws/firmware/dev_ws/install/ament_cmake_export_include_directories:/home/ubuntu/ROS2/microros_ws/firmware/dev_ws/install/ament_cmake_export_definitions:/home/ubuntu/ROS2/microros_ws/firmware/dev_ws/install/ament_cmake_core:/home/ubuntu/ROS2/microros_ws/firmware/dev_ws/install/ament_index_cpp:/home/ubuntu/ROS2/microros_ws/install/microxrcedds_client:/home/ubuntu/ROS2/microros_ws/install/microcdr:/home/ubuntu/ROS2/microros_ws/firmware/dev_ws/install/ament_uncrustify:/home/ubuntu/ROS2/microros_ws/firmware/dev_ws/install/domain_coordinator:/home/ubuntu/ROS2/microros_ws/firmware/dev_ws/install/ament_xmllint:/home/ubuntu/ROS2/microros_ws/firmware/dev_ws/install/ament_pyflakes:/home/ubuntu/ROS2/microros_ws/firmware/dev_ws/install/ament_pycodestyle:/home/ubuntu/ROS2/microros_ws/firmware/dev_ws/install/ament_pep257:/home/ubuntu/ROS2/microros_ws/firmware/dev_ws/install/ament_pclint:/home/ubuntu/ROS2/microros_ws/firmware/dev_ws/install/ament_package:/home/ubuntu/ROS2/microros_ws/firmware/dev_ws/install/ament_mypy:/home/ubuntu/ROS2/microros_ws/firmware/dev_ws/install/ament_lint_cmake:/home/ubuntu/ROS2/microros_ws/firmware/dev_ws/install/ament_flake8:/home/ubuntu/ROS2/microros_ws/firmware/dev_ws/install/ament_copyright:/home/ubuntu/ROS2/microros_ws/firmware/dev_ws/install/ament_lint:/home/ubuntu/ROS2/microros_ws/firmware/dev_ws/install/ament_index_python:/home/ubuntu/ROS2/microros_ws/firmware/dev_ws/install/ament_cpplint:/home/ubuntu/ROS2/microros_ws/firmware/dev_ws/install/ament_cppcheck:/home/ubuntu/ROS2/microros_ws/firmware/dev_ws/install/ament_clang_tidy:/home/ubuntu/ROS2/microros_ws/firmware/dev_ws/install/ament_clang_format PKG_CONFIG_PATH=/home/ubuntu/ROS2/microros_ws/firmware/mcu_ws/install/lib/aarch64-linux-gnu/pkgconfig:/home/ubuntu/ROS2/microros_ws/firmware/mcu_ws/install/lib/pkgconfig:${PKG_CONFIG_PATH} PYTHONPATH=/home/ubuntu/ROS2/microros_ws/firmware/mcu_ws/install/lib/python3.8/site-packages:${PYTHONPATH} /usr/bin/cmake --install /home/ubuntu/ROS2/microros_ws/firmware/mcu_ws/build/rcutils
[45.195s] -- Install configuration: "Release"
[45.197s] -- Installing: /home/ubuntu/ROS2/microros_ws/firmware/mcu_ws/install/share/rcutils/environment/pythonpath.sh
[45.206s] -- Installing: /home/ubuntu/ROS2/microros_ws/firmware/mcu_ws/install/share/rcutils/environment/pythonpath.dsv
[45.212s] -- Installing: /home/ubuntu/ROS2/microros_ws/firmware/mcu_ws/install/lib/python3.8/site-packages/rcutils
[45.216s] -- Installing: /home/ubuntu/ROS2/microros_ws/firmware/mcu_ws/install/lib/python3.8/site-packages/rcutils/logging.py
[45.219s] -- Installing: /home/ubuntu/ROS2/microros_ws/firmware/mcu_ws/install/lib/python3.8/site-packages/rcutils/__init__.py
[45.499s] Listing '/home/ubuntu/ROS2/microros_ws/firmware/mcu_ws/install/lib/python3.8/site-packages/rcutils'...
[45.501s] Compiling '/home/ubuntu/ROS2/microros_ws/firmware/mcu_ws/install/lib/python3.8/site-packages/rcutils/__init__.py'...
[45.502s] Compiling '/home/ubuntu/ROS2/microros_ws/firmware/mcu_ws/install/lib/python3.8/site-packages/rcutils/logging.py'...
[45.531s] -- Installing: /home/ubuntu/ROS2/microros_ws/firmware/mcu_ws/install/lib/librcutils.a
[45.532s] -- Installing: /home/ubuntu/ROS2/microros_ws/firmware/mcu_ws/install/share/rcutils/environment/library_path.sh
[45.533s] -- Installing: /home/ubuntu/ROS2/microros_ws/firmware/mcu_ws/install/share/rcutils/environment/library_path.dsv
[45.543s] -- Installing: /home/ubuntu/ROS2/microros_ws/firmware/mcu_ws/install/share/ament_index/resource_index/package_run_dependencies/rcutils
[45.547s] -- Installing: /home/ubuntu/ROS2/microros_ws/firmware/mcu_ws/install/share/ament_index/resource_index/parent_prefix_path/rcutils
[45.557s] -- Installing: /home/ubuntu/ROS2/microros_ws/firmware/mcu_ws/install/share/rcutils/environment/ament_prefix_path.sh
[45.563s] -- Installing: /home/ubuntu/ROS2/microros_ws/firmware/mcu_ws/install/share/rcutils/environment/ament_prefix_path.dsv
[45.570s] -- Installing: /home/ubuntu/ROS2/microros_ws/firmware/mcu_ws/install/share/rcutils/environment/path.sh
[45.575s] -- Installing: /home/ubuntu/ROS2/microros_ws/firmware/mcu_ws/install/share/rcutils/environment/path.dsv
[45.579s] -- Installing: /home/ubuntu/ROS2/microros_ws/firmware/mcu_ws/install/share/rcutils/local_setup.bash
[45.589s] -- Installing: /home/ubuntu/ROS2/microros_ws/firmware/mcu_ws/install/share/rcutils/local_setup.sh
[45.597s] -- Installing: /home/ubuntu/ROS2/microros_ws/firmware/mcu_ws/install/share/rcutils/local_setup.zsh
[45.599s] -- Installing: /home/ubuntu/ROS2/microros_ws/firmware/mcu_ws/install/share/rcutils/local_setup.dsv
[45.601s] -- Installing: /home/ubuntu/ROS2/microros_ws/firmware/mcu_ws/install/share/rcutils/package.dsv
[45.606s] -- Installing: /home/ubuntu/ROS2/microros_ws/firmware/mcu_ws/install/share/ament_index/resource_index/packages/rcutils
[45.619s] -- Installing: /home/ubuntu/ROS2/microros_ws/firmware/mcu_ws/install/share/rcutils/cmake/rcutilsExport.cmake
[45.626s] -- Installing: /home/ubuntu/ROS2/microros_ws/firmware/mcu_ws/install/share/rcutils/cmake/rcutilsExport-release.cmake
[45.634s] -- Installing: /home/ubuntu/ROS2/microros_ws/firmware/mcu_ws/install/share/rcutils/cmake/ament_cmake_export_dependencies-extras.cmake
[45.644s] -- Installing: /home/ubuntu/ROS2/microros_ws/firmware/mcu_ws/install/share/rcutils/cmake/ament_cmake_export_include_directories-extras.cmake
[45.659s] -- Installing: /home/ubuntu/ROS2/microros_ws/firmware/mcu_ws/install/share/rcutils/cmake/ament_cmake_export_libraries-extras.cmake
[45.667s] -- Installing: /home/ubuntu/ROS2/microros_ws/firmware/mcu_ws/install/share/rcutils/cmake/ament_cmake_export_targets-extras.cmake
[45.673s] -- Installing: /home/ubuntu/ROS2/microros_ws/firmware/mcu_ws/install/share/rcutils/cmake/rcutilsConfig.cmake
[45.683s] -- Installing: /home/ubuntu/ROS2/microros_ws/firmware/mcu_ws/install/share/rcutils/cmake/rcutilsConfig-version.cmake
[45.686s] -- Installing: /home/ubuntu/ROS2/microros_ws/firmware/mcu_ws/install/share/rcutils/package.xml
[45.688s] -- Up-to-date: /home/ubuntu/ROS2/microros_ws/firmware/mcu_ws/install/include
[45.689s] -- Installing: /home/ubuntu/ROS2/microros_ws/firmware/mcu_ws/install/include/rcutils
[45.691s] -- Installing: /home/ubuntu/ROS2/microros_ws/firmware/mcu_ws/install/include/rcutils/strdup.h
[45.693s] -- Installing: /home/ubuntu/ROS2/microros_ws/firmware/mcu_ws/install/include/rcutils/error_handling.h
[45.697s] -- Installing: /home/ubuntu/ROS2/microros_ws/firmware/mcu_ws/install/include/rcutils/env.h
[45.698s] -- Installing: /home/ubuntu/ROS2/microros_ws/firmware/mcu_ws/install/include/rcutils/time.h
[45.699s] -- Installing: /home/ubuntu/ROS2/microros_ws/firmware/mcu_ws/install/include/rcutils/shared_library.h
[45.705s] -- Installing: /home/ubuntu/ROS2/microros_ws/firmware/mcu_ws/install/include/rcutils/security_directory.h
[45.714s] -- Installing: /home/ubuntu/ROS2/microros_ws/firmware/mcu_ws/install/include/rcutils/repl_str.h
[45.715s] -- Installing: /home/ubuntu/ROS2/microros_ws/firmware/mcu_ws/install/include/rcutils/macros.h
[45.716s] -- Installing: /home/ubuntu/ROS2/microros_ws/firmware/mcu_ws/install/include/rcutils/visibility_control.h
[45.717s] -- Installing: /home/ubuntu/ROS2/microros_ws/firmware/mcu_ws/install/include/rcutils/stdatomic_helper.h
[45.718s] -- Installing: /home/ubuntu/ROS2/microros_ws/firmware/mcu_ws/install/include/rcutils/cmdline_parser.h
[45.724s] -- Installing: /home/ubuntu/ROS2/microros_ws/firmware/mcu_ws/install/include/rcutils/testing
[45.727s] -- Installing: /home/ubuntu/ROS2/microros_ws/firmware/mcu_ws/install/include/rcutils/testing/fault_injection.h
[45.729s] -- Installing: /home/ubuntu/ROS2/microros_ws/firmware/mcu_ws/install/include/rcutils/strerror.h
[45.736s] -- Installing: /home/ubuntu/ROS2/microros_ws/firmware/mcu_ws/install/include/rcutils/isalnum_no_locale.h
[45.737s] -- Installing: /home/ubuntu/ROS2/microros_ws/firmware/mcu_ws/install/include/rcutils/logging.h
[45.737s] -- Installing: /home/ubuntu/ROS2/microros_ws/firmware/mcu_ws/install/include/rcutils/types.h
[45.738s] -- Installing: /home/ubuntu/ROS2/microros_ws/firmware/mcu_ws/install/include/rcutils/allocator.h
[45.743s] -- Installing: /home/ubuntu/ROS2/microros_ws/firmware/mcu_ws/install/include/rcutils/configuration_flags.h.in
[45.746s] -- Installing: /home/ubuntu/ROS2/microros_ws/firmware/mcu_ws/install/include/rcutils/split.h
[45.750s] -- Installing: /home/ubuntu/ROS2/microros_ws/firmware/mcu_ws/install/include/rcutils/visibility_control_macros.h
[45.752s] -- Installing: /home/ubuntu/ROS2/microros_ws/firmware/mcu_ws/install/include/rcutils/find.h
[45.754s] -- Installing: /home/ubuntu/ROS2/microros_ws/firmware/mcu_ws/install/include/rcutils/format_string.h
[45.760s] -- Installing: /home/ubuntu/ROS2/microros_ws/firmware/mcu_ws/install/include/rcutils/qsort.h
[45.761s] -- Installing: /home/ubuntu/ROS2/microros_ws/firmware/mcu_ws/install/include/rcutils/stdatomic_helper
[45.762s] -- Installing: /home/ubuntu/ROS2/microros_ws/firmware/mcu_ws/install/include/rcutils/stdatomic_helper/win32
[45.763s] -- Installing: /home/ubuntu/ROS2/microros_ws/firmware/mcu_ws/install/include/rcutils/stdatomic_helper/win32/stdatomic.h
[45.766s] -- Installing: /home/ubuntu/ROS2/microros_ws/firmware/mcu_ws/install/include/rcutils/stdatomic_helper/gcc
[45.766s] -- Installing: /home/ubuntu/ROS2/microros_ws/firmware/mcu_ws/install/include/rcutils/stdatomic_helper/gcc/stdatomic.h
[45.768s] -- Installing: /home/ubuntu/ROS2/microros_ws/firmware/mcu_ws/install/include/rcutils/snprintf.h
[45.771s] -- Installing: /home/ubuntu/ROS2/microros_ws/firmware/mcu_ws/install/include/rcutils/process.h
[45.774s] -- Installing: /home/ubuntu/ROS2/microros_ws/firmware/mcu_ws/install/include/rcutils/filesystem.h
[45.784s] -- Installing: /home/ubuntu/ROS2/microros_ws/firmware/mcu_ws/install/include/rcutils/get_env.h
[45.792s] -- Installing: /home/ubuntu/ROS2/microros_ws/firmware/mcu_ws/install/include/rcutils/types
[45.793s] -- Installing: /home/ubuntu/ROS2/microros_ws/firmware/mcu_ws/install/include/rcutils/types/hash_map.h
[45.795s] -- Installing: /home/ubuntu/ROS2/microros_ws/firmware/mcu_ws/install/include/rcutils/types/string_array.h
[45.798s] -- Installing: /home/ubuntu/ROS2/microros_ws/firmware/mcu_ws/install/include/rcutils/types/uint8_array.h
[45.801s] -- Installing: /home/ubuntu/ROS2/microros_ws/firmware/mcu_ws/install/include/rcutils/types/string_map.h
[45.810s] -- Installing: /home/ubuntu/ROS2/microros_ws/firmware/mcu_ws/install/include/rcutils/types/char_array.h
[45.814s] -- Installing: /home/ubuntu/ROS2/microros_ws/firmware/mcu_ws/install/include/rcutils/types/array_list.h
[45.815s] -- Installing: /home/ubuntu/ROS2/microros_ws/firmware/mcu_ws/install/include/rcutils/types/rcutils_ret.h
[45.816s] -- Up-to-date: /home/ubuntu/ROS2/microros_ws/firmware/mcu_ws/install/include
[45.818s] -- Up-to-date: /home/ubuntu/ROS2/microros_ws/firmware/mcu_ws/install/include/rcutils
[45.822s] -- Installing: /home/ubuntu/ROS2/microros_ws/firmware/mcu_ws/install/include/rcutils/configuration_flags.h
[45.836s] -- Installing: /home/ubuntu/ROS2/microros_ws/firmware/mcu_ws/install/include/rcutils/logging_macros.h
[45.841s] Invoked command in '/home/ubuntu/ROS2/microros_ws/firmware/mcu_ws/build/rcutils' returned '0': CMAKE_PREFIX_PATH=/home/ubuntu/ROS2/microros_ws/firmware/mcu_ws/install:/home/ubuntu/ROS2/microros_ws/firmware/dev_ws/install/ament_lint_common:/home/ubuntu/ROS2/microros_ws/firmware/dev_ws/install/ament_cmake_uncrustify:/home/ubuntu/ROS2/microros_ws/firmware/dev_ws/install/uncrustify_vendor:/home/ubuntu/ROS2/microros_ws/firmware/dev_ws/install/ament_cmake_ros:/home/ubuntu/ROS2/microros_ws/firmware/dev_ws/install/ament_cmake_gmock:/home/ubuntu/ROS2/microros_ws/firmware/dev_ws/install/gmock_vendor:/home/ubuntu/ROS2/microros_ws/firmware/dev_ws/install/ament_cmake_gtest:/home/ubuntu/ROS2/microros_ws/firmware/dev_ws/install/gtest_vendor:/home/ubuntu/ROS2/microros_ws/firmware/dev_ws/install/ament_cmake_xmllint:/home/ubuntu/ROS2/microros_ws/firmware/dev_ws/install/ament_cmake_pyflakes:/home/ubuntu/ROS2/microros_ws/firmware/dev_ws/install/ament_cmake_pycodestyle:/home/ubuntu/ROS2/microros_ws/firmware/dev_ws/install/ament_cmake_pep257:/home/ubuntu/ROS2/microros_ws/firmware/dev_ws/install/ament_cmake_pclint:/home/ubuntu/ROS2/microros_ws/firmware/dev_ws/install/ament_lint_auto:/home/ubuntu/ROS2/microros_ws/firmware/dev_ws/install/ament_cmake_auto:/home/ubuntu/ROS2/microros_ws/firmware/dev_ws/install/ament_cmake:/home/ubuntu/ROS2/microros_ws/firmware/dev_ws/install/ament_cmake_version:/home/ubuntu/ROS2/microros_ws/firmware/dev_ws/install/ament_cmake_pytest:/home/ubuntu/ROS2/microros_ws/firmware/dev_ws/install/ament_cmake_nose:/home/ubuntu/ROS2/microros_ws/firmware/dev_ws/install/ament_cmake_mypy:/home/ubuntu/ROS2/microros_ws/firmware/dev_ws/install/ament_cmake_lint_cmake:/home/ubuntu/ROS2/microros_ws/firmware/dev_ws/install/ament_cmake_google_benchmark:/home/ubuntu/ROS2/microros_ws/firmware/dev_ws/install/ament_cmake_flake8:/home/ubuntu/ROS2/microros_ws/firmware/dev_ws/install/ament_cmake_cpplint:/home/ubuntu/ROS2/microros_ws/firmware/dev_ws/install/ament_cmake_cppcheck:/home/ubuntu/ROS2/microros_ws/firmware/dev_ws/install/ament_cmake_copyright:/home/ubuntu/ROS2/microros_ws/firmware/dev_ws/install/ament_cmake_clang_tidy:/home/ubuntu/ROS2/microros_ws/firmware/dev_ws/install/ament_cmake_clang_format:/home/ubuntu/ROS2/microros_ws/firmware/dev_ws/install/ament_cmake_test:/home/ubuntu/ROS2/microros_ws/firmware/dev_ws/install/ament_cmake_target_dependencies:/home/ubuntu/ROS2/microros_ws/firmware/dev_ws/install/ament_cmake_python:/home/ubuntu/ROS2/microros_ws/firmware/dev_ws/install/ament_cmake_export_dependencies:/home/ubuntu/ROS2/microros_ws/firmware/dev_ws/install/ament_cmake_libraries:/home/ubuntu/ROS2/microros_ws/firmware/dev_ws/install/ament_cmake_include_directories:/home/ubuntu/ROS2/microros_ws/firmware/dev_ws/install/ament_cmake_export_targets:/home/ubuntu/ROS2/microros_ws/firmware/dev_ws/install/ament_cmake_export_link_flags:/home/ubuntu/ROS2/microros_ws/firmware/dev_ws/install/ament_cmake_export_interfaces:/home/ubuntu/ROS2/microros_ws/firmware/dev_ws/install/ament_cmake_export_libraries:/home/ubuntu/ROS2/microros_ws/firmware/dev_ws/install/ament_cmake_export_include_directories:/home/ubuntu/ROS2/microros_ws/firmware/dev_ws/install/ament_cmake_export_definitions:/home/ubuntu/ROS2/microros_ws/firmware/dev_ws/install/ament_cmake_core:/home/ubuntu/ROS2/microros_ws/firmware/dev_ws/install/ament_index_cpp:/home/ubuntu/ROS2/microros_ws/install/microxrcedds_client:/home/ubuntu/ROS2/microros_ws/install/microcdr:/home/ubuntu/ROS2/microros_ws/firmware/dev_ws/install/ament_uncrustify:/home/ubuntu/ROS2/microros_ws/firmware/dev_ws/install/domain_coordinator:/home/ubuntu/ROS2/microros_ws/firmware/dev_ws/install/ament_xmllint:/home/ubuntu/ROS2/microros_ws/firmware/dev_ws/install/ament_pyflakes:/home/ubuntu/ROS2/microros_ws/firmware/dev_ws/install/ament_pycodestyle:/home/ubuntu/ROS2/microros_ws/firmware/dev_ws/install/ament_pep257:/home/ubuntu/ROS2/microros_ws/firmware/dev_ws/install/ament_pclint:/home/ubuntu/ROS2/microros_ws/firmware/dev_ws/install/ament_package:/home/ubuntu/ROS2/microros_ws/firmware/dev_ws/install/ament_mypy:/home/ubuntu/ROS2/microros_ws/firmware/dev_ws/install/ament_lint_cmake:/home/ubuntu/ROS2/microros_ws/firmware/dev_ws/install/ament_flake8:/home/ubuntu/ROS2/microros_ws/firmware/dev_ws/install/ament_copyright:/home/ubuntu/ROS2/microros_ws/firmware/dev_ws/install/ament_lint:/home/ubuntu/ROS2/microros_ws/firmware/dev_ws/install/ament_index_python:/home/ubuntu/ROS2/microros_ws/firmware/dev_ws/install/ament_cpplint:/home/ubuntu/ROS2/microros_ws/firmware/dev_ws/install/ament_cppcheck:/home/ubuntu/ROS2/microros_ws/firmware/dev_ws/install/ament_clang_tidy:/home/ubuntu/ROS2/microros_ws/firmware/dev_ws/install/ament_clang_format PKG_CONFIG_PATH=/home/ubuntu/ROS2/microros_ws/firmware/mcu_ws/install/lib/aarch64-linux-gnu/pkgconfig:/home/ubuntu/ROS2/microros_ws/firmware/mcu_ws/install/lib/pkgconfig:${PKG_CONFIG_PATH} PYTHONPATH=/home/ubuntu/ROS2/microros_ws/firmware/mcu_ws/install/lib/python3.8/site-packages:${PYTHONPATH} /usr/bin/cmake --install /home/ubuntu/ROS2/microros_ws/firmware/mcu_ws/build/rcutils
