[10.960s] Invoking command in '/home/ubuntu/ROS2/microros_ws/firmware/mcu_ws/uros/tracetools/ros2trace': AMENT_PREFIX_PATH=/home/ubuntu/ROS2/microros_ws/firmware/mcu_ws/install:${AMENT_PREFIX_PATH} CMAKE_PREFIX_PATH=/home/ubuntu/ROS2/microros_ws/firmware/mcu_ws/install:${CMAKE_PREFIX_PATH} PYTHONPATH=/home/ubuntu/ROS2/microros_ws/firmware/mcu_ws/build/ros2trace/prefix_override:/usr/lib/python3/dist-packages/colcon_core/task/python/colcon_distutils_commands:/home/ubuntu/ROS2/microros_ws/firmware/mcu_ws/install/lib/python3.8/site-packages:/home/ubuntu/ROS2/microros_ws/firmware/mcu_ws/install/lib/python3.8/site-packages:${PYTHONPATH} /usr/bin/python3 -W ignore:setup.py install is deprecated setup.py egg_info --egg-base ../../../build/ros2trace build --build-base /home/ubuntu/ROS2/microros_ws/firmware/mcu_ws/build/ros2trace/build install --record /home/ubuntu/ROS2/microros_ws/firmware/mcu_ws/build/ros2trace/install.log --single-version-externally-managed install_data
[13.497s] running egg_info
[13.500s] creating ../../../build/ros2trace/ros2trace.egg-info
[13.502s] writing ../../../build/ros2trace/ros2trace.egg-info/PKG-INFO
[13.505s] writing dependency_links to ../../../build/ros2trace/ros2trace.egg-info/dependency_links.txt
[13.507s] writing entry points to ../../../build/ros2trace/ros2trace.egg-info/entry_points.txt
[13.509s] writing requirements to ../../../build/ros2trace/ros2trace.egg-info/requires.txt
[13.510s] writing top-level names to ../../../build/ros2trace/ros2trace.egg-info/top_level.txt
[13.523s] writing manifest file '../../../build/ros2trace/ros2trace.egg-info/SOURCES.txt'
[13.748s] reading manifest file '../../../build/ros2trace/ros2trace.egg-info/SOURCES.txt'
[13.757s] writing manifest file '../../../build/ros2trace/ros2trace.egg-info/SOURCES.txt'
[13.758s] running build
[13.759s] running build_py
[13.759s] creating /home/ubuntu/ROS2/microros_ws/firmware/mcu_ws/build/ros2trace/build
[13.761s] creating /home/ubuntu/ROS2/microros_ws/firmware/mcu_ws/build/ros2trace/build/lib
[13.762s] creating /home/ubuntu/ROS2/microros_ws/firmware/mcu_ws/build/ros2trace/build/lib/ros2trace
[13.763s] copying ros2trace/__init__.py -> /home/ubuntu/ROS2/microros_ws/firmware/mcu_ws/build/ros2trace/build/lib/ros2trace
[13.763s] creating /home/ubuntu/ROS2/microros_ws/firmware/mcu_ws/build/ros2trace/build/lib/ros2trace/api
[13.766s] copying ros2trace/api/__init__.py -> /home/ubuntu/ROS2/microros_ws/firmware/mcu_ws/build/ros2trace/build/lib/ros2trace/api
[13.777s] creating /home/ubuntu/ROS2/microros_ws/firmware/mcu_ws/build/ros2trace/build/lib/ros2trace/command
[13.780s] copying ros2trace/command/trace.py -> /home/ubuntu/ROS2/microros_ws/firmware/mcu_ws/build/ros2trace/build/lib/ros2trace/command
[13.784s] copying ros2trace/command/__init__.py -> /home/ubuntu/ROS2/microros_ws/firmware/mcu_ws/build/ros2trace/build/lib/ros2trace/command
[13.788s] running install
[13.795s] running install_lib
[13.812s] creating /home/ubuntu/ROS2/microros_ws/firmware/mcu_ws/install/lib/python3.8/site-packages/ros2trace
[13.813s] creating /home/ubuntu/ROS2/microros_ws/firmware/mcu_ws/install/lib/python3.8/site-packages/ros2trace/api
[13.815s] copying /home/ubuntu/ROS2/microros_ws/firmware/mcu_ws/build/ros2trace/build/lib/ros2trace/api/__init__.py -> /home/ubuntu/ROS2/microros_ws/firmware/mcu_ws/install/lib/python3.8/site-packages/ros2trace/api
[13.817s] creating /home/ubuntu/ROS2/microros_ws/firmware/mcu_ws/install/lib/python3.8/site-packages/ros2trace/command
[13.819s] copying /home/ubuntu/ROS2/microros_ws/firmware/mcu_ws/build/ros2trace/build/lib/ros2trace/command/trace.py -> /home/ubuntu/ROS2/microros_ws/firmware/mcu_ws/install/lib/python3.8/site-packages/ros2trace/command
[13.822s] copying /home/ubuntu/ROS2/microros_ws/firmware/mcu_ws/build/ros2trace/build/lib/ros2trace/command/__init__.py -> /home/ubuntu/ROS2/microros_ws/firmware/mcu_ws/install/lib/python3.8/site-packages/ros2trace/command
[13.824s] copying /home/ubuntu/ROS2/microros_ws/firmware/mcu_ws/build/ros2trace/build/lib/ros2trace/__init__.py -> /home/ubuntu/ROS2/microros_ws/firmware/mcu_ws/install/lib/python3.8/site-packages/ros2trace
[13.831s] byte-compiling /home/ubuntu/ROS2/microros_ws/firmware/mcu_ws/install/lib/python3.8/site-packages/ros2trace/api/__init__.py to __init__.cpython-38.pyc
[13.838s] byte-compiling /home/ubuntu/ROS2/microros_ws/firmware/mcu_ws/install/lib/python3.8/site-packages/ros2trace/command/trace.py to trace.cpython-38.pyc
[13.845s] byte-compiling /home/ubuntu/ROS2/microros_ws/firmware/mcu_ws/install/lib/python3.8/site-packages/ros2trace/command/__init__.py to __init__.cpython-38.pyc
[13.848s] byte-compiling /home/ubuntu/ROS2/microros_ws/firmware/mcu_ws/install/lib/python3.8/site-packages/ros2trace/__init__.py to __init__.cpython-38.pyc
[13.862s] running install_data
[13.866s] copying package.xml -> /home/ubuntu/ROS2/microros_ws/firmware/mcu_ws/install/share/ros2trace
[13.873s] copying resource/ros2trace -> /home/ubuntu/ROS2/microros_ws/firmware/mcu_ws/install/share/ament_index/resource_index/packages
[13.875s] running install_egg_info
[13.877s] Copying ../../../build/ros2trace/ros2trace.egg-info to /home/ubuntu/ROS2/microros_ws/firmware/mcu_ws/install/lib/python3.8/site-packages/ros2trace-1.0.2-py3.8.egg-info
[13.883s] running install_scripts
[14.021s] writing list of installed files to '/home/ubuntu/ROS2/microros_ws/firmware/mcu_ws/build/ros2trace/install.log'
[14.216s] Invoked command in '/home/ubuntu/ROS2/microros_ws/firmware/mcu_ws/uros/tracetools/ros2trace' returned '0': AMENT_PREFIX_PATH=/home/ubuntu/ROS2/microros_ws/firmware/mcu_ws/install:${AMENT_PREFIX_PATH} CMAKE_PREFIX_PATH=/home/ubuntu/ROS2/microros_ws/firmware/mcu_ws/install:${CMAKE_PREFIX_PATH} PYTHONPATH=/home/ubuntu/ROS2/microros_ws/firmware/mcu_ws/build/ros2trace/prefix_override:/usr/lib/python3/dist-packages/colcon_core/task/python/colcon_distutils_commands:/home/ubuntu/ROS2/microros_ws/firmware/mcu_ws/install/lib/python3.8/site-packages:/home/ubuntu/ROS2/microros_ws/firmware/mcu_ws/install/lib/python3.8/site-packages:${PYTHONPATH} /usr/bin/python3 -W ignore:setup.py install is deprecated setup.py egg_info --egg-base ../../../build/ros2trace build --build-base /home/ubuntu/ROS2/microros_ws/firmware/mcu_ws/build/ros2trace/build install --record /home/ubuntu/ROS2/microros_ws/firmware/mcu_ws/build/ros2trace/install.log --single-version-externally-managed install_data
