[0.193s] Invoking command in '/home/ubuntu/ROS2/microros_ws/build/lifecycle_msgs': CMAKE_PREFIX_PATH=${CMAKE_PREFIX_PATH}:/opt/ros/foxy /usr/bin/cmake /home/ubuntu/ROS2/microros_ws/src/ros2/rcl_interfaces/lifecycle_msgs -DBUILD_TESTING=OFF -DBUILD_SHARED_LIBS=ON -DCMAKE_INSTALL_PREFIX=/home/ubuntu/ROS2/microros_ws/install/lifecycle_msgs
[0.904s] -- The C compiler identification is GNU 9.4.0
[1.620s] -- The CXX compiler identification is GNU 9.4.0
[1.668s] -- Check for working C compiler: /usr/bin/cc
[2.538s] -- Check for working C compiler: /usr/bin/cc -- works
[2.542s] -- Detecting C compiler ABI info
[3.438s] -- Detecting C compiler ABI info - done
[3.519s] -- Detecting C compile features
[3.524s] -- Detecting C compile features - done
[3.547s] -- Check for working CXX compiler: /usr/bin/c++
[4.413s] -- Check for working CXX compiler: /usr/bin/c++ -- works
[4.426s] -- Detecting CXX compiler ABI info
[5.309s] -- Detecting CXX compiler ABI info - done
[5.409s] -- Detecting CXX compile features
[5.413s] -- Detecting CXX compile features - done
[5.465s] -- Found ament_cmake: 0.9.12 (/opt/ros/foxy/share/ament_cmake/cmake)
[5.766s] -- Found PythonInterp: /usr/bin/python3 (found suitable version "3.8.10", minimum required is "3") 
[5.769s] -- Using PYTHON_EXECUTABLE: /usr/bin/python3
[7.858s] -- Found rosidl_default_generators: 1.0.1 (/opt/ros/foxy/share/rosidl_default_generators/cmake)
[7.906s] -- Using all available rosidl_typesupport_c: rosidl_typesupport_microxrcedds_c;rosidl_typesupport_fastrtps_c;rosidl_typesupport_introspection_c
[8.012s] -- Found rosidl_adapter: 1.3.1 (/opt/ros/foxy/share/rosidl_adapter/cmake)
[9.520s] -- Found OpenSSL: /usr/lib/aarch64-linux-gnu/libcrypto.so (found version "1.1.1f")  
[9.899s] -- Found FastRTPS: /opt/ros/foxy/include  
[11.132s] -- Using all available rosidl_typesupport_cpp: rosidl_typesupport_microxrcedds_cpp;rosidl_typesupport_fastrtps_cpp;rosidl_typesupport_introspection_cpp
[11.732s] -- Found PythonInterp: /usr/bin/python3 (found version "3.8.10") 
[13.032s] -- Found ament_cmake_ros: 0.9.2 (/opt/ros/foxy/share/ament_cmake_ros/cmake)
[14.640s] -- Using all available rosidl_typesupport_c: rosidl_typesupport_microxrcedds_c;rosidl_typesupport_fastrtps_c;rosidl_typesupport_introspection_c
[14.894s] -- Using all available rosidl_typesupport_cpp: rosidl_typesupport_microxrcedds_cpp;rosidl_typesupport_fastrtps_cpp;rosidl_typesupport_introspection_cpp
[15.103s] -- Found PythonInterp: /usr/bin/python3 (found suitable version "3.8.10", minimum required is "3.5") 
[15.131s] -- Found python_cmake_module: 0.8.1 (/opt/ros/foxy/share/python_cmake_module/cmake)
[15.355s] -- Found PythonLibs: /usr/lib/aarch64-linux-gnu/libpython3.8.so (found suitable version "3.8.10", minimum required is "3.5") 
[15.363s] -- Using PYTHON_EXECUTABLE: /usr/bin/python3
[15.364s] -- Using PYTHON_INCLUDE_DIRS: /usr/include/python3.8
[15.364s] -- Using PYTHON_LIBRARIES: /usr/lib/aarch64-linux-gnu/libpython3.8.so
[15.591s] -- Found PythonExtra: .so  
[16.069s] -- Configuring done
[16.421s] -- Generating done
[16.442s] -- Build files have been written to: /home/ubuntu/ROS2/microros_ws/build/lifecycle_msgs
[16.498s] Invoked command in '/home/ubuntu/ROS2/microros_ws/build/lifecycle_msgs' returned '0': CMAKE_PREFIX_PATH=${CMAKE_PREFIX_PATH}:/opt/ros/foxy /usr/bin/cmake /home/ubuntu/ROS2/microros_ws/src/ros2/rcl_interfaces/lifecycle_msgs -DBUILD_TESTING=OFF -DBUILD_SHARED_LIBS=ON -DCMAKE_INSTALL_PREFIX=/home/ubuntu/ROS2/microros_ws/install/lifecycle_msgs
[16.501s] Invoking command in '/home/ubuntu/ROS2/microros_ws/build/lifecycle_msgs': CMAKE_PREFIX_PATH=${CMAKE_PREFIX_PATH}:/opt/ros/foxy /usr/bin/cmake --build /home/ubuntu/ROS2/microros_ws/build/lifecycle_msgs -- -j4 -l4
[17.187s] [35m[1mScanning dependencies of target lifecycle_msgs__cpp[0m
[17.406s] [  0%] [34m[1mGenerating C++ code for ROS interfaces[0m
[26.536s] [  0%] Built target lifecycle_msgs__cpp
[26.708s] [  1%] [34m[1mGenerating C code for ROS interfaces[0m
[37.185s] [35m[1mScanning dependencies of target lifecycle_msgs__rosidl_generator_c[0m
[37.387s] [  1%] [32mBuilding C object CMakeFiles/lifecycle_msgs__rosidl_generator_c.dir/rosidl_generator_c/lifecycle_msgs/msg/detail/state__functions.c.o[0m
[37.853s] [  2%] [32mBuilding C object CMakeFiles/lifecycle_msgs__rosidl_generator_c.dir/rosidl_generator_c/lifecycle_msgs/msg/detail/transition__functions.c.o[0m
[38.366s] [  3%] [32mBuilding C object CMakeFiles/lifecycle_msgs__rosidl_generator_c.dir/rosidl_generator_c/lifecycle_msgs/msg/detail/transition_description__functions.c.o[0m
[38.859s] [  4%] [32mBuilding C object CMakeFiles/lifecycle_msgs__rosidl_generator_c.dir/rosidl_generator_c/lifecycle_msgs/msg/detail/transition_event__functions.c.o[0m
[39.245s] [  5%] [32mBuilding C object CMakeFiles/lifecycle_msgs__rosidl_generator_c.dir/rosidl_generator_c/lifecycle_msgs/srv/detail/change_state__functions.c.o[0m
[39.623s] [  6%] [32mBuilding C object CMakeFiles/lifecycle_msgs__rosidl_generator_c.dir/rosidl_generator_c/lifecycle_msgs/srv/detail/get_available_states__functions.c.o[0m
[40.145s] [  7%] [32mBuilding C object CMakeFiles/lifecycle_msgs__rosidl_generator_c.dir/rosidl_generator_c/lifecycle_msgs/srv/detail/get_available_transitions__functions.c.o[0m
[40.767s] [  8%] [32mBuilding C object CMakeFiles/lifecycle_msgs__rosidl_generator_c.dir/rosidl_generator_c/lifecycle_msgs/srv/detail/get_state__functions.c.o[0m
[41.323s] [  9%] [32m[1mLinking C shared library liblifecycle_msgs__rosidl_generator_c.so[0m
[41.766s] [  9%] Built target lifecycle_msgs__rosidl_generator_c
[41.948s] [ 10%] [34m[1mGenerating C++ introspection for ROS interfaces[0m
[48.135s] [35m[1mScanning dependencies of target lifecycle_msgs__rosidl_typesupport_introspection_cpp[0m
[48.334s] [ 11%] [32mBuilding CXX object CMakeFiles/lifecycle_msgs__rosidl_typesupport_introspection_cpp.dir/rosidl_typesupport_introspection_cpp/lifecycle_msgs/msg/detail/state__type_support.cpp.o[0m
[50.905s] [ 12%] [32mBuilding CXX object CMakeFiles/lifecycle_msgs__rosidl_typesupport_introspection_cpp.dir/rosidl_typesupport_introspection_cpp/lifecycle_msgs/msg/detail/transition__type_support.cpp.o[0m
[53.400s] [ 13%] [32mBuilding CXX object CMakeFiles/lifecycle_msgs__rosidl_typesupport_introspection_cpp.dir/rosidl_typesupport_introspection_cpp/lifecycle_msgs/msg/detail/transition_description__type_support.cpp.o[0m
[55.473s] [ 14%] [32mBuilding CXX object CMakeFiles/lifecycle_msgs__rosidl_typesupport_introspection_cpp.dir/rosidl_typesupport_introspection_cpp/lifecycle_msgs/msg/detail/transition_event__type_support.cpp.o[0m
[57.916s] [ 15%] [32mBuilding CXX object CMakeFiles/lifecycle_msgs__rosidl_typesupport_introspection_cpp.dir/rosidl_typesupport_introspection_cpp/lifecycle_msgs/srv/detail/change_state__type_support.cpp.o[0m
[60.477s] [ 16%] [32mBuilding CXX object CMakeFiles/lifecycle_msgs__rosidl_typesupport_introspection_cpp.dir/rosidl_typesupport_introspection_cpp/lifecycle_msgs/srv/detail/get_available_states__type_support.cpp.o[0m
[63.634s] [ 16%] [32mBuilding CXX object CMakeFiles/lifecycle_msgs__rosidl_typesupport_introspection_cpp.dir/rosidl_typesupport_introspection_cpp/lifecycle_msgs/srv/detail/get_available_transitions__type_support.cpp.o[0m
[67.383s] [ 17%] [32mBuilding CXX object CMakeFiles/lifecycle_msgs__rosidl_typesupport_introspection_cpp.dir/rosidl_typesupport_introspection_cpp/lifecycle_msgs/srv/detail/get_state__type_support.cpp.o[0m
[70.440s] [ 18%] [32m[1mLinking CXX shared library liblifecycle_msgs__rosidl_typesupport_introspection_cpp.so[0m
[71.105s] [ 18%] Built target lifecycle_msgs__rosidl_typesupport_introspection_cpp
[71.192s] [ 19%] [34m[1mGenerating C++ type support dispatch for ROS interfaces[0m
[76.443s] [35m[1mScanning dependencies of target lifecycle_msgs__rosidl_typesupport_cpp[0m
[76.605s] [ 20%] [32mBuilding CXX object CMakeFiles/lifecycle_msgs__rosidl_typesupport_cpp.dir/rosidl_typesupport_cpp/lifecycle_msgs/msg/state__type_support.cpp.o[0m
[78.845s] [ 21%] [32mBuilding CXX object CMakeFiles/lifecycle_msgs__rosidl_typesupport_cpp.dir/rosidl_typesupport_cpp/lifecycle_msgs/msg/transition__type_support.cpp.o[0m
[81.287s] [ 21%] [32mBuilding CXX object CMakeFiles/lifecycle_msgs__rosidl_typesupport_cpp.dir/rosidl_typesupport_cpp/lifecycle_msgs/msg/transition_description__type_support.cpp.o[0m
[83.290s] [ 22%] [32mBuilding CXX object CMakeFiles/lifecycle_msgs__rosidl_typesupport_cpp.dir/rosidl_typesupport_cpp/lifecycle_msgs/msg/transition_event__type_support.cpp.o[0m
[85.700s] [ 23%] [32mBuilding CXX object CMakeFiles/lifecycle_msgs__rosidl_typesupport_cpp.dir/rosidl_typesupport_cpp/lifecycle_msgs/srv/change_state__type_support.cpp.o[0m
[88.192s] [ 24%] [32mBuilding CXX object CMakeFiles/lifecycle_msgs__rosidl_typesupport_cpp.dir/rosidl_typesupport_cpp/lifecycle_msgs/srv/get_available_states__type_support.cpp.o[0m
[90.138s] [ 25%] [32mBuilding CXX object CMakeFiles/lifecycle_msgs__rosidl_typesupport_cpp.dir/rosidl_typesupport_cpp/lifecycle_msgs/srv/get_available_transitions__type_support.cpp.o[0m
[92.494s] [ 26%] [32mBuilding CXX object CMakeFiles/lifecycle_msgs__rosidl_typesupport_cpp.dir/rosidl_typesupport_cpp/lifecycle_msgs/srv/get_state__type_support.cpp.o[0m
[95.057s] [ 27%] [32m[1mLinking CXX shared library liblifecycle_msgs__rosidl_typesupport_cpp.so[0m
[95.506s] [ 27%] Built target lifecycle_msgs__rosidl_typesupport_cpp
[95.660s] [ 28%] [34m[1mGenerating C type support dispatch for ROS interfaces[0m
[101.129s] [35m[1mScanning dependencies of target lifecycle_msgs__rosidl_typesupport_c[0m
[101.355s] [ 29%] [32mBuilding CXX object CMakeFiles/lifecycle_msgs__rosidl_typesupport_c.dir/rosidl_typesupport_c/lifecycle_msgs/msg/state__type_support.cpp.o[0m
[101.694s] [ 30%] [32mBuilding CXX object CMakeFiles/lifecycle_msgs__rosidl_typesupport_c.dir/rosidl_typesupport_c/lifecycle_msgs/msg/transition__type_support.cpp.o[0m
[102.220s] [ 30%] [32mBuilding CXX object CMakeFiles/lifecycle_msgs__rosidl_typesupport_c.dir/rosidl_typesupport_c/lifecycle_msgs/msg/transition_description__type_support.cpp.o[0m
[102.592s] [ 31%] [32mBuilding CXX object CMakeFiles/lifecycle_msgs__rosidl_typesupport_c.dir/rosidl_typesupport_c/lifecycle_msgs/msg/transition_event__type_support.cpp.o[0m
[102.966s] [ 32%] [32mBuilding CXX object CMakeFiles/lifecycle_msgs__rosidl_typesupport_c.dir/rosidl_typesupport_c/lifecycle_msgs/srv/change_state__type_support.cpp.o[0m
[103.409s] [ 33%] [32mBuilding CXX object CMakeFiles/lifecycle_msgs__rosidl_typesupport_c.dir/rosidl_typesupport_c/lifecycle_msgs/srv/get_available_states__type_support.cpp.o[0m
[103.722s] [ 34%] [32mBuilding CXX object CMakeFiles/lifecycle_msgs__rosidl_typesupport_c.dir/rosidl_typesupport_c/lifecycle_msgs/srv/get_available_transitions__type_support.cpp.o[0m
[104.065s] [ 35%] [32mBuilding CXX object CMakeFiles/lifecycle_msgs__rosidl_typesupport_c.dir/rosidl_typesupport_c/lifecycle_msgs/srv/get_state__type_support.cpp.o[0m
[104.387s] [ 36%] [32m[1mLinking CXX shared library liblifecycle_msgs__rosidl_typesupport_c.so[0m
[104.821s] [ 36%] Built target lifecycle_msgs__rosidl_typesupport_c
[104.932s] [ 37%] [34m[1mGenerating C type support for eProsima Micro XRCE-DDS[0m
[111.446s] [35m[1mScanning dependencies of target lifecycle_msgs__rosidl_typesupport_microxrcedds_c[0m
[111.655s] [ 38%] [32mBuilding C object CMakeFiles/lifecycle_msgs__rosidl_typesupport_microxrcedds_c.dir/rosidl_typesupport_microxrcedds_c/lifecycle_msgs/msg/detail/microxrcedds/state__type_support_c.c.o[0m
[112.140s] [ 39%] [32mBuilding C object CMakeFiles/lifecycle_msgs__rosidl_typesupport_microxrcedds_c.dir/rosidl_typesupport_microxrcedds_c/lifecycle_msgs/msg/detail/microxrcedds/transition__type_support_c.c.o[0m
[112.673s] [ 40%] [32mBuilding C object CMakeFiles/lifecycle_msgs__rosidl_typesupport_microxrcedds_c.dir/rosidl_typesupport_microxrcedds_c/lifecycle_msgs/msg/detail/microxrcedds/transition_description__type_support_c.c.o[0m
[113.145s] [ 41%] [32mBuilding C object CMakeFiles/lifecycle_msgs__rosidl_typesupport_microxrcedds_c.dir/rosidl_typesupport_microxrcedds_c/lifecycle_msgs/msg/detail/microxrcedds/transition_event__type_support_c.c.o[0m
[113.674s] [ 42%] [32mBuilding C object CMakeFiles/lifecycle_msgs__rosidl_typesupport_microxrcedds_c.dir/rosidl_typesupport_microxrcedds_c/lifecycle_msgs/srv/detail/microxrcedds/change_state__type_support_c.c.o[0m
[114.276s] [ 43%] [32mBuilding C object CMakeFiles/lifecycle_msgs__rosidl_typesupport_microxrcedds_c.dir/rosidl_typesupport_microxrcedds_c/lifecycle_msgs/srv/detail/microxrcedds/get_available_states__type_support_c.c.o[0m
[114.830s] [ 44%] [32mBuilding C object CMakeFiles/lifecycle_msgs__rosidl_typesupport_microxrcedds_c.dir/rosidl_typesupport_microxrcedds_c/lifecycle_msgs/srv/detail/microxrcedds/get_available_transitions__type_support_c.c.o[0m
[115.431s] [ 45%] [32mBuilding C object CMakeFiles/lifecycle_msgs__rosidl_typesupport_microxrcedds_c.dir/rosidl_typesupport_microxrcedds_c/lifecycle_msgs/srv/detail/microxrcedds/get_state__type_support_c.c.o[0m
[115.932s] [ 45%] [32m[1mLinking C shared library liblifecycle_msgs__rosidl_typesupport_microxrcedds_c.so[0m
[116.515s] [ 45%] Built target lifecycle_msgs__rosidl_typesupport_microxrcedds_c
[116.685s] [ 46%] [34m[1mGenerating C introspection for ROS interfaces[0m
[123.720s] [35m[1mScanning dependencies of target lifecycle_msgs__rosidl_typesupport_introspection_c[0m
[123.909s] [ 47%] [32mBuilding C object CMakeFiles/lifecycle_msgs__rosidl_typesupport_introspection_c.dir/rosidl_typesupport_introspection_c/lifecycle_msgs/msg/detail/state__type_support.c.o[0m
[124.243s] [ 48%] [32mBuilding C object CMakeFiles/lifecycle_msgs__rosidl_typesupport_introspection_c.dir/rosidl_typesupport_introspection_c/lifecycle_msgs/msg/detail/transition__type_support.c.o[0m
[124.659s] [ 49%] [32mBuilding C object CMakeFiles/lifecycle_msgs__rosidl_typesupport_introspection_c.dir/rosidl_typesupport_introspection_c/lifecycle_msgs/msg/detail/transition_description__type_support.c.o[0m
[125.062s] [ 50%] [32mBuilding C object CMakeFiles/lifecycle_msgs__rosidl_typesupport_introspection_c.dir/rosidl_typesupport_introspection_c/lifecycle_msgs/msg/detail/transition_event__type_support.c.o[0m
[125.467s] [ 51%] [32mBuilding C object CMakeFiles/lifecycle_msgs__rosidl_typesupport_introspection_c.dir/rosidl_typesupport_introspection_c/lifecycle_msgs/srv/detail/change_state__type_support.c.o[0m
[125.892s] [ 52%] [32mBuilding C object CMakeFiles/lifecycle_msgs__rosidl_typesupport_introspection_c.dir/rosidl_typesupport_introspection_c/lifecycle_msgs/srv/detail/get_available_states__type_support.c.o[0m
[126.336s] [ 52%] [32mBuilding C object CMakeFiles/lifecycle_msgs__rosidl_typesupport_introspection_c.dir/rosidl_typesupport_introspection_c/lifecycle_msgs/srv/detail/get_available_transitions__type_support.c.o[0m
[126.715s] [ 53%] [32mBuilding C object CMakeFiles/lifecycle_msgs__rosidl_typesupport_introspection_c.dir/rosidl_typesupport_introspection_c/lifecycle_msgs/srv/detail/get_state__type_support.c.o[0m
[127.226s] [ 54%] [32m[1mLinking C shared library liblifecycle_msgs__rosidl_typesupport_introspection_c.so[0m
[127.597s] [ 54%] Built target lifecycle_msgs__rosidl_typesupport_introspection_c
[127.701s] [ 55%] [34m[1mGenerating C++ type support for eProsima Fast-RTPS[0m
[134.160s] [35m[1mScanning dependencies of target lifecycle_msgs__rosidl_typesupport_fastrtps_cpp[0m
[134.466s] [ 56%] [32mBuilding CXX object CMakeFiles/lifecycle_msgs__rosidl_typesupport_fastrtps_cpp.dir/rosidl_typesupport_fastrtps_cpp/lifecycle_msgs/msg/detail/dds_fastrtps/state__type_support.cpp.o[0m
[137.995s] [ 57%] [32mBuilding CXX object CMakeFiles/lifecycle_msgs__rosidl_typesupport_fastrtps_cpp.dir/rosidl_typesupport_fastrtps_cpp/lifecycle_msgs/msg/detail/dds_fastrtps/transition_description__type_support.cpp.o[0m
[141.584s] [ 58%] [32mBuilding CXX object CMakeFiles/lifecycle_msgs__rosidl_typesupport_fastrtps_cpp.dir/rosidl_typesupport_fastrtps_cpp/lifecycle_msgs/msg/detail/dds_fastrtps/transition_event__type_support.cpp.o[0m
[144.692s] [ 58%] [32mBuilding CXX object CMakeFiles/lifecycle_msgs__rosidl_typesupport_fastrtps_cpp.dir/rosidl_typesupport_fastrtps_cpp/lifecycle_msgs/srv/detail/dds_fastrtps/change_state__type_support.cpp.o[0m
[148.305s] [ 59%] [32mBuilding CXX object CMakeFiles/lifecycle_msgs__rosidl_typesupport_fastrtps_cpp.dir/rosidl_typesupport_fastrtps_cpp/lifecycle_msgs/srv/detail/dds_fastrtps/get_available_states__type_support.cpp.o[0m
[152.113s] [ 60%] [32mBuilding CXX object CMakeFiles/lifecycle_msgs__rosidl_typesupport_fastrtps_cpp.dir/rosidl_typesupport_fastrtps_cpp/lifecycle_msgs/srv/detail/dds_fastrtps/get_available_transitions__type_support.cpp.o[0m
[156.564s] [ 61%] [32mBuilding CXX object CMakeFiles/lifecycle_msgs__rosidl_typesupport_fastrtps_cpp.dir/rosidl_typesupport_fastrtps_cpp/lifecycle_msgs/srv/detail/dds_fastrtps/get_state__type_support.cpp.o[0m
[160.042s] [ 62%] [32mBuilding CXX object CMakeFiles/lifecycle_msgs__rosidl_typesupport_fastrtps_cpp.dir/rosidl_typesupport_fastrtps_cpp/lifecycle_msgs/msg/detail/dds_fastrtps/transition__type_support.cpp.o[0m
[163.780s] [ 63%] [32m[1mLinking CXX shared library liblifecycle_msgs__rosidl_typesupport_fastrtps_cpp.so[0m
[164.681s] [ 63%] Built target lifecycle_msgs__rosidl_typesupport_fastrtps_cpp
[164.852s] [ 64%] [34m[1mGenerating C++ type support for eProsima Micro XRCE-DDS[0m
[171.892s] [35m[1mScanning dependencies of target lifecycle_msgs__rosidl_typesupport_microxrcedds_cpp[0m
[172.202s] [ 65%] [32mBuilding CXX object CMakeFiles/lifecycle_msgs__rosidl_typesupport_microxrcedds_cpp.dir/rosidl_typesupport_microxrcedds_cpp/lifecycle_msgs/msg/detail/microxrcedds/state__type_support_cpp.cpp.o[0m
[174.685s] [ 66%] [32mBuilding CXX object CMakeFiles/lifecycle_msgs__rosidl_typesupport_microxrcedds_cpp.dir/rosidl_typesupport_microxrcedds_cpp/lifecycle_msgs/msg/detail/microxrcedds/transition_description__type_support_cpp.cpp.o[0m
[177.166s] [ 67%] [32mBuilding CXX object CMakeFiles/lifecycle_msgs__rosidl_typesupport_microxrcedds_cpp.dir/rosidl_typesupport_microxrcedds_cpp/lifecycle_msgs/msg/detail/microxrcedds/transition_event__type_support_cpp.cpp.o[0m
[179.816s] [ 68%] [32mBuilding CXX object CMakeFiles/lifecycle_msgs__rosidl_typesupport_microxrcedds_cpp.dir/rosidl_typesupport_microxrcedds_cpp/lifecycle_msgs/srv/detail/microxrcedds/change_state__type_support_cpp.cpp.o[0m
[182.419s] [ 69%] [32mBuilding CXX object CMakeFiles/lifecycle_msgs__rosidl_typesupport_microxrcedds_cpp.dir/rosidl_typesupport_microxrcedds_cpp/lifecycle_msgs/srv/detail/microxrcedds/get_available_states__type_support_cpp.cpp.o[0m
[185.075s] [ 70%] [32mBuilding CXX object CMakeFiles/lifecycle_msgs__rosidl_typesupport_microxrcedds_cpp.dir/rosidl_typesupport_microxrcedds_cpp/lifecycle_msgs/srv/detail/microxrcedds/get_available_transitions__type_support_cpp.cpp.o[0m
[187.378s] [ 71%] [32mBuilding CXX object CMakeFiles/lifecycle_msgs__rosidl_typesupport_microxrcedds_cpp.dir/rosidl_typesupport_microxrcedds_cpp/lifecycle_msgs/srv/detail/microxrcedds/get_state__type_support_cpp.cpp.o[0m
[190.355s] [ 72%] [32mBuilding CXX object CMakeFiles/lifecycle_msgs__rosidl_typesupport_microxrcedds_cpp.dir/rosidl_typesupport_microxrcedds_cpp/lifecycle_msgs/msg/detail/microxrcedds/transition__type_support_cpp.cpp.o[0m
[192.573s] [ 73%] [32m[1mLinking CXX shared library liblifecycle_msgs__rosidl_typesupport_microxrcedds_cpp.so[0m
[193.093s] [ 73%] Built target lifecycle_msgs__rosidl_typesupport_microxrcedds_cpp
[193.190s] [ 74%] [34m[1mGenerating C type support for eProsima Fast-RTPS[0m
[200.698s] [35m[1mScanning dependencies of target lifecycle_msgs__rosidl_typesupport_fastrtps_c[0m
[201.107s] [ 75%] [32mBuilding CXX object CMakeFiles/lifecycle_msgs__rosidl_typesupport_fastrtps_c.dir/rosidl_typesupport_fastrtps_c/lifecycle_msgs/msg/detail/state__type_support_c.cpp.o[0m
[204.238s] [ 76%] [32mBuilding CXX object CMakeFiles/lifecycle_msgs__rosidl_typesupport_fastrtps_c.dir/rosidl_typesupport_fastrtps_c/lifecycle_msgs/msg/detail/transition_event__type_support_c.cpp.o[0m
[207.380s] [ 76%] [32mBuilding CXX object CMakeFiles/lifecycle_msgs__rosidl_typesupport_fastrtps_c.dir/rosidl_typesupport_fastrtps_c/lifecycle_msgs/srv/detail/change_state__type_support_c.cpp.o[0m
[210.759s] [ 77%] [32mBuilding CXX object CMakeFiles/lifecycle_msgs__rosidl_typesupport_fastrtps_c.dir/rosidl_typesupport_fastrtps_c/lifecycle_msgs/srv/detail/get_available_states__type_support_c.cpp.o[0m
[213.492s] [ 78%] [32mBuilding CXX object CMakeFiles/lifecycle_msgs__rosidl_typesupport_fastrtps_c.dir/rosidl_typesupport_fastrtps_c/lifecycle_msgs/srv/detail/get_available_transitions__type_support_c.cpp.o[0m
[217.095s] [ 79%] [32mBuilding CXX object CMakeFiles/lifecycle_msgs__rosidl_typesupport_fastrtps_c.dir/rosidl_typesupport_fastrtps_c/lifecycle_msgs/srv/detail/get_state__type_support_c.cpp.o[0m
[220.704s] [ 80%] [32mBuilding CXX object CMakeFiles/lifecycle_msgs__rosidl_typesupport_fastrtps_c.dir/rosidl_typesupport_fastrtps_c/lifecycle_msgs/msg/detail/transition_description__type_support_c.cpp.o[0m
[224.522s] [ 81%] [32mBuilding CXX object CMakeFiles/lifecycle_msgs__rosidl_typesupport_fastrtps_c.dir/rosidl_typesupport_fastrtps_c/lifecycle_msgs/msg/detail/transition__type_support_c.cpp.o[0m
[227.496s] [ 82%] [32m[1mLinking CXX shared library liblifecycle_msgs__rosidl_typesupport_fastrtps_c.so[0m
[228.229s] [ 82%] Built target lifecycle_msgs__rosidl_typesupport_fastrtps_c
[228.356s] [35m[1mScanning dependencies of target lifecycle_msgs[0m
[228.509s] [ 82%] Built target lifecycle_msgs
[228.685s] [35m[1mScanning dependencies of target lifecycle_msgs__py[0m
[228.866s] [ 83%] [34m[1mGenerating Python code for ROS interfaces[0m
[244.896s] [ 83%] Built target lifecycle_msgs__py
[245.067s] [35m[1mScanning dependencies of target lifecycle_msgs__python[0m
[245.660s] [ 84%] [32mBuilding C object CMakeFiles/lifecycle_msgs__python.dir/rosidl_generator_py/lifecycle_msgs/msg/_state_s.c.o[0m
[246.688s] [ 85%] [32mBuilding C object CMakeFiles/lifecycle_msgs__python.dir/rosidl_generator_py/lifecycle_msgs/msg/_transition_event_s.c.o[0m
[247.494s] [ 86%] [32mBuilding C object CMakeFiles/lifecycle_msgs__python.dir/rosidl_generator_py/lifecycle_msgs/srv/_change_state_s.c.o[0m
[248.445s] [ 87%] [32mBuilding C object CMakeFiles/lifecycle_msgs__python.dir/rosidl_generator_py/lifecycle_msgs/srv/_get_available_states_s.c.o[0m
[249.608s] [ 88%] [32mBuilding C object CMakeFiles/lifecycle_msgs__python.dir/rosidl_generator_py/lifecycle_msgs/srv/_get_available_transitions_s.c.o[0m
[250.592s] [ 89%] [32mBuilding C object CMakeFiles/lifecycle_msgs__python.dir/rosidl_generator_py/lifecycle_msgs/srv/_get_state_s.c.o[0m
[251.540s] [ 90%] [32mBuilding C object CMakeFiles/lifecycle_msgs__python.dir/rosidl_generator_py/lifecycle_msgs/msg/_transition_description_s.c.o[0m
[252.590s] [ 91%] [32mBuilding C object CMakeFiles/lifecycle_msgs__python.dir/rosidl_generator_py/lifecycle_msgs/msg/_transition_s.c.o[0m
[253.276s] [ 92%] [32m[1mLinking C shared library rosidl_generator_py/lifecycle_msgs/liblifecycle_msgs__python.so[0m
[253.734s] [ 92%] Built target lifecycle_msgs__python
[253.884s] [35m[1mScanning dependencies of target lifecycle_msgs__rosidl_typesupport_fastrtps_c__pyext[0m
[254.176s] [ 93%] [32mBuilding C object CMakeFiles/lifecycle_msgs__rosidl_typesupport_fastrtps_c__pyext.dir/rosidl_generator_py/lifecycle_msgs/_lifecycle_msgs_s.ep.rosidl_typesupport_fastrtps_c.c.o[0m
[255.229s] [ 94%] [32m[1mLinking CXX shared library rosidl_generator_py/lifecycle_msgs/lifecycle_msgs_s__rosidl_typesupport_fastrtps_c.cpython-38-aarch64-linux-gnu.so[0m
[255.929s] [ 94%] Built target lifecycle_msgs__rosidl_typesupport_fastrtps_c__pyext
[256.096s] [35m[1mScanning dependencies of target lifecycle_msgs__rosidl_typesupport_introspection_c__pyext[0m
[256.444s] [ 95%] [32mBuilding C object CMakeFiles/lifecycle_msgs__rosidl_typesupport_introspection_c__pyext.dir/rosidl_generator_py/lifecycle_msgs/_lifecycle_msgs_s.ep.rosidl_typesupport_introspection_c.c.o[0m
[257.452s] [ 96%] [32m[1mLinking C shared library rosidl_generator_py/lifecycle_msgs/lifecycle_msgs_s__rosidl_typesupport_introspection_c.cpython-38-aarch64-linux-gnu.so[0m
[257.968s] [ 96%] Built target lifecycle_msgs__rosidl_typesupport_introspection_c__pyext
[258.131s] [35m[1mScanning dependencies of target lifecycle_msgs__rosidl_typesupport_c__pyext[0m
[258.390s] [ 97%] [32mBuilding C object CMakeFiles/lifecycle_msgs__rosidl_typesupport_c__pyext.dir/rosidl_generator_py/lifecycle_msgs/_lifecycle_msgs_s.ep.rosidl_typesupport_c.c.o[0m
[259.429s] [ 98%] [32m[1mLinking C shared library rosidl_generator_py/lifecycle_msgs/lifecycle_msgs_s__rosidl_typesupport_c.cpython-38-aarch64-linux-gnu.so[0m
[259.856s] [ 98%] Built target lifecycle_msgs__rosidl_typesupport_c__pyext
[260.006s] [35m[1mScanning dependencies of target lifecycle_msgs__rosidl_typesupport_microxrcedds_c__pyext[0m
[260.399s] [ 99%] [32mBuilding C object CMakeFiles/lifecycle_msgs__rosidl_typesupport_microxrcedds_c__pyext.dir/rosidl_generator_py/lifecycle_msgs/_lifecycle_msgs_s.ep.rosidl_typesupport_microxrcedds_c.c.o[0m
[261.901s] [100%] [32m[1mLinking C shared library rosidl_generator_py/lifecycle_msgs/lifecycle_msgs_s__rosidl_typesupport_microxrcedds_c.cpython-38-aarch64-linux-gnu.so[0m
[262.216s] [100%] Built target lifecycle_msgs__rosidl_typesupport_microxrcedds_c__pyext
[262.379s] Invoked command in '/home/ubuntu/ROS2/microros_ws/build/lifecycle_msgs' returned '0': CMAKE_PREFIX_PATH=${CMAKE_PREFIX_PATH}:/opt/ros/foxy /usr/bin/cmake --build /home/ubuntu/ROS2/microros_ws/build/lifecycle_msgs -- -j4 -l4
[270.661s] Invoking command in '/home/ubuntu/ROS2/microros_ws/build/lifecycle_msgs': CMAKE_PREFIX_PATH=${CMAKE_PREFIX_PATH}:/opt/ros/foxy /usr/bin/cmake --install /home/ubuntu/ROS2/microros_ws/build/lifecycle_msgs
[270.784s] -- Install configuration: ""
[270.785s] -- Installing: /home/ubuntu/ROS2/microros_ws/install/lifecycle_msgs/share/ament_index/resource_index/rosidl_interfaces/lifecycle_msgs
[270.798s] -- Installing: /home/ubuntu/ROS2/microros_ws/install/lifecycle_msgs/include/lifecycle_msgs
[270.799s] -- Installing: /home/ubuntu/ROS2/microros_ws/install/lifecycle_msgs/include/lifecycle_msgs/msg
[270.800s] -- Installing: /home/ubuntu/ROS2/microros_ws/install/lifecycle_msgs/include/lifecycle_msgs/msg/transition.h
[270.801s] -- Installing: /home/ubuntu/ROS2/microros_ws/install/lifecycle_msgs/include/lifecycle_msgs/msg/state.h
[270.802s] -- Installing: /home/ubuntu/ROS2/microros_ws/install/lifecycle_msgs/include/lifecycle_msgs/msg/transition_description.h
[270.803s] -- Installing: /home/ubuntu/ROS2/microros_ws/install/lifecycle_msgs/include/lifecycle_msgs/msg/detail
[270.804s] -- Installing: /home/ubuntu/ROS2/microros_ws/install/lifecycle_msgs/include/lifecycle_msgs/msg/detail/transition__struct.h
[270.806s] -- Installing: /home/ubuntu/ROS2/microros_ws/install/lifecycle_msgs/include/lifecycle_msgs/msg/detail/state__type_support.h
[270.807s] -- Installing: /home/ubuntu/ROS2/microros_ws/install/lifecycle_msgs/include/lifecycle_msgs/msg/detail/transition_event__struct.h
[270.809s] -- Installing: /home/ubuntu/ROS2/microros_ws/install/lifecycle_msgs/include/lifecycle_msgs/msg/detail/transition__functions.h
[270.810s] -- Installing: /home/ubuntu/ROS2/microros_ws/install/lifecycle_msgs/include/lifecycle_msgs/msg/detail/transition__type_support.h
[270.812s] -- Installing: /home/ubuntu/ROS2/microros_ws/install/lifecycle_msgs/include/lifecycle_msgs/msg/detail/transition_description__functions.c
[270.814s] -- Installing: /home/ubuntu/ROS2/microros_ws/install/lifecycle_msgs/include/lifecycle_msgs/msg/detail/state__functions.c
[270.815s] -- Installing: /home/ubuntu/ROS2/microros_ws/install/lifecycle_msgs/include/lifecycle_msgs/msg/detail/transition_event__functions.h
[270.817s] -- Installing: /home/ubuntu/ROS2/microros_ws/install/lifecycle_msgs/include/lifecycle_msgs/msg/detail/state__functions.h
[270.818s] -- Installing: /home/ubuntu/ROS2/microros_ws/install/lifecycle_msgs/include/lifecycle_msgs/msg/detail/transition_event__type_support.h
[270.820s] -- Installing: /home/ubuntu/ROS2/microros_ws/install/lifecycle_msgs/include/lifecycle_msgs/msg/detail/transition_event__functions.c
[270.825s] -- Installing: /home/ubuntu/ROS2/microros_ws/install/lifecycle_msgs/include/lifecycle_msgs/msg/detail/transition_description__functions.h
[270.826s] -- Installing: /home/ubuntu/ROS2/microros_ws/install/lifecycle_msgs/include/lifecycle_msgs/msg/detail/transition_description__struct.h
[270.827s] -- Installing: /home/ubuntu/ROS2/microros_ws/install/lifecycle_msgs/include/lifecycle_msgs/msg/detail/transition_description__type_support.h
[270.828s] -- Installing: /home/ubuntu/ROS2/microros_ws/install/lifecycle_msgs/include/lifecycle_msgs/msg/detail/transition__functions.c
[270.828s] -- Installing: /home/ubuntu/ROS2/microros_ws/install/lifecycle_msgs/include/lifecycle_msgs/msg/detail/state__struct.h
[270.829s] -- Installing: /home/ubuntu/ROS2/microros_ws/install/lifecycle_msgs/include/lifecycle_msgs/msg/rosidl_generator_c__visibility_control.h
[270.834s] -- Installing: /home/ubuntu/ROS2/microros_ws/install/lifecycle_msgs/include/lifecycle_msgs/msg/transition_event.h
[270.847s] -- Installing: /home/ubuntu/ROS2/microros_ws/install/lifecycle_msgs/include/lifecycle_msgs/srv
[270.853s] -- Installing: /home/ubuntu/ROS2/microros_ws/install/lifecycle_msgs/include/lifecycle_msgs/srv/get_state.h
[270.856s] -- Installing: /home/ubuntu/ROS2/microros_ws/install/lifecycle_msgs/include/lifecycle_msgs/srv/get_available_states.h
[270.857s] -- Installing: /home/ubuntu/ROS2/microros_ws/install/lifecycle_msgs/include/lifecycle_msgs/srv/get_available_transitions.h
[270.858s] -- Installing: /home/ubuntu/ROS2/microros_ws/install/lifecycle_msgs/include/lifecycle_msgs/srv/detail
[270.863s] -- Installing: /home/ubuntu/ROS2/microros_ws/install/lifecycle_msgs/include/lifecycle_msgs/srv/detail/get_state__functions.h
[270.864s] -- Installing: /home/ubuntu/ROS2/microros_ws/install/lifecycle_msgs/include/lifecycle_msgs/srv/detail/change_state__functions.h
[270.864s] -- Installing: /home/ubuntu/ROS2/microros_ws/install/lifecycle_msgs/include/lifecycle_msgs/srv/detail/get_available_states__type_support.h
[270.866s] -- Installing: /home/ubuntu/ROS2/microros_ws/install/lifecycle_msgs/include/lifecycle_msgs/srv/detail/get_available_transitions__struct.h
[270.867s] -- Installing: /home/ubuntu/ROS2/microros_ws/install/lifecycle_msgs/include/lifecycle_msgs/srv/detail/get_state__functions.c
[270.874s] -- Installing: /home/ubuntu/ROS2/microros_ws/install/lifecycle_msgs/include/lifecycle_msgs/srv/detail/get_available_states__struct.h
[270.874s] -- Installing: /home/ubuntu/ROS2/microros_ws/install/lifecycle_msgs/include/lifecycle_msgs/srv/detail/get_state__type_support.h
[270.875s] -- Installing: /home/ubuntu/ROS2/microros_ws/install/lifecycle_msgs/include/lifecycle_msgs/srv/detail/get_available_transitions__functions.c
[270.878s] -- Installing: /home/ubuntu/ROS2/microros_ws/install/lifecycle_msgs/include/lifecycle_msgs/srv/detail/get_available_transitions__type_support.h
[270.879s] -- Installing: /home/ubuntu/ROS2/microros_ws/install/lifecycle_msgs/include/lifecycle_msgs/srv/detail/change_state__type_support.h
[270.881s] -- Installing: /home/ubuntu/ROS2/microros_ws/install/lifecycle_msgs/include/lifecycle_msgs/srv/detail/get_available_states__functions.c
[270.882s] -- Installing: /home/ubuntu/ROS2/microros_ws/install/lifecycle_msgs/include/lifecycle_msgs/srv/detail/change_state__functions.c
[270.884s] -- Installing: /home/ubuntu/ROS2/microros_ws/install/lifecycle_msgs/include/lifecycle_msgs/srv/detail/get_state__struct.h
[270.895s] -- Installing: /home/ubuntu/ROS2/microros_ws/install/lifecycle_msgs/include/lifecycle_msgs/srv/detail/change_state__struct.h
[270.896s] -- Installing: /home/ubuntu/ROS2/microros_ws/install/lifecycle_msgs/include/lifecycle_msgs/srv/detail/get_available_transitions__functions.h
[270.898s] -- Installing: /home/ubuntu/ROS2/microros_ws/install/lifecycle_msgs/include/lifecycle_msgs/srv/detail/get_available_states__functions.h
[270.899s] -- Installing: /home/ubuntu/ROS2/microros_ws/install/lifecycle_msgs/include/lifecycle_msgs/srv/change_state.h
[270.901s] -- Installing: /home/ubuntu/ROS2/microros_ws/install/lifecycle_msgs/share/lifecycle_msgs/environment/library_path.sh
[270.903s] -- Installing: /home/ubuntu/ROS2/microros_ws/install/lifecycle_msgs/share/lifecycle_msgs/environment/library_path.dsv
[270.905s] -- Installing: /home/ubuntu/ROS2/microros_ws/install/lifecycle_msgs/lib/liblifecycle_msgs__rosidl_generator_c.so
[270.921s] -- Set runtime path of "/home/ubuntu/ROS2/microros_ws/install/lifecycle_msgs/lib/liblifecycle_msgs__rosidl_generator_c.so" to ""
[270.922s] -- Up-to-date: /home/ubuntu/ROS2/microros_ws/install/lifecycle_msgs/include/lifecycle_msgs
[270.923s] -- Up-to-date: /home/ubuntu/ROS2/microros_ws/install/lifecycle_msgs/include/lifecycle_msgs/msg
[270.924s] -- Installing: /home/ubuntu/ROS2/microros_ws/install/lifecycle_msgs/include/lifecycle_msgs/msg/rosidl_typesupport_microxrcedds_c__visibility_control.h
[270.924s] -- Up-to-date: /home/ubuntu/ROS2/microros_ws/install/lifecycle_msgs/include/lifecycle_msgs/msg/detail
[270.925s] -- Installing: /home/ubuntu/ROS2/microros_ws/install/lifecycle_msgs/include/lifecycle_msgs/msg/detail/transition_event__rosidl_typesupport_microxrcedds_c.h
[270.926s] -- Installing: /home/ubuntu/ROS2/microros_ws/install/lifecycle_msgs/include/lifecycle_msgs/msg/detail/state__rosidl_typesupport_microxrcedds_c.h
[270.928s] -- Installing: /home/ubuntu/ROS2/microros_ws/install/lifecycle_msgs/include/lifecycle_msgs/msg/detail/microxrcedds
[270.929s] -- Installing: /home/ubuntu/ROS2/microros_ws/install/lifecycle_msgs/include/lifecycle_msgs/msg/detail/transition__rosidl_typesupport_microxrcedds_c.h
[270.931s] -- Installing: /home/ubuntu/ROS2/microros_ws/install/lifecycle_msgs/include/lifecycle_msgs/msg/detail/transition_description__rosidl_typesupport_microxrcedds_c.h
[270.933s] -- Up-to-date: /home/ubuntu/ROS2/microros_ws/install/lifecycle_msgs/include/lifecycle_msgs/srv
[270.934s] -- Up-to-date: /home/ubuntu/ROS2/microros_ws/install/lifecycle_msgs/include/lifecycle_msgs/srv/detail
[270.935s] -- Installing: /home/ubuntu/ROS2/microros_ws/install/lifecycle_msgs/include/lifecycle_msgs/srv/detail/get_available_transitions__rosidl_typesupport_microxrcedds_c.h
[270.936s] -- Installing: /home/ubuntu/ROS2/microros_ws/install/lifecycle_msgs/include/lifecycle_msgs/srv/detail/get_available_states__rosidl_typesupport_microxrcedds_c.h
[270.938s] -- Installing: /home/ubuntu/ROS2/microros_ws/install/lifecycle_msgs/include/lifecycle_msgs/srv/detail/microxrcedds
[270.945s] -- Installing: /home/ubuntu/ROS2/microros_ws/install/lifecycle_msgs/include/lifecycle_msgs/srv/detail/change_state__rosidl_typesupport_microxrcedds_c.h
[270.946s] -- Installing: /home/ubuntu/ROS2/microros_ws/install/lifecycle_msgs/include/lifecycle_msgs/srv/detail/get_state__rosidl_typesupport_microxrcedds_c.h
[270.947s] -- Installing: /home/ubuntu/ROS2/microros_ws/install/lifecycle_msgs/lib/liblifecycle_msgs__rosidl_typesupport_microxrcedds_c.so
[270.947s] -- Set runtime path of "/home/ubuntu/ROS2/microros_ws/install/lifecycle_msgs/lib/liblifecycle_msgs__rosidl_typesupport_microxrcedds_c.so" to ""
[270.948s] -- Up-to-date: /home/ubuntu/ROS2/microros_ws/install/lifecycle_msgs/include/lifecycle_msgs
[270.955s] -- Up-to-date: /home/ubuntu/ROS2/microros_ws/install/lifecycle_msgs/include/lifecycle_msgs/msg
[270.956s] -- Installing: /home/ubuntu/ROS2/microros_ws/install/lifecycle_msgs/include/lifecycle_msgs/msg/rosidl_typesupport_fastrtps_c__visibility_control.h
[270.957s] -- Up-to-date: /home/ubuntu/ROS2/microros_ws/install/lifecycle_msgs/include/lifecycle_msgs/msg/detail
[270.957s] -- Installing: /home/ubuntu/ROS2/microros_ws/install/lifecycle_msgs/include/lifecycle_msgs/msg/detail/transition_event__rosidl_typesupport_fastrtps_c.h
[270.958s] -- Installing: /home/ubuntu/ROS2/microros_ws/install/lifecycle_msgs/include/lifecycle_msgs/msg/detail/transition_description__rosidl_typesupport_fastrtps_c.h
[270.958s] -- Installing: /home/ubuntu/ROS2/microros_ws/install/lifecycle_msgs/include/lifecycle_msgs/msg/detail/state__rosidl_typesupport_fastrtps_c.h
[270.966s] -- Installing: /home/ubuntu/ROS2/microros_ws/install/lifecycle_msgs/include/lifecycle_msgs/msg/detail/transition__rosidl_typesupport_fastrtps_c.h
[270.968s] -- Up-to-date: /home/ubuntu/ROS2/microros_ws/install/lifecycle_msgs/include/lifecycle_msgs/srv
[270.969s] -- Up-to-date: /home/ubuntu/ROS2/microros_ws/install/lifecycle_msgs/include/lifecycle_msgs/srv/detail
[270.977s] -- Installing: /home/ubuntu/ROS2/microros_ws/install/lifecycle_msgs/include/lifecycle_msgs/srv/detail/get_state__rosidl_typesupport_fastrtps_c.h
[270.978s] -- Installing: /home/ubuntu/ROS2/microros_ws/install/lifecycle_msgs/include/lifecycle_msgs/srv/detail/get_available_transitions__rosidl_typesupport_fastrtps_c.h
[270.979s] -- Installing: /home/ubuntu/ROS2/microros_ws/install/lifecycle_msgs/include/lifecycle_msgs/srv/detail/get_available_states__rosidl_typesupport_fastrtps_c.h
[270.979s] -- Installing: /home/ubuntu/ROS2/microros_ws/install/lifecycle_msgs/include/lifecycle_msgs/srv/detail/change_state__rosidl_typesupport_fastrtps_c.h
[270.980s] -- Installing: /home/ubuntu/ROS2/microros_ws/install/lifecycle_msgs/lib/liblifecycle_msgs__rosidl_typesupport_fastrtps_c.so
[270.985s] -- Set runtime path of "/home/ubuntu/ROS2/microros_ws/install/lifecycle_msgs/lib/liblifecycle_msgs__rosidl_typesupport_fastrtps_c.so" to ""
[270.998s] -- Up-to-date: /home/ubuntu/ROS2/microros_ws/install/lifecycle_msgs/include/lifecycle_msgs
[270.999s] -- Up-to-date: /home/ubuntu/ROS2/microros_ws/install/lifecycle_msgs/include/lifecycle_msgs/msg
[271.000s] -- Installing: /home/ubuntu/ROS2/microros_ws/install/lifecycle_msgs/include/lifecycle_msgs/msg/rosidl_typesupport_fastrtps_cpp__visibility_control.h
[271.001s] -- Up-to-date: /home/ubuntu/ROS2/microros_ws/install/lifecycle_msgs/include/lifecycle_msgs/msg/detail
[271.002s] -- Installing: /home/ubuntu/ROS2/microros_ws/install/lifecycle_msgs/include/lifecycle_msgs/msg/detail/state__rosidl_typesupport_fastrtps_cpp.hpp
[271.003s] -- Installing: /home/ubuntu/ROS2/microros_ws/install/lifecycle_msgs/include/lifecycle_msgs/msg/detail/transition_event__rosidl_typesupport_fastrtps_cpp.hpp
[271.005s] -- Installing: /home/ubuntu/ROS2/microros_ws/install/lifecycle_msgs/include/lifecycle_msgs/msg/detail/dds_fastrtps
[271.006s] -- Installing: /home/ubuntu/ROS2/microros_ws/install/lifecycle_msgs/include/lifecycle_msgs/msg/detail/transition_description__rosidl_typesupport_fastrtps_cpp.hpp
[271.007s] -- Installing: /home/ubuntu/ROS2/microros_ws/install/lifecycle_msgs/include/lifecycle_msgs/msg/detail/transition__rosidl_typesupport_fastrtps_cpp.hpp
[271.009s] -- Up-to-date: /home/ubuntu/ROS2/microros_ws/install/lifecycle_msgs/include/lifecycle_msgs/srv
[271.010s] -- Up-to-date: /home/ubuntu/ROS2/microros_ws/install/lifecycle_msgs/include/lifecycle_msgs/srv/detail
[271.010s] -- Installing: /home/ubuntu/ROS2/microros_ws/install/lifecycle_msgs/include/lifecycle_msgs/srv/detail/dds_fastrtps
[271.011s] -- Installing: /home/ubuntu/ROS2/microros_ws/install/lifecycle_msgs/include/lifecycle_msgs/srv/detail/get_available_transitions__rosidl_typesupport_fastrtps_cpp.hpp
[271.023s] -- Installing: /home/ubuntu/ROS2/microros_ws/install/lifecycle_msgs/include/lifecycle_msgs/srv/detail/change_state__rosidl_typesupport_fastrtps_cpp.hpp
[271.025s] -- Installing: /home/ubuntu/ROS2/microros_ws/install/lifecycle_msgs/include/lifecycle_msgs/srv/detail/get_available_states__rosidl_typesupport_fastrtps_cpp.hpp
[271.027s] -- Installing: /home/ubuntu/ROS2/microros_ws/install/lifecycle_msgs/include/lifecycle_msgs/srv/detail/get_state__rosidl_typesupport_fastrtps_cpp.hpp
[271.030s] -- Installing: /home/ubuntu/ROS2/microros_ws/install/lifecycle_msgs/lib/liblifecycle_msgs__rosidl_typesupport_fastrtps_cpp.so
[271.034s] -- Set runtime path of "/home/ubuntu/ROS2/microros_ws/install/lifecycle_msgs/lib/liblifecycle_msgs__rosidl_typesupport_fastrtps_cpp.so" to ""
[271.060s] -- Up-to-date: /home/ubuntu/ROS2/microros_ws/install/lifecycle_msgs/include/lifecycle_msgs
[271.061s] -- Up-to-date: /home/ubuntu/ROS2/microros_ws/install/lifecycle_msgs/include/lifecycle_msgs/msg
[271.061s] -- Up-to-date: /home/ubuntu/ROS2/microros_ws/install/lifecycle_msgs/include/lifecycle_msgs/msg/detail
[271.062s] -- Installing: /home/ubuntu/ROS2/microros_ws/install/lifecycle_msgs/include/lifecycle_msgs/msg/detail/transition_event__rosidl_typesupport_introspection_c.h
[271.066s] -- Installing: /home/ubuntu/ROS2/microros_ws/install/lifecycle_msgs/include/lifecycle_msgs/msg/detail/transition__type_support.c
[271.067s] -- Installing: /home/ubuntu/ROS2/microros_ws/install/lifecycle_msgs/include/lifecycle_msgs/msg/detail/transition_event__type_support.c
[271.069s] -- Installing: /home/ubuntu/ROS2/microros_ws/install/lifecycle_msgs/include/lifecycle_msgs/msg/detail/transition_description__rosidl_typesupport_introspection_c.h
[271.079s] -- Installing: /home/ubuntu/ROS2/microros_ws/install/lifecycle_msgs/include/lifecycle_msgs/msg/detail/state__rosidl_typesupport_introspection_c.h
[271.081s] -- Installing: /home/ubuntu/ROS2/microros_ws/install/lifecycle_msgs/include/lifecycle_msgs/msg/detail/transition__rosidl_typesupport_introspection_c.h
[271.082s] -- Installing: /home/ubuntu/ROS2/microros_ws/install/lifecycle_msgs/include/lifecycle_msgs/msg/detail/state__type_support.c
[271.091s] -- Installing: /home/ubuntu/ROS2/microros_ws/install/lifecycle_msgs/include/lifecycle_msgs/msg/detail/transition_description__type_support.c
[271.092s] -- Installing: /home/ubuntu/ROS2/microros_ws/install/lifecycle_msgs/include/lifecycle_msgs/msg/rosidl_typesupport_introspection_c__visibility_control.h
[271.094s] -- Up-to-date: /home/ubuntu/ROS2/microros_ws/install/lifecycle_msgs/include/lifecycle_msgs/srv
[271.095s] -- Up-to-date: /home/ubuntu/ROS2/microros_ws/install/lifecycle_msgs/include/lifecycle_msgs/srv/detail
[271.102s] -- Installing: /home/ubuntu/ROS2/microros_ws/install/lifecycle_msgs/include/lifecycle_msgs/srv/detail/get_state__rosidl_typesupport_introspection_c.h
[271.104s] -- Installing: /home/ubuntu/ROS2/microros_ws/install/lifecycle_msgs/include/lifecycle_msgs/srv/detail/get_available_states__type_support.c
[271.105s] -- Installing: /home/ubuntu/ROS2/microros_ws/install/lifecycle_msgs/include/lifecycle_msgs/srv/detail/get_available_states__rosidl_typesupport_introspection_c.h
[271.115s] -- Installing: /home/ubuntu/ROS2/microros_ws/install/lifecycle_msgs/include/lifecycle_msgs/srv/detail/change_state__rosidl_typesupport_introspection_c.h
[271.117s] -- Installing: /home/ubuntu/ROS2/microros_ws/install/lifecycle_msgs/include/lifecycle_msgs/srv/detail/get_state__type_support.c
[271.118s] -- Installing: /home/ubuntu/ROS2/microros_ws/install/lifecycle_msgs/include/lifecycle_msgs/srv/detail/get_available_transitions__type_support.c
[271.124s] -- Installing: /home/ubuntu/ROS2/microros_ws/install/lifecycle_msgs/include/lifecycle_msgs/srv/detail/get_available_transitions__rosidl_typesupport_introspection_c.h
[271.125s] -- Installing: /home/ubuntu/ROS2/microros_ws/install/lifecycle_msgs/include/lifecycle_msgs/srv/detail/change_state__type_support.c
[271.135s] -- Installing: /home/ubuntu/ROS2/microros_ws/install/lifecycle_msgs/lib/liblifecycle_msgs__rosidl_typesupport_introspection_c.so
[271.138s] -- Set runtime path of "/home/ubuntu/ROS2/microros_ws/install/lifecycle_msgs/lib/liblifecycle_msgs__rosidl_typesupport_introspection_c.so" to ""
[271.139s] -- Installing: /home/ubuntu/ROS2/microros_ws/install/lifecycle_msgs/lib/liblifecycle_msgs__rosidl_typesupport_c.so
[271.163s] -- Set runtime path of "/home/ubuntu/ROS2/microros_ws/install/lifecycle_msgs/lib/liblifecycle_msgs__rosidl_typesupport_c.so" to ""
[271.164s] -- Up-to-date: /home/ubuntu/ROS2/microros_ws/install/lifecycle_msgs/include/lifecycle_msgs
[271.164s] -- Up-to-date: /home/ubuntu/ROS2/microros_ws/install/lifecycle_msgs/include/lifecycle_msgs/msg
[271.165s] -- Installing: /home/ubuntu/ROS2/microros_ws/install/lifecycle_msgs/include/lifecycle_msgs/msg/transition_description.hpp
[271.166s] -- Installing: /home/ubuntu/ROS2/microros_ws/install/lifecycle_msgs/include/lifecycle_msgs/msg/transition.hpp
[271.166s] -- Installing: /home/ubuntu/ROS2/microros_ws/install/lifecycle_msgs/include/lifecycle_msgs/msg/state.hpp
[271.174s] -- Up-to-date: /home/ubuntu/ROS2/microros_ws/install/lifecycle_msgs/include/lifecycle_msgs/msg/detail
[271.174s] -- Installing: /home/ubuntu/ROS2/microros_ws/install/lifecycle_msgs/include/lifecycle_msgs/msg/detail/state__type_support.hpp
[271.175s] -- Installing: /home/ubuntu/ROS2/microros_ws/install/lifecycle_msgs/include/lifecycle_msgs/msg/detail/state__traits.hpp
[271.176s] -- Installing: /home/ubuntu/ROS2/microros_ws/install/lifecycle_msgs/include/lifecycle_msgs/msg/detail/transition_event__struct.hpp
[271.178s] -- Installing: /home/ubuntu/ROS2/microros_ws/install/lifecycle_msgs/include/lifecycle_msgs/msg/detail/transition_description__builder.hpp
[271.179s] -- Installing: /home/ubuntu/ROS2/microros_ws/install/lifecycle_msgs/include/lifecycle_msgs/msg/detail/transition__traits.hpp
[271.191s] -- Installing: /home/ubuntu/ROS2/microros_ws/install/lifecycle_msgs/include/lifecycle_msgs/msg/detail/state__struct.hpp
[271.192s] -- Installing: /home/ubuntu/ROS2/microros_ws/install/lifecycle_msgs/include/lifecycle_msgs/msg/detail/transition_description__traits.hpp
[271.193s] -- Installing: /home/ubuntu/ROS2/microros_ws/install/lifecycle_msgs/include/lifecycle_msgs/msg/detail/transition__type_support.hpp
[271.194s] -- Installing: /home/ubuntu/ROS2/microros_ws/install/lifecycle_msgs/include/lifecycle_msgs/msg/detail/transition_description__type_support.hpp
[271.195s] -- Installing: /home/ubuntu/ROS2/microros_ws/install/lifecycle_msgs/include/lifecycle_msgs/msg/detail/state__builder.hpp
[271.196s] -- Installing: /home/ubuntu/ROS2/microros_ws/install/lifecycle_msgs/include/lifecycle_msgs/msg/detail/transition_event__traits.hpp
[271.197s] -- Installing: /home/ubuntu/ROS2/microros_ws/install/lifecycle_msgs/include/lifecycle_msgs/msg/detail/transition_event__type_support.hpp
[271.199s] -- Installing: /home/ubuntu/ROS2/microros_ws/install/lifecycle_msgs/include/lifecycle_msgs/msg/detail/transition_event__builder.hpp
[271.200s] -- Installing: /home/ubuntu/ROS2/microros_ws/install/lifecycle_msgs/include/lifecycle_msgs/msg/detail/transition__struct.hpp
[271.201s] -- Installing: /home/ubuntu/ROS2/microros_ws/install/lifecycle_msgs/include/lifecycle_msgs/msg/detail/transition__builder.hpp
[271.210s] -- Installing: /home/ubuntu/ROS2/microros_ws/install/lifecycle_msgs/include/lifecycle_msgs/msg/detail/transition_description__struct.hpp
[271.212s] -- Installing: /home/ubuntu/ROS2/microros_ws/install/lifecycle_msgs/include/lifecycle_msgs/msg/transition_event.hpp
[271.219s] -- Installing: /home/ubuntu/ROS2/microros_ws/install/lifecycle_msgs/include/lifecycle_msgs/msg/rosidl_generator_cpp__visibility_control.hpp
[271.220s] -- Up-to-date: /home/ubuntu/ROS2/microros_ws/install/lifecycle_msgs/include/lifecycle_msgs/srv
[271.221s] -- Installing: /home/ubuntu/ROS2/microros_ws/install/lifecycle_msgs/include/lifecycle_msgs/srv/get_state.hpp
[271.222s] -- Installing: /home/ubuntu/ROS2/microros_ws/install/lifecycle_msgs/include/lifecycle_msgs/srv/change_state.hpp
[271.223s] -- Installing: /home/ubuntu/ROS2/microros_ws/install/lifecycle_msgs/include/lifecycle_msgs/srv/get_available_transitions.hpp
[271.224s] -- Up-to-date: /home/ubuntu/ROS2/microros_ws/install/lifecycle_msgs/include/lifecycle_msgs/srv/detail
[271.225s] -- Installing: /home/ubuntu/ROS2/microros_ws/install/lifecycle_msgs/include/lifecycle_msgs/srv/detail/get_state__type_support.hpp
[271.226s] -- Installing: /home/ubuntu/ROS2/microros_ws/install/lifecycle_msgs/include/lifecycle_msgs/srv/detail/get_available_transitions__type_support.hpp
[271.234s] -- Installing: /home/ubuntu/ROS2/microros_ws/install/lifecycle_msgs/include/lifecycle_msgs/srv/detail/get_state__struct.hpp
[271.235s] -- Installing: /home/ubuntu/ROS2/microros_ws/install/lifecycle_msgs/include/lifecycle_msgs/srv/detail/get_state__traits.hpp
[271.236s] -- Installing: /home/ubuntu/ROS2/microros_ws/install/lifecycle_msgs/include/lifecycle_msgs/srv/detail/get_available_transitions__builder.hpp
[271.237s] -- Installing: /home/ubuntu/ROS2/microros_ws/install/lifecycle_msgs/include/lifecycle_msgs/srv/detail/change_state__traits.hpp
[271.247s] -- Installing: /home/ubuntu/ROS2/microros_ws/install/lifecycle_msgs/include/lifecycle_msgs/srv/detail/get_available_transitions__struct.hpp
[271.248s] -- Installing: /home/ubuntu/ROS2/microros_ws/install/lifecycle_msgs/include/lifecycle_msgs/srv/detail/get_available_states__builder.hpp
[271.252s] -- Installing: /home/ubuntu/ROS2/microros_ws/install/lifecycle_msgs/include/lifecycle_msgs/srv/detail/change_state__struct.hpp
[271.258s] -- Installing: /home/ubuntu/ROS2/microros_ws/install/lifecycle_msgs/include/lifecycle_msgs/srv/detail/get_available_states__type_support.hpp
[271.258s] -- Installing: /home/ubuntu/ROS2/microros_ws/install/lifecycle_msgs/include/lifecycle_msgs/srv/detail/change_state__builder.hpp
[271.259s] -- Installing: /home/ubuntu/ROS2/microros_ws/install/lifecycle_msgs/include/lifecycle_msgs/srv/detail/get_available_transitions__traits.hpp
[271.260s] -- Installing: /home/ubuntu/ROS2/microros_ws/install/lifecycle_msgs/include/lifecycle_msgs/srv/detail/change_state__type_support.hpp
[271.268s] -- Installing: /home/ubuntu/ROS2/microros_ws/install/lifecycle_msgs/include/lifecycle_msgs/srv/detail/get_state__builder.hpp
[271.268s] -- Installing: /home/ubuntu/ROS2/microros_ws/install/lifecycle_msgs/include/lifecycle_msgs/srv/detail/get_available_states__traits.hpp
[271.269s] -- Installing: /home/ubuntu/ROS2/microros_ws/install/lifecycle_msgs/include/lifecycle_msgs/srv/detail/get_available_states__struct.hpp
[271.270s] -- Installing: /home/ubuntu/ROS2/microros_ws/install/lifecycle_msgs/include/lifecycle_msgs/srv/get_available_states.hpp
[271.270s] -- Up-to-date: /home/ubuntu/ROS2/microros_ws/install/lifecycle_msgs/include/lifecycle_msgs
[271.271s] -- Up-to-date: /home/ubuntu/ROS2/microros_ws/install/lifecycle_msgs/include/lifecycle_msgs/msg
[271.272s] -- Up-to-date: /home/ubuntu/ROS2/microros_ws/install/lifecycle_msgs/include/lifecycle_msgs/msg/detail
[271.273s] -- Installing: /home/ubuntu/ROS2/microros_ws/install/lifecycle_msgs/include/lifecycle_msgs/msg/detail/transition__rosidl_typesupport_microxrcedds_cpp.hpp
[271.275s] -- Installing: /home/ubuntu/ROS2/microros_ws/install/lifecycle_msgs/include/lifecycle_msgs/msg/detail/transition_event__rosidl_typesupport_microxrcedds_cpp.hpp
[271.277s] -- Installing: /home/ubuntu/ROS2/microros_ws/install/lifecycle_msgs/include/lifecycle_msgs/msg/detail/transition_description__rosidl_typesupport_microxrcedds_cpp.hpp
[271.278s] -- Up-to-date: /home/ubuntu/ROS2/microros_ws/install/lifecycle_msgs/include/lifecycle_msgs/msg/detail/microxrcedds
[271.281s] -- Installing: /home/ubuntu/ROS2/microros_ws/install/lifecycle_msgs/include/lifecycle_msgs/msg/detail/microxrcedds/transition_event__type_support_cpp.cpp
[271.282s] -- Installing: /home/ubuntu/ROS2/microros_ws/install/lifecycle_msgs/include/lifecycle_msgs/msg/detail/microxrcedds/state__type_support_cpp.cpp
[271.285s] -- Installing: /home/ubuntu/ROS2/microros_ws/install/lifecycle_msgs/include/lifecycle_msgs/msg/detail/microxrcedds/transition__type_support_cpp.cpp
[271.286s] -- Installing: /home/ubuntu/ROS2/microros_ws/install/lifecycle_msgs/include/lifecycle_msgs/msg/detail/microxrcedds/transition_description__type_support_cpp.cpp
[271.287s] -- Installing: /home/ubuntu/ROS2/microros_ws/install/lifecycle_msgs/include/lifecycle_msgs/msg/detail/state__rosidl_typesupport_microxrcedds_cpp.hpp
[271.287s] -- Installing: /home/ubuntu/ROS2/microros_ws/install/lifecycle_msgs/include/lifecycle_msgs/msg/rosidl_typesupport_microxrcedds_cpp__visibility_control.h
[271.290s] -- Up-to-date: /home/ubuntu/ROS2/microros_ws/install/lifecycle_msgs/include/lifecycle_msgs/srv
[271.293s] -- Up-to-date: /home/ubuntu/ROS2/microros_ws/install/lifecycle_msgs/include/lifecycle_msgs/srv/detail
[271.293s] -- Installing: /home/ubuntu/ROS2/microros_ws/install/lifecycle_msgs/include/lifecycle_msgs/srv/detail/change_state__rosidl_typesupport_microxrcedds_cpp.hpp
[271.294s] -- Installing: /home/ubuntu/ROS2/microros_ws/install/lifecycle_msgs/include/lifecycle_msgs/srv/detail/get_available_states__rosidl_typesupport_microxrcedds_cpp.hpp
[271.294s] -- Up-to-date: /home/ubuntu/ROS2/microros_ws/install/lifecycle_msgs/include/lifecycle_msgs/srv/detail/microxrcedds
[271.295s] -- Installing: /home/ubuntu/ROS2/microros_ws/install/lifecycle_msgs/include/lifecycle_msgs/srv/detail/microxrcedds/get_available_transitions__type_support_cpp.cpp
[271.295s] -- Installing: /home/ubuntu/ROS2/microros_ws/install/lifecycle_msgs/include/lifecycle_msgs/srv/detail/microxrcedds/change_state__type_support_cpp.cpp
[271.309s] -- Installing: /home/ubuntu/ROS2/microros_ws/install/lifecycle_msgs/include/lifecycle_msgs/srv/detail/microxrcedds/get_state__type_support_cpp.cpp
[271.310s] -- Installing: /home/ubuntu/ROS2/microros_ws/install/lifecycle_msgs/include/lifecycle_msgs/srv/detail/microxrcedds/get_available_states__type_support_cpp.cpp
[271.310s] -- Installing: /home/ubuntu/ROS2/microros_ws/install/lifecycle_msgs/include/lifecycle_msgs/srv/detail/get_available_transitions__rosidl_typesupport_microxrcedds_cpp.hpp
[271.311s] -- Installing: /home/ubuntu/ROS2/microros_ws/install/lifecycle_msgs/include/lifecycle_msgs/srv/detail/get_state__rosidl_typesupport_microxrcedds_cpp.hpp
[271.312s] -- Installing: /home/ubuntu/ROS2/microros_ws/install/lifecycle_msgs/lib/liblifecycle_msgs__rosidl_typesupport_microxrcedds_cpp.so
[271.312s] -- Set runtime path of "/home/ubuntu/ROS2/microros_ws/install/lifecycle_msgs/lib/liblifecycle_msgs__rosidl_typesupport_microxrcedds_cpp.so" to ""
[271.313s] -- Up-to-date: /home/ubuntu/ROS2/microros_ws/install/lifecycle_msgs/include/lifecycle_msgs
[271.314s] -- Up-to-date: /home/ubuntu/ROS2/microros_ws/install/lifecycle_msgs/include/lifecycle_msgs/msg
[271.314s] -- Up-to-date: /home/ubuntu/ROS2/microros_ws/install/lifecycle_msgs/include/lifecycle_msgs/msg/detail
[271.315s] -- Installing: /home/ubuntu/ROS2/microros_ws/install/lifecycle_msgs/include/lifecycle_msgs/msg/detail/transition_description__type_support.cpp
[271.316s] -- Installing: /home/ubuntu/ROS2/microros_ws/install/lifecycle_msgs/include/lifecycle_msgs/msg/detail/state__type_support.cpp
[271.316s] -- Installing: /home/ubuntu/ROS2/microros_ws/install/lifecycle_msgs/include/lifecycle_msgs/msg/detail/transition__type_support.cpp
[271.326s] -- Installing: /home/ubuntu/ROS2/microros_ws/install/lifecycle_msgs/include/lifecycle_msgs/msg/detail/transition__rosidl_typesupport_introspection_cpp.hpp
[271.327s] -- Installing: /home/ubuntu/ROS2/microros_ws/install/lifecycle_msgs/include/lifecycle_msgs/msg/detail/transition_event__rosidl_typesupport_introspection_cpp.hpp
[271.328s] -- Installing: /home/ubuntu/ROS2/microros_ws/install/lifecycle_msgs/include/lifecycle_msgs/msg/detail/transition_event__type_support.cpp
[271.328s] -- Installing: /home/ubuntu/ROS2/microros_ws/install/lifecycle_msgs/include/lifecycle_msgs/msg/detail/transition_description__rosidl_typesupport_introspection_cpp.hpp
[271.329s] -- Installing: /home/ubuntu/ROS2/microros_ws/install/lifecycle_msgs/include/lifecycle_msgs/msg/detail/state__rosidl_typesupport_introspection_cpp.hpp
[271.329s] -- Up-to-date: /home/ubuntu/ROS2/microros_ws/install/lifecycle_msgs/include/lifecycle_msgs/srv
[271.330s] -- Up-to-date: /home/ubuntu/ROS2/microros_ws/install/lifecycle_msgs/include/lifecycle_msgs/srv/detail
[271.331s] -- Installing: /home/ubuntu/ROS2/microros_ws/install/lifecycle_msgs/include/lifecycle_msgs/srv/detail/get_available_states__rosidl_typesupport_introspection_cpp.hpp
[271.332s] -- Installing: /home/ubuntu/ROS2/microros_ws/install/lifecycle_msgs/include/lifecycle_msgs/srv/detail/get_state__rosidl_typesupport_introspection_cpp.hpp
[271.332s] -- Installing: /home/ubuntu/ROS2/microros_ws/install/lifecycle_msgs/include/lifecycle_msgs/srv/detail/change_state__type_support.cpp
[271.333s] -- Installing: /home/ubuntu/ROS2/microros_ws/install/lifecycle_msgs/include/lifecycle_msgs/srv/detail/get_available_states__type_support.cpp
[271.333s] -- Installing: /home/ubuntu/ROS2/microros_ws/install/lifecycle_msgs/include/lifecycle_msgs/srv/detail/get_state__type_support.cpp
[271.335s] -- Installing: /home/ubuntu/ROS2/microros_ws/install/lifecycle_msgs/include/lifecycle_msgs/srv/detail/get_available_transitions__type_support.cpp
[271.336s] -- Installing: /home/ubuntu/ROS2/microros_ws/install/lifecycle_msgs/include/lifecycle_msgs/srv/detail/change_state__rosidl_typesupport_introspection_cpp.hpp
[271.342s] -- Installing: /home/ubuntu/ROS2/microros_ws/install/lifecycle_msgs/include/lifecycle_msgs/srv/detail/get_available_transitions__rosidl_typesupport_introspection_cpp.hpp
[271.343s] -- Installing: /home/ubuntu/ROS2/microros_ws/install/lifecycle_msgs/lib/liblifecycle_msgs__rosidl_typesupport_introspection_cpp.so
[271.343s] -- Set runtime path of "/home/ubuntu/ROS2/microros_ws/install/lifecycle_msgs/lib/liblifecycle_msgs__rosidl_typesupport_introspection_cpp.so" to ""
[271.344s] -- Installing: /home/ubuntu/ROS2/microros_ws/install/lifecycle_msgs/lib/liblifecycle_msgs__rosidl_typesupport_cpp.so
[271.345s] -- Set runtime path of "/home/ubuntu/ROS2/microros_ws/install/lifecycle_msgs/lib/liblifecycle_msgs__rosidl_typesupport_cpp.so" to ""
[271.346s] -- Installing: /home/ubuntu/ROS2/microros_ws/install/lifecycle_msgs/share/lifecycle_msgs/environment/pythonpath.sh
[271.346s] -- Installing: /home/ubuntu/ROS2/microros_ws/install/lifecycle_msgs/share/lifecycle_msgs/environment/pythonpath.dsv
[271.347s] -- Installing: /home/ubuntu/ROS2/microros_ws/install/lifecycle_msgs/lib/python3.8/site-packages/lifecycle_msgs/__init__.py
[271.639s] Compiling '/home/ubuntu/ROS2/microros_ws/install/lifecycle_msgs/lib/python3.8/site-packages/lifecycle_msgs/__init__.py'...
[271.687s] -- Installing: /home/ubuntu/ROS2/microros_ws/install/lifecycle_msgs/lib/python3.8/site-packages/lifecycle_msgs/msg
[271.690s] -- Installing: /home/ubuntu/ROS2/microros_ws/install/lifecycle_msgs/lib/python3.8/site-packages/lifecycle_msgs/msg/_state_s.c
[271.690s] -- Installing: /home/ubuntu/ROS2/microros_ws/install/lifecycle_msgs/lib/python3.8/site-packages/lifecycle_msgs/msg/_transition_description_s.c
[271.693s] -- Installing: /home/ubuntu/ROS2/microros_ws/install/lifecycle_msgs/lib/python3.8/site-packages/lifecycle_msgs/msg/_state.py
[271.696s] -- Installing: /home/ubuntu/ROS2/microros_ws/install/lifecycle_msgs/lib/python3.8/site-packages/lifecycle_msgs/msg/_transition_s.c
[271.697s] -- Installing: /home/ubuntu/ROS2/microros_ws/install/lifecycle_msgs/lib/python3.8/site-packages/lifecycle_msgs/msg/_transition_event_s.c
[271.700s] -- Installing: /home/ubuntu/ROS2/microros_ws/install/lifecycle_msgs/lib/python3.8/site-packages/lifecycle_msgs/msg/_transition_event.py
[271.701s] -- Installing: /home/ubuntu/ROS2/microros_ws/install/lifecycle_msgs/lib/python3.8/site-packages/lifecycle_msgs/msg/_transition_description.py
[271.703s] -- Installing: /home/ubuntu/ROS2/microros_ws/install/lifecycle_msgs/lib/python3.8/site-packages/lifecycle_msgs/msg/_transition.py
[271.705s] -- Installing: /home/ubuntu/ROS2/microros_ws/install/lifecycle_msgs/lib/python3.8/site-packages/lifecycle_msgs/msg/__init__.py
[271.718s] -- Installing: /home/ubuntu/ROS2/microros_ws/install/lifecycle_msgs/lib/python3.8/site-packages/lifecycle_msgs/srv
[271.719s] -- Installing: /home/ubuntu/ROS2/microros_ws/install/lifecycle_msgs/lib/python3.8/site-packages/lifecycle_msgs/srv/_get_available_states.py
[271.719s] -- Installing: /home/ubuntu/ROS2/microros_ws/install/lifecycle_msgs/lib/python3.8/site-packages/lifecycle_msgs/srv/_get_available_states_s.c
[271.723s] -- Installing: /home/ubuntu/ROS2/microros_ws/install/lifecycle_msgs/lib/python3.8/site-packages/lifecycle_msgs/srv/_change_state.py
[271.723s] -- Installing: /home/ubuntu/ROS2/microros_ws/install/lifecycle_msgs/lib/python3.8/site-packages/lifecycle_msgs/srv/_get_state.py
[271.726s] -- Installing: /home/ubuntu/ROS2/microros_ws/install/lifecycle_msgs/lib/python3.8/site-packages/lifecycle_msgs/srv/_change_state_s.c
[271.726s] -- Installing: /home/ubuntu/ROS2/microros_ws/install/lifecycle_msgs/lib/python3.8/site-packages/lifecycle_msgs/srv/_get_available_transitions_s.c
[271.727s] -- Installing: /home/ubuntu/ROS2/microros_ws/install/lifecycle_msgs/lib/python3.8/site-packages/lifecycle_msgs/srv/_get_available_transitions.py
[271.728s] -- Installing: /home/ubuntu/ROS2/microros_ws/install/lifecycle_msgs/lib/python3.8/site-packages/lifecycle_msgs/srv/_get_state_s.c
[271.728s] -- Installing: /home/ubuntu/ROS2/microros_ws/install/lifecycle_msgs/lib/python3.8/site-packages/lifecycle_msgs/srv/__init__.py
[271.734s] -- Installing: /home/ubuntu/ROS2/microros_ws/install/lifecycle_msgs/lib/python3.8/site-packages/lifecycle_msgs/lifecycle_msgs_s__rosidl_typesupport_microxrcedds_c.cpython-38-aarch64-linux-gnu.so
[271.741s] -- Set runtime path of "/home/ubuntu/ROS2/microros_ws/install/lifecycle_msgs/lib/python3.8/site-packages/lifecycle_msgs/lifecycle_msgs_s__rosidl_typesupport_microxrcedds_c.cpython-38-aarch64-linux-gnu.so" to ""
[271.744s] -- Installing: /home/ubuntu/ROS2/microros_ws/install/lifecycle_msgs/lib/python3.8/site-packages/lifecycle_msgs/lifecycle_msgs_s__rosidl_typesupport_fastrtps_c.cpython-38-aarch64-linux-gnu.so
[271.745s] -- Set runtime path of "/home/ubuntu/ROS2/microros_ws/install/lifecycle_msgs/lib/python3.8/site-packages/lifecycle_msgs/lifecycle_msgs_s__rosidl_typesupport_fastrtps_c.cpython-38-aarch64-linux-gnu.so" to ""
[271.748s] -- Installing: /home/ubuntu/ROS2/microros_ws/install/lifecycle_msgs/lib/python3.8/site-packages/lifecycle_msgs/lifecycle_msgs_s__rosidl_typesupport_introspection_c.cpython-38-aarch64-linux-gnu.so
[271.749s] -- Set runtime path of "/home/ubuntu/ROS2/microros_ws/install/lifecycle_msgs/lib/python3.8/site-packages/lifecycle_msgs/lifecycle_msgs_s__rosidl_typesupport_introspection_c.cpython-38-aarch64-linux-gnu.so" to ""
[271.750s] -- Installing: /home/ubuntu/ROS2/microros_ws/install/lifecycle_msgs/lib/python3.8/site-packages/lifecycle_msgs/lifecycle_msgs_s__rosidl_typesupport_c.cpython-38-aarch64-linux-gnu.so
[271.757s] -- Set runtime path of "/home/ubuntu/ROS2/microros_ws/install/lifecycle_msgs/lib/python3.8/site-packages/lifecycle_msgs/lifecycle_msgs_s__rosidl_typesupport_c.cpython-38-aarch64-linux-gnu.so" to ""
[271.758s] -- Installing: /home/ubuntu/ROS2/microros_ws/install/lifecycle_msgs/lib/liblifecycle_msgs__python.so
[271.759s] -- Set runtime path of "/home/ubuntu/ROS2/microros_ws/install/lifecycle_msgs/lib/liblifecycle_msgs__python.so" to ""
[271.766s] -- Installing: /home/ubuntu/ROS2/microros_ws/install/lifecycle_msgs/share/lifecycle_msgs/msg/State.idl
[271.768s] -- Installing: /home/ubuntu/ROS2/microros_ws/install/lifecycle_msgs/share/lifecycle_msgs/msg/Transition.idl
[271.768s] -- Installing: /home/ubuntu/ROS2/microros_ws/install/lifecycle_msgs/share/lifecycle_msgs/msg/TransitionDescription.idl
[271.769s] -- Installing: /home/ubuntu/ROS2/microros_ws/install/lifecycle_msgs/share/lifecycle_msgs/msg/TransitionEvent.idl
[271.770s] -- Installing: /home/ubuntu/ROS2/microros_ws/install/lifecycle_msgs/share/lifecycle_msgs/srv/ChangeState.idl
[271.770s] -- Installing: /home/ubuntu/ROS2/microros_ws/install/lifecycle_msgs/share/lifecycle_msgs/srv/GetAvailableStates.idl
[271.770s] -- Installing: /home/ubuntu/ROS2/microros_ws/install/lifecycle_msgs/share/lifecycle_msgs/srv/GetAvailableTransitions.idl
[271.771s] -- Installing: /home/ubuntu/ROS2/microros_ws/install/lifecycle_msgs/share/lifecycle_msgs/srv/GetState.idl
[271.789s] -- Installing: /home/ubuntu/ROS2/microros_ws/install/lifecycle_msgs/share/lifecycle_msgs/msg/State.msg
[271.790s] -- Installing: /home/ubuntu/ROS2/microros_ws/install/lifecycle_msgs/share/lifecycle_msgs/msg/Transition.msg
[271.793s] -- Installing: /home/ubuntu/ROS2/microros_ws/install/lifecycle_msgs/share/lifecycle_msgs/msg/TransitionDescription.msg
[271.793s] -- Installing: /home/ubuntu/ROS2/microros_ws/install/lifecycle_msgs/share/lifecycle_msgs/msg/TransitionEvent.msg
[271.794s] -- Installing: /home/ubuntu/ROS2/microros_ws/install/lifecycle_msgs/share/lifecycle_msgs/srv/ChangeState.srv
[271.797s] -- Installing: /home/ubuntu/ROS2/microros_ws/install/lifecycle_msgs/share/lifecycle_msgs/srv/ChangeState_Request.msg
[271.798s] -- Installing: /home/ubuntu/ROS2/microros_ws/install/lifecycle_msgs/share/lifecycle_msgs/srv/ChangeState_Response.msg
[271.798s] -- Installing: /home/ubuntu/ROS2/microros_ws/install/lifecycle_msgs/share/lifecycle_msgs/srv/GetAvailableStates.srv
[271.799s] -- Installing: /home/ubuntu/ROS2/microros_ws/install/lifecycle_msgs/share/lifecycle_msgs/srv/GetAvailableStates_Request.msg
[271.803s] -- Installing: /home/ubuntu/ROS2/microros_ws/install/lifecycle_msgs/share/lifecycle_msgs/srv/GetAvailableStates_Response.msg
[271.804s] -- Installing: /home/ubuntu/ROS2/microros_ws/install/lifecycle_msgs/share/lifecycle_msgs/srv/GetAvailableTransitions.srv
[271.805s] -- Installing: /home/ubuntu/ROS2/microros_ws/install/lifecycle_msgs/share/lifecycle_msgs/srv/GetAvailableTransitions_Request.msg
[271.813s] -- Installing: /home/ubuntu/ROS2/microros_ws/install/lifecycle_msgs/share/lifecycle_msgs/srv/GetAvailableTransitions_Response.msg
[271.813s] -- Installing: /home/ubuntu/ROS2/microros_ws/install/lifecycle_msgs/share/lifecycle_msgs/srv/GetState.srv
[271.819s] -- Installing: /home/ubuntu/ROS2/microros_ws/install/lifecycle_msgs/share/lifecycle_msgs/srv/GetState_Request.msg
[271.820s] -- Installing: /home/ubuntu/ROS2/microros_ws/install/lifecycle_msgs/share/lifecycle_msgs/srv/GetState_Response.msg
[271.820s] -- Installing: /home/ubuntu/ROS2/microros_ws/install/lifecycle_msgs/share/ament_index/resource_index/package_run_dependencies/lifecycle_msgs
[271.821s] -- Installing: /home/ubuntu/ROS2/microros_ws/install/lifecycle_msgs/share/ament_index/resource_index/parent_prefix_path/lifecycle_msgs
[271.822s] -- Installing: /home/ubuntu/ROS2/microros_ws/install/lifecycle_msgs/share/lifecycle_msgs/environment/ament_prefix_path.sh
[271.822s] -- Installing: /home/ubuntu/ROS2/microros_ws/install/lifecycle_msgs/share/lifecycle_msgs/environment/ament_prefix_path.dsv
[271.829s] -- Installing: /home/ubuntu/ROS2/microros_ws/install/lifecycle_msgs/share/lifecycle_msgs/environment/path.sh
[271.830s] -- Installing: /home/ubuntu/ROS2/microros_ws/install/lifecycle_msgs/share/lifecycle_msgs/environment/path.dsv
[271.831s] -- Installing: /home/ubuntu/ROS2/microros_ws/install/lifecycle_msgs/share/lifecycle_msgs/local_setup.bash
[271.832s] -- Installing: /home/ubuntu/ROS2/microros_ws/install/lifecycle_msgs/share/lifecycle_msgs/local_setup.sh
[271.833s] -- Installing: /home/ubuntu/ROS2/microros_ws/install/lifecycle_msgs/share/lifecycle_msgs/local_setup.zsh
[271.834s] -- Installing: /home/ubuntu/ROS2/microros_ws/install/lifecycle_msgs/share/lifecycle_msgs/local_setup.dsv
[271.834s] -- Installing: /home/ubuntu/ROS2/microros_ws/install/lifecycle_msgs/share/lifecycle_msgs/package.dsv
[271.835s] -- Installing: /home/ubuntu/ROS2/microros_ws/install/lifecycle_msgs/share/ament_index/resource_index/packages/lifecycle_msgs
[271.845s] -- Installing: /home/ubuntu/ROS2/microros_ws/install/lifecycle_msgs/share/lifecycle_msgs/cmake/lifecycle_msgs__rosidl_generator_cExport.cmake
[271.846s] -- Installing: /home/ubuntu/ROS2/microros_ws/install/lifecycle_msgs/share/lifecycle_msgs/cmake/lifecycle_msgs__rosidl_generator_cExport-noconfig.cmake
[271.846s] -- Installing: /home/ubuntu/ROS2/microros_ws/install/lifecycle_msgs/share/lifecycle_msgs/cmake/lifecycle_msgs__rosidl_typesupport_introspection_cExport.cmake
[271.847s] -- Installing: /home/ubuntu/ROS2/microros_ws/install/lifecycle_msgs/share/lifecycle_msgs/cmake/lifecycle_msgs__rosidl_typesupport_introspection_cExport-noconfig.cmake
[271.847s] -- Installing: /home/ubuntu/ROS2/microros_ws/install/lifecycle_msgs/share/lifecycle_msgs/cmake/lifecycle_msgs__rosidl_typesupport_cExport.cmake
[271.852s] -- Installing: /home/ubuntu/ROS2/microros_ws/install/lifecycle_msgs/share/lifecycle_msgs/cmake/lifecycle_msgs__rosidl_typesupport_cExport-noconfig.cmake
[271.855s] -- Installing: /home/ubuntu/ROS2/microros_ws/install/lifecycle_msgs/share/lifecycle_msgs/cmake/lifecycle_msgs__rosidl_generator_cppExport.cmake
[271.876s] -- Installing: /home/ubuntu/ROS2/microros_ws/install/lifecycle_msgs/share/lifecycle_msgs/cmake/lifecycle_msgs__rosidl_typesupport_introspection_cppExport.cmake
[271.879s] -- Installing: /home/ubuntu/ROS2/microros_ws/install/lifecycle_msgs/share/lifecycle_msgs/cmake/lifecycle_msgs__rosidl_typesupport_introspection_cppExport-noconfig.cmake
[271.885s] -- Installing: /home/ubuntu/ROS2/microros_ws/install/lifecycle_msgs/share/lifecycle_msgs/cmake/lifecycle_msgs__rosidl_typesupport_cppExport.cmake
[271.890s] -- Installing: /home/ubuntu/ROS2/microros_ws/install/lifecycle_msgs/share/lifecycle_msgs/cmake/lifecycle_msgs__rosidl_typesupport_cppExport-noconfig.cmake
[271.891s] -- Installing: /home/ubuntu/ROS2/microros_ws/install/lifecycle_msgs/share/lifecycle_msgs/cmake/rosidl_cmake-extras.cmake
[271.895s] -- Installing: /home/ubuntu/ROS2/microros_ws/install/lifecycle_msgs/share/lifecycle_msgs/cmake/ament_cmake_export_dependencies-extras.cmake
[271.897s] -- Installing: /home/ubuntu/ROS2/microros_ws/install/lifecycle_msgs/share/lifecycle_msgs/cmake/ament_cmake_export_libraries-extras.cmake
[271.901s] -- Installing: /home/ubuntu/ROS2/microros_ws/install/lifecycle_msgs/share/lifecycle_msgs/cmake/ament_cmake_export_targets-extras.cmake
[271.904s] -- Installing: /home/ubuntu/ROS2/microros_ws/install/lifecycle_msgs/share/lifecycle_msgs/cmake/ament_cmake_export_include_directories-extras.cmake
[271.907s] -- Installing: /home/ubuntu/ROS2/microros_ws/install/lifecycle_msgs/share/lifecycle_msgs/cmake/rosidl_cmake_export_typesupport_libraries-extras.cmake
[271.917s] -- Installing: /home/ubuntu/ROS2/microros_ws/install/lifecycle_msgs/share/lifecycle_msgs/cmake/rosidl_cmake_export_typesupport_targets-extras.cmake
[271.918s] -- Installing: /home/ubuntu/ROS2/microros_ws/install/lifecycle_msgs/share/lifecycle_msgs/cmake/lifecycle_msgsConfig.cmake
[271.918s] -- Installing: /home/ubuntu/ROS2/microros_ws/install/lifecycle_msgs/share/lifecycle_msgs/cmake/lifecycle_msgsConfig-version.cmake
[271.919s] -- Installing: /home/ubuntu/ROS2/microros_ws/install/lifecycle_msgs/share/lifecycle_msgs/package.xml
[271.932s] Invoked command in '/home/ubuntu/ROS2/microros_ws/build/lifecycle_msgs' returned '0': CMAKE_PREFIX_PATH=${CMAKE_PREFIX_PATH}:/opt/ros/foxy /usr/bin/cmake --install /home/ubuntu/ROS2/microros_ws/build/lifecycle_msgs
