The target system is: Linux -  - arm
The host system is: Linux - 5.4.0-1113-raspi - aarch64
Compiling the C compiler identification source file "CMakeCCompilerId.c" succeeded.
Compiler: /usr/bin/arm-linux-gnueabihf-gcc 
Build flags: 
Id flags:  

The output was:
0


Compilation of the C compiler identification source "CMakeCCompilerId.c" produced "a.out"

The C compiler identification is GNU, found in "/home/ubuntu/ROS2/microros_ws/firmware/mcu_ws/build/visualization_msgs/CMakeFiles/3.16.3/CompilerIdC/a.out"

Compiling the CXX compiler identification source file "CMakeCXXCompilerId.cpp" succeeded.
Compiler: /usr/bin/arm-linux-gnueabihf-g++ 
Build flags: 
Id flags:  

The output was:
0


Compilation of the CXX compiler identification source "CMakeCXXCompilerId.cpp" produced "a.out"

The CXX compiler identification is GNU, found in "/home/ubuntu/ROS2/microros_ws/firmware/mcu_ws/build/visualization_msgs/CMakeFiles/3.16.3/CompilerIdCXX/a.out"

Determining if the C compiler works passed with the following output:
Change Dir: /home/ubuntu/ROS2/microros_ws/firmware/mcu_ws/build/visualization_msgs/CMakeFiles/CMakeTmp

Run Build Command(s):/usr/bin/make cmTC_31d59/fast && /usr/bin/make -f CMakeFiles/cmTC_31d59.dir/build.make CMakeFiles/cmTC_31d59.dir/build
make[1]: Entering directory '/home/ubuntu/ROS2/microros_ws/firmware/mcu_ws/build/visualization_msgs/CMakeFiles/CMakeTmp'
Building C object CMakeFiles/cmTC_31d59.dir/testCCompiler.c.o
/usr/bin/arm-linux-gnueabihf-gcc   -march=armv8-a -mfpu=neon-fp-armv8 -mfloat-abi=hard    -o CMakeFiles/cmTC_31d59.dir/testCCompiler.c.o   -c /home/ubuntu/ROS2/microros_ws/firmware/mcu_ws/build/visualization_msgs/CMakeFiles/CMakeTmp/testCCompiler.c
Linking C static library libcmTC_31d59.a
/usr/bin/cmake -P CMakeFiles/cmTC_31d59.dir/cmake_clean_target.cmake
/usr/bin/cmake -E cmake_link_script CMakeFiles/cmTC_31d59.dir/link.txt --verbose=1
/usr/bin/arm-linux-gnueabihf-ar qc libcmTC_31d59.a  CMakeFiles/cmTC_31d59.dir/testCCompiler.c.o
/usr/bin/arm-linux-gnueabihf-ranlib libcmTC_31d59.a
make[1]: Leaving directory '/home/ubuntu/ROS2/microros_ws/firmware/mcu_ws/build/visualization_msgs/CMakeFiles/CMakeTmp'



Detecting C compiler ABI info compiled with the following output:
Change Dir: /home/ubuntu/ROS2/microros_ws/firmware/mcu_ws/build/visualization_msgs/CMakeFiles/CMakeTmp

Run Build Command(s):/usr/bin/make cmTC_a3288/fast && /usr/bin/make -f CMakeFiles/cmTC_a3288.dir/build.make CMakeFiles/cmTC_a3288.dir/build
make[1]: Entering directory '/home/ubuntu/ROS2/microros_ws/firmware/mcu_ws/build/visualization_msgs/CMakeFiles/CMakeTmp'
Building C object CMakeFiles/cmTC_a3288.dir/CMakeCCompilerABI.c.o
/usr/bin/arm-linux-gnueabihf-gcc   -march=armv8-a -mfpu=neon-fp-armv8 -mfloat-abi=hard    -v -o CMakeFiles/cmTC_a3288.dir/CMakeCCompilerABI.c.o   -c /usr/share/cmake-3.16/Modules/CMakeCCompilerABI.c
Using built-in specs.
COLLECT_GCC=/usr/bin/arm-linux-gnueabihf-gcc
Target: arm-linux-gnueabihf
Configured with: ../src/configure -v --with-pkgversion='Ubuntu 9.4.0-1ubuntu1~20.04.2' --with-bugurl=file:///usr/share/doc/gcc-9/README.Bugs --enable-languages=c,ada,c++,go,d,fortran,objc,obj-c++,gm2 --prefix=/usr --with-gcc-major-version-only --program-suffix=-9 --enable-shared --enable-linker-build-id --libexecdir=/usr/lib --without-included-gettext --enable-threads=posix --libdir=/usr/lib --enable-nls --with-sysroot=/ --enable-clocale=gnu --enable-libstdcxx-debug --enable-libstdcxx-time=yes --with-default-libstdcxx-abi=new --enable-gnu-unique-object --disable-libitm --disable-libquadmath --disable-libquadmath-support --enable-plugin --enable-default-pie --with-system-zlib --without-target-system-zlib --enable-libpth-m2 --enable-multiarch --enable-multilib --disable-sjlj-exceptions --with-arch=armv7-a --with-fpu=vfpv3-d16 --with-float=hard --with-mode=thumb --disable-werror --enable-multilib --enable-checking=release --build=aarch64-linux-gnu --host=aarch64-linux-gnu --target=arm-linux-gnueabihf --program-prefix=arm-linux-gnueabihf- --includedir=/usr/arm-linux-gnueabihf/include
Thread model: posix
gcc version 9.4.0 (Ubuntu 9.4.0-1ubuntu1~20.04.2) 
COLLECT_GCC_OPTIONS= '-mfpu=neon-fp-armv8' '-mfloat-abi=hard' '-v' '-o' 'CMakeFiles/cmTC_a3288.dir/CMakeCCompilerABI.c.o' '-c' '-mthumb' '-mtls-dialect=gnu' '-march=armv8-a+simd'
 /usr/lib/gcc-cross/arm-linux-gnueabihf/9/cc1 -quiet -v -imultiarch arm-linux-gnueabihf /usr/share/cmake-3.16/Modules/CMakeCCompilerABI.c -quiet -dumpbase CMakeCCompilerABI.c -mfpu=neon-fp-armv8 -mfloat-abi=hard -mthumb -mtls-dialect=gnu -march=armv8-a+simd -auxbase-strip CMakeFiles/cmTC_a3288.dir/CMakeCCompilerABI.c.o -version -fstack-protector-strong -Wformat -Wformat-security -o /tmp/ccoDQQh8.s
GNU C17 (Ubuntu 9.4.0-1ubuntu1~20.04.2) version 9.4.0 (arm-linux-gnueabihf)
	compiled by GNU C version 9.4.0, GMP version 6.2.0, MPFR version 4.0.2, MPC version 1.1.0, isl version isl-0.22.1-GMP

GGC heuristics: --param ggc-min-expand=100 --param ggc-min-heapsize=131072
ignoring nonexistent directory "/usr/local/include/arm-linux-gnueabihf"
ignoring nonexistent directory "/usr/lib/gcc-cross/arm-linux-gnueabihf/9/include-fixed"
ignoring nonexistent directory "/usr/include/arm-linux-gnueabihf"
#include "..." search starts here:
#include <...> search starts here:
 /usr/lib/gcc-cross/arm-linux-gnueabihf/9/include
 /usr/lib/gcc-cross/arm-linux-gnueabihf/9/../../../../arm-linux-gnueabihf/include
 /usr/include
End of search list.
GNU C17 (Ubuntu 9.4.0-1ubuntu1~20.04.2) version 9.4.0 (arm-linux-gnueabihf)
	compiled by GNU C version 9.4.0, GMP version 6.2.0, MPFR version 4.0.2, MPC version 1.1.0, isl version isl-0.22.1-GMP

GGC heuristics: --param ggc-min-expand=100 --param ggc-min-heapsize=131072
Compiler executable checksum: a4fedebf84220d67357608985e548c10
COLLECT_GCC_OPTIONS= '-mfpu=neon-fp-armv8' '-mfloat-abi=hard' '-v' '-o' 'CMakeFiles/cmTC_a3288.dir/CMakeCCompilerABI.c.o' '-c' '-mthumb' '-mtls-dialect=gnu' '-march=armv8-a+simd'
 /usr/lib/gcc-cross/arm-linux-gnueabihf/9/../../../../arm-linux-gnueabihf/bin/as -v -march=armv8-a -mfloat-abi=hard -mfpu=neon-fp-armv8 -meabi=5 -o CMakeFiles/cmTC_a3288.dir/CMakeCCompilerABI.c.o /tmp/ccoDQQh8.s
GNU assembler version 2.34 (arm-linux-gnueabihf) using BFD version (GNU Binutils for Ubuntu) 2.34
COMPILER_PATH=/usr/lib/gcc-cross/arm-linux-gnueabihf/9/:/usr/lib/gcc-cross/arm-linux-gnueabihf/9/:/usr/lib/gcc-cross/arm-linux-gnueabihf/:/usr/lib/gcc-cross/arm-linux-gnueabihf/9/:/usr/lib/gcc-cross/arm-linux-gnueabihf/:/usr/lib/gcc-cross/arm-linux-gnueabihf/9/../../../../arm-linux-gnueabihf/bin/
LIBRARY_PATH=/usr/lib/gcc-cross/arm-linux-gnueabihf/9/:/usr/lib/gcc-cross/arm-linux-gnueabihf/9/../../../../arm-linux-gnueabihf/lib/../lib/:/lib/arm-linux-gnueabihf/:/lib/../lib/:/usr/lib/arm-linux-gnueabihf/:/usr/lib/../lib/:/usr/lib/gcc-cross/arm-linux-gnueabihf/9/../../../../arm-linux-gnueabihf/lib/:/lib/:/usr/lib/
COLLECT_GCC_OPTIONS= '-mfpu=neon-fp-armv8' '-mfloat-abi=hard' '-v' '-o' 'CMakeFiles/cmTC_a3288.dir/CMakeCCompilerABI.c.o' '-c' '-mthumb' '-mtls-dialect=gnu' '-march=armv8-a+simd'
Linking C static library libcmTC_a3288.a
/usr/bin/cmake -P CMakeFiles/cmTC_a3288.dir/cmake_clean_target.cmake
/usr/bin/cmake -E cmake_link_script CMakeFiles/cmTC_a3288.dir/link.txt --verbose=1
/usr/bin/arm-linux-gnueabihf-ar qc libcmTC_a3288.a  CMakeFiles/cmTC_a3288.dir/CMakeCCompilerABI.c.o
/usr/bin/arm-linux-gnueabihf-ranlib libcmTC_a3288.a
make[1]: Leaving directory '/home/ubuntu/ROS2/microros_ws/firmware/mcu_ws/build/visualization_msgs/CMakeFiles/CMakeTmp'



Parsed C implicit include dir info from above output: rv=done
  found start of include info
  found start of implicit include info
    add: [/usr/lib/gcc-cross/arm-linux-gnueabihf/9/include]
    add: [/usr/lib/gcc-cross/arm-linux-gnueabihf/9/../../../../arm-linux-gnueabihf/include]
    add: [/usr/include]
  end of search list found
  collapse include dir [/usr/lib/gcc-cross/arm-linux-gnueabihf/9/include] ==> [/usr/lib/gcc-cross/arm-linux-gnueabihf/9/include]
  collapse include dir [/usr/lib/gcc-cross/arm-linux-gnueabihf/9/../../../../arm-linux-gnueabihf/include] ==> [/usr/arm-linux-gnueabihf/include]
  collapse include dir [/usr/include] ==> [/usr/include]
  implicit include dirs: [/usr/lib/gcc-cross/arm-linux-gnueabihf/9/include;/usr/arm-linux-gnueabihf/include;/usr/include]


Parsed C implicit link information from above output:
  link line regex: [^( *|.*[/\])(arm-linux-gnueabihf-ld|CMAKE_LINK_STARTFILE-NOTFOUND|([^/\]+-)?ld|collect2)[^/\]*( |$)]
  ignore line: [Change Dir: /home/ubuntu/ROS2/microros_ws/firmware/mcu_ws/build/visualization_msgs/CMakeFiles/CMakeTmp]
  ignore line: []
  ignore line: [Run Build Command(s):/usr/bin/make cmTC_a3288/fast && /usr/bin/make -f CMakeFiles/cmTC_a3288.dir/build.make CMakeFiles/cmTC_a3288.dir/build]
  ignore line: [make[1]: Entering directory '/home/ubuntu/ROS2/microros_ws/firmware/mcu_ws/build/visualization_msgs/CMakeFiles/CMakeTmp']
  ignore line: [Building C object CMakeFiles/cmTC_a3288.dir/CMakeCCompilerABI.c.o]
  ignore line: [/usr/bin/arm-linux-gnueabihf-gcc   -march=armv8-a -mfpu=neon-fp-armv8 -mfloat-abi=hard    -v -o CMakeFiles/cmTC_a3288.dir/CMakeCCompilerABI.c.o   -c /usr/share/cmake-3.16/Modules/CMakeCCompilerABI.c]
  ignore line: [Using built-in specs.]
  ignore line: [COLLECT_GCC=/usr/bin/arm-linux-gnueabihf-gcc]
  ignore line: [Target: arm-linux-gnueabihf]
  ignore line: [Configured with: ../src/configure -v --with-pkgversion='Ubuntu 9.4.0-1ubuntu1~20.04.2' --with-bugurl=file:///usr/share/doc/gcc-9/README.Bugs --enable-languages=c ada c++ go d fortran objc obj-c++ gm2 --prefix=/usr --with-gcc-major-version-only --program-suffix=-9 --enable-shared --enable-linker-build-id --libexecdir=/usr/lib --without-included-gettext --enable-threads=posix --libdir=/usr/lib --enable-nls --with-sysroot=/ --enable-clocale=gnu --enable-libstdcxx-debug --enable-libstdcxx-time=yes --with-default-libstdcxx-abi=new --enable-gnu-unique-object --disable-libitm --disable-libquadmath --disable-libquadmath-support --enable-plugin --enable-default-pie --with-system-zlib --without-target-system-zlib --enable-libpth-m2 --enable-multiarch --enable-multilib --disable-sjlj-exceptions --with-arch=armv7-a --with-fpu=vfpv3-d16 --with-float=hard --with-mode=thumb --disable-werror --enable-multilib --enable-checking=release --build=aarch64-linux-gnu --host=aarch64-linux-gnu --target=arm-linux-gnueabihf --program-prefix=arm-linux-gnueabihf- --includedir=/usr/arm-linux-gnueabihf/include]
  ignore line: [Thread model: posix]
  ignore line: [gcc version 9.4.0 (Ubuntu 9.4.0-1ubuntu1~20.04.2) ]
  ignore line: [COLLECT_GCC_OPTIONS= '-mfpu=neon-fp-armv8' '-mfloat-abi=hard' '-v' '-o' 'CMakeFiles/cmTC_a3288.dir/CMakeCCompilerABI.c.o' '-c' '-mthumb' '-mtls-dialect=gnu' '-march=armv8-a+simd']
  ignore line: [ /usr/lib/gcc-cross/arm-linux-gnueabihf/9/cc1 -quiet -v -imultiarch arm-linux-gnueabihf /usr/share/cmake-3.16/Modules/CMakeCCompilerABI.c -quiet -dumpbase CMakeCCompilerABI.c -mfpu=neon-fp-armv8 -mfloat-abi=hard -mthumb -mtls-dialect=gnu -march=armv8-a+simd -auxbase-strip CMakeFiles/cmTC_a3288.dir/CMakeCCompilerABI.c.o -version -fstack-protector-strong -Wformat -Wformat-security -o /tmp/ccoDQQh8.s]
  ignore line: [GNU C17 (Ubuntu 9.4.0-1ubuntu1~20.04.2) version 9.4.0 (arm-linux-gnueabihf)]
  ignore line: [	compiled by GNU C version 9.4.0  GMP version 6.2.0  MPFR version 4.0.2  MPC version 1.1.0  isl version isl-0.22.1-GMP]
  ignore line: []
  ignore line: [GGC heuristics: --param ggc-min-expand=100 --param ggc-min-heapsize=131072]
  ignore line: [ignoring nonexistent directory "/usr/local/include/arm-linux-gnueabihf"]
  ignore line: [ignoring nonexistent directory "/usr/lib/gcc-cross/arm-linux-gnueabihf/9/include-fixed"]
  ignore line: [ignoring nonexistent directory "/usr/include/arm-linux-gnueabihf"]
  ignore line: [#include "..." search starts here:]
  ignore line: [#include <...> search starts here:]
  ignore line: [ /usr/lib/gcc-cross/arm-linux-gnueabihf/9/include]
  ignore line: [ /usr/lib/gcc-cross/arm-linux-gnueabihf/9/../../../../arm-linux-gnueabihf/include]
  ignore line: [ /usr/include]
  ignore line: [End of search list.]
  ignore line: [GNU C17 (Ubuntu 9.4.0-1ubuntu1~20.04.2) version 9.4.0 (arm-linux-gnueabihf)]
  ignore line: [	compiled by GNU C version 9.4.0  GMP version 6.2.0  MPFR version 4.0.2  MPC version 1.1.0  isl version isl-0.22.1-GMP]
  ignore line: []
  ignore line: [GGC heuristics: --param ggc-min-expand=100 --param ggc-min-heapsize=131072]
  ignore line: [Compiler executable checksum: a4fedebf84220d67357608985e548c10]
  ignore line: [COLLECT_GCC_OPTIONS= '-mfpu=neon-fp-armv8' '-mfloat-abi=hard' '-v' '-o' 'CMakeFiles/cmTC_a3288.dir/CMakeCCompilerABI.c.o' '-c' '-mthumb' '-mtls-dialect=gnu' '-march=armv8-a+simd']
  ignore line: [ /usr/lib/gcc-cross/arm-linux-gnueabihf/9/../../../../arm-linux-gnueabihf/bin/as -v -march=armv8-a -mfloat-abi=hard -mfpu=neon-fp-armv8 -meabi=5 -o CMakeFiles/cmTC_a3288.dir/CMakeCCompilerABI.c.o /tmp/ccoDQQh8.s]
  ignore line: [GNU assembler version 2.34 (arm-linux-gnueabihf) using BFD version (GNU Binutils for Ubuntu) 2.34]
  ignore line: [COMPILER_PATH=/usr/lib/gcc-cross/arm-linux-gnueabihf/9/:/usr/lib/gcc-cross/arm-linux-gnueabihf/9/:/usr/lib/gcc-cross/arm-linux-gnueabihf/:/usr/lib/gcc-cross/arm-linux-gnueabihf/9/:/usr/lib/gcc-cross/arm-linux-gnueabihf/:/usr/lib/gcc-cross/arm-linux-gnueabihf/9/../../../../arm-linux-gnueabihf/bin/]
  ignore line: [LIBRARY_PATH=/usr/lib/gcc-cross/arm-linux-gnueabihf/9/:/usr/lib/gcc-cross/arm-linux-gnueabihf/9/../../../../arm-linux-gnueabihf/lib/../lib/:/lib/arm-linux-gnueabihf/:/lib/../lib/:/usr/lib/arm-linux-gnueabihf/:/usr/lib/../lib/:/usr/lib/gcc-cross/arm-linux-gnueabihf/9/../../../../arm-linux-gnueabihf/lib/:/lib/:/usr/lib/]
  ignore line: [COLLECT_GCC_OPTIONS= '-mfpu=neon-fp-armv8' '-mfloat-abi=hard' '-v' '-o' 'CMakeFiles/cmTC_a3288.dir/CMakeCCompilerABI.c.o' '-c' '-mthumb' '-mtls-dialect=gnu' '-march=armv8-a+simd']
  ignore line: [Linking C static library libcmTC_a3288.a]
  ignore line: [/usr/bin/cmake -P CMakeFiles/cmTC_a3288.dir/cmake_clean_target.cmake]
  ignore line: [/usr/bin/cmake -E cmake_link_script CMakeFiles/cmTC_a3288.dir/link.txt --verbose=1]
  ignore line: [/usr/bin/arm-linux-gnueabihf-ar qc libcmTC_a3288.a  CMakeFiles/cmTC_a3288.dir/CMakeCCompilerABI.c.o]
  ignore line: [/usr/bin/arm-linux-gnueabihf-ranlib libcmTC_a3288.a]
  ignore line: [make[1]: Leaving directory '/home/ubuntu/ROS2/microros_ws/firmware/mcu_ws/build/visualization_msgs/CMakeFiles/CMakeTmp']
  ignore line: []
  ignore line: []
  implicit libs: []
  implicit dirs: []
  implicit fwks: []


Determining if the CXX compiler works passed with the following output:
Change Dir: /home/ubuntu/ROS2/microros_ws/firmware/mcu_ws/build/visualization_msgs/CMakeFiles/CMakeTmp

Run Build Command(s):/usr/bin/make cmTC_7ef73/fast && /usr/bin/make -f CMakeFiles/cmTC_7ef73.dir/build.make CMakeFiles/cmTC_7ef73.dir/build
make[1]: Entering directory '/home/ubuntu/ROS2/microros_ws/firmware/mcu_ws/build/visualization_msgs/CMakeFiles/CMakeTmp'
Building CXX object CMakeFiles/cmTC_7ef73.dir/testCXXCompiler.cxx.o
/usr/bin/arm-linux-gnueabihf-g++    -march=armv8-a -mfpu=neon-fp-armv8 -mfloat-abi=hard    -o CMakeFiles/cmTC_7ef73.dir/testCXXCompiler.cxx.o -c /home/ubuntu/ROS2/microros_ws/firmware/mcu_ws/build/visualization_msgs/CMakeFiles/CMakeTmp/testCXXCompiler.cxx
Linking CXX static library libcmTC_7ef73.a
/usr/bin/cmake -P CMakeFiles/cmTC_7ef73.dir/cmake_clean_target.cmake
/usr/bin/cmake -E cmake_link_script CMakeFiles/cmTC_7ef73.dir/link.txt --verbose=1
/usr/bin/arm-linux-gnueabihf-ar qc libcmTC_7ef73.a  CMakeFiles/cmTC_7ef73.dir/testCXXCompiler.cxx.o
/usr/bin/arm-linux-gnueabihf-ranlib libcmTC_7ef73.a
make[1]: Leaving directory '/home/ubuntu/ROS2/microros_ws/firmware/mcu_ws/build/visualization_msgs/CMakeFiles/CMakeTmp'



Detecting CXX compiler ABI info compiled with the following output:
Change Dir: /home/ubuntu/ROS2/microros_ws/firmware/mcu_ws/build/visualization_msgs/CMakeFiles/CMakeTmp

Run Build Command(s):/usr/bin/make cmTC_6da83/fast && /usr/bin/make -f CMakeFiles/cmTC_6da83.dir/build.make CMakeFiles/cmTC_6da83.dir/build
make[1]: Entering directory '/home/ubuntu/ROS2/microros_ws/firmware/mcu_ws/build/visualization_msgs/CMakeFiles/CMakeTmp'
Building CXX object CMakeFiles/cmTC_6da83.dir/CMakeCXXCompilerABI.cpp.o
/usr/bin/arm-linux-gnueabihf-g++    -march=armv8-a -mfpu=neon-fp-armv8 -mfloat-abi=hard    -v -o CMakeFiles/cmTC_6da83.dir/CMakeCXXCompilerABI.cpp.o -c /usr/share/cmake-3.16/Modules/CMakeCXXCompilerABI.cpp
Using built-in specs.
COLLECT_GCC=/usr/bin/arm-linux-gnueabihf-g++
Target: arm-linux-gnueabihf
Configured with: ../src/configure -v --with-pkgversion='Ubuntu 9.4.0-1ubuntu1~20.04.2' --with-bugurl=file:///usr/share/doc/gcc-9/README.Bugs --enable-languages=c,ada,c++,go,d,fortran,objc,obj-c++,gm2 --prefix=/usr --with-gcc-major-version-only --program-suffix=-9 --enable-shared --enable-linker-build-id --libexecdir=/usr/lib --without-included-gettext --enable-threads=posix --libdir=/usr/lib --enable-nls --with-sysroot=/ --enable-clocale=gnu --enable-libstdcxx-debug --enable-libstdcxx-time=yes --with-default-libstdcxx-abi=new --enable-gnu-unique-object --disable-libitm --disable-libquadmath --disable-libquadmath-support --enable-plugin --enable-default-pie --with-system-zlib --without-target-system-zlib --enable-libpth-m2 --enable-multiarch --enable-multilib --disable-sjlj-exceptions --with-arch=armv7-a --with-fpu=vfpv3-d16 --with-float=hard --with-mode=thumb --disable-werror --enable-multilib --enable-checking=release --build=aarch64-linux-gnu --host=aarch64-linux-gnu --target=arm-linux-gnueabihf --program-prefix=arm-linux-gnueabihf- --includedir=/usr/arm-linux-gnueabihf/include
Thread model: posix
gcc version 9.4.0 (Ubuntu 9.4.0-1ubuntu1~20.04.2) 
COLLECT_GCC_OPTIONS= '-mfpu=neon-fp-armv8' '-mfloat-abi=hard' '-v' '-o' 'CMakeFiles/cmTC_6da83.dir/CMakeCXXCompilerABI.cpp.o' '-c' '-shared-libgcc' '-mthumb' '-mtls-dialect=gnu' '-march=armv8-a+simd'
 /usr/lib/gcc-cross/arm-linux-gnueabihf/9/cc1plus -quiet -v -imultiarch arm-linux-gnueabihf -D_GNU_SOURCE /usr/share/cmake-3.16/Modules/CMakeCXXCompilerABI.cpp -quiet -dumpbase CMakeCXXCompilerABI.cpp -mfpu=neon-fp-armv8 -mfloat-abi=hard -mthumb -mtls-dialect=gnu -march=armv8-a+simd -auxbase-strip CMakeFiles/cmTC_6da83.dir/CMakeCXXCompilerABI.cpp.o -version -fstack-protector-strong -Wformat -Wformat-security -o /tmp/cc73tQOX.s
GNU C++14 (Ubuntu 9.4.0-1ubuntu1~20.04.2) version 9.4.0 (arm-linux-gnueabihf)
	compiled by GNU C version 9.4.0, GMP version 6.2.0, MPFR version 4.0.2, MPC version 1.1.0, isl version isl-0.22.1-GMP

GGC heuristics: --param ggc-min-expand=100 --param ggc-min-heapsize=131072
ignoring nonexistent directory "/usr/local/include/arm-linux-gnueabihf"
ignoring nonexistent directory "/usr/lib/gcc-cross/arm-linux-gnueabihf/9/include-fixed"
ignoring nonexistent directory "/usr/include/arm-linux-gnueabihf"
#include "..." search starts here:
#include <...> search starts here:
 /usr/lib/gcc-cross/arm-linux-gnueabihf/9/../../../../arm-linux-gnueabihf/include/c++/9
 /usr/lib/gcc-cross/arm-linux-gnueabihf/9/../../../../arm-linux-gnueabihf/include/c++/9/arm-linux-gnueabihf
 /usr/lib/gcc-cross/arm-linux-gnueabihf/9/../../../../arm-linux-gnueabihf/include/c++/9/backward
 /usr/lib/gcc-cross/arm-linux-gnueabihf/9/include
 /usr/lib/gcc-cross/arm-linux-gnueabihf/9/../../../../arm-linux-gnueabihf/include
 /usr/include
End of search list.
GNU C++14 (Ubuntu 9.4.0-1ubuntu1~20.04.2) version 9.4.0 (arm-linux-gnueabihf)
	compiled by GNU C version 9.4.0, GMP version 6.2.0, MPFR version 4.0.2, MPC version 1.1.0, isl version isl-0.22.1-GMP

GGC heuristics: --param ggc-min-expand=100 --param ggc-min-heapsize=131072
Compiler executable checksum: 7ba21de87e34123a1ee27601919840e1
COLLECT_GCC_OPTIONS= '-mfpu=neon-fp-armv8' '-mfloat-abi=hard' '-v' '-o' 'CMakeFiles/cmTC_6da83.dir/CMakeCXXCompilerABI.cpp.o' '-c' '-shared-libgcc' '-mthumb' '-mtls-dialect=gnu' '-march=armv8-a+simd'
 /usr/lib/gcc-cross/arm-linux-gnueabihf/9/../../../../arm-linux-gnueabihf/bin/as -v -march=armv8-a -mfloat-abi=hard -mfpu=neon-fp-armv8 -meabi=5 -o CMakeFiles/cmTC_6da83.dir/CMakeCXXCompilerABI.cpp.o /tmp/cc73tQOX.s
GNU assembler version 2.34 (arm-linux-gnueabihf) using BFD version (GNU Binutils for Ubuntu) 2.34
COMPILER_PATH=/usr/lib/gcc-cross/arm-linux-gnueabihf/9/:/usr/lib/gcc-cross/arm-linux-gnueabihf/9/:/usr/lib/gcc-cross/arm-linux-gnueabihf/:/usr/lib/gcc-cross/arm-linux-gnueabihf/9/:/usr/lib/gcc-cross/arm-linux-gnueabihf/:/usr/lib/gcc-cross/arm-linux-gnueabihf/9/../../../../arm-linux-gnueabihf/bin/
LIBRARY_PATH=/usr/lib/gcc-cross/arm-linux-gnueabihf/9/:/usr/lib/gcc-cross/arm-linux-gnueabihf/9/../../../../arm-linux-gnueabihf/lib/../lib/:/lib/arm-linux-gnueabihf/:/lib/../lib/:/usr/lib/arm-linux-gnueabihf/:/usr/lib/../lib/:/usr/lib/gcc-cross/arm-linux-gnueabihf/9/../../../../arm-linux-gnueabihf/lib/:/lib/:/usr/lib/
COLLECT_GCC_OPTIONS= '-mfpu=neon-fp-armv8' '-mfloat-abi=hard' '-v' '-o' 'CMakeFiles/cmTC_6da83.dir/CMakeCXXCompilerABI.cpp.o' '-c' '-shared-libgcc' '-mthumb' '-mtls-dialect=gnu' '-march=armv8-a+simd'
Linking CXX static library libcmTC_6da83.a
/usr/bin/cmake -P CMakeFiles/cmTC_6da83.dir/cmake_clean_target.cmake
/usr/bin/cmake -E cmake_link_script CMakeFiles/cmTC_6da83.dir/link.txt --verbose=1
/usr/bin/arm-linux-gnueabihf-ar qc libcmTC_6da83.a  CMakeFiles/cmTC_6da83.dir/CMakeCXXCompilerABI.cpp.o
/usr/bin/arm-linux-gnueabihf-ranlib libcmTC_6da83.a
make[1]: Leaving directory '/home/ubuntu/ROS2/microros_ws/firmware/mcu_ws/build/visualization_msgs/CMakeFiles/CMakeTmp'



Parsed CXX implicit include dir info from above output: rv=done
  found start of include info
  found start of implicit include info
    add: [/usr/lib/gcc-cross/arm-linux-gnueabihf/9/../../../../arm-linux-gnueabihf/include/c++/9]
    add: [/usr/lib/gcc-cross/arm-linux-gnueabihf/9/../../../../arm-linux-gnueabihf/include/c++/9/arm-linux-gnueabihf]
    add: [/usr/lib/gcc-cross/arm-linux-gnueabihf/9/../../../../arm-linux-gnueabihf/include/c++/9/backward]
    add: [/usr/lib/gcc-cross/arm-linux-gnueabihf/9/include]
    add: [/usr/lib/gcc-cross/arm-linux-gnueabihf/9/../../../../arm-linux-gnueabihf/include]
    add: [/usr/include]
  end of search list found
  collapse include dir [/usr/lib/gcc-cross/arm-linux-gnueabihf/9/../../../../arm-linux-gnueabihf/include/c++/9] ==> [/usr/arm-linux-gnueabihf/include/c++/9]
  collapse include dir [/usr/lib/gcc-cross/arm-linux-gnueabihf/9/../../../../arm-linux-gnueabihf/include/c++/9/arm-linux-gnueabihf] ==> [/usr/arm-linux-gnueabihf/include/c++/9/arm-linux-gnueabihf]
  collapse include dir [/usr/lib/gcc-cross/arm-linux-gnueabihf/9/../../../../arm-linux-gnueabihf/include/c++/9/backward] ==> [/usr/arm-linux-gnueabihf/include/c++/9/backward]
  collapse include dir [/usr/lib/gcc-cross/arm-linux-gnueabihf/9/include] ==> [/usr/lib/gcc-cross/arm-linux-gnueabihf/9/include]
  collapse include dir [/usr/lib/gcc-cross/arm-linux-gnueabihf/9/../../../../arm-linux-gnueabihf/include] ==> [/usr/arm-linux-gnueabihf/include]
  collapse include dir [/usr/include] ==> [/usr/include]
  implicit include dirs: [/usr/arm-linux-gnueabihf/include/c++/9;/usr/arm-linux-gnueabihf/include/c++/9/arm-linux-gnueabihf;/usr/arm-linux-gnueabihf/include/c++/9/backward;/usr/lib/gcc-cross/arm-linux-gnueabihf/9/include;/usr/arm-linux-gnueabihf/include;/usr/include]


Parsed CXX implicit link information from above output:
  link line regex: [^( *|.*[/\])(arm-linux-gnueabihf-ld|CMAKE_LINK_STARTFILE-NOTFOUND|([^/\]+-)?ld|collect2)[^/\]*( |$)]
  ignore line: [Change Dir: /home/ubuntu/ROS2/microros_ws/firmware/mcu_ws/build/visualization_msgs/CMakeFiles/CMakeTmp]
  ignore line: []
  ignore line: [Run Build Command(s):/usr/bin/make cmTC_6da83/fast && /usr/bin/make -f CMakeFiles/cmTC_6da83.dir/build.make CMakeFiles/cmTC_6da83.dir/build]
  ignore line: [make[1]: Entering directory '/home/ubuntu/ROS2/microros_ws/firmware/mcu_ws/build/visualization_msgs/CMakeFiles/CMakeTmp']
  ignore line: [Building CXX object CMakeFiles/cmTC_6da83.dir/CMakeCXXCompilerABI.cpp.o]
  ignore line: [/usr/bin/arm-linux-gnueabihf-g++    -march=armv8-a -mfpu=neon-fp-armv8 -mfloat-abi=hard    -v -o CMakeFiles/cmTC_6da83.dir/CMakeCXXCompilerABI.cpp.o -c /usr/share/cmake-3.16/Modules/CMakeCXXCompilerABI.cpp]
  ignore line: [Using built-in specs.]
  ignore line: [COLLECT_GCC=/usr/bin/arm-linux-gnueabihf-g++]
  ignore line: [Target: arm-linux-gnueabihf]
  ignore line: [Configured with: ../src/configure -v --with-pkgversion='Ubuntu 9.4.0-1ubuntu1~20.04.2' --with-bugurl=file:///usr/share/doc/gcc-9/README.Bugs --enable-languages=c ada c++ go d fortran objc obj-c++ gm2 --prefix=/usr --with-gcc-major-version-only --program-suffix=-9 --enable-shared --enable-linker-build-id --libexecdir=/usr/lib --without-included-gettext --enable-threads=posix --libdir=/usr/lib --enable-nls --with-sysroot=/ --enable-clocale=gnu --enable-libstdcxx-debug --enable-libstdcxx-time=yes --with-default-libstdcxx-abi=new --enable-gnu-unique-object --disable-libitm --disable-libquadmath --disable-libquadmath-support --enable-plugin --enable-default-pie --with-system-zlib --without-target-system-zlib --enable-libpth-m2 --enable-multiarch --enable-multilib --disable-sjlj-exceptions --with-arch=armv7-a --with-fpu=vfpv3-d16 --with-float=hard --with-mode=thumb --disable-werror --enable-multilib --enable-checking=release --build=aarch64-linux-gnu --host=aarch64-linux-gnu --target=arm-linux-gnueabihf --program-prefix=arm-linux-gnueabihf- --includedir=/usr/arm-linux-gnueabihf/include]
  ignore line: [Thread model: posix]
  ignore line: [gcc version 9.4.0 (Ubuntu 9.4.0-1ubuntu1~20.04.2) ]
  ignore line: [COLLECT_GCC_OPTIONS= '-mfpu=neon-fp-armv8' '-mfloat-abi=hard' '-v' '-o' 'CMakeFiles/cmTC_6da83.dir/CMakeCXXCompilerABI.cpp.o' '-c' '-shared-libgcc' '-mthumb' '-mtls-dialect=gnu' '-march=armv8-a+simd']
  ignore line: [ /usr/lib/gcc-cross/arm-linux-gnueabihf/9/cc1plus -quiet -v -imultiarch arm-linux-gnueabihf -D_GNU_SOURCE /usr/share/cmake-3.16/Modules/CMakeCXXCompilerABI.cpp -quiet -dumpbase CMakeCXXCompilerABI.cpp -mfpu=neon-fp-armv8 -mfloat-abi=hard -mthumb -mtls-dialect=gnu -march=armv8-a+simd -auxbase-strip CMakeFiles/cmTC_6da83.dir/CMakeCXXCompilerABI.cpp.o -version -fstack-protector-strong -Wformat -Wformat-security -o /tmp/cc73tQOX.s]
  ignore line: [GNU C++14 (Ubuntu 9.4.0-1ubuntu1~20.04.2) version 9.4.0 (arm-linux-gnueabihf)]
  ignore line: [	compiled by GNU C version 9.4.0  GMP version 6.2.0  MPFR version 4.0.2  MPC version 1.1.0  isl version isl-0.22.1-GMP]
  ignore line: []
  ignore line: [GGC heuristics: --param ggc-min-expand=100 --param ggc-min-heapsize=131072]
  ignore line: [ignoring nonexistent directory "/usr/local/include/arm-linux-gnueabihf"]
  ignore line: [ignoring nonexistent directory "/usr/lib/gcc-cross/arm-linux-gnueabihf/9/include-fixed"]
  ignore line: [ignoring nonexistent directory "/usr/include/arm-linux-gnueabihf"]
  ignore line: [#include "..." search starts here:]
  ignore line: [#include <...> search starts here:]
  ignore line: [ /usr/lib/gcc-cross/arm-linux-gnueabihf/9/../../../../arm-linux-gnueabihf/include/c++/9]
  ignore line: [ /usr/lib/gcc-cross/arm-linux-gnueabihf/9/../../../../arm-linux-gnueabihf/include/c++/9/arm-linux-gnueabihf]
  ignore line: [ /usr/lib/gcc-cross/arm-linux-gnueabihf/9/../../../../arm-linux-gnueabihf/include/c++/9/backward]
  ignore line: [ /usr/lib/gcc-cross/arm-linux-gnueabihf/9/include]
  ignore line: [ /usr/lib/gcc-cross/arm-linux-gnueabihf/9/../../../../arm-linux-gnueabihf/include]
  ignore line: [ /usr/include]
  ignore line: [End of search list.]
  ignore line: [GNU C++14 (Ubuntu 9.4.0-1ubuntu1~20.04.2) version 9.4.0 (arm-linux-gnueabihf)]
  ignore line: [	compiled by GNU C version 9.4.0  GMP version 6.2.0  MPFR version 4.0.2  MPC version 1.1.0  isl version isl-0.22.1-GMP]
  ignore line: []
  ignore line: [GGC heuristics: --param ggc-min-expand=100 --param ggc-min-heapsize=131072]
  ignore line: [Compiler executable checksum: 7ba21de87e34123a1ee27601919840e1]
  ignore line: [COLLECT_GCC_OPTIONS= '-mfpu=neon-fp-armv8' '-mfloat-abi=hard' '-v' '-o' 'CMakeFiles/cmTC_6da83.dir/CMakeCXXCompilerABI.cpp.o' '-c' '-shared-libgcc' '-mthumb' '-mtls-dialect=gnu' '-march=armv8-a+simd']
  ignore line: [ /usr/lib/gcc-cross/arm-linux-gnueabihf/9/../../../../arm-linux-gnueabihf/bin/as -v -march=armv8-a -mfloat-abi=hard -mfpu=neon-fp-armv8 -meabi=5 -o CMakeFiles/cmTC_6da83.dir/CMakeCXXCompilerABI.cpp.o /tmp/cc73tQOX.s]
  ignore line: [GNU assembler version 2.34 (arm-linux-gnueabihf) using BFD version (GNU Binutils for Ubuntu) 2.34]
  ignore line: [COMPILER_PATH=/usr/lib/gcc-cross/arm-linux-gnueabihf/9/:/usr/lib/gcc-cross/arm-linux-gnueabihf/9/:/usr/lib/gcc-cross/arm-linux-gnueabihf/:/usr/lib/gcc-cross/arm-linux-gnueabihf/9/:/usr/lib/gcc-cross/arm-linux-gnueabihf/:/usr/lib/gcc-cross/arm-linux-gnueabihf/9/../../../../arm-linux-gnueabihf/bin/]
  ignore line: [LIBRARY_PATH=/usr/lib/gcc-cross/arm-linux-gnueabihf/9/:/usr/lib/gcc-cross/arm-linux-gnueabihf/9/../../../../arm-linux-gnueabihf/lib/../lib/:/lib/arm-linux-gnueabihf/:/lib/../lib/:/usr/lib/arm-linux-gnueabihf/:/usr/lib/../lib/:/usr/lib/gcc-cross/arm-linux-gnueabihf/9/../../../../arm-linux-gnueabihf/lib/:/lib/:/usr/lib/]
  ignore line: [COLLECT_GCC_OPTIONS= '-mfpu=neon-fp-armv8' '-mfloat-abi=hard' '-v' '-o' 'CMakeFiles/cmTC_6da83.dir/CMakeCXXCompilerABI.cpp.o' '-c' '-shared-libgcc' '-mthumb' '-mtls-dialect=gnu' '-march=armv8-a+simd']
  ignore line: [Linking CXX static library libcmTC_6da83.a]
  ignore line: [/usr/bin/cmake -P CMakeFiles/cmTC_6da83.dir/cmake_clean_target.cmake]
  ignore line: [/usr/bin/cmake -E cmake_link_script CMakeFiles/cmTC_6da83.dir/link.txt --verbose=1]
  ignore line: [/usr/bin/arm-linux-gnueabihf-ar qc libcmTC_6da83.a  CMakeFiles/cmTC_6da83.dir/CMakeCXXCompilerABI.cpp.o]
  ignore line: [/usr/bin/arm-linux-gnueabihf-ranlib libcmTC_6da83.a]
  ignore line: [make[1]: Leaving directory '/home/ubuntu/ROS2/microros_ws/firmware/mcu_ws/build/visualization_msgs/CMakeFiles/CMakeTmp']
  ignore line: []
  ignore line: []
  implicit libs: []
  implicit dirs: []
  implicit fwks: []


