[0.205s] Invoking command in '/home/ubuntu/ROS2/microros_ws/build/builtin_interfaces': CMAKE_PREFIX_PATH=${CMAKE_PREFIX_PATH}:/opt/ros/foxy /usr/bin/cmake /home/ubuntu/ROS2/microros_ws/src/ros2/rcl_interfaces/builtin_interfaces -DBUILD_TESTING=OFF -DBUILD_SHARED_LIBS=ON -DCMAKE_INSTALL_PREFIX=/home/ubuntu/ROS2/microros_ws/install/builtin_interfaces
[0.680s] -- The C compiler identification is GNU 9.4.0
[1.105s] -- The CXX compiler identification is GNU 9.4.0
[1.215s] -- Check for working C compiler: /usr/bin/cc
[1.925s] -- Check for working C compiler: /usr/bin/cc -- works
[1.931s] -- Detecting C compiler ABI info
[2.490s] -- Detecting C compiler ABI info - done
[2.541s] -- Detecting C compile features
[2.546s] -- Detecting C compile features - done
[2.559s] -- Check for working CXX compiler: /usr/bin/c++
[3.164s] -- Check for working CXX compiler: /usr/bin/c++ -- works
[3.172s] -- Detecting CXX compiler ABI info
[3.697s] -- Detecting CXX compiler ABI info - done
[3.761s] -- Detecting CXX compile features
[3.762s] -- Detecting CXX compile features - done
[3.782s] -- Found ament_cmake: 0.9.12 (/opt/ros/foxy/share/ament_cmake/cmake)
[3.972s] -- Found PythonInterp: /usr/bin/python3 (found suitable version "3.8.10", minimum required is "3") 
[3.972s] -- Using PYTHON_EXECUTABLE: /usr/bin/python3
[6.138s] -- Found rosidl_default_generators: 1.0.1 (/opt/ros/foxy/share/rosidl_default_generators/cmake)
[6.175s] -- Using all available rosidl_typesupport_c: rosidl_typesupport_microxrcedds_c;rosidl_typesupport_fastrtps_c;rosidl_typesupport_introspection_c
[6.339s] -- Found rosidl_adapter: 1.3.1 (/opt/ros/foxy/share/rosidl_adapter/cmake)
[8.095s] -- Found OpenSSL: /usr/lib/aarch64-linux-gnu/libcrypto.so (found version "1.1.1f")  
[8.597s] -- Found FastRTPS: /opt/ros/foxy/include  
[9.504s] -- Using all available rosidl_typesupport_cpp: rosidl_typesupport_microxrcedds_cpp;rosidl_typesupport_fastrtps_cpp;rosidl_typesupport_introspection_cpp
[10.262s] -- Found PythonInterp: /usr/bin/python3 (found version "3.8.10") 
[12.407s] -- Found ament_cmake_ros: 0.9.2 (/opt/ros/foxy/share/ament_cmake_ros/cmake)
[16.075s] -- Using all available rosidl_typesupport_c: rosidl_typesupport_microxrcedds_c;rosidl_typesupport_fastrtps_c;rosidl_typesupport_introspection_c
[16.439s] -- Using all available rosidl_typesupport_cpp: rosidl_typesupport_microxrcedds_cpp;rosidl_typesupport_fastrtps_cpp;rosidl_typesupport_introspection_cpp
[16.881s] -- Found PythonInterp: /usr/bin/python3 (found suitable version "3.8.10", minimum required is "3.5") 
[17.046s] -- Found python_cmake_module: 0.8.1 (/opt/ros/foxy/share/python_cmake_module/cmake)
[17.883s] -- Found PythonLibs: /usr/lib/aarch64-linux-gnu/libpython3.8.so (found suitable version "3.8.10", minimum required is "3.5") 
[17.884s] -- Using PYTHON_EXECUTABLE: /usr/bin/python3
[17.889s] -- Using PYTHON_INCLUDE_DIRS: /usr/include/python3.8
[17.890s] -- Using PYTHON_LIBRARIES: /usr/lib/aarch64-linux-gnu/libpython3.8.so
[18.330s] -- Found PythonExtra: .so  
[19.578s] -- Configuring done
[20.750s] -- Generating done
[20.818s] -- Build files have been written to: /home/ubuntu/ROS2/microros_ws/build/builtin_interfaces
[20.927s] Invoked command in '/home/ubuntu/ROS2/microros_ws/build/builtin_interfaces' returned '0': CMAKE_PREFIX_PATH=${CMAKE_PREFIX_PATH}:/opt/ros/foxy /usr/bin/cmake /home/ubuntu/ROS2/microros_ws/src/ros2/rcl_interfaces/builtin_interfaces -DBUILD_TESTING=OFF -DBUILD_SHARED_LIBS=ON -DCMAKE_INSTALL_PREFIX=/home/ubuntu/ROS2/microros_ws/install/builtin_interfaces
[20.930s] Invoking command in '/home/ubuntu/ROS2/microros_ws/build/builtin_interfaces': CMAKE_PREFIX_PATH=${CMAKE_PREFIX_PATH}:/opt/ros/foxy /usr/bin/cmake --build /home/ubuntu/ROS2/microros_ws/build/builtin_interfaces -- -j4 -l4
[22.003s] [35m[1mScanning dependencies of target builtin_interfaces__cpp[0m
[22.217s] [  2%] [34m[1mGenerating C++ code for ROS interfaces[0m
[25.667s] [  2%] Built target builtin_interfaces__cpp
[25.784s] [  4%] [34m[1mGenerating C code for ROS interfaces[0m
[29.198s] [35m[1mScanning dependencies of target builtin_interfaces__rosidl_generator_c[0m
[29.409s] [  6%] [32mBuilding C object CMakeFiles/builtin_interfaces__rosidl_generator_c.dir/rosidl_generator_c/builtin_interfaces/msg/detail/duration__functions.c.o[0m
[29.896s] [  8%] [32mBuilding C object CMakeFiles/builtin_interfaces__rosidl_generator_c.dir/rosidl_generator_c/builtin_interfaces/msg/detail/time__functions.c.o[0m
[30.282s] [ 10%] [32m[1mLinking C shared library libbuiltin_interfaces__rosidl_generator_c.so[0m
[30.726s] [ 10%] Built target builtin_interfaces__rosidl_generator_c
[30.885s] [ 12%] [34m[1mGenerating C++ type support for eProsima Fast-RTPS[0m
[33.504s] [35m[1mScanning dependencies of target builtin_interfaces__rosidl_typesupport_fastrtps_cpp[0m
[33.715s] [ 14%] [32mBuilding CXX object CMakeFiles/builtin_interfaces__rosidl_typesupport_fastrtps_cpp.dir/rosidl_typesupport_fastrtps_cpp/builtin_interfaces/msg/detail/dds_fastrtps/duration__type_support.cpp.o[0m
[37.451s] [ 16%] [32mBuilding CXX object CMakeFiles/builtin_interfaces__rosidl_typesupport_fastrtps_cpp.dir/rosidl_typesupport_fastrtps_cpp/builtin_interfaces/msg/detail/dds_fastrtps/time__type_support.cpp.o[0m
[41.083s] [ 18%] [32m[1mLinking CXX shared library libbuiltin_interfaces__rosidl_typesupport_fastrtps_cpp.so[0m
[41.850s] [ 18%] Built target builtin_interfaces__rosidl_typesupport_fastrtps_cpp
[41.995s] [ 20%] [34m[1mGenerating C++ type support for eProsima Micro XRCE-DDS[0m
[44.226s] [35m[1mScanning dependencies of target builtin_interfaces__rosidl_typesupport_microxrcedds_cpp[0m
[44.481s] [ 22%] [32mBuilding CXX object CMakeFiles/builtin_interfaces__rosidl_typesupport_microxrcedds_cpp.dir/rosidl_typesupport_microxrcedds_cpp/builtin_interfaces/msg/detail/microxrcedds/duration__type_support_cpp.cpp.o[0m
[47.247s] [ 24%] [32mBuilding CXX object CMakeFiles/builtin_interfaces__rosidl_typesupport_microxrcedds_cpp.dir/rosidl_typesupport_microxrcedds_cpp/builtin_interfaces/msg/detail/microxrcedds/time__type_support_cpp.cpp.o[0m
[50.319s] [ 26%] [32m[1mLinking CXX shared library libbuiltin_interfaces__rosidl_typesupport_microxrcedds_cpp.so[0m
[50.929s] [ 26%] Built target builtin_interfaces__rosidl_typesupport_microxrcedds_cpp
[51.040s] [ 28%] [34m[1mGenerating C type support for eProsima Micro XRCE-DDS[0m
[54.250s] [35m[1mScanning dependencies of target builtin_interfaces__rosidl_typesupport_microxrcedds_c[0m
[54.420s] [ 30%] [32mBuilding C object CMakeFiles/builtin_interfaces__rosidl_typesupport_microxrcedds_c.dir/rosidl_typesupport_microxrcedds_c/builtin_interfaces/msg/detail/microxrcedds/duration__type_support_c.c.o[0m
[54.889s] [ 32%] [32mBuilding C object CMakeFiles/builtin_interfaces__rosidl_typesupport_microxrcedds_c.dir/rosidl_typesupport_microxrcedds_c/builtin_interfaces/msg/detail/microxrcedds/time__type_support_c.c.o[0m
[55.395s] [ 34%] [32m[1mLinking C shared library libbuiltin_interfaces__rosidl_typesupport_microxrcedds_c.so[0m
[55.979s] [ 34%] Built target builtin_interfaces__rosidl_typesupport_microxrcedds_c
[56.188s] [ 36%] [34m[1mGenerating C introspection for ROS interfaces[0m
[59.136s] [35m[1mScanning dependencies of target builtin_interfaces__rosidl_typesupport_introspection_c[0m
[59.392s] [ 38%] [32mBuilding C object CMakeFiles/builtin_interfaces__rosidl_typesupport_introspection_c.dir/rosidl_typesupport_introspection_c/builtin_interfaces/msg/detail/duration__type_support.c.o[0m
[59.796s] [ 40%] [32mBuilding C object CMakeFiles/builtin_interfaces__rosidl_typesupport_introspection_c.dir/rosidl_typesupport_introspection_c/builtin_interfaces/msg/detail/time__type_support.c.o[0m
[60.070s] [ 42%] [32m[1mLinking C shared library libbuiltin_interfaces__rosidl_typesupport_introspection_c.so[0m
[60.462s] [ 42%] Built target builtin_interfaces__rosidl_typesupport_introspection_c
[60.629s] [ 44%] [34m[1mGenerating C type support dispatch for ROS interfaces[0m
[62.592s] [35m[1mScanning dependencies of target builtin_interfaces__rosidl_typesupport_c[0m
[62.785s] [ 46%] [32mBuilding CXX object CMakeFiles/builtin_interfaces__rosidl_typesupport_c.dir/rosidl_typesupport_c/builtin_interfaces/msg/duration__type_support.cpp.o[0m
[63.218s] [ 48%] [32mBuilding CXX object CMakeFiles/builtin_interfaces__rosidl_typesupport_c.dir/rosidl_typesupport_c/builtin_interfaces/msg/time__type_support.cpp.o[0m
[63.625s] [ 51%] [32m[1mLinking CXX shared library libbuiltin_interfaces__rosidl_typesupport_c.so[0m
[64.096s] [ 51%] Built target builtin_interfaces__rosidl_typesupport_c
[64.298s] [ 53%] [34m[1mGenerating C type support for eProsima Fast-RTPS[0m
[67.107s] [35m[1mScanning dependencies of target builtin_interfaces__rosidl_typesupport_fastrtps_c[0m
[67.399s] [ 55%] [32mBuilding CXX object CMakeFiles/builtin_interfaces__rosidl_typesupport_fastrtps_c.dir/rosidl_typesupport_fastrtps_c/builtin_interfaces/msg/detail/duration__type_support_c.cpp.o[0m
[71.144s] [ 57%] [32mBuilding CXX object CMakeFiles/builtin_interfaces__rosidl_typesupport_fastrtps_c.dir/rosidl_typesupport_fastrtps_c/builtin_interfaces/msg/detail/time__type_support_c.cpp.o[0m
[74.266s] [ 59%] [32m[1mLinking CXX shared library libbuiltin_interfaces__rosidl_typesupport_fastrtps_c.so[0m
[75.319s] [ 59%] Built target builtin_interfaces__rosidl_typesupport_fastrtps_c
[75.490s] [ 61%] [34m[1mGenerating C++ type support dispatch for ROS interfaces[0m
[77.959s] [35m[1mScanning dependencies of target builtin_interfaces__rosidl_typesupport_cpp[0m
[78.098s] [ 63%] [32mBuilding CXX object CMakeFiles/builtin_interfaces__rosidl_typesupport_cpp.dir/rosidl_typesupport_cpp/builtin_interfaces/msg/duration__type_support.cpp.o[0m
[80.871s] [ 65%] [32mBuilding CXX object CMakeFiles/builtin_interfaces__rosidl_typesupport_cpp.dir/rosidl_typesupport_cpp/builtin_interfaces/msg/time__type_support.cpp.o[0m
[82.929s] [ 67%] [32m[1mLinking CXX shared library libbuiltin_interfaces__rosidl_typesupport_cpp.so[0m
[83.282s] [ 67%] Built target builtin_interfaces__rosidl_typesupport_cpp
[83.414s] [ 69%] [34m[1mGenerating C++ introspection for ROS interfaces[0m
[86.370s] [35m[1mScanning dependencies of target builtin_interfaces__rosidl_typesupport_introspection_cpp[0m
[86.530s] [ 71%] [32mBuilding CXX object CMakeFiles/builtin_interfaces__rosidl_typesupport_introspection_cpp.dir/rosidl_typesupport_introspection_cpp/builtin_interfaces/msg/detail/duration__type_support.cpp.o[0m
[89.184s] [ 73%] [32mBuilding CXX object CMakeFiles/builtin_interfaces__rosidl_typesupport_introspection_cpp.dir/rosidl_typesupport_introspection_cpp/builtin_interfaces/msg/detail/time__type_support.cpp.o[0m
[91.620s] [ 75%] [32m[1mLinking CXX shared library libbuiltin_interfaces__rosidl_typesupport_introspection_cpp.so[0m
[92.108s] [ 75%] Built target builtin_interfaces__rosidl_typesupport_introspection_cpp
[92.241s] [35m[1mScanning dependencies of target builtin_interfaces[0m
[92.370s] [ 75%] Built target builtin_interfaces
[92.483s] [35m[1mScanning dependencies of target builtin_interfaces__py[0m
[92.565s] [ 77%] [34m[1mGenerating Python code for ROS interfaces[0m
[96.783s] [ 77%] Built target builtin_interfaces__py
[96.986s] [35m[1mScanning dependencies of target builtin_interfaces__python[0m
[97.280s] [ 79%] [32mBuilding C object CMakeFiles/builtin_interfaces__python.dir/rosidl_generator_py/builtin_interfaces/msg/_duration_s.c.o[0m
[97.973s] [ 81%] [32mBuilding C object CMakeFiles/builtin_interfaces__python.dir/rosidl_generator_py/builtin_interfaces/msg/_time_s.c.o[0m
[98.820s] [ 83%] [32m[1mLinking C shared library rosidl_generator_py/builtin_interfaces/libbuiltin_interfaces__python.so[0m
[99.352s] [ 83%] Built target builtin_interfaces__python
[99.532s] [35m[1mScanning dependencies of target builtin_interfaces__rosidl_typesupport_c__pyext[0m
[99.759s] [ 85%] [32mBuilding C object CMakeFiles/builtin_interfaces__rosidl_typesupport_c__pyext.dir/rosidl_generator_py/builtin_interfaces/_builtin_interfaces_s.ep.rosidl_typesupport_c.c.o[0m
[100.496s] [ 87%] [32m[1mLinking C shared library rosidl_generator_py/builtin_interfaces/builtin_interfaces_s__rosidl_typesupport_c.cpython-38-aarch64-linux-gnu.so[0m
[100.819s] [ 87%] Built target builtin_interfaces__rosidl_typesupport_c__pyext
[100.911s] [35m[1mScanning dependencies of target builtin_interfaces__rosidl_typesupport_microxrcedds_c__pyext[0m
[101.186s] [ 89%] [32mBuilding C object CMakeFiles/builtin_interfaces__rosidl_typesupport_microxrcedds_c__pyext.dir/rosidl_generator_py/builtin_interfaces/_builtin_interfaces_s.ep.rosidl_typesupport_microxrcedds_c.c.o[0m
[101.973s] [ 91%] [32m[1mLinking C shared library rosidl_generator_py/builtin_interfaces/builtin_interfaces_s__rosidl_typesupport_microxrcedds_c.cpython-38-aarch64-linux-gnu.so[0m
[102.426s] [ 91%] Built target builtin_interfaces__rosidl_typesupport_microxrcedds_c__pyext
[102.586s] [35m[1mScanning dependencies of target builtin_interfaces__rosidl_typesupport_fastrtps_c__pyext[0m
[102.875s] [ 93%] [32mBuilding C object CMakeFiles/builtin_interfaces__rosidl_typesupport_fastrtps_c__pyext.dir/rosidl_generator_py/builtin_interfaces/_builtin_interfaces_s.ep.rosidl_typesupport_fastrtps_c.c.o[0m
[103.984s] [ 95%] [32m[1mLinking CXX shared library rosidl_generator_py/builtin_interfaces/builtin_interfaces_s__rosidl_typesupport_fastrtps_c.cpython-38-aarch64-linux-gnu.so[0m
[104.863s] [ 95%] Built target builtin_interfaces__rosidl_typesupport_fastrtps_c__pyext
[105.028s] [35m[1mScanning dependencies of target builtin_interfaces__rosidl_typesupport_introspection_c__pyext[0m
[105.342s] [ 97%] [32mBuilding C object CMakeFiles/builtin_interfaces__rosidl_typesupport_introspection_c__pyext.dir/rosidl_generator_py/builtin_interfaces/_builtin_interfaces_s.ep.rosidl_typesupport_introspection_c.c.o[0m
[106.339s] [100%] [32m[1mLinking C shared library rosidl_generator_py/builtin_interfaces/builtin_interfaces_s__rosidl_typesupport_introspection_c.cpython-38-aarch64-linux-gnu.so[0m
[106.711s] [100%] Built target builtin_interfaces__rosidl_typesupport_introspection_c__pyext
[106.802s] Invoked command in '/home/ubuntu/ROS2/microros_ws/build/builtin_interfaces' returned '0': CMAKE_PREFIX_PATH=${CMAKE_PREFIX_PATH}:/opt/ros/foxy /usr/bin/cmake --build /home/ubuntu/ROS2/microros_ws/build/builtin_interfaces -- -j4 -l4
[108.536s] Invoking command in '/home/ubuntu/ROS2/microros_ws/build/builtin_interfaces': CMAKE_PREFIX_PATH=${CMAKE_PREFIX_PATH}:/opt/ros/foxy /usr/bin/cmake --install /home/ubuntu/ROS2/microros_ws/build/builtin_interfaces
[108.583s] -- Install configuration: ""
[108.586s] -- Installing: /home/ubuntu/ROS2/microros_ws/install/builtin_interfaces/share/ament_index/resource_index/rosidl_interfaces/builtin_interfaces
[108.586s] -- Installing: /home/ubuntu/ROS2/microros_ws/install/builtin_interfaces/include/builtin_interfaces
[108.596s] -- Installing: /home/ubuntu/ROS2/microros_ws/install/builtin_interfaces/include/builtin_interfaces/msg
[108.598s] -- Installing: /home/ubuntu/ROS2/microros_ws/install/builtin_interfaces/include/builtin_interfaces/msg/time.h
[108.600s] -- Installing: /home/ubuntu/ROS2/microros_ws/install/builtin_interfaces/include/builtin_interfaces/msg/duration.h
[108.600s] -- Installing: /home/ubuntu/ROS2/microros_ws/install/builtin_interfaces/include/builtin_interfaces/msg/detail
[108.603s] -- Installing: /home/ubuntu/ROS2/microros_ws/install/builtin_interfaces/include/builtin_interfaces/msg/detail/duration__struct.h
[108.605s] -- Installing: /home/ubuntu/ROS2/microros_ws/install/builtin_interfaces/include/builtin_interfaces/msg/detail/duration__functions.c
[108.606s] -- Installing: /home/ubuntu/ROS2/microros_ws/install/builtin_interfaces/include/builtin_interfaces/msg/detail/time__struct.h
[108.606s] -- Installing: /home/ubuntu/ROS2/microros_ws/install/builtin_interfaces/include/builtin_interfaces/msg/detail/time__functions.h
[108.617s] -- Installing: /home/ubuntu/ROS2/microros_ws/install/builtin_interfaces/include/builtin_interfaces/msg/detail/time__type_support.h
[108.619s] -- Installing: /home/ubuntu/ROS2/microros_ws/install/builtin_interfaces/include/builtin_interfaces/msg/detail/duration__type_support.h
[108.620s] -- Installing: /home/ubuntu/ROS2/microros_ws/install/builtin_interfaces/include/builtin_interfaces/msg/detail/time__functions.c
[108.622s] -- Installing: /home/ubuntu/ROS2/microros_ws/install/builtin_interfaces/include/builtin_interfaces/msg/detail/duration__functions.h
[108.623s] -- Installing: /home/ubuntu/ROS2/microros_ws/install/builtin_interfaces/include/builtin_interfaces/msg/rosidl_generator_c__visibility_control.h
[108.625s] -- Installing: /home/ubuntu/ROS2/microros_ws/install/builtin_interfaces/share/builtin_interfaces/environment/library_path.sh
[108.627s] -- Installing: /home/ubuntu/ROS2/microros_ws/install/builtin_interfaces/share/builtin_interfaces/environment/library_path.dsv
[108.628s] -- Installing: /home/ubuntu/ROS2/microros_ws/install/builtin_interfaces/lib/libbuiltin_interfaces__rosidl_generator_c.so
[108.631s] -- Set runtime path of "/home/ubuntu/ROS2/microros_ws/install/builtin_interfaces/lib/libbuiltin_interfaces__rosidl_generator_c.so" to ""
[108.635s] -- Up-to-date: /home/ubuntu/ROS2/microros_ws/install/builtin_interfaces/include/builtin_interfaces
[108.635s] -- Up-to-date: /home/ubuntu/ROS2/microros_ws/install/builtin_interfaces/include/builtin_interfaces/msg
[108.642s] -- Installing: /home/ubuntu/ROS2/microros_ws/install/builtin_interfaces/include/builtin_interfaces/msg/rosidl_typesupport_microxrcedds_c__visibility_control.h
[108.642s] -- Up-to-date: /home/ubuntu/ROS2/microros_ws/install/builtin_interfaces/include/builtin_interfaces/msg/detail
[108.643s] -- Installing: /home/ubuntu/ROS2/microros_ws/install/builtin_interfaces/include/builtin_interfaces/msg/detail/duration__rosidl_typesupport_microxrcedds_c.h
[108.644s] -- Installing: /home/ubuntu/ROS2/microros_ws/install/builtin_interfaces/include/builtin_interfaces/msg/detail/microxrcedds
[108.644s] -- Installing: /home/ubuntu/ROS2/microros_ws/install/builtin_interfaces/include/builtin_interfaces/msg/detail/time__rosidl_typesupport_microxrcedds_c.h
[108.646s] -- Installing: /home/ubuntu/ROS2/microros_ws/install/builtin_interfaces/lib/libbuiltin_interfaces__rosidl_typesupport_microxrcedds_c.so
[108.646s] -- Set runtime path of "/home/ubuntu/ROS2/microros_ws/install/builtin_interfaces/lib/libbuiltin_interfaces__rosidl_typesupport_microxrcedds_c.so" to ""
[108.647s] -- Up-to-date: /home/ubuntu/ROS2/microros_ws/install/builtin_interfaces/include/builtin_interfaces
[108.647s] -- Up-to-date: /home/ubuntu/ROS2/microros_ws/install/builtin_interfaces/include/builtin_interfaces/msg
[108.657s] -- Installing: /home/ubuntu/ROS2/microros_ws/install/builtin_interfaces/include/builtin_interfaces/msg/rosidl_typesupport_fastrtps_c__visibility_control.h
[108.658s] -- Up-to-date: /home/ubuntu/ROS2/microros_ws/install/builtin_interfaces/include/builtin_interfaces/msg/detail
[108.659s] -- Installing: /home/ubuntu/ROS2/microros_ws/install/builtin_interfaces/include/builtin_interfaces/msg/detail/duration__rosidl_typesupport_fastrtps_c.h
[108.659s] -- Installing: /home/ubuntu/ROS2/microros_ws/install/builtin_interfaces/include/builtin_interfaces/msg/detail/time__rosidl_typesupport_fastrtps_c.h
[108.660s] -- Installing: /home/ubuntu/ROS2/microros_ws/install/builtin_interfaces/lib/libbuiltin_interfaces__rosidl_typesupport_fastrtps_c.so
[108.661s] -- Set runtime path of "/home/ubuntu/ROS2/microros_ws/install/builtin_interfaces/lib/libbuiltin_interfaces__rosidl_typesupport_fastrtps_c.so" to ""
[108.661s] -- Up-to-date: /home/ubuntu/ROS2/microros_ws/install/builtin_interfaces/include/builtin_interfaces
[108.662s] -- Up-to-date: /home/ubuntu/ROS2/microros_ws/install/builtin_interfaces/include/builtin_interfaces/msg
[108.662s] -- Installing: /home/ubuntu/ROS2/microros_ws/install/builtin_interfaces/include/builtin_interfaces/msg/rosidl_typesupport_fastrtps_cpp__visibility_control.h
[108.662s] -- Up-to-date: /home/ubuntu/ROS2/microros_ws/install/builtin_interfaces/include/builtin_interfaces/msg/detail
[108.663s] -- Installing: /home/ubuntu/ROS2/microros_ws/install/builtin_interfaces/include/builtin_interfaces/msg/detail/dds_fastrtps
[108.663s] -- Installing: /home/ubuntu/ROS2/microros_ws/install/builtin_interfaces/include/builtin_interfaces/msg/detail/duration__rosidl_typesupport_fastrtps_cpp.hpp
[108.664s] -- Installing: /home/ubuntu/ROS2/microros_ws/install/builtin_interfaces/include/builtin_interfaces/msg/detail/time__rosidl_typesupport_fastrtps_cpp.hpp
[108.664s] -- Installing: /home/ubuntu/ROS2/microros_ws/install/builtin_interfaces/lib/libbuiltin_interfaces__rosidl_typesupport_fastrtps_cpp.so
[108.665s] -- Set runtime path of "/home/ubuntu/ROS2/microros_ws/install/builtin_interfaces/lib/libbuiltin_interfaces__rosidl_typesupport_fastrtps_cpp.so" to ""
[108.671s] -- Up-to-date: /home/ubuntu/ROS2/microros_ws/install/builtin_interfaces/include/builtin_interfaces
[108.672s] -- Up-to-date: /home/ubuntu/ROS2/microros_ws/install/builtin_interfaces/include/builtin_interfaces/msg
[108.672s] -- Up-to-date: /home/ubuntu/ROS2/microros_ws/install/builtin_interfaces/include/builtin_interfaces/msg/detail
[108.673s] -- Installing: /home/ubuntu/ROS2/microros_ws/install/builtin_interfaces/include/builtin_interfaces/msg/detail/time__type_support.c
[108.674s] -- Installing: /home/ubuntu/ROS2/microros_ws/install/builtin_interfaces/include/builtin_interfaces/msg/detail/time__rosidl_typesupport_introspection_c.h
[108.674s] -- Installing: /home/ubuntu/ROS2/microros_ws/install/builtin_interfaces/include/builtin_interfaces/msg/detail/duration__type_support.c
[108.675s] -- Installing: /home/ubuntu/ROS2/microros_ws/install/builtin_interfaces/include/builtin_interfaces/msg/detail/duration__rosidl_typesupport_introspection_c.h
[108.685s] -- Installing: /home/ubuntu/ROS2/microros_ws/install/builtin_interfaces/include/builtin_interfaces/msg/rosidl_typesupport_introspection_c__visibility_control.h
[108.687s] -- Installing: /home/ubuntu/ROS2/microros_ws/install/builtin_interfaces/lib/libbuiltin_interfaces__rosidl_typesupport_introspection_c.so
[108.690s] -- Set runtime path of "/home/ubuntu/ROS2/microros_ws/install/builtin_interfaces/lib/libbuiltin_interfaces__rosidl_typesupport_introspection_c.so" to ""
[108.691s] -- Installing: /home/ubuntu/ROS2/microros_ws/install/builtin_interfaces/lib/libbuiltin_interfaces__rosidl_typesupport_c.so
[108.694s] -- Set runtime path of "/home/ubuntu/ROS2/microros_ws/install/builtin_interfaces/lib/libbuiltin_interfaces__rosidl_typesupport_c.so" to ""
[108.695s] -- Up-to-date: /home/ubuntu/ROS2/microros_ws/install/builtin_interfaces/include/builtin_interfaces
[108.696s] -- Up-to-date: /home/ubuntu/ROS2/microros_ws/install/builtin_interfaces/include/builtin_interfaces/msg
[108.697s] -- Installing: /home/ubuntu/ROS2/microros_ws/install/builtin_interfaces/include/builtin_interfaces/msg/time.hpp
[108.698s] -- Installing: /home/ubuntu/ROS2/microros_ws/install/builtin_interfaces/include/builtin_interfaces/msg/duration.hpp
[108.699s] -- Up-to-date: /home/ubuntu/ROS2/microros_ws/install/builtin_interfaces/include/builtin_interfaces/msg/detail
[108.700s] -- Installing: /home/ubuntu/ROS2/microros_ws/install/builtin_interfaces/include/builtin_interfaces/msg/detail/duration__builder.hpp
[108.702s] -- Installing: /home/ubuntu/ROS2/microros_ws/install/builtin_interfaces/include/builtin_interfaces/msg/detail/time__builder.hpp
[108.704s] -- Installing: /home/ubuntu/ROS2/microros_ws/install/builtin_interfaces/include/builtin_interfaces/msg/detail/duration__traits.hpp
[108.705s] -- Installing: /home/ubuntu/ROS2/microros_ws/install/builtin_interfaces/include/builtin_interfaces/msg/detail/duration__struct.hpp
[108.706s] -- Installing: /home/ubuntu/ROS2/microros_ws/install/builtin_interfaces/include/builtin_interfaces/msg/detail/duration__type_support.hpp
[108.708s] -- Installing: /home/ubuntu/ROS2/microros_ws/install/builtin_interfaces/include/builtin_interfaces/msg/detail/time__traits.hpp
[108.709s] -- Installing: /home/ubuntu/ROS2/microros_ws/install/builtin_interfaces/include/builtin_interfaces/msg/detail/time__struct.hpp
[108.711s] -- Installing: /home/ubuntu/ROS2/microros_ws/install/builtin_interfaces/include/builtin_interfaces/msg/detail/time__type_support.hpp
[108.712s] -- Installing: /home/ubuntu/ROS2/microros_ws/install/builtin_interfaces/include/builtin_interfaces/msg/rosidl_generator_cpp__visibility_control.hpp
[108.714s] -- Up-to-date: /home/ubuntu/ROS2/microros_ws/install/builtin_interfaces/include/builtin_interfaces
[108.714s] -- Up-to-date: /home/ubuntu/ROS2/microros_ws/install/builtin_interfaces/include/builtin_interfaces/msg
[108.718s] -- Up-to-date: /home/ubuntu/ROS2/microros_ws/install/builtin_interfaces/include/builtin_interfaces/msg/detail
[108.718s] -- Installing: /home/ubuntu/ROS2/microros_ws/install/builtin_interfaces/include/builtin_interfaces/msg/detail/time__rosidl_typesupport_microxrcedds_cpp.hpp
[108.729s] -- Up-to-date: /home/ubuntu/ROS2/microros_ws/install/builtin_interfaces/include/builtin_interfaces/msg/detail/microxrcedds
[108.730s] -- Installing: /home/ubuntu/ROS2/microros_ws/install/builtin_interfaces/include/builtin_interfaces/msg/detail/microxrcedds/duration__type_support_cpp.cpp
[108.731s] -- Installing: /home/ubuntu/ROS2/microros_ws/install/builtin_interfaces/include/builtin_interfaces/msg/detail/microxrcedds/time__type_support_cpp.cpp
[108.731s] -- Installing: /home/ubuntu/ROS2/microros_ws/install/builtin_interfaces/include/builtin_interfaces/msg/detail/duration__rosidl_typesupport_microxrcedds_cpp.hpp
[108.732s] -- Installing: /home/ubuntu/ROS2/microros_ws/install/builtin_interfaces/include/builtin_interfaces/msg/rosidl_typesupport_microxrcedds_cpp__visibility_control.h
[108.732s] -- Installing: /home/ubuntu/ROS2/microros_ws/install/builtin_interfaces/lib/libbuiltin_interfaces__rosidl_typesupport_microxrcedds_cpp.so
[108.733s] -- Set runtime path of "/home/ubuntu/ROS2/microros_ws/install/builtin_interfaces/lib/libbuiltin_interfaces__rosidl_typesupport_microxrcedds_cpp.so" to ""
[108.734s] -- Up-to-date: /home/ubuntu/ROS2/microros_ws/install/builtin_interfaces/include/builtin_interfaces
[108.734s] -- Up-to-date: /home/ubuntu/ROS2/microros_ws/install/builtin_interfaces/include/builtin_interfaces/msg
[108.735s] -- Up-to-date: /home/ubuntu/ROS2/microros_ws/install/builtin_interfaces/include/builtin_interfaces/msg/detail
[108.735s] -- Installing: /home/ubuntu/ROS2/microros_ws/install/builtin_interfaces/include/builtin_interfaces/msg/detail/duration__rosidl_typesupport_introspection_cpp.hpp
[108.736s] -- Installing: /home/ubuntu/ROS2/microros_ws/install/builtin_interfaces/include/builtin_interfaces/msg/detail/duration__type_support.cpp
[108.736s] -- Installing: /home/ubuntu/ROS2/microros_ws/install/builtin_interfaces/include/builtin_interfaces/msg/detail/time__rosidl_typesupport_introspection_cpp.hpp
[108.755s] -- Installing: /home/ubuntu/ROS2/microros_ws/install/builtin_interfaces/include/builtin_interfaces/msg/detail/time__type_support.cpp
[108.756s] -- Installing: /home/ubuntu/ROS2/microros_ws/install/builtin_interfaces/lib/libbuiltin_interfaces__rosidl_typesupport_introspection_cpp.so
[108.757s] -- Set runtime path of "/home/ubuntu/ROS2/microros_ws/install/builtin_interfaces/lib/libbuiltin_interfaces__rosidl_typesupport_introspection_cpp.so" to ""
[108.757s] -- Installing: /home/ubuntu/ROS2/microros_ws/install/builtin_interfaces/lib/libbuiltin_interfaces__rosidl_typesupport_cpp.so
[108.758s] -- Set runtime path of "/home/ubuntu/ROS2/microros_ws/install/builtin_interfaces/lib/libbuiltin_interfaces__rosidl_typesupport_cpp.so" to ""
[108.758s] -- Installing: /home/ubuntu/ROS2/microros_ws/install/builtin_interfaces/share/builtin_interfaces/environment/pythonpath.sh
[108.758s] -- Installing: /home/ubuntu/ROS2/microros_ws/install/builtin_interfaces/share/builtin_interfaces/environment/pythonpath.dsv
[108.759s] -- Installing: /home/ubuntu/ROS2/microros_ws/install/builtin_interfaces/lib/python3.8/site-packages/builtin_interfaces/__init__.py
[108.980s] Compiling '/home/ubuntu/ROS2/microros_ws/install/builtin_interfaces/lib/python3.8/site-packages/builtin_interfaces/__init__.py'...
[109.012s] -- Installing: /home/ubuntu/ROS2/microros_ws/install/builtin_interfaces/lib/python3.8/site-packages/builtin_interfaces/msg
[109.013s] -- Installing: /home/ubuntu/ROS2/microros_ws/install/builtin_interfaces/lib/python3.8/site-packages/builtin_interfaces/msg/_time.py
[109.016s] -- Installing: /home/ubuntu/ROS2/microros_ws/install/builtin_interfaces/lib/python3.8/site-packages/builtin_interfaces/msg/_duration.py
[109.018s] -- Installing: /home/ubuntu/ROS2/microros_ws/install/builtin_interfaces/lib/python3.8/site-packages/builtin_interfaces/msg/_duration_s.c
[109.020s] -- Installing: /home/ubuntu/ROS2/microros_ws/install/builtin_interfaces/lib/python3.8/site-packages/builtin_interfaces/msg/_time_s.c
[109.020s] -- Installing: /home/ubuntu/ROS2/microros_ws/install/builtin_interfaces/lib/python3.8/site-packages/builtin_interfaces/msg/__init__.py
[109.021s] -- Installing: /home/ubuntu/ROS2/microros_ws/install/builtin_interfaces/lib/python3.8/site-packages/builtin_interfaces/builtin_interfaces_s__rosidl_typesupport_microxrcedds_c.cpython-38-aarch64-linux-gnu.so
[109.026s] -- Set runtime path of "/home/ubuntu/ROS2/microros_ws/install/builtin_interfaces/lib/python3.8/site-packages/builtin_interfaces/builtin_interfaces_s__rosidl_typesupport_microxrcedds_c.cpython-38-aarch64-linux-gnu.so" to ""
[109.026s] -- Installing: /home/ubuntu/ROS2/microros_ws/install/builtin_interfaces/lib/python3.8/site-packages/builtin_interfaces/builtin_interfaces_s__rosidl_typesupport_fastrtps_c.cpython-38-aarch64-linux-gnu.so
[109.031s] -- Set runtime path of "/home/ubuntu/ROS2/microros_ws/install/builtin_interfaces/lib/python3.8/site-packages/builtin_interfaces/builtin_interfaces_s__rosidl_typesupport_fastrtps_c.cpython-38-aarch64-linux-gnu.so" to ""
[109.032s] -- Installing: /home/ubuntu/ROS2/microros_ws/install/builtin_interfaces/lib/python3.8/site-packages/builtin_interfaces/builtin_interfaces_s__rosidl_typesupport_introspection_c.cpython-38-aarch64-linux-gnu.so
[109.043s] -- Set runtime path of "/home/ubuntu/ROS2/microros_ws/install/builtin_interfaces/lib/python3.8/site-packages/builtin_interfaces/builtin_interfaces_s__rosidl_typesupport_introspection_c.cpython-38-aarch64-linux-gnu.so" to ""
[109.045s] -- Installing: /home/ubuntu/ROS2/microros_ws/install/builtin_interfaces/lib/python3.8/site-packages/builtin_interfaces/builtin_interfaces_s__rosidl_typesupport_c.cpython-38-aarch64-linux-gnu.so
[109.048s] -- Set runtime path of "/home/ubuntu/ROS2/microros_ws/install/builtin_interfaces/lib/python3.8/site-packages/builtin_interfaces/builtin_interfaces_s__rosidl_typesupport_c.cpython-38-aarch64-linux-gnu.so" to ""
[109.051s] -- Installing: /home/ubuntu/ROS2/microros_ws/install/builtin_interfaces/lib/libbuiltin_interfaces__python.so
[109.054s] -- Set runtime path of "/home/ubuntu/ROS2/microros_ws/install/builtin_interfaces/lib/libbuiltin_interfaces__python.so" to ""
[109.056s] -- Installing: /home/ubuntu/ROS2/microros_ws/install/builtin_interfaces/share/builtin_interfaces/msg/Duration.idl
[109.056s] -- Installing: /home/ubuntu/ROS2/microros_ws/install/builtin_interfaces/share/builtin_interfaces/msg/Time.idl
[109.059s] -- Installing: /home/ubuntu/ROS2/microros_ws/install/builtin_interfaces/share/builtin_interfaces/msg/Duration.msg
[109.061s] -- Installing: /home/ubuntu/ROS2/microros_ws/install/builtin_interfaces/share/builtin_interfaces/msg/Time.msg
[109.061s] -- Installing: /home/ubuntu/ROS2/microros_ws/install/builtin_interfaces/share/ament_index/resource_index/package_run_dependencies/builtin_interfaces
[109.070s] -- Installing: /home/ubuntu/ROS2/microros_ws/install/builtin_interfaces/share/ament_index/resource_index/parent_prefix_path/builtin_interfaces
[109.070s] -- Installing: /home/ubuntu/ROS2/microros_ws/install/builtin_interfaces/share/builtin_interfaces/environment/ament_prefix_path.sh
[109.076s] -- Installing: /home/ubuntu/ROS2/microros_ws/install/builtin_interfaces/share/builtin_interfaces/environment/ament_prefix_path.dsv
[109.077s] -- Installing: /home/ubuntu/ROS2/microros_ws/install/builtin_interfaces/share/builtin_interfaces/environment/path.sh
[109.078s] -- Installing: /home/ubuntu/ROS2/microros_ws/install/builtin_interfaces/share/builtin_interfaces/environment/path.dsv
[109.078s] -- Installing: /home/ubuntu/ROS2/microros_ws/install/builtin_interfaces/share/builtin_interfaces/local_setup.bash
[109.083s] -- Installing: /home/ubuntu/ROS2/microros_ws/install/builtin_interfaces/share/builtin_interfaces/local_setup.sh
[109.099s] -- Installing: /home/ubuntu/ROS2/microros_ws/install/builtin_interfaces/share/builtin_interfaces/local_setup.zsh
[109.100s] -- Installing: /home/ubuntu/ROS2/microros_ws/install/builtin_interfaces/share/builtin_interfaces/local_setup.dsv
[109.101s] -- Installing: /home/ubuntu/ROS2/microros_ws/install/builtin_interfaces/share/builtin_interfaces/package.dsv
[109.101s] -- Installing: /home/ubuntu/ROS2/microros_ws/install/builtin_interfaces/share/ament_index/resource_index/packages/builtin_interfaces
[109.104s] -- Installing: /home/ubuntu/ROS2/microros_ws/install/builtin_interfaces/share/builtin_interfaces/cmake/builtin_interfaces__rosidl_generator_cExport.cmake
[109.105s] -- Installing: /home/ubuntu/ROS2/microros_ws/install/builtin_interfaces/share/builtin_interfaces/cmake/builtin_interfaces__rosidl_generator_cExport-noconfig.cmake
[109.105s] -- Installing: /home/ubuntu/ROS2/microros_ws/install/builtin_interfaces/share/builtin_interfaces/cmake/builtin_interfaces__rosidl_typesupport_introspection_cExport.cmake
[109.112s] -- Installing: /home/ubuntu/ROS2/microros_ws/install/builtin_interfaces/share/builtin_interfaces/cmake/builtin_interfaces__rosidl_typesupport_introspection_cExport-noconfig.cmake
[109.112s] -- Installing: /home/ubuntu/ROS2/microros_ws/install/builtin_interfaces/share/builtin_interfaces/cmake/builtin_interfaces__rosidl_typesupport_cExport.cmake
[109.121s] -- Installing: /home/ubuntu/ROS2/microros_ws/install/builtin_interfaces/share/builtin_interfaces/cmake/builtin_interfaces__rosidl_typesupport_cExport-noconfig.cmake
[109.122s] -- Installing: /home/ubuntu/ROS2/microros_ws/install/builtin_interfaces/share/builtin_interfaces/cmake/builtin_interfaces__rosidl_generator_cppExport.cmake
[109.126s] -- Installing: /home/ubuntu/ROS2/microros_ws/install/builtin_interfaces/share/builtin_interfaces/cmake/builtin_interfaces__rosidl_typesupport_introspection_cppExport.cmake
[109.127s] -- Installing: /home/ubuntu/ROS2/microros_ws/install/builtin_interfaces/share/builtin_interfaces/cmake/builtin_interfaces__rosidl_typesupport_introspection_cppExport-noconfig.cmake
[109.128s] -- Installing: /home/ubuntu/ROS2/microros_ws/install/builtin_interfaces/share/builtin_interfaces/cmake/builtin_interfaces__rosidl_typesupport_cppExport.cmake
[109.128s] -- Installing: /home/ubuntu/ROS2/microros_ws/install/builtin_interfaces/share/builtin_interfaces/cmake/builtin_interfaces__rosidl_typesupport_cppExport-noconfig.cmake
[109.129s] -- Installing: /home/ubuntu/ROS2/microros_ws/install/builtin_interfaces/share/builtin_interfaces/cmake/rosidl_cmake-extras.cmake
[109.130s] -- Installing: /home/ubuntu/ROS2/microros_ws/install/builtin_interfaces/share/builtin_interfaces/cmake/ament_cmake_export_dependencies-extras.cmake
[109.131s] -- Installing: /home/ubuntu/ROS2/microros_ws/install/builtin_interfaces/share/builtin_interfaces/cmake/ament_cmake_export_libraries-extras.cmake
[109.141s] -- Installing: /home/ubuntu/ROS2/microros_ws/install/builtin_interfaces/share/builtin_interfaces/cmake/ament_cmake_export_targets-extras.cmake
[109.142s] -- Installing: /home/ubuntu/ROS2/microros_ws/install/builtin_interfaces/share/builtin_interfaces/cmake/ament_cmake_export_include_directories-extras.cmake
[109.143s] -- Installing: /home/ubuntu/ROS2/microros_ws/install/builtin_interfaces/share/builtin_interfaces/cmake/rosidl_cmake_export_typesupport_libraries-extras.cmake
[109.144s] -- Installing: /home/ubuntu/ROS2/microros_ws/install/builtin_interfaces/share/builtin_interfaces/cmake/rosidl_cmake_export_typesupport_targets-extras.cmake
[109.144s] -- Installing: /home/ubuntu/ROS2/microros_ws/install/builtin_interfaces/share/builtin_interfaces/cmake/builtin_interfacesConfig.cmake
[109.145s] -- Installing: /home/ubuntu/ROS2/microros_ws/install/builtin_interfaces/share/builtin_interfaces/cmake/builtin_interfacesConfig-version.cmake
[109.145s] -- Installing: /home/ubuntu/ROS2/microros_ws/install/builtin_interfaces/share/builtin_interfaces/package.xml
[109.146s] Invoked command in '/home/ubuntu/ROS2/microros_ws/build/builtin_interfaces' returned '0': CMAKE_PREFIX_PATH=${CMAKE_PREFIX_PATH}:/opt/ros/foxy /usr/bin/cmake --install /home/ubuntu/ROS2/microros_ws/build/builtin_interfaces
