[0.193s] Invoking command in '/home/ubuntu/ROS2/microros_ws/build/micro_ros_msgs': CMAKE_PREFIX_PATH=${CMAKE_PREFIX_PATH}:/opt/ros/foxy /usr/bin/cmake /home/ubuntu/ROS2/microros_ws/src/uros/micro_ros_msgs -DBUILD_TESTING=OFF -DBUILD_SHARED_LIBS=ON -DCMAKE_INSTALL_PREFIX=/home/ubuntu/ROS2/microros_ws/install/micro_ros_msgs
[0.342s] -- Found ament_cmake: 0.9.12 (/opt/ros/foxy/share/ament_cmake/cmake)
[0.516s] -- Found PythonInterp: /usr/bin/python3 (found suitable version "3.8.10", minimum required is "3") 
[0.517s] -- Using PYTHON_EXECUTABLE: /usr/bin/python3
[2.407s] -- Found rosidl_default_generators: 1.0.1 (/opt/ros/foxy/share/rosidl_default_generators/cmake)
[2.435s] -- Using all available rosidl_typesupport_c: rosidl_typesupport_microxrcedds_c;rosidl_typesupport_fastrtps_c;rosidl_typesupport_introspection_c
[2.486s] -- Found rosidl_adapter: 1.3.1 (/opt/ros/foxy/share/rosidl_adapter/cmake)
[4.149s] -- Using all available rosidl_typesupport_cpp: rosidl_typesupport_microxrcedds_cpp;rosidl_typesupport_fastrtps_cpp;rosidl_typesupport_introspection_cpp
[4.720s] -- Found PythonInterp: /usr/bin/python3 (found version "3.8.10") 
[5.659s] -- Found ament_cmake_ros: 0.9.2 (/opt/ros/foxy/share/ament_cmake_ros/cmake)
[7.064s] -- Using all available rosidl_typesupport_c: rosidl_typesupport_microxrcedds_c;rosidl_typesupport_fastrtps_c;rosidl_typesupport_introspection_c
[7.167s] -- Using all available rosidl_typesupport_cpp: rosidl_typesupport_microxrcedds_cpp;rosidl_typesupport_fastrtps_cpp;rosidl_typesupport_introspection_cpp
[7.364s] -- Found PythonInterp: /usr/bin/python3 (found suitable version "3.8.10", minimum required is "3.5") 
[7.366s] -- Found python_cmake_module: 0.8.1 (/opt/ros/foxy/share/python_cmake_module/cmake)
[7.526s] -- Using PYTHON_EXECUTABLE: /usr/bin/python3
[7.527s] -- Using PYTHON_INCLUDE_DIRS: /usr/include/python3.8
[7.528s] -- Using PYTHON_LIBRARIES: /usr/lib/aarch64-linux-gnu/libpython3.8.so
[8.041s] -- Configuring done
[8.603s] -- Generating done
[8.640s] -- Build files have been written to: /home/ubuntu/ROS2/microros_ws/build/micro_ros_msgs
[8.687s] Invoked command in '/home/ubuntu/ROS2/microros_ws/build/micro_ros_msgs' returned '0': CMAKE_PREFIX_PATH=${CMAKE_PREFIX_PATH}:/opt/ros/foxy /usr/bin/cmake /home/ubuntu/ROS2/microros_ws/src/uros/micro_ros_msgs -DBUILD_TESTING=OFF -DBUILD_SHARED_LIBS=ON -DCMAKE_INSTALL_PREFIX=/home/ubuntu/ROS2/microros_ws/install/micro_ros_msgs
[8.708s] Invoking command in '/home/ubuntu/ROS2/microros_ws/build/micro_ros_msgs': CMAKE_PREFIX_PATH=${CMAKE_PREFIX_PATH}:/opt/ros/foxy /usr/bin/cmake --build /home/ubuntu/ROS2/microros_ws/build/micro_ros_msgs -- -j4 -l4
[9.497s] [  1%] Built target micro_ros_msgs__cpp
[9.539s] [ 10%] Built target micro_ros_msgs__rosidl_generator_c
[9.735s] [ 11%] [34m[1mGenerating C++ type support dispatch for ROS interfaces[0m
[9.750s] [ 13%] [34m[1mGenerating C++ type support for eProsima Micro XRCE-DDS[0m
[9.993s] [ 22%] Built target micro_ros_msgs__rosidl_typesupport_introspection_cpp
[10.218s] [ 30%] Built target micro_ros_msgs__rosidl_typesupport_fastrtps_cpp
[10.283s] [ 32%] [34m[1mGenerating C type support dispatch for ROS interfaces[0m
[10.497s] [ 33%] [34m[1mGenerating C type support for eProsima Micro XRCE-DDS[0m
[13.934s] [35m[1mScanning dependencies of target micro_ros_msgs__rosidl_typesupport_cpp[0m
[14.313s] [ 35%] [32mBuilding CXX object CMakeFiles/micro_ros_msgs__rosidl_typesupport_cpp.dir/rosidl_typesupport_cpp/micro_ros_msgs/msg/graph__type_support.cpp.o[0m
[14.817s] [35m[1mScanning dependencies of target micro_ros_msgs__rosidl_typesupport_c[0m
[15.125s] [ 37%] [32mBuilding CXX object CMakeFiles/micro_ros_msgs__rosidl_typesupport_c.dir/rosidl_typesupport_c/micro_ros_msgs/msg/graph__type_support.cpp.o[0m
[15.707s] [35m[1mScanning dependencies of target micro_ros_msgs__rosidl_typesupport_microxrcedds_cpp[0m
[15.797s] [ 38%] [32mBuilding CXX object CMakeFiles/micro_ros_msgs__rosidl_typesupport_c.dir/rosidl_typesupport_c/micro_ros_msgs/msg/node__type_support.cpp.o[0m
[16.079s] [ 40%] [32mBuilding CXX object CMakeFiles/micro_ros_msgs__rosidl_typesupport_microxrcedds_cpp.dir/rosidl_typesupport_microxrcedds_cpp/micro_ros_msgs/msg/detail/microxrcedds/graph__type_support_cpp.cpp.o[0m
[16.518s] [ 42%] [32mBuilding CXX object CMakeFiles/micro_ros_msgs__rosidl_typesupport_c.dir/rosidl_typesupport_c/micro_ros_msgs/msg/entity__type_support.cpp.o[0m
[16.775s] [35m[1mScanning dependencies of target micro_ros_msgs__rosidl_typesupport_microxrcedds_c[0m
[17.260s] [ 44%] [32mBuilding C object CMakeFiles/micro_ros_msgs__rosidl_typesupport_microxrcedds_c.dir/rosidl_typesupport_microxrcedds_c/micro_ros_msgs/msg/detail/microxrcedds/graph__type_support_c.c.o[0m
[17.376s] [ 45%] [32m[1mLinking CXX shared library libmicro_ros_msgs__rosidl_typesupport_c.so[0m
[18.176s] [ 45%] Built target micro_ros_msgs__rosidl_typesupport_c
[18.284s] [ 47%] [32mBuilding C object CMakeFiles/micro_ros_msgs__rosidl_typesupport_microxrcedds_c.dir/rosidl_typesupport_microxrcedds_c/micro_ros_msgs/msg/detail/microxrcedds/node__type_support_c.c.o[0m
[18.348s] [ 49%] [32mBuilding CXX object CMakeFiles/micro_ros_msgs__rosidl_typesupport_cpp.dir/rosidl_typesupport_cpp/micro_ros_msgs/msg/node__type_support.cpp.o[0m
[19.368s] [ 50%] [32mBuilding C object CMakeFiles/micro_ros_msgs__rosidl_typesupport_microxrcedds_c.dir/rosidl_typesupport_microxrcedds_c/micro_ros_msgs/msg/detail/microxrcedds/entity__type_support_c.c.o[0m
[20.358s] [ 52%] [32m[1mLinking C shared library libmicro_ros_msgs__rosidl_typesupport_microxrcedds_c.so[0m
[20.772s] [ 54%] [32mBuilding CXX object CMakeFiles/micro_ros_msgs__rosidl_typesupport_cpp.dir/rosidl_typesupport_cpp/micro_ros_msgs/msg/entity__type_support.cpp.o[0m
[21.497s] [ 54%] Built target micro_ros_msgs__rosidl_typesupport_microxrcedds_c
[23.180s] [ 55%] [32mBuilding CXX object CMakeFiles/micro_ros_msgs__rosidl_typesupport_microxrcedds_cpp.dir/rosidl_typesupport_microxrcedds_cpp/micro_ros_msgs/msg/detail/microxrcedds/node__type_support_cpp.cpp.o[0m
[24.526s] [ 57%] [32m[1mLinking CXX shared library libmicro_ros_msgs__rosidl_typesupport_cpp.so[0m
[25.070s] [ 57%] Built target micro_ros_msgs__rosidl_typesupport_cpp
[26.342s] [ 59%] [32mBuilding CXX object CMakeFiles/micro_ros_msgs__rosidl_typesupport_microxrcedds_cpp.dir/rosidl_typesupport_microxrcedds_cpp/micro_ros_msgs/msg/detail/microxrcedds/entity__type_support_cpp.cpp.o[0m
[29.413s] [ 61%] [32m[1mLinking CXX shared library libmicro_ros_msgs__rosidl_typesupport_microxrcedds_cpp.so[0m
[29.957s] [ 61%] Built target micro_ros_msgs__rosidl_typesupport_microxrcedds_cpp
[30.381s] [ 69%] Built target micro_ros_msgs__rosidl_typesupport_fastrtps_c
[30.767s] [ 77%] Built target micro_ros_msgs__rosidl_typesupport_introspection_c
[30.977s] [ 77%] Built target micro_ros_msgs
[31.080s] [35m[1mScanning dependencies of target micro_ros_msgs__py[0m
[31.305s] [ 79%] [34m[1mGenerating Python code for ROS interfaces[0m
[37.551s] [ 79%] Built target micro_ros_msgs__py
[37.699s] [35m[1mScanning dependencies of target micro_ros_msgs__python[0m
[37.979s] [ 81%] [32mBuilding C object CMakeFiles/micro_ros_msgs__python.dir/rosidl_generator_py/micro_ros_msgs/msg/_graph_s.c.o[0m
[38.989s] [ 83%] [32mBuilding C object CMakeFiles/micro_ros_msgs__python.dir/rosidl_generator_py/micro_ros_msgs/msg/_entity_s.c.o[0m
[39.845s] [ 84%] [32mBuilding C object CMakeFiles/micro_ros_msgs__python.dir/rosidl_generator_py/micro_ros_msgs/msg/_node_s.c.o[0m
[40.525s] [ 86%] [32m[1mLinking C shared library rosidl_generator_py/micro_ros_msgs/libmicro_ros_msgs__python.so[0m
[41.019s] [ 86%] Built target micro_ros_msgs__python
[41.145s] [35m[1mScanning dependencies of target micro_ros_msgs__rosidl_typesupport_introspection_c__pyext[0m
[41.394s] [ 88%] [32mBuilding C object CMakeFiles/micro_ros_msgs__rosidl_typesupport_introspection_c__pyext.dir/rosidl_generator_py/micro_ros_msgs/_micro_ros_msgs_s.ep.rosidl_typesupport_introspection_c.c.o[0m
[42.121s] [ 89%] [32m[1mLinking C shared library rosidl_generator_py/micro_ros_msgs/micro_ros_msgs_s__rosidl_typesupport_introspection_c.cpython-38-aarch64-linux-gnu.so[0m
[42.524s] [ 89%] Built target micro_ros_msgs__rosidl_typesupport_introspection_c__pyext
[42.665s] [35m[1mScanning dependencies of target micro_ros_msgs__rosidl_typesupport_c__pyext[0m
[42.965s] [ 91%] [32mBuilding C object CMakeFiles/micro_ros_msgs__rosidl_typesupport_c__pyext.dir/rosidl_generator_py/micro_ros_msgs/_micro_ros_msgs_s.ep.rosidl_typesupport_c.c.o[0m
[43.651s] [ 93%] [32m[1mLinking C shared library rosidl_generator_py/micro_ros_msgs/micro_ros_msgs_s__rosidl_typesupport_c.cpython-38-aarch64-linux-gnu.so[0m
[44.107s] [ 93%] Built target micro_ros_msgs__rosidl_typesupport_c__pyext
[44.278s] [35m[1mScanning dependencies of target micro_ros_msgs__rosidl_typesupport_microxrcedds_c__pyext[0m
[44.546s] [ 94%] [32mBuilding C object CMakeFiles/micro_ros_msgs__rosidl_typesupport_microxrcedds_c__pyext.dir/rosidl_generator_py/micro_ros_msgs/_micro_ros_msgs_s.ep.rosidl_typesupport_microxrcedds_c.c.o[0m
[45.206s] [ 96%] [32m[1mLinking C shared library rosidl_generator_py/micro_ros_msgs/micro_ros_msgs_s__rosidl_typesupport_microxrcedds_c.cpython-38-aarch64-linux-gnu.so[0m
[45.674s] [ 96%] Built target micro_ros_msgs__rosidl_typesupport_microxrcedds_c__pyext
[45.878s] [35m[1mScanning dependencies of target micro_ros_msgs__rosidl_typesupport_fastrtps_c__pyext[0m
[46.193s] [ 98%] [32mBuilding C object CMakeFiles/micro_ros_msgs__rosidl_typesupport_fastrtps_c__pyext.dir/rosidl_generator_py/micro_ros_msgs/_micro_ros_msgs_s.ep.rosidl_typesupport_fastrtps_c.c.o[0m
[47.010s] [100%] [32m[1mLinking CXX shared library rosidl_generator_py/micro_ros_msgs/micro_ros_msgs_s__rosidl_typesupport_fastrtps_c.cpython-38-aarch64-linux-gnu.so[0m
[47.672s] [100%] Built target micro_ros_msgs__rosidl_typesupport_fastrtps_c__pyext
[47.803s] Invoked command in '/home/ubuntu/ROS2/microros_ws/build/micro_ros_msgs' returned '0': CMAKE_PREFIX_PATH=${CMAKE_PREFIX_PATH}:/opt/ros/foxy /usr/bin/cmake --build /home/ubuntu/ROS2/microros_ws/build/micro_ros_msgs -- -j4 -l4
[51.271s] Invoking command in '/home/ubuntu/ROS2/microros_ws/build/micro_ros_msgs': CMAKE_PREFIX_PATH=${CMAKE_PREFIX_PATH}:/opt/ros/foxy /usr/bin/cmake --install /home/ubuntu/ROS2/microros_ws/build/micro_ros_msgs
[51.426s] -- Install configuration: ""
[51.434s] -- Up-to-date: /home/ubuntu/ROS2/microros_ws/install/micro_ros_msgs/share/ament_index/resource_index/rosidl_interfaces/micro_ros_msgs
[51.436s] -- Up-to-date: /home/ubuntu/ROS2/microros_ws/install/micro_ros_msgs/include/micro_ros_msgs
[51.437s] -- Up-to-date: /home/ubuntu/ROS2/microros_ws/install/micro_ros_msgs/include/micro_ros_msgs/msg
[51.437s] -- Up-to-date: /home/ubuntu/ROS2/microros_ws/install/micro_ros_msgs/include/micro_ros_msgs/msg/graph.h
[51.438s] -- Up-to-date: /home/ubuntu/ROS2/microros_ws/install/micro_ros_msgs/include/micro_ros_msgs/msg/detail
[51.439s] -- Up-to-date: /home/ubuntu/ROS2/microros_ws/install/micro_ros_msgs/include/micro_ros_msgs/msg/detail/entity__struct.h
[51.439s] -- Up-to-date: /home/ubuntu/ROS2/microros_ws/install/micro_ros_msgs/include/micro_ros_msgs/msg/detail/entity__functions.c
[51.440s] -- Up-to-date: /home/ubuntu/ROS2/microros_ws/install/micro_ros_msgs/include/micro_ros_msgs/msg/detail/graph__type_support.h
[51.441s] -- Up-to-date: /home/ubuntu/ROS2/microros_ws/install/micro_ros_msgs/include/micro_ros_msgs/msg/detail/node__functions.h
[51.441s] -- Up-to-date: /home/ubuntu/ROS2/microros_ws/install/micro_ros_msgs/include/micro_ros_msgs/msg/detail/graph__functions.c
[51.446s] -- Up-to-date: /home/ubuntu/ROS2/microros_ws/install/micro_ros_msgs/include/micro_ros_msgs/msg/detail/entity__type_support.h
[51.447s] -- Up-to-date: /home/ubuntu/ROS2/microros_ws/install/micro_ros_msgs/include/micro_ros_msgs/msg/detail/node__struct.h
[51.447s] -- Up-to-date: /home/ubuntu/ROS2/microros_ws/install/micro_ros_msgs/include/micro_ros_msgs/msg/detail/graph__struct.h
[51.448s] -- Up-to-date: /home/ubuntu/ROS2/microros_ws/install/micro_ros_msgs/include/micro_ros_msgs/msg/detail/node__type_support.h
[51.462s] -- Up-to-date: /home/ubuntu/ROS2/microros_ws/install/micro_ros_msgs/include/micro_ros_msgs/msg/detail/entity__functions.h
[51.463s] -- Up-to-date: /home/ubuntu/ROS2/microros_ws/install/micro_ros_msgs/include/micro_ros_msgs/msg/detail/node__functions.c
[51.464s] -- Up-to-date: /home/ubuntu/ROS2/microros_ws/install/micro_ros_msgs/include/micro_ros_msgs/msg/detail/graph__functions.h
[51.464s] -- Up-to-date: /home/ubuntu/ROS2/microros_ws/install/micro_ros_msgs/include/micro_ros_msgs/msg/rosidl_generator_c__visibility_control.h
[51.467s] -- Up-to-date: /home/ubuntu/ROS2/microros_ws/install/micro_ros_msgs/include/micro_ros_msgs/msg/entity.h
[51.468s] -- Up-to-date: /home/ubuntu/ROS2/microros_ws/install/micro_ros_msgs/include/micro_ros_msgs/msg/node.h
[51.468s] -- Up-to-date: /home/ubuntu/ROS2/microros_ws/install/micro_ros_msgs/share/micro_ros_msgs/environment/library_path.sh
[51.469s] -- Installing: /home/ubuntu/ROS2/microros_ws/install/micro_ros_msgs/share/micro_ros_msgs/environment/library_path.dsv
[51.469s] -- Up-to-date: /home/ubuntu/ROS2/microros_ws/install/micro_ros_msgs/lib/libmicro_ros_msgs__rosidl_generator_c.so
[51.470s] -- Up-to-date: /home/ubuntu/ROS2/microros_ws/install/micro_ros_msgs/include/micro_ros_msgs
[51.479s] -- Up-to-date: /home/ubuntu/ROS2/microros_ws/install/micro_ros_msgs/include/micro_ros_msgs/msg
[51.485s] -- Installing: /home/ubuntu/ROS2/microros_ws/install/micro_ros_msgs/include/micro_ros_msgs/msg/rosidl_typesupport_microxrcedds_c__visibility_control.h
[51.485s] -- Up-to-date: /home/ubuntu/ROS2/microros_ws/install/micro_ros_msgs/include/micro_ros_msgs/msg/detail
[51.486s] -- Installing: /home/ubuntu/ROS2/microros_ws/install/micro_ros_msgs/include/micro_ros_msgs/msg/detail/entity__rosidl_typesupport_microxrcedds_c.h
[51.487s] -- Installing: /home/ubuntu/ROS2/microros_ws/install/micro_ros_msgs/include/micro_ros_msgs/msg/detail/microxrcedds
[51.488s] -- Installing: /home/ubuntu/ROS2/microros_ws/install/micro_ros_msgs/include/micro_ros_msgs/msg/detail/node__rosidl_typesupport_microxrcedds_c.h
[51.488s] -- Installing: /home/ubuntu/ROS2/microros_ws/install/micro_ros_msgs/include/micro_ros_msgs/msg/detail/graph__rosidl_typesupport_microxrcedds_c.h
[51.489s] -- Installing: /home/ubuntu/ROS2/microros_ws/install/micro_ros_msgs/lib/libmicro_ros_msgs__rosidl_typesupport_microxrcedds_c.so
[51.490s] -- Set runtime path of "/home/ubuntu/ROS2/microros_ws/install/micro_ros_msgs/lib/libmicro_ros_msgs__rosidl_typesupport_microxrcedds_c.so" to ""
[51.490s] -- Up-to-date: /home/ubuntu/ROS2/microros_ws/install/micro_ros_msgs/include/micro_ros_msgs
[51.491s] -- Up-to-date: /home/ubuntu/ROS2/microros_ws/install/micro_ros_msgs/include/micro_ros_msgs/msg
[51.492s] -- Up-to-date: /home/ubuntu/ROS2/microros_ws/install/micro_ros_msgs/include/micro_ros_msgs/msg/rosidl_typesupport_fastrtps_c__visibility_control.h
[51.492s] -- Up-to-date: /home/ubuntu/ROS2/microros_ws/install/micro_ros_msgs/include/micro_ros_msgs/msg/detail
[51.493s] -- Up-to-date: /home/ubuntu/ROS2/microros_ws/install/micro_ros_msgs/include/micro_ros_msgs/msg/detail/node__rosidl_typesupport_fastrtps_c.h
[51.511s] -- Up-to-date: /home/ubuntu/ROS2/microros_ws/install/micro_ros_msgs/include/micro_ros_msgs/msg/detail/graph__rosidl_typesupport_fastrtps_c.h
[51.512s] -- Up-to-date: /home/ubuntu/ROS2/microros_ws/install/micro_ros_msgs/include/micro_ros_msgs/msg/detail/entity__rosidl_typesupport_fastrtps_c.h
[51.513s] -- Up-to-date: /home/ubuntu/ROS2/microros_ws/install/micro_ros_msgs/lib/libmicro_ros_msgs__rosidl_typesupport_fastrtps_c.so
[51.513s] -- Up-to-date: /home/ubuntu/ROS2/microros_ws/install/micro_ros_msgs/include/micro_ros_msgs
[51.513s] -- Up-to-date: /home/ubuntu/ROS2/microros_ws/install/micro_ros_msgs/include/micro_ros_msgs/msg
[51.514s] -- Up-to-date: /home/ubuntu/ROS2/microros_ws/install/micro_ros_msgs/include/micro_ros_msgs/msg/rosidl_typesupport_fastrtps_cpp__visibility_control.h
[51.514s] -- Up-to-date: /home/ubuntu/ROS2/microros_ws/install/micro_ros_msgs/include/micro_ros_msgs/msg/detail
[51.515s] -- Up-to-date: /home/ubuntu/ROS2/microros_ws/install/micro_ros_msgs/include/micro_ros_msgs/msg/detail/dds_fastrtps
[51.519s] -- Up-to-date: /home/ubuntu/ROS2/microros_ws/install/micro_ros_msgs/include/micro_ros_msgs/msg/detail/entity__rosidl_typesupport_fastrtps_cpp.hpp
[51.523s] -- Up-to-date: /home/ubuntu/ROS2/microros_ws/install/micro_ros_msgs/include/micro_ros_msgs/msg/detail/node__rosidl_typesupport_fastrtps_cpp.hpp
[51.524s] -- Up-to-date: /home/ubuntu/ROS2/microros_ws/install/micro_ros_msgs/include/micro_ros_msgs/msg/detail/graph__rosidl_typesupport_fastrtps_cpp.hpp
[51.524s] -- Up-to-date: /home/ubuntu/ROS2/microros_ws/install/micro_ros_msgs/lib/libmicro_ros_msgs__rosidl_typesupport_fastrtps_cpp.so
[51.525s] -- Up-to-date: /home/ubuntu/ROS2/microros_ws/install/micro_ros_msgs/include/micro_ros_msgs
[51.525s] -- Up-to-date: /home/ubuntu/ROS2/microros_ws/install/micro_ros_msgs/include/micro_ros_msgs/msg
[51.526s] -- Up-to-date: /home/ubuntu/ROS2/microros_ws/install/micro_ros_msgs/include/micro_ros_msgs/msg/detail
[51.532s] -- Up-to-date: /home/ubuntu/ROS2/microros_ws/install/micro_ros_msgs/include/micro_ros_msgs/msg/detail/graph__type_support.c
[51.533s] -- Up-to-date: /home/ubuntu/ROS2/microros_ws/install/micro_ros_msgs/include/micro_ros_msgs/msg/detail/graph__rosidl_typesupport_introspection_c.h
[51.533s] -- Up-to-date: /home/ubuntu/ROS2/microros_ws/install/micro_ros_msgs/include/micro_ros_msgs/msg/detail/entity__rosidl_typesupport_introspection_c.h
[51.533s] -- Up-to-date: /home/ubuntu/ROS2/microros_ws/install/micro_ros_msgs/include/micro_ros_msgs/msg/detail/node__rosidl_typesupport_introspection_c.h
[51.534s] -- Up-to-date: /home/ubuntu/ROS2/microros_ws/install/micro_ros_msgs/include/micro_ros_msgs/msg/detail/node__type_support.c
[51.550s] -- Up-to-date: /home/ubuntu/ROS2/microros_ws/install/micro_ros_msgs/include/micro_ros_msgs/msg/detail/entity__type_support.c
[51.552s] -- Up-to-date: /home/ubuntu/ROS2/microros_ws/install/micro_ros_msgs/include/micro_ros_msgs/msg/rosidl_typesupport_introspection_c__visibility_control.h
[51.553s] -- Up-to-date: /home/ubuntu/ROS2/microros_ws/install/micro_ros_msgs/lib/libmicro_ros_msgs__rosidl_typesupport_introspection_c.so
[51.554s] -- Installing: /home/ubuntu/ROS2/microros_ws/install/micro_ros_msgs/lib/libmicro_ros_msgs__rosidl_typesupport_c.so
[51.554s] -- Set runtime path of "/home/ubuntu/ROS2/microros_ws/install/micro_ros_msgs/lib/libmicro_ros_msgs__rosidl_typesupport_c.so" to ""
[51.574s] -- Up-to-date: /home/ubuntu/ROS2/microros_ws/install/micro_ros_msgs/include/micro_ros_msgs
[51.574s] -- Up-to-date: /home/ubuntu/ROS2/microros_ws/install/micro_ros_msgs/include/micro_ros_msgs/msg
[51.575s] -- Up-to-date: /home/ubuntu/ROS2/microros_ws/install/micro_ros_msgs/include/micro_ros_msgs/msg/graph.hpp
[51.575s] -- Up-to-date: /home/ubuntu/ROS2/microros_ws/install/micro_ros_msgs/include/micro_ros_msgs/msg/detail
[51.576s] -- Up-to-date: /home/ubuntu/ROS2/microros_ws/install/micro_ros_msgs/include/micro_ros_msgs/msg/detail/node__type_support.hpp
[51.576s] -- Up-to-date: /home/ubuntu/ROS2/microros_ws/install/micro_ros_msgs/include/micro_ros_msgs/msg/detail/graph__type_support.hpp
[51.577s] -- Up-to-date: /home/ubuntu/ROS2/microros_ws/install/micro_ros_msgs/include/micro_ros_msgs/msg/detail/entity__traits.hpp
[51.577s] -- Up-to-date: /home/ubuntu/ROS2/microros_ws/install/micro_ros_msgs/include/micro_ros_msgs/msg/detail/node__struct.hpp
[51.578s] -- Up-to-date: /home/ubuntu/ROS2/microros_ws/install/micro_ros_msgs/include/micro_ros_msgs/msg/detail/entity__builder.hpp
[51.578s] -- Up-to-date: /home/ubuntu/ROS2/microros_ws/install/micro_ros_msgs/include/micro_ros_msgs/msg/detail/graph__traits.hpp
[51.579s] -- Up-to-date: /home/ubuntu/ROS2/microros_ws/install/micro_ros_msgs/include/micro_ros_msgs/msg/detail/graph__builder.hpp
[51.580s] -- Up-to-date: /home/ubuntu/ROS2/microros_ws/install/micro_ros_msgs/include/micro_ros_msgs/msg/detail/node__traits.hpp
[51.602s] -- Up-to-date: /home/ubuntu/ROS2/microros_ws/install/micro_ros_msgs/include/micro_ros_msgs/msg/detail/entity__struct.hpp
[51.603s] -- Up-to-date: /home/ubuntu/ROS2/microros_ws/install/micro_ros_msgs/include/micro_ros_msgs/msg/detail/entity__type_support.hpp
[51.604s] -- Up-to-date: /home/ubuntu/ROS2/microros_ws/install/micro_ros_msgs/include/micro_ros_msgs/msg/detail/graph__struct.hpp
[51.604s] -- Up-to-date: /home/ubuntu/ROS2/microros_ws/install/micro_ros_msgs/include/micro_ros_msgs/msg/detail/node__builder.hpp
[51.605s] -- Up-to-date: /home/ubuntu/ROS2/microros_ws/install/micro_ros_msgs/include/micro_ros_msgs/msg/rosidl_generator_cpp__visibility_control.hpp
[51.606s] -- Up-to-date: /home/ubuntu/ROS2/microros_ws/install/micro_ros_msgs/include/micro_ros_msgs/msg/entity.hpp
[51.606s] -- Up-to-date: /home/ubuntu/ROS2/microros_ws/install/micro_ros_msgs/include/micro_ros_msgs/msg/node.hpp
[51.607s] -- Up-to-date: /home/ubuntu/ROS2/microros_ws/install/micro_ros_msgs/include/micro_ros_msgs
[51.607s] -- Up-to-date: /home/ubuntu/ROS2/microros_ws/install/micro_ros_msgs/include/micro_ros_msgs/msg
[51.608s] -- Up-to-date: /home/ubuntu/ROS2/microros_ws/install/micro_ros_msgs/include/micro_ros_msgs/msg/detail
[51.609s] -- Installing: /home/ubuntu/ROS2/microros_ws/install/micro_ros_msgs/include/micro_ros_msgs/msg/detail/graph__rosidl_typesupport_microxrcedds_cpp.hpp
[51.609s] -- Installing: /home/ubuntu/ROS2/microros_ws/install/micro_ros_msgs/include/micro_ros_msgs/msg/detail/node__rosidl_typesupport_microxrcedds_cpp.hpp
[51.610s] -- Installing: /home/ubuntu/ROS2/microros_ws/install/micro_ros_msgs/include/micro_ros_msgs/msg/detail/entity__rosidl_typesupport_microxrcedds_cpp.hpp
[51.618s] -- Up-to-date: /home/ubuntu/ROS2/microros_ws/install/micro_ros_msgs/include/micro_ros_msgs/msg/detail/microxrcedds
[51.619s] -- Installing: /home/ubuntu/ROS2/microros_ws/install/micro_ros_msgs/include/micro_ros_msgs/msg/detail/microxrcedds/node__type_support_cpp.cpp
[51.619s] -- Installing: /home/ubuntu/ROS2/microros_ws/install/micro_ros_msgs/include/micro_ros_msgs/msg/detail/microxrcedds/entity__type_support_cpp.cpp
[51.620s] -- Installing: /home/ubuntu/ROS2/microros_ws/install/micro_ros_msgs/include/micro_ros_msgs/msg/detail/microxrcedds/graph__type_support_cpp.cpp
[51.620s] -- Installing: /home/ubuntu/ROS2/microros_ws/install/micro_ros_msgs/include/micro_ros_msgs/msg/rosidl_typesupport_microxrcedds_cpp__visibility_control.h
[51.620s] -- Installing: /home/ubuntu/ROS2/microros_ws/install/micro_ros_msgs/lib/libmicro_ros_msgs__rosidl_typesupport_microxrcedds_cpp.so
[51.621s] -- Set runtime path of "/home/ubuntu/ROS2/microros_ws/install/micro_ros_msgs/lib/libmicro_ros_msgs__rosidl_typesupport_microxrcedds_cpp.so" to ""
[51.621s] -- Up-to-date: /home/ubuntu/ROS2/microros_ws/install/micro_ros_msgs/include/micro_ros_msgs
[51.623s] -- Up-to-date: /home/ubuntu/ROS2/microros_ws/install/micro_ros_msgs/include/micro_ros_msgs/msg
[51.624s] -- Up-to-date: /home/ubuntu/ROS2/microros_ws/install/micro_ros_msgs/include/micro_ros_msgs/msg/detail
[51.626s] -- Up-to-date: /home/ubuntu/ROS2/microros_ws/install/micro_ros_msgs/include/micro_ros_msgs/msg/detail/entity__type_support.cpp
[51.627s] -- Up-to-date: /home/ubuntu/ROS2/microros_ws/install/micro_ros_msgs/include/micro_ros_msgs/msg/detail/graph__rosidl_typesupport_introspection_cpp.hpp
[51.628s] -- Up-to-date: /home/ubuntu/ROS2/microros_ws/install/micro_ros_msgs/include/micro_ros_msgs/msg/detail/node__type_support.cpp
[51.628s] -- Up-to-date: /home/ubuntu/ROS2/microros_ws/install/micro_ros_msgs/include/micro_ros_msgs/msg/detail/entity__rosidl_typesupport_introspection_cpp.hpp
[51.629s] -- Up-to-date: /home/ubuntu/ROS2/microros_ws/install/micro_ros_msgs/include/micro_ros_msgs/msg/detail/node__rosidl_typesupport_introspection_cpp.hpp
[51.629s] -- Up-to-date: /home/ubuntu/ROS2/microros_ws/install/micro_ros_msgs/include/micro_ros_msgs/msg/detail/graph__type_support.cpp
[51.634s] -- Up-to-date: /home/ubuntu/ROS2/microros_ws/install/micro_ros_msgs/lib/libmicro_ros_msgs__rosidl_typesupport_introspection_cpp.so
[51.644s] -- Installing: /home/ubuntu/ROS2/microros_ws/install/micro_ros_msgs/lib/libmicro_ros_msgs__rosidl_typesupport_cpp.so
[51.647s] -- Set runtime path of "/home/ubuntu/ROS2/microros_ws/install/micro_ros_msgs/lib/libmicro_ros_msgs__rosidl_typesupport_cpp.so" to ""
[51.648s] -- Up-to-date: /home/ubuntu/ROS2/microros_ws/install/micro_ros_msgs/share/micro_ros_msgs/environment/pythonpath.sh
[51.649s] -- Installing: /home/ubuntu/ROS2/microros_ws/install/micro_ros_msgs/share/micro_ros_msgs/environment/pythonpath.dsv
[51.651s] -- Installing: /home/ubuntu/ROS2/microros_ws/install/micro_ros_msgs/lib/python3.8/site-packages/micro_ros_msgs/__init__.py
[51.995s] Compiling '/home/ubuntu/ROS2/microros_ws/install/micro_ros_msgs/lib/python3.8/site-packages/micro_ros_msgs/__init__.py'...
[52.080s] -- Up-to-date: /home/ubuntu/ROS2/microros_ws/install/micro_ros_msgs/lib/python3.8/site-packages/micro_ros_msgs/msg
[52.081s] -- Installing: /home/ubuntu/ROS2/microros_ws/install/micro_ros_msgs/lib/python3.8/site-packages/micro_ros_msgs/msg/_entity_s.c
[52.084s] -- Installing: /home/ubuntu/ROS2/microros_ws/install/micro_ros_msgs/lib/python3.8/site-packages/micro_ros_msgs/msg/_graph_s.c
[52.085s] -- Installing: /home/ubuntu/ROS2/microros_ws/install/micro_ros_msgs/lib/python3.8/site-packages/micro_ros_msgs/msg/_entity.py
[52.095s] -- Installing: /home/ubuntu/ROS2/microros_ws/install/micro_ros_msgs/lib/python3.8/site-packages/micro_ros_msgs/msg/_node.py
[52.096s] -- Installing: /home/ubuntu/ROS2/microros_ws/install/micro_ros_msgs/lib/python3.8/site-packages/micro_ros_msgs/msg/_graph.py
[52.101s] -- Installing: /home/ubuntu/ROS2/microros_ws/install/micro_ros_msgs/lib/python3.8/site-packages/micro_ros_msgs/msg/__init__.py
[52.102s] -- Installing: /home/ubuntu/ROS2/microros_ws/install/micro_ros_msgs/lib/python3.8/site-packages/micro_ros_msgs/msg/_node_s.c
[52.105s] -- Installing: /home/ubuntu/ROS2/microros_ws/install/micro_ros_msgs/lib/python3.8/site-packages/micro_ros_msgs/micro_ros_msgs_s__rosidl_typesupport_microxrcedds_c.cpython-38-aarch64-linux-gnu.so
[52.119s] -- Set runtime path of "/home/ubuntu/ROS2/microros_ws/install/micro_ros_msgs/lib/python3.8/site-packages/micro_ros_msgs/micro_ros_msgs_s__rosidl_typesupport_microxrcedds_c.cpython-38-aarch64-linux-gnu.so" to ""
[52.122s] -- Installing: /home/ubuntu/ROS2/microros_ws/install/micro_ros_msgs/lib/python3.8/site-packages/micro_ros_msgs/micro_ros_msgs_s__rosidl_typesupport_fastrtps_c.cpython-38-aarch64-linux-gnu.so
[52.143s] -- Set runtime path of "/home/ubuntu/ROS2/microros_ws/install/micro_ros_msgs/lib/python3.8/site-packages/micro_ros_msgs/micro_ros_msgs_s__rosidl_typesupport_fastrtps_c.cpython-38-aarch64-linux-gnu.so" to ""
[52.146s] -- Installing: /home/ubuntu/ROS2/microros_ws/install/micro_ros_msgs/lib/python3.8/site-packages/micro_ros_msgs/micro_ros_msgs_s__rosidl_typesupport_introspection_c.cpython-38-aarch64-linux-gnu.so
[52.150s] -- Set runtime path of "/home/ubuntu/ROS2/microros_ws/install/micro_ros_msgs/lib/python3.8/site-packages/micro_ros_msgs/micro_ros_msgs_s__rosidl_typesupport_introspection_c.cpython-38-aarch64-linux-gnu.so" to ""
[52.156s] -- Installing: /home/ubuntu/ROS2/microros_ws/install/micro_ros_msgs/lib/python3.8/site-packages/micro_ros_msgs/micro_ros_msgs_s__rosidl_typesupport_c.cpython-38-aarch64-linux-gnu.so
[52.159s] -- Set runtime path of "/home/ubuntu/ROS2/microros_ws/install/micro_ros_msgs/lib/python3.8/site-packages/micro_ros_msgs/micro_ros_msgs_s__rosidl_typesupport_c.cpython-38-aarch64-linux-gnu.so" to ""
[52.173s] -- Installing: /home/ubuntu/ROS2/microros_ws/install/micro_ros_msgs/lib/libmicro_ros_msgs__python.so
[52.176s] -- Set runtime path of "/home/ubuntu/ROS2/microros_ws/install/micro_ros_msgs/lib/libmicro_ros_msgs__python.so" to ""
[52.177s] -- Up-to-date: /home/ubuntu/ROS2/microros_ws/install/micro_ros_msgs/share/micro_ros_msgs/msg/Graph.idl
[52.178s] -- Up-to-date: /home/ubuntu/ROS2/microros_ws/install/micro_ros_msgs/share/micro_ros_msgs/msg/Node.idl
[52.179s] -- Up-to-date: /home/ubuntu/ROS2/microros_ws/install/micro_ros_msgs/share/micro_ros_msgs/msg/Entity.idl
[52.179s] -- Up-to-date: /home/ubuntu/ROS2/microros_ws/install/micro_ros_msgs/share/micro_ros_msgs/msg/Graph.msg
[52.180s] -- Up-to-date: /home/ubuntu/ROS2/microros_ws/install/micro_ros_msgs/share/micro_ros_msgs/msg/Node.msg
[52.183s] -- Up-to-date: /home/ubuntu/ROS2/microros_ws/install/micro_ros_msgs/share/micro_ros_msgs/msg/Entity.msg
[52.184s] -- Up-to-date: /home/ubuntu/ROS2/microros_ws/install/micro_ros_msgs/share/ament_index/resource_index/package_run_dependencies/micro_ros_msgs
[52.185s] -- Installing: /home/ubuntu/ROS2/microros_ws/install/micro_ros_msgs/share/ament_index/resource_index/parent_prefix_path/micro_ros_msgs
[52.185s] -- Up-to-date: /home/ubuntu/ROS2/microros_ws/install/micro_ros_msgs/share/micro_ros_msgs/environment/ament_prefix_path.sh
[52.186s] -- Installing: /home/ubuntu/ROS2/microros_ws/install/micro_ros_msgs/share/micro_ros_msgs/environment/ament_prefix_path.dsv
[52.198s] -- Up-to-date: /home/ubuntu/ROS2/microros_ws/install/micro_ros_msgs/share/micro_ros_msgs/environment/path.sh
[52.200s] -- Installing: /home/ubuntu/ROS2/microros_ws/install/micro_ros_msgs/share/micro_ros_msgs/environment/path.dsv
[52.200s] -- Up-to-date: /home/ubuntu/ROS2/microros_ws/install/micro_ros_msgs/share/micro_ros_msgs/local_setup.bash
[52.206s] -- Up-to-date: /home/ubuntu/ROS2/microros_ws/install/micro_ros_msgs/share/micro_ros_msgs/local_setup.sh
[52.207s] -- Up-to-date: /home/ubuntu/ROS2/microros_ws/install/micro_ros_msgs/share/micro_ros_msgs/local_setup.zsh
[52.207s] -- Installing: /home/ubuntu/ROS2/microros_ws/install/micro_ros_msgs/share/micro_ros_msgs/local_setup.dsv
[52.208s] -- Installing: /home/ubuntu/ROS2/microros_ws/install/micro_ros_msgs/share/micro_ros_msgs/package.dsv
[52.209s] -- Up-to-date: /home/ubuntu/ROS2/microros_ws/install/micro_ros_msgs/share/ament_index/resource_index/packages/micro_ros_msgs
[52.216s] -- Up-to-date: /home/ubuntu/ROS2/microros_ws/install/micro_ros_msgs/share/micro_ros_msgs/cmake/micro_ros_msgs__rosidl_generator_cExport.cmake
[52.216s] -- Installing: /home/ubuntu/ROS2/microros_ws/install/micro_ros_msgs/share/micro_ros_msgs/cmake/micro_ros_msgs__rosidl_generator_cExport-noconfig.cmake
[52.220s] -- Up-to-date: /home/ubuntu/ROS2/microros_ws/install/micro_ros_msgs/share/micro_ros_msgs/cmake/micro_ros_msgs__rosidl_typesupport_introspection_cExport.cmake
[52.221s] -- Installing: /home/ubuntu/ROS2/microros_ws/install/micro_ros_msgs/share/micro_ros_msgs/cmake/micro_ros_msgs__rosidl_typesupport_introspection_cExport-noconfig.cmake
[52.224s] -- Up-to-date: /home/ubuntu/ROS2/microros_ws/install/micro_ros_msgs/share/micro_ros_msgs/cmake/micro_ros_msgs__rosidl_typesupport_cExport.cmake
[52.225s] -- Installing: /home/ubuntu/ROS2/microros_ws/install/micro_ros_msgs/share/micro_ros_msgs/cmake/micro_ros_msgs__rosidl_typesupport_cExport-noconfig.cmake
[52.236s] -- Up-to-date: /home/ubuntu/ROS2/microros_ws/install/micro_ros_msgs/share/micro_ros_msgs/cmake/micro_ros_msgs__rosidl_generator_cppExport.cmake
[52.238s] -- Up-to-date: /home/ubuntu/ROS2/microros_ws/install/micro_ros_msgs/share/micro_ros_msgs/cmake/micro_ros_msgs__rosidl_typesupport_introspection_cppExport.cmake
[52.239s] -- Installing: /home/ubuntu/ROS2/microros_ws/install/micro_ros_msgs/share/micro_ros_msgs/cmake/micro_ros_msgs__rosidl_typesupport_introspection_cppExport-noconfig.cmake
[52.243s] -- Up-to-date: /home/ubuntu/ROS2/microros_ws/install/micro_ros_msgs/share/micro_ros_msgs/cmake/micro_ros_msgs__rosidl_typesupport_cppExport.cmake
[52.243s] -- Installing: /home/ubuntu/ROS2/microros_ws/install/micro_ros_msgs/share/micro_ros_msgs/cmake/micro_ros_msgs__rosidl_typesupport_cppExport-noconfig.cmake
[52.245s] -- Up-to-date: /home/ubuntu/ROS2/microros_ws/install/micro_ros_msgs/share/micro_ros_msgs/cmake/rosidl_cmake-extras.cmake
[52.246s] -- Up-to-date: /home/ubuntu/ROS2/microros_ws/install/micro_ros_msgs/share/micro_ros_msgs/cmake/ament_cmake_export_dependencies-extras.cmake
[52.247s] -- Up-to-date: /home/ubuntu/ROS2/microros_ws/install/micro_ros_msgs/share/micro_ros_msgs/cmake/ament_cmake_export_libraries-extras.cmake
[52.248s] -- Up-to-date: /home/ubuntu/ROS2/microros_ws/install/micro_ros_msgs/share/micro_ros_msgs/cmake/ament_cmake_export_targets-extras.cmake
[52.248s] -- Up-to-date: /home/ubuntu/ROS2/microros_ws/install/micro_ros_msgs/share/micro_ros_msgs/cmake/ament_cmake_export_include_directories-extras.cmake
[52.257s] -- Installing: /home/ubuntu/ROS2/microros_ws/install/micro_ros_msgs/share/micro_ros_msgs/cmake/rosidl_cmake_export_typesupport_libraries-extras.cmake
[52.261s] -- Up-to-date: /home/ubuntu/ROS2/microros_ws/install/micro_ros_msgs/share/micro_ros_msgs/cmake/rosidl_cmake_export_typesupport_targets-extras.cmake
[52.262s] -- Up-to-date: /home/ubuntu/ROS2/microros_ws/install/micro_ros_msgs/share/micro_ros_msgs/cmake/micro_ros_msgsConfig.cmake
[52.262s] -- Up-to-date: /home/ubuntu/ROS2/microros_ws/install/micro_ros_msgs/share/micro_ros_msgs/cmake/micro_ros_msgsConfig-version.cmake
[52.264s] -- Up-to-date: /home/ubuntu/ROS2/microros_ws/install/micro_ros_msgs/share/micro_ros_msgs/package.xml
[52.279s] Invoked command in '/home/ubuntu/ROS2/microros_ws/build/micro_ros_msgs' returned '0': CMAKE_PREFIX_PATH=${CMAKE_PREFIX_PATH}:/opt/ros/foxy /usr/bin/cmake --install /home/ubuntu/ROS2/microros_ws/build/micro_ros_msgs
