[0.547s] Invoking command in '/home/ubuntu/ROS2/microros_ws/build/example_interfaces': AMENT_PREFIX_PATH=/home/ubuntu/ROS2/microros_ws/install/action_msgs:/home/ubuntu/ROS2/microros_ws/install/unique_identifier_msgs:/home/ubuntu/ROS2/microros_ws/install/builtin_interfaces:${AMENT_PREFIX_PATH} CMAKE_PREFIX_PATH=/home/ubuntu/ROS2/microros_ws/install/action_msgs:/home/ubuntu/ROS2/microros_ws/install/unique_identifier_msgs:/home/ubuntu/ROS2/microros_ws/install/builtin_interfaces:/home/ubuntu/ROS2/microros_ws/install/rosidl_typesupport_microxrcedds_cpp:/home/ubuntu/ROS2/microros_ws/install/rosidl_typesupport_microxrcedds_c:/home/ubuntu/ROS2/microros_ws/install/microcdr:/home/ubuntu/ROS2/microros_ws/install/micro_ros_setup:/home/ubuntu/ROS2/microros_ws/install/micro_ros_agent:/home/ubuntu/ROS2/microros_ws/install/micro_ros_msgs:/home/ubuntu/ROS2/microros_ws/install/drive_base_msgs:/home/ubuntu/ROS2/dev_ws/install/learning_node:/home/ubuntu/ROS2/dev_ws/install/msg_pkg:/opt/ros/foxy LD_LIBRARY_PATH=/home/ubuntu/ROS2/microros_ws/install/action_msgs/lib:/home/ubuntu/ROS2/microros_ws/install/unique_identifier_msgs/lib:/home/ubuntu/ROS2/microros_ws/install/builtin_interfaces/lib:${LD_LIBRARY_PATH} PYTHONPATH=/home/ubuntu/ROS2/microros_ws/install/action_msgs/lib/python3.8/site-packages:/home/ubuntu/ROS2/microros_ws/install/unique_identifier_msgs/lib/python3.8/site-packages:/home/ubuntu/ROS2/microros_ws/install/builtin_interfaces/lib/python3.8/site-packages:${PYTHONPATH} /usr/bin/cmake /home/ubuntu/ROS2/microros_ws/src/ros2/example_interfaces -DBUILD_TESTING=OFF -DBUILD_SHARED_LIBS=ON -DCMAKE_INSTALL_PREFIX=/home/ubuntu/ROS2/microros_ws/install/example_interfaces
[1.310s] -- The C compiler identification is GNU 9.4.0
[1.866s] -- The CXX compiler identification is GNU 9.4.0
[1.929s] -- Check for working C compiler: /usr/bin/cc
[2.827s] -- Check for working C compiler: /usr/bin/cc -- works
[2.841s] -- Detecting C compiler ABI info
[3.708s] -- Detecting C compiler ABI info - done
[3.816s] -- Detecting C compile features
[3.818s] -- Detecting C compile features - done
[3.835s] -- Check for working CXX compiler: /usr/bin/c++
[4.947s] -- Check for working CXX compiler: /usr/bin/c++ -- works
[4.952s] -- Detecting CXX compiler ABI info
[6.008s] -- Detecting CXX compiler ABI info - done
[6.097s] -- Detecting CXX compile features
[6.100s] -- Detecting CXX compile features - done
[6.166s] -- Found ament_cmake: 0.9.12 (/opt/ros/foxy/share/ament_cmake/cmake)
[6.439s] -- Found PythonInterp: /usr/bin/python3 (found suitable version "3.8.10", minimum required is "3") 
[6.440s] -- Using PYTHON_EXECUTABLE: /usr/bin/python3
[9.062s] -- Found rosidl_default_generators: 1.0.1 (/opt/ros/foxy/share/rosidl_default_generators/cmake)
[9.135s] -- Using all available rosidl_typesupport_c: rosidl_typesupport_microxrcedds_c;rosidl_typesupport_fastrtps_c;rosidl_typesupport_introspection_c
[9.292s] -- Found rosidl_adapter: 1.3.1 (/opt/ros/foxy/share/rosidl_adapter/cmake)
[11.777s] -- Found OpenSSL: /usr/lib/aarch64-linux-gnu/libcrypto.so (found version "1.1.1f")  
[12.227s] -- Found FastRTPS: /opt/ros/foxy/include  
[13.364s] -- Using all available rosidl_typesupport_cpp: rosidl_typesupport_microxrcedds_cpp;rosidl_typesupport_fastrtps_cpp;rosidl_typesupport_introspection_cpp
[13.987s] -- Found PythonInterp: /usr/bin/python3 (found version "3.8.10") 
[17.205s] -- Found ament_cmake_ros: 0.9.2 (/opt/ros/foxy/share/ament_cmake_ros/cmake)
[19.323s] -- Using all available rosidl_typesupport_c: rosidl_typesupport_microxrcedds_c;rosidl_typesupport_fastrtps_c;rosidl_typesupport_introspection_c
[19.991s] -- Using all available rosidl_typesupport_cpp: rosidl_typesupport_microxrcedds_cpp;rosidl_typesupport_fastrtps_cpp;rosidl_typesupport_introspection_cpp
[20.255s] -- Found PythonInterp: /usr/bin/python3 (found suitable version "3.8.10", minimum required is "3.5") 
[20.286s] -- Found python_cmake_module: 0.8.1 (/opt/ros/foxy/share/python_cmake_module/cmake)
[20.537s] -- Found PythonLibs: /usr/lib/aarch64-linux-gnu/libpython3.8.so (found suitable version "3.8.10", minimum required is "3.5") 
[20.544s] -- Using PYTHON_EXECUTABLE: /usr/bin/python3
[20.551s] -- Using PYTHON_INCLUDE_DIRS: /usr/include/python3.8
[20.557s] -- Using PYTHON_LIBRARIES: /usr/lib/aarch64-linux-gnu/libpython3.8.so
[20.820s] -- Found PythonExtra: .so  
[21.630s] -- Configuring done
[23.394s] -- Generating done
[23.416s] -- Build files have been written to: /home/ubuntu/ROS2/microros_ws/build/example_interfaces
[23.504s] Invoked command in '/home/ubuntu/ROS2/microros_ws/build/example_interfaces' returned '0': AMENT_PREFIX_PATH=/home/ubuntu/ROS2/microros_ws/install/action_msgs:/home/ubuntu/ROS2/microros_ws/install/unique_identifier_msgs:/home/ubuntu/ROS2/microros_ws/install/builtin_interfaces:${AMENT_PREFIX_PATH} CMAKE_PREFIX_PATH=/home/ubuntu/ROS2/microros_ws/install/action_msgs:/home/ubuntu/ROS2/microros_ws/install/unique_identifier_msgs:/home/ubuntu/ROS2/microros_ws/install/builtin_interfaces:/home/ubuntu/ROS2/microros_ws/install/rosidl_typesupport_microxrcedds_cpp:/home/ubuntu/ROS2/microros_ws/install/rosidl_typesupport_microxrcedds_c:/home/ubuntu/ROS2/microros_ws/install/microcdr:/home/ubuntu/ROS2/microros_ws/install/micro_ros_setup:/home/ubuntu/ROS2/microros_ws/install/micro_ros_agent:/home/ubuntu/ROS2/microros_ws/install/micro_ros_msgs:/home/ubuntu/ROS2/microros_ws/install/drive_base_msgs:/home/ubuntu/ROS2/dev_ws/install/learning_node:/home/ubuntu/ROS2/dev_ws/install/msg_pkg:/opt/ros/foxy LD_LIBRARY_PATH=/home/ubuntu/ROS2/microros_ws/install/action_msgs/lib:/home/ubuntu/ROS2/microros_ws/install/unique_identifier_msgs/lib:/home/ubuntu/ROS2/microros_ws/install/builtin_interfaces/lib:${LD_LIBRARY_PATH} PYTHONPATH=/home/ubuntu/ROS2/microros_ws/install/action_msgs/lib/python3.8/site-packages:/home/ubuntu/ROS2/microros_ws/install/unique_identifier_msgs/lib/python3.8/site-packages:/home/ubuntu/ROS2/microros_ws/install/builtin_interfaces/lib/python3.8/site-packages:${PYTHONPATH} /usr/bin/cmake /home/ubuntu/ROS2/microros_ws/src/ros2/example_interfaces -DBUILD_TESTING=OFF -DBUILD_SHARED_LIBS=ON -DCMAKE_INSTALL_PREFIX=/home/ubuntu/ROS2/microros_ws/install/example_interfaces
[23.507s] Invoking command in '/home/ubuntu/ROS2/microros_ws/build/example_interfaces': AMENT_PREFIX_PATH=/home/ubuntu/ROS2/microros_ws/install/action_msgs:/home/ubuntu/ROS2/microros_ws/install/unique_identifier_msgs:/home/ubuntu/ROS2/microros_ws/install/builtin_interfaces:${AMENT_PREFIX_PATH} CMAKE_PREFIX_PATH=/home/ubuntu/ROS2/microros_ws/install/action_msgs:/home/ubuntu/ROS2/microros_ws/install/unique_identifier_msgs:/home/ubuntu/ROS2/microros_ws/install/builtin_interfaces:/home/ubuntu/ROS2/microros_ws/install/rosidl_typesupport_microxrcedds_cpp:/home/ubuntu/ROS2/microros_ws/install/rosidl_typesupport_microxrcedds_c:/home/ubuntu/ROS2/microros_ws/install/microcdr:/home/ubuntu/ROS2/microros_ws/install/micro_ros_setup:/home/ubuntu/ROS2/microros_ws/install/micro_ros_agent:/home/ubuntu/ROS2/microros_ws/install/micro_ros_msgs:/home/ubuntu/ROS2/microros_ws/install/drive_base_msgs:/home/ubuntu/ROS2/dev_ws/install/learning_node:/home/ubuntu/ROS2/dev_ws/install/msg_pkg:/opt/ros/foxy LD_LIBRARY_PATH=/home/ubuntu/ROS2/microros_ws/install/action_msgs/lib:/home/ubuntu/ROS2/microros_ws/install/unique_identifier_msgs/lib:/home/ubuntu/ROS2/microros_ws/install/builtin_interfaces/lib:${LD_LIBRARY_PATH} PYTHONPATH=/home/ubuntu/ROS2/microros_ws/install/action_msgs/lib/python3.8/site-packages:/home/ubuntu/ROS2/microros_ws/install/unique_identifier_msgs/lib/python3.8/site-packages:/home/ubuntu/ROS2/microros_ws/install/builtin_interfaces/lib/python3.8/site-packages:${PYTHONPATH} /usr/bin/cmake --build /home/ubuntu/ROS2/microros_ws/build/example_interfaces -- -j4 -l4
[24.471s] [35m[1mScanning dependencies of target example_interfaces__cpp[0m
[24.672s] [  0%] [34m[1mGenerating C++ code for ROS interfaces[0m
[65.167s] [  0%] Built target example_interfaces__cpp
[65.374s] [  0%] [34m[1mGenerating C code for ROS interfaces[0m
[98.032s] [35m[1mScanning dependencies of target example_interfaces__rosidl_generator_c[0m
[98.501s] [  0%] [32mBuilding C object CMakeFiles/example_interfaces__rosidl_generator_c.dir/rosidl_generator_c/example_interfaces/action/detail/fibonacci__functions.c.o[0m
[100.016s] [  0%] [32mBuilding C object CMakeFiles/example_interfaces__rosidl_generator_c.dir/rosidl_generator_c/example_interfaces/msg/detail/bool__functions.c.o[0m
[100.383s] [  1%] [32mBuilding C object CMakeFiles/example_interfaces__rosidl_generator_c.dir/rosidl_generator_c/example_interfaces/msg/detail/byte__functions.c.o[0m
[100.754s] [  1%] [32mBuilding C object CMakeFiles/example_interfaces__rosidl_generator_c.dir/rosidl_generator_c/example_interfaces/msg/detail/byte_multi_array__functions.c.o[0m
[101.154s] [  1%] [32mBuilding C object CMakeFiles/example_interfaces__rosidl_generator_c.dir/rosidl_generator_c/example_interfaces/msg/detail/char__functions.c.o[0m
[101.488s] [  1%] [32mBuilding C object CMakeFiles/example_interfaces__rosidl_generator_c.dir/rosidl_generator_c/example_interfaces/msg/detail/empty__functions.c.o[0m
[101.798s] [  2%] [32mBuilding C object CMakeFiles/example_interfaces__rosidl_generator_c.dir/rosidl_generator_c/example_interfaces/msg/detail/float32__functions.c.o[0m
[102.176s] [  2%] [32mBuilding C object CMakeFiles/example_interfaces__rosidl_generator_c.dir/rosidl_generator_c/example_interfaces/msg/detail/float32_multi_array__functions.c.o[0m
[102.591s] [  2%] [32mBuilding C object CMakeFiles/example_interfaces__rosidl_generator_c.dir/rosidl_generator_c/example_interfaces/msg/detail/float64__functions.c.o[0m
[102.963s] [  3%] [32mBuilding C object CMakeFiles/example_interfaces__rosidl_generator_c.dir/rosidl_generator_c/example_interfaces/msg/detail/float64_multi_array__functions.c.o[0m
[103.341s] [  3%] [32mBuilding C object CMakeFiles/example_interfaces__rosidl_generator_c.dir/rosidl_generator_c/example_interfaces/msg/detail/int16__functions.c.o[0m
[103.695s] [  3%] [32mBuilding C object CMakeFiles/example_interfaces__rosidl_generator_c.dir/rosidl_generator_c/example_interfaces/msg/detail/int16_multi_array__functions.c.o[0m
[104.055s] [  3%] [32mBuilding C object CMakeFiles/example_interfaces__rosidl_generator_c.dir/rosidl_generator_c/example_interfaces/msg/detail/int32__functions.c.o[0m
[104.483s] [  4%] [32mBuilding C object CMakeFiles/example_interfaces__rosidl_generator_c.dir/rosidl_generator_c/example_interfaces/msg/detail/int32_multi_array__functions.c.o[0m
[104.868s] [  4%] [32mBuilding C object CMakeFiles/example_interfaces__rosidl_generator_c.dir/rosidl_generator_c/example_interfaces/msg/detail/int64__functions.c.o[0m
[105.228s] [  4%] [32mBuilding C object CMakeFiles/example_interfaces__rosidl_generator_c.dir/rosidl_generator_c/example_interfaces/msg/detail/int64_multi_array__functions.c.o[0m
[105.611s] [  5%] [32mBuilding C object CMakeFiles/example_interfaces__rosidl_generator_c.dir/rosidl_generator_c/example_interfaces/msg/detail/int8__functions.c.o[0m
[105.963s] [  5%] [32mBuilding C object CMakeFiles/example_interfaces__rosidl_generator_c.dir/rosidl_generator_c/example_interfaces/msg/detail/int8_multi_array__functions.c.o[0m
[106.281s] [  5%] [32mBuilding C object CMakeFiles/example_interfaces__rosidl_generator_c.dir/rosidl_generator_c/example_interfaces/msg/detail/multi_array_dimension__functions.c.o[0m
[106.604s] [  5%] [32mBuilding C object CMakeFiles/example_interfaces__rosidl_generator_c.dir/rosidl_generator_c/example_interfaces/msg/detail/multi_array_layout__functions.c.o[0m
[106.926s] [  6%] [32mBuilding C object CMakeFiles/example_interfaces__rosidl_generator_c.dir/rosidl_generator_c/example_interfaces/msg/detail/string__functions.c.o[0m
[107.303s] [  6%] [32mBuilding C object CMakeFiles/example_interfaces__rosidl_generator_c.dir/rosidl_generator_c/example_interfaces/msg/detail/u_int16__functions.c.o[0m
[107.677s] [  6%] [32mBuilding C object CMakeFiles/example_interfaces__rosidl_generator_c.dir/rosidl_generator_c/example_interfaces/msg/detail/u_int16_multi_array__functions.c.o[0m
[108.059s] [  6%] [32mBuilding C object CMakeFiles/example_interfaces__rosidl_generator_c.dir/rosidl_generator_c/example_interfaces/msg/detail/u_int32__functions.c.o[0m
[108.407s] [  7%] [32mBuilding C object CMakeFiles/example_interfaces__rosidl_generator_c.dir/rosidl_generator_c/example_interfaces/msg/detail/u_int32_multi_array__functions.c.o[0m
[108.810s] [  7%] [32mBuilding C object CMakeFiles/example_interfaces__rosidl_generator_c.dir/rosidl_generator_c/example_interfaces/msg/detail/u_int64__functions.c.o[0m
[109.252s] [  7%] [32mBuilding C object CMakeFiles/example_interfaces__rosidl_generator_c.dir/rosidl_generator_c/example_interfaces/msg/detail/u_int64_multi_array__functions.c.o[0m
[109.667s] [  8%] [32mBuilding C object CMakeFiles/example_interfaces__rosidl_generator_c.dir/rosidl_generator_c/example_interfaces/msg/detail/u_int8__functions.c.o[0m
[110.112s] [  8%] [32mBuilding C object CMakeFiles/example_interfaces__rosidl_generator_c.dir/rosidl_generator_c/example_interfaces/msg/detail/u_int8_multi_array__functions.c.o[0m
[110.531s] [  8%] [32mBuilding C object CMakeFiles/example_interfaces__rosidl_generator_c.dir/rosidl_generator_c/example_interfaces/msg/detail/w_string__functions.c.o[0m
[110.853s] [  8%] [32mBuilding C object CMakeFiles/example_interfaces__rosidl_generator_c.dir/rosidl_generator_c/example_interfaces/srv/detail/add_two_ints__functions.c.o[0m
[111.251s] [  9%] [32mBuilding C object CMakeFiles/example_interfaces__rosidl_generator_c.dir/rosidl_generator_c/example_interfaces/srv/detail/set_bool__functions.c.o[0m
[111.645s] [  9%] [32mBuilding C object CMakeFiles/example_interfaces__rosidl_generator_c.dir/rosidl_generator_c/example_interfaces/srv/detail/trigger__functions.c.o[0m
[112.027s] [  9%] [32m[1mLinking C shared library libexample_interfaces__rosidl_generator_c.so[0m
[112.400s] [  9%] Built target example_interfaces__rosidl_generator_c
[112.492s] [  9%] [34m[1mGenerating C++ type support for eProsima Fast-RTPS[0m
[129.077s] [35m[1mScanning dependencies of target example_interfaces__rosidl_typesupport_fastrtps_cpp[0m
[129.492s] [  9%] [32mBuilding CXX object CMakeFiles/example_interfaces__rosidl_typesupport_fastrtps_cpp.dir/rosidl_typesupport_fastrtps_cpp/example_interfaces/action/detail/dds_fastrtps/fibonacci__type_support.cpp.o[0m
[133.815s] [  9%] [32mBuilding CXX object CMakeFiles/example_interfaces__rosidl_typesupport_fastrtps_cpp.dir/rosidl_typesupport_fastrtps_cpp/example_interfaces/msg/detail/dds_fastrtps/bool__type_support.cpp.o[0m
[136.962s] [ 10%] [32mBuilding CXX object CMakeFiles/example_interfaces__rosidl_typesupport_fastrtps_cpp.dir/rosidl_typesupport_fastrtps_cpp/example_interfaces/msg/detail/dds_fastrtps/byte__type_support.cpp.o[0m
[140.207s] [ 10%] [32mBuilding CXX object CMakeFiles/example_interfaces__rosidl_typesupport_fastrtps_cpp.dir/rosidl_typesupport_fastrtps_cpp/example_interfaces/msg/detail/dds_fastrtps/byte_multi_array__type_support.cpp.o[0m
[143.543s] [ 10%] [32mBuilding CXX object CMakeFiles/example_interfaces__rosidl_typesupport_fastrtps_cpp.dir/rosidl_typesupport_fastrtps_cpp/example_interfaces/msg/detail/dds_fastrtps/char__type_support.cpp.o[0m
[146.854s] [ 11%] [32mBuilding CXX object CMakeFiles/example_interfaces__rosidl_typesupport_fastrtps_cpp.dir/rosidl_typesupport_fastrtps_cpp/example_interfaces/msg/detail/dds_fastrtps/empty__type_support.cpp.o[0m
[149.770s] [ 11%] [32mBuilding CXX object CMakeFiles/example_interfaces__rosidl_typesupport_fastrtps_cpp.dir/rosidl_typesupport_fastrtps_cpp/example_interfaces/msg/detail/dds_fastrtps/float32__type_support.cpp.o[0m
[152.740s] [ 11%] [32mBuilding CXX object CMakeFiles/example_interfaces__rosidl_typesupport_fastrtps_cpp.dir/rosidl_typesupport_fastrtps_cpp/example_interfaces/msg/detail/dds_fastrtps/float32_multi_array__type_support.cpp.o[0m
[155.938s] [ 11%] [32mBuilding CXX object CMakeFiles/example_interfaces__rosidl_typesupport_fastrtps_cpp.dir/rosidl_typesupport_fastrtps_cpp/example_interfaces/msg/detail/dds_fastrtps/float64__type_support.cpp.o[0m
[158.798s] [ 12%] [32mBuilding CXX object CMakeFiles/example_interfaces__rosidl_typesupport_fastrtps_cpp.dir/rosidl_typesupport_fastrtps_cpp/example_interfaces/msg/detail/dds_fastrtps/float64_multi_array__type_support.cpp.o[0m
[161.955s] [ 12%] [32mBuilding CXX object CMakeFiles/example_interfaces__rosidl_typesupport_fastrtps_cpp.dir/rosidl_typesupport_fastrtps_cpp/example_interfaces/msg/detail/dds_fastrtps/int16__type_support.cpp.o[0m
[165.167s] [ 12%] [32mBuilding CXX object CMakeFiles/example_interfaces__rosidl_typesupport_fastrtps_cpp.dir/rosidl_typesupport_fastrtps_cpp/example_interfaces/msg/detail/dds_fastrtps/int16_multi_array__type_support.cpp.o[0m
[168.425s] [ 13%] [32mBuilding CXX object CMakeFiles/example_interfaces__rosidl_typesupport_fastrtps_cpp.dir/rosidl_typesupport_fastrtps_cpp/example_interfaces/msg/detail/dds_fastrtps/int32__type_support.cpp.o[0m
[171.603s] [ 13%] [32mBuilding CXX object CMakeFiles/example_interfaces__rosidl_typesupport_fastrtps_cpp.dir/rosidl_typesupport_fastrtps_cpp/example_interfaces/msg/detail/dds_fastrtps/int32_multi_array__type_support.cpp.o[0m
[174.917s] [ 13%] [32mBuilding CXX object CMakeFiles/example_interfaces__rosidl_typesupport_fastrtps_cpp.dir/rosidl_typesupport_fastrtps_cpp/example_interfaces/msg/detail/dds_fastrtps/int64__type_support.cpp.o[0m
[177.956s] [ 13%] [32mBuilding CXX object CMakeFiles/example_interfaces__rosidl_typesupport_fastrtps_cpp.dir/rosidl_typesupport_fastrtps_cpp/example_interfaces/msg/detail/dds_fastrtps/int64_multi_array__type_support.cpp.o[0m
[181.181s] [ 14%] [32mBuilding CXX object CMakeFiles/example_interfaces__rosidl_typesupport_fastrtps_cpp.dir/rosidl_typesupport_fastrtps_cpp/example_interfaces/msg/detail/dds_fastrtps/int8__type_support.cpp.o[0m
[184.123s] [ 14%] [32mBuilding CXX object CMakeFiles/example_interfaces__rosidl_typesupport_fastrtps_cpp.dir/rosidl_typesupport_fastrtps_cpp/example_interfaces/msg/detail/dds_fastrtps/int8_multi_array__type_support.cpp.o[0m
[187.281s] [ 14%] [32mBuilding CXX object CMakeFiles/example_interfaces__rosidl_typesupport_fastrtps_cpp.dir/rosidl_typesupport_fastrtps_cpp/example_interfaces/msg/detail/dds_fastrtps/multi_array_dimension__type_support.cpp.o[0m
[190.327s] [ 14%] [32mBuilding CXX object CMakeFiles/example_interfaces__rosidl_typesupport_fastrtps_cpp.dir/rosidl_typesupport_fastrtps_cpp/example_interfaces/msg/detail/dds_fastrtps/multi_array_layout__type_support.cpp.o[0m
[193.618s] [ 15%] [32mBuilding CXX object CMakeFiles/example_interfaces__rosidl_typesupport_fastrtps_cpp.dir/rosidl_typesupport_fastrtps_cpp/example_interfaces/msg/detail/dds_fastrtps/string__type_support.cpp.o[0m
[196.801s] [ 15%] [32mBuilding CXX object CMakeFiles/example_interfaces__rosidl_typesupport_fastrtps_cpp.dir/rosidl_typesupport_fastrtps_cpp/example_interfaces/msg/detail/dds_fastrtps/u_int16__type_support.cpp.o[0m
[199.846s] [ 15%] [32mBuilding CXX object CMakeFiles/example_interfaces__rosidl_typesupport_fastrtps_cpp.dir/rosidl_typesupport_fastrtps_cpp/example_interfaces/msg/detail/dds_fastrtps/u_int16_multi_array__type_support.cpp.o[0m
[203.269s] [ 16%] [32mBuilding CXX object CMakeFiles/example_interfaces__rosidl_typesupport_fastrtps_cpp.dir/rosidl_typesupport_fastrtps_cpp/example_interfaces/msg/detail/dds_fastrtps/u_int32__type_support.cpp.o[0m
[206.065s] [ 16%] [32mBuilding CXX object CMakeFiles/example_interfaces__rosidl_typesupport_fastrtps_cpp.dir/rosidl_typesupport_fastrtps_cpp/example_interfaces/msg/detail/dds_fastrtps/u_int32_multi_array__type_support.cpp.o[0m
[209.271s] [ 16%] [32mBuilding CXX object CMakeFiles/example_interfaces__rosidl_typesupport_fastrtps_cpp.dir/rosidl_typesupport_fastrtps_cpp/example_interfaces/msg/detail/dds_fastrtps/u_int64__type_support.cpp.o[0m
[212.546s] [ 16%] [32mBuilding CXX object CMakeFiles/example_interfaces__rosidl_typesupport_fastrtps_cpp.dir/rosidl_typesupport_fastrtps_cpp/example_interfaces/msg/detail/dds_fastrtps/u_int64_multi_array__type_support.cpp.o[0m
[215.963s] [ 17%] [32mBuilding CXX object CMakeFiles/example_interfaces__rosidl_typesupport_fastrtps_cpp.dir/rosidl_typesupport_fastrtps_cpp/example_interfaces/msg/detail/dds_fastrtps/u_int8__type_support.cpp.o[0m
[218.997s] [ 17%] [32mBuilding CXX object CMakeFiles/example_interfaces__rosidl_typesupport_fastrtps_cpp.dir/rosidl_typesupport_fastrtps_cpp/example_interfaces/msg/detail/dds_fastrtps/u_int8_multi_array__type_support.cpp.o[0m
[222.592s] [ 17%] [32mBuilding CXX object CMakeFiles/example_interfaces__rosidl_typesupport_fastrtps_cpp.dir/rosidl_typesupport_fastrtps_cpp/example_interfaces/msg/detail/dds_fastrtps/w_string__type_support.cpp.o[0m
[225.484s] [ 18%] [32mBuilding CXX object CMakeFiles/example_interfaces__rosidl_typesupport_fastrtps_cpp.dir/rosidl_typesupport_fastrtps_cpp/example_interfaces/srv/detail/dds_fastrtps/add_two_ints__type_support.cpp.o[0m
[228.946s] [ 18%] [32mBuilding CXX object CMakeFiles/example_interfaces__rosidl_typesupport_fastrtps_cpp.dir/rosidl_typesupport_fastrtps_cpp/example_interfaces/srv/detail/dds_fastrtps/set_bool__type_support.cpp.o[0m
[232.303s] [ 18%] [32mBuilding CXX object CMakeFiles/example_interfaces__rosidl_typesupport_fastrtps_cpp.dir/rosidl_typesupport_fastrtps_cpp/example_interfaces/srv/detail/dds_fastrtps/trigger__type_support.cpp.o[0m
[235.567s] [ 18%] [32m[1mLinking CXX shared library libexample_interfaces__rosidl_typesupport_fastrtps_cpp.so[0m
[236.367s] [ 18%] Built target example_interfaces__rosidl_typesupport_fastrtps_cpp
[236.481s] [ 18%] [34m[1mGenerating C++ type support for eProsima Micro XRCE-DDS[0m
[252.703s] [35m[1mScanning dependencies of target example_interfaces__rosidl_typesupport_microxrcedds_cpp[0m
[253.169s] [ 18%] [32mBuilding CXX object CMakeFiles/example_interfaces__rosidl_typesupport_microxrcedds_cpp.dir/rosidl_typesupport_microxrcedds_cpp/example_interfaces/action/detail/microxrcedds/fibonacci__type_support_cpp.cpp.o[0m
[256.093s] [ 19%] [32mBuilding CXX object CMakeFiles/example_interfaces__rosidl_typesupport_microxrcedds_cpp.dir/rosidl_typesupport_microxrcedds_cpp/example_interfaces/msg/detail/microxrcedds/bool__type_support_cpp.cpp.o[0m
[258.378s] [ 19%] [32mBuilding CXX object CMakeFiles/example_interfaces__rosidl_typesupport_microxrcedds_cpp.dir/rosidl_typesupport_microxrcedds_cpp/example_interfaces/msg/detail/microxrcedds/byte__type_support_cpp.cpp.o[0m
[260.493s] [ 19%] [32mBuilding CXX object CMakeFiles/example_interfaces__rosidl_typesupport_microxrcedds_cpp.dir/rosidl_typesupport_microxrcedds_cpp/example_interfaces/msg/detail/microxrcedds/byte_multi_array__type_support_cpp.cpp.o[0m
[262.836s] [ 19%] [32mBuilding CXX object CMakeFiles/example_interfaces__rosidl_typesupport_microxrcedds_cpp.dir/rosidl_typesupport_microxrcedds_cpp/example_interfaces/msg/detail/microxrcedds/char__type_support_cpp.cpp.o[0m
[265.309s] [ 20%] [32mBuilding CXX object CMakeFiles/example_interfaces__rosidl_typesupport_microxrcedds_cpp.dir/rosidl_typesupport_microxrcedds_cpp/example_interfaces/msg/detail/microxrcedds/empty__type_support_cpp.cpp.o[0m
[267.479s] [ 20%] [32mBuilding CXX object CMakeFiles/example_interfaces__rosidl_typesupport_microxrcedds_cpp.dir/rosidl_typesupport_microxrcedds_cpp/example_interfaces/msg/detail/microxrcedds/float32__type_support_cpp.cpp.o[0m
[269.621s] [ 20%] [32mBuilding CXX object CMakeFiles/example_interfaces__rosidl_typesupport_microxrcedds_cpp.dir/rosidl_typesupport_microxrcedds_cpp/example_interfaces/msg/detail/microxrcedds/float32_multi_array__type_support_cpp.cpp.o[0m
[272.166s] [ 21%] [32mBuilding CXX object CMakeFiles/example_interfaces__rosidl_typesupport_microxrcedds_cpp.dir/rosidl_typesupport_microxrcedds_cpp/example_interfaces/msg/detail/microxrcedds/float64__type_support_cpp.cpp.o[0m
[274.494s] [ 21%] [32mBuilding CXX object CMakeFiles/example_interfaces__rosidl_typesupport_microxrcedds_cpp.dir/rosidl_typesupport_microxrcedds_cpp/example_interfaces/msg/detail/microxrcedds/float64_multi_array__type_support_cpp.cpp.o[0m
[277.053s] [ 21%] [32mBuilding CXX object CMakeFiles/example_interfaces__rosidl_typesupport_microxrcedds_cpp.dir/rosidl_typesupport_microxrcedds_cpp/example_interfaces/msg/detail/microxrcedds/int16__type_support_cpp.cpp.o[0m
[279.105s] [ 21%] [32mBuilding CXX object CMakeFiles/example_interfaces__rosidl_typesupport_microxrcedds_cpp.dir/rosidl_typesupport_microxrcedds_cpp/example_interfaces/msg/detail/microxrcedds/int16_multi_array__type_support_cpp.cpp.o[0m
[281.710s] [ 22%] [32mBuilding CXX object CMakeFiles/example_interfaces__rosidl_typesupport_microxrcedds_cpp.dir/rosidl_typesupport_microxrcedds_cpp/example_interfaces/msg/detail/microxrcedds/int32__type_support_cpp.cpp.o[0m
[283.683s] [ 22%] [32mBuilding CXX object CMakeFiles/example_interfaces__rosidl_typesupport_microxrcedds_cpp.dir/rosidl_typesupport_microxrcedds_cpp/example_interfaces/msg/detail/microxrcedds/int32_multi_array__type_support_cpp.cpp.o[0m
[285.886s] [ 22%] [32mBuilding CXX object CMakeFiles/example_interfaces__rosidl_typesupport_microxrcedds_cpp.dir/rosidl_typesupport_microxrcedds_cpp/example_interfaces/msg/detail/microxrcedds/int64__type_support_cpp.cpp.o[0m
[287.951s] [ 22%] [32mBuilding CXX object CMakeFiles/example_interfaces__rosidl_typesupport_microxrcedds_cpp.dir/rosidl_typesupport_microxrcedds_cpp/example_interfaces/msg/detail/microxrcedds/int64_multi_array__type_support_cpp.cpp.o[0m
[290.168s] [ 23%] [32mBuilding CXX object CMakeFiles/example_interfaces__rosidl_typesupport_microxrcedds_cpp.dir/rosidl_typesupport_microxrcedds_cpp/example_interfaces/msg/detail/microxrcedds/int8__type_support_cpp.cpp.o[0m
[292.189s] [ 23%] [32mBuilding CXX object CMakeFiles/example_interfaces__rosidl_typesupport_microxrcedds_cpp.dir/rosidl_typesupport_microxrcedds_cpp/example_interfaces/msg/detail/microxrcedds/int8_multi_array__type_support_cpp.cpp.o[0m
[294.491s] [ 23%] [32mBuilding CXX object CMakeFiles/example_interfaces__rosidl_typesupport_microxrcedds_cpp.dir/rosidl_typesupport_microxrcedds_cpp/example_interfaces/msg/detail/microxrcedds/multi_array_dimension__type_support_cpp.cpp.o[0m
[297.831s] [ 24%] [32mBuilding CXX object CMakeFiles/example_interfaces__rosidl_typesupport_microxrcedds_cpp.dir/rosidl_typesupport_microxrcedds_cpp/example_interfaces/msg/detail/microxrcedds/multi_array_layout__type_support_cpp.cpp.o[0m
[300.019s] [ 24%] [32mBuilding CXX object CMakeFiles/example_interfaces__rosidl_typesupport_microxrcedds_cpp.dir/rosidl_typesupport_microxrcedds_cpp/example_interfaces/msg/detail/microxrcedds/string__type_support_cpp.cpp.o[0m
[302.054s] [ 24%] [32mBuilding CXX object CMakeFiles/example_interfaces__rosidl_typesupport_microxrcedds_cpp.dir/rosidl_typesupport_microxrcedds_cpp/example_interfaces/msg/detail/microxrcedds/u_int16__type_support_cpp.cpp.o[0m
[304.278s] [ 24%] [32mBuilding CXX object CMakeFiles/example_interfaces__rosidl_typesupport_microxrcedds_cpp.dir/rosidl_typesupport_microxrcedds_cpp/example_interfaces/msg/detail/microxrcedds/u_int16_multi_array__type_support_cpp.cpp.o[0m
[306.893s] [ 25%] [32mBuilding CXX object CMakeFiles/example_interfaces__rosidl_typesupport_microxrcedds_cpp.dir/rosidl_typesupport_microxrcedds_cpp/example_interfaces/msg/detail/microxrcedds/u_int32__type_support_cpp.cpp.o[0m
[309.016s] [ 25%] [32mBuilding CXX object CMakeFiles/example_interfaces__rosidl_typesupport_microxrcedds_cpp.dir/rosidl_typesupport_microxrcedds_cpp/example_interfaces/msg/detail/microxrcedds/u_int32_multi_array__type_support_cpp.cpp.o[0m
[311.360s] [ 25%] [32mBuilding CXX object CMakeFiles/example_interfaces__rosidl_typesupport_microxrcedds_cpp.dir/rosidl_typesupport_microxrcedds_cpp/example_interfaces/msg/detail/microxrcedds/u_int64__type_support_cpp.cpp.o[0m
[313.739s] [ 26%] [32mBuilding CXX object CMakeFiles/example_interfaces__rosidl_typesupport_microxrcedds_cpp.dir/rosidl_typesupport_microxrcedds_cpp/example_interfaces/msg/detail/microxrcedds/u_int64_multi_array__type_support_cpp.cpp.o[0m
[316.128s] [ 26%] [32mBuilding CXX object CMakeFiles/example_interfaces__rosidl_typesupport_microxrcedds_cpp.dir/rosidl_typesupport_microxrcedds_cpp/example_interfaces/msg/detail/microxrcedds/u_int8__type_support_cpp.cpp.o[0m
[318.450s] [ 26%] [32mBuilding CXX object CMakeFiles/example_interfaces__rosidl_typesupport_microxrcedds_cpp.dir/rosidl_typesupport_microxrcedds_cpp/example_interfaces/msg/detail/microxrcedds/u_int8_multi_array__type_support_cpp.cpp.o[0m
[320.771s] [ 26%] [32mBuilding CXX object CMakeFiles/example_interfaces__rosidl_typesupport_microxrcedds_cpp.dir/rosidl_typesupport_microxrcedds_cpp/example_interfaces/msg/detail/microxrcedds/w_string__type_support_cpp.cpp.o[0m
[323.108s] [ 27%] [32mBuilding CXX object CMakeFiles/example_interfaces__rosidl_typesupport_microxrcedds_cpp.dir/rosidl_typesupport_microxrcedds_cpp/example_interfaces/srv/detail/microxrcedds/add_two_ints__type_support_cpp.cpp.o[0m
[325.569s] [ 27%] [32mBuilding CXX object CMakeFiles/example_interfaces__rosidl_typesupport_microxrcedds_cpp.dir/rosidl_typesupport_microxrcedds_cpp/example_interfaces/srv/detail/microxrcedds/set_bool__type_support_cpp.cpp.o[0m
[328.133s] [ 27%] [32mBuilding CXX object CMakeFiles/example_interfaces__rosidl_typesupport_microxrcedds_cpp.dir/rosidl_typesupport_microxrcedds_cpp/example_interfaces/srv/detail/microxrcedds/trigger__type_support_cpp.cpp.o[0m
[330.405s] [ 28%] [32m[1mLinking CXX shared library libexample_interfaces__rosidl_typesupport_microxrcedds_cpp.so[0m
[331.098s] [ 28%] Built target example_interfaces__rosidl_typesupport_microxrcedds_cpp
[331.233s] [ 29%] [34m[1mGenerating C type support for eProsima Micro XRCE-DDS[0m
[347.989s] [35m[1mScanning dependencies of target example_interfaces__rosidl_typesupport_microxrcedds_c[0m
[348.341s] [ 29%] [32mBuilding C object CMakeFiles/example_interfaces__rosidl_typesupport_microxrcedds_c.dir/rosidl_typesupport_microxrcedds_c/example_interfaces/action/detail/microxrcedds/fibonacci__type_support_c.c.o[0m
[348.954s] [ 29%] [32mBuilding C object CMakeFiles/example_interfaces__rosidl_typesupport_microxrcedds_c.dir/rosidl_typesupport_microxrcedds_c/example_interfaces/msg/detail/microxrcedds/bool__type_support_c.c.o[0m
[349.345s] [ 30%] [32mBuilding C object CMakeFiles/example_interfaces__rosidl_typesupport_microxrcedds_c.dir/rosidl_typesupport_microxrcedds_c/example_interfaces/msg/detail/microxrcedds/byte__type_support_c.c.o[0m
[349.656s] [ 30%] [32mBuilding C object CMakeFiles/example_interfaces__rosidl_typesupport_microxrcedds_c.dir/rosidl_typesupport_microxrcedds_c/example_interfaces/msg/detail/microxrcedds/byte_multi_array__type_support_c.c.o[0m
[349.982s] [ 30%] [32mBuilding C object CMakeFiles/example_interfaces__rosidl_typesupport_microxrcedds_c.dir/rosidl_typesupport_microxrcedds_c/example_interfaces/msg/detail/microxrcedds/char__type_support_c.c.o[0m
[350.335s] [ 30%] [32mBuilding C object CMakeFiles/example_interfaces__rosidl_typesupport_microxrcedds_c.dir/rosidl_typesupport_microxrcedds_c/example_interfaces/msg/detail/microxrcedds/empty__type_support_c.c.o[0m
[350.673s] [ 31%] [32mBuilding C object CMakeFiles/example_interfaces__rosidl_typesupport_microxrcedds_c.dir/rosidl_typesupport_microxrcedds_c/example_interfaces/msg/detail/microxrcedds/float32__type_support_c.c.o[0m
[351.013s] [ 31%] [32mBuilding C object CMakeFiles/example_interfaces__rosidl_typesupport_microxrcedds_c.dir/rosidl_typesupport_microxrcedds_c/example_interfaces/msg/detail/microxrcedds/float32_multi_array__type_support_c.c.o[0m
[351.344s] [ 31%] [32mBuilding C object CMakeFiles/example_interfaces__rosidl_typesupport_microxrcedds_c.dir/rosidl_typesupport_microxrcedds_c/example_interfaces/msg/detail/microxrcedds/float64__type_support_c.c.o[0m
[351.738s] [ 32%] [32mBuilding C object CMakeFiles/example_interfaces__rosidl_typesupport_microxrcedds_c.dir/rosidl_typesupport_microxrcedds_c/example_interfaces/msg/detail/microxrcedds/float64_multi_array__type_support_c.c.o[0m
[352.119s] [ 32%] [32mBuilding C object CMakeFiles/example_interfaces__rosidl_typesupport_microxrcedds_c.dir/rosidl_typesupport_microxrcedds_c/example_interfaces/msg/detail/microxrcedds/int16__type_support_c.c.o[0m
[352.457s] [ 32%] [32mBuilding C object CMakeFiles/example_interfaces__rosidl_typesupport_microxrcedds_c.dir/rosidl_typesupport_microxrcedds_c/example_interfaces/msg/detail/microxrcedds/int16_multi_array__type_support_c.c.o[0m
[352.753s] [ 32%] [32mBuilding C object CMakeFiles/example_interfaces__rosidl_typesupport_microxrcedds_c.dir/rosidl_typesupport_microxrcedds_c/example_interfaces/msg/detail/microxrcedds/int32__type_support_c.c.o[0m
[353.044s] [ 33%] [32mBuilding C object CMakeFiles/example_interfaces__rosidl_typesupport_microxrcedds_c.dir/rosidl_typesupport_microxrcedds_c/example_interfaces/msg/detail/microxrcedds/int32_multi_array__type_support_c.c.o[0m
[353.377s] [ 33%] [32mBuilding C object CMakeFiles/example_interfaces__rosidl_typesupport_microxrcedds_c.dir/rosidl_typesupport_microxrcedds_c/example_interfaces/msg/detail/microxrcedds/int64__type_support_c.c.o[0m
[353.679s] [ 33%] [32mBuilding C object CMakeFiles/example_interfaces__rosidl_typesupport_microxrcedds_c.dir/rosidl_typesupport_microxrcedds_c/example_interfaces/msg/detail/microxrcedds/int64_multi_array__type_support_c.c.o[0m
[354.050s] [ 33%] [32mBuilding C object CMakeFiles/example_interfaces__rosidl_typesupport_microxrcedds_c.dir/rosidl_typesupport_microxrcedds_c/example_interfaces/msg/detail/microxrcedds/int8__type_support_c.c.o[0m
[354.338s] [ 34%] [32mBuilding C object CMakeFiles/example_interfaces__rosidl_typesupport_microxrcedds_c.dir/rosidl_typesupport_microxrcedds_c/example_interfaces/msg/detail/microxrcedds/int8_multi_array__type_support_c.c.o[0m
[354.690s] [ 34%] [32mBuilding C object CMakeFiles/example_interfaces__rosidl_typesupport_microxrcedds_c.dir/rosidl_typesupport_microxrcedds_c/example_interfaces/msg/detail/microxrcedds/multi_array_dimension__type_support_c.c.o[0m
[355.001s] [ 34%] [32mBuilding C object CMakeFiles/example_interfaces__rosidl_typesupport_microxrcedds_c.dir/rosidl_typesupport_microxrcedds_c/example_interfaces/msg/detail/microxrcedds/multi_array_layout__type_support_c.c.o[0m
[355.349s] [ 35%] [32mBuilding C object CMakeFiles/example_interfaces__rosidl_typesupport_microxrcedds_c.dir/rosidl_typesupport_microxrcedds_c/example_interfaces/msg/detail/microxrcedds/string__type_support_c.c.o[0m
[355.664s] [ 35%] [32mBuilding C object CMakeFiles/example_interfaces__rosidl_typesupport_microxrcedds_c.dir/rosidl_typesupport_microxrcedds_c/example_interfaces/msg/detail/microxrcedds/u_int16__type_support_c.c.o[0m
[355.989s] [ 35%] [32mBuilding C object CMakeFiles/example_interfaces__rosidl_typesupport_microxrcedds_c.dir/rosidl_typesupport_microxrcedds_c/example_interfaces/msg/detail/microxrcedds/u_int16_multi_array__type_support_c.c.o[0m
[356.334s] [ 35%] [32mBuilding C object CMakeFiles/example_interfaces__rosidl_typesupport_microxrcedds_c.dir/rosidl_typesupport_microxrcedds_c/example_interfaces/msg/detail/microxrcedds/u_int32__type_support_c.c.o[0m
[356.681s] [ 36%] [32mBuilding C object CMakeFiles/example_interfaces__rosidl_typesupport_microxrcedds_c.dir/rosidl_typesupport_microxrcedds_c/example_interfaces/msg/detail/microxrcedds/u_int32_multi_array__type_support_c.c.o[0m
[357.016s] [ 36%] [32mBuilding C object CMakeFiles/example_interfaces__rosidl_typesupport_microxrcedds_c.dir/rosidl_typesupport_microxrcedds_c/example_interfaces/msg/detail/microxrcedds/u_int64__type_support_c.c.o[0m
[357.396s] [ 36%] [32mBuilding C object CMakeFiles/example_interfaces__rosidl_typesupport_microxrcedds_c.dir/rosidl_typesupport_microxrcedds_c/example_interfaces/msg/detail/microxrcedds/u_int64_multi_array__type_support_c.c.o[0m
[357.727s] [ 37%] [32mBuilding C object CMakeFiles/example_interfaces__rosidl_typesupport_microxrcedds_c.dir/rosidl_typesupport_microxrcedds_c/example_interfaces/msg/detail/microxrcedds/u_int8__type_support_c.c.o[0m
[358.050s] [ 37%] [32mBuilding C object CMakeFiles/example_interfaces__rosidl_typesupport_microxrcedds_c.dir/rosidl_typesupport_microxrcedds_c/example_interfaces/msg/detail/microxrcedds/u_int8_multi_array__type_support_c.c.o[0m
[358.412s] [ 37%] [32mBuilding C object CMakeFiles/example_interfaces__rosidl_typesupport_microxrcedds_c.dir/rosidl_typesupport_microxrcedds_c/example_interfaces/msg/detail/microxrcedds/w_string__type_support_c.c.o[0m
[358.859s] [ 37%] [32mBuilding C object CMakeFiles/example_interfaces__rosidl_typesupport_microxrcedds_c.dir/rosidl_typesupport_microxrcedds_c/example_interfaces/srv/detail/microxrcedds/add_two_ints__type_support_c.c.o[0m
[359.363s] [ 38%] [32mBuilding C object CMakeFiles/example_interfaces__rosidl_typesupport_microxrcedds_c.dir/rosidl_typesupport_microxrcedds_c/example_interfaces/srv/detail/microxrcedds/set_bool__type_support_c.c.o[0m
[359.848s] [ 38%] [32mBuilding C object CMakeFiles/example_interfaces__rosidl_typesupport_microxrcedds_c.dir/rosidl_typesupport_microxrcedds_c/example_interfaces/srv/detail/microxrcedds/trigger__type_support_c.c.o[0m
[360.209s] [ 38%] [32m[1mLinking C shared library libexample_interfaces__rosidl_typesupport_microxrcedds_c.so[0m
[360.604s] [ 38%] Built target example_interfaces__rosidl_typesupport_microxrcedds_c
[360.725s] [ 39%] [34m[1mGenerating C introspection for ROS interfaces[0m
[374.375s] [35m[1mScanning dependencies of target example_interfaces__rosidl_typesupport_introspection_c[0m
[374.598s] [ 39%] [32mBuilding C object CMakeFiles/example_interfaces__rosidl_typesupport_introspection_c.dir/rosidl_typesupport_introspection_c/example_interfaces/action/detail/fibonacci__type_support.c.o[0m
[375.015s] [ 39%] [32mBuilding C object CMakeFiles/example_interfaces__rosidl_typesupport_introspection_c.dir/rosidl_typesupport_introspection_c/example_interfaces/msg/detail/bool__type_support.c.o[0m
[375.228s] [ 40%] [32mBuilding C object CMakeFiles/example_interfaces__rosidl_typesupport_introspection_c.dir/rosidl_typesupport_introspection_c/example_interfaces/msg/detail/byte__type_support.c.o[0m
[375.453s] [ 40%] [32mBuilding C object CMakeFiles/example_interfaces__rosidl_typesupport_introspection_c.dir/rosidl_typesupport_introspection_c/example_interfaces/msg/detail/byte_multi_array__type_support.c.o[0m
[375.690s] [ 40%] [32mBuilding C object CMakeFiles/example_interfaces__rosidl_typesupport_introspection_c.dir/rosidl_typesupport_introspection_c/example_interfaces/msg/detail/char__type_support.c.o[0m
[375.901s] [ 40%] [32mBuilding C object CMakeFiles/example_interfaces__rosidl_typesupport_introspection_c.dir/rosidl_typesupport_introspection_c/example_interfaces/msg/detail/empty__type_support.c.o[0m
[376.128s] [ 41%] [32mBuilding C object CMakeFiles/example_interfaces__rosidl_typesupport_introspection_c.dir/rosidl_typesupport_introspection_c/example_interfaces/msg/detail/float32__type_support.c.o[0m
[376.332s] [ 41%] [32mBuilding C object CMakeFiles/example_interfaces__rosidl_typesupport_introspection_c.dir/rosidl_typesupport_introspection_c/example_interfaces/msg/detail/float32_multi_array__type_support.c.o[0m
[376.549s] [ 41%] [32mBuilding C object CMakeFiles/example_interfaces__rosidl_typesupport_introspection_c.dir/rosidl_typesupport_introspection_c/example_interfaces/msg/detail/float64__type_support.c.o[0m
[376.764s] [ 41%] [32mBuilding C object CMakeFiles/example_interfaces__rosidl_typesupport_introspection_c.dir/rosidl_typesupport_introspection_c/example_interfaces/msg/detail/float64_multi_array__type_support.c.o[0m
[376.988s] [ 42%] [32mBuilding C object CMakeFiles/example_interfaces__rosidl_typesupport_introspection_c.dir/rosidl_typesupport_introspection_c/example_interfaces/msg/detail/int16__type_support.c.o[0m
[377.197s] [ 42%] [32mBuilding C object CMakeFiles/example_interfaces__rosidl_typesupport_introspection_c.dir/rosidl_typesupport_introspection_c/example_interfaces/msg/detail/int16_multi_array__type_support.c.o[0m
[377.445s] [ 42%] [32mBuilding C object CMakeFiles/example_interfaces__rosidl_typesupport_introspection_c.dir/rosidl_typesupport_introspection_c/example_interfaces/msg/detail/int32__type_support.c.o[0m
[377.671s] [ 43%] [32mBuilding C object CMakeFiles/example_interfaces__rosidl_typesupport_introspection_c.dir/rosidl_typesupport_introspection_c/example_interfaces/msg/detail/int32_multi_array__type_support.c.o[0m
[377.913s] [ 43%] [32mBuilding C object CMakeFiles/example_interfaces__rosidl_typesupport_introspection_c.dir/rosidl_typesupport_introspection_c/example_interfaces/msg/detail/int64__type_support.c.o[0m
[378.138s] [ 43%] [32mBuilding C object CMakeFiles/example_interfaces__rosidl_typesupport_introspection_c.dir/rosidl_typesupport_introspection_c/example_interfaces/msg/detail/int64_multi_array__type_support.c.o[0m
[378.373s] [ 43%] [32mBuilding C object CMakeFiles/example_interfaces__rosidl_typesupport_introspection_c.dir/rosidl_typesupport_introspection_c/example_interfaces/msg/detail/int8__type_support.c.o[0m
[378.594s] [ 44%] [32mBuilding C object CMakeFiles/example_interfaces__rosidl_typesupport_introspection_c.dir/rosidl_typesupport_introspection_c/example_interfaces/msg/detail/int8_multi_array__type_support.c.o[0m
[378.820s] [ 44%] [32mBuilding C object CMakeFiles/example_interfaces__rosidl_typesupport_introspection_c.dir/rosidl_typesupport_introspection_c/example_interfaces/msg/detail/multi_array_dimension__type_support.c.o[0m
[379.039s] [ 44%] [32mBuilding C object CMakeFiles/example_interfaces__rosidl_typesupport_introspection_c.dir/rosidl_typesupport_introspection_c/example_interfaces/msg/detail/multi_array_layout__type_support.c.o[0m
[379.543s] [ 45%] [32mBuilding C object CMakeFiles/example_interfaces__rosidl_typesupport_introspection_c.dir/rosidl_typesupport_introspection_c/example_interfaces/msg/detail/string__type_support.c.o[0m
[379.997s] [ 45%] [32mBuilding C object CMakeFiles/example_interfaces__rosidl_typesupport_introspection_c.dir/rosidl_typesupport_introspection_c/example_interfaces/msg/detail/u_int16__type_support.c.o[0m
[380.280s] [ 45%] [32mBuilding C object CMakeFiles/example_interfaces__rosidl_typesupport_introspection_c.dir/rosidl_typesupport_introspection_c/example_interfaces/msg/detail/u_int16_multi_array__type_support.c.o[0m
[380.515s] [ 45%] [32mBuilding C object CMakeFiles/example_interfaces__rosidl_typesupport_introspection_c.dir/rosidl_typesupport_introspection_c/example_interfaces/msg/detail/u_int32__type_support.c.o[0m
[380.737s] [ 46%] [32mBuilding C object CMakeFiles/example_interfaces__rosidl_typesupport_introspection_c.dir/rosidl_typesupport_introspection_c/example_interfaces/msg/detail/u_int32_multi_array__type_support.c.o[0m
[380.953s] [ 46%] [32mBuilding C object CMakeFiles/example_interfaces__rosidl_typesupport_introspection_c.dir/rosidl_typesupport_introspection_c/example_interfaces/msg/detail/u_int64__type_support.c.o[0m
[381.166s] [ 46%] [32mBuilding C object CMakeFiles/example_interfaces__rosidl_typesupport_introspection_c.dir/rosidl_typesupport_introspection_c/example_interfaces/msg/detail/u_int64_multi_array__type_support.c.o[0m
[381.391s] [ 46%] [32mBuilding C object CMakeFiles/example_interfaces__rosidl_typesupport_introspection_c.dir/rosidl_typesupport_introspection_c/example_interfaces/msg/detail/u_int8__type_support.c.o[0m
[381.603s] [ 47%] [32mBuilding C object CMakeFiles/example_interfaces__rosidl_typesupport_introspection_c.dir/rosidl_typesupport_introspection_c/example_interfaces/msg/detail/u_int8_multi_array__type_support.c.o[0m
[381.843s] [ 47%] [32mBuilding C object CMakeFiles/example_interfaces__rosidl_typesupport_introspection_c.dir/rosidl_typesupport_introspection_c/example_interfaces/msg/detail/w_string__type_support.c.o[0m
[382.062s] [ 47%] [32mBuilding C object CMakeFiles/example_interfaces__rosidl_typesupport_introspection_c.dir/rosidl_typesupport_introspection_c/example_interfaces/srv/detail/add_two_ints__type_support.c.o[0m
[382.322s] [ 48%] [32mBuilding C object CMakeFiles/example_interfaces__rosidl_typesupport_introspection_c.dir/rosidl_typesupport_introspection_c/example_interfaces/srv/detail/set_bool__type_support.c.o[0m
[382.563s] [ 48%] [32mBuilding C object CMakeFiles/example_interfaces__rosidl_typesupport_introspection_c.dir/rosidl_typesupport_introspection_c/example_interfaces/srv/detail/trigger__type_support.c.o[0m
[382.806s] [ 48%] [32m[1mLinking C shared library libexample_interfaces__rosidl_typesupport_introspection_c.so[0m
[383.077s] [ 48%] Built target example_interfaces__rosidl_typesupport_introspection_c
[383.151s] [ 49%] [34m[1mGenerating C type support dispatch for ROS interfaces[0m
[391.985s] [35m[1mScanning dependencies of target example_interfaces__rosidl_typesupport_c[0m
[392.183s] [ 49%] [32mBuilding CXX object CMakeFiles/example_interfaces__rosidl_typesupport_c.dir/rosidl_typesupport_c/example_interfaces/action/fibonacci__type_support.cpp.o[0m
[392.543s] [ 49%] [32mBuilding CXX object CMakeFiles/example_interfaces__rosidl_typesupport_c.dir/rosidl_typesupport_c/example_interfaces/msg/bool__type_support.cpp.o[0m
[392.744s] [ 49%] [32mBuilding CXX object CMakeFiles/example_interfaces__rosidl_typesupport_c.dir/rosidl_typesupport_c/example_interfaces/msg/byte__type_support.cpp.o[0m
[392.941s] [ 50%] [32mBuilding CXX object CMakeFiles/example_interfaces__rosidl_typesupport_c.dir/rosidl_typesupport_c/example_interfaces/msg/byte_multi_array__type_support.cpp.o[0m
[393.151s] [ 50%] [32mBuilding CXX object CMakeFiles/example_interfaces__rosidl_typesupport_c.dir/rosidl_typesupport_c/example_interfaces/msg/char__type_support.cpp.o[0m
[393.352s] [ 50%] [32mBuilding CXX object CMakeFiles/example_interfaces__rosidl_typesupport_c.dir/rosidl_typesupport_c/example_interfaces/msg/empty__type_support.cpp.o[0m
[393.546s] [ 51%] [32mBuilding CXX object CMakeFiles/example_interfaces__rosidl_typesupport_c.dir/rosidl_typesupport_c/example_interfaces/msg/float32__type_support.cpp.o[0m
[393.732s] [ 51%] [32mBuilding CXX object CMakeFiles/example_interfaces__rosidl_typesupport_c.dir/rosidl_typesupport_c/example_interfaces/msg/float32_multi_array__type_support.cpp.o[0m
[393.927s] [ 51%] [32mBuilding CXX object CMakeFiles/example_interfaces__rosidl_typesupport_c.dir/rosidl_typesupport_c/example_interfaces/msg/float64__type_support.cpp.o[0m
[394.109s] [ 51%] [32mBuilding CXX object CMakeFiles/example_interfaces__rosidl_typesupport_c.dir/rosidl_typesupport_c/example_interfaces/msg/float64_multi_array__type_support.cpp.o[0m
[394.312s] [ 52%] [32mBuilding CXX object CMakeFiles/example_interfaces__rosidl_typesupport_c.dir/rosidl_typesupport_c/example_interfaces/msg/int16__type_support.cpp.o[0m
[394.505s] [ 52%] [32mBuilding CXX object CMakeFiles/example_interfaces__rosidl_typesupport_c.dir/rosidl_typesupport_c/example_interfaces/msg/int16_multi_array__type_support.cpp.o[0m
[394.736s] [ 52%] [32mBuilding CXX object CMakeFiles/example_interfaces__rosidl_typesupport_c.dir/rosidl_typesupport_c/example_interfaces/msg/int32__type_support.cpp.o[0m
[394.936s] [ 52%] [32mBuilding CXX object CMakeFiles/example_interfaces__rosidl_typesupport_c.dir/rosidl_typesupport_c/example_interfaces/msg/int32_multi_array__type_support.cpp.o[0m
[395.133s] [ 53%] [32mBuilding CXX object CMakeFiles/example_interfaces__rosidl_typesupport_c.dir/rosidl_typesupport_c/example_interfaces/msg/int64__type_support.cpp.o[0m
[395.331s] [ 53%] [32mBuilding CXX object CMakeFiles/example_interfaces__rosidl_typesupport_c.dir/rosidl_typesupport_c/example_interfaces/msg/int64_multi_array__type_support.cpp.o[0m
[395.561s] [ 53%] [32mBuilding CXX object CMakeFiles/example_interfaces__rosidl_typesupport_c.dir/rosidl_typesupport_c/example_interfaces/msg/int8__type_support.cpp.o[0m
[395.979s] [ 54%] [32mBuilding CXX object CMakeFiles/example_interfaces__rosidl_typesupport_c.dir/rosidl_typesupport_c/example_interfaces/msg/int8_multi_array__type_support.cpp.o[0m
[396.166s] [ 54%] [32mBuilding CXX object CMakeFiles/example_interfaces__rosidl_typesupport_c.dir/rosidl_typesupport_c/example_interfaces/msg/multi_array_dimension__type_support.cpp.o[0m
[396.353s] [ 54%] [32mBuilding CXX object CMakeFiles/example_interfaces__rosidl_typesupport_c.dir/rosidl_typesupport_c/example_interfaces/msg/multi_array_layout__type_support.cpp.o[0m
[396.549s] [ 54%] [32mBuilding CXX object CMakeFiles/example_interfaces__rosidl_typesupport_c.dir/rosidl_typesupport_c/example_interfaces/msg/string__type_support.cpp.o[0m
[396.750s] [ 55%] [32mBuilding CXX object CMakeFiles/example_interfaces__rosidl_typesupport_c.dir/rosidl_typesupport_c/example_interfaces/msg/u_int16__type_support.cpp.o[0m
[396.950s] [ 55%] [32mBuilding CXX object CMakeFiles/example_interfaces__rosidl_typesupport_c.dir/rosidl_typesupport_c/example_interfaces/msg/u_int16_multi_array__type_support.cpp.o[0m
[397.150s] [ 55%] [32mBuilding CXX object CMakeFiles/example_interfaces__rosidl_typesupport_c.dir/rosidl_typesupport_c/example_interfaces/msg/u_int32__type_support.cpp.o[0m
[397.352s] [ 56%] [32mBuilding CXX object CMakeFiles/example_interfaces__rosidl_typesupport_c.dir/rosidl_typesupport_c/example_interfaces/msg/u_int32_multi_array__type_support.cpp.o[0m
[397.563s] [ 56%] [32mBuilding CXX object CMakeFiles/example_interfaces__rosidl_typesupport_c.dir/rosidl_typesupport_c/example_interfaces/msg/u_int64__type_support.cpp.o[0m
[397.756s] [ 56%] [32mBuilding CXX object CMakeFiles/example_interfaces__rosidl_typesupport_c.dir/rosidl_typesupport_c/example_interfaces/msg/u_int64_multi_array__type_support.cpp.o[0m
[397.954s] [ 56%] [32mBuilding CXX object CMakeFiles/example_interfaces__rosidl_typesupport_c.dir/rosidl_typesupport_c/example_interfaces/msg/u_int8__type_support.cpp.o[0m
[398.141s] [ 57%] [32mBuilding CXX object CMakeFiles/example_interfaces__rosidl_typesupport_c.dir/rosidl_typesupport_c/example_interfaces/msg/u_int8_multi_array__type_support.cpp.o[0m
[398.337s] [ 57%] [32mBuilding CXX object CMakeFiles/example_interfaces__rosidl_typesupport_c.dir/rosidl_typesupport_c/example_interfaces/msg/w_string__type_support.cpp.o[0m
[398.524s] [ 57%] [32mBuilding CXX object CMakeFiles/example_interfaces__rosidl_typesupport_c.dir/rosidl_typesupport_c/example_interfaces/srv/add_two_ints__type_support.cpp.o[0m
[398.738s] [ 57%] [32mBuilding CXX object CMakeFiles/example_interfaces__rosidl_typesupport_c.dir/rosidl_typesupport_c/example_interfaces/srv/set_bool__type_support.cpp.o[0m
[398.955s] [ 58%] [32mBuilding CXX object CMakeFiles/example_interfaces__rosidl_typesupport_c.dir/rosidl_typesupport_c/example_interfaces/srv/trigger__type_support.cpp.o[0m
[399.165s] [ 58%] [32m[1mLinking CXX shared library libexample_interfaces__rosidl_typesupport_c.so[0m
[399.457s] [ 58%] Built target example_interfaces__rosidl_typesupport_c
[399.531s] [ 59%] [34m[1mGenerating C type support for eProsima Fast-RTPS[0m
[412.941s] [35m[1mScanning dependencies of target example_interfaces__rosidl_typesupport_fastrtps_c[0m
[413.409s] [ 59%] [32mBuilding CXX object CMakeFiles/example_interfaces__rosidl_typesupport_fastrtps_c.dir/rosidl_typesupport_fastrtps_c/example_interfaces/action/detail/fibonacci__type_support_c.cpp.o[0m
[415.858s] [ 59%] [32mBuilding CXX object CMakeFiles/example_interfaces__rosidl_typesupport_fastrtps_c.dir/rosidl_typesupport_fastrtps_c/example_interfaces/msg/detail/bool__type_support_c.cpp.o[0m
[418.057s] [ 59%] [32mBuilding CXX object CMakeFiles/example_interfaces__rosidl_typesupport_fastrtps_c.dir/rosidl_typesupport_fastrtps_c/example_interfaces/msg/detail/byte__type_support_c.cpp.o[0m
[420.244s] [ 60%] [32mBuilding CXX object CMakeFiles/example_interfaces__rosidl_typesupport_fastrtps_c.dir/rosidl_typesupport_fastrtps_c/example_interfaces/msg/detail/byte_multi_array__type_support_c.cpp.o[0m
[422.428s] [ 60%] [32mBuilding CXX object CMakeFiles/example_interfaces__rosidl_typesupport_fastrtps_c.dir/rosidl_typesupport_fastrtps_c/example_interfaces/msg/detail/char__type_support_c.cpp.o[0m
[424.562s] [ 60%] [32mBuilding CXX object CMakeFiles/example_interfaces__rosidl_typesupport_fastrtps_c.dir/rosidl_typesupport_fastrtps_c/example_interfaces/msg/detail/empty__type_support_c.cpp.o[0m
[426.651s] [ 61%] [32mBuilding CXX object CMakeFiles/example_interfaces__rosidl_typesupport_fastrtps_c.dir/rosidl_typesupport_fastrtps_c/example_interfaces/msg/detail/float32__type_support_c.cpp.o[0m
[428.762s] [ 61%] [32mBuilding CXX object CMakeFiles/example_interfaces__rosidl_typesupport_fastrtps_c.dir/rosidl_typesupport_fastrtps_c/example_interfaces/msg/detail/float32_multi_array__type_support_c.cpp.o[0m
[431.248s] [ 61%] [32mBuilding CXX object CMakeFiles/example_interfaces__rosidl_typesupport_fastrtps_c.dir/rosidl_typesupport_fastrtps_c/example_interfaces/msg/detail/float64__type_support_c.cpp.o[0m
[433.442s] [ 61%] [32mBuilding CXX object CMakeFiles/example_interfaces__rosidl_typesupport_fastrtps_c.dir/rosidl_typesupport_fastrtps_c/example_interfaces/msg/detail/float64_multi_array__type_support_c.cpp.o[0m
[435.716s] [ 62%] [32mBuilding CXX object CMakeFiles/example_interfaces__rosidl_typesupport_fastrtps_c.dir/rosidl_typesupport_fastrtps_c/example_interfaces/msg/detail/int16__type_support_c.cpp.o[0m
[437.895s] [ 62%] [32mBuilding CXX object CMakeFiles/example_interfaces__rosidl_typesupport_fastrtps_c.dir/rosidl_typesupport_fastrtps_c/example_interfaces/msg/detail/int16_multi_array__type_support_c.cpp.o[0m
[440.116s] [ 62%] [32mBuilding CXX object CMakeFiles/example_interfaces__rosidl_typesupport_fastrtps_c.dir/rosidl_typesupport_fastrtps_c/example_interfaces/msg/detail/int32__type_support_c.cpp.o[0m
[442.337s] [ 63%] [32mBuilding CXX object CMakeFiles/example_interfaces__rosidl_typesupport_fastrtps_c.dir/rosidl_typesupport_fastrtps_c/example_interfaces/msg/detail/int32_multi_array__type_support_c.cpp.o[0m
[444.433s] [ 63%] [32mBuilding CXX object CMakeFiles/example_interfaces__rosidl_typesupport_fastrtps_c.dir/rosidl_typesupport_fastrtps_c/example_interfaces/msg/detail/int64__type_support_c.cpp.o[0m
[446.712s] [ 63%] [32mBuilding CXX object CMakeFiles/example_interfaces__rosidl_typesupport_fastrtps_c.dir/rosidl_typesupport_fastrtps_c/example_interfaces/msg/detail/int64_multi_array__type_support_c.cpp.o[0m
[448.809s] [ 63%] [32mBuilding CXX object CMakeFiles/example_interfaces__rosidl_typesupport_fastrtps_c.dir/rosidl_typesupport_fastrtps_c/example_interfaces/msg/detail/int8__type_support_c.cpp.o[0m
[450.915s] [ 64%] [32mBuilding CXX object CMakeFiles/example_interfaces__rosidl_typesupport_fastrtps_c.dir/rosidl_typesupport_fastrtps_c/example_interfaces/msg/detail/int8_multi_array__type_support_c.cpp.o[0m
[453.083s] [ 64%] [32mBuilding CXX object CMakeFiles/example_interfaces__rosidl_typesupport_fastrtps_c.dir/rosidl_typesupport_fastrtps_c/example_interfaces/msg/detail/multi_array_dimension__type_support_c.cpp.o[0m
[455.271s] [ 64%] [32mBuilding CXX object CMakeFiles/example_interfaces__rosidl_typesupport_fastrtps_c.dir/rosidl_typesupport_fastrtps_c/example_interfaces/msg/detail/multi_array_layout__type_support_c.cpp.o[0m
[457.493s] [ 64%] [32mBuilding CXX object CMakeFiles/example_interfaces__rosidl_typesupport_fastrtps_c.dir/rosidl_typesupport_fastrtps_c/example_interfaces/msg/detail/string__type_support_c.cpp.o[0m
[459.736s] [ 65%] [32mBuilding CXX object CMakeFiles/example_interfaces__rosidl_typesupport_fastrtps_c.dir/rosidl_typesupport_fastrtps_c/example_interfaces/msg/detail/u_int16__type_support_c.cpp.o[0m
[461.902s] [ 65%] [32mBuilding CXX object CMakeFiles/example_interfaces__rosidl_typesupport_fastrtps_c.dir/rosidl_typesupport_fastrtps_c/example_interfaces/msg/detail/u_int16_multi_array__type_support_c.cpp.o[0m
[464.393s] [ 65%] [32mBuilding CXX object CMakeFiles/example_interfaces__rosidl_typesupport_fastrtps_c.dir/rosidl_typesupport_fastrtps_c/example_interfaces/msg/detail/u_int32__type_support_c.cpp.o[0m
[466.576s] [ 66%] [32mBuilding CXX object CMakeFiles/example_interfaces__rosidl_typesupport_fastrtps_c.dir/rosidl_typesupport_fastrtps_c/example_interfaces/msg/detail/u_int32_multi_array__type_support_c.cpp.o[0m
[468.835s] [ 66%] [32mBuilding CXX object CMakeFiles/example_interfaces__rosidl_typesupport_fastrtps_c.dir/rosidl_typesupport_fastrtps_c/example_interfaces/msg/detail/u_int64__type_support_c.cpp.o[0m
[470.924s] [ 66%] [32mBuilding CXX object CMakeFiles/example_interfaces__rosidl_typesupport_fastrtps_c.dir/rosidl_typesupport_fastrtps_c/example_interfaces/msg/detail/u_int64_multi_array__type_support_c.cpp.o[0m
[471.040s] [ 66%] [32mBuilding CXX object CMakeFiles/example_interfaces__rosidl_typesupport_fastrtps_c.dir/rosidl_typesupport_fastrtps_c/example_interfaces/msg/detail/u_int8__type_support_c.cpp.o[0m
[473.276s] [ 67%] [32mBuilding CXX object CMakeFiles/example_interfaces__rosidl_typesupport_fastrtps_c.dir/rosidl_typesupport_fastrtps_c/example_interfaces/msg/detail/u_int8_multi_array__type_support_c.cpp.o[0m
[473.351s] [ 67%] [32mBuilding CXX object CMakeFiles/example_interfaces__rosidl_typesupport_fastrtps_c.dir/rosidl_typesupport_fastrtps_c/example_interfaces/msg/detail/w_string__type_support_c.cpp.o[0m
[475.971s] [ 67%] [32mBuilding CXX object CMakeFiles/example_interfaces__rosidl_typesupport_fastrtps_c.dir/rosidl_typesupport_fastrtps_c/example_interfaces/srv/detail/add_two_ints__type_support_c.cpp.o[0m
[478.202s] [ 68%] [32mBuilding CXX object CMakeFiles/example_interfaces__rosidl_typesupport_fastrtps_c.dir/rosidl_typesupport_fastrtps_c/example_interfaces/srv/detail/set_bool__type_support_c.cpp.o[0m
[480.740s] [ 68%] [32mBuilding CXX object CMakeFiles/example_interfaces__rosidl_typesupport_fastrtps_c.dir/rosidl_typesupport_fastrtps_c/example_interfaces/srv/detail/trigger__type_support_c.cpp.o[0m
[483.153s] [ 68%] [32m[1mLinking CXX shared library libexample_interfaces__rosidl_typesupport_fastrtps_c.so[0m
[483.773s] [ 68%] Built target example_interfaces__rosidl_typesupport_fastrtps_c
[483.844s] [ 68%] [34m[1mGenerating C++ type support dispatch for ROS interfaces[0m
[491.982s] [35m[1mScanning dependencies of target example_interfaces__rosidl_typesupport_cpp[0m
[492.145s] [ 68%] [32mBuilding CXX object CMakeFiles/example_interfaces__rosidl_typesupport_cpp.dir/rosidl_typesupport_cpp/example_interfaces/action/fibonacci__type_support.cpp.o[0m
[493.844s] [ 69%] [32mBuilding CXX object CMakeFiles/example_interfaces__rosidl_typesupport_cpp.dir/rosidl_typesupport_cpp/example_interfaces/msg/byte__type_support.cpp.o[0m
[495.316s] [ 69%] [32mBuilding CXX object CMakeFiles/example_interfaces__rosidl_typesupport_cpp.dir/rosidl_typesupport_cpp/example_interfaces/msg/byte_multi_array__type_support.cpp.o[0m
[496.778s] [ 69%] [32mBuilding CXX object CMakeFiles/example_interfaces__rosidl_typesupport_cpp.dir/rosidl_typesupport_cpp/example_interfaces/msg/char__type_support.cpp.o[0m
[498.390s] [ 70%] [32mBuilding CXX object CMakeFiles/example_interfaces__rosidl_typesupport_cpp.dir/rosidl_typesupport_cpp/example_interfaces/msg/empty__type_support.cpp.o[0m
[499.858s] [ 70%] [32mBuilding CXX object CMakeFiles/example_interfaces__rosidl_typesupport_cpp.dir/rosidl_typesupport_cpp/example_interfaces/msg/float32__type_support.cpp.o[0m
[501.315s] [ 70%] [32mBuilding CXX object CMakeFiles/example_interfaces__rosidl_typesupport_cpp.dir/rosidl_typesupport_cpp/example_interfaces/msg/float32_multi_array__type_support.cpp.o[0m
[502.765s] [ 70%] [32mBuilding CXX object CMakeFiles/example_interfaces__rosidl_typesupport_cpp.dir/rosidl_typesupport_cpp/example_interfaces/msg/float64__type_support.cpp.o[0m
[506.982s] [ 71%] [32mBuilding CXX object CMakeFiles/example_interfaces__rosidl_typesupport_cpp.dir/rosidl_typesupport_cpp/example_interfaces/msg/float64_multi_array__type_support.cpp.o[0m
[508.465s] [ 71%] [32mBuilding CXX object CMakeFiles/example_interfaces__rosidl_typesupport_cpp.dir/rosidl_typesupport_cpp/example_interfaces/msg/int16__type_support.cpp.o[0m
[509.933s] [ 71%] [32mBuilding CXX object CMakeFiles/example_interfaces__rosidl_typesupport_cpp.dir/rosidl_typesupport_cpp/example_interfaces/msg/int16_multi_array__type_support.cpp.o[0m
[511.395s] [ 71%] [32mBuilding CXX object CMakeFiles/example_interfaces__rosidl_typesupport_cpp.dir/rosidl_typesupport_cpp/example_interfaces/msg/int32__type_support.cpp.o[0m
[512.862s] [ 72%] [32mBuilding CXX object CMakeFiles/example_interfaces__rosidl_typesupport_cpp.dir/rosidl_typesupport_cpp/example_interfaces/msg/int32_multi_array__type_support.cpp.o[0m
[514.530s] [ 72%] [32mBuilding CXX object CMakeFiles/example_interfaces__rosidl_typesupport_cpp.dir/rosidl_typesupport_cpp/example_interfaces/msg/int64__type_support.cpp.o[0m
[515.979s] [ 72%] [32mBuilding CXX object CMakeFiles/example_interfaces__rosidl_typesupport_cpp.dir/rosidl_typesupport_cpp/example_interfaces/msg/int64_multi_array__type_support.cpp.o[0m
[517.445s] [ 73%] [32mBuilding CXX object CMakeFiles/example_interfaces__rosidl_typesupport_cpp.dir/rosidl_typesupport_cpp/example_interfaces/msg/int8__type_support.cpp.o[0m
[518.919s] [ 73%] [32mBuilding CXX object CMakeFiles/example_interfaces__rosidl_typesupport_cpp.dir/rosidl_typesupport_cpp/example_interfaces/msg/int8_multi_array__type_support.cpp.o[0m
[520.385s] [ 73%] [32mBuilding CXX object CMakeFiles/example_interfaces__rosidl_typesupport_cpp.dir/rosidl_typesupport_cpp/example_interfaces/msg/multi_array_dimension__type_support.cpp.o[0m
[521.850s] [ 73%] [32mBuilding CXX object CMakeFiles/example_interfaces__rosidl_typesupport_cpp.dir/rosidl_typesupport_cpp/example_interfaces/msg/multi_array_layout__type_support.cpp.o[0m
[523.308s] [ 74%] [32mBuilding CXX object CMakeFiles/example_interfaces__rosidl_typesupport_cpp.dir/rosidl_typesupport_cpp/example_interfaces/msg/string__type_support.cpp.o[0m
[524.770s] [ 74%] [32mBuilding CXX object CMakeFiles/example_interfaces__rosidl_typesupport_cpp.dir/rosidl_typesupport_cpp/example_interfaces/msg/u_int16__type_support.cpp.o[0m
[525.840s] [ 74%] [32mBuilding CXX object CMakeFiles/example_interfaces__rosidl_typesupport_cpp.dir/rosidl_typesupport_cpp/example_interfaces/msg/u_int16_multi_array__type_support.cpp.o[0m
[526.311s] [ 74%] [32mBuilding CXX object CMakeFiles/example_interfaces__rosidl_typesupport_cpp.dir/rosidl_typesupport_cpp/example_interfaces/msg/bool__type_support.cpp.o[0m
[527.405s] [ 75%] [32mBuilding CXX object CMakeFiles/example_interfaces__rosidl_typesupport_cpp.dir/rosidl_typesupport_cpp/example_interfaces/msg/u_int32__type_support.cpp.o[0m
[527.562s] [ 75%] [32mBuilding CXX object CMakeFiles/example_interfaces__rosidl_typesupport_cpp.dir/rosidl_typesupport_cpp/example_interfaces/msg/u_int32_multi_array__type_support.cpp.o[0m
[528.058s] [ 75%] [32mBuilding CXX object CMakeFiles/example_interfaces__rosidl_typesupport_cpp.dir/rosidl_typesupport_cpp/example_interfaces/msg/u_int64__type_support.cpp.o[0m
[529.625s] [ 75%] [32mBuilding CXX object CMakeFiles/example_interfaces__rosidl_typesupport_cpp.dir/rosidl_typesupport_cpp/example_interfaces/msg/u_int64_multi_array__type_support.cpp.o[0m
[529.945s] [ 76%] [32mBuilding CXX object CMakeFiles/example_interfaces__rosidl_typesupport_cpp.dir/rosidl_typesupport_cpp/example_interfaces/msg/u_int8__type_support.cpp.o[0m
[530.266s] [ 76%] [32mBuilding CXX object CMakeFiles/example_interfaces__rosidl_typesupport_cpp.dir/rosidl_typesupport_cpp/example_interfaces/msg/u_int8_multi_array__type_support.cpp.o[0m
[531.609s] [ 76%] [32mBuilding CXX object CMakeFiles/example_interfaces__rosidl_typesupport_cpp.dir/rosidl_typesupport_cpp/example_interfaces/msg/w_string__type_support.cpp.o[0m
[531.961s] [ 76%] [32mBuilding CXX object CMakeFiles/example_interfaces__rosidl_typesupport_cpp.dir/rosidl_typesupport_cpp/example_interfaces/srv/add_two_ints__type_support.cpp.o[0m
[532.295s] [ 77%] [32mBuilding CXX object CMakeFiles/example_interfaces__rosidl_typesupport_cpp.dir/rosidl_typesupport_cpp/example_interfaces/srv/set_bool__type_support.cpp.o[0m
[533.634s] [ 77%] [32mBuilding CXX object CMakeFiles/example_interfaces__rosidl_typesupport_cpp.dir/rosidl_typesupport_cpp/example_interfaces/srv/trigger__type_support.cpp.o[0m
[535.291s] [ 77%] [32m[1mLinking CXX shared library libexample_interfaces__rosidl_typesupport_cpp.so[0m
[535.537s] [ 77%] Built target example_interfaces__rosidl_typesupport_cpp
[535.609s] [ 77%] [34m[1mGenerating C++ introspection for ROS interfaces[0m
[546.358s] [35m[1mScanning dependencies of target example_interfaces__rosidl_typesupport_introspection_cpp[0m
[546.548s] [ 77%] [32mBuilding CXX object CMakeFiles/example_interfaces__rosidl_typesupport_introspection_cpp.dir/rosidl_typesupport_introspection_cpp/example_interfaces/action/detail/fibonacci__type_support.cpp.o[0m
[548.493s] [ 77%] [32mBuilding CXX object CMakeFiles/example_interfaces__rosidl_typesupport_introspection_cpp.dir/rosidl_typesupport_introspection_cpp/example_interfaces/msg/detail/byte_multi_array__type_support.cpp.o[0m
[550.214s] [ 77%] [32mBuilding CXX object CMakeFiles/example_interfaces__rosidl_typesupport_introspection_cpp.dir/rosidl_typesupport_introspection_cpp/example_interfaces/msg/detail/char__type_support.cpp.o[0m
[551.691s] [ 78%] [32mBuilding CXX object CMakeFiles/example_interfaces__rosidl_typesupport_introspection_cpp.dir/rosidl_typesupport_introspection_cpp/example_interfaces/msg/detail/empty__type_support.cpp.o[0m
[553.130s] [ 78%] [32mBuilding CXX object CMakeFiles/example_interfaces__rosidl_typesupport_introspection_cpp.dir/rosidl_typesupport_introspection_cpp/example_interfaces/msg/detail/float32__type_support.cpp.o[0m
[554.644s] [ 78%] [32mBuilding CXX object CMakeFiles/example_interfaces__rosidl_typesupport_introspection_cpp.dir/rosidl_typesupport_introspection_cpp/example_interfaces/msg/detail/float32_multi_array__type_support.cpp.o[0m
[556.378s] [ 78%] [32mBuilding CXX object CMakeFiles/example_interfaces__rosidl_typesupport_introspection_cpp.dir/rosidl_typesupport_introspection_cpp/example_interfaces/msg/detail/float64__type_support.cpp.o[0m
[557.830s] [ 79%] [32mBuilding CXX object CMakeFiles/example_interfaces__rosidl_typesupport_introspection_cpp.dir/rosidl_typesupport_introspection_cpp/example_interfaces/msg/detail/float64_multi_array__type_support.cpp.o[0m
[559.556s] [ 79%] [32mBuilding CXX object CMakeFiles/example_interfaces__rosidl_typesupport_introspection_cpp.dir/rosidl_typesupport_introspection_cpp/example_interfaces/msg/detail/int16__type_support.cpp.o[0m
[561.013s] [ 79%] [32mBuilding CXX object CMakeFiles/example_interfaces__rosidl_typesupport_introspection_cpp.dir/rosidl_typesupport_introspection_cpp/example_interfaces/msg/detail/int16_multi_array__type_support.cpp.o[0m
[562.945s] [ 80%] [32mBuilding CXX object CMakeFiles/example_interfaces__rosidl_typesupport_introspection_cpp.dir/rosidl_typesupport_introspection_cpp/example_interfaces/msg/detail/int32__type_support.cpp.o[0m
[564.413s] [ 80%] [32mBuilding CXX object CMakeFiles/example_interfaces__rosidl_typesupport_introspection_cpp.dir/rosidl_typesupport_introspection_cpp/example_interfaces/msg/detail/int32_multi_array__type_support.cpp.o[0m
[566.131s] [ 80%] [32mBuilding CXX object CMakeFiles/example_interfaces__rosidl_typesupport_introspection_cpp.dir/rosidl_typesupport_introspection_cpp/example_interfaces/msg/detail/int64__type_support.cpp.o[0m
[567.204s] [ 80%] [32mBuilding CXX object CMakeFiles/example_interfaces__rosidl_typesupport_introspection_cpp.dir/rosidl_typesupport_introspection_cpp/example_interfaces/msg/detail/int64_multi_array__type_support.cpp.o[0m
[567.270s] [ 80%] [32mBuilding CXX object CMakeFiles/example_interfaces__rosidl_typesupport_introspection_cpp.dir/rosidl_typesupport_introspection_cpp/example_interfaces/msg/detail/byte__type_support.cpp.o[0m
[567.722s] [ 81%] [32mBuilding CXX object CMakeFiles/example_interfaces__rosidl_typesupport_introspection_cpp.dir/rosidl_typesupport_introspection_cpp/example_interfaces/msg/detail/bool__type_support.cpp.o[0m
[568.867s] [ 82%] [32mBuilding CXX object CMakeFiles/example_interfaces__rosidl_typesupport_introspection_cpp.dir/rosidl_typesupport_introspection_cpp/example_interfaces/msg/detail/int8__type_support.cpp.o[0m
[569.398s] [ 82%] [32mBuilding CXX object CMakeFiles/example_interfaces__rosidl_typesupport_introspection_cpp.dir/rosidl_typesupport_introspection_cpp/example_interfaces/msg/detail/int8_multi_array__type_support.cpp.o[0m
[569.753s] [ 82%] [32mBuilding CXX object CMakeFiles/example_interfaces__rosidl_typesupport_introspection_cpp.dir/rosidl_typesupport_introspection_cpp/example_interfaces/msg/detail/multi_array_dimension__type_support.cpp.o[0m
[569.832s] [ 83%] [32mBuilding CXX object CMakeFiles/example_interfaces__rosidl_typesupport_introspection_cpp.dir/rosidl_typesupport_introspection_cpp/example_interfaces/msg/detail/multi_array_layout__type_support.cpp.o[0m
[571.449s] [ 83%] [32mBuilding CXX object CMakeFiles/example_interfaces__rosidl_typesupport_introspection_cpp.dir/rosidl_typesupport_introspection_cpp/example_interfaces/msg/detail/string__type_support.cpp.o[0m
[572.059s] [ 83%] [32mBuilding CXX object CMakeFiles/example_interfaces__rosidl_typesupport_introspection_cpp.dir/rosidl_typesupport_introspection_cpp/example_interfaces/msg/detail/u_int16__type_support.cpp.o[0m
[572.255s] [ 83%] [32mBuilding CXX object CMakeFiles/example_interfaces__rosidl_typesupport_introspection_cpp.dir/rosidl_typesupport_introspection_cpp/example_interfaces/msg/detail/u_int16_multi_array__type_support.cpp.o[0m
[572.738s] [ 84%] [32mBuilding CXX object CMakeFiles/example_interfaces__rosidl_typesupport_introspection_cpp.dir/rosidl_typesupport_introspection_cpp/example_interfaces/msg/detail/u_int32__type_support.cpp.o[0m
[574.150s] [ 84%] [32mBuilding CXX object CMakeFiles/example_interfaces__rosidl_typesupport_introspection_cpp.dir/rosidl_typesupport_introspection_cpp/example_interfaces/msg/detail/u_int32_multi_array__type_support.cpp.o[0m
[574.369s] [ 84%] [32mBuilding CXX object CMakeFiles/example_interfaces__rosidl_typesupport_introspection_cpp.dir/rosidl_typesupport_introspection_cpp/example_interfaces/msg/detail/u_int64__type_support.cpp.o[0m
[574.979s] [ 84%] [32mBuilding CXX object CMakeFiles/example_interfaces__rosidl_typesupport_introspection_cpp.dir/rosidl_typesupport_introspection_cpp/example_interfaces/msg/detail/u_int64_multi_array__type_support.cpp.o[0m
[575.491s] [ 85%] [32mBuilding CXX object CMakeFiles/example_interfaces__rosidl_typesupport_introspection_cpp.dir/rosidl_typesupport_introspection_cpp/example_interfaces/msg/detail/u_int8__type_support.cpp.o[0m
[577.623s] [ 86%] [32mBuilding CXX object CMakeFiles/example_interfaces__rosidl_typesupport_introspection_cpp.dir/rosidl_typesupport_introspection_cpp/example_interfaces/srv/detail/add_two_ints__type_support.cpp.o[0m
[579.303s] [ 86%] [32mBuilding CXX object CMakeFiles/example_interfaces__rosidl_typesupport_introspection_cpp.dir/rosidl_typesupport_introspection_cpp/example_interfaces/srv/detail/set_bool__type_support.cpp.o[0m
[580.786s] [ 86%] [32mBuilding CXX object CMakeFiles/example_interfaces__rosidl_typesupport_introspection_cpp.dir/rosidl_typesupport_introspection_cpp/example_interfaces/srv/detail/trigger__type_support.cpp.o[0m
[582.288s] [ 86%] [32mBuilding CXX object CMakeFiles/example_interfaces__rosidl_typesupport_introspection_cpp.dir/rosidl_typesupport_introspection_cpp/example_interfaces/msg/detail/w_string__type_support.cpp.o[0m
[582.289s] [ 86%] [32mBuilding CXX object CMakeFiles/example_interfaces__rosidl_typesupport_introspection_cpp.dir/rosidl_typesupport_introspection_cpp/example_interfaces/msg/detail/u_int8_multi_array__type_support.cpp.o[0m
[584.146s] [ 86%] [32m[1mLinking CXX shared library libexample_interfaces__rosidl_typesupport_introspection_cpp.so[0m
[584.642s] [ 86%] Built target example_interfaces__rosidl_typesupport_introspection_cpp
[584.700s] [35m[1mScanning dependencies of target example_interfaces[0m
[584.772s] [ 86%] Built target example_interfaces
[584.842s] [35m[1mScanning dependencies of target example_interfaces__py[0m
[584.906s] [ 86%] [34m[1mGenerating Python code for ROS interfaces[0m
[607.503s] [ 86%] Built target example_interfaces__py
[607.577s] [35m[1mScanning dependencies of target example_interfaces__python[0m
[608.302s] [ 86%] [32mBuilding C object CMakeFiles/example_interfaces__python.dir/rosidl_generator_py/example_interfaces/action/_fibonacci_s.c.o[0m
[608.321s] [ 87%] [32mBuilding C object CMakeFiles/example_interfaces__python.dir/rosidl_generator_py/example_interfaces/msg/_bool_s.c.o[0m
[608.991s] [ 87%] [32mBuilding C object CMakeFiles/example_interfaces__python.dir/rosidl_generator_py/example_interfaces/msg/_byte_multi_array_s.c.o[0m
[609.495s] [ 87%] [32mBuilding C object CMakeFiles/example_interfaces__python.dir/rosidl_generator_py/example_interfaces/msg/_char_s.c.o[0m
[609.714s] [ 88%] [32mBuilding C object CMakeFiles/example_interfaces__python.dir/rosidl_generator_py/example_interfaces/msg/_empty_s.c.o[0m
[610.325s] [ 88%] [32mBuilding C object CMakeFiles/example_interfaces__python.dir/rosidl_generator_py/example_interfaces/msg/_float32_s.c.o[0m
[610.552s] [ 88%] [32mBuilding C object CMakeFiles/example_interfaces__python.dir/rosidl_generator_py/example_interfaces/msg/_float32_multi_array_s.c.o[0m
[610.985s] [ 89%] [32mBuilding C object CMakeFiles/example_interfaces__python.dir/rosidl_generator_py/example_interfaces/msg/_float64_s.c.o[0m
[611.233s] [ 89%] [32mBuilding C object CMakeFiles/example_interfaces__python.dir/rosidl_generator_py/example_interfaces/msg/_float64_multi_array_s.c.o[0m
[611.498s] [ 89%] [32mBuilding C object CMakeFiles/example_interfaces__python.dir/rosidl_generator_py/example_interfaces/msg/_int16_s.c.o[0m
[611.772s] [ 89%] [32mBuilding C object CMakeFiles/example_interfaces__python.dir/rosidl_generator_py/example_interfaces/msg/_int16_multi_array_s.c.o[0m
[612.002s] [ 90%] [32mBuilding C object CMakeFiles/example_interfaces__python.dir/rosidl_generator_py/example_interfaces/msg/_int32_s.c.o[0m
[612.327s] [ 90%] [32mBuilding C object CMakeFiles/example_interfaces__python.dir/rosidl_generator_py/example_interfaces/msg/_int32_multi_array_s.c.o[0m
[612.528s] [ 90%] [32mBuilding C object CMakeFiles/example_interfaces__python.dir/rosidl_generator_py/example_interfaces/msg/_int64_s.c.o[0m
[612.897s] [ 91%] [32mBuilding C object CMakeFiles/example_interfaces__python.dir/rosidl_generator_py/example_interfaces/msg/_int64_multi_array_s.c.o[0m
[613.042s] [ 91%] [32mBuilding C object CMakeFiles/example_interfaces__python.dir/rosidl_generator_py/example_interfaces/msg/_int8_s.c.o[0m
[613.456s] [ 91%] [32mBuilding C object CMakeFiles/example_interfaces__python.dir/rosidl_generator_py/example_interfaces/msg/_int8_multi_array_s.c.o[0m
[613.562s] [ 91%] [32mBuilding C object CMakeFiles/example_interfaces__python.dir/rosidl_generator_py/example_interfaces/msg/_multi_array_dimension_s.c.o[0m
[614.012s] [ 92%] [32mBuilding C object CMakeFiles/example_interfaces__python.dir/rosidl_generator_py/example_interfaces/msg/_multi_array_layout_s.c.o[0m
[614.099s] [ 92%] [32mBuilding C object CMakeFiles/example_interfaces__python.dir/rosidl_generator_py/example_interfaces/msg/_string_s.c.o[0m
[614.765s] [ 92%] [32mBuilding C object CMakeFiles/example_interfaces__python.dir/rosidl_generator_py/example_interfaces/msg/_u_int16_s.c.o[0m
[614.817s] [ 92%] [32mBuilding C object CMakeFiles/example_interfaces__python.dir/rosidl_generator_py/example_interfaces/msg/_u_int16_multi_array_s.c.o[0m
[615.288s] [ 93%] [32mBuilding C object CMakeFiles/example_interfaces__python.dir/rosidl_generator_py/example_interfaces/msg/_u_int32_s.c.o[0m
[615.367s] [ 93%] [32mBuilding C object CMakeFiles/example_interfaces__python.dir/rosidl_generator_py/example_interfaces/msg/_u_int32_multi_array_s.c.o[0m
[615.805s] [ 93%] [32mBuilding C object CMakeFiles/example_interfaces__python.dir/rosidl_generator_py/example_interfaces/msg/_u_int64_s.c.o[0m
[616.270s] [ 93%] [32mBuilding C object CMakeFiles/example_interfaces__python.dir/rosidl_generator_py/example_interfaces/msg/_u_int8_s.c.o[0m
[616.737s] [ 93%] [32mBuilding C object CMakeFiles/example_interfaces__python.dir/rosidl_generator_py/example_interfaces/msg/_u_int8_multi_array_s.c.o[0m
[617.242s] [ 93%] [32mBuilding C object CMakeFiles/example_interfaces__python.dir/rosidl_generator_py/example_interfaces/msg/_w_string_s.c.o[0m
[617.721s] [ 94%] [32mBuilding C object CMakeFiles/example_interfaces__python.dir/rosidl_generator_py/example_interfaces/srv/_add_two_ints_s.c.o[0m
[618.232s] [ 94%] [32mBuilding C object CMakeFiles/example_interfaces__python.dir/rosidl_generator_py/example_interfaces/srv/_set_bool_s.c.o[0m
[618.735s] [ 94%] [32mBuilding C object CMakeFiles/example_interfaces__python.dir/rosidl_generator_py/example_interfaces/srv/_trigger_s.c.o[0m
[619.234s] [ 95%] [32mBuilding C object CMakeFiles/example_interfaces__python.dir/rosidl_generator_py/example_interfaces/msg/_u_int64_multi_array_s.c.o[0m
[619.734s] [ 95%] [32mBuilding C object CMakeFiles/example_interfaces__python.dir/rosidl_generator_py/example_interfaces/msg/_byte_s.c.o[0m
[620.187s] [ 96%] [32m[1mLinking C shared library rosidl_generator_py/example_interfaces/libexample_interfaces__python.so[0m
[620.523s] [ 96%] Built target example_interfaces__python
[620.586s] [35m[1mScanning dependencies of target example_interfaces__rosidl_typesupport_introspection_c__pyext[0m
[620.747s] [ 96%] [32mBuilding C object CMakeFiles/example_interfaces__rosidl_typesupport_introspection_c__pyext.dir/rosidl_generator_py/example_interfaces/_example_interfaces_s.ep.rosidl_typesupport_introspection_c.c.o[0m
[621.831s] [ 97%] [32m[1mLinking C shared library rosidl_generator_py/example_interfaces/example_interfaces_s__rosidl_typesupport_introspection_c.cpython-38-aarch64-linux-gnu.so[0m
[622.107s] [ 97%] Built target example_interfaces__rosidl_typesupport_introspection_c__pyext
[622.175s] [35m[1mScanning dependencies of target example_interfaces__rosidl_typesupport_c__pyext[0m
[622.320s] [ 97%] [32mBuilding C object CMakeFiles/example_interfaces__rosidl_typesupport_c__pyext.dir/rosidl_generator_py/example_interfaces/_example_interfaces_s.ep.rosidl_typesupport_c.c.o[0m
[623.409s] [ 98%] [32m[1mLinking C shared library rosidl_generator_py/example_interfaces/example_interfaces_s__rosidl_typesupport_c.cpython-38-aarch64-linux-gnu.so[0m
[623.681s] [ 98%] Built target example_interfaces__rosidl_typesupport_c__pyext
[623.740s] [35m[1mScanning dependencies of target example_interfaces__rosidl_typesupport_fastrtps_c__pyext[0m
[623.924s] [ 98%] [32mBuilding C object CMakeFiles/example_interfaces__rosidl_typesupport_fastrtps_c__pyext.dir/rosidl_generator_py/example_interfaces/_example_interfaces_s.ep.rosidl_typesupport_fastrtps_c.c.o[0m
[625.023s] [ 99%] [32m[1mLinking CXX shared library rosidl_generator_py/example_interfaces/example_interfaces_s__rosidl_typesupport_fastrtps_c.cpython-38-aarch64-linux-gnu.so[0m
[625.433s] [ 99%] Built target example_interfaces__rosidl_typesupport_fastrtps_c__pyext
[625.495s] [35m[1mScanning dependencies of target example_interfaces__rosidl_typesupport_microxrcedds_c__pyext[0m
[625.641s] [ 99%] [32mBuilding C object CMakeFiles/example_interfaces__rosidl_typesupport_microxrcedds_c__pyext.dir/rosidl_generator_py/example_interfaces/_example_interfaces_s.ep.rosidl_typesupport_microxrcedds_c.c.o[0m
[626.756s] [100%] [32m[1mLinking C shared library rosidl_generator_py/example_interfaces/example_interfaces_s__rosidl_typesupport_microxrcedds_c.cpython-38-aarch64-linux-gnu.so[0m
[627.046s] [100%] Built target example_interfaces__rosidl_typesupport_microxrcedds_c__pyext
