Not searching for unused variables given on the command line.
-- The C compiler identification is GNU 9.4.0
-- The CXX compiler identification is GNU 9.4.0
-- Check for working C compiler: /usr/bin/arm-linux-gnueabihf-gcc
-- Check for working C compiler: /usr/bin/arm-linux-gnueabihf-gcc -- works
-- Detecting C compiler ABI info
-- Detecting C compiler ABI info - done
-- Detecting C compile features
-- Detecting C compile features - done
-- Check for working CXX compiler: /usr/bin/arm-linux-gnueabihf-g++
-- Check for working CXX compiler: /usr/bin/arm-linux-gnueabihf-g++ -- works
-- Detecting CXX compiler ABI info
-- Detecting CXX compiler ABI info - done
-- Detecting CXX compile features
-- Detecting CXX compile features - done
-- Found ament_cmake_ros: 0.9.2 (/home/ubuntu/ROS2/microros_ws/firmware/dev_ws/install/ament_cmake_ros/share/ament_cmake_ros/cmake)
-- Found PythonInterp: /usr/bin/python3 (found suitable version "3.8.10", minimum required is "3") 
-- Using PYTHON_EXECUTABLE: /usr/bin/python3
-- Found rcutils: 1.1.5 (/home/ubuntu/ROS2/microros_ws/firmware/mcu_ws/install/share/rcutils/cmake)
-- Found rosidl_runtime_c: 1.3.1 (/home/ubuntu/ROS2/microros_ws/firmware/mcu_ws/install/share/rosidl_runtime_c/cmake)
-- Configuring done
-- Generating done
-- Build files have been written to: /home/ubuntu/ROS2/microros_ws/firmware/mcu_ws/build/rmw
/usr/bin/cmake -S/home/ubuntu/ROS2/microros_ws/firmware/mcu_ws/ros2/rmw/rmw -B/home/ubuntu/ROS2/microros_ws/firmware/mcu_ws/build/rmw --check-build-system CMakeFiles/Makefile.cmake 0
/usr/bin/cmake -E cmake_progress_start /home/ubuntu/ROS2/microros_ws/firmware/mcu_ws/build/rmw/CMakeFiles /home/ubuntu/ROS2/microros_ws/firmware/mcu_ws/build/rmw/CMakeFiles/progress.marks
/usr/bin/make -f CMakeFiles/Makefile2 all
make[1]: Entering directory '/home/ubuntu/ROS2/microros_ws/firmware/mcu_ws/build/rmw'
/usr/bin/make -f CMakeFiles/rmw.dir/build.make CMakeFiles/rmw.dir/depend
make[2]: Entering directory '/home/ubuntu/ROS2/microros_ws/firmware/mcu_ws/build/rmw'
cd /home/ubuntu/ROS2/microros_ws/firmware/mcu_ws/build/rmw && /usr/bin/cmake -E cmake_depends "Unix Makefiles" /home/ubuntu/ROS2/microros_ws/firmware/mcu_ws/ros2/rmw/rmw /home/ubuntu/ROS2/microros_ws/firmware/mcu_ws/ros2/rmw/rmw /home/ubuntu/ROS2/microros_ws/firmware/mcu_ws/build/rmw /home/ubuntu/ROS2/microros_ws/firmware/mcu_ws/build/rmw /home/ubuntu/ROS2/microros_ws/firmware/mcu_ws/build/rmw/CMakeFiles/rmw.dir/DependInfo.cmake --color=
Dependee "/home/ubuntu/ROS2/microros_ws/firmware/mcu_ws/build/rmw/CMakeFiles/rmw.dir/DependInfo.cmake" is newer than depender "/home/ubuntu/ROS2/microros_ws/firmware/mcu_ws/build/rmw/CMakeFiles/rmw.dir/depend.internal".
Dependee "/home/ubuntu/ROS2/microros_ws/firmware/mcu_ws/build/rmw/CMakeFiles/CMakeDirectoryInformation.cmake" is newer than depender "/home/ubuntu/ROS2/microros_ws/firmware/mcu_ws/build/rmw/CMakeFiles/rmw.dir/depend.internal".
[35m[1mScanning dependencies of target rmw[0m
make[2]: Leaving directory '/home/ubuntu/ROS2/microros_ws/firmware/mcu_ws/build/rmw'
/usr/bin/make -f CMakeFiles/rmw.dir/build.make CMakeFiles/rmw.dir/build
make[2]: Entering directory '/home/ubuntu/ROS2/microros_ws/firmware/mcu_ws/build/rmw'
[  5%] [32mBuilding C object CMakeFiles/rmw.dir/src/allocators.c.o[0m
/usr/bin/arm-linux-gnueabihf-gcc -DROS_PACKAGE_NAME=\"rmw\" -I/home/ubuntu/ROS2/microros_ws/firmware/mcu_ws/ros2/rmw/rmw/include -isystem /home/ubuntu/ROS2/microros_ws/firmware/mcu_ws/install/include -isystem /home/ubuntu/ROS2/microros_ws/firmware/mcu_ws/install/share/tinydir_vendor/cmake/../../../include  -march=armv8-a -mfpu=neon-fp-armv8 -mfloat-abi=hard -O3 -DNDEBUG   -fvisibility=hidden -Wall -Wextra -Wpedantic -std=gnu99 -o CMakeFiles/rmw.dir/src/allocators.c.o   -c /home/ubuntu/ROS2/microros_ws/firmware/mcu_ws/ros2/rmw/rmw/src/allocators.c
[ 11%] [32mBuilding C object CMakeFiles/rmw.dir/src/init.c.o[0m
/usr/bin/arm-linux-gnueabihf-gcc -DROS_PACKAGE_NAME=\"rmw\" -I/home/ubuntu/ROS2/microros_ws/firmware/mcu_ws/ros2/rmw/rmw/include -isystem /home/ubuntu/ROS2/microros_ws/firmware/mcu_ws/install/include -isystem /home/ubuntu/ROS2/microros_ws/firmware/mcu_ws/install/share/tinydir_vendor/cmake/../../../include  -march=armv8-a -mfpu=neon-fp-armv8 -mfloat-abi=hard -O3 -DNDEBUG   -fvisibility=hidden -Wall -Wextra -Wpedantic -std=gnu99 -o CMakeFiles/rmw.dir/src/init.c.o   -c /home/ubuntu/ROS2/microros_ws/firmware/mcu_ws/ros2/rmw/rmw/src/init.c
[ 16%] [32mBuilding C object CMakeFiles/rmw.dir/src/init_options.c.o[0m
/usr/bin/arm-linux-gnueabihf-gcc -DROS_PACKAGE_NAME=\"rmw\" -I/home/ubuntu/ROS2/microros_ws/firmware/mcu_ws/ros2/rmw/rmw/include -isystem /home/ubuntu/ROS2/microros_ws/firmware/mcu_ws/install/include -isystem /home/ubuntu/ROS2/microros_ws/firmware/mcu_ws/install/share/tinydir_vendor/cmake/../../../include  -march=armv8-a -mfpu=neon-fp-armv8 -mfloat-abi=hard -O3 -DNDEBUG   -fvisibility=hidden -Wall -Wextra -Wpedantic -std=gnu99 -o CMakeFiles/rmw.dir/src/init_options.c.o   -c /home/ubuntu/ROS2/microros_ws/firmware/mcu_ws/ros2/rmw/rmw/src/init_options.c
[ 22%] [32mBuilding C object CMakeFiles/rmw.dir/src/message_sequence.c.o[0m
/usr/bin/arm-linux-gnueabihf-gcc -DROS_PACKAGE_NAME=\"rmw\" -I/home/ubuntu/ROS2/microros_ws/firmware/mcu_ws/ros2/rmw/rmw/include -isystem /home/ubuntu/ROS2/microros_ws/firmware/mcu_ws/install/include -isystem /home/ubuntu/ROS2/microros_ws/firmware/mcu_ws/install/share/tinydir_vendor/cmake/../../../include  -march=armv8-a -mfpu=neon-fp-armv8 -mfloat-abi=hard -O3 -DNDEBUG   -fvisibility=hidden -Wall -Wextra -Wpedantic -std=gnu99 -o CMakeFiles/rmw.dir/src/message_sequence.c.o   -c /home/ubuntu/ROS2/microros_ws/firmware/mcu_ws/ros2/rmw/rmw/src/message_sequence.c
[ 27%] [32mBuilding C object CMakeFiles/rmw.dir/src/names_and_types.c.o[0m
/usr/bin/arm-linux-gnueabihf-gcc -DROS_PACKAGE_NAME=\"rmw\" -I/home/ubuntu/ROS2/microros_ws/firmware/mcu_ws/ros2/rmw/rmw/include -isystem /home/ubuntu/ROS2/microros_ws/firmware/mcu_ws/install/include -isystem /home/ubuntu/ROS2/microros_ws/firmware/mcu_ws/install/share/tinydir_vendor/cmake/../../../include  -march=armv8-a -mfpu=neon-fp-armv8 -mfloat-abi=hard -O3 -DNDEBUG   -fvisibility=hidden -Wall -Wextra -Wpedantic -std=gnu99 -o CMakeFiles/rmw.dir/src/names_and_types.c.o   -c /home/ubuntu/ROS2/microros_ws/firmware/mcu_ws/ros2/rmw/rmw/src/names_and_types.c
[ 33%] [32mBuilding C object CMakeFiles/rmw.dir/src/publisher_options.c.o[0m
/usr/bin/arm-linux-gnueabihf-gcc -DROS_PACKAGE_NAME=\"rmw\" -I/home/ubuntu/ROS2/microros_ws/firmware/mcu_ws/ros2/rmw/rmw/include -isystem /home/ubuntu/ROS2/microros_ws/firmware/mcu_ws/install/include -isystem /home/ubuntu/ROS2/microros_ws/firmware/mcu_ws/install/share/tinydir_vendor/cmake/../../../include  -march=armv8-a -mfpu=neon-fp-armv8 -mfloat-abi=hard -O3 -DNDEBUG   -fvisibility=hidden -Wall -Wextra -Wpedantic -std=gnu99 -o CMakeFiles/rmw.dir/src/publisher_options.c.o   -c /home/ubuntu/ROS2/microros_ws/firmware/mcu_ws/ros2/rmw/rmw/src/publisher_options.c
[ 38%] [32mBuilding C object CMakeFiles/rmw.dir/src/sanity_checks.c.o[0m
/usr/bin/arm-linux-gnueabihf-gcc -DROS_PACKAGE_NAME=\"rmw\" -I/home/ubuntu/ROS2/microros_ws/firmware/mcu_ws/ros2/rmw/rmw/include -isystem /home/ubuntu/ROS2/microros_ws/firmware/mcu_ws/install/include -isystem /home/ubuntu/ROS2/microros_ws/firmware/mcu_ws/install/share/tinydir_vendor/cmake/../../../include  -march=armv8-a -mfpu=neon-fp-armv8 -mfloat-abi=hard -O3 -DNDEBUG   -fvisibility=hidden -Wall -Wextra -Wpedantic -std=gnu99 -o CMakeFiles/rmw.dir/src/sanity_checks.c.o   -c /home/ubuntu/ROS2/microros_ws/firmware/mcu_ws/ros2/rmw/rmw/src/sanity_checks.c
[ 44%] [32mBuilding C object CMakeFiles/rmw.dir/src/security_options.c.o[0m
/usr/bin/arm-linux-gnueabihf-gcc -DROS_PACKAGE_NAME=\"rmw\" -I/home/ubuntu/ROS2/microros_ws/firmware/mcu_ws/ros2/rmw/rmw/include -isystem /home/ubuntu/ROS2/microros_ws/firmware/mcu_ws/install/include -isystem /home/ubuntu/ROS2/microros_ws/firmware/mcu_ws/install/share/tinydir_vendor/cmake/../../../include  -march=armv8-a -mfpu=neon-fp-armv8 -mfloat-abi=hard -O3 -DNDEBUG   -fvisibility=hidden -Wall -Wextra -Wpedantic -std=gnu99 -o CMakeFiles/rmw.dir/src/security_options.c.o   -c /home/ubuntu/ROS2/microros_ws/firmware/mcu_ws/ros2/rmw/rmw/src/security_options.c
[ 50%] [32mBuilding C object CMakeFiles/rmw.dir/src/subscription_options.c.o[0m
/usr/bin/arm-linux-gnueabihf-gcc -DROS_PACKAGE_NAME=\"rmw\" -I/home/ubuntu/ROS2/microros_ws/firmware/mcu_ws/ros2/rmw/rmw/include -isystem /home/ubuntu/ROS2/microros_ws/firmware/mcu_ws/install/include -isystem /home/ubuntu/ROS2/microros_ws/firmware/mcu_ws/install/share/tinydir_vendor/cmake/../../../include  -march=armv8-a -mfpu=neon-fp-armv8 -mfloat-abi=hard -O3 -DNDEBUG   -fvisibility=hidden -Wall -Wextra -Wpedantic -std=gnu99 -o CMakeFiles/rmw.dir/src/subscription_options.c.o   -c /home/ubuntu/ROS2/microros_ws/firmware/mcu_ws/ros2/rmw/rmw/src/subscription_options.c
[ 55%] [32mBuilding C object CMakeFiles/rmw.dir/src/topic_endpoint_info_array.c.o[0m
/usr/bin/arm-linux-gnueabihf-gcc -DROS_PACKAGE_NAME=\"rmw\" -I/home/ubuntu/ROS2/microros_ws/firmware/mcu_ws/ros2/rmw/rmw/include -isystem /home/ubuntu/ROS2/microros_ws/firmware/mcu_ws/install/include -isystem /home/ubuntu/ROS2/microros_ws/firmware/mcu_ws/install/share/tinydir_vendor/cmake/../../../include  -march=armv8-a -mfpu=neon-fp-armv8 -mfloat-abi=hard -O3 -DNDEBUG   -fvisibility=hidden -Wall -Wextra -Wpedantic -std=gnu99 -o CMakeFiles/rmw.dir/src/topic_endpoint_info_array.c.o   -c /home/ubuntu/ROS2/microros_ws/firmware/mcu_ws/ros2/rmw/rmw/src/topic_endpoint_info_array.c
[ 61%] [32mBuilding C object CMakeFiles/rmw.dir/src/topic_endpoint_info.c.o[0m
/usr/bin/arm-linux-gnueabihf-gcc -DROS_PACKAGE_NAME=\"rmw\" -I/home/ubuntu/ROS2/microros_ws/firmware/mcu_ws/ros2/rmw/rmw/include -isystem /home/ubuntu/ROS2/microros_ws/firmware/mcu_ws/install/include -isystem /home/ubuntu/ROS2/microros_ws/firmware/mcu_ws/install/share/tinydir_vendor/cmake/../../../include  -march=armv8-a -mfpu=neon-fp-armv8 -mfloat-abi=hard -O3 -DNDEBUG   -fvisibility=hidden -Wall -Wextra -Wpedantic -std=gnu99 -o CMakeFiles/rmw.dir/src/topic_endpoint_info.c.o   -c /home/ubuntu/ROS2/microros_ws/firmware/mcu_ws/ros2/rmw/rmw/src/topic_endpoint_info.c
[ 66%] [32mBuilding C object CMakeFiles/rmw.dir/src/types.c.o[0m
/usr/bin/arm-linux-gnueabihf-gcc -DROS_PACKAGE_NAME=\"rmw\" -I/home/ubuntu/ROS2/microros_ws/firmware/mcu_ws/ros2/rmw/rmw/include -isystem /home/ubuntu/ROS2/microros_ws/firmware/mcu_ws/install/include -isystem /home/ubuntu/ROS2/microros_ws/firmware/mcu_ws/install/share/tinydir_vendor/cmake/../../../include  -march=armv8-a -mfpu=neon-fp-armv8 -mfloat-abi=hard -O3 -DNDEBUG   -fvisibility=hidden -Wall -Wextra -Wpedantic -std=gnu99 -o CMakeFiles/rmw.dir/src/types.c.o   -c /home/ubuntu/ROS2/microros_ws/firmware/mcu_ws/ros2/rmw/rmw/src/types.c
[ 72%] [32mBuilding C object CMakeFiles/rmw.dir/src/validate_full_topic_name.c.o[0m
/usr/bin/arm-linux-gnueabihf-gcc -DROS_PACKAGE_NAME=\"rmw\" -I/home/ubuntu/ROS2/microros_ws/firmware/mcu_ws/ros2/rmw/rmw/include -isystem /home/ubuntu/ROS2/microros_ws/firmware/mcu_ws/install/include -isystem /home/ubuntu/ROS2/microros_ws/firmware/mcu_ws/install/share/tinydir_vendor/cmake/../../../include  -march=armv8-a -mfpu=neon-fp-armv8 -mfloat-abi=hard -O3 -DNDEBUG   -fvisibility=hidden -Wall -Wextra -Wpedantic -std=gnu99 -o CMakeFiles/rmw.dir/src/validate_full_topic_name.c.o   -c /home/ubuntu/ROS2/microros_ws/firmware/mcu_ws/ros2/rmw/rmw/src/validate_full_topic_name.c
[ 77%] [32mBuilding C object CMakeFiles/rmw.dir/src/validate_namespace.c.o[0m
/usr/bin/arm-linux-gnueabihf-gcc -DROS_PACKAGE_NAME=\"rmw\" -I/home/ubuntu/ROS2/microros_ws/firmware/mcu_ws/ros2/rmw/rmw/include -isystem /home/ubuntu/ROS2/microros_ws/firmware/mcu_ws/install/include -isystem /home/ubuntu/ROS2/microros_ws/firmware/mcu_ws/install/share/tinydir_vendor/cmake/../../../include  -march=armv8-a -mfpu=neon-fp-armv8 -mfloat-abi=hard -O3 -DNDEBUG   -fvisibility=hidden -Wall -Wextra -Wpedantic -std=gnu99 -o CMakeFiles/rmw.dir/src/validate_namespace.c.o   -c /home/ubuntu/ROS2/microros_ws/firmware/mcu_ws/ros2/rmw/rmw/src/validate_namespace.c
[ 83%] [32mBuilding C object CMakeFiles/rmw.dir/src/validate_node_name.c.o[0m
/usr/bin/arm-linux-gnueabihf-gcc -DROS_PACKAGE_NAME=\"rmw\" -I/home/ubuntu/ROS2/microros_ws/firmware/mcu_ws/ros2/rmw/rmw/include -isystem /home/ubuntu/ROS2/microros_ws/firmware/mcu_ws/install/include -isystem /home/ubuntu/ROS2/microros_ws/firmware/mcu_ws/install/share/tinydir_vendor/cmake/../../../include  -march=armv8-a -mfpu=neon-fp-armv8 -mfloat-abi=hard -O3 -DNDEBUG   -fvisibility=hidden -Wall -Wextra -Wpedantic -std=gnu99 -o CMakeFiles/rmw.dir/src/validate_node_name.c.o   -c /home/ubuntu/ROS2/microros_ws/firmware/mcu_ws/ros2/rmw/rmw/src/validate_node_name.c
[ 88%] [32mBuilding C object CMakeFiles/rmw.dir/src/event.c.o[0m
/usr/bin/arm-linux-gnueabihf-gcc -DROS_PACKAGE_NAME=\"rmw\" -I/home/ubuntu/ROS2/microros_ws/firmware/mcu_ws/ros2/rmw/rmw/include -isystem /home/ubuntu/ROS2/microros_ws/firmware/mcu_ws/install/include -isystem /home/ubuntu/ROS2/microros_ws/firmware/mcu_ws/install/share/tinydir_vendor/cmake/../../../include  -march=armv8-a -mfpu=neon-fp-armv8 -mfloat-abi=hard -O3 -DNDEBUG   -fvisibility=hidden -Wall -Wextra -Wpedantic -std=gnu99 -o CMakeFiles/rmw.dir/src/event.c.o   -c /home/ubuntu/ROS2/microros_ws/firmware/mcu_ws/ros2/rmw/rmw/src/event.c
[ 94%] [32mBuilding C object CMakeFiles/rmw.dir/src/convert_rcutils_ret_to_rmw_ret.c.o[0m
/usr/bin/arm-linux-gnueabihf-gcc -DROS_PACKAGE_NAME=\"rmw\" -I/home/ubuntu/ROS2/microros_ws/firmware/mcu_ws/ros2/rmw/rmw/include -isystem /home/ubuntu/ROS2/microros_ws/firmware/mcu_ws/install/include -isystem /home/ubuntu/ROS2/microros_ws/firmware/mcu_ws/install/share/tinydir_vendor/cmake/../../../include  -march=armv8-a -mfpu=neon-fp-armv8 -mfloat-abi=hard -O3 -DNDEBUG   -fvisibility=hidden -Wall -Wextra -Wpedantic -std=gnu99 -o CMakeFiles/rmw.dir/src/convert_rcutils_ret_to_rmw_ret.c.o   -c /home/ubuntu/ROS2/microros_ws/firmware/mcu_ws/ros2/rmw/rmw/src/convert_rcutils_ret_to_rmw_ret.c
[100%] [32m[1mLinking C static library librmw.a[0m
/usr/bin/cmake -P CMakeFiles/rmw.dir/cmake_clean_target.cmake
/usr/bin/cmake -E cmake_link_script CMakeFiles/rmw.dir/link.txt --verbose=1
/usr/bin/arm-linux-gnueabihf-ar qc librmw.a  CMakeFiles/rmw.dir/src/allocators.c.o CMakeFiles/rmw.dir/src/convert_rcutils_ret_to_rmw_ret.c.o CMakeFiles/rmw.dir/src/event.c.o CMakeFiles/rmw.dir/src/init.c.o CMakeFiles/rmw.dir/src/init_options.c.o CMakeFiles/rmw.dir/src/message_sequence.c.o CMakeFiles/rmw.dir/src/names_and_types.c.o CMakeFiles/rmw.dir/src/publisher_options.c.o CMakeFiles/rmw.dir/src/sanity_checks.c.o CMakeFiles/rmw.dir/src/security_options.c.o CMakeFiles/rmw.dir/src/subscription_options.c.o CMakeFiles/rmw.dir/src/topic_endpoint_info_array.c.o CMakeFiles/rmw.dir/src/topic_endpoint_info.c.o CMakeFiles/rmw.dir/src/types.c.o CMakeFiles/rmw.dir/src/validate_full_topic_name.c.o CMakeFiles/rmw.dir/src/validate_namespace.c.o CMakeFiles/rmw.dir/src/validate_node_name.c.o
/usr/bin/arm-linux-gnueabihf-ranlib librmw.a
make[2]: Leaving directory '/home/ubuntu/ROS2/microros_ws/firmware/mcu_ws/build/rmw'
[100%] Built target rmw
make[1]: Leaving directory '/home/ubuntu/ROS2/microros_ws/firmware/mcu_ws/build/rmw'
/usr/bin/cmake -E cmake_progress_start /home/ubuntu/ROS2/microros_ws/firmware/mcu_ws/build/rmw/CMakeFiles 0
-- Install configuration: "Release"
-- Installing: /home/ubuntu/ROS2/microros_ws/firmware/mcu_ws/install/share/rmw/environment/library_path.sh
-- Installing: /home/ubuntu/ROS2/microros_ws/firmware/mcu_ws/install/share/rmw/environment/library_path.dsv
-- Installing: /home/ubuntu/ROS2/microros_ws/firmware/mcu_ws/install/share/ament_index/resource_index/package_run_dependencies/rmw
-- Installing: /home/ubuntu/ROS2/microros_ws/firmware/mcu_ws/install/share/ament_index/resource_index/parent_prefix_path/rmw
-- Installing: /home/ubuntu/ROS2/microros_ws/firmware/mcu_ws/install/share/rmw/environment/ament_prefix_path.sh
-- Installing: /home/ubuntu/ROS2/microros_ws/firmware/mcu_ws/install/share/rmw/environment/ament_prefix_path.dsv
-- Installing: /home/ubuntu/ROS2/microros_ws/firmware/mcu_ws/install/share/rmw/environment/path.sh
-- Installing: /home/ubuntu/ROS2/microros_ws/firmware/mcu_ws/install/share/rmw/environment/path.dsv
-- Installing: /home/ubuntu/ROS2/microros_ws/firmware/mcu_ws/install/share/rmw/local_setup.bash
-- Installing: /home/ubuntu/ROS2/microros_ws/firmware/mcu_ws/install/share/rmw/local_setup.sh
-- Installing: /home/ubuntu/ROS2/microros_ws/firmware/mcu_ws/install/share/rmw/local_setup.zsh
-- Installing: /home/ubuntu/ROS2/microros_ws/firmware/mcu_ws/install/share/rmw/local_setup.dsv
-- Installing: /home/ubuntu/ROS2/microros_ws/firmware/mcu_ws/install/share/rmw/package.dsv
-- Installing: /home/ubuntu/ROS2/microros_ws/firmware/mcu_ws/install/share/ament_index/resource_index/packages/rmw
-- Installing: /home/ubuntu/ROS2/microros_ws/firmware/mcu_ws/install/share/rmw/cmake/rmwExport.cmake
-- Installing: /home/ubuntu/ROS2/microros_ws/firmware/mcu_ws/install/share/rmw/cmake/rmwExport-release.cmake
-- Installing: /home/ubuntu/ROS2/microros_ws/firmware/mcu_ws/install/share/rmw/cmake/rmw-extras.cmake
-- Installing: /home/ubuntu/ROS2/microros_ws/firmware/mcu_ws/install/share/rmw/cmake/ament_cmake_export_dependencies-extras.cmake
-- Installing: /home/ubuntu/ROS2/microros_ws/firmware/mcu_ws/install/share/rmw/cmake/ament_cmake_export_include_directories-extras.cmake
-- Installing: /home/ubuntu/ROS2/microros_ws/firmware/mcu_ws/install/share/rmw/cmake/ament_cmake_export_libraries-extras.cmake
-- Installing: /home/ubuntu/ROS2/microros_ws/firmware/mcu_ws/install/share/rmw/cmake/ament_cmake_export_targets-extras.cmake
-- Installing: /home/ubuntu/ROS2/microros_ws/firmware/mcu_ws/install/share/rmw/cmake/rmwConfig.cmake
-- Installing: /home/ubuntu/ROS2/microros_ws/firmware/mcu_ws/install/share/rmw/cmake/rmwConfig-version.cmake
-- Installing: /home/ubuntu/ROS2/microros_ws/firmware/mcu_ws/install/share/rmw/package.xml
-- Up-to-date: /home/ubuntu/ROS2/microros_ws/firmware/mcu_ws/install/share/rmw/cmake
-- Installing: /home/ubuntu/ROS2/microros_ws/firmware/mcu_ws/install/share/rmw/cmake/configure_rmw_library.cmake
-- Installing: /home/ubuntu/ROS2/microros_ws/firmware/mcu_ws/install/share/rmw/cmake/register_rmw_implementation.cmake
-- Installing: /home/ubuntu/ROS2/microros_ws/firmware/mcu_ws/install/share/rmw/cmake/get_rmw_typesupport.cmake
-- Up-to-date: /home/ubuntu/ROS2/microros_ws/firmware/mcu_ws/install/include
-- Installing: /home/ubuntu/ROS2/microros_ws/firmware/mcu_ws/install/include/rmw
-- Installing: /home/ubuntu/ROS2/microros_ws/firmware/mcu_ws/install/include/rmw/convert_rcutils_ret_to_rmw_ret.h
-- Installing: /home/ubuntu/ROS2/microros_ws/firmware/mcu_ws/install/include/rmw/sanity_checks.h
-- Installing: /home/ubuntu/ROS2/microros_ws/firmware/mcu_ws/install/include/rmw/validate_full_topic_name.h
-- Installing: /home/ubuntu/ROS2/microros_ws/firmware/mcu_ws/install/include/rmw/error_handling.h
-- Installing: /home/ubuntu/ROS2/microros_ws/firmware/mcu_ws/install/include/rmw/event.h
-- Installing: /home/ubuntu/ROS2/microros_ws/firmware/mcu_ws/install/include/rmw/incompatible_qos_events_statuses.h
-- Installing: /home/ubuntu/ROS2/microros_ws/firmware/mcu_ws/install/include/rmw/names_and_types.h
-- Installing: /home/ubuntu/ROS2/microros_ws/firmware/mcu_ws/install/include/rmw/localhost.h
-- Installing: /home/ubuntu/ROS2/microros_ws/firmware/mcu_ws/install/include/rmw/get_node_info_and_types.h
-- Installing: /home/ubuntu/ROS2/microros_ws/firmware/mcu_ws/install/include/rmw/get_topic_names_and_types.h
-- Installing: /home/ubuntu/ROS2/microros_ws/firmware/mcu_ws/install/include/rmw/allocators.h
-- Installing: /home/ubuntu/ROS2/microros_ws/firmware/mcu_ws/install/include/rmw/macros.h
-- Installing: /home/ubuntu/ROS2/microros_ws/firmware/mcu_ws/install/include/rmw/visibility_control.h
-- Installing: /home/ubuntu/ROS2/microros_ws/firmware/mcu_ws/install/include/rmw/get_service_names_and_types.h
-- Installing: /home/ubuntu/ROS2/microros_ws/firmware/mcu_ws/install/include/rmw/validate_node_name.h
-- Installing: /home/ubuntu/ROS2/microros_ws/firmware/mcu_ws/install/include/rmw/rmw.h
-- Installing: /home/ubuntu/ROS2/microros_ws/firmware/mcu_ws/install/include/rmw/init_options.h
-- Installing: /home/ubuntu/ROS2/microros_ws/firmware/mcu_ws/install/include/rmw/get_topic_endpoint_info.h
-- Installing: /home/ubuntu/ROS2/microros_ws/firmware/mcu_ws/install/include/rmw/security_options.h
-- Installing: /home/ubuntu/ROS2/microros_ws/firmware/mcu_ws/install/include/rmw/init.h
-- Installing: /home/ubuntu/ROS2/microros_ws/firmware/mcu_ws/install/include/rmw/topic_endpoint_info_array.h
-- Installing: /home/ubuntu/ROS2/microros_ws/firmware/mcu_ws/install/include/rmw/subscription_options.h
-- Installing: /home/ubuntu/ROS2/microros_ws/firmware/mcu_ws/install/include/rmw/serialized_message.h
-- Installing: /home/ubuntu/ROS2/microros_ws/firmware/mcu_ws/install/include/rmw/domain_id.h
-- Installing: /home/ubuntu/ROS2/microros_ws/firmware/mcu_ws/install/include/rmw/types.h
-- Installing: /home/ubuntu/ROS2/microros_ws/firmware/mcu_ws/install/include/rmw/message_sequence.h
-- Installing: /home/ubuntu/ROS2/microros_ws/firmware/mcu_ws/install/include/rmw/qos_profiles.h
-- Installing: /home/ubuntu/ROS2/microros_ws/firmware/mcu_ws/install/include/rmw/publisher_options.h
-- Installing: /home/ubuntu/ROS2/microros_ws/firmware/mcu_ws/install/include/rmw/validate_namespace.h
-- Installing: /home/ubuntu/ROS2/microros_ws/firmware/mcu_ws/install/include/rmw/impl
-- Installing: /home/ubuntu/ROS2/microros_ws/firmware/mcu_ws/install/include/rmw/impl/cpp
-- Installing: /home/ubuntu/ROS2/microros_ws/firmware/mcu_ws/install/include/rmw/impl/cpp/macros.hpp
-- Installing: /home/ubuntu/ROS2/microros_ws/firmware/mcu_ws/install/include/rmw/impl/cpp/key_value.hpp
-- Installing: /home/ubuntu/ROS2/microros_ws/firmware/mcu_ws/install/include/rmw/impl/cpp/demangle.hpp
-- Installing: /home/ubuntu/ROS2/microros_ws/firmware/mcu_ws/install/include/rmw/impl/config.h
-- Installing: /home/ubuntu/ROS2/microros_ws/firmware/mcu_ws/install/include/rmw/ret_types.h
-- Installing: /home/ubuntu/ROS2/microros_ws/firmware/mcu_ws/install/include/rmw/topic_endpoint_info.h
-- Installing: /home/ubuntu/ROS2/microros_ws/firmware/mcu_ws/install/lib/librmw.a
