Not searching for unused variables given on the command line.
-- The C compiler identification is GNU 9.4.0
-- Check for working C compiler: /usr/bin/arm-linux-gnueabihf-gcc
-- Check for working C compiler: /usr/bin/arm-linux-gnueabihf-gcc -- works
-- Detecting C compiler ABI info
-- Detecting C compiler ABI info - done
-- Detecting C compile features
-- Detecting C compile features - done
-- Found ament_cmake_python: 0.9.12 (/home/ubuntu/ROS2/microros_ws/firmware/dev_ws/install/ament_cmake_python/share/ament_cmake_python/cmake)
-- Found ament_cmake_ros: 0.9.2 (/home/ubuntu/ROS2/microros_ws/firmware/dev_ws/install/ament_cmake_ros/share/ament_cmake_ros/cmake)
-- Found PythonInterp: /usr/bin/python3 (found suitable version "3.8.10", minimum required is "3") 
-- Using PYTHON_EXECUTABLE: /usr/bin/python3
-- Configuring done
-- Generating done
-- Build files have been written to: /home/ubuntu/ROS2/microros_ws/firmware/mcu_ws/build/rosidl_generator_c
/usr/bin/cmake -S/home/ubuntu/ROS2/microros_ws/firmware/mcu_ws/ros2/rosidl/rosidl_generator_c -B/home/ubuntu/ROS2/microros_ws/firmware/mcu_ws/build/rosidl_generator_c --check-build-system CMakeFiles/Makefile.cmake 0
/usr/bin/cmake -E cmake_progress_start /home/ubuntu/ROS2/microros_ws/firmware/mcu_ws/build/rosidl_generator_c/CMakeFiles /home/ubuntu/ROS2/microros_ws/firmware/mcu_ws/build/rosidl_generator_c/CMakeFiles/progress.marks
/usr/bin/make -f CMakeFiles/Makefile2 all
make[1]: Entering directory '/home/ubuntu/ROS2/microros_ws/firmware/mcu_ws/build/rosidl_generator_c'
make[1]: Nothing to be done for 'all'.
make[1]: Leaving directory '/home/ubuntu/ROS2/microros_ws/firmware/mcu_ws/build/rosidl_generator_c'
/usr/bin/cmake -E cmake_progress_start /home/ubuntu/ROS2/microros_ws/firmware/mcu_ws/build/rosidl_generator_c/CMakeFiles 0
-- Install configuration: "Release"
-- Installing: /home/ubuntu/ROS2/microros_ws/firmware/mcu_ws/install/share/ament_index/resource_index/rosidl_generator_packages/rosidl_generator_c
-- Installing: /home/ubuntu/ROS2/microros_ws/firmware/mcu_ws/install/share/rosidl_generator_c/environment/pythonpath.sh
-- Installing: /home/ubuntu/ROS2/microros_ws/firmware/mcu_ws/install/share/rosidl_generator_c/environment/pythonpath.dsv
-- Installing: /home/ubuntu/ROS2/microros_ws/firmware/mcu_ws/install/lib/python3.8/site-packages/rosidl_generator_c
-- Installing: /home/ubuntu/ROS2/microros_ws/firmware/mcu_ws/install/lib/python3.8/site-packages/rosidl_generator_c/__init__.py
Listing '/home/ubuntu/ROS2/microros_ws/firmware/mcu_ws/install/lib/python3.8/site-packages/rosidl_generator_c'...
Compiling '/home/ubuntu/ROS2/microros_ws/firmware/mcu_ws/install/lib/python3.8/site-packages/rosidl_generator_c/__init__.py'...
-- Installing: /home/ubuntu/ROS2/microros_ws/firmware/mcu_ws/install/share/ament_index/resource_index/package_run_dependencies/rosidl_generator_c
-- Installing: /home/ubuntu/ROS2/microros_ws/firmware/mcu_ws/install/share/ament_index/resource_index/parent_prefix_path/rosidl_generator_c
-- Installing: /home/ubuntu/ROS2/microros_ws/firmware/mcu_ws/install/share/rosidl_generator_c/environment/ament_prefix_path.sh
-- Installing: /home/ubuntu/ROS2/microros_ws/firmware/mcu_ws/install/share/rosidl_generator_c/environment/ament_prefix_path.dsv
-- Installing: /home/ubuntu/ROS2/microros_ws/firmware/mcu_ws/install/share/rosidl_generator_c/environment/path.sh
-- Installing: /home/ubuntu/ROS2/microros_ws/firmware/mcu_ws/install/share/rosidl_generator_c/environment/path.dsv
-- Installing: /home/ubuntu/ROS2/microros_ws/firmware/mcu_ws/install/share/rosidl_generator_c/local_setup.bash
-- Installing: /home/ubuntu/ROS2/microros_ws/firmware/mcu_ws/install/share/rosidl_generator_c/local_setup.sh
-- Installing: /home/ubuntu/ROS2/microros_ws/firmware/mcu_ws/install/share/rosidl_generator_c/local_setup.zsh
-- Installing: /home/ubuntu/ROS2/microros_ws/firmware/mcu_ws/install/share/rosidl_generator_c/local_setup.dsv
-- Installing: /home/ubuntu/ROS2/microros_ws/firmware/mcu_ws/install/share/rosidl_generator_c/package.dsv
-- Installing: /home/ubuntu/ROS2/microros_ws/firmware/mcu_ws/install/share/ament_index/resource_index/packages/rosidl_generator_c
-- Installing: /home/ubuntu/ROS2/microros_ws/firmware/mcu_ws/install/share/rosidl_generator_c/cmake/rosidl_generator_c-extras.cmake
-- Installing: /home/ubuntu/ROS2/microros_ws/firmware/mcu_ws/install/share/rosidl_generator_c/cmake/ament_cmake_export_dependencies-extras.cmake
-- Installing: /home/ubuntu/ROS2/microros_ws/firmware/mcu_ws/install/share/rosidl_generator_c/cmake/rosidl_generator_cConfig.cmake
-- Installing: /home/ubuntu/ROS2/microros_ws/firmware/mcu_ws/install/share/rosidl_generator_c/cmake/rosidl_generator_cConfig-version.cmake
-- Installing: /home/ubuntu/ROS2/microros_ws/firmware/mcu_ws/install/share/rosidl_generator_c/package.xml
-- Installing: /home/ubuntu/ROS2/microros_ws/firmware/mcu_ws/install/lib/rosidl_generator_c/rosidl_generator_c
-- Up-to-date: /home/ubuntu/ROS2/microros_ws/firmware/mcu_ws/install/share/rosidl_generator_c/cmake
-- Installing: /home/ubuntu/ROS2/microros_ws/firmware/mcu_ws/install/share/rosidl_generator_c/cmake/register_c.cmake
-- Installing: /home/ubuntu/ROS2/microros_ws/firmware/mcu_ws/install/share/rosidl_generator_c/cmake/rosidl_generator_c_generate_interfaces.cmake
-- Installing: /home/ubuntu/ROS2/microros_ws/firmware/mcu_ws/install/share/rosidl_generator_c/resource
-- Installing: /home/ubuntu/ROS2/microros_ws/firmware/mcu_ws/install/share/rosidl_generator_c/resource/idl__functions.h.em
-- Installing: /home/ubuntu/ROS2/microros_ws/firmware/mcu_ws/install/share/rosidl_generator_c/resource/srv__type_support.h.em
-- Installing: /home/ubuntu/ROS2/microros_ws/firmware/mcu_ws/install/share/rosidl_generator_c/resource/rosidl_generator_c__visibility_control.h.in
-- Installing: /home/ubuntu/ROS2/microros_ws/firmware/mcu_ws/install/share/rosidl_generator_c/resource/action__type_support.h.em
-- Installing: /home/ubuntu/ROS2/microros_ws/firmware/mcu_ws/install/share/rosidl_generator_c/resource/idl.h.em
-- Installing: /home/ubuntu/ROS2/microros_ws/firmware/mcu_ws/install/share/rosidl_generator_c/resource/idl__type_support.h.em
-- Installing: /home/ubuntu/ROS2/microros_ws/firmware/mcu_ws/install/share/rosidl_generator_c/resource/idl__struct.h.em
-- Installing: /home/ubuntu/ROS2/microros_ws/firmware/mcu_ws/install/share/rosidl_generator_c/resource/idl__functions.c.em
-- Installing: /home/ubuntu/ROS2/microros_ws/firmware/mcu_ws/install/share/rosidl_generator_c/resource/msg__functions.h.em
-- Installing: /home/ubuntu/ROS2/microros_ws/firmware/mcu_ws/install/share/rosidl_generator_c/resource/msg__type_support.h.em
-- Installing: /home/ubuntu/ROS2/microros_ws/firmware/mcu_ws/install/share/rosidl_generator_c/resource/msg__functions.c.em
-- Installing: /home/ubuntu/ROS2/microros_ws/firmware/mcu_ws/install/share/rosidl_generator_c/resource/msg__struct.h.em
