Not searching for unused variables given on the command line.
-- The C compiler identification is GNU 9.4.0
-- The CXX compiler identification is GNU 9.4.0
-- Check for working C compiler: /usr/bin/arm-linux-gnueabihf-gcc
-- Check for working C compiler: /usr/bin/arm-linux-gnueabihf-gcc -- works
-- Detecting C compiler ABI info
-- Detecting C compiler ABI info - done
-- Detecting C compile features
-- Detecting C compile features - done
-- Check for working CXX compiler: /usr/bin/arm-linux-gnueabihf-g++
-- Check for working CXX compiler: /usr/bin/arm-linux-gnueabihf-g++ -- works
-- Detecting CXX compiler ABI info
-- Detecting CXX compiler ABI info - done
-- Detecting CXX compile features
-- Detecting CXX compile features - done
-- Found ament_cmake: 0.9.12 (/home/ubuntu/ROS2/microros_ws/firmware/dev_ws/install/ament_cmake/share/ament_cmake/cmake)
-- Found PythonInterp: /usr/bin/python3 (found suitable version "3.8.10", minimum required is "3") 
-- Using PYTHON_EXECUTABLE: /usr/bin/python3
-- Found rosidl_default_generators: 1.0.1 (/home/ubuntu/ROS2/microros_ws/firmware/mcu_ws/install/share/rosidl_default_generators/cmake)
-- Using single rosidl_typesupport_c: rosidl_typesupport_microxrcedds_c
-- Found rosidl_adapter: 1.3.1 (/home/ubuntu/ROS2/microros_ws/firmware/mcu_ws/install/share/rosidl_adapter/cmake)
-- Found PythonInterp: /usr/bin/python3 (found version "3.8.10") 
-- Found ament_cmake_ros: 0.9.2 (/home/ubuntu/ROS2/microros_ws/firmware/dev_ws/install/ament_cmake_ros/share/ament_cmake_ros/cmake)
-- Using single rosidl_typesupport_c: rosidl_typesupport_microxrcedds_c
-- Configuring done
-- Generating done
-- Build files have been written to: /home/ubuntu/ROS2/microros_ws/firmware/mcu_ws/build/lifecycle_msgs
/usr/bin/cmake -S/home/ubuntu/ROS2/microros_ws/firmware/mcu_ws/ros2/rcl_interfaces/lifecycle_msgs -B/home/ubuntu/ROS2/microros_ws/firmware/mcu_ws/build/lifecycle_msgs --check-build-system CMakeFiles/Makefile.cmake 0
/usr/bin/cmake -E cmake_progress_start /home/ubuntu/ROS2/microros_ws/firmware/mcu_ws/build/lifecycle_msgs/CMakeFiles /home/ubuntu/ROS2/microros_ws/firmware/mcu_ws/build/lifecycle_msgs/CMakeFiles/progress.marks
/usr/bin/make -f CMakeFiles/Makefile2 all
make[1]: Entering directory '/home/ubuntu/ROS2/microros_ws/firmware/mcu_ws/build/lifecycle_msgs'
/usr/bin/make -f CMakeFiles/lifecycle_msgs__rosidl_generator_c.dir/build.make CMakeFiles/lifecycle_msgs__rosidl_generator_c.dir/depend
make[2]: Entering directory '/home/ubuntu/ROS2/microros_ws/firmware/mcu_ws/build/lifecycle_msgs'
[  3%] [34m[1mGenerating C code for ROS interfaces[0m
/usr/bin/python3 /home/ubuntu/ROS2/microros_ws/firmware/mcu_ws/install/share/rosidl_generator_c/cmake/../../../lib/rosidl_generator_c/rosidl_generator_c --generator-arguments-file /home/ubuntu/ROS2/microros_ws/firmware/mcu_ws/build/lifecycle_msgs/rosidl_generator_c__arguments.json
cd /home/ubuntu/ROS2/microros_ws/firmware/mcu_ws/build/lifecycle_msgs && /usr/bin/cmake -E cmake_depends "Unix Makefiles" /home/ubuntu/ROS2/microros_ws/firmware/mcu_ws/ros2/rcl_interfaces/lifecycle_msgs /home/ubuntu/ROS2/microros_ws/firmware/mcu_ws/ros2/rcl_interfaces/lifecycle_msgs /home/ubuntu/ROS2/microros_ws/firmware/mcu_ws/build/lifecycle_msgs /home/ubuntu/ROS2/microros_ws/firmware/mcu_ws/build/lifecycle_msgs /home/ubuntu/ROS2/microros_ws/firmware/mcu_ws/build/lifecycle_msgs/CMakeFiles/lifecycle_msgs__rosidl_generator_c.dir/DependInfo.cmake --color=
Dependee "/home/ubuntu/ROS2/microros_ws/firmware/mcu_ws/build/lifecycle_msgs/CMakeFiles/lifecycle_msgs__rosidl_generator_c.dir/DependInfo.cmake" is newer than depender "/home/ubuntu/ROS2/microros_ws/firmware/mcu_ws/build/lifecycle_msgs/CMakeFiles/lifecycle_msgs__rosidl_generator_c.dir/depend.internal".
Dependee "/home/ubuntu/ROS2/microros_ws/firmware/mcu_ws/build/lifecycle_msgs/CMakeFiles/CMakeDirectoryInformation.cmake" is newer than depender "/home/ubuntu/ROS2/microros_ws/firmware/mcu_ws/build/lifecycle_msgs/CMakeFiles/lifecycle_msgs__rosidl_generator_c.dir/depend.internal".
[35m[1mScanning dependencies of target lifecycle_msgs__rosidl_generator_c[0m
make[2]: Leaving directory '/home/ubuntu/ROS2/microros_ws/firmware/mcu_ws/build/lifecycle_msgs'
/usr/bin/make -f CMakeFiles/lifecycle_msgs__rosidl_generator_c.dir/build.make CMakeFiles/lifecycle_msgs__rosidl_generator_c.dir/build
make[2]: Entering directory '/home/ubuntu/ROS2/microros_ws/firmware/mcu_ws/build/lifecycle_msgs'
[  6%] [32mBuilding C object CMakeFiles/lifecycle_msgs__rosidl_generator_c.dir/rosidl_generator_c/lifecycle_msgs/msg/detail/state__functions.c.o[0m
/usr/bin/arm-linux-gnueabihf-gcc -DROS_PACKAGE_NAME=\"lifecycle_msgs\" -I/home/ubuntu/ROS2/microros_ws/firmware/mcu_ws/build/lifecycle_msgs/rosidl_generator_c -isystem /home/ubuntu/ROS2/microros_ws/firmware/mcu_ws/install/include -isystem /home/ubuntu/ROS2/microros_ws/firmware/mcu_ws/install/share/tinydir_vendor/cmake/../../../include  -march=armv8-a -mfpu=neon-fp-armv8 -mfloat-abi=hard -O3 -DNDEBUG   -Wall -std=gnu11 -o CMakeFiles/lifecycle_msgs__rosidl_generator_c.dir/rosidl_generator_c/lifecycle_msgs/msg/detail/state__functions.c.o   -c /home/ubuntu/ROS2/microros_ws/firmware/mcu_ws/build/lifecycle_msgs/rosidl_generator_c/lifecycle_msgs/msg/detail/state__functions.c
[ 10%] [32mBuilding C object CMakeFiles/lifecycle_msgs__rosidl_generator_c.dir/rosidl_generator_c/lifecycle_msgs/msg/detail/transition_event__functions.c.o[0m
/usr/bin/arm-linux-gnueabihf-gcc -DROS_PACKAGE_NAME=\"lifecycle_msgs\" -I/home/ubuntu/ROS2/microros_ws/firmware/mcu_ws/build/lifecycle_msgs/rosidl_generator_c -isystem /home/ubuntu/ROS2/microros_ws/firmware/mcu_ws/install/include -isystem /home/ubuntu/ROS2/microros_ws/firmware/mcu_ws/install/share/tinydir_vendor/cmake/../../../include  -march=armv8-a -mfpu=neon-fp-armv8 -mfloat-abi=hard -O3 -DNDEBUG   -Wall -std=gnu11 -o CMakeFiles/lifecycle_msgs__rosidl_generator_c.dir/rosidl_generator_c/lifecycle_msgs/msg/detail/transition_event__functions.c.o   -c /home/ubuntu/ROS2/microros_ws/firmware/mcu_ws/build/lifecycle_msgs/rosidl_generator_c/lifecycle_msgs/msg/detail/transition_event__functions.c
[ 13%] [32mBuilding C object CMakeFiles/lifecycle_msgs__rosidl_generator_c.dir/rosidl_generator_c/lifecycle_msgs/srv/detail/change_state__functions.c.o[0m
/usr/bin/arm-linux-gnueabihf-gcc -DROS_PACKAGE_NAME=\"lifecycle_msgs\" -I/home/ubuntu/ROS2/microros_ws/firmware/mcu_ws/build/lifecycle_msgs/rosidl_generator_c -isystem /home/ubuntu/ROS2/microros_ws/firmware/mcu_ws/install/include -isystem /home/ubuntu/ROS2/microros_ws/firmware/mcu_ws/install/share/tinydir_vendor/cmake/../../../include  -march=armv8-a -mfpu=neon-fp-armv8 -mfloat-abi=hard -O3 -DNDEBUG   -Wall -std=gnu11 -o CMakeFiles/lifecycle_msgs__rosidl_generator_c.dir/rosidl_generator_c/lifecycle_msgs/srv/detail/change_state__functions.c.o   -c /home/ubuntu/ROS2/microros_ws/firmware/mcu_ws/build/lifecycle_msgs/rosidl_generator_c/lifecycle_msgs/srv/detail/change_state__functions.c
[ 16%] [32mBuilding C object CMakeFiles/lifecycle_msgs__rosidl_generator_c.dir/rosidl_generator_c/lifecycle_msgs/srv/detail/get_available_states__functions.c.o[0m
/usr/bin/arm-linux-gnueabihf-gcc -DROS_PACKAGE_NAME=\"lifecycle_msgs\" -I/home/ubuntu/ROS2/microros_ws/firmware/mcu_ws/build/lifecycle_msgs/rosidl_generator_c -isystem /home/ubuntu/ROS2/microros_ws/firmware/mcu_ws/install/include -isystem /home/ubuntu/ROS2/microros_ws/firmware/mcu_ws/install/share/tinydir_vendor/cmake/../../../include  -march=armv8-a -mfpu=neon-fp-armv8 -mfloat-abi=hard -O3 -DNDEBUG   -Wall -std=gnu11 -o CMakeFiles/lifecycle_msgs__rosidl_generator_c.dir/rosidl_generator_c/lifecycle_msgs/srv/detail/get_available_states__functions.c.o   -c /home/ubuntu/ROS2/microros_ws/firmware/mcu_ws/build/lifecycle_msgs/rosidl_generator_c/lifecycle_msgs/srv/detail/get_available_states__functions.c
[ 20%] [32mBuilding C object CMakeFiles/lifecycle_msgs__rosidl_generator_c.dir/rosidl_generator_c/lifecycle_msgs/srv/detail/get_available_transitions__functions.c.o[0m
/usr/bin/arm-linux-gnueabihf-gcc -DROS_PACKAGE_NAME=\"lifecycle_msgs\" -I/home/ubuntu/ROS2/microros_ws/firmware/mcu_ws/build/lifecycle_msgs/rosidl_generator_c -isystem /home/ubuntu/ROS2/microros_ws/firmware/mcu_ws/install/include -isystem /home/ubuntu/ROS2/microros_ws/firmware/mcu_ws/install/share/tinydir_vendor/cmake/../../../include  -march=armv8-a -mfpu=neon-fp-armv8 -mfloat-abi=hard -O3 -DNDEBUG   -Wall -std=gnu11 -o CMakeFiles/lifecycle_msgs__rosidl_generator_c.dir/rosidl_generator_c/lifecycle_msgs/srv/detail/get_available_transitions__functions.c.o   -c /home/ubuntu/ROS2/microros_ws/firmware/mcu_ws/build/lifecycle_msgs/rosidl_generator_c/lifecycle_msgs/srv/detail/get_available_transitions__functions.c
[ 23%] [32mBuilding C object CMakeFiles/lifecycle_msgs__rosidl_generator_c.dir/rosidl_generator_c/lifecycle_msgs/srv/detail/get_state__functions.c.o[0m
/usr/bin/arm-linux-gnueabihf-gcc -DROS_PACKAGE_NAME=\"lifecycle_msgs\" -I/home/ubuntu/ROS2/microros_ws/firmware/mcu_ws/build/lifecycle_msgs/rosidl_generator_c -isystem /home/ubuntu/ROS2/microros_ws/firmware/mcu_ws/install/include -isystem /home/ubuntu/ROS2/microros_ws/firmware/mcu_ws/install/share/tinydir_vendor/cmake/../../../include  -march=armv8-a -mfpu=neon-fp-armv8 -mfloat-abi=hard -O3 -DNDEBUG   -Wall -std=gnu11 -o CMakeFiles/lifecycle_msgs__rosidl_generator_c.dir/rosidl_generator_c/lifecycle_msgs/srv/detail/get_state__functions.c.o   -c /home/ubuntu/ROS2/microros_ws/firmware/mcu_ws/build/lifecycle_msgs/rosidl_generator_c/lifecycle_msgs/srv/detail/get_state__functions.c
[ 26%] [32mBuilding C object CMakeFiles/lifecycle_msgs__rosidl_generator_c.dir/rosidl_generator_c/lifecycle_msgs/msg/detail/transition_description__functions.c.o[0m
/usr/bin/arm-linux-gnueabihf-gcc -DROS_PACKAGE_NAME=\"lifecycle_msgs\" -I/home/ubuntu/ROS2/microros_ws/firmware/mcu_ws/build/lifecycle_msgs/rosidl_generator_c -isystem /home/ubuntu/ROS2/microros_ws/firmware/mcu_ws/install/include -isystem /home/ubuntu/ROS2/microros_ws/firmware/mcu_ws/install/share/tinydir_vendor/cmake/../../../include  -march=armv8-a -mfpu=neon-fp-armv8 -mfloat-abi=hard -O3 -DNDEBUG   -Wall -std=gnu11 -o CMakeFiles/lifecycle_msgs__rosidl_generator_c.dir/rosidl_generator_c/lifecycle_msgs/msg/detail/transition_description__functions.c.o   -c /home/ubuntu/ROS2/microros_ws/firmware/mcu_ws/build/lifecycle_msgs/rosidl_generator_c/lifecycle_msgs/msg/detail/transition_description__functions.c
[ 30%] [32mBuilding C object CMakeFiles/lifecycle_msgs__rosidl_generator_c.dir/rosidl_generator_c/lifecycle_msgs/msg/detail/transition__functions.c.o[0m
/usr/bin/arm-linux-gnueabihf-gcc -DROS_PACKAGE_NAME=\"lifecycle_msgs\" -I/home/ubuntu/ROS2/microros_ws/firmware/mcu_ws/build/lifecycle_msgs/rosidl_generator_c -isystem /home/ubuntu/ROS2/microros_ws/firmware/mcu_ws/install/include -isystem /home/ubuntu/ROS2/microros_ws/firmware/mcu_ws/install/share/tinydir_vendor/cmake/../../../include  -march=armv8-a -mfpu=neon-fp-armv8 -mfloat-abi=hard -O3 -DNDEBUG   -Wall -std=gnu11 -o CMakeFiles/lifecycle_msgs__rosidl_generator_c.dir/rosidl_generator_c/lifecycle_msgs/msg/detail/transition__functions.c.o   -c /home/ubuntu/ROS2/microros_ws/firmware/mcu_ws/build/lifecycle_msgs/rosidl_generator_c/lifecycle_msgs/msg/detail/transition__functions.c
[ 33%] [32m[1mLinking C static library liblifecycle_msgs__rosidl_generator_c.a[0m
/usr/bin/cmake -P CMakeFiles/lifecycle_msgs__rosidl_generator_c.dir/cmake_clean_target.cmake
/usr/bin/cmake -E cmake_link_script CMakeFiles/lifecycle_msgs__rosidl_generator_c.dir/link.txt --verbose=1
/usr/bin/arm-linux-gnueabihf-ar qc liblifecycle_msgs__rosidl_generator_c.a  CMakeFiles/lifecycle_msgs__rosidl_generator_c.dir/rosidl_generator_c/lifecycle_msgs/msg/detail/state__functions.c.o CMakeFiles/lifecycle_msgs__rosidl_generator_c.dir/rosidl_generator_c/lifecycle_msgs/msg/detail/transition__functions.c.o CMakeFiles/lifecycle_msgs__rosidl_generator_c.dir/rosidl_generator_c/lifecycle_msgs/msg/detail/transition_description__functions.c.o CMakeFiles/lifecycle_msgs__rosidl_generator_c.dir/rosidl_generator_c/lifecycle_msgs/msg/detail/transition_event__functions.c.o CMakeFiles/lifecycle_msgs__rosidl_generator_c.dir/rosidl_generator_c/lifecycle_msgs/srv/detail/change_state__functions.c.o CMakeFiles/lifecycle_msgs__rosidl_generator_c.dir/rosidl_generator_c/lifecycle_msgs/srv/detail/get_available_states__functions.c.o CMakeFiles/lifecycle_msgs__rosidl_generator_c.dir/rosidl_generator_c/lifecycle_msgs/srv/detail/get_available_transitions__functions.c.o CMakeFiles/lifecycle_msgs__rosidl_generator_c.dir/rosidl_generator_c/lifecycle_msgs/srv/detail/get_state__functions.c.o
/usr/bin/arm-linux-gnueabihf-ranlib liblifecycle_msgs__rosidl_generator_c.a
make[2]: Leaving directory '/home/ubuntu/ROS2/microros_ws/firmware/mcu_ws/build/lifecycle_msgs'
[ 33%] Built target lifecycle_msgs__rosidl_generator_c
/usr/bin/make -f CMakeFiles/lifecycle_msgs__rosidl_typesupport_microxrcedds_c.dir/build.make CMakeFiles/lifecycle_msgs__rosidl_typesupport_microxrcedds_c.dir/depend
make[2]: Entering directory '/home/ubuntu/ROS2/microros_ws/firmware/mcu_ws/build/lifecycle_msgs'
[ 36%] [34m[1mGenerating C type support for eProsima Micro XRCE-DDS[0m
/usr/bin/python3 /home/ubuntu/ROS2/microros_ws/firmware/mcu_ws/install/lib/rosidl_typesupport_microxrcedds_c/rosidl_typesupport_microxrcedds_c --generator-arguments-file /home/ubuntu/ROS2/microros_ws/firmware/mcu_ws/build/lifecycle_msgs/rosidl_typesupport_microxrcedds_c__arguments.json
cd /home/ubuntu/ROS2/microros_ws/firmware/mcu_ws/build/lifecycle_msgs && /usr/bin/cmake -E cmake_depends "Unix Makefiles" /home/ubuntu/ROS2/microros_ws/firmware/mcu_ws/ros2/rcl_interfaces/lifecycle_msgs /home/ubuntu/ROS2/microros_ws/firmware/mcu_ws/ros2/rcl_interfaces/lifecycle_msgs /home/ubuntu/ROS2/microros_ws/firmware/mcu_ws/build/lifecycle_msgs /home/ubuntu/ROS2/microros_ws/firmware/mcu_ws/build/lifecycle_msgs /home/ubuntu/ROS2/microros_ws/firmware/mcu_ws/build/lifecycle_msgs/CMakeFiles/lifecycle_msgs__rosidl_typesupport_microxrcedds_c.dir/DependInfo.cmake --color=
Dependee "/home/ubuntu/ROS2/microros_ws/firmware/mcu_ws/build/lifecycle_msgs/CMakeFiles/lifecycle_msgs__rosidl_typesupport_microxrcedds_c.dir/DependInfo.cmake" is newer than depender "/home/ubuntu/ROS2/microros_ws/firmware/mcu_ws/build/lifecycle_msgs/CMakeFiles/lifecycle_msgs__rosidl_typesupport_microxrcedds_c.dir/depend.internal".
Dependee "/home/ubuntu/ROS2/microros_ws/firmware/mcu_ws/build/lifecycle_msgs/CMakeFiles/CMakeDirectoryInformation.cmake" is newer than depender "/home/ubuntu/ROS2/microros_ws/firmware/mcu_ws/build/lifecycle_msgs/CMakeFiles/lifecycle_msgs__rosidl_typesupport_microxrcedds_c.dir/depend.internal".
[35m[1mScanning dependencies of target lifecycle_msgs__rosidl_typesupport_microxrcedds_c[0m
make[2]: Leaving directory '/home/ubuntu/ROS2/microros_ws/firmware/mcu_ws/build/lifecycle_msgs'
/usr/bin/make -f CMakeFiles/lifecycle_msgs__rosidl_typesupport_microxrcedds_c.dir/build.make CMakeFiles/lifecycle_msgs__rosidl_typesupport_microxrcedds_c.dir/build
make[2]: Entering directory '/home/ubuntu/ROS2/microros_ws/firmware/mcu_ws/build/lifecycle_msgs'
[ 40%] [32mBuilding C object CMakeFiles/lifecycle_msgs__rosidl_typesupport_microxrcedds_c.dir/rosidl_typesupport_microxrcedds_c/lifecycle_msgs/msg/detail/microxrcedds/state__type_support_c.c.o[0m
/usr/bin/arm-linux-gnueabihf-gcc -DROS_PACKAGE_NAME=\"lifecycle_msgs\" -I/home/ubuntu/ROS2/microros_ws/firmware/mcu_ws/build/lifecycle_msgs/rosidl_generator_c -I/home/ubuntu/ROS2/microros_ws/firmware/mcu_ws/build/lifecycle_msgs/rosidl_typesupport_microxrcedds_c -isystem /home/ubuntu/ROS2/microros_ws/firmware/mcu_ws/install/include -isystem /home/ubuntu/ROS2/microros_ws/firmware/mcu_ws/install/share/tinydir_vendor/cmake/../../../include  -march=armv8-a -mfpu=neon-fp-armv8 -mfloat-abi=hard -O3 -DNDEBUG   -Wall -Wextra -Wpedantic -std=gnu99 -o CMakeFiles/lifecycle_msgs__rosidl_typesupport_microxrcedds_c.dir/rosidl_typesupport_microxrcedds_c/lifecycle_msgs/msg/detail/microxrcedds/state__type_support_c.c.o   -c /home/ubuntu/ROS2/microros_ws/firmware/mcu_ws/build/lifecycle_msgs/rosidl_typesupport_microxrcedds_c/lifecycle_msgs/msg/detail/microxrcedds/state__type_support_c.c
[ 43%] [32mBuilding C object CMakeFiles/lifecycle_msgs__rosidl_typesupport_microxrcedds_c.dir/rosidl_typesupport_microxrcedds_c/lifecycle_msgs/msg/detail/microxrcedds/transition_event__type_support_c.c.o[0m
/usr/bin/arm-linux-gnueabihf-gcc -DROS_PACKAGE_NAME=\"lifecycle_msgs\" -I/home/ubuntu/ROS2/microros_ws/firmware/mcu_ws/build/lifecycle_msgs/rosidl_generator_c -I/home/ubuntu/ROS2/microros_ws/firmware/mcu_ws/build/lifecycle_msgs/rosidl_typesupport_microxrcedds_c -isystem /home/ubuntu/ROS2/microros_ws/firmware/mcu_ws/install/include -isystem /home/ubuntu/ROS2/microros_ws/firmware/mcu_ws/install/share/tinydir_vendor/cmake/../../../include  -march=armv8-a -mfpu=neon-fp-armv8 -mfloat-abi=hard -O3 -DNDEBUG   -Wall -Wextra -Wpedantic -std=gnu99 -o CMakeFiles/lifecycle_msgs__rosidl_typesupport_microxrcedds_c.dir/rosidl_typesupport_microxrcedds_c/lifecycle_msgs/msg/detail/microxrcedds/transition_event__type_support_c.c.o   -c /home/ubuntu/ROS2/microros_ws/firmware/mcu_ws/build/lifecycle_msgs/rosidl_typesupport_microxrcedds_c/lifecycle_msgs/msg/detail/microxrcedds/transition_event__type_support_c.c
[ 46%] [32mBuilding C object CMakeFiles/lifecycle_msgs__rosidl_typesupport_microxrcedds_c.dir/rosidl_typesupport_microxrcedds_c/lifecycle_msgs/srv/detail/microxrcedds/change_state__type_support_c.c.o[0m
/usr/bin/arm-linux-gnueabihf-gcc -DROS_PACKAGE_NAME=\"lifecycle_msgs\" -I/home/ubuntu/ROS2/microros_ws/firmware/mcu_ws/build/lifecycle_msgs/rosidl_generator_c -I/home/ubuntu/ROS2/microros_ws/firmware/mcu_ws/build/lifecycle_msgs/rosidl_typesupport_microxrcedds_c -isystem /home/ubuntu/ROS2/microros_ws/firmware/mcu_ws/install/include -isystem /home/ubuntu/ROS2/microros_ws/firmware/mcu_ws/install/share/tinydir_vendor/cmake/../../../include  -march=armv8-a -mfpu=neon-fp-armv8 -mfloat-abi=hard -O3 -DNDEBUG   -Wall -Wextra -Wpedantic -std=gnu99 -o CMakeFiles/lifecycle_msgs__rosidl_typesupport_microxrcedds_c.dir/rosidl_typesupport_microxrcedds_c/lifecycle_msgs/srv/detail/microxrcedds/change_state__type_support_c.c.o   -c /home/ubuntu/ROS2/microros_ws/firmware/mcu_ws/build/lifecycle_msgs/rosidl_typesupport_microxrcedds_c/lifecycle_msgs/srv/detail/microxrcedds/change_state__type_support_c.c
[ 50%] [32mBuilding C object CMakeFiles/lifecycle_msgs__rosidl_typesupport_microxrcedds_c.dir/rosidl_typesupport_microxrcedds_c/lifecycle_msgs/srv/detail/microxrcedds/get_available_states__type_support_c.c.o[0m
/usr/bin/arm-linux-gnueabihf-gcc -DROS_PACKAGE_NAME=\"lifecycle_msgs\" -I/home/ubuntu/ROS2/microros_ws/firmware/mcu_ws/build/lifecycle_msgs/rosidl_generator_c -I/home/ubuntu/ROS2/microros_ws/firmware/mcu_ws/build/lifecycle_msgs/rosidl_typesupport_microxrcedds_c -isystem /home/ubuntu/ROS2/microros_ws/firmware/mcu_ws/install/include -isystem /home/ubuntu/ROS2/microros_ws/firmware/mcu_ws/install/share/tinydir_vendor/cmake/../../../include  -march=armv8-a -mfpu=neon-fp-armv8 -mfloat-abi=hard -O3 -DNDEBUG   -Wall -Wextra -Wpedantic -std=gnu99 -o CMakeFiles/lifecycle_msgs__rosidl_typesupport_microxrcedds_c.dir/rosidl_typesupport_microxrcedds_c/lifecycle_msgs/srv/detail/microxrcedds/get_available_states__type_support_c.c.o   -c /home/ubuntu/ROS2/microros_ws/firmware/mcu_ws/build/lifecycle_msgs/rosidl_typesupport_microxrcedds_c/lifecycle_msgs/srv/detail/microxrcedds/get_available_states__type_support_c.c
[ 53%] [32mBuilding C object CMakeFiles/lifecycle_msgs__rosidl_typesupport_microxrcedds_c.dir/rosidl_typesupport_microxrcedds_c/lifecycle_msgs/srv/detail/microxrcedds/get_available_transitions__type_support_c.c.o[0m
/usr/bin/arm-linux-gnueabihf-gcc -DROS_PACKAGE_NAME=\"lifecycle_msgs\" -I/home/ubuntu/ROS2/microros_ws/firmware/mcu_ws/build/lifecycle_msgs/rosidl_generator_c -I/home/ubuntu/ROS2/microros_ws/firmware/mcu_ws/build/lifecycle_msgs/rosidl_typesupport_microxrcedds_c -isystem /home/ubuntu/ROS2/microros_ws/firmware/mcu_ws/install/include -isystem /home/ubuntu/ROS2/microros_ws/firmware/mcu_ws/install/share/tinydir_vendor/cmake/../../../include  -march=armv8-a -mfpu=neon-fp-armv8 -mfloat-abi=hard -O3 -DNDEBUG   -Wall -Wextra -Wpedantic -std=gnu99 -o CMakeFiles/lifecycle_msgs__rosidl_typesupport_microxrcedds_c.dir/rosidl_typesupport_microxrcedds_c/lifecycle_msgs/srv/detail/microxrcedds/get_available_transitions__type_support_c.c.o   -c /home/ubuntu/ROS2/microros_ws/firmware/mcu_ws/build/lifecycle_msgs/rosidl_typesupport_microxrcedds_c/lifecycle_msgs/srv/detail/microxrcedds/get_available_transitions__type_support_c.c
[ 56%] [32mBuilding C object CMakeFiles/lifecycle_msgs__rosidl_typesupport_microxrcedds_c.dir/rosidl_typesupport_microxrcedds_c/lifecycle_msgs/srv/detail/microxrcedds/get_state__type_support_c.c.o[0m
/usr/bin/arm-linux-gnueabihf-gcc -DROS_PACKAGE_NAME=\"lifecycle_msgs\" -I/home/ubuntu/ROS2/microros_ws/firmware/mcu_ws/build/lifecycle_msgs/rosidl_generator_c -I/home/ubuntu/ROS2/microros_ws/firmware/mcu_ws/build/lifecycle_msgs/rosidl_typesupport_microxrcedds_c -isystem /home/ubuntu/ROS2/microros_ws/firmware/mcu_ws/install/include -isystem /home/ubuntu/ROS2/microros_ws/firmware/mcu_ws/install/share/tinydir_vendor/cmake/../../../include  -march=armv8-a -mfpu=neon-fp-armv8 -mfloat-abi=hard -O3 -DNDEBUG   -Wall -Wextra -Wpedantic -std=gnu99 -o CMakeFiles/lifecycle_msgs__rosidl_typesupport_microxrcedds_c.dir/rosidl_typesupport_microxrcedds_c/lifecycle_msgs/srv/detail/microxrcedds/get_state__type_support_c.c.o   -c /home/ubuntu/ROS2/microros_ws/firmware/mcu_ws/build/lifecycle_msgs/rosidl_typesupport_microxrcedds_c/lifecycle_msgs/srv/detail/microxrcedds/get_state__type_support_c.c
[ 60%] [32mBuilding C object CMakeFiles/lifecycle_msgs__rosidl_typesupport_microxrcedds_c.dir/rosidl_typesupport_microxrcedds_c/lifecycle_msgs/msg/detail/microxrcedds/transition_description__type_support_c.c.o[0m
/usr/bin/arm-linux-gnueabihf-gcc -DROS_PACKAGE_NAME=\"lifecycle_msgs\" -I/home/ubuntu/ROS2/microros_ws/firmware/mcu_ws/build/lifecycle_msgs/rosidl_generator_c -I/home/ubuntu/ROS2/microros_ws/firmware/mcu_ws/build/lifecycle_msgs/rosidl_typesupport_microxrcedds_c -isystem /home/ubuntu/ROS2/microros_ws/firmware/mcu_ws/install/include -isystem /home/ubuntu/ROS2/microros_ws/firmware/mcu_ws/install/share/tinydir_vendor/cmake/../../../include  -march=armv8-a -mfpu=neon-fp-armv8 -mfloat-abi=hard -O3 -DNDEBUG   -Wall -Wextra -Wpedantic -std=gnu99 -o CMakeFiles/lifecycle_msgs__rosidl_typesupport_microxrcedds_c.dir/rosidl_typesupport_microxrcedds_c/lifecycle_msgs/msg/detail/microxrcedds/transition_description__type_support_c.c.o   -c /home/ubuntu/ROS2/microros_ws/firmware/mcu_ws/build/lifecycle_msgs/rosidl_typesupport_microxrcedds_c/lifecycle_msgs/msg/detail/microxrcedds/transition_description__type_support_c.c
[ 63%] [32mBuilding C object CMakeFiles/lifecycle_msgs__rosidl_typesupport_microxrcedds_c.dir/rosidl_typesupport_microxrcedds_c/lifecycle_msgs/msg/detail/microxrcedds/transition__type_support_c.c.o[0m
/usr/bin/arm-linux-gnueabihf-gcc -DROS_PACKAGE_NAME=\"lifecycle_msgs\" -I/home/ubuntu/ROS2/microros_ws/firmware/mcu_ws/build/lifecycle_msgs/rosidl_generator_c -I/home/ubuntu/ROS2/microros_ws/firmware/mcu_ws/build/lifecycle_msgs/rosidl_typesupport_microxrcedds_c -isystem /home/ubuntu/ROS2/microros_ws/firmware/mcu_ws/install/include -isystem /home/ubuntu/ROS2/microros_ws/firmware/mcu_ws/install/share/tinydir_vendor/cmake/../../../include  -march=armv8-a -mfpu=neon-fp-armv8 -mfloat-abi=hard -O3 -DNDEBUG   -Wall -Wextra -Wpedantic -std=gnu99 -o CMakeFiles/lifecycle_msgs__rosidl_typesupport_microxrcedds_c.dir/rosidl_typesupport_microxrcedds_c/lifecycle_msgs/msg/detail/microxrcedds/transition__type_support_c.c.o   -c /home/ubuntu/ROS2/microros_ws/firmware/mcu_ws/build/lifecycle_msgs/rosidl_typesupport_microxrcedds_c/lifecycle_msgs/msg/detail/microxrcedds/transition__type_support_c.c
[ 66%] [32m[1mLinking C static library liblifecycle_msgs__rosidl_typesupport_microxrcedds_c.a[0m
/usr/bin/cmake -P CMakeFiles/lifecycle_msgs__rosidl_typesupport_microxrcedds_c.dir/cmake_clean_target.cmake
/usr/bin/cmake -E cmake_link_script CMakeFiles/lifecycle_msgs__rosidl_typesupport_microxrcedds_c.dir/link.txt --verbose=1
/usr/bin/arm-linux-gnueabihf-ar qc liblifecycle_msgs__rosidl_typesupport_microxrcedds_c.a  CMakeFiles/lifecycle_msgs__rosidl_typesupport_microxrcedds_c.dir/rosidl_typesupport_microxrcedds_c/lifecycle_msgs/msg/detail/microxrcedds/state__type_support_c.c.o CMakeFiles/lifecycle_msgs__rosidl_typesupport_microxrcedds_c.dir/rosidl_typesupport_microxrcedds_c/lifecycle_msgs/msg/detail/microxrcedds/transition__type_support_c.c.o CMakeFiles/lifecycle_msgs__rosidl_typesupport_microxrcedds_c.dir/rosidl_typesupport_microxrcedds_c/lifecycle_msgs/msg/detail/microxrcedds/transition_description__type_support_c.c.o CMakeFiles/lifecycle_msgs__rosidl_typesupport_microxrcedds_c.dir/rosidl_typesupport_microxrcedds_c/lifecycle_msgs/msg/detail/microxrcedds/transition_event__type_support_c.c.o CMakeFiles/lifecycle_msgs__rosidl_typesupport_microxrcedds_c.dir/rosidl_typesupport_microxrcedds_c/lifecycle_msgs/srv/detail/microxrcedds/change_state__type_support_c.c.o CMakeFiles/lifecycle_msgs__rosidl_typesupport_microxrcedds_c.dir/rosidl_typesupport_microxrcedds_c/lifecycle_msgs/srv/detail/microxrcedds/get_available_states__type_support_c.c.o CMakeFiles/lifecycle_msgs__rosidl_typesupport_microxrcedds_c.dir/rosidl_typesupport_microxrcedds_c/lifecycle_msgs/srv/detail/microxrcedds/get_available_transitions__type_support_c.c.o CMakeFiles/lifecycle_msgs__rosidl_typesupport_microxrcedds_c.dir/rosidl_typesupport_microxrcedds_c/lifecycle_msgs/srv/detail/microxrcedds/get_state__type_support_c.c.o
/usr/bin/arm-linux-gnueabihf-ranlib liblifecycle_msgs__rosidl_typesupport_microxrcedds_c.a
make[2]: Leaving directory '/home/ubuntu/ROS2/microros_ws/firmware/mcu_ws/build/lifecycle_msgs'
[ 66%] Built target lifecycle_msgs__rosidl_typesupport_microxrcedds_c
/usr/bin/make -f CMakeFiles/lifecycle_msgs__rosidl_typesupport_c.dir/build.make CMakeFiles/lifecycle_msgs__rosidl_typesupport_c.dir/depend
make[2]: Entering directory '/home/ubuntu/ROS2/microros_ws/firmware/mcu_ws/build/lifecycle_msgs'
[ 70%] [34m[1mGenerating C type support dispatch for ROS interfaces[0m
/usr/bin/python3 /home/ubuntu/ROS2/microros_ws/firmware/mcu_ws/install/lib/rosidl_typesupport_c/rosidl_typesupport_c --generator-arguments-file /home/ubuntu/ROS2/microros_ws/firmware/mcu_ws/build/lifecycle_msgs/rosidl_typesupport_c__arguments.json --typesupports rosidl_typesupport_microxrcedds_c
cd /home/ubuntu/ROS2/microros_ws/firmware/mcu_ws/build/lifecycle_msgs && /usr/bin/cmake -E cmake_depends "Unix Makefiles" /home/ubuntu/ROS2/microros_ws/firmware/mcu_ws/ros2/rcl_interfaces/lifecycle_msgs /home/ubuntu/ROS2/microros_ws/firmware/mcu_ws/ros2/rcl_interfaces/lifecycle_msgs /home/ubuntu/ROS2/microros_ws/firmware/mcu_ws/build/lifecycle_msgs /home/ubuntu/ROS2/microros_ws/firmware/mcu_ws/build/lifecycle_msgs /home/ubuntu/ROS2/microros_ws/firmware/mcu_ws/build/lifecycle_msgs/CMakeFiles/lifecycle_msgs__rosidl_typesupport_c.dir/DependInfo.cmake --color=
Dependee "/home/ubuntu/ROS2/microros_ws/firmware/mcu_ws/build/lifecycle_msgs/CMakeFiles/lifecycle_msgs__rosidl_typesupport_c.dir/DependInfo.cmake" is newer than depender "/home/ubuntu/ROS2/microros_ws/firmware/mcu_ws/build/lifecycle_msgs/CMakeFiles/lifecycle_msgs__rosidl_typesupport_c.dir/depend.internal".
Dependee "/home/ubuntu/ROS2/microros_ws/firmware/mcu_ws/build/lifecycle_msgs/CMakeFiles/CMakeDirectoryInformation.cmake" is newer than depender "/home/ubuntu/ROS2/microros_ws/firmware/mcu_ws/build/lifecycle_msgs/CMakeFiles/lifecycle_msgs__rosidl_typesupport_c.dir/depend.internal".
[35m[1mScanning dependencies of target lifecycle_msgs__rosidl_typesupport_c[0m
make[2]: Leaving directory '/home/ubuntu/ROS2/microros_ws/firmware/mcu_ws/build/lifecycle_msgs'
/usr/bin/make -f CMakeFiles/lifecycle_msgs__rosidl_typesupport_c.dir/build.make CMakeFiles/lifecycle_msgs__rosidl_typesupport_c.dir/build
make[2]: Entering directory '/home/ubuntu/ROS2/microros_ws/firmware/mcu_ws/build/lifecycle_msgs'
[ 73%] [32mBuilding CXX object CMakeFiles/lifecycle_msgs__rosidl_typesupport_c.dir/rosidl_typesupport_c/lifecycle_msgs/msg/state__type_support.cpp.o[0m
/usr/bin/arm-linux-gnueabihf-g++  -DROS_PACKAGE_NAME=\"lifecycle_msgs\" -I/home/ubuntu/ROS2/microros_ws/firmware/mcu_ws/build/lifecycle_msgs/rosidl_generator_c -I/home/ubuntu/ROS2/microros_ws/firmware/mcu_ws/build/lifecycle_msgs/rosidl_typesupport_c -I/home/ubuntu/ROS2/microros_ws/firmware/mcu_ws/build/lifecycle_msgs/rosidl_typesupport_microxrcedds_c -isystem /home/ubuntu/ROS2/microros_ws/firmware/mcu_ws/install/include -isystem /home/ubuntu/ROS2/microros_ws/firmware/mcu_ws/install/share/tinydir_vendor/cmake/../../../include  -march=armv8-a -mfpu=neon-fp-armv8 -mfloat-abi=hard -O3 -DNDEBUG   -Wall -std=gnu++14 -o CMakeFiles/lifecycle_msgs__rosidl_typesupport_c.dir/rosidl_typesupport_c/lifecycle_msgs/msg/state__type_support.cpp.o -c /home/ubuntu/ROS2/microros_ws/firmware/mcu_ws/build/lifecycle_msgs/rosidl_typesupport_c/lifecycle_msgs/msg/state__type_support.cpp
[ 76%] [32mBuilding CXX object CMakeFiles/lifecycle_msgs__rosidl_typesupport_c.dir/rosidl_typesupport_c/lifecycle_msgs/msg/transition_event__type_support.cpp.o[0m
/usr/bin/arm-linux-gnueabihf-g++  -DROS_PACKAGE_NAME=\"lifecycle_msgs\" -I/home/ubuntu/ROS2/microros_ws/firmware/mcu_ws/build/lifecycle_msgs/rosidl_generator_c -I/home/ubuntu/ROS2/microros_ws/firmware/mcu_ws/build/lifecycle_msgs/rosidl_typesupport_c -I/home/ubuntu/ROS2/microros_ws/firmware/mcu_ws/build/lifecycle_msgs/rosidl_typesupport_microxrcedds_c -isystem /home/ubuntu/ROS2/microros_ws/firmware/mcu_ws/install/include -isystem /home/ubuntu/ROS2/microros_ws/firmware/mcu_ws/install/share/tinydir_vendor/cmake/../../../include  -march=armv8-a -mfpu=neon-fp-armv8 -mfloat-abi=hard -O3 -DNDEBUG   -Wall -std=gnu++14 -o CMakeFiles/lifecycle_msgs__rosidl_typesupport_c.dir/rosidl_typesupport_c/lifecycle_msgs/msg/transition_event__type_support.cpp.o -c /home/ubuntu/ROS2/microros_ws/firmware/mcu_ws/build/lifecycle_msgs/rosidl_typesupport_c/lifecycle_msgs/msg/transition_event__type_support.cpp
[ 80%] [32mBuilding CXX object CMakeFiles/lifecycle_msgs__rosidl_typesupport_c.dir/rosidl_typesupport_c/lifecycle_msgs/srv/change_state__type_support.cpp.o[0m
/usr/bin/arm-linux-gnueabihf-g++  -DROS_PACKAGE_NAME=\"lifecycle_msgs\" -I/home/ubuntu/ROS2/microros_ws/firmware/mcu_ws/build/lifecycle_msgs/rosidl_generator_c -I/home/ubuntu/ROS2/microros_ws/firmware/mcu_ws/build/lifecycle_msgs/rosidl_typesupport_c -I/home/ubuntu/ROS2/microros_ws/firmware/mcu_ws/build/lifecycle_msgs/rosidl_typesupport_microxrcedds_c -isystem /home/ubuntu/ROS2/microros_ws/firmware/mcu_ws/install/include -isystem /home/ubuntu/ROS2/microros_ws/firmware/mcu_ws/install/share/tinydir_vendor/cmake/../../../include  -march=armv8-a -mfpu=neon-fp-armv8 -mfloat-abi=hard -O3 -DNDEBUG   -Wall -std=gnu++14 -o CMakeFiles/lifecycle_msgs__rosidl_typesupport_c.dir/rosidl_typesupport_c/lifecycle_msgs/srv/change_state__type_support.cpp.o -c /home/ubuntu/ROS2/microros_ws/firmware/mcu_ws/build/lifecycle_msgs/rosidl_typesupport_c/lifecycle_msgs/srv/change_state__type_support.cpp
[ 83%] [32mBuilding CXX object CMakeFiles/lifecycle_msgs__rosidl_typesupport_c.dir/rosidl_typesupport_c/lifecycle_msgs/srv/get_available_states__type_support.cpp.o[0m
/usr/bin/arm-linux-gnueabihf-g++  -DROS_PACKAGE_NAME=\"lifecycle_msgs\" -I/home/ubuntu/ROS2/microros_ws/firmware/mcu_ws/build/lifecycle_msgs/rosidl_generator_c -I/home/ubuntu/ROS2/microros_ws/firmware/mcu_ws/build/lifecycle_msgs/rosidl_typesupport_c -I/home/ubuntu/ROS2/microros_ws/firmware/mcu_ws/build/lifecycle_msgs/rosidl_typesupport_microxrcedds_c -isystem /home/ubuntu/ROS2/microros_ws/firmware/mcu_ws/install/include -isystem /home/ubuntu/ROS2/microros_ws/firmware/mcu_ws/install/share/tinydir_vendor/cmake/../../../include  -march=armv8-a -mfpu=neon-fp-armv8 -mfloat-abi=hard -O3 -DNDEBUG   -Wall -std=gnu++14 -o CMakeFiles/lifecycle_msgs__rosidl_typesupport_c.dir/rosidl_typesupport_c/lifecycle_msgs/srv/get_available_states__type_support.cpp.o -c /home/ubuntu/ROS2/microros_ws/firmware/mcu_ws/build/lifecycle_msgs/rosidl_typesupport_c/lifecycle_msgs/srv/get_available_states__type_support.cpp
[ 86%] [32mBuilding CXX object CMakeFiles/lifecycle_msgs__rosidl_typesupport_c.dir/rosidl_typesupport_c/lifecycle_msgs/srv/get_available_transitions__type_support.cpp.o[0m
/usr/bin/arm-linux-gnueabihf-g++  -DROS_PACKAGE_NAME=\"lifecycle_msgs\" -I/home/ubuntu/ROS2/microros_ws/firmware/mcu_ws/build/lifecycle_msgs/rosidl_generator_c -I/home/ubuntu/ROS2/microros_ws/firmware/mcu_ws/build/lifecycle_msgs/rosidl_typesupport_c -I/home/ubuntu/ROS2/microros_ws/firmware/mcu_ws/build/lifecycle_msgs/rosidl_typesupport_microxrcedds_c -isystem /home/ubuntu/ROS2/microros_ws/firmware/mcu_ws/install/include -isystem /home/ubuntu/ROS2/microros_ws/firmware/mcu_ws/install/share/tinydir_vendor/cmake/../../../include  -march=armv8-a -mfpu=neon-fp-armv8 -mfloat-abi=hard -O3 -DNDEBUG   -Wall -std=gnu++14 -o CMakeFiles/lifecycle_msgs__rosidl_typesupport_c.dir/rosidl_typesupport_c/lifecycle_msgs/srv/get_available_transitions__type_support.cpp.o -c /home/ubuntu/ROS2/microros_ws/firmware/mcu_ws/build/lifecycle_msgs/rosidl_typesupport_c/lifecycle_msgs/srv/get_available_transitions__type_support.cpp
[ 90%] [32mBuilding CXX object CMakeFiles/lifecycle_msgs__rosidl_typesupport_c.dir/rosidl_typesupport_c/lifecycle_msgs/srv/get_state__type_support.cpp.o[0m
/usr/bin/arm-linux-gnueabihf-g++  -DROS_PACKAGE_NAME=\"lifecycle_msgs\" -I/home/ubuntu/ROS2/microros_ws/firmware/mcu_ws/build/lifecycle_msgs/rosidl_generator_c -I/home/ubuntu/ROS2/microros_ws/firmware/mcu_ws/build/lifecycle_msgs/rosidl_typesupport_c -I/home/ubuntu/ROS2/microros_ws/firmware/mcu_ws/build/lifecycle_msgs/rosidl_typesupport_microxrcedds_c -isystem /home/ubuntu/ROS2/microros_ws/firmware/mcu_ws/install/include -isystem /home/ubuntu/ROS2/microros_ws/firmware/mcu_ws/install/share/tinydir_vendor/cmake/../../../include  -march=armv8-a -mfpu=neon-fp-armv8 -mfloat-abi=hard -O3 -DNDEBUG   -Wall -std=gnu++14 -o CMakeFiles/lifecycle_msgs__rosidl_typesupport_c.dir/rosidl_typesupport_c/lifecycle_msgs/srv/get_state__type_support.cpp.o -c /home/ubuntu/ROS2/microros_ws/firmware/mcu_ws/build/lifecycle_msgs/rosidl_typesupport_c/lifecycle_msgs/srv/get_state__type_support.cpp
[ 93%] [32mBuilding CXX object CMakeFiles/lifecycle_msgs__rosidl_typesupport_c.dir/rosidl_typesupport_c/lifecycle_msgs/msg/transition_description__type_support.cpp.o[0m
/usr/bin/arm-linux-gnueabihf-g++  -DROS_PACKAGE_NAME=\"lifecycle_msgs\" -I/home/ubuntu/ROS2/microros_ws/firmware/mcu_ws/build/lifecycle_msgs/rosidl_generator_c -I/home/ubuntu/ROS2/microros_ws/firmware/mcu_ws/build/lifecycle_msgs/rosidl_typesupport_c -I/home/ubuntu/ROS2/microros_ws/firmware/mcu_ws/build/lifecycle_msgs/rosidl_typesupport_microxrcedds_c -isystem /home/ubuntu/ROS2/microros_ws/firmware/mcu_ws/install/include -isystem /home/ubuntu/ROS2/microros_ws/firmware/mcu_ws/install/share/tinydir_vendor/cmake/../../../include  -march=armv8-a -mfpu=neon-fp-armv8 -mfloat-abi=hard -O3 -DNDEBUG   -Wall -std=gnu++14 -o CMakeFiles/lifecycle_msgs__rosidl_typesupport_c.dir/rosidl_typesupport_c/lifecycle_msgs/msg/transition_description__type_support.cpp.o -c /home/ubuntu/ROS2/microros_ws/firmware/mcu_ws/build/lifecycle_msgs/rosidl_typesupport_c/lifecycle_msgs/msg/transition_description__type_support.cpp
[ 96%] [32mBuilding CXX object CMakeFiles/lifecycle_msgs__rosidl_typesupport_c.dir/rosidl_typesupport_c/lifecycle_msgs/msg/transition__type_support.cpp.o[0m
/usr/bin/arm-linux-gnueabihf-g++  -DROS_PACKAGE_NAME=\"lifecycle_msgs\" -I/home/ubuntu/ROS2/microros_ws/firmware/mcu_ws/build/lifecycle_msgs/rosidl_generator_c -I/home/ubuntu/ROS2/microros_ws/firmware/mcu_ws/build/lifecycle_msgs/rosidl_typesupport_c -I/home/ubuntu/ROS2/microros_ws/firmware/mcu_ws/build/lifecycle_msgs/rosidl_typesupport_microxrcedds_c -isystem /home/ubuntu/ROS2/microros_ws/firmware/mcu_ws/install/include -isystem /home/ubuntu/ROS2/microros_ws/firmware/mcu_ws/install/share/tinydir_vendor/cmake/../../../include  -march=armv8-a -mfpu=neon-fp-armv8 -mfloat-abi=hard -O3 -DNDEBUG   -Wall -std=gnu++14 -o CMakeFiles/lifecycle_msgs__rosidl_typesupport_c.dir/rosidl_typesupport_c/lifecycle_msgs/msg/transition__type_support.cpp.o -c /home/ubuntu/ROS2/microros_ws/firmware/mcu_ws/build/lifecycle_msgs/rosidl_typesupport_c/lifecycle_msgs/msg/transition__type_support.cpp
[100%] [32m[1mLinking CXX static library liblifecycle_msgs__rosidl_typesupport_c.a[0m
/usr/bin/cmake -P CMakeFiles/lifecycle_msgs__rosidl_typesupport_c.dir/cmake_clean_target.cmake
/usr/bin/cmake -E cmake_link_script CMakeFiles/lifecycle_msgs__rosidl_typesupport_c.dir/link.txt --verbose=1
/usr/bin/arm-linux-gnueabihf-ar qc liblifecycle_msgs__rosidl_typesupport_c.a  CMakeFiles/lifecycle_msgs__rosidl_typesupport_c.dir/rosidl_typesupport_c/lifecycle_msgs/msg/state__type_support.cpp.o CMakeFiles/lifecycle_msgs__rosidl_typesupport_c.dir/rosidl_typesupport_c/lifecycle_msgs/msg/transition__type_support.cpp.o CMakeFiles/lifecycle_msgs__rosidl_typesupport_c.dir/rosidl_typesupport_c/lifecycle_msgs/msg/transition_description__type_support.cpp.o CMakeFiles/lifecycle_msgs__rosidl_typesupport_c.dir/rosidl_typesupport_c/lifecycle_msgs/msg/transition_event__type_support.cpp.o CMakeFiles/lifecycle_msgs__rosidl_typesupport_c.dir/rosidl_typesupport_c/lifecycle_msgs/srv/change_state__type_support.cpp.o CMakeFiles/lifecycle_msgs__rosidl_typesupport_c.dir/rosidl_typesupport_c/lifecycle_msgs/srv/get_available_states__type_support.cpp.o CMakeFiles/lifecycle_msgs__rosidl_typesupport_c.dir/rosidl_typesupport_c/lifecycle_msgs/srv/get_available_transitions__type_support.cpp.o CMakeFiles/lifecycle_msgs__rosidl_typesupport_c.dir/rosidl_typesupport_c/lifecycle_msgs/srv/get_state__type_support.cpp.o
/usr/bin/arm-linux-gnueabihf-ranlib liblifecycle_msgs__rosidl_typesupport_c.a
make[2]: Leaving directory '/home/ubuntu/ROS2/microros_ws/firmware/mcu_ws/build/lifecycle_msgs'
[100%] Built target lifecycle_msgs__rosidl_typesupport_c
/usr/bin/make -f CMakeFiles/lifecycle_msgs.dir/build.make CMakeFiles/lifecycle_msgs.dir/depend
make[2]: Entering directory '/home/ubuntu/ROS2/microros_ws/firmware/mcu_ws/build/lifecycle_msgs'
cd /home/ubuntu/ROS2/microros_ws/firmware/mcu_ws/build/lifecycle_msgs && /usr/bin/cmake -E cmake_depends "Unix Makefiles" /home/ubuntu/ROS2/microros_ws/firmware/mcu_ws/ros2/rcl_interfaces/lifecycle_msgs /home/ubuntu/ROS2/microros_ws/firmware/mcu_ws/ros2/rcl_interfaces/lifecycle_msgs /home/ubuntu/ROS2/microros_ws/firmware/mcu_ws/build/lifecycle_msgs /home/ubuntu/ROS2/microros_ws/firmware/mcu_ws/build/lifecycle_msgs /home/ubuntu/ROS2/microros_ws/firmware/mcu_ws/build/lifecycle_msgs/CMakeFiles/lifecycle_msgs.dir/DependInfo.cmake --color=
Dependee "/home/ubuntu/ROS2/microros_ws/firmware/mcu_ws/build/lifecycle_msgs/CMakeFiles/lifecycle_msgs.dir/DependInfo.cmake" is newer than depender "/home/ubuntu/ROS2/microros_ws/firmware/mcu_ws/build/lifecycle_msgs/CMakeFiles/lifecycle_msgs.dir/depend.internal".
Dependee "/home/ubuntu/ROS2/microros_ws/firmware/mcu_ws/build/lifecycle_msgs/CMakeFiles/CMakeDirectoryInformation.cmake" is newer than depender "/home/ubuntu/ROS2/microros_ws/firmware/mcu_ws/build/lifecycle_msgs/CMakeFiles/lifecycle_msgs.dir/depend.internal".
[35m[1mScanning dependencies of target lifecycle_msgs[0m
make[2]: Leaving directory '/home/ubuntu/ROS2/microros_ws/firmware/mcu_ws/build/lifecycle_msgs'
/usr/bin/make -f CMakeFiles/lifecycle_msgs.dir/build.make CMakeFiles/lifecycle_msgs.dir/build
make[2]: Entering directory '/home/ubuntu/ROS2/microros_ws/firmware/mcu_ws/build/lifecycle_msgs'
make[2]: Nothing to be done for 'CMakeFiles/lifecycle_msgs.dir/build'.
make[2]: Leaving directory '/home/ubuntu/ROS2/microros_ws/firmware/mcu_ws/build/lifecycle_msgs'
[100%] Built target lifecycle_msgs
make[1]: Leaving directory '/home/ubuntu/ROS2/microros_ws/firmware/mcu_ws/build/lifecycle_msgs'
/usr/bin/cmake -E cmake_progress_start /home/ubuntu/ROS2/microros_ws/firmware/mcu_ws/build/lifecycle_msgs/CMakeFiles 0
-- Install configuration: "Release"
-- Installing: /home/ubuntu/ROS2/microros_ws/firmware/mcu_ws/install/share/ament_index/resource_index/rosidl_interfaces/lifecycle_msgs
-- Installing: /home/ubuntu/ROS2/microros_ws/firmware/mcu_ws/install/include/lifecycle_msgs
-- Installing: /home/ubuntu/ROS2/microros_ws/firmware/mcu_ws/install/include/lifecycle_msgs/msg
-- Installing: /home/ubuntu/ROS2/microros_ws/firmware/mcu_ws/install/include/lifecycle_msgs/msg/transition.h
-- Installing: /home/ubuntu/ROS2/microros_ws/firmware/mcu_ws/install/include/lifecycle_msgs/msg/state.h
-- Installing: /home/ubuntu/ROS2/microros_ws/firmware/mcu_ws/install/include/lifecycle_msgs/msg/transition_description.h
-- Installing: /home/ubuntu/ROS2/microros_ws/firmware/mcu_ws/install/include/lifecycle_msgs/msg/detail
-- Installing: /home/ubuntu/ROS2/microros_ws/firmware/mcu_ws/install/include/lifecycle_msgs/msg/detail/transition__struct.h
-- Installing: /home/ubuntu/ROS2/microros_ws/firmware/mcu_ws/install/include/lifecycle_msgs/msg/detail/state__type_support.h
-- Installing: /home/ubuntu/ROS2/microros_ws/firmware/mcu_ws/install/include/lifecycle_msgs/msg/detail/transition_event__struct.h
-- Installing: /home/ubuntu/ROS2/microros_ws/firmware/mcu_ws/install/include/lifecycle_msgs/msg/detail/transition__functions.h
-- Installing: /home/ubuntu/ROS2/microros_ws/firmware/mcu_ws/install/include/lifecycle_msgs/msg/detail/transition__type_support.h
-- Installing: /home/ubuntu/ROS2/microros_ws/firmware/mcu_ws/install/include/lifecycle_msgs/msg/detail/transition_description__functions.c
-- Installing: /home/ubuntu/ROS2/microros_ws/firmware/mcu_ws/install/include/lifecycle_msgs/msg/detail/state__functions.c
-- Installing: /home/ubuntu/ROS2/microros_ws/firmware/mcu_ws/install/include/lifecycle_msgs/msg/detail/transition_event__functions.h
-- Installing: /home/ubuntu/ROS2/microros_ws/firmware/mcu_ws/install/include/lifecycle_msgs/msg/detail/state__functions.h
-- Installing: /home/ubuntu/ROS2/microros_ws/firmware/mcu_ws/install/include/lifecycle_msgs/msg/detail/transition_event__type_support.h
-- Installing: /home/ubuntu/ROS2/microros_ws/firmware/mcu_ws/install/include/lifecycle_msgs/msg/detail/transition_event__functions.c
-- Installing: /home/ubuntu/ROS2/microros_ws/firmware/mcu_ws/install/include/lifecycle_msgs/msg/detail/transition_description__functions.h
-- Installing: /home/ubuntu/ROS2/microros_ws/firmware/mcu_ws/install/include/lifecycle_msgs/msg/detail/transition_description__struct.h
-- Installing: /home/ubuntu/ROS2/microros_ws/firmware/mcu_ws/install/include/lifecycle_msgs/msg/detail/transition_description__type_support.h
-- Installing: /home/ubuntu/ROS2/microros_ws/firmware/mcu_ws/install/include/lifecycle_msgs/msg/detail/transition__functions.c
-- Installing: /home/ubuntu/ROS2/microros_ws/firmware/mcu_ws/install/include/lifecycle_msgs/msg/detail/state__struct.h
-- Installing: /home/ubuntu/ROS2/microros_ws/firmware/mcu_ws/install/include/lifecycle_msgs/msg/rosidl_generator_c__visibility_control.h
-- Installing: /home/ubuntu/ROS2/microros_ws/firmware/mcu_ws/install/include/lifecycle_msgs/msg/transition_event.h
-- Installing: /home/ubuntu/ROS2/microros_ws/firmware/mcu_ws/install/include/lifecycle_msgs/srv
-- Installing: /home/ubuntu/ROS2/microros_ws/firmware/mcu_ws/install/include/lifecycle_msgs/srv/get_state.h
-- Installing: /home/ubuntu/ROS2/microros_ws/firmware/mcu_ws/install/include/lifecycle_msgs/srv/get_available_states.h
-- Installing: /home/ubuntu/ROS2/microros_ws/firmware/mcu_ws/install/include/lifecycle_msgs/srv/get_available_transitions.h
-- Installing: /home/ubuntu/ROS2/microros_ws/firmware/mcu_ws/install/include/lifecycle_msgs/srv/detail
-- Installing: /home/ubuntu/ROS2/microros_ws/firmware/mcu_ws/install/include/lifecycle_msgs/srv/detail/get_state__functions.h
-- Installing: /home/ubuntu/ROS2/microros_ws/firmware/mcu_ws/install/include/lifecycle_msgs/srv/detail/change_state__functions.h
-- Installing: /home/ubuntu/ROS2/microros_ws/firmware/mcu_ws/install/include/lifecycle_msgs/srv/detail/get_available_states__type_support.h
-- Installing: /home/ubuntu/ROS2/microros_ws/firmware/mcu_ws/install/include/lifecycle_msgs/srv/detail/get_available_transitions__struct.h
-- Installing: /home/ubuntu/ROS2/microros_ws/firmware/mcu_ws/install/include/lifecycle_msgs/srv/detail/get_state__functions.c
-- Installing: /home/ubuntu/ROS2/microros_ws/firmware/mcu_ws/install/include/lifecycle_msgs/srv/detail/get_available_states__struct.h
-- Installing: /home/ubuntu/ROS2/microros_ws/firmware/mcu_ws/install/include/lifecycle_msgs/srv/detail/get_state__type_support.h
-- Installing: /home/ubuntu/ROS2/microros_ws/firmware/mcu_ws/install/include/lifecycle_msgs/srv/detail/get_available_transitions__functions.c
-- Installing: /home/ubuntu/ROS2/microros_ws/firmware/mcu_ws/install/include/lifecycle_msgs/srv/detail/get_available_transitions__type_support.h
-- Installing: /home/ubuntu/ROS2/microros_ws/firmware/mcu_ws/install/include/lifecycle_msgs/srv/detail/change_state__type_support.h
-- Installing: /home/ubuntu/ROS2/microros_ws/firmware/mcu_ws/install/include/lifecycle_msgs/srv/detail/get_available_states__functions.c
-- Installing: /home/ubuntu/ROS2/microros_ws/firmware/mcu_ws/install/include/lifecycle_msgs/srv/detail/change_state__functions.c
-- Installing: /home/ubuntu/ROS2/microros_ws/firmware/mcu_ws/install/include/lifecycle_msgs/srv/detail/get_state__struct.h
-- Installing: /home/ubuntu/ROS2/microros_ws/firmware/mcu_ws/install/include/lifecycle_msgs/srv/detail/change_state__struct.h
-- Installing: /home/ubuntu/ROS2/microros_ws/firmware/mcu_ws/install/include/lifecycle_msgs/srv/detail/get_available_transitions__functions.h
-- Installing: /home/ubuntu/ROS2/microros_ws/firmware/mcu_ws/install/include/lifecycle_msgs/srv/detail/get_available_states__functions.h
-- Installing: /home/ubuntu/ROS2/microros_ws/firmware/mcu_ws/install/include/lifecycle_msgs/srv/change_state.h
-- Installing: /home/ubuntu/ROS2/microros_ws/firmware/mcu_ws/install/share/lifecycle_msgs/environment/library_path.sh
-- Installing: /home/ubuntu/ROS2/microros_ws/firmware/mcu_ws/install/share/lifecycle_msgs/environment/library_path.dsv
-- Installing: /home/ubuntu/ROS2/microros_ws/firmware/mcu_ws/install/lib/liblifecycle_msgs__rosidl_generator_c.a
-- Up-to-date: /home/ubuntu/ROS2/microros_ws/firmware/mcu_ws/install/include/lifecycle_msgs
-- Up-to-date: /home/ubuntu/ROS2/microros_ws/firmware/mcu_ws/install/include/lifecycle_msgs/msg
-- Installing: /home/ubuntu/ROS2/microros_ws/firmware/mcu_ws/install/include/lifecycle_msgs/msg/rosidl_typesupport_microxrcedds_c__visibility_control.h
-- Up-to-date: /home/ubuntu/ROS2/microros_ws/firmware/mcu_ws/install/include/lifecycle_msgs/msg/detail
-- Installing: /home/ubuntu/ROS2/microros_ws/firmware/mcu_ws/install/include/lifecycle_msgs/msg/detail/transition_event__rosidl_typesupport_microxrcedds_c.h
-- Installing: /home/ubuntu/ROS2/microros_ws/firmware/mcu_ws/install/include/lifecycle_msgs/msg/detail/state__rosidl_typesupport_microxrcedds_c.h
-- Installing: /home/ubuntu/ROS2/microros_ws/firmware/mcu_ws/install/include/lifecycle_msgs/msg/detail/microxrcedds
-- Installing: /home/ubuntu/ROS2/microros_ws/firmware/mcu_ws/install/include/lifecycle_msgs/msg/detail/transition__rosidl_typesupport_microxrcedds_c.h
-- Installing: /home/ubuntu/ROS2/microros_ws/firmware/mcu_ws/install/include/lifecycle_msgs/msg/detail/transition_description__rosidl_typesupport_microxrcedds_c.h
-- Up-to-date: /home/ubuntu/ROS2/microros_ws/firmware/mcu_ws/install/include/lifecycle_msgs/srv
-- Up-to-date: /home/ubuntu/ROS2/microros_ws/firmware/mcu_ws/install/include/lifecycle_msgs/srv/detail
-- Installing: /home/ubuntu/ROS2/microros_ws/firmware/mcu_ws/install/include/lifecycle_msgs/srv/detail/get_available_transitions__rosidl_typesupport_microxrcedds_c.h
-- Installing: /home/ubuntu/ROS2/microros_ws/firmware/mcu_ws/install/include/lifecycle_msgs/srv/detail/get_available_states__rosidl_typesupport_microxrcedds_c.h
-- Installing: /home/ubuntu/ROS2/microros_ws/firmware/mcu_ws/install/include/lifecycle_msgs/srv/detail/microxrcedds
-- Installing: /home/ubuntu/ROS2/microros_ws/firmware/mcu_ws/install/include/lifecycle_msgs/srv/detail/change_state__rosidl_typesupport_microxrcedds_c.h
-- Installing: /home/ubuntu/ROS2/microros_ws/firmware/mcu_ws/install/include/lifecycle_msgs/srv/detail/get_state__rosidl_typesupport_microxrcedds_c.h
-- Installing: /home/ubuntu/ROS2/microros_ws/firmware/mcu_ws/install/lib/liblifecycle_msgs__rosidl_typesupport_microxrcedds_c.a
-- Installing: /home/ubuntu/ROS2/microros_ws/firmware/mcu_ws/install/lib/liblifecycle_msgs__rosidl_typesupport_c.a
-- Up-to-date: /home/ubuntu/ROS2/microros_ws/firmware/mcu_ws/install/lib/liblifecycle_msgs__rosidl_typesupport_microxrcedds_c.a
-- Installing: /home/ubuntu/ROS2/microros_ws/firmware/mcu_ws/install/share/lifecycle_msgs/msg/State.idl
-- Installing: /home/ubuntu/ROS2/microros_ws/firmware/mcu_ws/install/share/lifecycle_msgs/msg/Transition.idl
-- Installing: /home/ubuntu/ROS2/microros_ws/firmware/mcu_ws/install/share/lifecycle_msgs/msg/TransitionDescription.idl
-- Installing: /home/ubuntu/ROS2/microros_ws/firmware/mcu_ws/install/share/lifecycle_msgs/msg/TransitionEvent.idl
-- Installing: /home/ubuntu/ROS2/microros_ws/firmware/mcu_ws/install/share/lifecycle_msgs/srv/ChangeState.idl
-- Installing: /home/ubuntu/ROS2/microros_ws/firmware/mcu_ws/install/share/lifecycle_msgs/srv/GetAvailableStates.idl
-- Installing: /home/ubuntu/ROS2/microros_ws/firmware/mcu_ws/install/share/lifecycle_msgs/srv/GetAvailableTransitions.idl
-- Installing: /home/ubuntu/ROS2/microros_ws/firmware/mcu_ws/install/share/lifecycle_msgs/srv/GetState.idl
-- Installing: /home/ubuntu/ROS2/microros_ws/firmware/mcu_ws/install/share/lifecycle_msgs/msg/State.msg
-- Installing: /home/ubuntu/ROS2/microros_ws/firmware/mcu_ws/install/share/lifecycle_msgs/msg/Transition.msg
-- Installing: /home/ubuntu/ROS2/microros_ws/firmware/mcu_ws/install/share/lifecycle_msgs/msg/TransitionDescription.msg
-- Installing: /home/ubuntu/ROS2/microros_ws/firmware/mcu_ws/install/share/lifecycle_msgs/msg/TransitionEvent.msg
-- Installing: /home/ubuntu/ROS2/microros_ws/firmware/mcu_ws/install/share/lifecycle_msgs/srv/ChangeState.srv
-- Installing: /home/ubuntu/ROS2/microros_ws/firmware/mcu_ws/install/share/lifecycle_msgs/srv/ChangeState_Request.msg
-- Installing: /home/ubuntu/ROS2/microros_ws/firmware/mcu_ws/install/share/lifecycle_msgs/srv/ChangeState_Response.msg
-- Installing: /home/ubuntu/ROS2/microros_ws/firmware/mcu_ws/install/share/lifecycle_msgs/srv/GetAvailableStates.srv
-- Installing: /home/ubuntu/ROS2/microros_ws/firmware/mcu_ws/install/share/lifecycle_msgs/srv/GetAvailableStates_Request.msg
-- Installing: /home/ubuntu/ROS2/microros_ws/firmware/mcu_ws/install/share/lifecycle_msgs/srv/GetAvailableStates_Response.msg
-- Installing: /home/ubuntu/ROS2/microros_ws/firmware/mcu_ws/install/share/lifecycle_msgs/srv/GetAvailableTransitions.srv
-- Installing: /home/ubuntu/ROS2/microros_ws/firmware/mcu_ws/install/share/lifecycle_msgs/srv/GetAvailableTransitions_Request.msg
-- Installing: /home/ubuntu/ROS2/microros_ws/firmware/mcu_ws/install/share/lifecycle_msgs/srv/GetAvailableTransitions_Response.msg
-- Installing: /home/ubuntu/ROS2/microros_ws/firmware/mcu_ws/install/share/lifecycle_msgs/srv/GetState.srv
-- Installing: /home/ubuntu/ROS2/microros_ws/firmware/mcu_ws/install/share/lifecycle_msgs/srv/GetState_Request.msg
-- Installing: /home/ubuntu/ROS2/microros_ws/firmware/mcu_ws/install/share/lifecycle_msgs/srv/GetState_Response.msg
-- Installing: /home/ubuntu/ROS2/microros_ws/firmware/mcu_ws/install/share/ament_index/resource_index/package_run_dependencies/lifecycle_msgs
-- Installing: /home/ubuntu/ROS2/microros_ws/firmware/mcu_ws/install/share/ament_index/resource_index/parent_prefix_path/lifecycle_msgs
-- Installing: /home/ubuntu/ROS2/microros_ws/firmware/mcu_ws/install/share/lifecycle_msgs/environment/ament_prefix_path.sh
-- Installing: /home/ubuntu/ROS2/microros_ws/firmware/mcu_ws/install/share/lifecycle_msgs/environment/ament_prefix_path.dsv
-- Installing: /home/ubuntu/ROS2/microros_ws/firmware/mcu_ws/install/share/lifecycle_msgs/environment/path.sh
-- Installing: /home/ubuntu/ROS2/microros_ws/firmware/mcu_ws/install/share/lifecycle_msgs/environment/path.dsv
-- Installing: /home/ubuntu/ROS2/microros_ws/firmware/mcu_ws/install/share/lifecycle_msgs/local_setup.bash
-- Installing: /home/ubuntu/ROS2/microros_ws/firmware/mcu_ws/install/share/lifecycle_msgs/local_setup.sh
-- Installing: /home/ubuntu/ROS2/microros_ws/firmware/mcu_ws/install/share/lifecycle_msgs/local_setup.zsh
-- Installing: /home/ubuntu/ROS2/microros_ws/firmware/mcu_ws/install/share/lifecycle_msgs/local_setup.dsv
-- Installing: /home/ubuntu/ROS2/microros_ws/firmware/mcu_ws/install/share/lifecycle_msgs/package.dsv
-- Installing: /home/ubuntu/ROS2/microros_ws/firmware/mcu_ws/install/share/ament_index/resource_index/packages/lifecycle_msgs
-- Installing: /home/ubuntu/ROS2/microros_ws/firmware/mcu_ws/install/share/lifecycle_msgs/cmake/lifecycle_msgs__rosidl_generator_cExport.cmake
-- Installing: /home/ubuntu/ROS2/microros_ws/firmware/mcu_ws/install/share/lifecycle_msgs/cmake/lifecycle_msgs__rosidl_generator_cExport-release.cmake
-- Installing: /home/ubuntu/ROS2/microros_ws/firmware/mcu_ws/install/share/lifecycle_msgs/cmake/lifecycle_msgs__rosidl_typesupport_cExport.cmake
-- Installing: /home/ubuntu/ROS2/microros_ws/firmware/mcu_ws/install/share/lifecycle_msgs/cmake/lifecycle_msgs__rosidl_typesupport_cExport-release.cmake
-- Installing: /home/ubuntu/ROS2/microros_ws/firmware/mcu_ws/install/share/lifecycle_msgs/cmake/rosidl_cmake-extras.cmake
-- Installing: /home/ubuntu/ROS2/microros_ws/firmware/mcu_ws/install/share/lifecycle_msgs/cmake/ament_cmake_export_dependencies-extras.cmake
-- Installing: /home/ubuntu/ROS2/microros_ws/firmware/mcu_ws/install/share/lifecycle_msgs/cmake/ament_cmake_export_libraries-extras.cmake
-- Installing: /home/ubuntu/ROS2/microros_ws/firmware/mcu_ws/install/share/lifecycle_msgs/cmake/ament_cmake_export_targets-extras.cmake
-- Installing: /home/ubuntu/ROS2/microros_ws/firmware/mcu_ws/install/share/lifecycle_msgs/cmake/ament_cmake_export_include_directories-extras.cmake
-- Installing: /home/ubuntu/ROS2/microros_ws/firmware/mcu_ws/install/share/lifecycle_msgs/cmake/rosidl_cmake_export_typesupport_libraries-extras.cmake
-- Installing: /home/ubuntu/ROS2/microros_ws/firmware/mcu_ws/install/share/lifecycle_msgs/cmake/lifecycle_msgsConfig.cmake
-- Installing: /home/ubuntu/ROS2/microros_ws/firmware/mcu_ws/install/share/lifecycle_msgs/cmake/lifecycle_msgsConfig-version.cmake
-- Installing: /home/ubuntu/ROS2/microros_ws/firmware/mcu_ws/install/share/lifecycle_msgs/package.xml
