[0.101s] Invoking command in '/home/ubuntu/ROS2/microros_ws/build/microcdr': /usr/bin/cmake /home/ubuntu/ROS2/microros_ws/src/eProsima/Micro-CDR -DBUILD_TESTING=OFF -DBUILD_SHARED_LIBS=ON -DUCDR_ISOLATED_INSTALL=OFF -DBUILD_SHARED_LIBS=ON -DCMAKE_INSTALL_PREFIX=/home/ubuntu/ROS2/microros_ws/install/microcdr
[0.161s] -- Setting build type to 'Release' as none was specified.
[0.475s] -- The C compiler identification is GNU 9.4.0
[0.500s] -- Check for working C compiler: /usr/bin/cc
[0.959s] -- Check for working C compiler: /usr/bin/cc -- works
[0.965s] -- Detecting C compiler ABI info
[1.297s] -- Detecting C compiler ABI info - done
[1.335s] -- Detecting C compile features
[1.337s] -- Detecting C compile features - done
[1.573s] -- The CXX compiler identification is GNU 9.4.0
[1.591s] -- Check for working CXX compiler: /usr/bin/c++
[1.939s] -- Check for working CXX compiler: /usr/bin/c++ -- works
[1.947s] -- Detecting CXX compiler ABI info
[2.303s] -- Detecting CXX compiler ABI info - done
[2.347s] -- Detecting CXX compile features
[2.348s] -- Detecting CXX compile features - done
[2.386s] -- Configuring done
[2.394s] -- Generating done
[2.396s] CMake Warning:
[2.396s]   Manually-specified variables were not used by the project:
[2.396s] 
[2.397s]     BUILD_TESTING
[2.397s] 
[2.398s] 
[2.398s] -- Build files have been written to: /home/ubuntu/ROS2/microros_ws/build/microcdr
[2.408s] Invoked command in '/home/ubuntu/ROS2/microros_ws/build/microcdr' returned '0': /usr/bin/cmake /home/ubuntu/ROS2/microros_ws/src/eProsima/Micro-CDR -DBUILD_TESTING=OFF -DBUILD_SHARED_LIBS=ON -DUCDR_ISOLATED_INSTALL=OFF -DBUILD_SHARED_LIBS=ON -DCMAKE_INSTALL_PREFIX=/home/ubuntu/ROS2/microros_ws/install/microcdr
[2.418s] Invoking command in '/home/ubuntu/ROS2/microros_ws/build/microcdr': /usr/bin/cmake --build /home/ubuntu/ROS2/microros_ws/build/microcdr -- -j4 -l4
[2.600s] [35m[1mScanning dependencies of target ucdr[0m
[2.649s] [ 12%] [34m[1mCreating directories for 'ucdr'[0m
[2.981s] [ 25%] [34m[1mNo download step for 'ucdr'[0m
[3.098s] [ 37%] [34m[1mNo patch step for 'ucdr'[0m
[3.101s] [ 50%] [34m[1mNo update step for 'ucdr'[0m
[3.216s] [ 62%] [34m[1mPerforming configure step for 'ucdr'[0m
[3.260s] loading initial cache file /home/ubuntu/ROS2/microros_ws/build/microcdr/ucdr-prefix/tmp/ucdr-cache-Release.cmake
[3.298s] -- Configuring done
[3.317s] -- Generating done
[3.320s] -- Build files have been written to: /home/ubuntu/ROS2/microros_ws/build/microcdr
[3.399s] [ 75%] [34m[1mPerforming build step for 'ucdr'[0m
[3.544s] [35m[1mScanning dependencies of target microcdr[0m
[3.603s] [ 16%] [32mBuilding C object CMakeFiles/microcdr.dir/src/c/common.c.o[0m
[3.613s] [ 33%] [32mBuilding C object CMakeFiles/microcdr.dir/src/c/types/basic.c.o[0m
[3.616s] [ 50%] [32mBuilding C object CMakeFiles/microcdr.dir/src/c/types/string.c.o[0m
[3.620s] [ 66%] [32mBuilding C object CMakeFiles/microcdr.dir/src/c/types/array.c.o[0m
[3.896s] [ 83%] [32mBuilding C object CMakeFiles/microcdr.dir/src/c/types/sequence.c.o[0m
[6.162s] [100%] [32m[1mLinking C shared library libmicrocdr.so[0m
[6.406s] [100%] Built target microcdr
[6.519s] [34m[1mNo install step for 'ucdr'[0m
[6.640s] [34m[1mCompleted 'ucdr'[0m
[6.799s] Built target ucdr
[6.841s] Invoked command in '/home/ubuntu/ROS2/microros_ws/build/microcdr' returned '0': /usr/bin/cmake --build /home/ubuntu/ROS2/microros_ws/build/microcdr -- -j4 -l4
[7.083s] Invoking command in '/home/ubuntu/ROS2/microros_ws/build/microcdr': /usr/bin/cmake --install /home/ubuntu/ROS2/microros_ws/build/microcdr
[7.125s] -- Install configuration: "Release"
[7.126s] -- Installing: /home/ubuntu/ROS2/microros_ws/install/microcdr/lib/libmicrocdr.so.2.0.1
[7.128s] -- Installing: /home/ubuntu/ROS2/microros_ws/install/microcdr/lib/libmicrocdr.so.2.0
[7.128s] -- Installing: /home/ubuntu/ROS2/microros_ws/install/microcdr/lib/libmicrocdr.so
[7.129s] -- Installing: /home/ubuntu/ROS2/microros_ws/install/microcdr/include/ucdr
[7.129s] -- Installing: /home/ubuntu/ROS2/microros_ws/install/microcdr/include/ucdr/microcdr.h
[7.130s] -- Installing: /home/ubuntu/ROS2/microros_ws/install/microcdr/include/ucdr/visibility.h
[7.131s] -- Installing: /home/ubuntu/ROS2/microros_ws/install/microcdr/include/ucdr/config.h
[7.133s] -- Installing: /home/ubuntu/ROS2/microros_ws/install/microcdr/share/microcdr/cmake/microcdrTargets.cmake
[7.134s] -- Installing: /home/ubuntu/ROS2/microros_ws/install/microcdr/share/microcdr/cmake/microcdrTargets-release.cmake
[7.135s] -- Installing: /home/ubuntu/ROS2/microros_ws/install/microcdr/share/microcdr/cmake/microcdrConfig.cmake
[7.136s] -- Installing: /home/ubuntu/ROS2/microros_ws/install/microcdr/share/microcdr/cmake/microcdrConfigVersion.cmake
[7.142s] Invoked command in '/home/ubuntu/ROS2/microros_ws/build/microcdr' returned '0': /usr/bin/cmake --install /home/ubuntu/ROS2/microros_ws/build/microcdr
