Not searching for unused variables given on the command line.
-- The C compiler identification is GNU 9.4.0
-- The CXX compiler identification is GNU 9.4.0
-- Check for working C compiler: /usr/bin/arm-linux-gnueabihf-gcc
-- Check for working C compiler: /usr/bin/arm-linux-gnueabihf-gcc -- works
-- Detecting C compiler ABI info
-- Detecting C compiler ABI info - done
-- Detecting C compile features
-- Detecting C compile features - done
-- Check for working CXX compiler: /usr/bin/arm-linux-gnueabihf-g++
-- Check for working CXX compiler: /usr/bin/arm-linux-gnueabihf-g++ -- works
-- Detecting CXX compiler ABI info
-- Detecting CXX compiler ABI info - done
-- Detecting CXX compile features
-- Detecting CXX compile features - done
-- Found ament_cmake: 0.9.12 (/home/ubuntu/ROS2/microros_ws/firmware/dev_ws/install/ament_cmake/share/ament_cmake/cmake)
-- Found PythonInterp: /usr/bin/python3 (found suitable version "3.8.10", minimum required is "3") 
-- Using PYTHON_EXECUTABLE: /usr/bin/python3
-- Found rosidl_default_generators: 1.0.1 (/home/ubuntu/ROS2/microros_ws/firmware/mcu_ws/install/share/rosidl_default_generators/cmake)
-- Using single rosidl_typesupport_c: rosidl_typesupport_microxrcedds_c
-- Found rosidl_adapter: 1.3.1 (/home/ubuntu/ROS2/microros_ws/firmware/mcu_ws/install/share/rosidl_adapter/cmake)
-- Found PythonInterp: /usr/bin/python3 (found version "3.8.10") 
-- Found ament_cmake_ros: 0.9.2 (/home/ubuntu/ROS2/microros_ws/firmware/dev_ws/install/ament_cmake_ros/share/ament_cmake_ros/cmake)
-- Using single rosidl_typesupport_c: rosidl_typesupport_microxrcedds_c
-- Configuring done
-- Generating done
-- Build files have been written to: /home/ubuntu/ROS2/microros_ws/firmware/mcu_ws/build/micro_ros_msgs
/usr/bin/cmake -S/home/ubuntu/ROS2/microros_ws/firmware/mcu_ws/uros/micro_ros_msgs -B/home/ubuntu/ROS2/microros_ws/firmware/mcu_ws/build/micro_ros_msgs --check-build-system CMakeFiles/Makefile.cmake 0
/usr/bin/cmake -E cmake_progress_start /home/ubuntu/ROS2/microros_ws/firmware/mcu_ws/build/micro_ros_msgs/CMakeFiles /home/ubuntu/ROS2/microros_ws/firmware/mcu_ws/build/micro_ros_msgs/CMakeFiles/progress.marks
/usr/bin/make -f CMakeFiles/Makefile2 all
make[1]: Entering directory '/home/ubuntu/ROS2/microros_ws/firmware/mcu_ws/build/micro_ros_msgs'
/usr/bin/make -f CMakeFiles/micro_ros_msgs__rosidl_generator_c.dir/build.make CMakeFiles/micro_ros_msgs__rosidl_generator_c.dir/depend
make[2]: Entering directory '/home/ubuntu/ROS2/microros_ws/firmware/mcu_ws/build/micro_ros_msgs'
[  6%] [34m[1mGenerating C code for ROS interfaces[0m
/usr/bin/python3 /home/ubuntu/ROS2/microros_ws/firmware/mcu_ws/install/share/rosidl_generator_c/cmake/../../../lib/rosidl_generator_c/rosidl_generator_c --generator-arguments-file /home/ubuntu/ROS2/microros_ws/firmware/mcu_ws/build/micro_ros_msgs/rosidl_generator_c__arguments.json
cd /home/ubuntu/ROS2/microros_ws/firmware/mcu_ws/build/micro_ros_msgs && /usr/bin/cmake -E cmake_depends "Unix Makefiles" /home/ubuntu/ROS2/microros_ws/firmware/mcu_ws/uros/micro_ros_msgs /home/ubuntu/ROS2/microros_ws/firmware/mcu_ws/uros/micro_ros_msgs /home/ubuntu/ROS2/microros_ws/firmware/mcu_ws/build/micro_ros_msgs /home/ubuntu/ROS2/microros_ws/firmware/mcu_ws/build/micro_ros_msgs /home/ubuntu/ROS2/microros_ws/firmware/mcu_ws/build/micro_ros_msgs/CMakeFiles/micro_ros_msgs__rosidl_generator_c.dir/DependInfo.cmake --color=
Dependee "/home/ubuntu/ROS2/microros_ws/firmware/mcu_ws/build/micro_ros_msgs/CMakeFiles/micro_ros_msgs__rosidl_generator_c.dir/DependInfo.cmake" is newer than depender "/home/ubuntu/ROS2/microros_ws/firmware/mcu_ws/build/micro_ros_msgs/CMakeFiles/micro_ros_msgs__rosidl_generator_c.dir/depend.internal".
Dependee "/home/ubuntu/ROS2/microros_ws/firmware/mcu_ws/build/micro_ros_msgs/CMakeFiles/CMakeDirectoryInformation.cmake" is newer than depender "/home/ubuntu/ROS2/microros_ws/firmware/mcu_ws/build/micro_ros_msgs/CMakeFiles/micro_ros_msgs__rosidl_generator_c.dir/depend.internal".
[35m[1mScanning dependencies of target micro_ros_msgs__rosidl_generator_c[0m
make[2]: Leaving directory '/home/ubuntu/ROS2/microros_ws/firmware/mcu_ws/build/micro_ros_msgs'
/usr/bin/make -f CMakeFiles/micro_ros_msgs__rosidl_generator_c.dir/build.make CMakeFiles/micro_ros_msgs__rosidl_generator_c.dir/build
make[2]: Entering directory '/home/ubuntu/ROS2/microros_ws/firmware/mcu_ws/build/micro_ros_msgs'
[ 13%] [32mBuilding C object CMakeFiles/micro_ros_msgs__rosidl_generator_c.dir/rosidl_generator_c/micro_ros_msgs/msg/detail/graph__functions.c.o[0m
/usr/bin/arm-linux-gnueabihf-gcc -DROS_PACKAGE_NAME=\"micro_ros_msgs\" -I/home/ubuntu/ROS2/microros_ws/firmware/mcu_ws/build/micro_ros_msgs/rosidl_generator_c -isystem /home/ubuntu/ROS2/microros_ws/firmware/mcu_ws/install/include -isystem /home/ubuntu/ROS2/microros_ws/firmware/mcu_ws/install/share/tinydir_vendor/cmake/../../../include  -march=armv8-a -mfpu=neon-fp-armv8 -mfloat-abi=hard -O3 -DNDEBUG   -Wall -std=gnu11 -o CMakeFiles/micro_ros_msgs__rosidl_generator_c.dir/rosidl_generator_c/micro_ros_msgs/msg/detail/graph__functions.c.o   -c /home/ubuntu/ROS2/microros_ws/firmware/mcu_ws/build/micro_ros_msgs/rosidl_generator_c/micro_ros_msgs/msg/detail/graph__functions.c
[ 20%] [32mBuilding C object CMakeFiles/micro_ros_msgs__rosidl_generator_c.dir/rosidl_generator_c/micro_ros_msgs/msg/detail/entity__functions.c.o[0m
/usr/bin/arm-linux-gnueabihf-gcc -DROS_PACKAGE_NAME=\"micro_ros_msgs\" -I/home/ubuntu/ROS2/microros_ws/firmware/mcu_ws/build/micro_ros_msgs/rosidl_generator_c -isystem /home/ubuntu/ROS2/microros_ws/firmware/mcu_ws/install/include -isystem /home/ubuntu/ROS2/microros_ws/firmware/mcu_ws/install/share/tinydir_vendor/cmake/../../../include  -march=armv8-a -mfpu=neon-fp-armv8 -mfloat-abi=hard -O3 -DNDEBUG   -Wall -std=gnu11 -o CMakeFiles/micro_ros_msgs__rosidl_generator_c.dir/rosidl_generator_c/micro_ros_msgs/msg/detail/entity__functions.c.o   -c /home/ubuntu/ROS2/microros_ws/firmware/mcu_ws/build/micro_ros_msgs/rosidl_generator_c/micro_ros_msgs/msg/detail/entity__functions.c
[ 26%] [32mBuilding C object CMakeFiles/micro_ros_msgs__rosidl_generator_c.dir/rosidl_generator_c/micro_ros_msgs/msg/detail/node__functions.c.o[0m
/usr/bin/arm-linux-gnueabihf-gcc -DROS_PACKAGE_NAME=\"micro_ros_msgs\" -I/home/ubuntu/ROS2/microros_ws/firmware/mcu_ws/build/micro_ros_msgs/rosidl_generator_c -isystem /home/ubuntu/ROS2/microros_ws/firmware/mcu_ws/install/include -isystem /home/ubuntu/ROS2/microros_ws/firmware/mcu_ws/install/share/tinydir_vendor/cmake/../../../include  -march=armv8-a -mfpu=neon-fp-armv8 -mfloat-abi=hard -O3 -DNDEBUG   -Wall -std=gnu11 -o CMakeFiles/micro_ros_msgs__rosidl_generator_c.dir/rosidl_generator_c/micro_ros_msgs/msg/detail/node__functions.c.o   -c /home/ubuntu/ROS2/microros_ws/firmware/mcu_ws/build/micro_ros_msgs/rosidl_generator_c/micro_ros_msgs/msg/detail/node__functions.c
[ 33%] [32m[1mLinking C static library libmicro_ros_msgs__rosidl_generator_c.a[0m
/usr/bin/cmake -P CMakeFiles/micro_ros_msgs__rosidl_generator_c.dir/cmake_clean_target.cmake
/usr/bin/cmake -E cmake_link_script CMakeFiles/micro_ros_msgs__rosidl_generator_c.dir/link.txt --verbose=1
/usr/bin/arm-linux-gnueabihf-ar qc libmicro_ros_msgs__rosidl_generator_c.a  CMakeFiles/micro_ros_msgs__rosidl_generator_c.dir/rosidl_generator_c/micro_ros_msgs/msg/detail/graph__functions.c.o CMakeFiles/micro_ros_msgs__rosidl_generator_c.dir/rosidl_generator_c/micro_ros_msgs/msg/detail/node__functions.c.o CMakeFiles/micro_ros_msgs__rosidl_generator_c.dir/rosidl_generator_c/micro_ros_msgs/msg/detail/entity__functions.c.o
/usr/bin/arm-linux-gnueabihf-ranlib libmicro_ros_msgs__rosidl_generator_c.a
make[2]: Leaving directory '/home/ubuntu/ROS2/microros_ws/firmware/mcu_ws/build/micro_ros_msgs'
[ 33%] Built target micro_ros_msgs__rosidl_generator_c
/usr/bin/make -f CMakeFiles/micro_ros_msgs__rosidl_typesupport_microxrcedds_c.dir/build.make CMakeFiles/micro_ros_msgs__rosidl_typesupport_microxrcedds_c.dir/depend
make[2]: Entering directory '/home/ubuntu/ROS2/microros_ws/firmware/mcu_ws/build/micro_ros_msgs'
[ 40%] [34m[1mGenerating C type support for eProsima Micro XRCE-DDS[0m
/usr/bin/python3 /home/ubuntu/ROS2/microros_ws/firmware/mcu_ws/install/lib/rosidl_typesupport_microxrcedds_c/rosidl_typesupport_microxrcedds_c --generator-arguments-file /home/ubuntu/ROS2/microros_ws/firmware/mcu_ws/build/micro_ros_msgs/rosidl_typesupport_microxrcedds_c__arguments.json
cd /home/ubuntu/ROS2/microros_ws/firmware/mcu_ws/build/micro_ros_msgs && /usr/bin/cmake -E cmake_depends "Unix Makefiles" /home/ubuntu/ROS2/microros_ws/firmware/mcu_ws/uros/micro_ros_msgs /home/ubuntu/ROS2/microros_ws/firmware/mcu_ws/uros/micro_ros_msgs /home/ubuntu/ROS2/microros_ws/firmware/mcu_ws/build/micro_ros_msgs /home/ubuntu/ROS2/microros_ws/firmware/mcu_ws/build/micro_ros_msgs /home/ubuntu/ROS2/microros_ws/firmware/mcu_ws/build/micro_ros_msgs/CMakeFiles/micro_ros_msgs__rosidl_typesupport_microxrcedds_c.dir/DependInfo.cmake --color=
Dependee "/home/ubuntu/ROS2/microros_ws/firmware/mcu_ws/build/micro_ros_msgs/CMakeFiles/micro_ros_msgs__rosidl_typesupport_microxrcedds_c.dir/DependInfo.cmake" is newer than depender "/home/ubuntu/ROS2/microros_ws/firmware/mcu_ws/build/micro_ros_msgs/CMakeFiles/micro_ros_msgs__rosidl_typesupport_microxrcedds_c.dir/depend.internal".
Dependee "/home/ubuntu/ROS2/microros_ws/firmware/mcu_ws/build/micro_ros_msgs/CMakeFiles/CMakeDirectoryInformation.cmake" is newer than depender "/home/ubuntu/ROS2/microros_ws/firmware/mcu_ws/build/micro_ros_msgs/CMakeFiles/micro_ros_msgs__rosidl_typesupport_microxrcedds_c.dir/depend.internal".
[35m[1mScanning dependencies of target micro_ros_msgs__rosidl_typesupport_microxrcedds_c[0m
make[2]: Leaving directory '/home/ubuntu/ROS2/microros_ws/firmware/mcu_ws/build/micro_ros_msgs'
/usr/bin/make -f CMakeFiles/micro_ros_msgs__rosidl_typesupport_microxrcedds_c.dir/build.make CMakeFiles/micro_ros_msgs__rosidl_typesupport_microxrcedds_c.dir/build
make[2]: Entering directory '/home/ubuntu/ROS2/microros_ws/firmware/mcu_ws/build/micro_ros_msgs'
[ 46%] [32mBuilding C object CMakeFiles/micro_ros_msgs__rosidl_typesupport_microxrcedds_c.dir/rosidl_typesupport_microxrcedds_c/micro_ros_msgs/msg/detail/microxrcedds/graph__type_support_c.c.o[0m
/usr/bin/arm-linux-gnueabihf-gcc -DROS_PACKAGE_NAME=\"micro_ros_msgs\" -I/home/ubuntu/ROS2/microros_ws/firmware/mcu_ws/build/micro_ros_msgs/rosidl_generator_c -I/home/ubuntu/ROS2/microros_ws/firmware/mcu_ws/build/micro_ros_msgs/rosidl_typesupport_microxrcedds_c -isystem /home/ubuntu/ROS2/microros_ws/firmware/mcu_ws/install/include -isystem /home/ubuntu/ROS2/microros_ws/firmware/mcu_ws/install/share/tinydir_vendor/cmake/../../../include  -march=armv8-a -mfpu=neon-fp-armv8 -mfloat-abi=hard -O3 -DNDEBUG   -Wall -Wextra -Wpedantic -std=gnu99 -o CMakeFiles/micro_ros_msgs__rosidl_typesupport_microxrcedds_c.dir/rosidl_typesupport_microxrcedds_c/micro_ros_msgs/msg/detail/microxrcedds/graph__type_support_c.c.o   -c /home/ubuntu/ROS2/microros_ws/firmware/mcu_ws/build/micro_ros_msgs/rosidl_typesupport_microxrcedds_c/micro_ros_msgs/msg/detail/microxrcedds/graph__type_support_c.c
[ 53%] [32mBuilding C object CMakeFiles/micro_ros_msgs__rosidl_typesupport_microxrcedds_c.dir/rosidl_typesupport_microxrcedds_c/micro_ros_msgs/msg/detail/microxrcedds/entity__type_support_c.c.o[0m
/usr/bin/arm-linux-gnueabihf-gcc -DROS_PACKAGE_NAME=\"micro_ros_msgs\" -I/home/ubuntu/ROS2/microros_ws/firmware/mcu_ws/build/micro_ros_msgs/rosidl_generator_c -I/home/ubuntu/ROS2/microros_ws/firmware/mcu_ws/build/micro_ros_msgs/rosidl_typesupport_microxrcedds_c -isystem /home/ubuntu/ROS2/microros_ws/firmware/mcu_ws/install/include -isystem /home/ubuntu/ROS2/microros_ws/firmware/mcu_ws/install/share/tinydir_vendor/cmake/../../../include  -march=armv8-a -mfpu=neon-fp-armv8 -mfloat-abi=hard -O3 -DNDEBUG   -Wall -Wextra -Wpedantic -std=gnu99 -o CMakeFiles/micro_ros_msgs__rosidl_typesupport_microxrcedds_c.dir/rosidl_typesupport_microxrcedds_c/micro_ros_msgs/msg/detail/microxrcedds/entity__type_support_c.c.o   -c /home/ubuntu/ROS2/microros_ws/firmware/mcu_ws/build/micro_ros_msgs/rosidl_typesupport_microxrcedds_c/micro_ros_msgs/msg/detail/microxrcedds/entity__type_support_c.c
[ 60%] [32mBuilding C object CMakeFiles/micro_ros_msgs__rosidl_typesupport_microxrcedds_c.dir/rosidl_typesupport_microxrcedds_c/micro_ros_msgs/msg/detail/microxrcedds/node__type_support_c.c.o[0m
/usr/bin/arm-linux-gnueabihf-gcc -DROS_PACKAGE_NAME=\"micro_ros_msgs\" -I/home/ubuntu/ROS2/microros_ws/firmware/mcu_ws/build/micro_ros_msgs/rosidl_generator_c -I/home/ubuntu/ROS2/microros_ws/firmware/mcu_ws/build/micro_ros_msgs/rosidl_typesupport_microxrcedds_c -isystem /home/ubuntu/ROS2/microros_ws/firmware/mcu_ws/install/include -isystem /home/ubuntu/ROS2/microros_ws/firmware/mcu_ws/install/share/tinydir_vendor/cmake/../../../include  -march=armv8-a -mfpu=neon-fp-armv8 -mfloat-abi=hard -O3 -DNDEBUG   -Wall -Wextra -Wpedantic -std=gnu99 -o CMakeFiles/micro_ros_msgs__rosidl_typesupport_microxrcedds_c.dir/rosidl_typesupport_microxrcedds_c/micro_ros_msgs/msg/detail/microxrcedds/node__type_support_c.c.o   -c /home/ubuntu/ROS2/microros_ws/firmware/mcu_ws/build/micro_ros_msgs/rosidl_typesupport_microxrcedds_c/micro_ros_msgs/msg/detail/microxrcedds/node__type_support_c.c
[ 66%] [32m[1mLinking C static library libmicro_ros_msgs__rosidl_typesupport_microxrcedds_c.a[0m
/usr/bin/cmake -P CMakeFiles/micro_ros_msgs__rosidl_typesupport_microxrcedds_c.dir/cmake_clean_target.cmake
/usr/bin/cmake -E cmake_link_script CMakeFiles/micro_ros_msgs__rosidl_typesupport_microxrcedds_c.dir/link.txt --verbose=1
/usr/bin/arm-linux-gnueabihf-ar qc libmicro_ros_msgs__rosidl_typesupport_microxrcedds_c.a  CMakeFiles/micro_ros_msgs__rosidl_typesupport_microxrcedds_c.dir/rosidl_typesupport_microxrcedds_c/micro_ros_msgs/msg/detail/microxrcedds/graph__type_support_c.c.o CMakeFiles/micro_ros_msgs__rosidl_typesupport_microxrcedds_c.dir/rosidl_typesupport_microxrcedds_c/micro_ros_msgs/msg/detail/microxrcedds/node__type_support_c.c.o CMakeFiles/micro_ros_msgs__rosidl_typesupport_microxrcedds_c.dir/rosidl_typesupport_microxrcedds_c/micro_ros_msgs/msg/detail/microxrcedds/entity__type_support_c.c.o
/usr/bin/arm-linux-gnueabihf-ranlib libmicro_ros_msgs__rosidl_typesupport_microxrcedds_c.a
make[2]: Leaving directory '/home/ubuntu/ROS2/microros_ws/firmware/mcu_ws/build/micro_ros_msgs'
[ 66%] Built target micro_ros_msgs__rosidl_typesupport_microxrcedds_c
/usr/bin/make -f CMakeFiles/micro_ros_msgs__rosidl_typesupport_c.dir/build.make CMakeFiles/micro_ros_msgs__rosidl_typesupport_c.dir/depend
make[2]: Entering directory '/home/ubuntu/ROS2/microros_ws/firmware/mcu_ws/build/micro_ros_msgs'
[ 73%] [34m[1mGenerating C type support dispatch for ROS interfaces[0m
/usr/bin/python3 /home/ubuntu/ROS2/microros_ws/firmware/mcu_ws/install/lib/rosidl_typesupport_c/rosidl_typesupport_c --generator-arguments-file /home/ubuntu/ROS2/microros_ws/firmware/mcu_ws/build/micro_ros_msgs/rosidl_typesupport_c__arguments.json --typesupports rosidl_typesupport_microxrcedds_c
cd /home/ubuntu/ROS2/microros_ws/firmware/mcu_ws/build/micro_ros_msgs && /usr/bin/cmake -E cmake_depends "Unix Makefiles" /home/ubuntu/ROS2/microros_ws/firmware/mcu_ws/uros/micro_ros_msgs /home/ubuntu/ROS2/microros_ws/firmware/mcu_ws/uros/micro_ros_msgs /home/ubuntu/ROS2/microros_ws/firmware/mcu_ws/build/micro_ros_msgs /home/ubuntu/ROS2/microros_ws/firmware/mcu_ws/build/micro_ros_msgs /home/ubuntu/ROS2/microros_ws/firmware/mcu_ws/build/micro_ros_msgs/CMakeFiles/micro_ros_msgs__rosidl_typesupport_c.dir/DependInfo.cmake --color=
Dependee "/home/ubuntu/ROS2/microros_ws/firmware/mcu_ws/build/micro_ros_msgs/CMakeFiles/micro_ros_msgs__rosidl_typesupport_c.dir/DependInfo.cmake" is newer than depender "/home/ubuntu/ROS2/microros_ws/firmware/mcu_ws/build/micro_ros_msgs/CMakeFiles/micro_ros_msgs__rosidl_typesupport_c.dir/depend.internal".
Dependee "/home/ubuntu/ROS2/microros_ws/firmware/mcu_ws/build/micro_ros_msgs/CMakeFiles/CMakeDirectoryInformation.cmake" is newer than depender "/home/ubuntu/ROS2/microros_ws/firmware/mcu_ws/build/micro_ros_msgs/CMakeFiles/micro_ros_msgs__rosidl_typesupport_c.dir/depend.internal".
[35m[1mScanning dependencies of target micro_ros_msgs__rosidl_typesupport_c[0m
make[2]: Leaving directory '/home/ubuntu/ROS2/microros_ws/firmware/mcu_ws/build/micro_ros_msgs'
/usr/bin/make -f CMakeFiles/micro_ros_msgs__rosidl_typesupport_c.dir/build.make CMakeFiles/micro_ros_msgs__rosidl_typesupport_c.dir/build
make[2]: Entering directory '/home/ubuntu/ROS2/microros_ws/firmware/mcu_ws/build/micro_ros_msgs'
[ 80%] [32mBuilding CXX object CMakeFiles/micro_ros_msgs__rosidl_typesupport_c.dir/rosidl_typesupport_c/micro_ros_msgs/msg/graph__type_support.cpp.o[0m
/usr/bin/arm-linux-gnueabihf-g++  -DROS_PACKAGE_NAME=\"micro_ros_msgs\" -I/home/ubuntu/ROS2/microros_ws/firmware/mcu_ws/build/micro_ros_msgs/rosidl_generator_c -I/home/ubuntu/ROS2/microros_ws/firmware/mcu_ws/build/micro_ros_msgs/rosidl_typesupport_c -I/home/ubuntu/ROS2/microros_ws/firmware/mcu_ws/build/micro_ros_msgs/rosidl_typesupport_microxrcedds_c -isystem /home/ubuntu/ROS2/microros_ws/firmware/mcu_ws/install/include -isystem /home/ubuntu/ROS2/microros_ws/firmware/mcu_ws/install/share/tinydir_vendor/cmake/../../../include  -march=armv8-a -mfpu=neon-fp-armv8 -mfloat-abi=hard -O3 -DNDEBUG   -Wall -std=gnu++14 -o CMakeFiles/micro_ros_msgs__rosidl_typesupport_c.dir/rosidl_typesupport_c/micro_ros_msgs/msg/graph__type_support.cpp.o -c /home/ubuntu/ROS2/microros_ws/firmware/mcu_ws/build/micro_ros_msgs/rosidl_typesupport_c/micro_ros_msgs/msg/graph__type_support.cpp
[ 86%] [32mBuilding CXX object CMakeFiles/micro_ros_msgs__rosidl_typesupport_c.dir/rosidl_typesupport_c/micro_ros_msgs/msg/entity__type_support.cpp.o[0m
/usr/bin/arm-linux-gnueabihf-g++  -DROS_PACKAGE_NAME=\"micro_ros_msgs\" -I/home/ubuntu/ROS2/microros_ws/firmware/mcu_ws/build/micro_ros_msgs/rosidl_generator_c -I/home/ubuntu/ROS2/microros_ws/firmware/mcu_ws/build/micro_ros_msgs/rosidl_typesupport_c -I/home/ubuntu/ROS2/microros_ws/firmware/mcu_ws/build/micro_ros_msgs/rosidl_typesupport_microxrcedds_c -isystem /home/ubuntu/ROS2/microros_ws/firmware/mcu_ws/install/include -isystem /home/ubuntu/ROS2/microros_ws/firmware/mcu_ws/install/share/tinydir_vendor/cmake/../../../include  -march=armv8-a -mfpu=neon-fp-armv8 -mfloat-abi=hard -O3 -DNDEBUG   -Wall -std=gnu++14 -o CMakeFiles/micro_ros_msgs__rosidl_typesupport_c.dir/rosidl_typesupport_c/micro_ros_msgs/msg/entity__type_support.cpp.o -c /home/ubuntu/ROS2/microros_ws/firmware/mcu_ws/build/micro_ros_msgs/rosidl_typesupport_c/micro_ros_msgs/msg/entity__type_support.cpp
[ 93%] [32mBuilding CXX object CMakeFiles/micro_ros_msgs__rosidl_typesupport_c.dir/rosidl_typesupport_c/micro_ros_msgs/msg/node__type_support.cpp.o[0m
/usr/bin/arm-linux-gnueabihf-g++  -DROS_PACKAGE_NAME=\"micro_ros_msgs\" -I/home/ubuntu/ROS2/microros_ws/firmware/mcu_ws/build/micro_ros_msgs/rosidl_generator_c -I/home/ubuntu/ROS2/microros_ws/firmware/mcu_ws/build/micro_ros_msgs/rosidl_typesupport_c -I/home/ubuntu/ROS2/microros_ws/firmware/mcu_ws/build/micro_ros_msgs/rosidl_typesupport_microxrcedds_c -isystem /home/ubuntu/ROS2/microros_ws/firmware/mcu_ws/install/include -isystem /home/ubuntu/ROS2/microros_ws/firmware/mcu_ws/install/share/tinydir_vendor/cmake/../../../include  -march=armv8-a -mfpu=neon-fp-armv8 -mfloat-abi=hard -O3 -DNDEBUG   -Wall -std=gnu++14 -o CMakeFiles/micro_ros_msgs__rosidl_typesupport_c.dir/rosidl_typesupport_c/micro_ros_msgs/msg/node__type_support.cpp.o -c /home/ubuntu/ROS2/microros_ws/firmware/mcu_ws/build/micro_ros_msgs/rosidl_typesupport_c/micro_ros_msgs/msg/node__type_support.cpp
[100%] [32m[1mLinking CXX static library libmicro_ros_msgs__rosidl_typesupport_c.a[0m
/usr/bin/cmake -P CMakeFiles/micro_ros_msgs__rosidl_typesupport_c.dir/cmake_clean_target.cmake
/usr/bin/cmake -E cmake_link_script CMakeFiles/micro_ros_msgs__rosidl_typesupport_c.dir/link.txt --verbose=1
/usr/bin/arm-linux-gnueabihf-ar qc libmicro_ros_msgs__rosidl_typesupport_c.a  CMakeFiles/micro_ros_msgs__rosidl_typesupport_c.dir/rosidl_typesupport_c/micro_ros_msgs/msg/graph__type_support.cpp.o CMakeFiles/micro_ros_msgs__rosidl_typesupport_c.dir/rosidl_typesupport_c/micro_ros_msgs/msg/node__type_support.cpp.o CMakeFiles/micro_ros_msgs__rosidl_typesupport_c.dir/rosidl_typesupport_c/micro_ros_msgs/msg/entity__type_support.cpp.o
/usr/bin/arm-linux-gnueabihf-ranlib libmicro_ros_msgs__rosidl_typesupport_c.a
make[2]: Leaving directory '/home/ubuntu/ROS2/microros_ws/firmware/mcu_ws/build/micro_ros_msgs'
[100%] Built target micro_ros_msgs__rosidl_typesupport_c
/usr/bin/make -f CMakeFiles/micro_ros_msgs.dir/build.make CMakeFiles/micro_ros_msgs.dir/depend
make[2]: Entering directory '/home/ubuntu/ROS2/microros_ws/firmware/mcu_ws/build/micro_ros_msgs'
cd /home/ubuntu/ROS2/microros_ws/firmware/mcu_ws/build/micro_ros_msgs && /usr/bin/cmake -E cmake_depends "Unix Makefiles" /home/ubuntu/ROS2/microros_ws/firmware/mcu_ws/uros/micro_ros_msgs /home/ubuntu/ROS2/microros_ws/firmware/mcu_ws/uros/micro_ros_msgs /home/ubuntu/ROS2/microros_ws/firmware/mcu_ws/build/micro_ros_msgs /home/ubuntu/ROS2/microros_ws/firmware/mcu_ws/build/micro_ros_msgs /home/ubuntu/ROS2/microros_ws/firmware/mcu_ws/build/micro_ros_msgs/CMakeFiles/micro_ros_msgs.dir/DependInfo.cmake --color=
Dependee "/home/ubuntu/ROS2/microros_ws/firmware/mcu_ws/build/micro_ros_msgs/CMakeFiles/micro_ros_msgs.dir/DependInfo.cmake" is newer than depender "/home/ubuntu/ROS2/microros_ws/firmware/mcu_ws/build/micro_ros_msgs/CMakeFiles/micro_ros_msgs.dir/depend.internal".
Dependee "/home/ubuntu/ROS2/microros_ws/firmware/mcu_ws/build/micro_ros_msgs/CMakeFiles/CMakeDirectoryInformation.cmake" is newer than depender "/home/ubuntu/ROS2/microros_ws/firmware/mcu_ws/build/micro_ros_msgs/CMakeFiles/micro_ros_msgs.dir/depend.internal".
[35m[1mScanning dependencies of target micro_ros_msgs[0m
make[2]: Leaving directory '/home/ubuntu/ROS2/microros_ws/firmware/mcu_ws/build/micro_ros_msgs'
/usr/bin/make -f CMakeFiles/micro_ros_msgs.dir/build.make CMakeFiles/micro_ros_msgs.dir/build
make[2]: Entering directory '/home/ubuntu/ROS2/microros_ws/firmware/mcu_ws/build/micro_ros_msgs'
make[2]: Nothing to be done for 'CMakeFiles/micro_ros_msgs.dir/build'.
make[2]: Leaving directory '/home/ubuntu/ROS2/microros_ws/firmware/mcu_ws/build/micro_ros_msgs'
[100%] Built target micro_ros_msgs
make[1]: Leaving directory '/home/ubuntu/ROS2/microros_ws/firmware/mcu_ws/build/micro_ros_msgs'
/usr/bin/cmake -E cmake_progress_start /home/ubuntu/ROS2/microros_ws/firmware/mcu_ws/build/micro_ros_msgs/CMakeFiles 0
-- Install configuration: "Release"
-- Installing: /home/ubuntu/ROS2/microros_ws/firmware/mcu_ws/install/share/ament_index/resource_index/rosidl_interfaces/micro_ros_msgs
-- Installing: /home/ubuntu/ROS2/microros_ws/firmware/mcu_ws/install/include/micro_ros_msgs
-- Installing: /home/ubuntu/ROS2/microros_ws/firmware/mcu_ws/install/include/micro_ros_msgs/msg
-- Installing: /home/ubuntu/ROS2/microros_ws/firmware/mcu_ws/install/include/micro_ros_msgs/msg/graph.h
-- Installing: /home/ubuntu/ROS2/microros_ws/firmware/mcu_ws/install/include/micro_ros_msgs/msg/detail
-- Installing: /home/ubuntu/ROS2/microros_ws/firmware/mcu_ws/install/include/micro_ros_msgs/msg/detail/entity__struct.h
-- Installing: /home/ubuntu/ROS2/microros_ws/firmware/mcu_ws/install/include/micro_ros_msgs/msg/detail/entity__functions.c
-- Installing: /home/ubuntu/ROS2/microros_ws/firmware/mcu_ws/install/include/micro_ros_msgs/msg/detail/graph__type_support.h
-- Installing: /home/ubuntu/ROS2/microros_ws/firmware/mcu_ws/install/include/micro_ros_msgs/msg/detail/node__functions.h
-- Installing: /home/ubuntu/ROS2/microros_ws/firmware/mcu_ws/install/include/micro_ros_msgs/msg/detail/graph__functions.c
-- Installing: /home/ubuntu/ROS2/microros_ws/firmware/mcu_ws/install/include/micro_ros_msgs/msg/detail/entity__type_support.h
-- Installing: /home/ubuntu/ROS2/microros_ws/firmware/mcu_ws/install/include/micro_ros_msgs/msg/detail/node__struct.h
-- Installing: /home/ubuntu/ROS2/microros_ws/firmware/mcu_ws/install/include/micro_ros_msgs/msg/detail/graph__struct.h
-- Installing: /home/ubuntu/ROS2/microros_ws/firmware/mcu_ws/install/include/micro_ros_msgs/msg/detail/node__type_support.h
-- Installing: /home/ubuntu/ROS2/microros_ws/firmware/mcu_ws/install/include/micro_ros_msgs/msg/detail/entity__functions.h
-- Installing: /home/ubuntu/ROS2/microros_ws/firmware/mcu_ws/install/include/micro_ros_msgs/msg/detail/node__functions.c
-- Installing: /home/ubuntu/ROS2/microros_ws/firmware/mcu_ws/install/include/micro_ros_msgs/msg/detail/graph__functions.h
-- Installing: /home/ubuntu/ROS2/microros_ws/firmware/mcu_ws/install/include/micro_ros_msgs/msg/rosidl_generator_c__visibility_control.h
-- Installing: /home/ubuntu/ROS2/microros_ws/firmware/mcu_ws/install/include/micro_ros_msgs/msg/entity.h
-- Installing: /home/ubuntu/ROS2/microros_ws/firmware/mcu_ws/install/include/micro_ros_msgs/msg/node.h
-- Installing: /home/ubuntu/ROS2/microros_ws/firmware/mcu_ws/install/share/micro_ros_msgs/environment/library_path.sh
-- Installing: /home/ubuntu/ROS2/microros_ws/firmware/mcu_ws/install/share/micro_ros_msgs/environment/library_path.dsv
-- Installing: /home/ubuntu/ROS2/microros_ws/firmware/mcu_ws/install/lib/libmicro_ros_msgs__rosidl_generator_c.a
-- Up-to-date: /home/ubuntu/ROS2/microros_ws/firmware/mcu_ws/install/include/micro_ros_msgs
-- Up-to-date: /home/ubuntu/ROS2/microros_ws/firmware/mcu_ws/install/include/micro_ros_msgs/msg
-- Installing: /home/ubuntu/ROS2/microros_ws/firmware/mcu_ws/install/include/micro_ros_msgs/msg/rosidl_typesupport_microxrcedds_c__visibility_control.h
-- Up-to-date: /home/ubuntu/ROS2/microros_ws/firmware/mcu_ws/install/include/micro_ros_msgs/msg/detail
-- Installing: /home/ubuntu/ROS2/microros_ws/firmware/mcu_ws/install/include/micro_ros_msgs/msg/detail/entity__rosidl_typesupport_microxrcedds_c.h
-- Installing: /home/ubuntu/ROS2/microros_ws/firmware/mcu_ws/install/include/micro_ros_msgs/msg/detail/microxrcedds
-- Installing: /home/ubuntu/ROS2/microros_ws/firmware/mcu_ws/install/include/micro_ros_msgs/msg/detail/node__rosidl_typesupport_microxrcedds_c.h
-- Installing: /home/ubuntu/ROS2/microros_ws/firmware/mcu_ws/install/include/micro_ros_msgs/msg/detail/graph__rosidl_typesupport_microxrcedds_c.h
-- Installing: /home/ubuntu/ROS2/microros_ws/firmware/mcu_ws/install/lib/libmicro_ros_msgs__rosidl_typesupport_microxrcedds_c.a
-- Installing: /home/ubuntu/ROS2/microros_ws/firmware/mcu_ws/install/lib/libmicro_ros_msgs__rosidl_typesupport_c.a
-- Up-to-date: /home/ubuntu/ROS2/microros_ws/firmware/mcu_ws/install/lib/libmicro_ros_msgs__rosidl_typesupport_microxrcedds_c.a
-- Installing: /home/ubuntu/ROS2/microros_ws/firmware/mcu_ws/install/share/micro_ros_msgs/msg/Graph.idl
-- Installing: /home/ubuntu/ROS2/microros_ws/firmware/mcu_ws/install/share/micro_ros_msgs/msg/Node.idl
-- Installing: /home/ubuntu/ROS2/microros_ws/firmware/mcu_ws/install/share/micro_ros_msgs/msg/Entity.idl
-- Installing: /home/ubuntu/ROS2/microros_ws/firmware/mcu_ws/install/share/micro_ros_msgs/msg/Graph.msg
-- Installing: /home/ubuntu/ROS2/microros_ws/firmware/mcu_ws/install/share/micro_ros_msgs/msg/Node.msg
-- Installing: /home/ubuntu/ROS2/microros_ws/firmware/mcu_ws/install/share/micro_ros_msgs/msg/Entity.msg
-- Installing: /home/ubuntu/ROS2/microros_ws/firmware/mcu_ws/install/share/ament_index/resource_index/package_run_dependencies/micro_ros_msgs
-- Installing: /home/ubuntu/ROS2/microros_ws/firmware/mcu_ws/install/share/ament_index/resource_index/parent_prefix_path/micro_ros_msgs
-- Installing: /home/ubuntu/ROS2/microros_ws/firmware/mcu_ws/install/share/micro_ros_msgs/environment/ament_prefix_path.sh
-- Installing: /home/ubuntu/ROS2/microros_ws/firmware/mcu_ws/install/share/micro_ros_msgs/environment/ament_prefix_path.dsv
-- Installing: /home/ubuntu/ROS2/microros_ws/firmware/mcu_ws/install/share/micro_ros_msgs/environment/path.sh
-- Installing: /home/ubuntu/ROS2/microros_ws/firmware/mcu_ws/install/share/micro_ros_msgs/environment/path.dsv
-- Installing: /home/ubuntu/ROS2/microros_ws/firmware/mcu_ws/install/share/micro_ros_msgs/local_setup.bash
-- Installing: /home/ubuntu/ROS2/microros_ws/firmware/mcu_ws/install/share/micro_ros_msgs/local_setup.sh
-- Installing: /home/ubuntu/ROS2/microros_ws/firmware/mcu_ws/install/share/micro_ros_msgs/local_setup.zsh
-- Installing: /home/ubuntu/ROS2/microros_ws/firmware/mcu_ws/install/share/micro_ros_msgs/local_setup.dsv
-- Installing: /home/ubuntu/ROS2/microros_ws/firmware/mcu_ws/install/share/micro_ros_msgs/package.dsv
-- Installing: /home/ubuntu/ROS2/microros_ws/firmware/mcu_ws/install/share/ament_index/resource_index/packages/micro_ros_msgs
-- Installing: /home/ubuntu/ROS2/microros_ws/firmware/mcu_ws/install/share/micro_ros_msgs/cmake/micro_ros_msgs__rosidl_generator_cExport.cmake
-- Installing: /home/ubuntu/ROS2/microros_ws/firmware/mcu_ws/install/share/micro_ros_msgs/cmake/micro_ros_msgs__rosidl_generator_cExport-release.cmake
-- Installing: /home/ubuntu/ROS2/microros_ws/firmware/mcu_ws/install/share/micro_ros_msgs/cmake/micro_ros_msgs__rosidl_typesupport_cExport.cmake
-- Installing: /home/ubuntu/ROS2/microros_ws/firmware/mcu_ws/install/share/micro_ros_msgs/cmake/micro_ros_msgs__rosidl_typesupport_cExport-release.cmake
-- Installing: /home/ubuntu/ROS2/microros_ws/firmware/mcu_ws/install/share/micro_ros_msgs/cmake/rosidl_cmake-extras.cmake
-- Installing: /home/ubuntu/ROS2/microros_ws/firmware/mcu_ws/install/share/micro_ros_msgs/cmake/ament_cmake_export_dependencies-extras.cmake
-- Installing: /home/ubuntu/ROS2/microros_ws/firmware/mcu_ws/install/share/micro_ros_msgs/cmake/ament_cmake_export_libraries-extras.cmake
-- Installing: /home/ubuntu/ROS2/microros_ws/firmware/mcu_ws/install/share/micro_ros_msgs/cmake/ament_cmake_export_targets-extras.cmake
-- Installing: /home/ubuntu/ROS2/microros_ws/firmware/mcu_ws/install/share/micro_ros_msgs/cmake/ament_cmake_export_include_directories-extras.cmake
-- Installing: /home/ubuntu/ROS2/microros_ws/firmware/mcu_ws/install/share/micro_ros_msgs/cmake/rosidl_cmake_export_typesupport_libraries-extras.cmake
-- Installing: /home/ubuntu/ROS2/microros_ws/firmware/mcu_ws/install/share/micro_ros_msgs/cmake/micro_ros_msgsConfig.cmake
-- Installing: /home/ubuntu/ROS2/microros_ws/firmware/mcu_ws/install/share/micro_ros_msgs/cmake/micro_ros_msgsConfig-version.cmake
-- Installing: /home/ubuntu/ROS2/microros_ws/firmware/mcu_ws/install/share/micro_ros_msgs/package.xml
