[9.913s] Invoking command in '/home/ubuntu/ROS2/microros_ws/firmware/mcu_ws/uros/tracetools/tracetools_read': PYTHONPATH=/home/ubuntu/ROS2/microros_ws/firmware/mcu_ws/build/tracetools_read/prefix_override:/usr/lib/python3/dist-packages/colcon_core/task/python/colcon_distutils_commands:/home/ubuntu/ROS2/microros_ws/firmware/mcu_ws/install/lib/python3.8/site-packages:${PYTHONPATH} /usr/bin/python3 -W ignore:setup.py install is deprecated setup.py egg_info --egg-base ../../../build/tracetools_read build --build-base /home/ubuntu/ROS2/microros_ws/firmware/mcu_ws/build/tracetools_read/build install --record /home/ubuntu/ROS2/microros_ws/firmware/mcu_ws/build/tracetools_read/install.log --install-scripts $base/lib/tracetools_read --single-version-externally-managed install_data
[13.477s] running egg_info
[13.509s] creating ../../../build/tracetools_read/tracetools_read.egg-info
[13.510s] writing ../../../build/tracetools_read/tracetools_read.egg-info/PKG-INFO
[13.511s] writing dependency_links to ../../../build/tracetools_read/tracetools_read.egg-info/dependency_links.txt
[13.520s] writing requirements to ../../../build/tracetools_read/tracetools_read.egg-info/requires.txt
[13.520s] writing top-level names to ../../../build/tracetools_read/tracetools_read.egg-info/top_level.txt
[13.589s] writing manifest file '../../../build/tracetools_read/tracetools_read.egg-info/SOURCES.txt'
[14.180s] reading manifest file '../../../build/tracetools_read/tracetools_read.egg-info/SOURCES.txt'
[14.190s] writing manifest file '../../../build/tracetools_read/tracetools_read.egg-info/SOURCES.txt'
[14.191s] running build
[14.192s] running build_py
[14.193s] creating /home/ubuntu/ROS2/microros_ws/firmware/mcu_ws/build/tracetools_read/build
[14.194s] creating /home/ubuntu/ROS2/microros_ws/firmware/mcu_ws/build/tracetools_read/build/lib
[14.195s] creating /home/ubuntu/ROS2/microros_ws/firmware/mcu_ws/build/tracetools_read/build/lib/tracetools_read
[14.195s] copying tracetools_read/trace.py -> /home/ubuntu/ROS2/microros_ws/firmware/mcu_ws/build/tracetools_read/build/lib/tracetools_read
[14.197s] copying tracetools_read/__init__.py -> /home/ubuntu/ROS2/microros_ws/firmware/mcu_ws/build/tracetools_read/build/lib/tracetools_read
[14.199s] running install
[14.205s] running install_lib
[14.220s] creating /home/ubuntu/ROS2/microros_ws/firmware/mcu_ws/install/lib/python3.8/site-packages/tracetools_read
[14.233s] copying /home/ubuntu/ROS2/microros_ws/firmware/mcu_ws/build/tracetools_read/build/lib/tracetools_read/trace.py -> /home/ubuntu/ROS2/microros_ws/firmware/mcu_ws/install/lib/python3.8/site-packages/tracetools_read
[14.234s] copying /home/ubuntu/ROS2/microros_ws/firmware/mcu_ws/build/tracetools_read/build/lib/tracetools_read/__init__.py -> /home/ubuntu/ROS2/microros_ws/firmware/mcu_ws/install/lib/python3.8/site-packages/tracetools_read
[14.242s] byte-compiling /home/ubuntu/ROS2/microros_ws/firmware/mcu_ws/install/lib/python3.8/site-packages/tracetools_read/trace.py to trace.cpython-38.pyc
[14.258s] byte-compiling /home/ubuntu/ROS2/microros_ws/firmware/mcu_ws/install/lib/python3.8/site-packages/tracetools_read/__init__.py to __init__.cpython-38.pyc
[14.260s] running install_data
[14.260s] copying package.xml -> /home/ubuntu/ROS2/microros_ws/firmware/mcu_ws/install/share/tracetools_read
[14.274s] copying resource/tracetools_read -> /home/ubuntu/ROS2/microros_ws/firmware/mcu_ws/install/share/ament_index/resource_index/packages
[14.275s] running install_egg_info
[14.290s] Copying ../../../build/tracetools_read/tracetools_read.egg-info to /home/ubuntu/ROS2/microros_ws/firmware/mcu_ws/install/lib/python3.8/site-packages/tracetools_read-1.0.2-py3.8.egg-info
[14.296s] running install_scripts
[14.522s] writing list of installed files to '/home/ubuntu/ROS2/microros_ws/firmware/mcu_ws/build/tracetools_read/install.log'
[15.079s] Invoked command in '/home/ubuntu/ROS2/microros_ws/firmware/mcu_ws/uros/tracetools/tracetools_read' returned '0': PYTHONPATH=/home/ubuntu/ROS2/microros_ws/firmware/mcu_ws/build/tracetools_read/prefix_override:/usr/lib/python3/dist-packages/colcon_core/task/python/colcon_distutils_commands:/home/ubuntu/ROS2/microros_ws/firmware/mcu_ws/install/lib/python3.8/site-packages:${PYTHONPATH} /usr/bin/python3 -W ignore:setup.py install is deprecated setup.py egg_info --egg-base ../../../build/tracetools_read build --build-base /home/ubuntu/ROS2/microros_ws/firmware/mcu_ws/build/tracetools_read/build install --record /home/ubuntu/ROS2/microros_ws/firmware/mcu_ws/build/tracetools_read/install.log --install-scripts $base/lib/tracetools_read --single-version-externally-managed install_data
